Epoch    5/50, time: 38.89 s, training_loss: 0.714
Epoch   16/50, time: 39.70 s, training_loss: 0.500
Epoch    5/50, time: 13.54 s, val_loss: 0.716
Epoch   16/50, time: 13.70 s, val_loss: 0.489
Epoch    1/50, time: 37.69 s, training_loss: 0.837
Epoch    1/50, time: 15.31 s, val_loss: 0.792
Epoch    6/50, time: 40.80 s, training_loss: 0.700
Epoch   17/50, time: 41.91 s, training_loss: 0.468
Epoch    6/50, time: 11.84 s, val_loss: 0.782
Epoch   27/50, time: 122.89 s, training_loss: 0.325
Epoch   17/50, time: 13.97 s, val_loss: 0.449
Epoch    7/50, time: 34.48 s, training_loss: 0.676
Epoch   27/50, time: 33.86 s, val_loss: 0.353
Epoch   18/50, time: 36.12 s, training_loss: 0.455
Training Metrics:
Accuracy: 0.8960
Precision: 0.1474
Recall: 0.8985
F1 Score: 0.2532
IoU: 0.1450
Dice Coefficient: 0.2532
Validation Metrics:
Accuracy: 0.8997
Precision: 0.1480
Recall: 0.9020
F1 Score: 0.2543
IoU: 0.1457
Dice Coefficient: 0.2543
Epoch    7/50, time: 13.76 s, val_loss: 0.707
Epoch   18/50, time: 12.90 s, val_loss: 0.469
Epoch    8/50, time: 35.54 s, training_loss: 0.651
Epoch    2/50, time: 38.60 s, training_loss: 0.757
Epoch   19/50, time: 37.65 s, training_loss: 0.432
Epoch    8/50, time: 12.42 s, val_loss: 0.626
Epoch    2/50, time: 12.98 s, val_loss: 0.750
Epoch   19/50, time: 12.91 s, val_loss: 0.420
Epoch    9/50, time: 37.30 s, training_loss: 0.625
Epoch    3/50, time: 37.44 s, training_loss: 0.735
Epoch   20/50, time: 38.82 s, training_loss: 0.416
Epoch    9/50, time: 12.26 s, val_loss: 0.606
Epoch    3/50, time: 12.20 s, val_loss: 0.733
Epoch   28/50, time: 112.96 s, training_loss: 0.305
Epoch   20/50, time: 13.23 s, val_loss: 0.411
Epoch   10/50, time: 38.49 s, training_loss: 0.600
Epoch    4/50, time: 35.95 s, training_loss: 0.721
Epoch   28/50, time: 34.77 s, val_loss: 0.335
Epoch   21/50, time: 34.93 s, training_loss: 0.400
Epoch   10/50, time: 12.25 s, val_loss: 0.598
Epoch    4/50, time: 13.07 s, val_loss: 0.711
Epoch   21/50, time: 13.03 s, val_loss: 0.373
Epoch   11/50, time: 38.89 s, training_loss: 0.584
Epoch    5/50, time: 41.26 s, training_loss: 0.713
Epoch   11/50, time: 12.64 s, val_loss: 0.577
Epoch    5/50, time: 13.19 s, val_loss: 0.723
Training Metrics:
Accuracy: 0.9836
Precision: 0.5651
Recall: 0.7147
F1 Score: 0.6312
IoU: 0.4611
Dice Coefficient: 0.6312
Validation Metrics:
Accuracy: 0.9842
Precision: 0.5660
Recall: 0.7136
F1 Score: 0.6313
IoU: 0.4612
Dice Coefficient: 0.6313
Epoch    6/50, time: 38.59 s, training_loss: 0.710
Epoch   29/50, time: 115.38 s, training_loss: 0.312
Epoch    6/50, time: 13.05 s, val_loss: 0.704
Epoch   22/50, time: 34.86 s, training_loss: 0.375
Training Metrics:
Accuracy: 0.9713
Precision: 0.3459
Recall: 0.5164
F1 Score: 0.4143
IoU: 0.2613
Dice Coefficient: 0.4143
Validation Metrics:
Accuracy: 0.9727
Precision: 0.3546
Recall: 0.5369
F1 Score: 0.4271
IoU: 0.2715
Dice Coefficient: 0.4271
Epoch   22/50, time: 13.15 s, val_loss: 0.365
Epoch   29/50, time: 35.32 s, val_loss: 0.343
Epoch    7/50, time: 36.24 s, training_loss: 0.689
Epoch   12/50, time: 35.84 s, training_loss: 0.567
Epoch    7/50, time: 13.17 s, val_loss: 0.667
Epoch   23/50, time: 35.40 s, training_loss: 0.368
Epoch   12/50, time: 12.96 s, val_loss: 0.534
Epoch   23/50, time: 12.32 s, val_loss: 0.366
Epoch    8/50, time: 37.49 s, training_loss: 0.662
Epoch   13/50, time: 36.38 s, training_loss: 0.536
Epoch    8/50, time: 13.32 s, val_loss: 0.716
Epoch   24/50, time: 39.36 s, training_loss: 0.362
Epoch   13/50, time: 12.33 s, val_loss: 0.503
Epoch   24/50, time: 12.38 s, val_loss: 0.326
Epoch    9/50, time: 38.17 s, training_loss: 0.635
Epoch   14/50, time: 35.60 s, training_loss: 0.510
Epoch   30/50, time: 110.26 s, training_loss: 0.301
Epoch    9/50, time: 11.57 s, val_loss: 0.644
Epoch   14/50, time: 11.53 s, val_loss: 0.528
Epoch   25/50, time: 37.69 s, training_loss: 0.348
Epoch   25/50, time: 12.72 s, val_loss: 0.339
Epoch   30/50, time: 35.54 s, val_loss: 0.330
Epoch   10/50, time: 37.77 s, training_loss: 0.615
Epoch   15/50, time: 36.05 s, training_loss: 0.500
Epoch   10/50, time: 12.37 s, val_loss: 0.605
Epoch   15/50, time: 12.83 s, val_loss: 0.471
Epoch   26/50, time: 35.08 s, training_loss: 0.340
Epoch   26/50, time: 13.54 s, val_loss: 0.358
Epoch   11/50, time: 37.38 s, training_loss: 0.595
Epoch   16/50, time: 36.38 s, training_loss: 0.466
Epoch   11/50, time: 12.66 s, val_loss: 0.593
Epoch   16/50, time: 12.99 s, val_loss: 0.444
Epoch   27/50, time: 35.76 s, training_loss: 0.331
Epoch   27/50, time: 12.74 s, val_loss: 0.320
Epoch   17/50, time: 36.11 s, training_loss: 0.442
Epoch   31/50, time: 115.80 s, training_loss: 0.299
Epoch   17/50, time: 12.74 s, val_loss: 0.424
Epoch   28/50, time: 36.16 s, training_loss: 0.324
Epoch   28/50, time: 13.06 s, val_loss: 0.329
Training Metrics:
Accuracy: 0.9716
Precision: 0.3521
Recall: 0.5290
F1 Score: 0.4228
IoU: 0.2680
Dice Coefficient: 0.4228
Validation Metrics:
Accuracy: 0.9724
Precision: 0.3551
Recall: 0.5555
F1 Score: 0.4332
IoU: 0.2765
Dice Coefficient: 0.4332
Epoch   31/50, time: 33.58 s, val_loss: 0.310
Epoch   18/50, time: 36.27 s, training_loss: 0.431
Epoch   18/50, time: 13.53 s, val_loss: 0.414
Epoch   29/50, time: 38.21 s, training_loss: 0.320
Epoch   12/50, time: 38.06 s, training_loss: 0.568
Epoch   29/50, time: 13.31 s, val_loss: 0.321
Epoch   12/50, time: 13.30 s, val_loss: 0.583
Epoch   19/50, time: 35.76 s, training_loss: 0.403
Epoch   19/50, time: 13.34 s, val_loss: 0.415
Epoch   30/50, time: 36.65 s, training_loss: 0.308
Epoch   13/50, time: 37.02 s, training_loss: 0.547
Epoch   30/50, time: 12.30 s, val_loss: 0.309
Epoch   13/50, time: 14.01 s, val_loss: 0.576
Epoch   20/50, time: 34.95 s, training_loss: 0.387
Epoch   20/50, time: 12.23 s, val_loss: 0.396
Epoch   31/50, time: 38.00 s, training_loss: 0.295
Epoch   14/50, time: 38.55 s, training_loss: 0.518
Epoch   31/50, time: 12.05 s, val_loss: 0.304
Epoch   14/50, time: 13.99 s, val_loss: 0.484
Epoch   21/50, time: 37.15 s, training_loss: 0.384
Epoch   21/50, time: 13.37 s, val_loss: 0.385
Training Metrics:
Accuracy: 0.9892
Precision: 0.7175
Recall: 0.7413
F1 Score: 0.7292
IoU: 0.5738
Dice Coefficient: 0.7292
Validation Metrics:
Accuracy: 0.9884
Precision: 0.6918
Recall: 0.6993
F1 Score: 0.6955
IoU: 0.5332
Dice Coefficient: 0.6955
Epoch   15/50, time: 39.30 s, training_loss: 0.499
Epoch   15/50, time: 12.08 s, val_loss: 0.517
Training Metrics:
Accuracy: 0.9878
Precision: 0.6697
Recall: 0.7510
F1 Score: 0.7080
IoU: 0.5480
Dice Coefficient: 0.7080
Validation Metrics:
Accuracy: 0.9878
Precision: 0.6618
Recall: 0.7332
F1 Score: 0.6957
IoU: 0.5334
Dice Coefficient: 0.6957
Epoch   16/50, time: 38.86 s, training_loss: 0.474
Epoch   32/50, time: 35.66 s, training_loss: 0.311
Training Metrics:
Accuracy: 0.9836
Precision: 0.5676
Recall: 0.6958
F1 Score: 0.6252
IoU: 0.4547
Dice Coefficient: 0.6252
Validation Metrics:
Accuracy: 0.9839
Precision: 0.5635
Recall: 0.6801
F1 Score: 0.6163
IoU: 0.4454
Dice Coefficient: 0.6163
Epoch   16/50, time: 13.14 s, val_loss: 0.462
Epoch   32/50, time: 12.66 s, val_loss: 0.315
Epoch   22/50, time: 35.35 s, training_loss: 0.378
Epoch   17/50, time: 40.24 s, training_loss: 0.448
Epoch   22/50, time: 12.66 s, val_loss: 0.353
Epoch   32/50, time: 115.63 s, training_loss: 0.281
Epoch   33/50, time: 38.16 s, training_loss: 0.294
Epoch   17/50, time: 11.82 s, val_loss: 0.425
Epoch   33/50, time: 19.09 s, val_loss: 0.283
Epoch   32/50, time: 37.21 s, val_loss: 0.313
Epoch   23/50, time: 42.31 s, training_loss: 0.378
Epoch   18/50, time: 34.94 s, training_loss: 0.431
Epoch   23/50, time: 14.15 s, val_loss: 0.432
Epoch   34/50, time: 39.07 s, training_loss: 0.297
Epoch   18/50, time: 13.73 s, val_loss: 0.390
Epoch   34/50, time: 12.63 s, val_loss: 0.312
Epoch   24/50, time: 36.66 s, training_loss: 0.352
Epoch   19/50, time: 36.63 s, training_loss: 0.413
Epoch   24/50, time: 13.33 s, val_loss: 0.354
Epoch   19/50, time: 12.45 s, val_loss: 0.466
Epoch   35/50, time: 38.71 s, training_loss: 0.292
Epoch   35/50, time: 13.45 s, val_loss: 0.282
Epoch   20/50, time: 36.14 s, training_loss: 0.393
Epoch   25/50, time: 39.32 s, training_loss: 0.340
Epoch   33/50, time: 114.62 s, training_loss: 0.284
Epoch   20/50, time: 12.12 s, val_loss: 0.428
Epoch   25/50, time: 13.08 s, val_loss: 0.336
Epoch   36/50, time: 37.02 s, training_loss: 0.286
Epoch   36/50, time: 12.60 s, val_loss: 0.296
Epoch   33/50, time: 35.20 s, val_loss: 0.293
Epoch   21/50, time: 35.43 s, training_loss: 0.381
Epoch   26/50, time: 36.78 s, training_loss: 0.332
Epoch   21/50, time: 13.21 s, val_loss: 0.397
Epoch   26/50, time: 13.37 s, val_loss: 0.357
Epoch   37/50, time: 37.73 s, training_loss: 0.273
Epoch   37/50, time: 12.97 s, val_loss: 0.310
Epoch   27/50, time: 38.64 s, training_loss: 0.332
Epoch   38/50, time: 36.15 s, training_loss: 0.281
Epoch   27/50, time: 14.33 s, val_loss: 0.320
Epoch   38/50, time: 13.00 s, val_loss: 0.283
Training Metrics:
Accuracy: 0.9820
Precision: 0.5323
Recall: 0.7019
F1 Score: 0.6055
IoU: 0.4342
Dice Coefficient: 0.6055
Validation Metrics:
Accuracy: 0.9831
Precision: 0.5424
Recall: 0.6853
F1 Score: 0.6055
IoU: 0.4342
Dice Coefficient: 0.6055
Epoch   34/50, time: 111.05 s, training_loss: 0.285
Epoch   28/50, time: 39.49 s, training_loss: 0.319
Epoch   39/50, time: 38.73 s, training_loss: 0.274
Epoch   22/50, time: 35.74 s, training_loss: 0.380
Epoch   28/50, time: 13.18 s, val_loss: 0.312
Epoch   39/50, time: 13.11 s, val_loss: 0.275
Epoch   22/50, time: 13.02 s, val_loss: 0.374
Epoch   34/50, time: 33.44 s, val_loss: 0.321
Epoch   29/50, time: 36.18 s, training_loss: 0.311
Epoch   40/50, time: 37.08 s, training_loss: 0.266
Epoch   29/50, time: 13.53 s, val_loss: 0.304
Epoch   23/50, time: 39.73 s, training_loss: 0.358
Epoch   40/50, time: 13.61 s, val_loss: 0.280
Epoch   23/50, time: 12.89 s, val_loss: 0.350
Epoch   30/50, time: 36.95 s, training_loss: 0.307
Epoch   41/50, time: 35.96 s, training_loss: 0.274
Epoch   30/50, time: 13.30 s, val_loss: 0.294
Epoch   24/50, time: 38.60 s, training_loss: 0.345
Epoch   41/50, time: 13.39 s, val_loss: 0.311
Epoch   24/50, time: 13.22 s, val_loss: 0.324
Epoch   35/50, time: 113.82 s, training_loss: 0.279
Epoch   31/50, time: 37.59 s, training_loss: 0.299
Epoch   31/50, time: 13.20 s, val_loss: 0.312
Epoch   25/50, time: 37.87 s, training_loss: 0.341
Epoch   35/50, time: 33.51 s, val_loss: 0.295
Epoch   25/50, time: 12.87 s, val_loss: 0.347
Training Metrics:
Accuracy: 0.9877
Precision: 0.6743
Recall: 0.7232
F1 Score: 0.6979
IoU: 0.5360
Dice Coefficient: 0.6979
Validation Metrics:
Accuracy: 0.9879
Precision: 0.6706
Recall: 0.7136
F1 Score: 0.6914
IoU: 0.5284
Dice Coefficient: 0.6914
Epoch   26/50, time: 37.90 s, training_loss: 0.332
Epoch   42/50, time: 37.55 s, training_loss: 0.275
Training Metrics:
Accuracy: 0.9875
Precision: 0.6562
Recall: 0.7615
F1 Score: 0.7050
IoU: 0.5444
Dice Coefficient: 0.7050
Validation Metrics:
Accuracy: 0.9875
Precision: 0.6500
Recall: 0.7420
F1 Score: 0.6930
IoU: 0.5302
Dice Coefficient: 0.6930
Epoch   26/50, time: 13.79 s, val_loss: 0.315
Epoch   42/50, time: 14.05 s, val_loss: 0.275
Epoch   32/50, time: 36.71 s, training_loss: 0.293
Epoch   27/50, time: 38.67 s, training_loss: 0.327
Epoch   32/50, time: 13.35 s, val_loss: 0.322
Epoch   43/50, time: 39.24 s, training_loss: 0.272
Epoch   27/50, time: 13.59 s, val_loss: 0.323
Epoch   36/50, time: 114.59 s, training_loss: 0.267
Epoch   43/50, time: 12.12 s, val_loss: 0.286
Epoch   33/50, time: 35.47 s, training_loss: 0.291
Epoch   28/50, time: 36.68 s, training_loss: 0.318
Epoch   36/50, time: 35.48 s, val_loss: 0.296
Epoch   33/50, time: 12.74 s, val_loss: 0.328
Epoch   44/50, time: 40.42 s, training_loss: 0.258
Epoch   28/50, time: 14.08 s, val_loss: 0.334
Epoch   44/50, time: 14.74 s, val_loss: 0.276
Epoch   34/50, time: 39.92 s, training_loss: 0.285
Epoch   29/50, time: 37.91 s, training_loss: 0.309
Epoch   34/50, time: 13.64 s, val_loss: 0.293
Epoch   29/50, time: 13.30 s, val_loss: 0.308
Epoch   45/50, time: 39.76 s, training_loss: 0.252
Epoch   45/50, time: 13.39 s, val_loss: 0.254
Epoch   35/50, time: 41.54 s, training_loss: 0.279
Epoch   30/50, time: 42.85 s, training_loss: 0.303
Epoch   35/50, time: 13.88 s, val_loss: 0.286
Epoch   46/50, time: 39.20 s, training_loss: 0.261
Epoch   37/50, time: 115.25 s, training_loss: 0.268
Epoch   30/50, time: 14.28 s, val_loss: 0.300
Epoch   46/50, time: 18.67 s, val_loss: 0.262
Epoch   36/50, time: 41.00 s, training_loss: 0.282
Epoch   37/50, time: 39.24 s, val_loss: 0.309
Epoch   31/50, time: 43.97 s, training_loss: 0.295
Epoch   36/50, time: 13.85 s, val_loss: 0.298
Epoch   31/50, time: 12.92 s, val_loss: 0.322
Epoch   47/50, time: 40.47 s, training_loss: 0.252
Epoch   47/50, time: 13.26 s, val_loss: 0.273
Epoch   37/50, time: 41.83 s, training_loss: 0.273
Epoch   37/50, time: 13.72 s, val_loss: 0.279
Epoch   48/50, time: 36.61 s, training_loss: 0.247
Epoch   48/50, time: 13.67 s, val_loss: 0.258
Training Metrics:
Accuracy: 0.9869
Precision: 0.6406
Recall: 0.7593
F1 Score: 0.6949
IoU: 0.5325
Dice Coefficient: 0.6949
Validation Metrics:
Accuracy: 0.9870
Precision: 0.6339
Recall: 0.7460
F1 Score: 0.6854
IoU: 0.5214
Dice Coefficient: 0.6854
Epoch   38/50, time: 38.62 s, training_loss: 0.273
Epoch   38/50, time: 115.70 s, training_loss: 0.271
Epoch   38/50, time: 13.34 s, val_loss: 0.273
Epoch   49/50, time: 37.74 s, training_loss: 0.244
Epoch   32/50, time: 36.60 s, training_loss: 0.301
Epoch   49/50, time: 12.61 s, val_loss: 0.263
Epoch   32/50, time: 13.36 s, val_loss: 0.284
Epoch   38/50, time: 35.21 s, val_loss: 0.346
Epoch   39/50, time: 36.62 s, training_loss: 0.270
Epoch   39/50, time: 13.63 s, val_loss: 0.285
Epoch   50/50, time: 40.37 s, training_loss: 0.247
Epoch   33/50, time: 38.03 s, training_loss: 0.292
Epoch   50/50, time: 13.63 s, val_loss: 0.268
Epoch   33/50, time: 13.11 s, val_loss: 0.317
Epoch   40/50, time: 37.39 s, training_loss: 0.263
Epoch   40/50, time: 12.55 s, val_loss: 0.282
Epoch   34/50, time: 40.62 s, training_loss: 0.283
Epoch   34/50, time: 12.93 s, val_loss: 0.328
Epoch   41/50, time: 37.55 s, training_loss: 0.256
Training Metrics:
Accuracy: 0.9902
Precision: 0.7387
Recall: 0.7760
F1 Score: 0.7569
IoU: 0.6089
Dice Coefficient: 0.7569
Validation Metrics:
Accuracy: 0.9898
Precision: 0.7223
Recall: 0.7533
F1 Score: 0.7375
IoU: 0.5842
Dice Coefficient: 0.7375
Epoch   41/50, time: 12.63 s, val_loss: 0.313
Epoch   39/50, time: 122.47 s, training_loss: 0.268
Test Metrics:
Accuracy: 0.9898
Precision: 0.7223
Recall: 0.7533
F1 Score: 0.7375
IoU: 0.5842
Dice Coefficient: 0.7375
[I 2025-08-26 02:05:07,948] Trial 22 finished with value: 0.7375032983092359 and parameters: {'batch_size': 16, 'lr': 0.0009801445967694104, 'loss_fn': 'dice_loss', 'augmentation': True, 'filters_idx': 2, 'in_channels': 100, 'att_channels': 16}. Best is trial 21 with value: 0.7466479746875098.
wandb: Finishing previous runs because reinit is set to True.
