Epoch   21/50, time: 15.72 s, val_loss: 0.372
Epoch    8/50, time: 40.74 s, val_loss: 0.681
Epoch    1/50, time: 48.42 s, training_loss: 0.847
Epoch    1/50, time: 17.41 s, val_loss: 0.818
Training Metrics:
Accuracy: 0.9840
Precision: 0.5692
Recall: 0.7555
F1 Score: 0.6492
IoU: 0.4806
Dice Coefficient: 0.6492
Validation Metrics:
Accuracy: 0.9844
Precision: 0.5700
Recall: 0.7258
F1 Score: 0.6385
IoU: 0.4690
Dice Coefficient: 0.6385
Epoch   22/50, time: 41.89 s, training_loss: 0.332
Training Metrics:
Accuracy: 0.9095
Precision: 0.1591
Recall: 0.8422
F1 Score: 0.2676
IoU: 0.1545
Dice Coefficient: 0.2676
Validation Metrics:
Accuracy: 0.9132
Precision: 0.1602
Recall: 0.8430
F1 Score: 0.2693
IoU: 0.1556
Dice Coefficient: 0.2693
Epoch   22/50, time: 14.30 s, val_loss: 0.328
Epoch    9/50, time: 129.69 s, training_loss: 0.682
Training Metrics:
Accuracy: 0.8245
Precision: 0.0768
Recall: 0.7202
F1 Score: 0.1387
IoU: 0.0745
Dice Coefficient: 0.1387
Validation Metrics:
Accuracy: 0.9685
Precision: 0.3352
Recall: 0.6730
F1 Score: 0.4475
IoU: 0.2882
Dice Coefficient: 0.4475
Epoch    2/50, time: 42.82 s, training_loss: 0.796
Epoch   23/50, time: 41.96 s, training_loss: 0.321
Epoch    9/50, time: 39.67 s, val_loss: 0.659
Epoch    2/50, time: 14.00 s, val_loss: 0.789
Epoch   23/50, time: 16.16 s, val_loss: 0.334
Epoch    3/50, time: 52.72 s, training_loss: 0.776
Epoch   24/50, time: 51.72 s, training_loss: 0.322
Epoch    3/50, time: 16.24 s, val_loss: 0.761
Epoch   24/50, time: 17.38 s, val_loss: 0.334
Epoch    4/50, time: 49.47 s, training_loss: 0.758
Epoch   12/50, time: 136.28 s, training_loss: 0.648
Epoch   25/50, time: 49.18 s, training_loss: 0.316
Epoch    4/50, time: 15.22 s, val_loss: 0.742
Epoch   10/50, time: 141.46 s, training_loss: 0.658
Epoch   25/50, time: 14.01 s, val_loss: 0.330
Epoch   12/50, time: 37.28 s, val_loss: 0.571
Epoch    5/50, time: 42.16 s, training_loss: 0.740
Epoch   10/50, time: 38.74 s, val_loss: 0.670
Epoch   26/50, time: 45.24 s, training_loss: 0.298
Epoch    5/50, time: 16.33 s, val_loss: 0.729
Epoch   26/50, time: 17.49 s, val_loss: 0.298
Epoch    6/50, time: 52.59 s, training_loss: 0.724
Epoch   27/50, time: 52.22 s, training_loss: 0.292
Epoch    6/50, time: 17.20 s, val_loss: 0.695
Epoch   27/50, time: 17.30 s, val_loss: 0.324
Epoch   13/50, time: 142.84 s, training_loss: 0.624
Epoch    7/50, time: 48.47 s, training_loss: 0.700
Epoch   11/50, time: 136.70 s, training_loss: 0.633
Epoch   28/50, time: 47.22 s, training_loss: 0.285
Epoch    7/50, time: 14.14 s, val_loss: 0.680
Epoch   28/50, time: 13.97 s, val_loss: 0.319
Epoch   13/50, time: 36.44 s, val_loss: 0.571
Epoch   11/50, time: 37.15 s, val_loss: 0.633
Epoch    8/50, time: 45.15 s, training_loss: 0.677
Epoch   29/50, time: 48.19 s, training_loss: 0.281
Epoch    8/50, time: 18.04 s, val_loss: 0.635
Epoch   29/50, time: 17.41 s, val_loss: 0.312
Epoch    9/50, time: 50.83 s, training_loss: 0.654
Epoch   30/50, time: 50.66 s, training_loss: 0.275
Epoch    9/50, time: 17.99 s, val_loss: 0.620
Epoch   30/50, time: 17.00 s, val_loss: 0.316
Epoch   14/50, time: 143.34 s, training_loss: 0.599
Epoch   10/50, time: 44.43 s, training_loss: 0.622
Epoch   31/50, time: 41.76 s, training_loss: 0.270
Epoch   10/50, time: 13.63 s, val_loss: 0.627
Epoch   14/50, time: 37.55 s, val_loss: 0.532
Epoch   31/50, time: 15.20 s, val_loss: 0.282
Epoch   11/50, time: 42.90 s, training_loss: 0.593
Training Metrics:
Accuracy: 0.9518
Precision: 0.2645
Recall: 0.8171
F1 Score: 0.3996
IoU: 0.2497
Dice Coefficient: 0.3996
Validation Metrics:
Accuracy: 0.9525
Precision: 0.2613
Recall: 0.8223
F1 Score: 0.3966
IoU: 0.2474
Dice Coefficient: 0.3966
Epoch   11/50, time: 17.16 s, val_loss: 0.587
Training Metrics:
Accuracy: 0.9897
Precision: 0.7062
Recall: 0.8104
F1 Score: 0.7547
IoU: 0.6060
Dice Coefficient: 0.7547
Validation Metrics:
Accuracy: 0.9889
Precision: 0.6844
Recall: 0.7652
F1 Score: 0.7225
IoU: 0.5656
Dice Coefficient: 0.7225
Epoch   15/50, time: 128.23 s, training_loss: 0.570
Epoch   32/50, time: 45.31 s, training_loss: 0.264
Training Metrics:
Accuracy: 0.9608
Precision: 0.3019
Recall: 0.7605
F1 Score: 0.4322
IoU: 0.2757
Dice Coefficient: 0.4322
Validation Metrics:
Accuracy: 0.9642
Precision: 0.3128
Recall: 0.7399
F1 Score: 0.4397
IoU: 0.2818
Dice Coefficient: 0.4397
Epoch   32/50, time: 15.47 s, val_loss: 0.280
Epoch   15/50, time: 38.29 s, val_loss: 0.498
Epoch   12/50, time: 130.74 s, training_loss: 0.601
Epoch   12/50, time: 45.46 s, training_loss: 0.564
Epoch   33/50, time: 45.36 s, training_loss: 0.262
Epoch   12/50, time: 15.52 s, val_loss: 0.560
Epoch   12/50, time: 39.56 s, val_loss: 0.588
Epoch   33/50, time: 15.24 s, val_loss: 0.275
Epoch   13/50, time: 51.27 s, training_loss: 0.538
Epoch   34/50, time: 50.44 s, training_loss: 0.259
Epoch   13/50, time: 18.30 s, val_loss: 0.505
Epoch   34/50, time: 17.42 s, val_loss: 0.270
Epoch   16/50, time: 140.35 s, training_loss: 0.556
Epoch   14/50, time: 48.16 s, training_loss: 0.507
Epoch   35/50, time: 48.20 s, training_loss: 0.263
Epoch   14/50, time: 15.28 s, val_loss: 0.485
Epoch   13/50, time: 131.92 s, training_loss: 0.567
Epoch   16/50, time: 39.11 s, val_loss: 0.626
Epoch   35/50, time: 13.75 s, val_loss: 0.280
Epoch   15/50, time: 45.99 s, training_loss: 0.488
Epoch   13/50, time: 41.99 s, val_loss: 0.550
Epoch   36/50, time: 46.03 s, training_loss: 0.243
Epoch   15/50, time: 16.42 s, val_loss: 0.521
Epoch   36/50, time: 16.14 s, val_loss: 0.262
Epoch   16/50, time: 52.69 s, training_loss: 0.460
Epoch   37/50, time: 51.43 s, training_loss: 0.239
Epoch   16/50, time: 16.10 s, val_loss: 0.450
Epoch   37/50, time: 15.04 s, val_loss: 0.271
Epoch   17/50, time: 133.22 s, training_loss: 0.538
Epoch   17/50, time: 47.07 s, training_loss: 0.435
Epoch   17/50, time: 40.49 s, val_loss: 0.510
Epoch   38/50, time: 46.68 s, training_loss: 0.242
Epoch   14/50, time: 138.93 s, training_loss: 0.543
Epoch   17/50, time: 13.80 s, val_loss: 0.473
Epoch   38/50, time: 14.22 s, val_loss: 0.266
Epoch   14/50, time: 41.75 s, val_loss: 0.567
Epoch   18/50, time: 48.17 s, training_loss: 0.407
Epoch   39/50, time: 48.73 s, training_loss: 0.243
Epoch   18/50, time: 15.84 s, val_loss: 0.374
Epoch   39/50, time: 15.73 s, val_loss: 0.272
Epoch   19/50, time: 52.27 s, training_loss: 0.391
Epoch   40/50, time: 50.74 s, training_loss: 0.240
Epoch   18/50, time: 136.78 s, training_loss: 0.504
Epoch   19/50, time: 14.58 s, val_loss: 0.382
Epoch   40/50, time: 14.19 s, val_loss: 0.264
Epoch   18/50, time: 41.07 s, val_loss: 0.490
Epoch   15/50, time: 133.02 s, training_loss: 0.519
Epoch   20/50, time: 45.63 s, training_loss: 0.372
Epoch   41/50, time: 46.20 s, training_loss: 0.231
Epoch   20/50, time: 14.80 s, val_loss: 0.360
Epoch   41/50, time: 14.54 s, val_loss: 0.286
Epoch   15/50, time: 39.12 s, val_loss: 0.481
Epoch   21/50, time: 48.60 s, training_loss: 0.355
Epoch   21/50, time: 16.52 s, val_loss: 0.388
Training Metrics:
Accuracy: 0.9904
Precision: 0.7363
Recall: 0.7926
F1 Score: 0.7634
IoU: 0.6173
Dice Coefficient: 0.7634
Validation Metrics:
Accuracy: 0.9892
Precision: 0.7019
Recall: 0.7468
F1 Score: 0.7237
IoU: 0.5670
Dice Coefficient: 0.7237
Epoch   19/50, time: 136.36 s, training_loss: 0.471
Epoch   42/50, time: 42.01 s, training_loss: 0.229
Training Metrics:
Accuracy: 0.9843
Precision: 0.5838
Recall: 0.7010
F1 Score: 0.6371
IoU: 0.4674
Dice Coefficient: 0.6371
Validation Metrics:
Accuracy: 0.9842
Precision: 0.5699
Recall: 0.6857
F1 Score: 0.6225
IoU: 0.4519
Dice Coefficient: 0.6225
Epoch   19/50, time: 36.60 s, val_loss: 0.447
Epoch   16/50, time: 131.75 s, training_loss: 0.499
Epoch   42/50, time: 12.73 s, val_loss: 0.265
Epoch   16/50, time: 42.92 s, val_loss: 0.484
Epoch   22/50, time: 47.28 s, training_loss: 0.348
Epoch   43/50, time: 47.21 s, training_loss: 0.223
Epoch   22/50, time: 15.84 s, val_loss: 0.338
Epoch   43/50, time: 16.20 s, val_loss: 0.257
Epoch   23/50, time: 53.23 s, training_loss: 0.336
Epoch   44/50, time: 51.37 s, training_loss: 0.221
Epoch   23/50, time: 15.52 s, val_loss: 0.345
Epoch   44/50, time: 15.05 s, val_loss: 0.256
Epoch   20/50, time: 137.07 s, training_loss: 0.437
Epoch   24/50, time: 45.00 s, training_loss: 0.321
Epoch   20/50, time: 40.78 s, val_loss: 0.427
Epoch   45/50, time: 45.76 s, training_loss: 0.221
Epoch   17/50, time: 138.25 s, training_loss: 0.466
Epoch   24/50, time: 14.73 s, val_loss: 0.322
Epoch   45/50, time: 14.33 s, val_loss: 0.265
Epoch   17/50, time: 40.72 s, val_loss: 0.426
Epoch   46/50, time: 47.47 s, training_loss: 0.220
Epoch   25/50, time: 50.12 s, training_loss: 0.311
Epoch   46/50, time: 15.86 s, val_loss: 0.250
Epoch   25/50, time: 17.19 s, val_loss: 0.342
Epoch   47/50, time: 50.59 s, training_loss: 0.221
Epoch   26/50, time: 52.33 s, training_loss: 0.304
Epoch   21/50, time: 140.48 s, training_loss: 0.409
Epoch   47/50, time: 14.17 s, val_loss: 0.244
Epoch   26/50, time: 14.09 s, val_loss: 0.332
Epoch   21/50, time: 40.29 s, val_loss: 0.396
Epoch   18/50, time: 138.71 s, training_loss: 0.437
Epoch   48/50, time: 45.18 s, training_loss: 0.219
Epoch   27/50, time: 45.81 s, training_loss: 0.302
Epoch   48/50, time: 14.98 s, val_loss: 0.251
Epoch   27/50, time: 15.46 s, val_loss: 0.294
Epoch   18/50, time: 39.13 s, val_loss: 0.444
Epoch   49/50, time: 49.15 s, training_loss: 0.218
Epoch   28/50, time: 48.15 s, training_loss: 0.286
Epoch   49/50, time: 16.76 s, val_loss: 0.255
Epoch   28/50, time: 17.37 s, val_loss: 0.305
Epoch   50/50, time: 50.13 s, training_loss: 0.214
Epoch   29/50, time: 49.02 s, training_loss: 0.282
Epoch   50/50, time: 14.49 s, val_loss: 0.244
Epoch   29/50, time: 14.60 s, val_loss: 0.289
Epoch   19/50, time: 138.30 s, training_loss: 0.422
Epoch   30/50, time: 45.26 s, training_loss: 0.283
Training Metrics:
Accuracy: 0.9836
Precision: 0.5622
Recall: 0.7458
F1 Score: 0.6411
IoU: 0.4718
Dice Coefficient: 0.6411
Validation Metrics:
Accuracy: 0.9833
Precision: 0.5443
Recall: 0.7201
F1 Score: 0.6200
IoU: 0.4492
Dice Coefficient: 0.6200
Epoch   30/50, time: 12.62 s, val_loss: 0.285
Epoch   19/50, time: 35.43 s, val_loss: 0.422
Training Metrics:
Accuracy: 0.9924
Precision: 0.7958
Recall: 0.8252
F1 Score: 0.8102
IoU: 0.6810
Dice Coefficient: 0.8102
Validation Metrics:
Accuracy: 0.9912
Precision: 0.7629
Recall: 0.7752
F1 Score: 0.7690
IoU: 0.6247
Dice Coefficient: 0.7690
Test Metrics:
Accuracy: 0.9912
Precision: 0.7629
Recall: 0.7752
F1 Score: 0.7690
IoU: 0.6247
Dice Coefficient: 0.7690
[I 2025-08-06 00:24:13,116] Trial 29 finished with value: 0.7690253049135821 and parameters: {'batch_size': 16, 'lr': 9.857420855427583e-05, 'loss_fn': 'dice_loss', 'augmentation': True, 'filters_idx': 3, 'in_channels': 100, 'att_channels': 16}. Best is trial 29 with value: 0.7690253049135821.
wandb: Finishing previous runs because reinit is set to True.
