Epoch   42/50, time: 11.41 s, val_loss: 0.548
Epoch    1/50, time: 36.71 s, training_loss: 0.937
Epoch    1/50, time: 14.43 s, val_loss: 0.912
Epoch   43/50, time: 53.29 s, training_loss: 0.543
Epoch   43/50, time: 12.73 s, val_loss: 0.536
Epoch   20/50, time: 119.64 s, training_loss: 0.395
Training Metrics:
Accuracy: 0.8253
Precision: 0.0893
Recall: 0.8593
F1 Score: 0.1618
IoU: 0.0880
Dice Coefficient: 0.1618
Validation Metrics:
Accuracy: 0.7957
Precision: 0.0814
Recall: 0.9507
F1 Score: 0.1500
IoU: 0.0811
Dice Coefficient: 0.1500
Epoch   19/50, time: 125.20 s, training_loss: 0.700
Epoch   44/50, time: 51.22 s, training_loss: 0.540
Epoch   44/50, time: 11.95 s, val_loss: 0.548
Epoch   20/50, time: 32.34 s, val_loss: 0.400
Epoch    2/50, time: 33.49 s, training_loss: 0.902
Epoch   19/50, time: 33.89 s, val_loss: 0.722
Epoch    2/50, time: 11.58 s, val_loss: 0.896
Epoch   45/50, time: 51.68 s, training_loss: 0.546
Epoch   45/50, time: 12.98 s, val_loss: 0.532
Epoch    3/50, time: 36.22 s, training_loss: 0.885
Epoch    3/50, time: 12.19 s, val_loss: 0.886
Epoch    4/50, time: 34.29 s, training_loss: 0.874
Epoch   46/50, time: 53.52 s, training_loss: 0.528
Epoch   21/50, time: 118.17 s, training_loss: 0.388
Epoch    4/50, time: 11.34 s, val_loss: 0.877
Epoch   46/50, time: 12.07 s, val_loss: 0.543
Epoch   20/50, time: 121.00 s, training_loss: 0.687
Epoch   21/50, time: 31.66 s, val_loss: 0.405
Epoch    5/50, time: 35.89 s, training_loss: 0.865
Epoch    5/50, time: 11.86 s, val_loss: 0.872
Epoch   20/50, time: 31.42 s, val_loss: 0.630
Epoch   47/50, time: 52.58 s, training_loss: 0.515
Epoch   47/50, time: 12.32 s, val_loss: 0.547
Epoch    6/50, time: 34.34 s, training_loss: 0.859
Epoch    6/50, time: 12.73 s, val_loss: 0.862
Epoch   48/50, time: 51.07 s, training_loss: 0.507
Epoch    7/50, time: 38.46 s, training_loss: 0.852
Epoch   48/50, time: 12.96 s, val_loss: 0.506
Epoch    7/50, time: 12.54 s, val_loss: 0.852
Epoch   21/50, time: 122.94 s, training_loss: 0.676
Epoch    8/50, time: 34.11 s, training_loss: 0.845
Epoch   49/50, time: 50.00 s, training_loss: 0.498
Epoch    8/50, time: 11.17 s, val_loss: 0.847
Epoch   49/50, time: 11.53 s, val_loss: 0.531
Training Metrics:
Accuracy: 0.9833
Precision: 0.5643
Recall: 0.6523
F1 Score: 0.6051
IoU: 0.4338
Dice Coefficient: 0.6051
Validation Metrics:
Accuracy: 0.9832
Precision: 0.5503
Recall: 0.6331
F1 Score: 0.5888
IoU: 0.4172
Dice Coefficient: 0.5888
Epoch   21/50, time: 31.70 s, val_loss: 0.607
Epoch    9/50, time: 36.82 s, training_loss: 0.839
Epoch    9/50, time: 12.38 s, val_loss: 0.842
Epoch   50/50, time: 57.61 s, training_loss: 0.500
Epoch   50/50, time: 13.34 s, val_loss: 0.503
Epoch   10/50, time: 36.84 s, training_loss: 0.835
Epoch   10/50, time: 12.87 s, val_loss: 0.835
Epoch   22/50, time: 117.95 s, training_loss: 0.374
Epoch   11/50, time: 35.98 s, training_loss: 0.831
Epoch   11/50, time: 11.13 s, val_loss: 0.829
Training Metrics:
Accuracy: 0.9742
Precision: 0.4079
Recall: 0.6926
F1 Score: 0.5134
IoU: 0.3453
Dice Coefficient: 0.5134
Validation Metrics:
Accuracy: 0.9748
Precision: 0.4059
Recall: 0.7116
F1 Score: 0.5169
IoU: 0.3485
Dice Coefficient: 0.5169
Epoch   22/50, time: 33.88 s, val_loss: 0.374
Test Metrics:
Accuracy: 0.9748
Precision: 0.4059
Recall: 0.7116
F1 Score: 0.5169
IoU: 0.3485
Dice Coefficient: 0.5169
[I 2025-08-25 17:34:55,958] Trial 3 finished with value: 0.5168973867784725 and parameters: {'batch_size': 128, 'lr': 0.0003798522656337331, 'loss_fn': 'dice_loss', 'augmentation': True, 'filters_idx': 1, 'in_channels': 100, 'att_channels': 64}. Best is trial 0 with value: 0.6451265202904033.
wandb: Finishing previous runs because reinit is set to True.
