Using device: cuda
Configuration
data:
  path: /scratch/phys/sin/sethih1/data_files/planar_molecules_256
  split_by_id: 0
log_path: /scratch/phys/sin/sethih1/runs_ters/planar_256/config14/
model:
  att_channels: 32
  filters:
  - 16
  - 32
  - 64
  - 128
  - 256
  - 512
  in_channels: 400
  kernel_size:
  - 3
  - 3
  - 3
  - 3
  - 3
  - 3
  out_channels: 4
  type: AttentionUNet
save_path: /scratch/phys/sin/sethih1/models/planar_256/config14/
training:
  batch_sizes:
  - 32
  - 64
  - 128
  epochs: 50
  learning_rates:
  - 0.0001
  loss_functions:
  - bce_loss
  - dice_loss

Data Loaded
Data loaded
Training with paramaeters:  (32, 0.0001, 'bce_loss')
Epoch    1/50, time: 141.72 s, training_loss: 0.673
Epoch    1/50, time: 165.06 s, val_loss: 0.632
Epoch    2/50, time: 123.61 s, training_loss: 0.575
Epoch    2/50, time: 143.61 s, val_loss: 0.561
Epoch    3/50, time: 124.80 s, training_loss: 0.531
Epoch    3/50, time: 144.92 s, val_loss: 0.520
Epoch    4/50, time: 127.03 s, training_loss: 0.520
Epoch    4/50, time: 146.91 s, val_loss: 0.538
Epoch    5/50, time: 125.30 s, training_loss: 0.497
Epoch    5/50, time: 145.38 s, val_loss: 0.488
Epoch    6/50, time: 124.85 s, training_loss: 0.488
Epoch    6/50, time: 145.04 s, val_loss: 0.480
Epoch    7/50, time: 126.02 s, training_loss: 0.467
Epoch    7/50, time: 145.84 s, val_loss: 0.455
Epoch    8/50, time: 125.35 s, training_loss: 0.450
Epoch    8/50, time: 145.55 s, val_loss: 0.443
Epoch    9/50, time: 125.46 s, training_loss: 0.435
Epoch    9/50, time: 145.36 s, val_loss: 0.431
Epoch   10/50, time: 124.25 s, training_loss: 0.423
Epoch   10/50, time: 144.57 s, val_loss: 0.415
Epoch   11/50, time: 124.93 s, training_loss: 0.410
Epoch   11/50, time: 145.41 s, val_loss: 0.404
Epoch   12/50, time: 124.65 s, training_loss: 0.398
Epoch   12/50, time: 144.73 s, val_loss: 0.392
Epoch   13/50, time: 127.18 s, training_loss: 0.386
Epoch   13/50, time: 147.36 s, val_loss: 0.380
Epoch   14/50, time: 125.33 s, training_loss: 0.375
Epoch   14/50, time: 145.51 s, val_loss: 0.370
Epoch   15/50, time: 124.00 s, training_loss: 0.364
Epoch   15/50, time: 144.05 s, val_loss: 0.360
Epoch   16/50, time: 126.94 s, training_loss: 0.353
Epoch   16/50, time: 147.36 s, val_loss: 0.348
Epoch   17/50, time: 123.53 s, training_loss: 0.343
Epoch   17/50, time: 143.55 s, val_loss: 0.352
Epoch   18/50, time: 125.76 s, training_loss: 0.341
Epoch   18/50, time: 146.02 s, val_loss: 0.336
Epoch   19/50, time: 124.66 s, training_loss: 0.327
Epoch   19/50, time: 144.38 s, val_loss: 0.321
Epoch   20/50, time: 125.11 s, training_loss: 0.316
Epoch   20/50, time: 145.05 s, val_loss: 0.311
Epoch   21/50, time: 125.50 s, training_loss: 0.306
Epoch   21/50, time: 145.59 s, val_loss: 0.304
Epoch   22/50, time: 127.26 s, training_loss: 0.297
Epoch   22/50, time: 147.44 s, val_loss: 0.294
Epoch   23/50, time: 124.88 s, training_loss: 0.288
Epoch   23/50, time: 145.33 s, val_loss: 0.284
Epoch   24/50, time: 125.67 s, training_loss: 0.279
Epoch   24/50, time: 145.83 s, val_loss: 0.276
Epoch   25/50, time: 125.33 s, training_loss: 0.271
Epoch   25/50, time: 145.62 s, val_loss: 0.270
Epoch   26/50, time: 125.01 s, training_loss: 0.263
Epoch   26/50, time: 144.88 s, val_loss: 0.259
Epoch   27/50, time: 123.81 s, training_loss: 0.255
Epoch   27/50, time: 143.83 s, val_loss: 0.252
Epoch   28/50, time: 124.08 s, training_loss: 0.247
Epoch   28/50, time: 144.03 s, val_loss: 0.243
Epoch   29/50, time: 126.62 s, training_loss: 0.240
Epoch   29/50, time: 147.05 s, val_loss: 0.235
Epoch   30/50, time: 124.74 s, training_loss: 0.232
Epoch   30/50, time: 145.07 s, val_loss: 0.229
Epoch   31/50, time: 125.17 s, training_loss: 0.225
Epoch   31/50, time: 145.50 s, val_loss: 0.221
Epoch   32/50, time: 127.27 s, training_loss: 0.219
Epoch   32/50, time: 147.64 s, val_loss: 0.214
Epoch   33/50, time: 123.63 s, training_loss: 0.212
Epoch   33/50, time: 143.88 s, val_loss: 0.210
Epoch   34/50, time: 125.35 s, training_loss: 0.206
Epoch   34/50, time: 145.61 s, val_loss: 0.203
Epoch   35/50, time: 125.74 s, training_loss: 0.200
Epoch   35/50, time: 146.03 s, val_loss: 0.196
Epoch   36/50, time: 127.69 s, training_loss: 0.194
Epoch   36/50, time: 148.16 s, val_loss: 0.190
Epoch   37/50, time: 124.23 s, training_loss: 0.188
Epoch   37/50, time: 144.40 s, val_loss: 0.184
Epoch   38/50, time: 126.25 s, training_loss: 0.183
Epoch   38/50, time: 146.29 s, val_loss: 0.179
Epoch   39/50, time: 124.30 s, training_loss: 0.177
Epoch   39/50, time: 144.37 s, val_loss: 0.175
Epoch   40/50, time: 124.41 s, training_loss: 0.172
Epoch   40/50, time: 144.34 s, val_loss: 0.171
Epoch   41/50, time: 126.61 s, training_loss: 0.169
Epoch   41/50, time: 146.96 s, val_loss: 0.166
Epoch   42/50, time: 123.56 s, training_loss: 0.163
Epoch   42/50, time: 143.80 s, val_loss: 0.161
Epoch   43/50, time: 125.67 s, training_loss: 0.158
Epoch   43/50, time: 145.95 s, val_loss: 0.158
Epoch   44/50, time: 124.61 s, training_loss: 0.153
Epoch   44/50, time: 144.63 s, val_loss: 0.152
Epoch   45/50, time: 124.69 s, training_loss: 0.148
Epoch   45/50, time: 144.39 s, val_loss: 0.146
Epoch   46/50, time: 126.30 s, training_loss: 0.144
Epoch   46/50, time: 146.56 s, val_loss: 0.143
Epoch   47/50, time: 123.33 s, training_loss: 0.140
Epoch   47/50, time: 143.36 s, val_loss: 0.141
Epoch   48/50, time: 124.57 s, training_loss: 0.136
Epoch   48/50, time: 144.60 s, val_loss: 0.134
Epoch   49/50, time: 125.69 s, training_loss: 0.132
Epoch   49/50, time: 145.91 s, val_loss: 0.133
Epoch   50/50, time: 125.42 s, training_loss: 0.129
Epoch   50/50, time: 145.73 s, val_loss: 0.127
Training with paramaeters:  (32, 0.0001, 'dice_loss')
Epoch    1/50, time: 127.42 s, training_loss: 0.969
Epoch    1/50, time: 147.68 s, val_loss: 0.980
Epoch    2/50, time: 127.04 s, training_loss: 0.961
Epoch    2/50, time: 147.13 s, val_loss: 0.956
Epoch    3/50, time: 127.41 s, training_loss: 0.955
Epoch    3/50, time: 147.63 s, val_loss: 0.966
Epoch    4/50, time: 126.45 s, training_loss: 0.950
Epoch    4/50, time: 146.65 s, val_loss: 0.910
Epoch    5/50, time: 127.32 s, training_loss: 0.944
Epoch    5/50, time: 147.45 s, val_loss: 0.944
Epoch    6/50, time: 125.08 s, training_loss: 0.940
Epoch    6/50, time: 145.18 s, val_loss: 0.919
Epoch    7/50, time: 127.77 s, training_loss: 0.935
Epoch    7/50, time: 147.53 s, val_loss: 0.920
Epoch    8/50, time: 124.44 s, training_loss: 0.928
Epoch    8/50, time: 144.62 s, val_loss: 0.902
Epoch    9/50, time: 124.71 s, training_loss: 0.922
Epoch    9/50, time: 145.27 s, val_loss: 0.913
Epoch   10/50, time: 124.81 s, training_loss: 0.915
Epoch   10/50, time: 145.12 s, val_loss: 0.891
Epoch   11/50, time: 123.49 s, training_loss: 0.906
Epoch   11/50, time: 143.69 s, val_loss: 0.838
Epoch   12/50, time: 124.94 s, training_loss: 0.898
Epoch   12/50, time: 145.00 s, val_loss: 0.943
Epoch   13/50, time: 124.70 s, training_loss: 0.888
Epoch   13/50, time: 144.97 s, val_loss: 0.893
Epoch   14/50, time: 125.10 s, training_loss: 0.876
Epoch   14/50, time: 145.60 s, val_loss: 0.924
Epoch   15/50, time: 125.01 s, training_loss: 0.871
Epoch   15/50, time: 145.37 s, val_loss: 0.796
Epoch   16/50, time: 126.52 s, training_loss: 0.854
Epoch   16/50, time: 146.82 s, val_loss: 0.891
Epoch   17/50, time: 127.47 s, training_loss: 0.841
Epoch   17/50, time: 147.80 s, val_loss: 0.808
Epoch   18/50, time: 125.64 s, training_loss: 0.828
Epoch   18/50, time: 145.84 s, val_loss: 0.817
Epoch   19/50, time: 126.36 s, training_loss: 0.809
Epoch   19/50, time: 146.28 s, val_loss: 0.841
Epoch   20/50, time: 124.51 s, training_loss: 0.796
Epoch   20/50, time: 144.77 s, val_loss: 0.840
Epoch   21/50, time: 125.31 s, training_loss: 0.789
Epoch   21/50, time: 145.86 s, val_loss: 0.812
Epoch   22/50, time: 125.02 s, training_loss: 0.774
Epoch   22/50, time: 145.25 s, val_loss: 0.736
Epoch   23/50, time: 124.88 s, training_loss: 0.758
Epoch   23/50, time: 144.84 s, val_loss: 0.795
Epoch   24/50, time: 124.79 s, training_loss: 0.744
Epoch   24/50, time: 144.97 s, val_loss: 0.754
Epoch   25/50, time: 124.82 s, training_loss: 0.738
Epoch   25/50, time: 145.49 s, val_loss: 0.802
Epoch   26/50, time: 124.12 s, training_loss: 0.727
Epoch   26/50, time: 144.30 s, val_loss: 0.672
Epoch   27/50, time: 126.02 s, training_loss: 0.716
Epoch   27/50, time: 146.20 s, val_loss: 0.689
Epoch   28/50, time: 125.87 s, training_loss: 0.698
Epoch   28/50, time: 146.15 s, val_loss: 0.743
Epoch   29/50, time: 125.57 s, training_loss: 0.683
Epoch   29/50, time: 145.63 s, val_loss: 0.720
Epoch   30/50, time: 124.26 s, training_loss: 0.672
Epoch   30/50, time: 144.66 s, val_loss: 0.788
Epoch   31/50, time: 125.88 s, training_loss: 0.671
Epoch   31/50, time: 145.79 s, val_loss: 0.675
Epoch   32/50, time: 124.53 s, training_loss: 0.653
Epoch   32/50, time: 144.58 s, val_loss: 0.748
Epoch   33/50, time: 126.97 s, training_loss: 0.645
Epoch   33/50, time: 147.12 s, val_loss: 0.612
Epoch   34/50, time: 125.99 s, training_loss: 0.635
Epoch   34/50, time: 146.34 s, val_loss: 0.628
Epoch   35/50, time: 125.88 s, training_loss: 0.611
Epoch   35/50, time: 146.16 s, val_loss: 0.657
Epoch   36/50, time: 124.70 s, training_loss: 0.597
Epoch   36/50, time: 144.70 s, val_loss: 0.591
Epoch   37/50, time: 125.81 s, training_loss: 0.587
Epoch   37/50, time: 145.86 s, val_loss: 0.628
Epoch   38/50, time: 124.45 s, training_loss: 0.580
Epoch   38/50, time: 144.70 s, val_loss: 0.597
Epoch   39/50, time: 124.52 s, training_loss: 0.570
Epoch   39/50, time: 144.83 s, val_loss: 0.673
Epoch   40/50, time: 123.94 s, training_loss: 0.555
Epoch   40/50, time: 144.12 s, val_loss: 0.592
Epoch   41/50, time: 124.32 s, training_loss: 0.544
Epoch   41/50, time: 144.52 s, val_loss: 0.597
Epoch   42/50, time: 125.68 s, training_loss: 0.534
Epoch   42/50, time: 145.88 s, val_loss: 0.597
Epoch   43/50, time: 125.46 s, training_loss: 0.528
Epoch   43/50, time: 145.79 s, val_loss: 0.582
Epoch   44/50, time: 124.70 s, training_loss: 0.511
Epoch   44/50, time: 144.95 s, val_loss: 0.587
Epoch   45/50, time: 123.93 s, training_loss: 0.513
Epoch   45/50, time: 143.98 s, val_loss: 0.565
Epoch   46/50, time: 126.13 s, training_loss: 0.499
Epoch   46/50, time: 146.43 s, val_loss: 0.539
Epoch   47/50, time: 125.02 s, training_loss: 0.492
Epoch   47/50, time: 145.22 s, val_loss: 0.551
Epoch   48/50, time: 125.73 s, training_loss: 0.483
Epoch   48/50, time: 146.08 s, val_loss: 0.566
Epoch   49/50, time: 124.49 s, training_loss: 0.476
Epoch   49/50, time: 144.86 s, val_loss: 0.509
Epoch   50/50, time: 126.08 s, training_loss: 0.461
Epoch   50/50, time: 146.47 s, val_loss: 0.500
Training with paramaeters:  (64, 0.0001, 'bce_loss')
Epoch    1/50, time: 138.90 s, training_loss: 0.564
Epoch    1/50, time: 175.97 s, val_loss: 0.582
Epoch    2/50, time: 138.69 s, training_loss: 0.483
Epoch    2/50, time: 175.69 s, val_loss: 0.501
Epoch    3/50, time: 139.29 s, training_loss: 0.449
Epoch    3/50, time: 175.97 s, val_loss: 0.444
Epoch    4/50, time: 136.82 s, training_loss: 0.426
Epoch    4/50, time: 173.12 s, val_loss: 0.437
Epoch    5/50, time: 136.74 s, training_loss: 0.412
Epoch    5/50, time: 173.51 s, val_loss: 0.404
Epoch    6/50, time: 137.54 s, training_loss: 0.396
Epoch    6/50, time: 174.35 s, val_loss: 0.395
Epoch    7/50, time: 137.76 s, training_loss: 0.384
Epoch    7/50, time: 174.19 s, val_loss: 0.381
Epoch    8/50, time: 138.43 s, training_loss: 0.373
Epoch    8/50, time: 175.28 s, val_loss: 0.376
Epoch    9/50, time: 137.64 s, training_loss: 0.366
Epoch    9/50, time: 174.88 s, val_loss: 0.369
Epoch   10/50, time: 137.46 s, training_loss: 0.359
Epoch   10/50, time: 173.96 s, val_loss: 0.361
Epoch   11/50, time: 137.70 s, training_loss: 0.356
Epoch   11/50, time: 174.14 s, val_loss: 0.365
Epoch   12/50, time: 137.15 s, training_loss: 0.349
Epoch   12/50, time: 173.99 s, val_loss: 0.348
Epoch   13/50, time: 138.01 s, training_loss: 0.343
Epoch   13/50, time: 174.98 s, val_loss: 0.343
Epoch   14/50, time: 138.30 s, training_loss: 0.341
Epoch   14/50, time: 175.41 s, val_loss: 0.344
Epoch   15/50, time: 137.96 s, training_loss: 0.335
Epoch   15/50, time: 175.18 s, val_loss: 0.334
Epoch   16/50, time: 136.84 s, training_loss: 0.329
Epoch   16/50, time: 174.13 s, val_loss: 0.326
Epoch   17/50, time: 137.49 s, training_loss: 0.322
Epoch   17/50, time: 174.58 s, val_loss: 0.320
Epoch   18/50, time: 138.88 s, training_loss: 0.317
Epoch   18/50, time: 175.67 s, val_loss: 0.315
Epoch   19/50, time: 138.00 s, training_loss: 0.318
Epoch   19/50, time: 174.71 s, val_loss: 0.322
Epoch   20/50, time: 138.36 s, training_loss: 0.311
Epoch   20/50, time: 174.93 s, val_loss: 0.306
Epoch   21/50, time: 138.48 s, training_loss: 0.304
Epoch   21/50, time: 174.86 s, val_loss: 0.301
Epoch   22/50, time: 139.95 s, training_loss: 0.299
Epoch   22/50, time: 176.75 s, val_loss: 0.299
Epoch   23/50, time: 138.34 s, training_loss: 0.295
Epoch   23/50, time: 175.24 s, val_loss: 0.295
Epoch   24/50, time: 136.41 s, training_loss: 0.290
Epoch   24/50, time: 173.58 s, val_loss: 0.292
Epoch   25/50, time: 138.58 s, training_loss: 0.286
Epoch   25/50, time: 176.02 s, val_loss: 0.285
Epoch   26/50, time: 138.76 s, training_loss: 0.281
Epoch   26/50, time: 175.70 s, val_loss: 0.280
Epoch   27/50, time: 138.41 s, training_loss: 0.277
Epoch   27/50, time: 176.19 s, val_loss: 0.273
Epoch   28/50, time: 138.38 s, training_loss: 0.272
Epoch   28/50, time: 175.07 s, val_loss: 0.271
Epoch   29/50, time: 137.92 s, training_loss: 0.268
Epoch   29/50, time: 174.80 s, val_loss: 0.266
Epoch   30/50, time: 137.20 s, training_loss: 0.264
Epoch   30/50, time: 174.55 s, val_loss: 0.262
Epoch   31/50, time: 138.88 s, training_loss: 0.260
Epoch   31/50, time: 175.80 s, val_loss: 0.257
Epoch   32/50, time: 138.02 s, training_loss: 0.256
Epoch   32/50, time: 174.98 s, val_loss: 0.255
Epoch   33/50, time: 136.56 s, training_loss: 0.252
Epoch   33/50, time: 173.01 s, val_loss: 0.252
Epoch   34/50, time: 139.13 s, training_loss: 0.250
Epoch   34/50, time: 176.06 s, val_loss: 0.250
Epoch   35/50, time: 138.32 s, training_loss: 0.246
Epoch   35/50, time: 175.08 s, val_loss: 0.243
Epoch   36/50, time: 136.85 s, training_loss: 0.242
Epoch   36/50, time: 174.07 s, val_loss: 0.239
Epoch   37/50, time: 137.95 s, training_loss: 0.238
Epoch   37/50, time: 175.06 s, val_loss: 0.238
Epoch   38/50, time: 139.06 s, training_loss: 0.235
Epoch   38/50, time: 176.68 s, val_loss: 0.233
Epoch   39/50, time: 137.25 s, training_loss: 0.231
Epoch   39/50, time: 174.24 s, val_loss: 0.228
Epoch   40/50, time: 138.00 s, training_loss: 0.227
Epoch   40/50, time: 175.03 s, val_loss: 0.225
Epoch   41/50, time: 137.66 s, training_loss: 0.224
Epoch   41/50, time: 175.04 s, val_loss: 0.223
Epoch   42/50, time: 137.65 s, training_loss: 0.221
Epoch   42/50, time: 174.44 s, val_loss: 0.220
Epoch   43/50, time: 138.91 s, training_loss: 0.219
Epoch   43/50, time: 175.76 s, val_loss: 0.222
Epoch   44/50, time: 138.29 s, training_loss: 0.215
Epoch   44/50, time: 175.24 s, val_loss: 0.214
Epoch   45/50, time: 139.51 s, training_loss: 0.212
Epoch   45/50, time: 176.15 s, val_loss: 0.210
Epoch   46/50, time: 139.38 s, training_loss: 0.208
Epoch   46/50, time: 175.80 s, val_loss: 0.208
Epoch   47/50, time: 138.92 s, training_loss: 0.205
Epoch   47/50, time: 175.86 s, val_loss: 0.203
Epoch   48/50, time: 140.47 s, training_loss: 0.203
Epoch   48/50, time: 177.66 s, val_loss: 0.202
Epoch   49/50, time: 140.08 s, training_loss: 0.199
Epoch   49/50, time: 178.05 s, val_loss: 0.198
Epoch   50/50, time: 138.14 s, training_loss: 0.196
Epoch   50/50, time: 175.47 s, val_loss: 0.193
Training with paramaeters:  (64, 0.0001, 'dice_loss')
Epoch    1/50, time: 137.29 s, training_loss: 0.969
Epoch    1/50, time: 174.12 s, val_loss: 0.982
Epoch    2/50, time: 139.47 s, training_loss: 0.961
Epoch    2/50, time: 176.57 s, val_loss: 0.980
Epoch    3/50, time: 141.09 s, training_loss: 0.956
Epoch    3/50, time: 178.17 s, val_loss: 0.971
Epoch    4/50, time: 138.38 s, training_loss: 0.950
Epoch    4/50, time: 174.92 s, val_loss: 0.972
Epoch    5/50, time: 137.12 s, training_loss: 0.944
Epoch    5/50, time: 173.57 s, val_loss: 0.939
Epoch    6/50, time: 136.40 s, training_loss: 0.936
Epoch    6/50, time: 173.28 s, val_loss: 0.931
Epoch    7/50, time: 138.54 s, training_loss: 0.931
Epoch    7/50, time: 175.17 s, val_loss: 0.904
Epoch    8/50, time: 140.31 s, training_loss: 0.925
Epoch    8/50, time: 177.31 s, val_loss: 0.921
Epoch    9/50, time: 139.58 s, training_loss: 0.920
Epoch    9/50, time: 176.23 s, val_loss: 0.945
Epoch   10/50, time: 136.55 s, training_loss: 0.917
Epoch   10/50, time: 173.34 s, val_loss: 0.938
Epoch   11/50, time: 137.97 s, training_loss: 0.913
Epoch   11/50, time: 174.40 s, val_loss: 0.937
Epoch   12/50, time: 136.31 s, training_loss: 0.909
Epoch   12/50, time: 172.96 s, val_loss: 0.876
Epoch   13/50, time: 138.49 s, training_loss: 0.904
Epoch   13/50, time: 175.61 s, val_loss: 0.867
Epoch   14/50, time: 137.24 s, training_loss: 0.900
Epoch   14/50, time: 173.72 s, val_loss: 0.870
Epoch   15/50, time: 137.75 s, training_loss: 0.895
Epoch   15/50, time: 175.54 s, val_loss: 0.868
Epoch   16/50, time: 138.57 s, training_loss: 0.891
Epoch   16/50, time: 175.57 s, val_loss: 0.882
Epoch   17/50, time: 138.22 s, training_loss: 0.886
Epoch   17/50, time: 174.84 s, val_loss: 0.869
Epoch   18/50, time: 137.37 s, training_loss: 0.878
Epoch   18/50, time: 174.22 s, val_loss: 0.902
Epoch   19/50, time: 136.99 s, training_loss: 0.872
Epoch   19/50, time: 173.63 s, val_loss: 0.919
Epoch   20/50, time: 136.68 s, training_loss: 0.869
Epoch   20/50, time: 173.60 s, val_loss: 0.840
Epoch   21/50, time: 136.00 s, training_loss: 0.861
Epoch   21/50, time: 172.81 s, val_loss: 0.827
Epoch   22/50, time: 138.57 s, training_loss: 0.855
Epoch   22/50, time: 175.01 s, val_loss: 0.903
Epoch   23/50, time: 138.52 s, training_loss: 0.848
Epoch   23/50, time: 175.68 s, val_loss: 0.821
Epoch   24/50, time: 137.91 s, training_loss: 0.837
Epoch   24/50, time: 174.81 s, val_loss: 0.817
Epoch   25/50, time: 135.74 s, training_loss: 0.831
Epoch   25/50, time: 171.69 s, val_loss: 0.806
Epoch   26/50, time: 136.05 s, training_loss: 0.822
Epoch   26/50, time: 172.66 s, val_loss: 0.898
Epoch   27/50, time: 137.35 s, training_loss: 0.821
Epoch   27/50, time: 174.56 s, val_loss: 0.825
Epoch   28/50, time: 137.94 s, training_loss: 0.810
Epoch   28/50, time: 174.74 s, val_loss: 0.838
Epoch   29/50, time: 139.71 s, training_loss: 0.807
Epoch   29/50, time: 176.23 s, val_loss: 0.848
Epoch   30/50, time: 138.34 s, training_loss: 0.803
Epoch   30/50, time: 175.29 s, val_loss: 0.810
Epoch   31/50, time: 138.46 s, training_loss: 0.795
Epoch   31/50, time: 175.34 s, val_loss: 0.820
Epoch   32/50, time: 136.72 s, training_loss: 0.777
Epoch   32/50, time: 177.71 s, val_loss: 0.826
Epoch   33/50, time: 138.09 s, training_loss: 0.766
Epoch   33/50, time: 174.87 s, val_loss: 0.793
Epoch   34/50, time: 136.63 s, training_loss: 0.759
Epoch   34/50, time: 173.30 s, val_loss: 0.711
Epoch   35/50, time: 138.01 s, training_loss: 0.753
Epoch   35/50, time: 174.25 s, val_loss: 0.787
Epoch   36/50, time: 137.19 s, training_loss: 0.750
Epoch   36/50, time: 173.97 s, val_loss: 0.756
Epoch   37/50, time: 138.20 s, training_loss: 0.746
Epoch   37/50, time: 175.26 s, val_loss: 0.849
Epoch   38/50, time: 138.42 s, training_loss: 0.738
Epoch   38/50, time: 174.70 s, val_loss: 0.721
Epoch   39/50, time: 137.07 s, training_loss: 0.728
Epoch   39/50, time: 173.37 s, val_loss: 0.780
Epoch   40/50, time: 138.40 s, training_loss: 0.724
Epoch   40/50, time: 175.69 s, val_loss: 0.832
Epoch   41/50, time: 137.66 s, training_loss: 0.714
Epoch   41/50, time: 174.94 s, val_loss: 0.817
Epoch   42/50, time: 139.08 s, training_loss: 0.710
Epoch   42/50, time: 176.08 s, val_loss: 0.801
Epoch   43/50, time: 138.12 s, training_loss: 0.696
Epoch   43/50, time: 175.34 s, val_loss: 0.714
Epoch   44/50, time: 137.49 s, training_loss: 0.692
Epoch   44/50, time: 175.09 s, val_loss: 0.742
Epoch   45/50, time: 138.26 s, training_loss: 0.689
Epoch   45/50, time: 175.03 s, val_loss: 0.806
Epoch   46/50, time: 140.41 s, training_loss: 0.683
Epoch   46/50, time: 177.79 s, val_loss: 0.620
Epoch   47/50, time: 137.34 s, training_loss: 0.678
Epoch   47/50, time: 173.64 s, val_loss: 0.619
Epoch   48/50, time: 136.25 s, training_loss: 0.665
Epoch   48/50, time: 173.17 s, val_loss: 0.626
Epoch   49/50, time: 137.75 s, training_loss: 0.671
Epoch   49/50, time: 174.23 s, val_loss: 0.597
Epoch   50/50, time: 139.13 s, training_loss: 0.654
Epoch   50/50, time: 175.71 s, val_loss: 0.702
Training with paramaeters:  (128, 0.0001, 'bce_loss')
Epoch    1/50, time: 143.77 s, training_loss: 0.651
Epoch    1/50, time: 212.23 s, val_loss: 0.713
Epoch    2/50, time: 143.08 s, training_loss: 0.585
Epoch    2/50, time: 212.76 s, val_loss: 0.659
Epoch    3/50, time: 143.65 s, training_loss: 0.551
Epoch    3/50, time: 211.93 s, val_loss: 0.593
Epoch    4/50, time: 145.93 s, training_loss: 0.536
Epoch    4/50, time: 217.24 s, val_loss: 0.569
Epoch    5/50, time: 144.12 s, training_loss: 0.526
Epoch    5/50, time: 214.22 s, val_loss: 0.531
Epoch    6/50, time: 144.91 s, training_loss: 0.507
Epoch    6/50, time: 215.79 s, val_loss: 0.503
Epoch    7/50, time: 141.97 s, training_loss: 0.493
Epoch    7/50, time: 211.45 s, val_loss: 0.486
Epoch    8/50, time: 143.04 s, training_loss: 0.490
Epoch    8/50, time: 211.54 s, val_loss: 0.484
Epoch    9/50, time: 144.36 s, training_loss: 0.481
Epoch    9/50, time: 212.38 s, val_loss: 0.470
Epoch   10/50, time: 143.09 s, training_loss: 0.472
Epoch   10/50, time: 211.30 s, val_loss: 0.472
Epoch   11/50, time: 143.07 s, training_loss: 0.465
Epoch   11/50, time: 211.90 s, val_loss: 0.480
Epoch   12/50, time: 140.77 s, training_loss: 0.458
Epoch   12/50, time: 210.56 s, val_loss: 0.462
Epoch   13/50, time: 142.80 s, training_loss: 0.452
Epoch   13/50, time: 210.65 s, val_loss: 0.453
Epoch   14/50, time: 144.67 s, training_loss: 0.445
Epoch   14/50, time: 213.11 s, val_loss: 0.445
Epoch   15/50, time: 144.53 s, training_loss: 0.449
Epoch   15/50, time: 216.30 s, val_loss: 0.476
Epoch   16/50, time: 146.20 s, training_loss: 0.445
Epoch   16/50, time: 216.89 s, val_loss: 0.479
Epoch   17/50, time: 144.16 s, training_loss: 0.441
Epoch   17/50, time: 214.28 s, val_loss: 0.450
Epoch   18/50, time: 145.78 s, training_loss: 0.434
Epoch   18/50, time: 215.60 s, val_loss: 0.440
Epoch   19/50, time: 146.53 s, training_loss: 0.426
Epoch   19/50, time: 217.48 s, val_loss: 0.421
Epoch   20/50, time: 144.73 s, training_loss: 0.421
Epoch   20/50, time: 213.09 s, val_loss: 0.417
Epoch   21/50, time: 142.49 s, training_loss: 0.420
Epoch   21/50, time: 211.19 s, val_loss: 0.414
Epoch   22/50, time: 142.85 s, training_loss: 0.416
Epoch   22/50, time: 211.54 s, val_loss: 0.408
Epoch   23/50, time: 144.78 s, training_loss: 0.408
Epoch   23/50, time: 212.89 s, val_loss: 0.403
Epoch   24/50, time: 142.70 s, training_loss: 0.402
Epoch   24/50, time: 210.54 s, val_loss: 0.398
Epoch   25/50, time: 142.70 s, training_loss: 0.397
Epoch   25/50, time: 212.23 s, val_loss: 0.392
Epoch   26/50, time: 147.22 s, training_loss: 0.393
Epoch   26/50, time: 217.17 s, val_loss: 0.391
Epoch   27/50, time: 141.06 s, training_loss: 0.392
Epoch   27/50, time: 211.35 s, val_loss: 0.389
Epoch   28/50, time: 143.27 s, training_loss: 0.391
Epoch   28/50, time: 213.54 s, val_loss: 0.415
Epoch   29/50, time: 144.65 s, training_loss: 0.387
Epoch   29/50, time: 214.43 s, val_loss: 0.393
Epoch   30/50, time: 143.88 s, training_loss: 0.381
Epoch   30/50, time: 213.92 s, val_loss: 0.386
Epoch   31/50, time: 142.89 s, training_loss: 0.376
Epoch   31/50, time: 213.38 s, val_loss: 0.377
Epoch   32/50, time: 144.06 s, training_loss: 0.372
Epoch   32/50, time: 213.49 s, val_loss: 0.373
Epoch   33/50, time: 144.14 s, training_loss: 0.368
Epoch   33/50, time: 214.34 s, val_loss: 0.369
Epoch   34/50, time: 145.99 s, training_loss: 0.366
Epoch   34/50, time: 216.42 s, val_loss: 0.367
Epoch   35/50, time: 144.34 s, training_loss: 0.365
Epoch   35/50, time: 214.19 s, val_loss: 0.365
Epoch   36/50, time: 144.67 s, training_loss: 0.361
Epoch   36/50, time: 214.17 s, val_loss: 0.361
Epoch   37/50, time: 147.00 s, training_loss: 0.355
Epoch   37/50, time: 217.27 s, val_loss: 0.355
Epoch   38/50, time: 146.06 s, training_loss: 0.351
Epoch   38/50, time: 216.03 s, val_loss: 0.351
Epoch   39/50, time: 143.04 s, training_loss: 0.346
Epoch   39/50, time: 213.51 s, val_loss: 0.344
Epoch   40/50, time: 145.53 s, training_loss: 0.342
Epoch   40/50, time: 216.76 s, val_loss: 0.343
Epoch   41/50, time: 144.75 s, training_loss: 0.338
Epoch   41/50, time: 214.31 s, val_loss: 0.338
Epoch   42/50, time: 143.30 s, training_loss: 0.334
Epoch   42/50, time: 214.18 s, val_loss: 0.333
Epoch   43/50, time: 143.52 s, training_loss: 0.330
Epoch   43/50, time: 213.23 s, val_loss: 0.328
Epoch   44/50, time: 144.34 s, training_loss: 0.327
Epoch   44/50, time: 214.43 s, val_loss: 0.327
Epoch   45/50, time: 144.71 s, training_loss: 0.323
Epoch   45/50, time: 215.56 s, val_loss: 0.317
Epoch   46/50, time: 144.85 s, training_loss: 0.321
Epoch   46/50, time: 214.79 s, val_loss: 0.318
Epoch   47/50, time: 143.16 s, training_loss: 0.317
Epoch   47/50, time: 214.24 s, val_loss: 0.314
Epoch   48/50, time: 148.89 s, training_loss: 0.313
Epoch   48/50, time: 219.71 s, val_loss: 0.312
Epoch   49/50, time: 143.34 s, training_loss: 0.309
Epoch   49/50, time: 213.22 s, val_loss: 0.308
Epoch   50/50, time: 144.52 s, training_loss: 0.305
Epoch   50/50, time: 213.85 s, val_loss: 0.302
Training with paramaeters:  (128, 0.0001, 'dice_loss')
Epoch    1/50, time: 143.87 s, training_loss: 0.973
Epoch    1/50, time: 213.91 s, val_loss: 0.982
Epoch    2/50, time: 144.25 s, training_loss: 0.967
Epoch    2/50, time: 214.11 s, val_loss: 0.981
Epoch    3/50, time: 143.35 s, training_loss: 0.963
Epoch    3/50, time: 212.88 s, val_loss: 0.979
Epoch    4/50, time: 143.08 s, training_loss: 0.960
Epoch    4/50, time: 213.06 s, val_loss: 0.981
Epoch    5/50, time: 144.84 s, training_loss: 0.957
Epoch    5/50, time: 214.74 s, val_loss: 0.981
Epoch    6/50, time: 143.33 s, training_loss: 0.955
Epoch    6/50, time: 213.50 s, val_loss: 0.975
Epoch    7/50, time: 143.91 s, training_loss: 0.951
Epoch    7/50, time: 214.32 s, val_loss: 0.952
Epoch    8/50, time: 143.21 s, training_loss: 0.950
Epoch    8/50, time: 213.96 s, val_loss: 0.965
Epoch    9/50, time: 144.00 s, training_loss: 0.947
Epoch    9/50, time: 214.53 s, val_loss: 0.962
Epoch   10/50, time: 142.86 s, training_loss: 0.946
Epoch   10/50, time: 213.02 s, val_loss: 0.972
Epoch   11/50, time: 143.26 s, training_loss: 0.945
Epoch   11/50, time: 213.45 s, val_loss: 0.940
Epoch   12/50, time: 144.73 s, training_loss: 0.943
Epoch   12/50, time: 212.42 s, val_loss: 0.942
Epoch   13/50, time: 142.88 s, training_loss: 0.941
Epoch   13/50, time: 211.34 s, val_loss: 0.972
Epoch   14/50, time: 144.82 s, training_loss: 0.940
Epoch   14/50, time: 214.36 s, val_loss: 0.946
Epoch   15/50, time: 142.68 s, training_loss: 0.938
Epoch   15/50, time: 211.22 s, val_loss: 0.962
Epoch   16/50, time: 145.37 s, training_loss: 0.936
Epoch   16/50, time: 213.60 s, val_loss: 0.876
Epoch   17/50, time: 142.07 s, training_loss: 0.932
Epoch   17/50, time: 210.21 s, val_loss: 0.943
Epoch   18/50, time: 143.60 s, training_loss: 0.930
Epoch   18/50, time: 211.94 s, val_loss: 0.954
Epoch   19/50, time: 148.29 s, training_loss: 0.928
Epoch   19/50, time: 219.73 s, val_loss: 0.946
Epoch   20/50, time: 144.28 s, training_loss: 0.926
Epoch   20/50, time: 214.13 s, val_loss: 0.903
Epoch   21/50, time: 144.21 s, training_loss: 0.923
Epoch   21/50, time: 214.65 s, val_loss: 0.955
Epoch   22/50, time: 143.77 s, training_loss: 0.920
Epoch   22/50, time: 214.07 s, val_loss: 0.966
Epoch   23/50, time: 144.61 s, training_loss: 0.918
Epoch   23/50, time: 213.93 s, val_loss: 0.906
Epoch   24/50, time: 143.68 s, training_loss: 0.916
Epoch   24/50, time: 212.21 s, val_loss: 0.941
Epoch   25/50, time: 143.38 s, training_loss: 0.915
Epoch   25/50, time: 213.54 s, val_loss: 0.886
Epoch   26/50, time: 142.65 s, training_loss: 0.912
Epoch   26/50, time: 211.42 s, val_loss: 0.952
Epoch   27/50, time: 143.50 s, training_loss: 0.907
Epoch   27/50, time: 213.14 s, val_loss: 0.950
Epoch   28/50, time: 142.79 s, training_loss: 0.902
Epoch   28/50, time: 211.58 s, val_loss: 0.945
Epoch   29/50, time: 152.16 s, training_loss: 0.900
Epoch   29/50, time: 225.70 s, val_loss: 0.880
Epoch   30/50, time: 143.90 s, training_loss: 0.896
Epoch   30/50, time: 214.21 s, val_loss: 0.937
Epoch   31/50, time: 144.31 s, training_loss: 0.897
Epoch   31/50, time: 213.30 s, val_loss: 0.906
Epoch   32/50, time: 141.97 s, training_loss: 0.891
Epoch   32/50, time: 212.93 s, val_loss: 0.883
Epoch   33/50, time: 142.61 s, training_loss: 0.892
Epoch   33/50, time: 214.17 s, val_loss: 0.944
Epoch   34/50, time: 142.82 s, training_loss: 0.885
Epoch   34/50, time: 211.94 s, val_loss: 0.931
Epoch   35/50, time: 143.95 s, training_loss: 0.884
Epoch   35/50, time: 212.27 s, val_loss: 0.937
Epoch   36/50, time: 146.07 s, training_loss: 0.885
Epoch   36/50, time: 214.69 s, val_loss: 0.871
Epoch   37/50, time: 143.22 s, training_loss: 0.886
Epoch   37/50, time: 211.48 s, val_loss: 0.908
Epoch   38/50, time: 142.64 s, training_loss: 0.881
Epoch   38/50, time: 210.77 s, val_loss: 0.878
Epoch   39/50, time: 143.15 s, training_loss: 0.878
Epoch   39/50, time: 211.60 s, val_loss: 0.862
Epoch   40/50, time: 142.91 s, training_loss: 0.875
Epoch   40/50, time: 212.72 s, val_loss: 0.945
Epoch   41/50, time: 144.48 s, training_loss: 0.870
Epoch   41/50, time: 214.85 s, val_loss: 0.892
Epoch   42/50, time: 148.70 s, training_loss: 0.868
Epoch   42/50, time: 220.09 s, val_loss: 0.930
Epoch   43/50, time: 146.86 s, training_loss: 0.863
Epoch   43/50, time: 216.73 s, val_loss: 0.933
Epoch   44/50, time: 146.94 s, training_loss: 0.863
Epoch   44/50, time: 216.92 s, val_loss: 0.951
Epoch   45/50, time: 144.36 s, training_loss: 0.860
Epoch   45/50, time: 213.78 s, val_loss: 0.762
Epoch   46/50, time: 145.36 s, training_loss: 0.857
Epoch   46/50, time: 214.16 s, val_loss: 0.840
Epoch   47/50, time: 143.60 s, training_loss: 0.853
Epoch   47/50, time: 212.05 s, val_loss: 0.840
Epoch   48/50, time: 143.21 s, training_loss: 0.851
Epoch   48/50, time: 211.35 s, val_loss: 0.912
Epoch   49/50, time: 142.71 s, training_loss: 0.841
Epoch   49/50, time: 212.40 s, val_loss: 0.824
Epoch   50/50, time: 146.23 s, training_loss: 0.841
Epoch   50/50, time: 214.50 s, val_loss: 0.775

Results sorted by validation loss:
Params: (32, 0.0001, 'bce_loss') | Lowest val Loss: inf at epoch 0
Params: (32, 0.0001, 'dice_loss') | Lowest val Loss: inf at epoch 0
Params: (64, 0.0001, 'bce_loss') | Lowest val Loss: inf at epoch 0
Params: (64, 0.0001, 'dice_loss') | Lowest val Loss: inf at epoch 0
Params: (128, 0.0001, 'bce_loss') | Lowest val Loss: inf at epoch 0
Params: (128, 0.0001, 'dice_loss') | Lowest val Loss: inf at epoch 0
