/home/sethih1/masque_new/composnet/ters_gen/check_accuracy_dice.py:44: FutureWarning: You are using `torch.load` with `weights_only=False` (the current default value), which uses the default pickle module implicitly. It is possible to construct malicious pickle data which will execute arbitrary code during unpickling (See https://github.com/pytorch/pytorch/blob/main/SECURITY.md#untrusted-models for more details). In a future release, the default value for `weights_only` will be flipped to `True`. This limits the functions that could be executed during unpickling. Arbitrary objects will no longer be allowed to be loaded via this mode unless they are explicitly allowlisted by the user via `torch.serialization.add_safe_globals`. We recommend you start setting `weights_only=True` for any use case where you don't have full control of the loaded file. Please open an issue on GitHub for any issues related to this experimental feature.
  model = torch.load(
6
0 <class 'tuple'> 1
1 <class 'torch.Tensor'> torch.Size([1, 54, 64, 64])
2 <class 'torch.Tensor'> torch.Size([1, 54, 64, 64])
3 <class 'torch.Tensor'> torch.Size([1, 100, 256, 256])
4 <class 'torch.Tensor'> torch.Size([1, 100])
5 <class 'torch.Tensor'> torch.Size([1, 4, 256, 256])
Eval Metrics:   0%|          | 0/1 [00:00<?, ?it/s]Eval Metrics: 100%|██████████| 1/1 [00:01<00:00,  1.49s/it]Eval Metrics: 100%|██████████| 1/1 [00:01<00:00,  1.49s/it]
tensor([[[[0, 0, 0,  ..., 0, 0, 0],
          [0, 0, 0,  ..., 0, 0, 0],
          [0, 0, 0,  ..., 0, 0, 0],
          ...,
          [0, 0, 0,  ..., 0, 0, 0],
          [0, 0, 0,  ..., 0, 0, 0],
          [0, 0, 0,  ..., 0, 0, 0]],

         [[0, 0, 0,  ..., 0, 0, 0],
          [0, 0, 0,  ..., 0, 0, 0],
          [0, 0, 0,  ..., 0, 0, 0],
          ...,
          [0, 0, 0,  ..., 0, 0, 0],
          [0, 0, 0,  ..., 0, 0, 0],
          [0, 0, 0,  ..., 0, 0, 0]],

         [[0, 0, 0,  ..., 0, 0, 0],
          [0, 0, 0,  ..., 0, 0, 0],
          [0, 0, 0,  ..., 0, 0, 0],
          ...,
          [0, 0, 0,  ..., 0, 0, 0],
          [0, 0, 0,  ..., 0, 0, 0],
          [0, 0, 0,  ..., 0, 0, 0]],

         [[0, 0, 0,  ..., 0, 0, 0],
          [0, 0, 0,  ..., 0, 0, 0],
          [0, 0, 0,  ..., 0, 0, 0],
          ...,
          [0, 0, 0,  ..., 0, 0, 0],
          [0, 0, 0,  ..., 0, 0, 0],
          [0, 0, 0,  ..., 0, 0, 0]]]])
tensor([[[[0., 0., 0.,  ..., 0., 0., 0.],
          [0., 0., 0.,  ..., 0., 0., 0.],
          [0., 0., 0.,  ..., 0., 0., 0.],
          ...,
          [0., 0., 0.,  ..., 0., 0., 0.],
          [0., 0., 0.,  ..., 0., 0., 0.],
          [0., 0., 0.,  ..., 0., 0., 0.]],

         [[0., 0., 0.,  ..., 0., 0., 0.],
          [0., 0., 0.,  ..., 0., 0., 0.],
          [0., 0., 0.,  ..., 0., 0., 0.],
          ...,
          [0., 0., 0.,  ..., 0., 0., 0.],
          [0., 0., 0.,  ..., 0., 0., 0.],
          [0., 0., 0.,  ..., 0., 0., 0.]],

         [[0., 0., 0.,  ..., 0., 0., 0.],
          [0., 0., 0.,  ..., 0., 0., 0.],
          [0., 0., 0.,  ..., 0., 0., 0.],
          ...,
          [0., 0., 0.,  ..., 0., 0., 0.],
          [0., 0., 0.,  ..., 0., 0., 0.],
          [0., 0., 0.,  ..., 0., 0., 0.]],

         [[0., 0., 0.,  ..., 0., 0., 0.],
          [0., 0., 0.,  ..., 0., 0., 0.],
          [0., 0., 0.,  ..., 0., 0., 0.],
          ...,
          [0., 0., 0.,  ..., 0., 0., 0.],
          [0., 0., 0.,  ..., 0., 0., 0.],
          [0., 0., 0.,  ..., 0., 0., 0.]]]])
(4, 256, 256) (4, 256, 256)
1 1
Mean IoU over 1 samples: 0.0057
Mean Dice Coefficient over 1 samples: 0.0113
Traceback (most recent call last):
  File "/home/sethih1/masque_new/composnet/ters_gen/check_accuracy_dice.py", line 220, in <module>
    axs[0,1].imshow((int)(np.argmax(masks_list[idx])), axis=0, cmap=label_cmap)
  File "/scratch/phys/sin/sethih1/venv/masque_env/lib/python3.11/site-packages/matplotlib/__init__.py", line 1476, in inner
    return func(
           ^^^^^
  File "/scratch/phys/sin/sethih1/venv/masque_env/lib/python3.11/site-packages/matplotlib/axes/_axes.py", line 5881, in imshow
    im = mimage.AxesImage(self, cmap=cmap, norm=norm,
         ^^^^^^^^^^^^^^^^^^^^^^^^^^^^^^^^^^^^^^^^^^^^
  File "/scratch/phys/sin/sethih1/venv/masque_env/lib/python3.11/site-packages/matplotlib/image.py", line 925, in __init__
    super().__init__(
  File "/scratch/phys/sin/sethih1/venv/masque_env/lib/python3.11/site-packages/matplotlib/image.py", line 275, in __init__
    self._internal_update(kwargs)
  File "/scratch/phys/sin/sethih1/venv/masque_env/lib/python3.11/site-packages/matplotlib/artist.py", line 1216, in _internal_update
    return self._update_props(
           ^^^^^^^^^^^^^^^^^^^
  File "/scratch/phys/sin/sethih1/venv/masque_env/lib/python3.11/site-packages/matplotlib/artist.py", line 1190, in _update_props
    raise AttributeError(
AttributeError: AxesImage.set() got an unexpected keyword argument 'axis'
