/scratch/phys/sin/sethih1/venv/masque_env/lib/python3.11/site-packages/torch/cuda/__init__.py:129: UserWarning: CUDA initialization: CUDA unknown error - this may be due to an incorrectly set up environment, e.g. changing env variable CUDA_VISIBLE_DEVICES after program start. Setting the available devices to be zero. (Triggered internally at ../c10/cuda/CUDAFunctions.cpp:108.)
  return torch._C._cuda_getDeviceCount() > 0
[I 2025-05-25 14:10:18,609] A new study created in memory with name: no-name-5f664e15-539b-4c7a-8149-4ae24eb1fbbc
/home/sethih1/masque_new/ters_gen/hyperopt.py:32: FutureWarning: suggest_loguniform has been deprecated in v3.0.0. This feature will be removed in v6.0.0. See https://github.com/optuna/optuna/releases/tag/v3.0.0. Use suggest_float(..., log=True) instead.
  lr = trial.suggest_loguniform('lr', config.training.learning_rates[0], config.training.learning_rates[-1])
[Trial 0] Trying batch_size=4, lr=0.00034696802190668064, loss_fn=dice_loss
Epoch    1/1, time: 407.28 s, training_loss: 0.750
Epoch    1/1, time: 466.36 s, val_loss: 0.657
/scratch/phys/sin/sethih1/venv/masque_env/lib/python3.11/site-packages/sklearn/metrics/_classification.py:1565: UndefinedMetricWarning: Precision is ill-defined and being set to 0.0 due to no predicted samples. Use `zero_division` parameter to control this behavior.
  _warn_prf(average, modifier, f"{metric.capitalize()} is", len(result))
Ground Truth:  [[[[0 0 0 ... 0 0 0]
   [0 0 0 ... 0 0 0]
   [0 0 0 ... 0 0 0]
   ...
   [0 0 0 ... 0 0 0]
   [0 0 0 ... 0 0 0]
   [0 0 0 ... 0 0 0]]]


 [[[0 0 0 ... 0 0 0]
   [0 0 0 ... 0 0 0]
   [0 0 0 ... 0 0 0]
   ...
   [0 0 0 ... 0 0 0]
   [0 0 0 ... 0 0 0]
   [0 0 0 ... 0 0 0]]]


 [[[0 0 0 ... 0 0 0]
   [0 0 0 ... 0 0 0]
   [0 0 0 ... 0 0 0]
   ...
   [0 0 0 ... 0 0 0]
   [0 0 0 ... 0 0 0]
   [0 0 0 ... 0 0 0]]]


 ...


 [[[0 0 0 ... 0 0 0]
   [0 0 0 ... 0 0 0]
   [0 0 0 ... 0 0 0]
   ...
   [0 0 0 ... 0 0 0]
   [0 0 0 ... 0 0 0]
   [0 0 0 ... 0 0 0]]]


 [[[0 0 0 ... 0 0 0]
   [0 0 0 ... 0 0 0]
   [0 0 0 ... 0 0 0]
   ...
   [0 0 0 ... 0 0 0]
   [0 0 0 ... 0 0 0]
   [0 0 0 ... 0 0 0]]]


 [[[0 0 0 ... 0 0 0]
   [0 0 0 ... 0 0 0]
   [0 0 0 ... 0 0 0]
   ...
   [0 0 0 ... 0 0 0]
   [0 0 0 ... 0 0 0]
   [0 0 0 ... 0 0 0]]]]
Predictions:  [[[0 0 0 ... 0 0 0]
  [0 0 0 ... 0 0 0]
  [0 0 0 ... 0 0 0]
  ...
  [0 0 0 ... 0 0 0]
  [0 0 0 ... 0 0 0]
  [0 0 0 ... 0 0 0]]

 [[0 0 0 ... 0 0 0]
  [0 0 0 ... 0 0 0]
  [0 0 0 ... 0 0 0]
  ...
  [0 0 0 ... 0 0 0]
  [0 0 0 ... 0 0 0]
  [0 0 0 ... 0 0 0]]

 [[0 0 0 ... 0 0 0]
  [0 0 0 ... 0 0 0]
  [0 0 0 ... 0 0 0]
  ...
  [0 0 0 ... 0 0 0]
  [0 0 0 ... 0 0 0]
  [0 0 0 ... 0 0 0]]

 ...

 [[0 0 0 ... 0 0 0]
  [0 0 0 ... 0 0 0]
  [0 0 0 ... 0 0 0]
  ...
  [0 0 0 ... 0 0 0]
  [0 0 0 ... 0 0 0]
  [0 0 0 ... 0 0 0]]

 [[0 0 0 ... 0 0 0]
  [0 0 0 ... 0 0 0]
  [0 0 0 ... 0 0 0]
  ...
  [0 0 0 ... 0 0 0]
  [0 0 0 ... 0 0 0]
  [0 0 0 ... 0 0 0]]

 [[0 0 0 ... 0 0 0]
  [0 0 0 ... 0 0 0]
  [0 0 0 ... 0 0 0]
  ...
  [0 0 0 ... 0 0 0]
  [0 0 0 ... 0 0 0]
  [0 0 0 ... 0 0 0]]]
slurmstepd: error: *** JOB 7646132 ON dgx8 CANCELLED AT 2025-05-25T14:29:35 DUE TO TIME LIMIT ***
