[I 2025-05-24 16:29:09,102] A new study created in memory with name: no-name-534dddd0-ce59-403a-bc02-2fd1cb6375dc
/home/sethih1/masque_new/ters_gen/hyperopt.py:32: FutureWarning: suggest_loguniform has been deprecated in v3.0.0. This feature will be removed in v6.0.0. See https://github.com/optuna/optuna/releases/tag/v3.0.0. Use suggest_float(..., log=True) instead.
  lr = trial.suggest_loguniform('lr', config.training.learning_rates[0], config.training.learning_rates[-1])
[Trial 0] Trying batch_size=8, lr=0.0008126035769172565, loss_fn=bce_loss
Epoch    1/1, time: 53.10 s, training_loss: 0.202
Epoch    1/1, time: 66.73 s, val_loss: 0.125
/scratch/phys/sin/sethih1/venv/masque_env/lib/python3.11/site-packages/sklearn/metrics/_classification.py:1565: UndefinedMetricWarning: Precision is ill-defined and being set to 0.0 due to no predicted samples. Use `zero_division` parameter to control this behavior.
  _warn_prf(average, modifier, f"{metric.capitalize()} is", len(result))
/scratch/phys/sin/sethih1/venv/masque_env/lib/python3.11/site-packages/sklearn/metrics/_classification.py:1565: UndefinedMetricWarning: Precision is ill-defined and being set to 0.0 due to no predicted samples. Use `zero_division` parameter to control this behavior.
  _warn_prf(average, modifier, f"{metric.capitalize()} is", len(result))
Training Metrics:
Accuracy: 0.9642
Precision: 0.0000
Recall: 0.0000
F1 Score: 0.0000
IoU: 0.0000
Dice Coefficient: 0.0000
Validation Metrics:
Accuracy: 0.9640
Precision: 0.0000
Recall: 0.0000
F1 Score: 0.0000
IoU: 0.0000
Dice Coefficient: 0.0000
/scratch/phys/sin/sethih1/venv/masque_env/lib/python3.11/site-packages/sklearn/metrics/_classification.py:1565: UndefinedMetricWarning: Precision is ill-defined and being set to 0.0 due to no predicted samples. Use `zero_division` parameter to control this behavior.
  _warn_prf(average, modifier, f"{metric.capitalize()} is", len(result))
[I 2025-05-24 16:38:50,845] Trial 0 finished with value: 0.0 and parameters: {'batch_size': 8, 'lr': 0.0008126035769172565, 'loss_fn': 'bce_loss'}. Best is trial 0 with value: 0.0.
/home/sethih1/masque_new/ters_gen/hyperopt.py:32: FutureWarning: suggest_loguniform has been deprecated in v3.0.0. This feature will be removed in v6.0.0. See https://github.com/optuna/optuna/releases/tag/v3.0.0. Use suggest_float(..., log=True) instead.
  lr = trial.suggest_loguniform('lr', config.training.learning_rates[0], config.training.learning_rates[-1])
Test Metrics:
Accuracy: 0.9640
Precision: 0.0000
Recall: 0.0000
F1 Score: 0.0000
IoU: 0.0000
Dice Coefficient: 0.0000
[Trial 0] Finished with val_loss=inf
[Trial 0] Finished with dice_coeff=0.0
[Trial 1] Trying batch_size=2, lr=0.0002101091958765474, loss_fn=bce_loss
Epoch    1/1, time: 52.24 s, training_loss: 0.345
Epoch    1/1, time: 66.54 s, val_loss: 0.204
/scratch/phys/sin/sethih1/venv/masque_env/lib/python3.11/site-packages/sklearn/metrics/_classification.py:1565: UndefinedMetricWarning: Precision is ill-defined and being set to 0.0 due to no predicted samples. Use `zero_division` parameter to control this behavior.
  _warn_prf(average, modifier, f"{metric.capitalize()} is", len(result))
/scratch/phys/sin/sethih1/venv/masque_env/lib/python3.11/site-packages/sklearn/metrics/_classification.py:1565: UndefinedMetricWarning: Precision is ill-defined and being set to 0.0 due to no predicted samples. Use `zero_division` parameter to control this behavior.
  _warn_prf(average, modifier, f"{metric.capitalize()} is", len(result))
Training Metrics:
Accuracy: 0.9642
Precision: 0.0000
Recall: 0.0000
F1 Score: 0.0000
IoU: 0.0000
Dice Coefficient: 0.0000
Validation Metrics:
Accuracy: 0.9640
Precision: 0.0000
Recall: 0.0000
F1 Score: 0.0000
IoU: 0.0000
Dice Coefficient: 0.0000
/scratch/phys/sin/sethih1/venv/masque_env/lib/python3.11/site-packages/sklearn/metrics/_classification.py:1565: UndefinedMetricWarning: Precision is ill-defined and being set to 0.0 due to no predicted samples. Use `zero_division` parameter to control this behavior.
  _warn_prf(average, modifier, f"{metric.capitalize()} is", len(result))
[I 2025-05-24 16:48:42,927] Trial 1 finished with value: 0.0 and parameters: {'batch_size': 2, 'lr': 0.0002101091958765474, 'loss_fn': 'bce_loss'}. Best is trial 0 with value: 0.0.
/home/sethih1/masque_new/ters_gen/hyperopt.py:32: FutureWarning: suggest_loguniform has been deprecated in v3.0.0. This feature will be removed in v6.0.0. See https://github.com/optuna/optuna/releases/tag/v3.0.0. Use suggest_float(..., log=True) instead.
  lr = trial.suggest_loguniform('lr', config.training.learning_rates[0], config.training.learning_rates[-1])
Test Metrics:
Accuracy: 0.9640
Precision: 0.0000
Recall: 0.0000
F1 Score: 0.0000
IoU: 0.0000
Dice Coefficient: 0.0000
[Trial 1] Finished with val_loss=inf
[Trial 1] Finished with dice_coeff=0.0
[Trial 2] Trying batch_size=4, lr=0.00014703044297164258, loss_fn=dice_loss
slurmstepd: error: *** JOB 7639071 ON dgx14 CANCELLED AT 2025-05-24T16:48:55 DUE TO TIME LIMIT ***
