[I 2025-05-23 20:14:58,629] A new study created in memory with name: no-name-6128cc9e-8c22-401b-ac33-9d811b1911cc
/home/sethih1/masque_new/ters_gen/hyperopt.py:32: FutureWarning: suggest_loguniform has been deprecated in v3.0.0. This feature will be removed in v6.0.0. See https://github.com/optuna/optuna/releases/tag/v3.0.0. Use suggest_float(..., log=True) instead.
  lr = trial.suggest_loguniform('lr', config.training.learning_rates[0], config.training.learning_rates[-1])
[Trial 0] Trying batch_size=32, lr=0.0002727927391679571, loss_fn=bce_loss
Epoch    1/50, time: 50.73 s, training_loss: 0.620
Epoch    1/50, time: 62.98 s, val_loss: 0.531
/scratch/phys/sin/sethih1/venv/masque_env/lib/python3.11/site-packages/sklearn/metrics/_classification.py:1565: UndefinedMetricWarning: Precision is ill-defined and being set to 0.0 due to no predicted samples. Use `zero_division` parameter to control this behavior.
  _warn_prf(average, modifier, f"{metric.capitalize()} is", len(result))
/scratch/phys/sin/sethih1/venv/masque_env/lib/python3.11/site-packages/sklearn/metrics/_classification.py:1565: UndefinedMetricWarning: Precision is ill-defined and being set to 0.0 due to no predicted samples. Use `zero_division` parameter to control this behavior.
  _warn_prf(average, modifier, f"{metric.capitalize()} is", len(result))
Training Metrics:
Accuracy: 0.9674
Precision: 0.0000
Recall: 0.0000
F1 Score: 0.0000
IoU: 0.0000
Dice Coefficient: 0.0000
Validation Metrics:
Accuracy: 0.9665
Precision: 0.0000
Recall: 0.0000
F1 Score: 0.0000
IoU: 0.0000
Dice Coefficient: 0.0000
Epoch    2/50, time: 35.12 s, training_loss: 0.462
Epoch    2/50, time: 43.04 s, val_loss: 0.441
/scratch/phys/sin/sethih1/venv/masque_env/lib/python3.11/site-packages/sklearn/metrics/_classification.py:1565: UndefinedMetricWarning: Precision is ill-defined and being set to 0.0 due to no predicted samples. Use `zero_division` parameter to control this behavior.
  _warn_prf(average, modifier, f"{metric.capitalize()} is", len(result))
/scratch/phys/sin/sethih1/venv/masque_env/lib/python3.11/site-packages/sklearn/metrics/_classification.py:1565: UndefinedMetricWarning: Precision is ill-defined and being set to 0.0 due to no predicted samples. Use `zero_division` parameter to control this behavior.
  _warn_prf(average, modifier, f"{metric.capitalize()} is", len(result))
Training Metrics:
Accuracy: 0.9674
Precision: 0.0000
Recall: 0.0000
F1 Score: 0.0000
IoU: 0.0000
Dice Coefficient: 0.0000
Validation Metrics:
Accuracy: 0.9665
Precision: 0.0000
Recall: 0.0000
F1 Score: 0.0000
IoU: 0.0000
Dice Coefficient: 0.0000
Epoch    3/50, time: 28.51 s, training_loss: 0.437
Epoch    3/50, time: 36.64 s, val_loss: 0.454
/scratch/phys/sin/sethih1/venv/masque_env/lib/python3.11/site-packages/sklearn/metrics/_classification.py:1565: UndefinedMetricWarning: Precision is ill-defined and being set to 0.0 due to no predicted samples. Use `zero_division` parameter to control this behavior.
  _warn_prf(average, modifier, f"{metric.capitalize()} is", len(result))
/scratch/phys/sin/sethih1/venv/masque_env/lib/python3.11/site-packages/sklearn/metrics/_classification.py:1565: UndefinedMetricWarning: Precision is ill-defined and being set to 0.0 due to no predicted samples. Use `zero_division` parameter to control this behavior.
  _warn_prf(average, modifier, f"{metric.capitalize()} is", len(result))
Training Metrics:
Accuracy: 0.9674
Precision: 0.0000
Recall: 0.0000
F1 Score: 0.0000
IoU: 0.0000
Dice Coefficient: 0.0000
Validation Metrics:
Accuracy: 0.9665
Precision: 0.0000
Recall: 0.0000
F1 Score: 0.0000
IoU: 0.0000
Dice Coefficient: 0.0000
Epoch    4/50, time: 28.94 s, training_loss: 0.394
Epoch    4/50, time: 36.78 s, val_loss: 0.358
/scratch/phys/sin/sethih1/venv/masque_env/lib/python3.11/site-packages/sklearn/metrics/_classification.py:1565: UndefinedMetricWarning: Precision is ill-defined and being set to 0.0 due to no predicted samples. Use `zero_division` parameter to control this behavior.
  _warn_prf(average, modifier, f"{metric.capitalize()} is", len(result))
/scratch/phys/sin/sethih1/venv/masque_env/lib/python3.11/site-packages/sklearn/metrics/_classification.py:1565: UndefinedMetricWarning: Precision is ill-defined and being set to 0.0 due to no predicted samples. Use `zero_division` parameter to control this behavior.
  _warn_prf(average, modifier, f"{metric.capitalize()} is", len(result))
Training Metrics:
Accuracy: 0.9674
Precision: 0.0000
Recall: 0.0000
F1 Score: 0.0000
IoU: 0.0000
Dice Coefficient: 0.0000
Validation Metrics:
Accuracy: 0.9665
Precision: 0.0000
Recall: 0.0000
F1 Score: 0.0000
IoU: 0.0000
Dice Coefficient: 0.0000
Epoch    5/50, time: 28.02 s, training_loss: 0.352
Epoch    5/50, time: 36.41 s, val_loss: 0.344
/scratch/phys/sin/sethih1/venv/masque_env/lib/python3.11/site-packages/sklearn/metrics/_classification.py:1565: UndefinedMetricWarning: Precision is ill-defined and being set to 0.0 due to no predicted samples. Use `zero_division` parameter to control this behavior.
  _warn_prf(average, modifier, f"{metric.capitalize()} is", len(result))
/scratch/phys/sin/sethih1/venv/masque_env/lib/python3.11/site-packages/sklearn/metrics/_classification.py:1565: UndefinedMetricWarning: Precision is ill-defined and being set to 0.0 due to no predicted samples. Use `zero_division` parameter to control this behavior.
  _warn_prf(average, modifier, f"{metric.capitalize()} is", len(result))
Training Metrics:
Accuracy: 0.9674
Precision: 0.0000
Recall: 0.0000
F1 Score: 0.0000
IoU: 0.0000
Dice Coefficient: 0.0000
Validation Metrics:
Accuracy: 0.9665
Precision: 0.0000
Recall: 0.0000
F1 Score: 0.0000
IoU: 0.0000
Dice Coefficient: 0.0000
Epoch    6/50, time: 27.82 s, training_loss: 0.324
Epoch    6/50, time: 35.76 s, val_loss: 0.316
/scratch/phys/sin/sethih1/venv/masque_env/lib/python3.11/site-packages/sklearn/metrics/_classification.py:1565: UndefinedMetricWarning: Precision is ill-defined and being set to 0.0 due to no predicted samples. Use `zero_division` parameter to control this behavior.
  _warn_prf(average, modifier, f"{metric.capitalize()} is", len(result))
/scratch/phys/sin/sethih1/venv/masque_env/lib/python3.11/site-packages/sklearn/metrics/_classification.py:1565: UndefinedMetricWarning: Precision is ill-defined and being set to 0.0 due to no predicted samples. Use `zero_division` parameter to control this behavior.
  _warn_prf(average, modifier, f"{metric.capitalize()} is", len(result))
Training Metrics:
Accuracy: 0.9674
Precision: 0.0000
Recall: 0.0000
F1 Score: 0.0000
IoU: 0.0000
Dice Coefficient: 0.0000
Validation Metrics:
Accuracy: 0.9665
Precision: 0.0000
Recall: 0.0000
F1 Score: 0.0000
IoU: 0.0000
Dice Coefficient: 0.0000
Epoch    7/50, time: 29.24 s, training_loss: 0.304
Epoch    7/50, time: 37.05 s, val_loss: 0.289
/scratch/phys/sin/sethih1/venv/masque_env/lib/python3.11/site-packages/sklearn/metrics/_classification.py:1565: UndefinedMetricWarning: Precision is ill-defined and being set to 0.0 due to no predicted samples. Use `zero_division` parameter to control this behavior.
  _warn_prf(average, modifier, f"{metric.capitalize()} is", len(result))
/scratch/phys/sin/sethih1/venv/masque_env/lib/python3.11/site-packages/sklearn/metrics/_classification.py:1565: UndefinedMetricWarning: Precision is ill-defined and being set to 0.0 due to no predicted samples. Use `zero_division` parameter to control this behavior.
  _warn_prf(average, modifier, f"{metric.capitalize()} is", len(result))
Training Metrics:
Accuracy: 0.9674
Precision: 0.0000
Recall: 0.0000
F1 Score: 0.0000
IoU: 0.0000
Dice Coefficient: 0.0000
Validation Metrics:
Accuracy: 0.9665
Precision: 0.0000
Recall: 0.0000
F1 Score: 0.0000
IoU: 0.0000
Dice Coefficient: 0.0000
Epoch    8/50, time: 29.31 s, training_loss: 0.280
Epoch    8/50, time: 37.47 s, val_loss: 0.264
/scratch/phys/sin/sethih1/venv/masque_env/lib/python3.11/site-packages/sklearn/metrics/_classification.py:1565: UndefinedMetricWarning: Precision is ill-defined and being set to 0.0 due to no predicted samples. Use `zero_division` parameter to control this behavior.
  _warn_prf(average, modifier, f"{metric.capitalize()} is", len(result))
/scratch/phys/sin/sethih1/venv/masque_env/lib/python3.11/site-packages/sklearn/metrics/_classification.py:1565: UndefinedMetricWarning: Precision is ill-defined and being set to 0.0 due to no predicted samples. Use `zero_division` parameter to control this behavior.
  _warn_prf(average, modifier, f"{metric.capitalize()} is", len(result))
Training Metrics:
Accuracy: 0.9674
Precision: 0.0000
Recall: 0.0000
F1 Score: 0.0000
IoU: 0.0000
Dice Coefficient: 0.0000
Validation Metrics:
Accuracy: 0.9665
Precision: 0.0000
Recall: 0.0000
F1 Score: 0.0000
IoU: 0.0000
Dice Coefficient: 0.0000
Epoch    9/50, time: 27.83 s, training_loss: 0.258
Epoch    9/50, time: 35.75 s, val_loss: 0.249
/scratch/phys/sin/sethih1/venv/masque_env/lib/python3.11/site-packages/sklearn/metrics/_classification.py:1565: UndefinedMetricWarning: Precision is ill-defined and being set to 0.0 due to no predicted samples. Use `zero_division` parameter to control this behavior.
  _warn_prf(average, modifier, f"{metric.capitalize()} is", len(result))
/scratch/phys/sin/sethih1/venv/masque_env/lib/python3.11/site-packages/sklearn/metrics/_classification.py:1565: UndefinedMetricWarning: Precision is ill-defined and being set to 0.0 due to no predicted samples. Use `zero_division` parameter to control this behavior.
  _warn_prf(average, modifier, f"{metric.capitalize()} is", len(result))
Training Metrics:
Accuracy: 0.9674
Precision: 0.0000
Recall: 0.0000
F1 Score: 0.0000
IoU: 0.0000
Dice Coefficient: 0.0000
Validation Metrics:
Accuracy: 0.9665
Precision: 0.0000
Recall: 0.0000
F1 Score: 0.0000
IoU: 0.0000
Dice Coefficient: 0.0000
Epoch   10/50, time: 49.66 s, training_loss: 0.241
Epoch   10/50, time: 57.89 s, val_loss: 0.233
/scratch/phys/sin/sethih1/venv/masque_env/lib/python3.11/site-packages/sklearn/metrics/_classification.py:1565: UndefinedMetricWarning: Precision is ill-defined and being set to 0.0 due to no predicted samples. Use `zero_division` parameter to control this behavior.
  _warn_prf(average, modifier, f"{metric.capitalize()} is", len(result))
/scratch/phys/sin/sethih1/venv/masque_env/lib/python3.11/site-packages/sklearn/metrics/_classification.py:1565: UndefinedMetricWarning: Precision is ill-defined and being set to 0.0 due to no predicted samples. Use `zero_division` parameter to control this behavior.
  _warn_prf(average, modifier, f"{metric.capitalize()} is", len(result))
Training Metrics:
Accuracy: 0.9674
Precision: 0.0000
Recall: 0.0000
F1 Score: 0.0000
IoU: 0.0000
Dice Coefficient: 0.0000
Validation Metrics:
Accuracy: 0.9665
Precision: 0.0000
Recall: 0.0000
F1 Score: 0.0000
IoU: 0.0000
Dice Coefficient: 0.0000
Epoch   11/50, time: 50.84 s, training_loss: 0.225
Epoch   11/50, time: 60.04 s, val_loss: 0.226
/scratch/phys/sin/sethih1/venv/masque_env/lib/python3.11/site-packages/sklearn/metrics/_classification.py:1565: UndefinedMetricWarning: Precision is ill-defined and being set to 0.0 due to no predicted samples. Use `zero_division` parameter to control this behavior.
  _warn_prf(average, modifier, f"{metric.capitalize()} is", len(result))
/scratch/phys/sin/sethih1/venv/masque_env/lib/python3.11/site-packages/sklearn/metrics/_classification.py:1565: UndefinedMetricWarning: Precision is ill-defined and being set to 0.0 due to no predicted samples. Use `zero_division` parameter to control this behavior.
  _warn_prf(average, modifier, f"{metric.capitalize()} is", len(result))
Training Metrics:
Accuracy: 0.9674
Precision: 0.0000
Recall: 0.0000
F1 Score: 0.0000
IoU: 0.0000
Dice Coefficient: 0.0000
Validation Metrics:
Accuracy: 0.9665
Precision: 0.0000
Recall: 0.0000
F1 Score: 0.0000
IoU: 0.0000
Dice Coefficient: 0.0000
Epoch   12/50, time: 55.83 s, training_loss: 0.210
Epoch   12/50, time: 63.71 s, val_loss: 0.200
/scratch/phys/sin/sethih1/venv/masque_env/lib/python3.11/site-packages/sklearn/metrics/_classification.py:1565: UndefinedMetricWarning: Precision is ill-defined and being set to 0.0 due to no predicted samples. Use `zero_division` parameter to control this behavior.
  _warn_prf(average, modifier, f"{metric.capitalize()} is", len(result))
/scratch/phys/sin/sethih1/venv/masque_env/lib/python3.11/site-packages/sklearn/metrics/_classification.py:1565: UndefinedMetricWarning: Precision is ill-defined and being set to 0.0 due to no predicted samples. Use `zero_division` parameter to control this behavior.
  _warn_prf(average, modifier, f"{metric.capitalize()} is", len(result))
Training Metrics:
Accuracy: 0.9674
Precision: 0.0000
Recall: 0.0000
F1 Score: 0.0000
IoU: 0.0000
Dice Coefficient: 0.0000
Validation Metrics:
Accuracy: 0.9665
Precision: 0.0000
Recall: 0.0000
F1 Score: 0.0000
IoU: 0.0000
Dice Coefficient: 0.0000
Epoch   13/50, time: 30.98 s, training_loss: 0.196
Epoch   13/50, time: 39.01 s, val_loss: 0.191
/scratch/phys/sin/sethih1/venv/masque_env/lib/python3.11/site-packages/sklearn/metrics/_classification.py:1565: UndefinedMetricWarning: Precision is ill-defined and being set to 0.0 due to no predicted samples. Use `zero_division` parameter to control this behavior.
  _warn_prf(average, modifier, f"{metric.capitalize()} is", len(result))
/scratch/phys/sin/sethih1/venv/masque_env/lib/python3.11/site-packages/sklearn/metrics/_classification.py:1565: UndefinedMetricWarning: Precision is ill-defined and being set to 0.0 due to no predicted samples. Use `zero_division` parameter to control this behavior.
  _warn_prf(average, modifier, f"{metric.capitalize()} is", len(result))
Training Metrics:
Accuracy: 0.9674
Precision: 0.0000
Recall: 0.0000
F1 Score: 0.0000
IoU: 0.0000
Dice Coefficient: 0.0000
Validation Metrics:
Accuracy: 0.9665
Precision: 0.0000
Recall: 0.0000
F1 Score: 0.0000
IoU: 0.0000
Dice Coefficient: 0.0000
Epoch   14/50, time: 50.18 s, training_loss: 0.185
Epoch   14/50, time: 58.60 s, val_loss: 0.188
/scratch/phys/sin/sethih1/venv/masque_env/lib/python3.11/site-packages/sklearn/metrics/_classification.py:1565: UndefinedMetricWarning: Precision is ill-defined and being set to 0.0 due to no predicted samples. Use `zero_division` parameter to control this behavior.
  _warn_prf(average, modifier, f"{metric.capitalize()} is", len(result))
/scratch/phys/sin/sethih1/venv/masque_env/lib/python3.11/site-packages/sklearn/metrics/_classification.py:1565: UndefinedMetricWarning: Precision is ill-defined and being set to 0.0 due to no predicted samples. Use `zero_division` parameter to control this behavior.
  _warn_prf(average, modifier, f"{metric.capitalize()} is", len(result))
Training Metrics:
Accuracy: 0.9674
Precision: 0.0000
Recall: 0.0000
F1 Score: 0.0000
IoU: 0.0000
Dice Coefficient: 0.0000
Validation Metrics:
Accuracy: 0.9665
Precision: 0.0000
Recall: 0.0000
F1 Score: 0.0000
IoU: 0.0000
Dice Coefficient: 0.0000
Epoch   15/50, time: 28.49 s, training_loss: 0.174
Epoch   15/50, time: 36.42 s, val_loss: 0.169
/scratch/phys/sin/sethih1/venv/masque_env/lib/python3.11/site-packages/sklearn/metrics/_classification.py:1565: UndefinedMetricWarning: Precision is ill-defined and being set to 0.0 due to no predicted samples. Use `zero_division` parameter to control this behavior.
  _warn_prf(average, modifier, f"{metric.capitalize()} is", len(result))
/scratch/phys/sin/sethih1/venv/masque_env/lib/python3.11/site-packages/sklearn/metrics/_classification.py:1565: UndefinedMetricWarning: Precision is ill-defined and being set to 0.0 due to no predicted samples. Use `zero_division` parameter to control this behavior.
  _warn_prf(average, modifier, f"{metric.capitalize()} is", len(result))
Training Metrics:
Accuracy: 0.9674
Precision: 0.0000
Recall: 0.0000
F1 Score: 0.0000
IoU: 0.0000
Dice Coefficient: 0.0000
Validation Metrics:
Accuracy: 0.9665
Precision: 0.0000
Recall: 0.0000
F1 Score: 0.0000
IoU: 0.0000
Dice Coefficient: 0.0000
Epoch   16/50, time: 27.82 s, training_loss: 0.165
Epoch   16/50, time: 35.32 s, val_loss: 0.161
/scratch/phys/sin/sethih1/venv/masque_env/lib/python3.11/site-packages/sklearn/metrics/_classification.py:1565: UndefinedMetricWarning: Precision is ill-defined and being set to 0.0 due to no predicted samples. Use `zero_division` parameter to control this behavior.
  _warn_prf(average, modifier, f"{metric.capitalize()} is", len(result))
/scratch/phys/sin/sethih1/venv/masque_env/lib/python3.11/site-packages/sklearn/metrics/_classification.py:1565: UndefinedMetricWarning: Precision is ill-defined and being set to 0.0 due to no predicted samples. Use `zero_division` parameter to control this behavior.
  _warn_prf(average, modifier, f"{metric.capitalize()} is", len(result))
Training Metrics:
Accuracy: 0.9674
Precision: 0.0000
Recall: 0.0000
F1 Score: 0.0000
IoU: 0.0000
Dice Coefficient: 0.0000
Validation Metrics:
Accuracy: 0.9665
Precision: 0.0000
Recall: 0.0000
F1 Score: 0.0000
IoU: 0.0000
Dice Coefficient: 0.0000
Epoch   17/50, time: 29.00 s, training_loss: 0.155
Epoch   17/50, time: 36.96 s, val_loss: 0.156
/scratch/phys/sin/sethih1/venv/masque_env/lib/python3.11/site-packages/sklearn/metrics/_classification.py:1565: UndefinedMetricWarning: Precision is ill-defined and being set to 0.0 due to no predicted samples. Use `zero_division` parameter to control this behavior.
  _warn_prf(average, modifier, f"{metric.capitalize()} is", len(result))
/scratch/phys/sin/sethih1/venv/masque_env/lib/python3.11/site-packages/sklearn/metrics/_classification.py:1565: UndefinedMetricWarning: Precision is ill-defined and being set to 0.0 due to no predicted samples. Use `zero_division` parameter to control this behavior.
  _warn_prf(average, modifier, f"{metric.capitalize()} is", len(result))
Training Metrics:
Accuracy: 0.9674
Precision: 0.0000
Recall: 0.0000
F1 Score: 0.0000
IoU: 0.0000
Dice Coefficient: 0.0000
Validation Metrics:
Accuracy: 0.9665
Precision: 0.0000
Recall: 0.0000
F1 Score: 0.0000
IoU: 0.0000
Dice Coefficient: 0.0000
Epoch   18/50, time: 28.15 s, training_loss: 0.147
Epoch   18/50, time: 36.18 s, val_loss: 0.148
/scratch/phys/sin/sethih1/venv/masque_env/lib/python3.11/site-packages/sklearn/metrics/_classification.py:1565: UndefinedMetricWarning: Precision is ill-defined and being set to 0.0 due to no predicted samples. Use `zero_division` parameter to control this behavior.
  _warn_prf(average, modifier, f"{metric.capitalize()} is", len(result))
/scratch/phys/sin/sethih1/venv/masque_env/lib/python3.11/site-packages/sklearn/metrics/_classification.py:1565: UndefinedMetricWarning: Precision is ill-defined and being set to 0.0 due to no predicted samples. Use `zero_division` parameter to control this behavior.
  _warn_prf(average, modifier, f"{metric.capitalize()} is", len(result))
Training Metrics:
Accuracy: 0.9674
Precision: 0.0000
Recall: 0.0000
F1 Score: 0.0000
IoU: 0.0000
Dice Coefficient: 0.0000
Validation Metrics:
Accuracy: 0.9665
Precision: 0.0000
Recall: 0.0000
F1 Score: 0.0000
IoU: 0.0000
Dice Coefficient: 0.0000
Epoch   19/50, time: 28.25 s, training_loss: 0.140
Epoch   19/50, time: 35.99 s, val_loss: 0.140
/scratch/phys/sin/sethih1/venv/masque_env/lib/python3.11/site-packages/sklearn/metrics/_classification.py:1565: UndefinedMetricWarning: Precision is ill-defined and being set to 0.0 due to no predicted samples. Use `zero_division` parameter to control this behavior.
  _warn_prf(average, modifier, f"{metric.capitalize()} is", len(result))
/scratch/phys/sin/sethih1/venv/masque_env/lib/python3.11/site-packages/sklearn/metrics/_classification.py:1565: UndefinedMetricWarning: Precision is ill-defined and being set to 0.0 due to no predicted samples. Use `zero_division` parameter to control this behavior.
  _warn_prf(average, modifier, f"{metric.capitalize()} is", len(result))
Training Metrics:
Accuracy: 0.9674
Precision: 0.0000
Recall: 0.0000
F1 Score: 0.0000
IoU: 0.0000
Dice Coefficient: 0.0000
Validation Metrics:
Accuracy: 0.9665
Precision: 0.0000
Recall: 0.0000
F1 Score: 0.0000
IoU: 0.0000
Dice Coefficient: 0.0000
Epoch   20/50, time: 30.53 s, training_loss: 0.132
Epoch   20/50, time: 38.72 s, val_loss: 0.133
/scratch/phys/sin/sethih1/venv/masque_env/lib/python3.11/site-packages/sklearn/metrics/_classification.py:1565: UndefinedMetricWarning: Precision is ill-defined and being set to 0.0 due to no predicted samples. Use `zero_division` parameter to control this behavior.
  _warn_prf(average, modifier, f"{metric.capitalize()} is", len(result))
/scratch/phys/sin/sethih1/venv/masque_env/lib/python3.11/site-packages/sklearn/metrics/_classification.py:1565: UndefinedMetricWarning: Precision is ill-defined and being set to 0.0 due to no predicted samples. Use `zero_division` parameter to control this behavior.
  _warn_prf(average, modifier, f"{metric.capitalize()} is", len(result))
Training Metrics:
Accuracy: 0.9674
Precision: 0.0000
Recall: 0.0000
F1 Score: 0.0000
IoU: 0.0000
Dice Coefficient: 0.0000
Validation Metrics:
Accuracy: 0.9665
Precision: 0.0000
Recall: 0.0000
F1 Score: 0.0000
IoU: 0.0000
Dice Coefficient: 0.0000
Epoch   21/50, time: 29.13 s, training_loss: 0.126
Epoch   21/50, time: 37.12 s, val_loss: 0.123
/scratch/phys/sin/sethih1/venv/masque_env/lib/python3.11/site-packages/sklearn/metrics/_classification.py:1565: UndefinedMetricWarning: Precision is ill-defined and being set to 0.0 due to no predicted samples. Use `zero_division` parameter to control this behavior.
  _warn_prf(average, modifier, f"{metric.capitalize()} is", len(result))
/scratch/phys/sin/sethih1/venv/masque_env/lib/python3.11/site-packages/sklearn/metrics/_classification.py:1565: UndefinedMetricWarning: Precision is ill-defined and being set to 0.0 due to no predicted samples. Use `zero_division` parameter to control this behavior.
  _warn_prf(average, modifier, f"{metric.capitalize()} is", len(result))
Training Metrics:
Accuracy: 0.9674
Precision: 0.0000
Recall: 0.0000
F1 Score: 0.0000
IoU: 0.0000
Dice Coefficient: 0.0000
Validation Metrics:
Accuracy: 0.9665
Precision: 0.0000
Recall: 0.0000
F1 Score: 0.0000
IoU: 0.0000
Dice Coefficient: 0.0000
Epoch   22/50, time: 29.84 s, training_loss: 0.120
Epoch   22/50, time: 37.64 s, val_loss: 0.129
/scratch/phys/sin/sethih1/venv/masque_env/lib/python3.11/site-packages/sklearn/metrics/_classification.py:1565: UndefinedMetricWarning: Precision is ill-defined and being set to 0.0 due to no predicted samples. Use `zero_division` parameter to control this behavior.
  _warn_prf(average, modifier, f"{metric.capitalize()} is", len(result))
/scratch/phys/sin/sethih1/venv/masque_env/lib/python3.11/site-packages/sklearn/metrics/_classification.py:1565: UndefinedMetricWarning: Precision is ill-defined and being set to 0.0 due to no predicted samples. Use `zero_division` parameter to control this behavior.
  _warn_prf(average, modifier, f"{metric.capitalize()} is", len(result))
Training Metrics:
Accuracy: 0.9674
Precision: 0.0000
Recall: 0.0000
F1 Score: 0.0000
IoU: 0.0000
Dice Coefficient: 0.0000
Validation Metrics:
Accuracy: 0.9665
Precision: 0.0000
Recall: 0.0000
F1 Score: 0.0000
IoU: 0.0000
Dice Coefficient: 0.0000
Epoch   23/50, time: 28.28 s, training_loss: 0.114
Epoch   23/50, time: 36.82 s, val_loss: 0.113
/scratch/phys/sin/sethih1/venv/masque_env/lib/python3.11/site-packages/sklearn/metrics/_classification.py:1565: UndefinedMetricWarning: Precision is ill-defined and being set to 0.0 due to no predicted samples. Use `zero_division` parameter to control this behavior.
  _warn_prf(average, modifier, f"{metric.capitalize()} is", len(result))
/scratch/phys/sin/sethih1/venv/masque_env/lib/python3.11/site-packages/sklearn/metrics/_classification.py:1565: UndefinedMetricWarning: Precision is ill-defined and being set to 0.0 due to no predicted samples. Use `zero_division` parameter to control this behavior.
  _warn_prf(average, modifier, f"{metric.capitalize()} is", len(result))
Training Metrics:
Accuracy: 0.9674
Precision: 0.0000
Recall: 0.0000
F1 Score: 0.0000
IoU: 0.0000
Dice Coefficient: 0.0000
Validation Metrics:
Accuracy: 0.9665
Precision: 0.0000
Recall: 0.0000
F1 Score: 0.0000
IoU: 0.0000
Dice Coefficient: 0.0000
Epoch   24/50, time: 29.65 s, training_loss: 0.109
Epoch   24/50, time: 37.77 s, val_loss: 0.114
/scratch/phys/sin/sethih1/venv/masque_env/lib/python3.11/site-packages/sklearn/metrics/_classification.py:1565: UndefinedMetricWarning: Precision is ill-defined and being set to 0.0 due to no predicted samples. Use `zero_division` parameter to control this behavior.
  _warn_prf(average, modifier, f"{metric.capitalize()} is", len(result))
/scratch/phys/sin/sethih1/venv/masque_env/lib/python3.11/site-packages/sklearn/metrics/_classification.py:1565: UndefinedMetricWarning: Precision is ill-defined and being set to 0.0 due to no predicted samples. Use `zero_division` parameter to control this behavior.
  _warn_prf(average, modifier, f"{metric.capitalize()} is", len(result))
Training Metrics:
Accuracy: 0.9674
Precision: 0.0000
Recall: 0.0000
F1 Score: 0.0000
IoU: 0.0000
Dice Coefficient: 0.0000
Validation Metrics:
Accuracy: 0.9665
Precision: 0.0000
Recall: 0.0000
F1 Score: 0.0000
IoU: 0.0000
Dice Coefficient: 0.0000
Epoch   25/50, time: 29.18 s, training_loss: 0.104
Epoch   25/50, time: 37.36 s, val_loss: 0.108
/scratch/phys/sin/sethih1/venv/masque_env/lib/python3.11/site-packages/sklearn/metrics/_classification.py:1565: UndefinedMetricWarning: Precision is ill-defined and being set to 0.0 due to no predicted samples. Use `zero_division` parameter to control this behavior.
  _warn_prf(average, modifier, f"{metric.capitalize()} is", len(result))
/scratch/phys/sin/sethih1/venv/masque_env/lib/python3.11/site-packages/sklearn/metrics/_classification.py:1565: UndefinedMetricWarning: Precision is ill-defined and being set to 0.0 due to no predicted samples. Use `zero_division` parameter to control this behavior.
  _warn_prf(average, modifier, f"{metric.capitalize()} is", len(result))
Training Metrics:
Accuracy: 0.9674
Precision: 0.0000
Recall: 0.0000
F1 Score: 0.0000
IoU: 0.0000
Dice Coefficient: 0.0000
Validation Metrics:
Accuracy: 0.9665
Precision: 0.0000
Recall: 0.0000
F1 Score: 0.0000
IoU: 0.0000
Dice Coefficient: 0.0000
Epoch   26/50, time: 27.89 s, training_loss: 0.098
Epoch   26/50, time: 35.55 s, val_loss: 0.106
/scratch/phys/sin/sethih1/venv/masque_env/lib/python3.11/site-packages/sklearn/metrics/_classification.py:1565: UndefinedMetricWarning: Precision is ill-defined and being set to 0.0 due to no predicted samples. Use `zero_division` parameter to control this behavior.
  _warn_prf(average, modifier, f"{metric.capitalize()} is", len(result))
/scratch/phys/sin/sethih1/venv/masque_env/lib/python3.11/site-packages/sklearn/metrics/_classification.py:1565: UndefinedMetricWarning: Precision is ill-defined and being set to 0.0 due to no predicted samples. Use `zero_division` parameter to control this behavior.
  _warn_prf(average, modifier, f"{metric.capitalize()} is", len(result))
Training Metrics:
Accuracy: 0.9674
Precision: 0.0000
Recall: 0.0000
F1 Score: 0.0000
IoU: 0.0000
Dice Coefficient: 0.0000
Validation Metrics:
Accuracy: 0.9665
Precision: 0.0000
Recall: 0.0000
F1 Score: 0.0000
IoU: 0.0000
Dice Coefficient: 0.0000
Epoch   27/50, time: 28.82 s, training_loss: 0.094
Epoch   27/50, time: 37.51 s, val_loss: 0.105
/scratch/phys/sin/sethih1/venv/masque_env/lib/python3.11/site-packages/sklearn/metrics/_classification.py:1565: UndefinedMetricWarning: Precision is ill-defined and being set to 0.0 due to no predicted samples. Use `zero_division` parameter to control this behavior.
  _warn_prf(average, modifier, f"{metric.capitalize()} is", len(result))
/scratch/phys/sin/sethih1/venv/masque_env/lib/python3.11/site-packages/sklearn/metrics/_classification.py:1565: UndefinedMetricWarning: Precision is ill-defined and being set to 0.0 due to no predicted samples. Use `zero_division` parameter to control this behavior.
  _warn_prf(average, modifier, f"{metric.capitalize()} is", len(result))
Training Metrics:
Accuracy: 0.9674
Precision: 0.0000
Recall: 0.0000
F1 Score: 0.0000
IoU: 0.0000
Dice Coefficient: 0.0000
Validation Metrics:
Accuracy: 0.9665
Precision: 0.0000
Recall: 0.0000
F1 Score: 0.0000
IoU: 0.0000
Dice Coefficient: 0.0000
Epoch   28/50, time: 28.63 s, training_loss: 0.090
Epoch   28/50, time: 37.56 s, val_loss: 0.102
/scratch/phys/sin/sethih1/venv/masque_env/lib/python3.11/site-packages/sklearn/metrics/_classification.py:1565: UndefinedMetricWarning: Precision is ill-defined and being set to 0.0 due to no predicted samples. Use `zero_division` parameter to control this behavior.
  _warn_prf(average, modifier, f"{metric.capitalize()} is", len(result))
/scratch/phys/sin/sethih1/venv/masque_env/lib/python3.11/site-packages/sklearn/metrics/_classification.py:1565: UndefinedMetricWarning: Precision is ill-defined and being set to 0.0 due to no predicted samples. Use `zero_division` parameter to control this behavior.
  _warn_prf(average, modifier, f"{metric.capitalize()} is", len(result))
Training Metrics:
Accuracy: 0.9674
Precision: 0.0000
Recall: 0.0000
F1 Score: 0.0000
IoU: 0.0000
Dice Coefficient: 0.0000
Validation Metrics:
Accuracy: 0.9665
Precision: 0.0000
Recall: 0.0000
F1 Score: 0.0000
IoU: 0.0000
Dice Coefficient: 0.0000
Epoch   29/50, time: 29.72 s, training_loss: 0.086
Epoch   29/50, time: 38.92 s, val_loss: 0.095
/scratch/phys/sin/sethih1/venv/masque_env/lib/python3.11/site-packages/sklearn/metrics/_classification.py:1565: UndefinedMetricWarning: Precision is ill-defined and being set to 0.0 due to no predicted samples. Use `zero_division` parameter to control this behavior.
  _warn_prf(average, modifier, f"{metric.capitalize()} is", len(result))
/scratch/phys/sin/sethih1/venv/masque_env/lib/python3.11/site-packages/sklearn/metrics/_classification.py:1565: UndefinedMetricWarning: Precision is ill-defined and being set to 0.0 due to no predicted samples. Use `zero_division` parameter to control this behavior.
  _warn_prf(average, modifier, f"{metric.capitalize()} is", len(result))
Training Metrics:
Accuracy: 0.9674
Precision: 0.0000
Recall: 0.0000
F1 Score: 0.0000
IoU: 0.0000
Dice Coefficient: 0.0000
Validation Metrics:
Accuracy: 0.9665
Precision: 0.0000
Recall: 0.0000
F1 Score: 0.0000
IoU: 0.0000
Dice Coefficient: 0.0000
Epoch   30/50, time: 29.36 s, training_loss: 0.082
Epoch   30/50, time: 37.60 s, val_loss: 0.095
/scratch/phys/sin/sethih1/venv/masque_env/lib/python3.11/site-packages/sklearn/metrics/_classification.py:1565: UndefinedMetricWarning: Precision is ill-defined and being set to 0.0 due to no predicted samples. Use `zero_division` parameter to control this behavior.
  _warn_prf(average, modifier, f"{metric.capitalize()} is", len(result))
/scratch/phys/sin/sethih1/venv/masque_env/lib/python3.11/site-packages/sklearn/metrics/_classification.py:1565: UndefinedMetricWarning: Precision is ill-defined and being set to 0.0 due to no predicted samples. Use `zero_division` parameter to control this behavior.
  _warn_prf(average, modifier, f"{metric.capitalize()} is", len(result))
Training Metrics:
Accuracy: 0.9674
Precision: 0.0000
Recall: 0.0000
F1 Score: 0.0000
IoU: 0.0000
Dice Coefficient: 0.0000
Validation Metrics:
Accuracy: 0.9665
Precision: 0.0000
Recall: 0.0000
F1 Score: 0.0000
IoU: 0.0000
Dice Coefficient: 0.0000
Epoch   31/50, time: 30.06 s, training_loss: 0.079
Epoch   31/50, time: 37.73 s, val_loss: 0.093
/scratch/phys/sin/sethih1/venv/masque_env/lib/python3.11/site-packages/sklearn/metrics/_classification.py:1565: UndefinedMetricWarning: Precision is ill-defined and being set to 0.0 due to no predicted samples. Use `zero_division` parameter to control this behavior.
  _warn_prf(average, modifier, f"{metric.capitalize()} is", len(result))
/scratch/phys/sin/sethih1/venv/masque_env/lib/python3.11/site-packages/sklearn/metrics/_classification.py:1565: UndefinedMetricWarning: Precision is ill-defined and being set to 0.0 due to no predicted samples. Use `zero_division` parameter to control this behavior.
  _warn_prf(average, modifier, f"{metric.capitalize()} is", len(result))
Training Metrics:
Accuracy: 0.9674
Precision: 0.0000
Recall: 0.0000
F1 Score: 0.0000
IoU: 0.0000
Dice Coefficient: 0.0000
Validation Metrics:
Accuracy: 0.9665
Precision: 0.0000
Recall: 0.0000
F1 Score: 0.0000
IoU: 0.0000
Dice Coefficient: 0.0000
Epoch   32/50, time: 28.39 s, training_loss: 0.079
Epoch   32/50, time: 36.42 s, val_loss: 0.093
/scratch/phys/sin/sethih1/venv/masque_env/lib/python3.11/site-packages/sklearn/metrics/_classification.py:1565: UndefinedMetricWarning: Precision is ill-defined and being set to 0.0 due to no predicted samples. Use `zero_division` parameter to control this behavior.
  _warn_prf(average, modifier, f"{metric.capitalize()} is", len(result))
/scratch/phys/sin/sethih1/venv/masque_env/lib/python3.11/site-packages/sklearn/metrics/_classification.py:1565: UndefinedMetricWarning: Precision is ill-defined and being set to 0.0 due to no predicted samples. Use `zero_division` parameter to control this behavior.
  _warn_prf(average, modifier, f"{metric.capitalize()} is", len(result))
Training Metrics:
Accuracy: 0.9674
Precision: 0.0000
Recall: 0.0000
F1 Score: 0.0000
IoU: 0.0000
Dice Coefficient: 0.0000
Validation Metrics:
Accuracy: 0.9665
Precision: 0.0000
Recall: 0.0000
F1 Score: 0.0000
IoU: 0.0000
Dice Coefficient: 0.0000
Epoch   33/50, time: 27.92 s, training_loss: 0.074
Epoch   33/50, time: 35.58 s, val_loss: 0.090
/scratch/phys/sin/sethih1/venv/masque_env/lib/python3.11/site-packages/sklearn/metrics/_classification.py:1565: UndefinedMetricWarning: Precision is ill-defined and being set to 0.0 due to no predicted samples. Use `zero_division` parameter to control this behavior.
  _warn_prf(average, modifier, f"{metric.capitalize()} is", len(result))
/scratch/phys/sin/sethih1/venv/masque_env/lib/python3.11/site-packages/sklearn/metrics/_classification.py:1565: UndefinedMetricWarning: Precision is ill-defined and being set to 0.0 due to no predicted samples. Use `zero_division` parameter to control this behavior.
  _warn_prf(average, modifier, f"{metric.capitalize()} is", len(result))
Training Metrics:
Accuracy: 0.9674
Precision: 0.0000
Recall: 0.0000
F1 Score: 0.0000
IoU: 0.0000
Dice Coefficient: 0.0000
Validation Metrics:
Accuracy: 0.9665
Precision: 0.0000
Recall: 0.0000
F1 Score: 0.0000
IoU: 0.0000
Dice Coefficient: 0.0000
Epoch   34/50, time: 28.70 s, training_loss: 0.070
Epoch   34/50, time: 37.08 s, val_loss: 0.087
/scratch/phys/sin/sethih1/venv/masque_env/lib/python3.11/site-packages/sklearn/metrics/_classification.py:1565: UndefinedMetricWarning: Precision is ill-defined and being set to 0.0 due to no predicted samples. Use `zero_division` parameter to control this behavior.
  _warn_prf(average, modifier, f"{metric.capitalize()} is", len(result))
/scratch/phys/sin/sethih1/venv/masque_env/lib/python3.11/site-packages/sklearn/metrics/_classification.py:1565: UndefinedMetricWarning: Precision is ill-defined and being set to 0.0 due to no predicted samples. Use `zero_division` parameter to control this behavior.
  _warn_prf(average, modifier, f"{metric.capitalize()} is", len(result))
Training Metrics:
Accuracy: 0.9674
Precision: 0.0000
Recall: 0.0000
F1 Score: 0.0000
IoU: 0.0000
Dice Coefficient: 0.0000
Validation Metrics:
Accuracy: 0.9665
Precision: 0.0000
Recall: 0.0000
F1 Score: 0.0000
IoU: 0.0000
Dice Coefficient: 0.0000
Epoch   35/50, time: 30.76 s, training_loss: 0.066
Epoch   35/50, time: 38.41 s, val_loss: 0.087
/scratch/phys/sin/sethih1/venv/masque_env/lib/python3.11/site-packages/sklearn/metrics/_classification.py:1565: UndefinedMetricWarning: Precision is ill-defined and being set to 0.0 due to no predicted samples. Use `zero_division` parameter to control this behavior.
  _warn_prf(average, modifier, f"{metric.capitalize()} is", len(result))
/scratch/phys/sin/sethih1/venv/masque_env/lib/python3.11/site-packages/sklearn/metrics/_classification.py:1565: UndefinedMetricWarning: Precision is ill-defined and being set to 0.0 due to no predicted samples. Use `zero_division` parameter to control this behavior.
  _warn_prf(average, modifier, f"{metric.capitalize()} is", len(result))
Training Metrics:
Accuracy: 0.9674
Precision: 0.0000
Recall: 0.0000
F1 Score: 0.0000
IoU: 0.0000
Dice Coefficient: 0.0000
Validation Metrics:
Accuracy: 0.9665
Precision: 0.0000
Recall: 0.0000
F1 Score: 0.0000
IoU: 0.0000
Dice Coefficient: 0.0000
Epoch   36/50, time: 29.70 s, training_loss: 0.065
Epoch   36/50, time: 37.91 s, val_loss: 0.086
/scratch/phys/sin/sethih1/venv/masque_env/lib/python3.11/site-packages/sklearn/metrics/_classification.py:1565: UndefinedMetricWarning: Precision is ill-defined and being set to 0.0 due to no predicted samples. Use `zero_division` parameter to control this behavior.
  _warn_prf(average, modifier, f"{metric.capitalize()} is", len(result))
/scratch/phys/sin/sethih1/venv/masque_env/lib/python3.11/site-packages/sklearn/metrics/_classification.py:1565: UndefinedMetricWarning: Precision is ill-defined and being set to 0.0 due to no predicted samples. Use `zero_division` parameter to control this behavior.
  _warn_prf(average, modifier, f"{metric.capitalize()} is", len(result))
Training Metrics:
Accuracy: 0.9674
Precision: 0.0000
Recall: 0.0000
F1 Score: 0.0000
IoU: 0.0000
Dice Coefficient: 0.0000
Validation Metrics:
Accuracy: 0.9665
Precision: 0.0000
Recall: 0.0000
F1 Score: 0.0000
IoU: 0.0000
Dice Coefficient: 0.0000
Epoch   37/50, time: 28.54 s, training_loss: 0.063
Epoch   37/50, time: 36.47 s, val_loss: 0.084
/scratch/phys/sin/sethih1/venv/masque_env/lib/python3.11/site-packages/sklearn/metrics/_classification.py:1565: UndefinedMetricWarning: Precision is ill-defined and being set to 0.0 due to no predicted samples. Use `zero_division` parameter to control this behavior.
  _warn_prf(average, modifier, f"{metric.capitalize()} is", len(result))
/scratch/phys/sin/sethih1/venv/masque_env/lib/python3.11/site-packages/sklearn/metrics/_classification.py:1565: UndefinedMetricWarning: Precision is ill-defined and being set to 0.0 due to no predicted samples. Use `zero_division` parameter to control this behavior.
  _warn_prf(average, modifier, f"{metric.capitalize()} is", len(result))
Training Metrics:
Accuracy: 0.9674
Precision: 0.0000
Recall: 0.0000
F1 Score: 0.0000
IoU: 0.0000
Dice Coefficient: 0.0000
Validation Metrics:
Accuracy: 0.9665
Precision: 0.0000
Recall: 0.0000
F1 Score: 0.0000
IoU: 0.0000
Dice Coefficient: 0.0000
Epoch   38/50, time: 30.70 s, training_loss: 0.060
Epoch   38/50, time: 38.85 s, val_loss: 0.086
/scratch/phys/sin/sethih1/venv/masque_env/lib/python3.11/site-packages/sklearn/metrics/_classification.py:1565: UndefinedMetricWarning: Precision is ill-defined and being set to 0.0 due to no predicted samples. Use `zero_division` parameter to control this behavior.
  _warn_prf(average, modifier, f"{metric.capitalize()} is", len(result))
/scratch/phys/sin/sethih1/venv/masque_env/lib/python3.11/site-packages/sklearn/metrics/_classification.py:1565: UndefinedMetricWarning: Precision is ill-defined and being set to 0.0 due to no predicted samples. Use `zero_division` parameter to control this behavior.
  _warn_prf(average, modifier, f"{metric.capitalize()} is", len(result))
Training Metrics:
Accuracy: 0.9674
Precision: 0.0000
Recall: 0.0000
F1 Score: 0.0000
IoU: 0.0000
Dice Coefficient: 0.0000
Validation Metrics:
Accuracy: 0.9665
Precision: 0.0000
Recall: 0.0000
F1 Score: 0.0000
IoU: 0.0000
Dice Coefficient: 0.0000
Epoch   39/50, time: 27.89 s, training_loss: 0.057
Epoch   39/50, time: 35.75 s, val_loss: 0.083
/scratch/phys/sin/sethih1/venv/masque_env/lib/python3.11/site-packages/sklearn/metrics/_classification.py:1565: UndefinedMetricWarning: Precision is ill-defined and being set to 0.0 due to no predicted samples. Use `zero_division` parameter to control this behavior.
  _warn_prf(average, modifier, f"{metric.capitalize()} is", len(result))
/scratch/phys/sin/sethih1/venv/masque_env/lib/python3.11/site-packages/sklearn/metrics/_classification.py:1565: UndefinedMetricWarning: Precision is ill-defined and being set to 0.0 due to no predicted samples. Use `zero_division` parameter to control this behavior.
  _warn_prf(average, modifier, f"{metric.capitalize()} is", len(result))
Training Metrics:
Accuracy: 0.9674
Precision: 0.0000
Recall: 0.0000
F1 Score: 0.0000
IoU: 0.0000
Dice Coefficient: 0.0000
Validation Metrics:
Accuracy: 0.9665
Precision: 0.0000
Recall: 0.0000
F1 Score: 0.0000
IoU: 0.0000
Dice Coefficient: 0.0000
Epoch   40/50, time: 58.52 s, training_loss: 0.055
Epoch   40/50, time: 71.68 s, val_loss: 0.085
/scratch/phys/sin/sethih1/venv/masque_env/lib/python3.11/site-packages/sklearn/metrics/_classification.py:1565: UndefinedMetricWarning: Precision is ill-defined and being set to 0.0 due to no predicted samples. Use `zero_division` parameter to control this behavior.
  _warn_prf(average, modifier, f"{metric.capitalize()} is", len(result))
/scratch/phys/sin/sethih1/venv/masque_env/lib/python3.11/site-packages/sklearn/metrics/_classification.py:1565: UndefinedMetricWarning: Precision is ill-defined and being set to 0.0 due to no predicted samples. Use `zero_division` parameter to control this behavior.
  _warn_prf(average, modifier, f"{metric.capitalize()} is", len(result))
Training Metrics:
Accuracy: 0.9674
Precision: 0.0000
Recall: 0.0000
F1 Score: 0.0000
IoU: 0.0000
Dice Coefficient: 0.0000
Validation Metrics:
Accuracy: 0.9665
Precision: 0.0000
Recall: 0.0000
F1 Score: 0.0000
IoU: 0.0000
Dice Coefficient: 0.0000
Epoch   41/50, time: 48.59 s, training_loss: 0.053
Epoch   41/50, time: 56.35 s, val_loss: 0.083
/scratch/phys/sin/sethih1/venv/masque_env/lib/python3.11/site-packages/sklearn/metrics/_classification.py:1565: UndefinedMetricWarning: Precision is ill-defined and being set to 0.0 due to no predicted samples. Use `zero_division` parameter to control this behavior.
  _warn_prf(average, modifier, f"{metric.capitalize()} is", len(result))
/scratch/phys/sin/sethih1/venv/masque_env/lib/python3.11/site-packages/sklearn/metrics/_classification.py:1565: UndefinedMetricWarning: Precision is ill-defined and being set to 0.0 due to no predicted samples. Use `zero_division` parameter to control this behavior.
  _warn_prf(average, modifier, f"{metric.capitalize()} is", len(result))
Training Metrics:
Accuracy: 0.9674
Precision: 0.0000
Recall: 0.0000
F1 Score: 0.0000
IoU: 0.0000
Dice Coefficient: 0.0000
Validation Metrics:
Accuracy: 0.9665
Precision: 0.0000
Recall: 0.0000
F1 Score: 0.0000
IoU: 0.0000
Dice Coefficient: 0.0000
Epoch   42/50, time: 46.72 s, training_loss: 0.050
Epoch   42/50, time: 54.81 s, val_loss: 0.083
/scratch/phys/sin/sethih1/venv/masque_env/lib/python3.11/site-packages/sklearn/metrics/_classification.py:1565: UndefinedMetricWarning: Precision is ill-defined and being set to 0.0 due to no predicted samples. Use `zero_division` parameter to control this behavior.
  _warn_prf(average, modifier, f"{metric.capitalize()} is", len(result))
/scratch/phys/sin/sethih1/venv/masque_env/lib/python3.11/site-packages/sklearn/metrics/_classification.py:1565: UndefinedMetricWarning: Precision is ill-defined and being set to 0.0 due to no predicted samples. Use `zero_division` parameter to control this behavior.
  _warn_prf(average, modifier, f"{metric.capitalize()} is", len(result))
Training Metrics:
Accuracy: 0.9674
Precision: 0.0000
Recall: 0.0000
F1 Score: 0.0000
IoU: 0.0000
Dice Coefficient: 0.0000
Validation Metrics:
Accuracy: 0.9665
Precision: 0.0000
Recall: 0.0000
F1 Score: 0.0000
IoU: 0.0000
Dice Coefficient: 0.0000
Epoch   43/50, time: 27.83 s, training_loss: 0.048
Epoch   43/50, time: 35.77 s, val_loss: 0.087
/scratch/phys/sin/sethih1/venv/masque_env/lib/python3.11/site-packages/sklearn/metrics/_classification.py:1565: UndefinedMetricWarning: Precision is ill-defined and being set to 0.0 due to no predicted samples. Use `zero_division` parameter to control this behavior.
  _warn_prf(average, modifier, f"{metric.capitalize()} is", len(result))
/scratch/phys/sin/sethih1/venv/masque_env/lib/python3.11/site-packages/sklearn/metrics/_classification.py:1565: UndefinedMetricWarning: Precision is ill-defined and being set to 0.0 due to no predicted samples. Use `zero_division` parameter to control this behavior.
  _warn_prf(average, modifier, f"{metric.capitalize()} is", len(result))
Training Metrics:
Accuracy: 0.9674
Precision: 0.0000
Recall: 0.0000
F1 Score: 0.0000
IoU: 0.0000
Dice Coefficient: 0.0000
Validation Metrics:
Accuracy: 0.9665
Precision: 0.0000
Recall: 0.0000
F1 Score: 0.0000
IoU: 0.0000
Dice Coefficient: 0.0000
Epoch   44/50, time: 28.14 s, training_loss: 0.047
Epoch   44/50, time: 36.07 s, val_loss: 0.091
/scratch/phys/sin/sethih1/venv/masque_env/lib/python3.11/site-packages/sklearn/metrics/_classification.py:1565: UndefinedMetricWarning: Precision is ill-defined and being set to 0.0 due to no predicted samples. Use `zero_division` parameter to control this behavior.
  _warn_prf(average, modifier, f"{metric.capitalize()} is", len(result))
/scratch/phys/sin/sethih1/venv/masque_env/lib/python3.11/site-packages/sklearn/metrics/_classification.py:1565: UndefinedMetricWarning: Precision is ill-defined and being set to 0.0 due to no predicted samples. Use `zero_division` parameter to control this behavior.
  _warn_prf(average, modifier, f"{metric.capitalize()} is", len(result))
Training Metrics:
Accuracy: 0.9674
Precision: 0.0000
Recall: 0.0000
F1 Score: 0.0000
IoU: 0.0000
Dice Coefficient: 0.0000
Validation Metrics:
Accuracy: 0.9665
Precision: 0.0000
Recall: 0.0000
F1 Score: 0.0000
IoU: 0.0000
Dice Coefficient: 0.0000
Epoch   45/50, time: 27.70 s, training_loss: 0.045
Epoch   45/50, time: 35.31 s, val_loss: 0.086
/scratch/phys/sin/sethih1/venv/masque_env/lib/python3.11/site-packages/sklearn/metrics/_classification.py:1565: UndefinedMetricWarning: Precision is ill-defined and being set to 0.0 due to no predicted samples. Use `zero_division` parameter to control this behavior.
  _warn_prf(average, modifier, f"{metric.capitalize()} is", len(result))
slurmstepd: error: *** JOB 7622388 ON gpu13 CANCELLED AT 2025-05-24T01:33:13 ***
