/home/sethih1/masque_new/composnet/ters_gen/check_accuracy_dice.py:46: FutureWarning: You are using `torch.load` with `weights_only=False` (the current default value), which uses the default pickle module implicitly. It is possible to construct malicious pickle data which will execute arbitrary code during unpickling (See https://github.com/pytorch/pytorch/blob/main/SECURITY.md#untrusted-models for more details). In a future release, the default value for `weights_only` will be flipped to `True`. This limits the functions that could be executed during unpickling. Arbitrary objects will no longer be allowed to be loaded via this mode unless they are explicitly allowlisted by the user via `torch.serialization.add_safe_globals`. We recommend you start setting `weights_only=True` for any use case where you don't have full control of the loaded file. Please open an issue on GitHub for any issues related to this experimental feature.
  model = torch.load(
6
0 <class 'tuple'> 32
1 <class 'torch.Tensor'> torch.Size([32, 54, 64, 64])
2 <class 'torch.Tensor'> torch.Size([32, 54, 64, 64])
3 <class 'torch.Tensor'> torch.Size([32, 100, 256, 256])
4 <class 'torch.Tensor'> torch.Size([32, 100])
5 <class 'torch.Tensor'> torch.Size([32, 4, 256, 256])
Eval Metrics:   0%|          | 0/10 [00:00<?, ?it/s]Eval Metrics:  10%|█         | 1/10 [00:05<00:49,  5.54s/it]Eval Metrics:  20%|██        | 2/10 [00:10<00:42,  5.29s/it]Eval Metrics:  30%|███       | 3/10 [00:15<00:34,  4.96s/it]Eval Metrics:  40%|████      | 4/10 [00:20<00:30,  5.12s/it]Eval Metrics:  50%|█████     | 5/10 [00:25<00:25,  5.19s/it]Eval Metrics:  60%|██████    | 6/10 [00:30<00:20,  5.10s/it]Eval Metrics:  70%|███████   | 7/10 [00:35<00:15,  5.02s/it]Eval Metrics:  80%|████████  | 8/10 [00:40<00:09,  4.97s/it]Eval Metrics:  90%|█████████ | 9/10 [00:45<00:05,  5.00s/it]Eval Metrics: 100%|██████████| 10/10 [00:46<00:00,  3.63s/it]Eval Metrics: 100%|██████████| 10/10 [00:46<00:00,  4.62s/it]
probs shape: torch.Size([32, 4, 256, 256])
preds shape: torch.Size([32, 4, 256, 256])
probs shape: torch.Size([32, 4, 256, 256])
preds shape: torch.Size([32, 4, 256, 256])
probs shape: torch.Size([32, 4, 256, 256])
preds shape: torch.Size([32, 4, 256, 256])
probs shape: torch.Size([32, 4, 256, 256])
preds shape: torch.Size([32, 4, 256, 256])
probs shape: torch.Size([32, 4, 256, 256])
preds shape: torch.Size([32, 4, 256, 256])
probs shape: torch.Size([32, 4, 256, 256])
preds shape: torch.Size([32, 4, 256, 256])
probs shape: torch.Size([32, 4, 256, 256])
preds shape: torch.Size([32, 4, 256, 256])
probs shape: torch.Size([32, 4, 256, 256])
preds shape: torch.Size([32, 4, 256, 256])
probs shape: torch.Size([32, 4, 256, 256])
preds shape: torch.Size([32, 4, 256, 256])
probs shape: torch.Size([3, 4, 256, 256])
preds shape: torch.Size([3, 4, 256, 256])
(4, 256, 256) (4, 256, 256)
291 291
Mean IoU over 291 samples: 0.4775
Mean Dice Coefficient over 291 samples: 0.6307
Traceback (most recent call last):
  File "/home/sethih1/masque_new/composnet/ters_gen/check_accuracy_dice.py", line 231, in <module>
    axs[0,2].imshow(mask_n, cmap=label_cmap)
  File "/scratch/phys/sin/sethih1/venv/masque_env/lib/python3.11/site-packages/matplotlib/__init__.py", line 1521, in inner
    return func(
           ^^^^^
  File "/scratch/phys/sin/sethih1/venv/masque_env/lib/python3.11/site-packages/matplotlib/axes/_axes.py", line 5979, in imshow
    im.set_data(X)
  File "/scratch/phys/sin/sethih1/venv/masque_env/lib/python3.11/site-packages/matplotlib/image.py", line 685, in set_data
    self._A = self._normalize_image_array(A)
              ^^^^^^^^^^^^^^^^^^^^^^^^^^^^^^
  File "/scratch/phys/sin/sethih1/venv/masque_env/lib/python3.11/site-packages/matplotlib/image.py", line 653, in _normalize_image_array
    raise TypeError(f"Invalid shape {A.shape} for image data")
TypeError: Invalid shape (5, 256, 256) for image data
