Using device: cuda
Configuration
data:
  path: /scratch/phys/sin/sethih1/data_files/planar_molecules_256
  split_by_id: 0
log_path: /scratch/phys/sin/sethih1/runs_ters/planar_256/config12/
model:
  att_channels: 128
  filters:
  - 16
  - 32
  - 64
  - 128
  in_channels: 400
  kernel_size:
  - 3
  - 3
  - 3
  - 3
  out_channels: 4
  type: AttentionUNet
save_path: /scratch/phys/sin/sethih1/models/planar_256/config12/
training:
  batch_sizes:
  - 32
  - 64
  - 128
  epochs: 50
  learning_rates:
  - 0.0001
  loss_functions:
  - bce_loss
  - dice_loss

Data Loaded
Data loaded
Training with paramaeters:  (32, 0.0001, 'bce_loss')
Epoch    1/50, time: 121.55 s, training_loss: 0.628
Epoch    1/50, time: 141.63 s, val_loss: 0.619
Epoch    2/50, time: 121.47 s, training_loss: 0.534
Epoch    2/50, time: 140.87 s, val_loss: 0.510
Epoch    3/50, time: 121.44 s, training_loss: 0.495
Epoch    3/50, time: 141.15 s, val_loss: 0.487
Epoch    4/50, time: 122.22 s, training_loss: 0.478
Epoch    4/50, time: 141.98 s, val_loss: 0.471
Epoch    5/50, time: 120.89 s, training_loss: 0.464
Epoch    5/50, time: 140.69 s, val_loss: 0.461
Epoch    6/50, time: 121.31 s, training_loss: 0.451
Epoch    6/50, time: 141.16 s, val_loss: 0.446
Epoch    7/50, time: 121.34 s, training_loss: 0.439
Epoch    7/50, time: 141.12 s, val_loss: 0.434
Epoch    8/50, time: 123.30 s, training_loss: 0.428
Epoch    8/50, time: 142.96 s, val_loss: 0.426
Epoch    9/50, time: 122.13 s, training_loss: 0.418
Epoch    9/50, time: 141.78 s, val_loss: 0.415
Epoch   10/50, time: 121.62 s, training_loss: 0.411
Epoch   10/50, time: 141.22 s, val_loss: 0.411
Epoch   11/50, time: 123.01 s, training_loss: 0.403
Epoch   11/50, time: 142.70 s, val_loss: 0.401
Epoch   12/50, time: 121.43 s, training_loss: 0.390
Epoch   12/50, time: 141.06 s, val_loss: 0.384
Epoch   13/50, time: 121.99 s, training_loss: 0.379
Epoch   13/50, time: 141.68 s, val_loss: 0.375
Epoch   14/50, time: 120.64 s, training_loss: 0.370
Epoch   14/50, time: 139.92 s, val_loss: 0.365
Epoch   15/50, time: 121.31 s, training_loss: 0.360
Epoch   15/50, time: 140.74 s, val_loss: 0.356
Epoch   16/50, time: 122.16 s, training_loss: 0.351
Epoch   16/50, time: 141.82 s, val_loss: 0.345
Epoch   17/50, time: 121.43 s, training_loss: 0.342
Epoch   17/50, time: 140.63 s, val_loss: 0.338
Epoch   18/50, time: 120.29 s, training_loss: 0.334
Epoch   18/50, time: 140.02 s, val_loss: 0.328
Epoch   19/50, time: 121.56 s, training_loss: 0.325
Epoch   19/50, time: 141.41 s, val_loss: 0.316
Epoch   20/50, time: 120.84 s, training_loss: 0.317
Epoch   20/50, time: 140.53 s, val_loss: 0.314
Epoch   21/50, time: 121.74 s, training_loss: 0.308
Epoch   21/50, time: 141.14 s, val_loss: 0.305
Epoch   22/50, time: 123.61 s, training_loss: 0.300
Epoch   22/50, time: 143.31 s, val_loss: 0.294
Epoch   23/50, time: 121.22 s, training_loss: 0.292
Epoch   23/50, time: 140.96 s, val_loss: 0.288
Epoch   24/50, time: 122.43 s, training_loss: 0.284
Epoch   24/50, time: 142.28 s, val_loss: 0.280
Epoch   25/50, time: 121.48 s, training_loss: 0.277
Epoch   25/50, time: 140.86 s, val_loss: 0.270
Epoch   26/50, time: 122.32 s, training_loss: 0.270
Epoch   26/50, time: 142.14 s, val_loss: 0.268
Epoch   27/50, time: 121.75 s, training_loss: 0.262
Epoch   27/50, time: 141.16 s, val_loss: 0.261
Epoch   28/50, time: 125.90 s, training_loss: 0.256
Epoch   28/50, time: 145.80 s, val_loss: 0.251
Epoch   29/50, time: 122.50 s, training_loss: 0.248
Epoch   29/50, time: 142.25 s, val_loss: 0.245
Epoch   30/50, time: 122.73 s, training_loss: 0.241
Epoch   30/50, time: 142.04 s, val_loss: 0.236
Epoch   31/50, time: 120.82 s, training_loss: 0.235
Epoch   31/50, time: 140.22 s, val_loss: 0.232
Epoch   32/50, time: 122.05 s, training_loss: 0.229
Epoch   32/50, time: 141.47 s, val_loss: 0.226
Epoch   33/50, time: 121.72 s, training_loss: 0.222
Epoch   33/50, time: 141.23 s, val_loss: 0.218
Epoch   34/50, time: 121.00 s, training_loss: 0.216
Epoch   34/50, time: 140.78 s, val_loss: 0.215
Epoch   35/50, time: 123.43 s, training_loss: 0.210
Epoch   35/50, time: 142.93 s, val_loss: 0.210
Epoch   36/50, time: 121.59 s, training_loss: 0.205
Epoch   36/50, time: 141.59 s, val_loss: 0.201
Epoch   37/50, time: 121.30 s, training_loss: 0.199
Epoch   37/50, time: 141.03 s, val_loss: 0.198
Epoch   38/50, time: 122.65 s, training_loss: 0.193
Epoch   38/50, time: 142.37 s, val_loss: 0.191
Epoch   39/50, time: 121.24 s, training_loss: 0.188
Epoch   39/50, time: 140.82 s, val_loss: 0.181
Epoch   40/50, time: 121.74 s, training_loss: 0.184
Epoch   40/50, time: 141.14 s, val_loss: 0.182
Epoch   41/50, time: 121.25 s, training_loss: 0.180
Epoch   41/50, time: 141.28 s, val_loss: 0.174
Epoch   42/50, time: 120.36 s, training_loss: 0.172
Epoch   42/50, time: 139.97 s, val_loss: 0.169
Epoch   43/50, time: 120.27 s, training_loss: 0.166
Epoch   43/50, time: 140.41 s, val_loss: 0.164
Epoch   44/50, time: 120.78 s, training_loss: 0.160
Epoch   44/50, time: 140.39 s, val_loss: 0.158
Epoch   45/50, time: 122.70 s, training_loss: 0.155
Epoch   45/50, time: 142.60 s, val_loss: 0.154
Epoch   46/50, time: 120.06 s, training_loss: 0.150
Epoch   46/50, time: 139.72 s, val_loss: 0.148
Epoch   47/50, time: 121.36 s, training_loss: 0.145
Epoch   47/50, time: 141.14 s, val_loss: 0.145
Epoch   48/50, time: 123.04 s, training_loss: 0.140
Epoch   48/50, time: 142.88 s, val_loss: 0.139
Epoch   49/50, time: 120.56 s, training_loss: 0.136
Epoch   49/50, time: 140.20 s, val_loss: 0.133
Epoch   50/50, time: 121.30 s, training_loss: 0.131
Epoch   50/50, time: 141.19 s, val_loss: 0.130
Training with paramaeters:  (32, 0.0001, 'dice_loss')
Epoch    1/50, time: 120.75 s, training_loss: 0.973
Epoch    1/50, time: 140.83 s, val_loss: 0.981
Epoch    2/50, time: 122.41 s, training_loss: 0.967
Epoch    2/50, time: 141.83 s, val_loss: 0.965
Epoch    3/50, time: 122.12 s, training_loss: 0.965
Epoch    3/50, time: 141.20 s, val_loss: 0.962
Epoch    4/50, time: 121.69 s, training_loss: 0.963
Epoch    4/50, time: 140.98 s, val_loss: 0.963
Epoch    5/50, time: 120.57 s, training_loss: 0.960
Epoch    5/50, time: 139.86 s, val_loss: 0.962
Epoch    6/50, time: 121.63 s, training_loss: 0.958
Epoch    6/50, time: 141.07 s, val_loss: 0.955
Epoch    7/50, time: 120.41 s, training_loss: 0.955
Epoch    7/50, time: 140.27 s, val_loss: 0.961
Epoch    8/50, time: 121.45 s, training_loss: 0.952
Epoch    8/50, time: 141.16 s, val_loss: 0.966
Epoch    9/50, time: 122.21 s, training_loss: 0.948
Epoch    9/50, time: 142.19 s, val_loss: 0.959
Epoch   10/50, time: 121.77 s, training_loss: 0.943
Epoch   10/50, time: 141.69 s, val_loss: 0.961
Epoch   11/50, time: 122.51 s, training_loss: 0.937
Epoch   11/50, time: 142.15 s, val_loss: 0.947
Epoch   12/50, time: 122.35 s, training_loss: 0.929
Epoch   12/50, time: 142.27 s, val_loss: 0.941
Epoch   13/50, time: 122.25 s, training_loss: 0.918
Epoch   13/50, time: 141.82 s, val_loss: 0.913
Epoch   14/50, time: 121.30 s, training_loss: 0.906
Epoch   14/50, time: 141.21 s, val_loss: 0.895
Epoch   15/50, time: 120.42 s, training_loss: 0.893
Epoch   15/50, time: 139.93 s, val_loss: 0.903
Epoch   16/50, time: 121.74 s, training_loss: 0.878
Epoch   16/50, time: 141.59 s, val_loss: 0.902
Epoch   17/50, time: 121.50 s, training_loss: 0.864
Epoch   17/50, time: 141.03 s, val_loss: 0.922
Epoch   18/50, time: 120.66 s, training_loss: 0.852
Epoch   18/50, time: 140.31 s, val_loss: 0.919
Epoch   19/50, time: 122.52 s, training_loss: 0.841
Epoch   19/50, time: 142.30 s, val_loss: 0.876
Epoch   20/50, time: 121.50 s, training_loss: 0.829
Epoch   20/50, time: 141.20 s, val_loss: 0.916
Epoch   21/50, time: 121.26 s, training_loss: 0.815
Epoch   21/50, time: 140.75 s, val_loss: 0.861
Epoch   22/50, time: 122.16 s, training_loss: 0.804
Epoch   22/50, time: 141.73 s, val_loss: 0.819
Epoch   23/50, time: 122.86 s, training_loss: 0.790
Epoch   23/50, time: 142.54 s, val_loss: 0.853
Epoch   24/50, time: 122.33 s, training_loss: 0.779
Epoch   24/50, time: 143.13 s, val_loss: 0.778
Epoch   25/50, time: 121.90 s, training_loss: 0.765
Epoch   25/50, time: 141.79 s, val_loss: 0.882
Epoch   26/50, time: 122.00 s, training_loss: 0.748
Epoch   26/50, time: 141.85 s, val_loss: 0.860
Epoch   27/50, time: 122.14 s, training_loss: 0.738
Epoch   27/50, time: 141.92 s, val_loss: 0.838
Epoch   28/50, time: 122.89 s, training_loss: 0.728
Epoch   28/50, time: 143.03 s, val_loss: 0.804
Epoch   29/50, time: 121.90 s, training_loss: 0.712
Epoch   29/50, time: 141.46 s, val_loss: 0.843
Epoch   30/50, time: 120.45 s, training_loss: 0.710
Epoch   30/50, time: 140.60 s, val_loss: 0.819
Epoch   31/50, time: 122.64 s, training_loss: 0.694
Epoch   31/50, time: 142.39 s, val_loss: 0.817
Epoch   32/50, time: 122.71 s, training_loss: 0.689
Epoch   32/50, time: 142.22 s, val_loss: 0.743
Epoch   33/50, time: 121.86 s, training_loss: 0.662
Epoch   33/50, time: 141.76 s, val_loss: 0.849
Epoch   34/50, time: 121.74 s, training_loss: 0.665
Epoch   34/50, time: 141.52 s, val_loss: 0.816
Epoch   35/50, time: 121.39 s, training_loss: 0.663
Epoch   35/50, time: 141.24 s, val_loss: 0.766
Epoch   36/50, time: 121.84 s, training_loss: 0.639
Epoch   36/50, time: 141.70 s, val_loss: 0.766
Epoch   37/50, time: 121.15 s, training_loss: 0.635
Epoch   37/50, time: 141.31 s, val_loss: 0.807
Epoch   38/50, time: 122.08 s, training_loss: 0.621
Epoch   38/50, time: 141.75 s, val_loss: 0.740
Epoch   39/50, time: 121.21 s, training_loss: 0.619
Epoch   39/50, time: 140.70 s, val_loss: 0.699
Epoch   40/50, time: 120.67 s, training_loss: 0.607
Epoch   40/50, time: 140.72 s, val_loss: 0.717
Epoch   41/50, time: 120.86 s, training_loss: 0.596
Epoch   41/50, time: 140.46 s, val_loss: 0.748
Epoch   42/50, time: 120.43 s, training_loss: 0.595
Epoch   42/50, time: 140.09 s, val_loss: 0.749
Epoch   43/50, time: 121.82 s, training_loss: 0.590
Epoch   43/50, time: 141.72 s, val_loss: 0.759
Epoch   44/50, time: 123.19 s, training_loss: 0.590
Epoch   44/50, time: 142.76 s, val_loss: 0.683
Epoch   45/50, time: 121.73 s, training_loss: 0.575
Epoch   45/50, time: 140.80 s, val_loss: 0.773
Epoch   46/50, time: 121.58 s, training_loss: 0.574
Epoch   46/50, time: 141.07 s, val_loss: 0.686
Epoch   47/50, time: 120.29 s, training_loss: 0.565
Epoch   47/50, time: 139.78 s, val_loss: 0.722
Epoch   48/50, time: 121.93 s, training_loss: 0.559
Epoch   48/50, time: 141.66 s, val_loss: 0.674
Epoch   49/50, time: 120.00 s, training_loss: 0.550
Epoch   49/50, time: 139.59 s, val_loss: 0.708
Epoch   50/50, time: 121.76 s, training_loss: 0.557
Epoch   50/50, time: 141.53 s, val_loss: 0.751
Training with paramaeters:  (64, 0.0001, 'bce_loss')
Epoch    1/50, time: 133.50 s, training_loss: 0.640
Epoch    1/50, time: 169.13 s, val_loss: 0.659
Epoch    2/50, time: 134.58 s, training_loss: 0.580
Epoch    2/50, time: 170.08 s, val_loss: 0.601
Epoch    3/50, time: 132.16 s, training_loss: 0.546
Epoch    3/50, time: 168.27 s, val_loss: 0.543
Epoch    4/50, time: 134.01 s, training_loss: 0.523
Epoch    4/50, time: 169.58 s, val_loss: 0.518
Epoch    5/50, time: 134.35 s, training_loss: 0.506
Epoch    5/50, time: 170.31 s, val_loss: 0.502
Epoch    6/50, time: 133.30 s, training_loss: 0.495
Epoch    6/50, time: 168.68 s, val_loss: 0.490
Epoch    7/50, time: 132.66 s, training_loss: 0.481
Epoch    7/50, time: 168.77 s, val_loss: 0.479
Epoch    8/50, time: 133.11 s, training_loss: 0.470
Epoch    8/50, time: 169.00 s, val_loss: 0.465
Epoch    9/50, time: 135.20 s, training_loss: 0.462
Epoch    9/50, time: 170.76 s, val_loss: 0.458
Epoch   10/50, time: 132.32 s, training_loss: 0.453
Epoch   10/50, time: 168.54 s, val_loss: 0.447
Epoch   11/50, time: 133.61 s, training_loss: 0.441
Epoch   11/50, time: 169.65 s, val_loss: 0.436
Epoch   12/50, time: 133.64 s, training_loss: 0.431
Epoch   12/50, time: 169.65 s, val_loss: 0.426
Epoch   13/50, time: 134.95 s, training_loss: 0.420
Epoch   13/50, time: 170.32 s, val_loss: 0.420
Epoch   14/50, time: 131.98 s, training_loss: 0.411
Epoch   14/50, time: 167.12 s, val_loss: 0.406
Epoch   15/50, time: 132.71 s, training_loss: 0.401
Epoch   15/50, time: 168.93 s, val_loss: 0.396
Epoch   16/50, time: 134.32 s, training_loss: 0.392
Epoch   16/50, time: 170.56 s, val_loss: 0.390
Epoch   17/50, time: 131.89 s, training_loss: 0.383
Epoch   17/50, time: 167.99 s, val_loss: 0.376
Epoch   18/50, time: 133.29 s, training_loss: 0.374
Epoch   18/50, time: 169.41 s, val_loss: 0.371
Epoch   19/50, time: 133.43 s, training_loss: 0.367
Epoch   19/50, time: 169.35 s, val_loss: 0.366
Epoch   20/50, time: 131.85 s, training_loss: 0.359
Epoch   20/50, time: 168.28 s, val_loss: 0.358
Epoch   21/50, time: 133.95 s, training_loss: 0.351
Epoch   21/50, time: 169.72 s, val_loss: 0.344
Epoch   22/50, time: 132.69 s, training_loss: 0.344
Epoch   22/50, time: 168.71 s, val_loss: 0.342
Epoch   23/50, time: 134.28 s, training_loss: 0.337
Epoch   23/50, time: 170.59 s, val_loss: 0.334
Epoch   24/50, time: 134.23 s, training_loss: 0.329
Epoch   24/50, time: 170.23 s, val_loss: 0.329
Epoch   25/50, time: 132.53 s, training_loss: 0.322
Epoch   25/50, time: 168.46 s, val_loss: 0.320
Epoch   26/50, time: 133.56 s, training_loss: 0.315
Epoch   26/50, time: 169.61 s, val_loss: 0.313
Epoch   27/50, time: 134.50 s, training_loss: 0.309
Epoch   27/50, time: 169.62 s, val_loss: 0.304
Epoch   28/50, time: 133.74 s, training_loss: 0.303
Epoch   28/50, time: 169.57 s, val_loss: 0.302
Epoch   29/50, time: 132.90 s, training_loss: 0.297
Epoch   29/50, time: 169.18 s, val_loss: 0.292
Epoch   30/50, time: 134.57 s, training_loss: 0.290
Epoch   30/50, time: 170.24 s, val_loss: 0.286
Epoch   31/50, time: 132.18 s, training_loss: 0.284
Epoch   31/50, time: 168.25 s, val_loss: 0.279
Epoch   32/50, time: 134.28 s, training_loss: 0.278
Epoch   32/50, time: 170.48 s, val_loss: 0.274
Epoch   33/50, time: 133.33 s, training_loss: 0.271
Epoch   33/50, time: 168.85 s, val_loss: 0.272
Epoch   34/50, time: 133.43 s, training_loss: 0.266
Epoch   34/50, time: 169.20 s, val_loss: 0.262
Epoch   35/50, time: 133.61 s, training_loss: 0.260
Epoch   35/50, time: 169.37 s, val_loss: 0.258
Epoch   36/50, time: 133.14 s, training_loss: 0.255
Epoch   36/50, time: 169.43 s, val_loss: 0.254
Epoch   37/50, time: 132.77 s, training_loss: 0.249
Epoch   37/50, time: 168.58 s, val_loss: 0.245
Epoch   38/50, time: 133.50 s, training_loss: 0.245
Epoch   38/50, time: 169.76 s, val_loss: 0.245
Epoch   39/50, time: 136.49 s, training_loss: 0.241
Epoch   39/50, time: 172.94 s, val_loss: 0.243
Epoch   40/50, time: 133.92 s, training_loss: 0.235
Epoch   40/50, time: 169.78 s, val_loss: 0.233
Epoch   41/50, time: 133.72 s, training_loss: 0.230
Epoch   41/50, time: 169.34 s, val_loss: 0.225
Epoch   42/50, time: 134.35 s, training_loss: 0.225
Epoch   42/50, time: 170.19 s, val_loss: 0.221
Epoch   43/50, time: 134.75 s, training_loss: 0.220
Epoch   43/50, time: 170.44 s, val_loss: 0.218
Epoch   44/50, time: 135.42 s, training_loss: 0.216
Epoch   44/50, time: 171.44 s, val_loss: 0.215
Epoch   45/50, time: 132.90 s, training_loss: 0.212
Epoch   45/50, time: 168.97 s, val_loss: 0.209
Epoch   46/50, time: 136.50 s, training_loss: 0.207
Epoch   46/50, time: 173.22 s, val_loss: 0.203
Epoch   47/50, time: 134.58 s, training_loss: 0.203
Epoch   47/50, time: 170.27 s, val_loss: 0.202
Epoch   48/50, time: 132.77 s, training_loss: 0.198
Epoch   48/50, time: 168.74 s, val_loss: 0.195
Epoch   49/50, time: 133.30 s, training_loss: 0.195
Epoch   49/50, time: 169.09 s, val_loss: 0.192
Epoch   50/50, time: 132.93 s, training_loss: 0.191
Epoch   50/50, time: 168.79 s, val_loss: 0.187
Training with paramaeters:  (64, 0.0001, 'dice_loss')
Epoch    1/50, time: 134.10 s, training_loss: 0.974
Epoch    1/50, time: 170.53 s, val_loss: 0.982
Epoch    2/50, time: 132.82 s, training_loss: 0.964
Epoch    2/50, time: 168.47 s, val_loss: 0.977
Epoch    3/50, time: 133.75 s, training_loss: 0.960
Epoch    3/50, time: 169.35 s, val_loss: 0.968
Epoch    4/50, time: 134.69 s, training_loss: 0.957
Epoch    4/50, time: 170.67 s, val_loss: 0.952
Epoch    5/50, time: 134.19 s, training_loss: 0.955
Epoch    5/50, time: 170.36 s, val_loss: 0.952
Epoch    6/50, time: 133.47 s, training_loss: 0.953
Epoch    6/50, time: 169.26 s, val_loss: 0.949
Epoch    7/50, time: 132.69 s, training_loss: 0.951
Epoch    7/50, time: 168.93 s, val_loss: 0.952
Epoch    8/50, time: 132.93 s, training_loss: 0.949
Epoch    8/50, time: 168.52 s, val_loss: 0.947
Epoch    9/50, time: 133.47 s, training_loss: 0.947
Epoch    9/50, time: 169.44 s, val_loss: 0.948
Epoch   10/50, time: 132.76 s, training_loss: 0.944
Epoch   10/50, time: 168.80 s, val_loss: 0.949
Epoch   11/50, time: 135.51 s, training_loss: 0.941
Epoch   11/50, time: 171.41 s, val_loss: 0.955
Epoch   12/50, time: 133.05 s, training_loss: 0.937
Epoch   12/50, time: 168.68 s, val_loss: 0.945
Epoch   13/50, time: 131.94 s, training_loss: 0.932
Epoch   13/50, time: 168.15 s, val_loss: 0.957
Epoch   14/50, time: 132.29 s, training_loss: 0.928
Epoch   14/50, time: 168.54 s, val_loss: 0.955
Epoch   15/50, time: 132.68 s, training_loss: 0.922
Epoch   15/50, time: 168.32 s, val_loss: 0.931
Epoch   16/50, time: 133.29 s, training_loss: 0.915
Epoch   16/50, time: 169.36 s, val_loss: 0.912
Epoch   17/50, time: 132.38 s, training_loss: 0.907
Epoch   17/50, time: 168.98 s, val_loss: 0.936
Epoch   18/50, time: 133.72 s, training_loss: 0.898
Epoch   18/50, time: 169.79 s, val_loss: 0.932
Epoch   19/50, time: 133.77 s, training_loss: 0.891
Epoch   19/50, time: 169.68 s, val_loss: 0.925
Epoch   20/50, time: 134.25 s, training_loss: 0.880
Epoch   20/50, time: 170.51 s, val_loss: 0.894
Epoch   21/50, time: 133.69 s, training_loss: 0.870
Epoch   21/50, time: 169.71 s, val_loss: 0.879
Epoch   22/50, time: 136.94 s, training_loss: 0.860
Epoch   22/50, time: 174.14 s, val_loss: 0.871
Epoch   23/50, time: 134.07 s, training_loss: 0.852
Epoch   23/50, time: 170.09 s, val_loss: 0.931
Epoch   24/50, time: 133.59 s, training_loss: 0.841
Epoch   24/50, time: 169.26 s, val_loss: 0.860
Epoch   25/50, time: 135.81 s, training_loss: 0.833
Epoch   25/50, time: 171.62 s, val_loss: 0.900
Epoch   26/50, time: 133.68 s, training_loss: 0.819
Epoch   26/50, time: 169.43 s, val_loss: 0.912
Epoch   27/50, time: 132.70 s, training_loss: 0.813
Epoch   27/50, time: 168.18 s, val_loss: 0.909
Epoch   28/50, time: 131.81 s, training_loss: 0.807
Epoch   28/50, time: 166.98 s, val_loss: 0.902
Epoch   29/50, time: 131.58 s, training_loss: 0.791
Epoch   29/50, time: 166.92 s, val_loss: 0.865
Epoch   30/50, time: 131.04 s, training_loss: 0.780
Epoch   30/50, time: 166.19 s, val_loss: 0.899
Epoch   31/50, time: 129.90 s, training_loss: 0.773
Epoch   31/50, time: 165.11 s, val_loss: 0.843
Epoch   32/50, time: 130.26 s, training_loss: 0.761
Epoch   32/50, time: 165.38 s, val_loss: 0.805
Epoch   33/50, time: 133.03 s, training_loss: 0.758
Epoch   33/50, time: 168.41 s, val_loss: 0.891
Epoch   34/50, time: 132.51 s, training_loss: 0.737
Epoch   34/50, time: 168.01 s, val_loss: 0.836
Epoch   35/50, time: 132.78 s, training_loss: 0.723
Epoch   35/50, time: 168.58 s, val_loss: 0.779
Epoch   36/50, time: 133.96 s, training_loss: 0.725
Epoch   36/50, time: 169.72 s, val_loss: 0.876
Epoch   37/50, time: 132.00 s, training_loss: 0.713
Epoch   37/50, time: 168.06 s, val_loss: 0.779
Epoch   38/50, time: 131.91 s, training_loss: 0.695
Epoch   38/50, time: 168.33 s, val_loss: 0.815
Epoch   39/50, time: 135.60 s, training_loss: 0.695
Epoch   39/50, time: 171.51 s, val_loss: 0.836
Epoch   40/50, time: 133.25 s, training_loss: 0.678
Epoch   40/50, time: 169.22 s, val_loss: 0.853
Epoch   41/50, time: 133.94 s, training_loss: 0.669
Epoch   41/50, time: 169.78 s, val_loss: 0.865
Epoch   42/50, time: 132.15 s, training_loss: 0.673
Epoch   42/50, time: 168.07 s, val_loss: 0.894
Epoch   43/50, time: 133.09 s, training_loss: 0.660
Epoch   43/50, time: 168.89 s, val_loss: 0.807
Epoch   44/50, time: 131.94 s, training_loss: 0.655
Epoch   44/50, time: 167.60 s, val_loss: 0.878
Epoch   45/50, time: 134.74 s, training_loss: 0.651
Epoch   45/50, time: 172.20 s, val_loss: 0.840
Epoch   46/50, time: 134.24 s, training_loss: 0.645
Epoch   46/50, time: 170.34 s, val_loss: 0.708
Epoch   47/50, time: 133.37 s, training_loss: 0.642
Epoch   47/50, time: 169.28 s, val_loss: 0.889
Epoch   48/50, time: 134.46 s, training_loss: 0.661
Epoch   48/50, time: 170.38 s, val_loss: 0.773
Epoch   49/50, time: 134.20 s, training_loss: 0.639
Epoch   49/50, time: 170.27 s, val_loss: 0.878
Epoch   50/50, time: 135.65 s, training_loss: 0.638
Epoch   50/50, time: 171.40 s, val_loss: 0.802
Training with paramaeters:  (128, 0.0001, 'bce_loss')
Epoch    1/50, time: 139.75 s, training_loss: 0.793
Epoch    1/50, time: 206.70 s, val_loss: 0.700
Epoch    2/50, time: 139.00 s, training_loss: 0.731
Epoch    2/50, time: 204.67 s, val_loss: 0.710
Epoch    3/50, time: 141.03 s, training_loss: 0.698
Epoch    3/50, time: 210.87 s, val_loss: 0.700
Epoch    4/50, time: 138.71 s, training_loss: 0.678
Epoch    4/50, time: 205.07 s, val_loss: 0.690
Epoch    5/50, time: 138.08 s, training_loss: 0.666
Epoch    5/50, time: 203.62 s, val_loss: 0.681
Epoch    6/50, time: 139.30 s, training_loss: 0.664
Epoch    6/50, time: 204.57 s, val_loss: 0.669
Epoch    7/50, time: 138.75 s, training_loss: 0.654
Epoch    7/50, time: 204.79 s, val_loss: 0.653
Epoch    8/50, time: 139.04 s, training_loss: 0.643
Epoch    8/50, time: 205.55 s, val_loss: 0.650
Epoch    9/50, time: 140.03 s, training_loss: 0.635
Epoch    9/50, time: 205.61 s, val_loss: 0.639
Epoch   10/50, time: 139.00 s, training_loss: 0.626
Epoch   10/50, time: 205.47 s, val_loss: 0.624
Epoch   11/50, time: 138.30 s, training_loss: 0.621
Epoch   11/50, time: 205.50 s, val_loss: 0.627
Epoch   12/50, time: 141.00 s, training_loss: 0.614
Epoch   12/50, time: 206.78 s, val_loss: 0.616
Epoch   13/50, time: 138.87 s, training_loss: 0.609
Epoch   13/50, time: 204.98 s, val_loss: 0.612
Epoch   14/50, time: 138.39 s, training_loss: 0.605
Epoch   14/50, time: 204.10 s, val_loss: 0.607
Epoch   15/50, time: 137.20 s, training_loss: 0.600
Epoch   15/50, time: 202.67 s, val_loss: 0.602
Epoch   16/50, time: 136.89 s, training_loss: 0.595
Epoch   16/50, time: 202.11 s, val_loss: 0.595
Epoch   17/50, time: 138.48 s, training_loss: 0.590
Epoch   17/50, time: 203.13 s, val_loss: 0.597
Epoch   18/50, time: 137.02 s, training_loss: 0.586
Epoch   18/50, time: 204.13 s, val_loss: 0.588
Epoch   19/50, time: 139.94 s, training_loss: 0.582
Epoch   19/50, time: 204.99 s, val_loss: 0.583
Epoch   20/50, time: 137.73 s, training_loss: 0.578
Epoch   20/50, time: 204.17 s, val_loss: 0.576
Epoch   21/50, time: 138.70 s, training_loss: 0.579
Epoch   21/50, time: 204.08 s, val_loss: 0.581
Epoch   22/50, time: 138.75 s, training_loss: 0.581
Epoch   22/50, time: 203.94 s, val_loss: 0.589
Epoch   23/50, time: 137.21 s, training_loss: 0.580
Epoch   23/50, time: 202.45 s, val_loss: 0.580
Epoch   24/50, time: 138.09 s, training_loss: 0.572
Epoch   24/50, time: 203.33 s, val_loss: 0.569
Epoch   25/50, time: 136.89 s, training_loss: 0.566
Epoch   25/50, time: 202.39 s, val_loss: 0.567
Epoch   26/50, time: 138.28 s, training_loss: 0.562
Epoch   26/50, time: 203.98 s, val_loss: 0.561
Epoch   27/50, time: 137.23 s, training_loss: 0.558
Epoch   27/50, time: 202.80 s, val_loss: 0.561
Epoch   28/50, time: 138.35 s, training_loss: 0.555
Epoch   28/50, time: 204.09 s, val_loss: 0.553
Epoch   29/50, time: 137.06 s, training_loss: 0.551
Epoch   29/50, time: 202.48 s, val_loss: 0.546
Epoch   30/50, time: 137.57 s, training_loss: 0.547
Epoch   30/50, time: 202.73 s, val_loss: 0.544
Epoch   31/50, time: 137.97 s, training_loss: 0.543
Epoch   31/50, time: 203.42 s, val_loss: 0.542
Epoch   32/50, time: 136.11 s, training_loss: 0.540
Epoch   32/50, time: 201.14 s, val_loss: 0.536
Epoch   33/50, time: 137.49 s, training_loss: 0.537
Epoch   33/50, time: 202.64 s, val_loss: 0.527
Epoch   34/50, time: 139.94 s, training_loss: 0.532
Epoch   34/50, time: 206.10 s, val_loss: 0.533
Epoch   35/50, time: 139.98 s, training_loss: 0.527
Epoch   35/50, time: 205.66 s, val_loss: 0.527
Epoch   36/50, time: 139.80 s, training_loss: 0.523
Epoch   36/50, time: 205.49 s, val_loss: 0.524
Epoch   37/50, time: 138.07 s, training_loss: 0.520
Epoch   37/50, time: 204.31 s, val_loss: 0.521
Epoch   38/50, time: 139.81 s, training_loss: 0.517
Epoch   38/50, time: 206.06 s, val_loss: 0.514
Epoch   39/50, time: 139.45 s, training_loss: 0.513
Epoch   39/50, time: 205.71 s, val_loss: 0.509
Epoch   40/50, time: 137.99 s, training_loss: 0.511
Epoch   40/50, time: 203.67 s, val_loss: 0.509
Epoch   41/50, time: 138.93 s, training_loss: 0.507
Epoch   41/50, time: 204.96 s, val_loss: 0.508
Epoch   42/50, time: 138.33 s, training_loss: 0.503
Epoch   42/50, time: 204.55 s, val_loss: 0.503
Epoch   43/50, time: 140.11 s, training_loss: 0.499
Epoch   43/50, time: 207.01 s, val_loss: 0.498
Epoch   44/50, time: 140.82 s, training_loss: 0.496
Epoch   44/50, time: 207.11 s, val_loss: 0.494
Epoch   45/50, time: 138.68 s, training_loss: 0.493
Epoch   45/50, time: 205.16 s, val_loss: 0.492
Epoch   46/50, time: 139.44 s, training_loss: 0.491
Epoch   46/50, time: 205.54 s, val_loss: 0.490
Epoch   47/50, time: 138.45 s, training_loss: 0.487
Epoch   47/50, time: 204.57 s, val_loss: 0.485
Epoch   48/50, time: 139.23 s, training_loss: 0.484
Epoch   48/50, time: 205.77 s, val_loss: 0.481
Epoch   49/50, time: 136.43 s, training_loss: 0.481
Epoch   49/50, time: 202.03 s, val_loss: 0.475
Epoch   50/50, time: 140.57 s, training_loss: 0.477
Epoch   50/50, time: 206.84 s, val_loss: 0.474
Training with paramaeters:  (128, 0.0001, 'dice_loss')
Epoch    1/50, time: 140.94 s, training_loss: 0.974
Epoch    1/50, time: 206.49 s, val_loss: 0.982
Epoch    2/50, time: 139.75 s, training_loss: 0.969
Epoch    2/50, time: 205.61 s, val_loss: 0.983
Epoch    3/50, time: 139.86 s, training_loss: 0.966
Epoch    3/50, time: 205.77 s, val_loss: 0.981
Epoch    4/50, time: 140.41 s, training_loss: 0.964
Epoch    4/50, time: 205.88 s, val_loss: 0.972
Epoch    5/50, time: 138.53 s, training_loss: 0.963
Epoch    5/50, time: 204.03 s, val_loss: 0.960
Epoch    6/50, time: 139.08 s, training_loss: 0.963
Epoch    6/50, time: 204.99 s, val_loss: 0.968
Epoch    7/50, time: 138.03 s, training_loss: 0.961
Epoch    7/50, time: 203.79 s, val_loss: 0.959
Epoch    8/50, time: 139.85 s, training_loss: 0.960
Epoch    8/50, time: 206.11 s, val_loss: 0.956
Epoch    9/50, time: 139.91 s, training_loss: 0.960
Epoch    9/50, time: 206.84 s, val_loss: 0.956
Epoch   10/50, time: 137.58 s, training_loss: 0.958
Epoch   10/50, time: 203.40 s, val_loss: 0.955
Epoch   11/50, time: 137.16 s, training_loss: 0.959
Epoch   11/50, time: 203.01 s, val_loss: 0.961
Epoch   12/50, time: 140.46 s, training_loss: 0.957
Epoch   12/50, time: 207.36 s, val_loss: 0.961
Epoch   13/50, time: 137.66 s, training_loss: 0.956
Epoch   13/50, time: 203.95 s, val_loss: 0.957
Epoch   14/50, time: 138.46 s, training_loss: 0.956
Epoch   14/50, time: 204.52 s, val_loss: 0.958
Epoch   15/50, time: 137.85 s, training_loss: 0.955
Epoch   15/50, time: 203.59 s, val_loss: 0.956
Epoch   16/50, time: 139.08 s, training_loss: 0.953
Epoch   16/50, time: 205.19 s, val_loss: 0.959
Epoch   17/50, time: 138.04 s, training_loss: 0.952
Epoch   17/50, time: 205.20 s, val_loss: 0.962
Epoch   18/50, time: 138.97 s, training_loss: 0.951
Epoch   18/50, time: 204.63 s, val_loss: 0.959
Epoch   19/50, time: 137.59 s, training_loss: 0.950
Epoch   19/50, time: 203.30 s, val_loss: 0.961
Epoch   20/50, time: 138.05 s, training_loss: 0.948
Epoch   20/50, time: 205.06 s, val_loss: 0.949
Epoch   21/50, time: 136.51 s, training_loss: 0.947
Epoch   21/50, time: 202.02 s, val_loss: 0.941
Epoch   22/50, time: 137.67 s, training_loss: 0.945
Epoch   22/50, time: 203.75 s, val_loss: 0.957
Epoch   23/50, time: 137.91 s, training_loss: 0.944
Epoch   23/50, time: 203.99 s, val_loss: 0.956
Epoch   24/50, time: 140.18 s, training_loss: 0.943
Epoch   24/50, time: 206.19 s, val_loss: 0.967
Epoch   25/50, time: 139.45 s, training_loss: 0.941
Epoch   25/50, time: 205.17 s, val_loss: 0.941
Epoch   26/50, time: 138.70 s, training_loss: 0.939
Epoch   26/50, time: 204.86 s, val_loss: 0.937
Epoch   27/50, time: 140.58 s, training_loss: 0.938
Epoch   27/50, time: 207.10 s, val_loss: 0.967
Epoch   28/50, time: 138.70 s, training_loss: 0.936
Epoch   28/50, time: 204.31 s, val_loss: 0.942
Epoch   29/50, time: 138.14 s, training_loss: 0.935
Epoch   29/50, time: 203.67 s, val_loss: 0.932
Epoch   30/50, time: 138.46 s, training_loss: 0.933
Epoch   30/50, time: 204.51 s, val_loss: 0.950
Epoch   31/50, time: 138.24 s, training_loss: 0.931
Epoch   31/50, time: 204.22 s, val_loss: 0.917
Epoch   32/50, time: 137.97 s, training_loss: 0.930
Epoch   32/50, time: 204.96 s, val_loss: 0.941
Epoch   33/50, time: 139.09 s, training_loss: 0.927
Epoch   33/50, time: 204.86 s, val_loss: 0.950
Epoch   34/50, time: 139.09 s, training_loss: 0.925
Epoch   34/50, time: 206.19 s, val_loss: 0.939
Epoch   35/50, time: 140.20 s, training_loss: 0.923
Epoch   35/50, time: 207.29 s, val_loss: 0.956
Epoch   36/50, time: 139.65 s, training_loss: 0.921
Epoch   36/50, time: 205.86 s, val_loss: 0.924
Epoch   37/50, time: 137.80 s, training_loss: 0.918
Epoch   37/50, time: 203.70 s, val_loss: 0.944
Epoch   38/50, time: 138.14 s, training_loss: 0.914
Epoch   38/50, time: 204.16 s, val_loss: 0.884
Epoch   39/50, time: 140.32 s, training_loss: 0.912
Epoch   39/50, time: 206.18 s, val_loss: 0.933
Epoch   40/50, time: 140.25 s, training_loss: 0.907
Epoch   40/50, time: 207.46 s, val_loss: 0.927
Epoch   41/50, time: 139.85 s, training_loss: 0.905
Epoch   41/50, time: 206.09 s, val_loss: 0.928
Epoch   42/50, time: 137.44 s, training_loss: 0.902
Epoch   42/50, time: 203.77 s, val_loss: 0.941
Epoch   43/50, time: 138.52 s, training_loss: 0.897
Epoch   43/50, time: 204.03 s, val_loss: 0.914
Epoch   44/50, time: 138.81 s, training_loss: 0.890
Epoch   44/50, time: 205.06 s, val_loss: 0.928
Epoch   45/50, time: 137.49 s, training_loss: 0.885
Epoch   45/50, time: 203.25 s, val_loss: 0.913
Epoch   46/50, time: 138.80 s, training_loss: 0.889
Epoch   46/50, time: 204.35 s, val_loss: 0.899
Epoch   47/50, time: 139.28 s, training_loss: 0.885
Epoch   47/50, time: 205.24 s, val_loss: 0.943
Epoch   48/50, time: 138.29 s, training_loss: 0.880
Epoch   48/50, time: 204.37 s, val_loss: 0.882
Epoch   49/50, time: 138.08 s, training_loss: 0.872
Epoch   49/50, time: 203.54 s, val_loss: 0.954
Epoch   50/50, time: 138.34 s, training_loss: 0.868
Epoch   50/50, time: 203.76 s, val_loss: 0.926

Results sorted by validation loss:
Params: (32, 0.0001, 'bce_loss') | Lowest val Loss: inf at epoch 0
Params: (32, 0.0001, 'dice_loss') | Lowest val Loss: inf at epoch 0
Params: (64, 0.0001, 'bce_loss') | Lowest val Loss: inf at epoch 0
Params: (64, 0.0001, 'dice_loss') | Lowest val Loss: inf at epoch 0
Params: (128, 0.0001, 'bce_loss') | Lowest val Loss: inf at epoch 0
Params: (128, 0.0001, 'dice_loss') | Lowest val Loss: inf at epoch 0
