Using device: cuda
Configuration
data:
  path: /scratch/phys/sin/sethih1/data_files/planar_molecules_256
  split_by_id: 0
log_path: /scratch/phys/sin/sethih1/runs_ters/planar_256/config3/
model:
  att_channels: 32
  filters:
  - 16
  - 32
  - 64
  - 128
  in_channels: 400
  kernel_size:
  - 3
  - 3
  - 3
  - 3
  out_channels: 1
  type: AttentionUNet
save_path: /scratch/phys/sin/sethih1/models/planar_256/config3/
training:
  batch_sizes:
  - 32
  - 64
  - 128
  epochs: 50
  learning_rates:
  - 0.0001
  loss_functions:
  - bce_loss
  - dice_loss

Data Loaded
Data loaded
Training with paramaeters:  (32, 0.0001, 'bce_loss')
Epoch    1/50, time: 127.74 s, training_loss: 0.577
Epoch    1/50, time: 148.02 s, val_loss: 0.502
Epoch    2/50, time: 115.34 s, training_loss: 0.412
Epoch    2/50, time: 133.27 s, val_loss: 0.370
Epoch    3/50, time: 114.29 s, training_loss: 0.346
Epoch    3/50, time: 132.22 s, val_loss: 0.334
Epoch    4/50, time: 112.53 s, training_loss: 0.321
Epoch    4/50, time: 130.68 s, val_loss: 0.311
Epoch    5/50, time: 112.99 s, training_loss: 0.307
Epoch    5/50, time: 130.88 s, val_loss: 0.299
Epoch    6/50, time: 115.26 s, training_loss: 0.293
Epoch    6/50, time: 133.53 s, val_loss: 0.290
Epoch    7/50, time: 114.54 s, training_loss: 0.280
Epoch    7/50, time: 132.92 s, val_loss: 0.271
Epoch    8/50, time: 115.35 s, training_loss: 0.270
Epoch    8/50, time: 133.58 s, val_loss: 0.261
Epoch    9/50, time: 113.98 s, training_loss: 0.264
Epoch    9/50, time: 132.03 s, val_loss: 0.260
Epoch   10/50, time: 115.56 s, training_loss: 0.255
Epoch   10/50, time: 133.54 s, val_loss: 0.248
Epoch   11/50, time: 113.09 s, training_loss: 0.247
Epoch   11/50, time: 131.06 s, val_loss: 0.243
Epoch   12/50, time: 115.61 s, training_loss: 0.237
Epoch   12/50, time: 133.84 s, val_loss: 0.238
Epoch   13/50, time: 116.05 s, training_loss: 0.230
Epoch   13/50, time: 134.33 s, val_loss: 0.233
Epoch   14/50, time: 112.77 s, training_loss: 0.224
Epoch   14/50, time: 130.70 s, val_loss: 0.217
Epoch   15/50, time: 112.53 s, training_loss: 0.217
Epoch   15/50, time: 130.81 s, val_loss: 0.211
Epoch   16/50, time: 115.97 s, training_loss: 0.211
Epoch   16/50, time: 134.29 s, val_loss: 0.212
Epoch   17/50, time: 115.47 s, training_loss: 0.206
Epoch   17/50, time: 133.32 s, val_loss: 0.208
Epoch   18/50, time: 114.98 s, training_loss: 0.200
Epoch   18/50, time: 133.10 s, val_loss: 0.202
Epoch   19/50, time: 112.44 s, training_loss: 0.194
Epoch   19/50, time: 130.53 s, val_loss: 0.195
Epoch   20/50, time: 112.76 s, training_loss: 0.189
Epoch   20/50, time: 130.83 s, val_loss: 0.188
Epoch   21/50, time: 114.57 s, training_loss: 0.184
Epoch   21/50, time: 132.76 s, val_loss: 0.182
Epoch   22/50, time: 115.86 s, training_loss: 0.180
Epoch   22/50, time: 134.03 s, val_loss: 0.182
Epoch   23/50, time: 112.05 s, training_loss: 0.175
Epoch   23/50, time: 130.03 s, val_loss: 0.175
Epoch   24/50, time: 115.23 s, training_loss: 0.170
Epoch   24/50, time: 132.98 s, val_loss: 0.175
Epoch   25/50, time: 113.59 s, training_loss: 0.166
Epoch   25/50, time: 131.42 s, val_loss: 0.167
Epoch   26/50, time: 113.68 s, training_loss: 0.162
Epoch   26/50, time: 132.09 s, val_loss: 0.162
Epoch   27/50, time: 112.94 s, training_loss: 0.157
Epoch   27/50, time: 131.12 s, val_loss: 0.160
Epoch   28/50, time: 115.75 s, training_loss: 0.154
Epoch   28/50, time: 133.81 s, val_loss: 0.160
Epoch   29/50, time: 114.10 s, training_loss: 0.152
Epoch   29/50, time: 131.97 s, val_loss: 0.158
Epoch   30/50, time: 113.55 s, training_loss: 0.147
Epoch   30/50, time: 131.85 s, val_loss: 0.152
Epoch   31/50, time: 112.33 s, training_loss: 0.142
Epoch   31/50, time: 130.34 s, val_loss: 0.149
Epoch   32/50, time: 112.23 s, training_loss: 0.139
Epoch   32/50, time: 130.37 s, val_loss: 0.145
Epoch   33/50, time: 112.28 s, training_loss: 0.136
Epoch   33/50, time: 130.52 s, val_loss: 0.142
Epoch   34/50, time: 113.95 s, training_loss: 0.131
Epoch   34/50, time: 132.05 s, val_loss: 0.142
Epoch   35/50, time: 114.74 s, training_loss: 0.127
Epoch   35/50, time: 132.68 s, val_loss: 0.136
Epoch   36/50, time: 115.52 s, training_loss: 0.127
Epoch   36/50, time: 133.54 s, val_loss: 0.135
Epoch   37/50, time: 114.20 s, training_loss: 0.122
Epoch   37/50, time: 132.09 s, val_loss: 0.132
Epoch   38/50, time: 115.10 s, training_loss: 0.118
Epoch   38/50, time: 133.04 s, val_loss: 0.133
Epoch   39/50, time: 113.21 s, training_loss: 0.114
Epoch   39/50, time: 131.29 s, val_loss: 0.128
Epoch   40/50, time: 115.05 s, training_loss: 0.111
Epoch   40/50, time: 133.45 s, val_loss: 0.127
Epoch   41/50, time: 114.47 s, training_loss: 0.108
Epoch   41/50, time: 132.56 s, val_loss: 0.126
Epoch   42/50, time: 115.03 s, training_loss: 0.104
Epoch   42/50, time: 133.09 s, val_loss: 0.125
Epoch   43/50, time: 114.01 s, training_loss: 0.102
Epoch   43/50, time: 132.18 s, val_loss: 0.117
Epoch   44/50, time: 111.87 s, training_loss: 0.098
Epoch   44/50, time: 129.83 s, val_loss: 0.117
Epoch   45/50, time: 112.78 s, training_loss: 0.096
Epoch   45/50, time: 131.00 s, val_loss: 0.122
Epoch   46/50, time: 113.77 s, training_loss: 0.094
Epoch   46/50, time: 131.78 s, val_loss: 0.120
Epoch   47/50, time: 114.19 s, training_loss: 0.091
Epoch   47/50, time: 132.36 s, val_loss: 0.118
Epoch   48/50, time: 113.52 s, training_loss: 0.088
Epoch   48/50, time: 131.71 s, val_loss: 0.114
Epoch   49/50, time: 114.28 s, training_loss: 0.086
Epoch   49/50, time: 132.15 s, val_loss: 0.116
Epoch   50/50, time: 113.33 s, training_loss: 0.083
Epoch   50/50, time: 131.77 s, val_loss: 0.114
Training with paramaeters:  (32, 0.0001, 'dice_loss')
Epoch    1/50, time: 114.83 s, training_loss: 0.854
Epoch    1/50, time: 132.82 s, val_loss: 0.901
Epoch    2/50, time: 114.67 s, training_loss: 0.809
Epoch    2/50, time: 132.89 s, val_loss: 0.791
Epoch    3/50, time: 115.26 s, training_loss: 0.782
Epoch    3/50, time: 133.29 s, val_loss: 0.772
Epoch    4/50, time: 115.35 s, training_loss: 0.759
Epoch    4/50, time: 133.71 s, val_loss: 0.763
Epoch    5/50, time: 113.47 s, training_loss: 0.737
Epoch    5/50, time: 131.50 s, val_loss: 0.722
Epoch    6/50, time: 114.44 s, training_loss: 0.722
Epoch    6/50, time: 132.42 s, val_loss: 0.701
Epoch    7/50, time: 110.80 s, training_loss: 0.708
Epoch    7/50, time: 128.76 s, val_loss: 0.700
Epoch    8/50, time: 114.18 s, training_loss: 0.698
Epoch    8/50, time: 132.14 s, val_loss: 0.694
Epoch    9/50, time: 114.05 s, training_loss: 0.685
Epoch    9/50, time: 132.20 s, val_loss: 0.681
Epoch   10/50, time: 113.92 s, training_loss: 0.674
Epoch   10/50, time: 132.46 s, val_loss: 0.667
Epoch   11/50, time: 112.46 s, training_loss: 0.663
Epoch   11/50, time: 130.63 s, val_loss: 0.670
Epoch   12/50, time: 113.20 s, training_loss: 0.654
Epoch   12/50, time: 131.45 s, val_loss: 0.657
Epoch   13/50, time: 115.87 s, training_loss: 0.645
Epoch   13/50, time: 133.92 s, val_loss: 0.638
Epoch   14/50, time: 113.78 s, training_loss: 0.632
Epoch   14/50, time: 132.06 s, val_loss: 0.627
Epoch   15/50, time: 115.95 s, training_loss: 0.622
Epoch   15/50, time: 135.97 s, val_loss: 0.623
Epoch   16/50, time: 114.15 s, training_loss: 0.612
Epoch   16/50, time: 132.40 s, val_loss: 0.615
Epoch   17/50, time: 113.47 s, training_loss: 0.599
Epoch   17/50, time: 131.39 s, val_loss: 0.603
Epoch   18/50, time: 113.96 s, training_loss: 0.589
Epoch   18/50, time: 131.80 s, val_loss: 0.614
Epoch   19/50, time: 113.17 s, training_loss: 0.575
Epoch   19/50, time: 131.14 s, val_loss: 0.589
Epoch   20/50, time: 113.73 s, training_loss: 0.562
Epoch   20/50, time: 132.07 s, val_loss: 0.596
Epoch   21/50, time: 113.82 s, training_loss: 0.552
Epoch   21/50, time: 132.18 s, val_loss: 0.569
Epoch   22/50, time: 115.09 s, training_loss: 0.538
Epoch   22/50, time: 133.02 s, val_loss: 0.575
Epoch   23/50, time: 115.61 s, training_loss: 0.526
Epoch   23/50, time: 134.45 s, val_loss: 0.557
Epoch   24/50, time: 115.78 s, training_loss: 0.513
Epoch   24/50, time: 134.18 s, val_loss: 0.560
Epoch   25/50, time: 115.50 s, training_loss: 0.502
Epoch   25/50, time: 133.97 s, val_loss: 0.551
Epoch   26/50, time: 115.94 s, training_loss: 0.489
Epoch   26/50, time: 134.15 s, val_loss: 0.552
Epoch   27/50, time: 117.00 s, training_loss: 0.475
Epoch   27/50, time: 135.15 s, val_loss: 0.539
Epoch   28/50, time: 113.34 s, training_loss: 0.464
Epoch   28/50, time: 131.64 s, val_loss: 0.546
Epoch   29/50, time: 115.79 s, training_loss: 0.448
Epoch   29/50, time: 133.96 s, val_loss: 0.530
Epoch   30/50, time: 114.25 s, training_loss: 0.432
Epoch   30/50, time: 132.27 s, val_loss: 0.518
Epoch   31/50, time: 112.91 s, training_loss: 0.415
Epoch   31/50, time: 130.95 s, val_loss: 0.541
Epoch   32/50, time: 113.65 s, training_loss: 0.400
Epoch   32/50, time: 131.87 s, val_loss: 0.507
Epoch   33/50, time: 113.80 s, training_loss: 0.385
Epoch   33/50, time: 132.10 s, val_loss: 0.507
Epoch   34/50, time: 116.10 s, training_loss: 0.371
Epoch   34/50, time: 134.61 s, val_loss: 0.500
Epoch   35/50, time: 113.77 s, training_loss: 0.357
Epoch   35/50, time: 132.50 s, val_loss: 0.508
Epoch   36/50, time: 114.34 s, training_loss: 0.344
Epoch   36/50, time: 132.48 s, val_loss: 0.486
Epoch   37/50, time: 113.88 s, training_loss: 0.332
Epoch   37/50, time: 132.20 s, val_loss: 0.493
Epoch   38/50, time: 113.95 s, training_loss: 0.322
Epoch   38/50, time: 132.39 s, val_loss: 0.511
Epoch   39/50, time: 115.87 s, training_loss: 0.311
Epoch   39/50, time: 134.16 s, val_loss: 0.474
Epoch   40/50, time: 114.25 s, training_loss: 0.296
Epoch   40/50, time: 132.45 s, val_loss: 0.474
Epoch   41/50, time: 114.48 s, training_loss: 0.283
Epoch   41/50, time: 132.70 s, val_loss: 0.506
Epoch   42/50, time: 115.00 s, training_loss: 0.274
Epoch   42/50, time: 133.48 s, val_loss: 0.475
Epoch   43/50, time: 116.22 s, training_loss: 0.264
Epoch   43/50, time: 134.57 s, val_loss: 0.462
Epoch   44/50, time: 112.58 s, training_loss: 0.255
Epoch   44/50, time: 130.93 s, val_loss: 0.478
Epoch   45/50, time: 115.46 s, training_loss: 0.243
Epoch   45/50, time: 134.13 s, val_loss: 0.480
Epoch   46/50, time: 114.30 s, training_loss: 0.235
Epoch   46/50, time: 132.70 s, val_loss: 0.496
Epoch   47/50, time: 115.53 s, training_loss: 0.232
Epoch   47/50, time: 133.63 s, val_loss: 0.466
Epoch   48/50, time: 113.05 s, training_loss: 0.221
Epoch   48/50, time: 131.23 s, val_loss: 0.456
Epoch   49/50, time: 112.43 s, training_loss: 0.211
Epoch   49/50, time: 130.59 s, val_loss: 0.481
Epoch   50/50, time: 114.61 s, training_loss: 0.206
Epoch   50/50, time: 132.88 s, val_loss: 0.459
Training with paramaeters:  (64, 0.0001, 'bce_loss')
Epoch    1/50, time: 125.82 s, training_loss: 0.512
Epoch    1/50, time: 159.04 s, val_loss: 0.537
Epoch    2/50, time: 127.37 s, training_loss: 0.421
Epoch    2/50, time: 161.10 s, val_loss: 0.402
Epoch    3/50, time: 127.01 s, training_loss: 0.366
Epoch    3/50, time: 160.51 s, val_loss: 0.329
Epoch    4/50, time: 127.18 s, training_loss: 0.328
Epoch    4/50, time: 161.21 s, val_loss: 0.315
Epoch    5/50, time: 126.35 s, training_loss: 0.302
Epoch    5/50, time: 159.52 s, val_loss: 0.291
Epoch    6/50, time: 127.14 s, training_loss: 0.288
Epoch    6/50, time: 160.24 s, val_loss: 0.290
Epoch    7/50, time: 125.41 s, training_loss: 0.278
Epoch    7/50, time: 158.48 s, val_loss: 0.278
Epoch    8/50, time: 126.85 s, training_loss: 0.269
Epoch    8/50, time: 159.94 s, val_loss: 0.256
Epoch    9/50, time: 124.73 s, training_loss: 0.264
Epoch    9/50, time: 157.93 s, val_loss: 0.267
Epoch   10/50, time: 127.24 s, training_loss: 0.258
Epoch   10/50, time: 160.81 s, val_loss: 0.251
Epoch   11/50, time: 127.95 s, training_loss: 0.253
Epoch   11/50, time: 161.78 s, val_loss: 0.252
Epoch   12/50, time: 126.70 s, training_loss: 0.253
Epoch   12/50, time: 160.35 s, val_loss: 0.248
Epoch   13/50, time: 126.38 s, training_loss: 0.246
Epoch   13/50, time: 159.63 s, val_loss: 0.235
Epoch   14/50, time: 125.47 s, training_loss: 0.241
Epoch   14/50, time: 158.65 s, val_loss: 0.233
Epoch   15/50, time: 128.01 s, training_loss: 0.236
Epoch   15/50, time: 161.90 s, val_loss: 0.235
Epoch   16/50, time: 127.04 s, training_loss: 0.232
Epoch   16/50, time: 160.78 s, val_loss: 0.229
Epoch   17/50, time: 126.18 s, training_loss: 0.229
Epoch   17/50, time: 159.60 s, val_loss: 0.225
Epoch   18/50, time: 126.47 s, training_loss: 0.224
Epoch   18/50, time: 159.63 s, val_loss: 0.231
Epoch   19/50, time: 127.27 s, training_loss: 0.222
Epoch   19/50, time: 160.70 s, val_loss: 0.226
Epoch   20/50, time: 125.24 s, training_loss: 0.219
Epoch   20/50, time: 158.79 s, val_loss: 0.218
Epoch   21/50, time: 127.24 s, training_loss: 0.214
Epoch   21/50, time: 160.06 s, val_loss: 0.215
Epoch   22/50, time: 125.36 s, training_loss: 0.212
Epoch   22/50, time: 159.35 s, val_loss: 0.213
Epoch   23/50, time: 126.22 s, training_loss: 0.208
Epoch   23/50, time: 159.81 s, val_loss: 0.208
Epoch   24/50, time: 126.41 s, training_loss: 0.204
Epoch   24/50, time: 159.35 s, val_loss: 0.204
Epoch   25/50, time: 127.94 s, training_loss: 0.201
Epoch   25/50, time: 160.97 s, val_loss: 0.201
Epoch   26/50, time: 125.42 s, training_loss: 0.199
Epoch   26/50, time: 159.20 s, val_loss: 0.199
Epoch   27/50, time: 125.06 s, training_loss: 0.196
Epoch   27/50, time: 158.47 s, val_loss: 0.201
Epoch   28/50, time: 126.87 s, training_loss: 0.193
Epoch   28/50, time: 160.11 s, val_loss: 0.200
Epoch   29/50, time: 126.57 s, training_loss: 0.192
Epoch   29/50, time: 160.27 s, val_loss: 0.201
Epoch   30/50, time: 126.64 s, training_loss: 0.188
Epoch   30/50, time: 159.60 s, val_loss: 0.189
Epoch   31/50, time: 127.86 s, training_loss: 0.185
Epoch   31/50, time: 161.17 s, val_loss: 0.187
Epoch   32/50, time: 127.52 s, training_loss: 0.183
Epoch   32/50, time: 160.94 s, val_loss: 0.185
Epoch   33/50, time: 127.69 s, training_loss: 0.180
Epoch   33/50, time: 161.72 s, val_loss: 0.189
Epoch   34/50, time: 125.58 s, training_loss: 0.177
Epoch   34/50, time: 159.37 s, val_loss: 0.180
Epoch   35/50, time: 126.07 s, training_loss: 0.175
Epoch   35/50, time: 159.02 s, val_loss: 0.179
Epoch   36/50, time: 123.57 s, training_loss: 0.172
Epoch   36/50, time: 155.96 s, val_loss: 0.174
Epoch   37/50, time: 125.03 s, training_loss: 0.170
Epoch   37/50, time: 157.99 s, val_loss: 0.172
Epoch   38/50, time: 125.85 s, training_loss: 0.167
Epoch   38/50, time: 159.15 s, val_loss: 0.168
Epoch   39/50, time: 125.16 s, training_loss: 0.165
Epoch   39/50, time: 158.39 s, val_loss: 0.168
Epoch   40/50, time: 126.10 s, training_loss: 0.162
Epoch   40/50, time: 159.16 s, val_loss: 0.165
Epoch   41/50, time: 124.85 s, training_loss: 0.160
Epoch   41/50, time: 158.23 s, val_loss: 0.169
Epoch   42/50, time: 126.23 s, training_loss: 0.157
Epoch   42/50, time: 159.78 s, val_loss: 0.170
Epoch   43/50, time: 126.45 s, training_loss: 0.155
Epoch   43/50, time: 160.00 s, val_loss: 0.159
Epoch   44/50, time: 126.23 s, training_loss: 0.152
Epoch   44/50, time: 159.64 s, val_loss: 0.164
Epoch   45/50, time: 126.24 s, training_loss: 0.150
Epoch   45/50, time: 160.29 s, val_loss: 0.160
Epoch   46/50, time: 127.83 s, training_loss: 0.147
Epoch   46/50, time: 160.99 s, val_loss: 0.160
Epoch   47/50, time: 125.47 s, training_loss: 0.144
Epoch   47/50, time: 159.10 s, val_loss: 0.155
Epoch   48/50, time: 126.14 s, training_loss: 0.142
Epoch   48/50, time: 159.86 s, val_loss: 0.157
Epoch   49/50, time: 125.37 s, training_loss: 0.139
Epoch   49/50, time: 159.14 s, val_loss: 0.168
Epoch   50/50, time: 126.61 s, training_loss: 0.136
Epoch   50/50, time: 160.07 s, val_loss: 0.154
Training with paramaeters:  (64, 0.0001, 'dice_loss')
Epoch    1/50, time: 127.91 s, training_loss: 0.867
Epoch    1/50, time: 161.02 s, val_loss: 0.927
Epoch    2/50, time: 127.49 s, training_loss: 0.822
Epoch    2/50, time: 161.50 s, val_loss: 0.891
Epoch    3/50, time: 126.31 s, training_loss: 0.800
Epoch    3/50, time: 159.88 s, val_loss: 0.799
Epoch    4/50, time: 127.29 s, training_loss: 0.783
Epoch    4/50, time: 161.01 s, val_loss: 0.765
Epoch    5/50, time: 126.52 s, training_loss: 0.771
Epoch    5/50, time: 159.94 s, val_loss: 0.757
Epoch    6/50, time: 125.45 s, training_loss: 0.761
Epoch    6/50, time: 158.60 s, val_loss: 0.750
Epoch    7/50, time: 126.65 s, training_loss: 0.751
Epoch    7/50, time: 160.51 s, val_loss: 0.737
Epoch    8/50, time: 126.89 s, training_loss: 0.743
Epoch    8/50, time: 160.74 s, val_loss: 0.732
Epoch    9/50, time: 126.90 s, training_loss: 0.735
Epoch    9/50, time: 160.49 s, val_loss: 0.731
Epoch   10/50, time: 124.49 s, training_loss: 0.730
Epoch   10/50, time: 157.89 s, val_loss: 0.718
Epoch   11/50, time: 126.56 s, training_loss: 0.723
Epoch   11/50, time: 160.27 s, val_loss: 0.726
Epoch   12/50, time: 126.35 s, training_loss: 0.716
Epoch   12/50, time: 159.96 s, val_loss: 0.713
Epoch   13/50, time: 125.07 s, training_loss: 0.713
Epoch   13/50, time: 158.42 s, val_loss: 0.704
Epoch   14/50, time: 126.43 s, training_loss: 0.707
Epoch   14/50, time: 159.66 s, val_loss: 0.700
Epoch   15/50, time: 126.71 s, training_loss: 0.699
Epoch   15/50, time: 160.13 s, val_loss: 0.698
Epoch   16/50, time: 125.42 s, training_loss: 0.695
Epoch   16/50, time: 158.95 s, val_loss: 0.700
Epoch   17/50, time: 126.65 s, training_loss: 0.693
Epoch   17/50, time: 160.29 s, val_loss: 0.687
Epoch   18/50, time: 125.35 s, training_loss: 0.688
Epoch   18/50, time: 158.82 s, val_loss: 0.693
Epoch   19/50, time: 125.89 s, training_loss: 0.679
Epoch   19/50, time: 159.08 s, val_loss: 0.684
Epoch   20/50, time: 126.64 s, training_loss: 0.676
Epoch   20/50, time: 160.10 s, val_loss: 0.687
Epoch   21/50, time: 127.22 s, training_loss: 0.666
Epoch   21/50, time: 160.35 s, val_loss: 0.666
Epoch   22/50, time: 125.89 s, training_loss: 0.659
Epoch   22/50, time: 159.29 s, val_loss: 0.654
Epoch   23/50, time: 126.94 s, training_loss: 0.657
Epoch   23/50, time: 160.28 s, val_loss: 0.685
Epoch   24/50, time: 128.64 s, training_loss: 0.650
Epoch   24/50, time: 161.55 s, val_loss: 0.650
Epoch   25/50, time: 126.21 s, training_loss: 0.643
Epoch   25/50, time: 159.87 s, val_loss: 0.672
Epoch   26/50, time: 126.71 s, training_loss: 0.635
Epoch   26/50, time: 160.34 s, val_loss: 0.657
Epoch   27/50, time: 125.62 s, training_loss: 0.631
Epoch   27/50, time: 159.20 s, val_loss: 0.644
Epoch   28/50, time: 128.90 s, training_loss: 0.624
Epoch   28/50, time: 162.39 s, val_loss: 0.643
Epoch   29/50, time: 125.41 s, training_loss: 0.622
Epoch   29/50, time: 159.01 s, val_loss: 0.615
Epoch   30/50, time: 126.18 s, training_loss: 0.613
Epoch   30/50, time: 159.98 s, val_loss: 0.637
Epoch   31/50, time: 127.21 s, training_loss: 0.604
Epoch   31/50, time: 160.54 s, val_loss: 0.611
Epoch   32/50, time: 127.22 s, training_loss: 0.595
Epoch   32/50, time: 160.22 s, val_loss: 0.606
Epoch   33/50, time: 126.02 s, training_loss: 0.589
Epoch   33/50, time: 159.65 s, val_loss: 0.612
Epoch   34/50, time: 125.71 s, training_loss: 0.582
Epoch   34/50, time: 159.15 s, val_loss: 0.600
Epoch   35/50, time: 126.19 s, training_loss: 0.575
Epoch   35/50, time: 160.07 s, val_loss: 0.620
Epoch   36/50, time: 127.01 s, training_loss: 0.565
Epoch   36/50, time: 160.26 s, val_loss: 0.617
Epoch   37/50, time: 125.67 s, training_loss: 0.558
Epoch   37/50, time: 158.92 s, val_loss: 0.607
Epoch   38/50, time: 125.51 s, training_loss: 0.555
Epoch   38/50, time: 159.07 s, val_loss: 0.603
Epoch   39/50, time: 126.23 s, training_loss: 0.545
Epoch   39/50, time: 159.38 s, val_loss: 0.593
Epoch   40/50, time: 126.16 s, training_loss: 0.538
Epoch   40/50, time: 159.52 s, val_loss: 0.591
Epoch   41/50, time: 126.86 s, training_loss: 0.532
Epoch   41/50, time: 160.35 s, val_loss: 0.600
Epoch   42/50, time: 126.12 s, training_loss: 0.524
Epoch   42/50, time: 160.18 s, val_loss: 0.575
Epoch   43/50, time: 125.92 s, training_loss: 0.515
Epoch   43/50, time: 159.48 s, val_loss: 0.575
Epoch   44/50, time: 126.29 s, training_loss: 0.506
Epoch   44/50, time: 160.54 s, val_loss: 0.621
Epoch   45/50, time: 128.34 s, training_loss: 0.500
Epoch   45/50, time: 161.96 s, val_loss: 0.562
Epoch   46/50, time: 125.94 s, training_loss: 0.491
Epoch   46/50, time: 159.12 s, val_loss: 0.577
Epoch   47/50, time: 125.70 s, training_loss: 0.483
Epoch   47/50, time: 159.20 s, val_loss: 0.565
Epoch   48/50, time: 126.21 s, training_loss: 0.473
Epoch   48/50, time: 160.26 s, val_loss: 0.578
Epoch   49/50, time: 127.74 s, training_loss: 0.467
Epoch   49/50, time: 161.44 s, val_loss: 0.561
Epoch   50/50, time: 128.06 s, training_loss: 0.461
Epoch   50/50, time: 161.66 s, val_loss: 0.566
Training with paramaeters:  (128, 0.0001, 'bce_loss')
Epoch    1/50, time: 131.86 s, training_loss: 0.724
Epoch    1/50, time: 193.12 s, val_loss: 0.680
Epoch    2/50, time: 131.57 s, training_loss: 0.613
Epoch    2/50, time: 194.26 s, val_loss: 0.624
Epoch    3/50, time: 129.97 s, training_loss: 0.550
Epoch    3/50, time: 191.98 s, val_loss: 0.557
Epoch    4/50, time: 131.06 s, training_loss: 0.502
Epoch    4/50, time: 192.68 s, val_loss: 0.521
Epoch    5/50, time: 132.68 s, training_loss: 0.461
Epoch    5/50, time: 195.41 s, val_loss: 0.477
Epoch    6/50, time: 131.98 s, training_loss: 0.427
Epoch    6/50, time: 193.71 s, val_loss: 0.424
Epoch    7/50, time: 132.33 s, training_loss: 0.398
Epoch    7/50, time: 194.41 s, val_loss: 0.389
Epoch    8/50, time: 132.69 s, training_loss: 0.373
Epoch    8/50, time: 194.91 s, val_loss: 0.381
Epoch    9/50, time: 132.66 s, training_loss: 0.359
Epoch    9/50, time: 195.37 s, val_loss: 0.351
Epoch   10/50, time: 131.77 s, training_loss: 0.347
Epoch   10/50, time: 194.18 s, val_loss: 0.347
Epoch   11/50, time: 130.25 s, training_loss: 0.351
Epoch   11/50, time: 196.94 s, val_loss: 0.360
Epoch   12/50, time: 151.08 s, training_loss: 0.341
Epoch   12/50, time: 224.36 s, val_loss: 0.348
Epoch   13/50, time: 152.79 s, training_loss: 0.336
Epoch   13/50, time: 224.29 s, val_loss: 0.337
Epoch   14/50, time: 139.22 s, training_loss: 0.324
Epoch   14/50, time: 201.65 s, val_loss: 0.326
Epoch   15/50, time: 150.40 s, training_loss: 0.318
Epoch   15/50, time: 216.92 s, val_loss: 0.314
Epoch   16/50, time: 136.22 s, training_loss: 0.317
Epoch   16/50, time: 199.33 s, val_loss: 0.313
Epoch   17/50, time: 134.67 s, training_loss: 0.313
Epoch   17/50, time: 204.58 s, val_loss: 0.310
Epoch   18/50, time: 138.56 s, training_loss: 0.307
Epoch   18/50, time: 202.28 s, val_loss: 0.303
Epoch   19/50, time: 130.48 s, training_loss: 0.301
Epoch   19/50, time: 194.07 s, val_loss: 0.298
Epoch   20/50, time: 136.59 s, training_loss: 0.298
Epoch   20/50, time: 205.87 s, val_loss: 0.300
Epoch   21/50, time: 132.77 s, training_loss: 0.297
Epoch   21/50, time: 197.19 s, val_loss: 0.298
Epoch   22/50, time: 132.54 s, training_loss: 0.293
Epoch   22/50, time: 196.72 s, val_loss: 0.290
Epoch   23/50, time: 139.65 s, training_loss: 0.290
Epoch   23/50, time: 205.66 s, val_loss: 0.287
Epoch   24/50, time: 131.30 s, training_loss: 0.289
Epoch   24/50, time: 195.11 s, val_loss: 0.296
Epoch   25/50, time: 131.92 s, training_loss: 0.294
Epoch   25/50, time: 195.59 s, val_loss: 0.286
Epoch   26/50, time: 144.95 s, training_loss: 0.294
Epoch   26/50, time: 207.98 s, val_loss: 0.290
Epoch   27/50, time: 131.59 s, training_loss: 0.289
Epoch   27/50, time: 194.21 s, val_loss: 0.292
Epoch   28/50, time: 132.15 s, training_loss: 0.283
Epoch   28/50, time: 201.73 s, val_loss: 0.281
Epoch   29/50, time: 138.01 s, training_loss: 0.278
Epoch   29/50, time: 201.51 s, val_loss: 0.279
Epoch   30/50, time: 133.68 s, training_loss: 0.274
Epoch   30/50, time: 197.05 s, val_loss: 0.277
Epoch   31/50, time: 135.32 s, training_loss: 0.270
Epoch   31/50, time: 202.87 s, val_loss: 0.277
Epoch   32/50, time: 130.83 s, training_loss: 0.267
Epoch   32/50, time: 193.73 s, val_loss: 0.267
Epoch   33/50, time: 129.69 s, training_loss: 0.265
Epoch   33/50, time: 193.66 s, val_loss: 0.264
Epoch   34/50, time: 139.52 s, training_loss: 0.263
Epoch   34/50, time: 207.47 s, val_loss: 0.264
Epoch   35/50, time: 134.02 s, training_loss: 0.262
Epoch   35/50, time: 198.03 s, val_loss: 0.253
Epoch   36/50, time: 130.67 s, training_loss: 0.259
Epoch   36/50, time: 198.03 s, val_loss: 0.266
Epoch   37/50, time: 144.02 s, training_loss: 0.258
Epoch   37/50, time: 207.39 s, val_loss: 0.261
Epoch   38/50, time: 131.07 s, training_loss: 0.256
Epoch   38/50, time: 194.73 s, val_loss: 0.257
Epoch   39/50, time: 131.57 s, training_loss: 0.252
Epoch   39/50, time: 199.30 s, val_loss: 0.248
Epoch   40/50, time: 143.66 s, training_loss: 0.251
Epoch   40/50, time: 206.85 s, val_loss: 0.242
Epoch   41/50, time: 131.85 s, training_loss: 0.248
Epoch   41/50, time: 195.08 s, val_loss: 0.240
Epoch   42/50, time: 131.17 s, training_loss: 0.245
Epoch   42/50, time: 201.79 s, val_loss: 0.236
Epoch   43/50, time: 136.24 s, training_loss: 0.243
Epoch   43/50, time: 199.17 s, val_loss: 0.238
Epoch   44/50, time: 129.59 s, training_loss: 0.240
Epoch   44/50, time: 192.99 s, val_loss: 0.243
Epoch   45/50, time: 137.75 s, training_loss: 0.239
Epoch   45/50, time: 206.83 s, val_loss: 0.233
Epoch   46/50, time: 132.48 s, training_loss: 0.237
Epoch   46/50, time: 195.35 s, val_loss: 0.236
Epoch   47/50, time: 129.60 s, training_loss: 0.235
Epoch   47/50, time: 192.60 s, val_loss: 0.234
Epoch   48/50, time: 142.88 s, training_loss: 0.235
Epoch   48/50, time: 209.09 s, val_loss: 0.252
Epoch   49/50, time: 132.56 s, training_loss: 0.243
Epoch   49/50, time: 196.55 s, val_loss: 0.256
Epoch   50/50, time: 131.36 s, training_loss: 0.244
Epoch   50/50, time: 195.37 s, val_loss: 0.251
Training with paramaeters:  (128, 0.0001, 'dice_loss')
Epoch    1/50, time: 143.26 s, training_loss: 0.900
Epoch    1/50, time: 205.97 s, val_loss: 0.937
Epoch    2/50, time: 131.98 s, training_loss: 0.849
Epoch    2/50, time: 193.82 s, val_loss: 0.941
Epoch    3/50, time: 132.45 s, training_loss: 0.830
Epoch    3/50, time: 200.97 s, val_loss: 0.918
Epoch    4/50, time: 146.78 s, training_loss: 0.818
Epoch    4/50, time: 210.37 s, val_loss: 0.879
Epoch    5/50, time: 133.22 s, training_loss: 0.807
Epoch    5/50, time: 196.97 s, val_loss: 0.834
Epoch    6/50, time: 136.89 s, training_loss: 0.799
Epoch    6/50, time: 206.45 s, val_loss: 0.784
Epoch    7/50, time: 132.74 s, training_loss: 0.793
Epoch    7/50, time: 196.16 s, val_loss: 0.775
Epoch    8/50, time: 130.54 s, training_loss: 0.783
Epoch    8/50, time: 194.02 s, val_loss: 0.806
Epoch    9/50, time: 139.10 s, training_loss: 0.777
Epoch    9/50, time: 206.18 s, val_loss: 0.802
Epoch   10/50, time: 131.36 s, training_loss: 0.770
Epoch   10/50, time: 195.09 s, val_loss: 0.809
Epoch   11/50, time: 132.47 s, training_loss: 0.768
Epoch   11/50, time: 197.52 s, val_loss: 0.753
Epoch   12/50, time: 145.26 s, training_loss: 0.760
Epoch   12/50, time: 208.93 s, val_loss: 0.746
Epoch   13/50, time: 131.82 s, training_loss: 0.754
Epoch   13/50, time: 195.58 s, val_loss: 0.736
Epoch   14/50, time: 132.11 s, training_loss: 0.748
Epoch   14/50, time: 199.79 s, val_loss: 0.752
Epoch   15/50, time: 141.88 s, training_loss: 0.747
Epoch   15/50, time: 204.92 s, val_loss: 0.744
Epoch   16/50, time: 132.07 s, training_loss: 0.742
Epoch   16/50, time: 195.50 s, val_loss: 0.761
Epoch   17/50, time: 132.23 s, training_loss: 0.735
Epoch   17/50, time: 201.80 s, val_loss: 0.727
Epoch   18/50, time: 137.93 s, training_loss: 0.730
Epoch   18/50, time: 201.04 s, val_loss: 0.715
Epoch   19/50, time: 132.71 s, training_loss: 0.730
Epoch   19/50, time: 195.87 s, val_loss: 0.735
Epoch   20/50, time: 135.33 s, training_loss: 0.728
Epoch   20/50, time: 202.91 s, val_loss: 0.747
Epoch   21/50, time: 143.64 s, training_loss: 0.724
Epoch   21/50, time: 210.61 s, val_loss: 0.727
Epoch   22/50, time: 137.34 s, training_loss: 0.721
Epoch   22/50, time: 201.90 s, val_loss: 0.734
Epoch   23/50, time: 139.75 s, training_loss: 0.718
Epoch   23/50, time: 205.48 s, val_loss: 0.716
Epoch   24/50, time: 139.91 s, training_loss: 0.714
Epoch   24/50, time: 206.89 s, val_loss: 0.713
Epoch   25/50, time: 137.37 s, training_loss: 0.710
Epoch   25/50, time: 206.92 s, val_loss: 0.716
Epoch   26/50, time: 136.51 s, training_loss: 0.708
Epoch   26/50, time: 203.55 s, val_loss: 0.723
Epoch   27/50, time: 136.90 s, training_loss: 0.708
Epoch   27/50, time: 201.25 s, val_loss: 0.710
Epoch   28/50, time: 140.28 s, training_loss: 0.701
Epoch   28/50, time: 204.49 s, val_loss: 0.686
Epoch   29/50, time: 137.10 s, training_loss: 0.698
Epoch   29/50, time: 202.44 s, val_loss: 0.724
Epoch   30/50, time: 136.25 s, training_loss: 0.696
Epoch   30/50, time: 202.74 s, val_loss: 0.702
Epoch   31/50, time: 138.18 s, training_loss: 0.697
Epoch   31/50, time: 202.00 s, val_loss: 0.685
Epoch   32/50, time: 136.11 s, training_loss: 0.694
Epoch   32/50, time: 199.74 s, val_loss: 0.688
Epoch   33/50, time: 135.93 s, training_loss: 0.685
Epoch   33/50, time: 200.88 s, val_loss: 0.708
Epoch   34/50, time: 138.56 s, training_loss: 0.685
Epoch   34/50, time: 200.95 s, val_loss: 0.688
Epoch   35/50, time: 137.62 s, training_loss: 0.684
Epoch   35/50, time: 200.57 s, val_loss: 0.689
Epoch   36/50, time: 136.17 s, training_loss: 0.675
Epoch   36/50, time: 201.20 s, val_loss: 0.670
Epoch   37/50, time: 135.38 s, training_loss: 0.672
Epoch   37/50, time: 200.79 s, val_loss: 0.671
Epoch   38/50, time: 134.20 s, training_loss: 0.671
Epoch   38/50, time: 199.23 s, val_loss: 0.665
Epoch   39/50, time: 135.96 s, training_loss: 0.665
Epoch   39/50, time: 200.04 s, val_loss: 0.674
Epoch   40/50, time: 136.12 s, training_loss: 0.665
Epoch   40/50, time: 199.27 s, val_loss: 0.686
Epoch   41/50, time: 137.84 s, training_loss: 0.659
Epoch   41/50, time: 202.69 s, val_loss: 0.665
Epoch   42/50, time: 137.75 s, training_loss: 0.658
Epoch   42/50, time: 203.24 s, val_loss: 0.692
Epoch   43/50, time: 137.37 s, training_loss: 0.652
Epoch   43/50, time: 204.22 s, val_loss: 0.671
Epoch   44/50, time: 138.40 s, training_loss: 0.650
Epoch   44/50, time: 202.14 s, val_loss: 0.669
Epoch   45/50, time: 139.49 s, training_loss: 0.647
Epoch   45/50, time: 204.56 s, val_loss: 0.654
Epoch   46/50, time: 134.83 s, training_loss: 0.645
Epoch   46/50, time: 198.06 s, val_loss: 0.646
Epoch   47/50, time: 136.12 s, training_loss: 0.640
Epoch   47/50, time: 198.53 s, val_loss: 0.643
Epoch   48/50, time: 137.47 s, training_loss: 0.642
Epoch   48/50, time: 200.74 s, val_loss: 0.651
Epoch   49/50, time: 135.51 s, training_loss: 0.633
Epoch   49/50, time: 202.40 s, val_loss: 0.632
Epoch   50/50, time: 137.47 s, training_loss: 0.631
Epoch   50/50, time: 203.00 s, val_loss: 0.643

Results sorted by validation loss:
Params: (32, 0.0001, 'bce_loss') | Lowest val Loss: inf at epoch 0
Params: (32, 0.0001, 'dice_loss') | Lowest val Loss: inf at epoch 0
Params: (64, 0.0001, 'bce_loss') | Lowest val Loss: inf at epoch 0
Params: (64, 0.0001, 'dice_loss') | Lowest val Loss: inf at epoch 0
Params: (128, 0.0001, 'bce_loss') | Lowest val Loss: inf at epoch 0
Params: (128, 0.0001, 'dice_loss') | Lowest val Loss: inf at epoch 0
