Using device: cuda
Configuration
data:
  path: /scratch/phys/sin/sethih1/data_files/planar_molecules_256
  split_by_id: 0
log_path: /scratch/phys/sin/sethih1/runs_ters/planar_256/config10/
model:
  att_channels: 32
  filters:
  - 16
  - 32
  - 64
  - 128
  in_channels: 400
  kernel_size:
  - 3
  - 3
  - 3
  - 3
  out_channels: 4
  type: AttentionUNet
save_path: /scratch/phys/sin/sethih1/models/planar_256/config10/
training:
  batch_sizes:
  - 32
  - 64
  - 128
  epochs: 50
  learning_rates:
  - 0.0001
  loss_functions:
  - bce_loss
  - dice_loss

Data Loaded
Data loaded
Training with paramaeters:  (32, 0.0001, 'bce_loss')
Epoch    1/50, time: 137.02 s, training_loss: 0.554
Epoch    1/50, time: 159.07 s, val_loss: 0.518
Epoch    2/50, time: 118.53 s, training_loss: 0.461
Epoch    2/50, time: 137.52 s, val_loss: 0.443
Epoch    3/50, time: 119.08 s, training_loss: 0.428
Epoch    3/50, time: 138.24 s, val_loss: 0.434
Epoch    4/50, time: 118.94 s, training_loss: 0.408
Epoch    4/50, time: 137.73 s, val_loss: 0.401
Epoch    5/50, time: 119.99 s, training_loss: 0.394
Epoch    5/50, time: 139.21 s, val_loss: 0.388
Epoch    6/50, time: 119.74 s, training_loss: 0.380
Epoch    6/50, time: 138.55 s, val_loss: 0.371
Epoch    7/50, time: 120.01 s, training_loss: 0.365
Epoch    7/50, time: 138.99 s, val_loss: 0.361
Epoch    8/50, time: 120.44 s, training_loss: 0.352
Epoch    8/50, time: 139.30 s, val_loss: 0.350
Epoch    9/50, time: 118.13 s, training_loss: 0.340
Epoch    9/50, time: 137.19 s, val_loss: 0.334
Epoch   10/50, time: 120.68 s, training_loss: 0.327
Epoch   10/50, time: 139.81 s, val_loss: 0.322
Epoch   11/50, time: 119.00 s, training_loss: 0.315
Epoch   11/50, time: 138.03 s, val_loss: 0.310
Epoch   12/50, time: 119.86 s, training_loss: 0.302
Epoch   12/50, time: 138.88 s, val_loss: 0.297
Epoch   13/50, time: 119.78 s, training_loss: 0.291
Epoch   13/50, time: 138.97 s, val_loss: 0.284
Epoch   14/50, time: 117.46 s, training_loss: 0.280
Epoch   14/50, time: 136.55 s, val_loss: 0.267
Epoch   15/50, time: 119.98 s, training_loss: 0.271
Epoch   15/50, time: 138.84 s, val_loss: 0.264
Epoch   16/50, time: 118.99 s, training_loss: 0.259
Epoch   16/50, time: 138.25 s, val_loss: 0.253
Epoch   17/50, time: 120.35 s, training_loss: 0.248
Epoch   17/50, time: 139.44 s, val_loss: 0.245
Epoch   18/50, time: 120.99 s, training_loss: 0.238
Epoch   18/50, time: 139.69 s, val_loss: 0.232
Epoch   19/50, time: 120.14 s, training_loss: 0.229
Epoch   19/50, time: 139.35 s, val_loss: 0.225
Epoch   20/50, time: 118.82 s, training_loss: 0.220
Epoch   20/50, time: 137.91 s, val_loss: 0.216
Epoch   21/50, time: 117.39 s, training_loss: 0.211
Epoch   21/50, time: 136.39 s, val_loss: 0.209
Epoch   22/50, time: 120.04 s, training_loss: 0.203
Epoch   22/50, time: 139.14 s, val_loss: 0.201
Epoch   23/50, time: 121.55 s, training_loss: 0.195
Epoch   23/50, time: 140.52 s, val_loss: 0.190
Epoch   24/50, time: 119.61 s, training_loss: 0.187
Epoch   24/50, time: 138.72 s, val_loss: 0.185
Epoch   25/50, time: 118.52 s, training_loss: 0.179
Epoch   25/50, time: 137.40 s, val_loss: 0.175
Epoch   26/50, time: 119.96 s, training_loss: 0.171
Epoch   26/50, time: 139.06 s, val_loss: 0.166
Epoch   27/50, time: 120.74 s, training_loss: 0.164
Epoch   27/50, time: 139.81 s, val_loss: 0.161
Epoch   28/50, time: 118.83 s, training_loss: 0.159
Epoch   28/50, time: 139.56 s, val_loss: 0.157
Epoch   29/50, time: 119.86 s, training_loss: 0.152
Epoch   29/50, time: 138.97 s, val_loss: 0.151
Epoch   30/50, time: 120.43 s, training_loss: 0.146
Epoch   30/50, time: 139.86 s, val_loss: 0.144
Epoch   31/50, time: 121.48 s, training_loss: 0.140
Epoch   31/50, time: 140.70 s, val_loss: 0.141
Epoch   32/50, time: 119.92 s, training_loss: 0.135
Epoch   32/50, time: 139.12 s, val_loss: 0.132
Epoch   33/50, time: 120.52 s, training_loss: 0.130
Epoch   33/50, time: 139.79 s, val_loss: 0.132
Epoch   34/50, time: 120.58 s, training_loss: 0.125
Epoch   34/50, time: 139.58 s, val_loss: 0.123
Epoch   35/50, time: 121.23 s, training_loss: 0.120
Epoch   35/50, time: 140.40 s, val_loss: 0.119
Epoch   36/50, time: 117.71 s, training_loss: 0.116
Epoch   36/50, time: 136.70 s, val_loss: 0.115
Epoch   37/50, time: 120.07 s, training_loss: 0.112
Epoch   37/50, time: 139.37 s, val_loss: 0.111
Epoch   38/50, time: 119.67 s, training_loss: 0.108
Epoch   38/50, time: 138.62 s, val_loss: 0.107
Epoch   39/50, time: 120.42 s, training_loss: 0.104
Epoch   39/50, time: 139.42 s, val_loss: 0.103
Epoch   40/50, time: 119.26 s, training_loss: 0.101
Epoch   40/50, time: 138.16 s, val_loss: 0.101
Epoch   41/50, time: 120.87 s, training_loss: 0.097
Epoch   41/50, time: 139.94 s, val_loss: 0.096
Epoch   42/50, time: 120.84 s, training_loss: 0.094
Epoch   42/50, time: 140.09 s, val_loss: 0.092
Epoch   43/50, time: 119.83 s, training_loss: 0.091
Epoch   43/50, time: 138.83 s, val_loss: 0.092
Epoch   44/50, time: 119.43 s, training_loss: 0.088
Epoch   44/50, time: 138.57 s, val_loss: 0.089
Epoch   45/50, time: 121.56 s, training_loss: 0.085
Epoch   45/50, time: 140.72 s, val_loss: 0.088
Epoch   46/50, time: 120.89 s, training_loss: 0.082
Epoch   46/50, time: 139.99 s, val_loss: 0.083
Epoch   47/50, time: 120.99 s, training_loss: 0.080
Epoch   47/50, time: 141.08 s, val_loss: 0.081
Epoch   48/50, time: 122.80 s, training_loss: 0.077
Epoch   48/50, time: 142.14 s, val_loss: 0.078
Epoch   49/50, time: 119.51 s, training_loss: 0.075
Epoch   49/50, time: 138.93 s, val_loss: 0.077
Epoch   50/50, time: 118.59 s, training_loss: 0.073
Epoch   50/50, time: 137.69 s, val_loss: 0.074
Training with paramaeters:  (32, 0.0001, 'dice_loss')
Epoch    1/50, time: 113.06 s, training_loss: 0.970
Epoch    1/50, time: 131.36 s, val_loss: 0.976
Epoch    2/50, time: 114.64 s, training_loss: 0.962
Epoch    2/50, time: 133.16 s, val_loss: 0.960
Epoch    3/50, time: 113.46 s, training_loss: 0.958
Epoch    3/50, time: 131.97 s, val_loss: 0.957
Epoch    4/50, time: 113.66 s, training_loss: 0.955
Epoch    4/50, time: 132.12 s, val_loss: 0.954
Epoch    5/50, time: 113.59 s, training_loss: 0.951
Epoch    5/50, time: 132.02 s, val_loss: 0.949
Epoch    6/50, time: 114.00 s, training_loss: 0.948
Epoch    6/50, time: 132.42 s, val_loss: 0.943
Epoch    7/50, time: 113.72 s, training_loss: 0.943
Epoch    7/50, time: 132.19 s, val_loss: 0.961
Epoch    8/50, time: 114.17 s, training_loss: 0.938
Epoch    8/50, time: 132.60 s, val_loss: 0.947
Epoch    9/50, time: 113.94 s, training_loss: 0.932
Epoch    9/50, time: 132.44 s, val_loss: 0.956
Epoch   10/50, time: 112.73 s, training_loss: 0.925
Epoch   10/50, time: 130.83 s, val_loss: 0.934
Epoch   11/50, time: 114.25 s, training_loss: 0.916
Epoch   11/50, time: 132.74 s, val_loss: 0.925
Epoch   12/50, time: 114.63 s, training_loss: 0.906
Epoch   12/50, time: 133.00 s, val_loss: 0.928
Epoch   13/50, time: 113.96 s, training_loss: 0.895
Epoch   13/50, time: 132.59 s, val_loss: 0.910
Epoch   14/50, time: 113.31 s, training_loss: 0.886
Epoch   14/50, time: 131.40 s, val_loss: 0.909
Epoch   15/50, time: 113.16 s, training_loss: 0.875
Epoch   15/50, time: 131.62 s, val_loss: 0.864
Epoch   16/50, time: 113.03 s, training_loss: 0.864
Epoch   16/50, time: 131.57 s, val_loss: 0.882
Epoch   17/50, time: 113.87 s, training_loss: 0.853
Epoch   17/50, time: 132.27 s, val_loss: 0.877
Epoch   18/50, time: 113.90 s, training_loss: 0.844
Epoch   18/50, time: 132.15 s, val_loss: 0.831
Epoch   19/50, time: 112.99 s, training_loss: 0.832
Epoch   19/50, time: 131.38 s, val_loss: 0.819
Epoch   20/50, time: 113.15 s, training_loss: 0.819
Epoch   20/50, time: 131.45 s, val_loss: 0.826
Epoch   21/50, time: 113.19 s, training_loss: 0.803
Epoch   21/50, time: 131.46 s, val_loss: 0.820
Epoch   22/50, time: 111.74 s, training_loss: 0.774
Epoch   22/50, time: 129.89 s, val_loss: 0.836
Epoch   23/50, time: 112.37 s, training_loss: 0.753
Epoch   23/50, time: 130.40 s, val_loss: 0.777
Epoch   24/50, time: 114.42 s, training_loss: 0.734
Epoch   24/50, time: 132.45 s, val_loss: 0.758
Epoch   25/50, time: 113.42 s, training_loss: 0.720
Epoch   25/50, time: 131.72 s, val_loss: 0.741
Epoch   26/50, time: 114.05 s, training_loss: 0.701
Epoch   26/50, time: 132.24 s, val_loss: 0.823
Epoch   27/50, time: 114.41 s, training_loss: 0.690
Epoch   27/50, time: 132.81 s, val_loss: 0.737
Epoch   28/50, time: 113.94 s, training_loss: 0.662
Epoch   28/50, time: 132.40 s, val_loss: 0.725
Epoch   29/50, time: 113.36 s, training_loss: 0.643
Epoch   29/50, time: 131.94 s, val_loss: 0.707
Epoch   30/50, time: 112.81 s, training_loss: 0.637
Epoch   30/50, time: 131.62 s, val_loss: 0.731
Epoch   31/50, time: 113.93 s, training_loss: 0.623
Epoch   31/50, time: 132.25 s, val_loss: 0.735
Epoch   32/50, time: 113.93 s, training_loss: 0.601
Epoch   32/50, time: 132.24 s, val_loss: 0.747
Epoch   33/50, time: 113.80 s, training_loss: 0.595
Epoch   33/50, time: 132.01 s, val_loss: 0.681
Epoch   34/50, time: 114.22 s, training_loss: 0.576
Epoch   34/50, time: 132.47 s, val_loss: 0.651
Epoch   35/50, time: 112.54 s, training_loss: 0.557
Epoch   35/50, time: 131.10 s, val_loss: 0.762
Epoch   36/50, time: 113.33 s, training_loss: 0.549
Epoch   36/50, time: 131.86 s, val_loss: 0.729
Epoch   37/50, time: 113.73 s, training_loss: 0.533
Epoch   37/50, time: 132.21 s, val_loss: 0.715
Epoch   38/50, time: 114.31 s, training_loss: 0.528
Epoch   38/50, time: 132.53 s, val_loss: 0.716
Epoch   39/50, time: 112.48 s, training_loss: 0.517
Epoch   39/50, time: 130.84 s, val_loss: 0.673
Epoch   40/50, time: 113.41 s, training_loss: 0.516
Epoch   40/50, time: 131.56 s, val_loss: 0.630
Epoch   41/50, time: 112.83 s, training_loss: 0.502
Epoch   41/50, time: 131.51 s, val_loss: 0.703
Epoch   42/50, time: 112.60 s, training_loss: 0.494
Epoch   42/50, time: 131.14 s, val_loss: 0.694
Epoch   43/50, time: 112.45 s, training_loss: 0.484
Epoch   43/50, time: 130.92 s, val_loss: 0.667
Epoch   44/50, time: 112.46 s, training_loss: 0.475
Epoch   44/50, time: 130.93 s, val_loss: 0.668
Epoch   45/50, time: 114.35 s, training_loss: 0.466
Epoch   45/50, time: 132.91 s, val_loss: 0.648
Epoch   46/50, time: 113.61 s, training_loss: 0.463
Epoch   46/50, time: 132.01 s, val_loss: 0.667
Epoch   47/50, time: 112.59 s, training_loss: 0.458
Epoch   47/50, time: 130.75 s, val_loss: 0.667
Epoch   48/50, time: 115.25 s, training_loss: 0.457
Epoch   48/50, time: 134.21 s, val_loss: 0.650
Epoch   49/50, time: 117.90 s, training_loss: 0.451
Epoch   49/50, time: 136.86 s, val_loss: 0.638
Epoch   50/50, time: 113.97 s, training_loss: 0.443
Epoch   50/50, time: 132.36 s, val_loss: 0.620
Training with paramaeters:  (64, 0.0001, 'bce_loss')
Epoch    1/50, time: 128.42 s, training_loss: 0.471
Epoch    1/50, time: 162.63 s, val_loss: 0.549
Epoch    2/50, time: 129.27 s, training_loss: 0.400
Epoch    2/50, time: 162.85 s, val_loss: 0.433
Epoch    3/50, time: 128.12 s, training_loss: 0.370
Epoch    3/50, time: 161.82 s, val_loss: 0.360
Epoch    4/50, time: 127.67 s, training_loss: 0.350
Epoch    4/50, time: 161.91 s, val_loss: 0.333
Epoch    5/50, time: 127.69 s, training_loss: 0.335
Epoch    5/50, time: 161.49 s, val_loss: 0.318
Epoch    6/50, time: 126.97 s, training_loss: 0.322
Epoch    6/50, time: 160.96 s, val_loss: 0.313
Epoch    7/50, time: 128.70 s, training_loss: 0.312
Epoch    7/50, time: 162.32 s, val_loss: 0.304
Epoch    8/50, time: 127.13 s, training_loss: 0.303
Epoch    8/50, time: 160.81 s, val_loss: 0.300
Epoch    9/50, time: 129.23 s, training_loss: 0.295
Epoch    9/50, time: 163.00 s, val_loss: 0.294
Epoch   10/50, time: 128.38 s, training_loss: 0.288
Epoch   10/50, time: 162.42 s, val_loss: 0.282
Epoch   11/50, time: 128.75 s, training_loss: 0.281
Epoch   11/50, time: 162.62 s, val_loss: 0.283
Epoch   12/50, time: 128.42 s, training_loss: 0.274
Epoch   12/50, time: 162.28 s, val_loss: 0.270
Epoch   13/50, time: 127.63 s, training_loss: 0.268
Epoch   13/50, time: 161.59 s, val_loss: 0.268
Epoch   14/50, time: 131.23 s, training_loss: 0.262
Epoch   14/50, time: 165.71 s, val_loss: 0.260
Epoch   15/50, time: 127.24 s, training_loss: 0.256
Epoch   15/50, time: 161.26 s, val_loss: 0.251
Epoch   16/50, time: 127.31 s, training_loss: 0.250
Epoch   16/50, time: 161.48 s, val_loss: 0.249
Epoch   17/50, time: 128.72 s, training_loss: 0.245
Epoch   17/50, time: 162.96 s, val_loss: 0.243
Epoch   18/50, time: 127.99 s, training_loss: 0.239
Epoch   18/50, time: 162.30 s, val_loss: 0.237
Epoch   19/50, time: 128.68 s, training_loss: 0.234
Epoch   19/50, time: 162.66 s, val_loss: 0.232
Epoch   20/50, time: 127.63 s, training_loss: 0.229
Epoch   20/50, time: 161.66 s, val_loss: 0.230
Epoch   21/50, time: 128.49 s, training_loss: 0.224
Epoch   21/50, time: 162.31 s, val_loss: 0.223
Epoch   22/50, time: 127.50 s, training_loss: 0.219
Epoch   22/50, time: 161.23 s, val_loss: 0.216
Epoch   23/50, time: 128.15 s, training_loss: 0.215
Epoch   23/50, time: 162.41 s, val_loss: 0.212
Epoch   24/50, time: 128.07 s, training_loss: 0.210
Epoch   24/50, time: 161.92 s, val_loss: 0.202
Epoch   25/50, time: 128.37 s, training_loss: 0.206
Epoch   25/50, time: 161.93 s, val_loss: 0.204
Epoch   26/50, time: 129.32 s, training_loss: 0.201
Epoch   26/50, time: 163.44 s, val_loss: 0.200
Epoch   27/50, time: 129.58 s, training_loss: 0.197
Epoch   27/50, time: 163.52 s, val_loss: 0.196
Epoch   28/50, time: 127.22 s, training_loss: 0.193
Epoch   28/50, time: 160.96 s, val_loss: 0.187
Epoch   29/50, time: 127.98 s, training_loss: 0.189
Epoch   29/50, time: 162.07 s, val_loss: 0.188
Epoch   30/50, time: 128.79 s, training_loss: 0.185
Epoch   30/50, time: 163.22 s, val_loss: 0.182
Epoch   31/50, time: 128.60 s, training_loss: 0.181
Epoch   31/50, time: 162.17 s, val_loss: 0.180
Epoch   32/50, time: 127.88 s, training_loss: 0.178
Epoch   32/50, time: 161.63 s, val_loss: 0.174
Epoch   33/50, time: 127.52 s, training_loss: 0.174
Epoch   33/50, time: 161.46 s, val_loss: 0.174
Epoch   34/50, time: 127.71 s, training_loss: 0.170
Epoch   34/50, time: 161.50 s, val_loss: 0.170
Epoch   35/50, time: 128.83 s, training_loss: 0.167
Epoch   35/50, time: 163.10 s, val_loss: 0.166
Epoch   36/50, time: 126.99 s, training_loss: 0.164
Epoch   36/50, time: 160.93 s, val_loss: 0.162
Epoch   37/50, time: 127.58 s, training_loss: 0.160
Epoch   37/50, time: 161.37 s, val_loss: 0.158
Epoch   38/50, time: 127.62 s, training_loss: 0.157
Epoch   38/50, time: 161.60 s, val_loss: 0.155
Epoch   39/50, time: 128.47 s, training_loss: 0.154
Epoch   39/50, time: 162.89 s, val_loss: 0.151
Epoch   40/50, time: 127.01 s, training_loss: 0.151
Epoch   40/50, time: 161.46 s, val_loss: 0.147
Epoch   41/50, time: 126.49 s, training_loss: 0.148
Epoch   41/50, time: 160.33 s, val_loss: 0.146
Epoch   42/50, time: 127.68 s, training_loss: 0.145
Epoch   42/50, time: 161.60 s, val_loss: 0.144
Epoch   43/50, time: 127.98 s, training_loss: 0.142
Epoch   43/50, time: 161.71 s, val_loss: 0.141
Epoch   44/50, time: 126.91 s, training_loss: 0.139
Epoch   44/50, time: 160.90 s, val_loss: 0.138
Epoch   45/50, time: 128.26 s, training_loss: 0.137
Epoch   45/50, time: 162.48 s, val_loss: 0.137
Epoch   46/50, time: 127.08 s, training_loss: 0.134
Epoch   46/50, time: 160.56 s, val_loss: 0.133
Epoch   47/50, time: 127.51 s, training_loss: 0.131
Epoch   47/50, time: 161.41 s, val_loss: 0.129
Epoch   48/50, time: 127.86 s, training_loss: 0.129
Epoch   48/50, time: 161.67 s, val_loss: 0.129
Epoch   49/50, time: 128.01 s, training_loss: 0.127
Epoch   49/50, time: 162.07 s, val_loss: 0.128
Epoch   50/50, time: 128.98 s, training_loss: 0.124
Epoch   50/50, time: 163.25 s, val_loss: 0.124
Training with paramaeters:  (64, 0.0001, 'dice_loss')
Epoch    1/50, time: 128.03 s, training_loss: 0.975
Epoch    1/50, time: 162.23 s, val_loss: 0.983
Epoch    2/50, time: 127.61 s, training_loss: 0.970
Epoch    2/50, time: 161.86 s, val_loss: 0.978
Epoch    3/50, time: 127.38 s, training_loss: 0.968
Epoch    3/50, time: 161.32 s, val_loss: 0.968
Epoch    4/50, time: 129.60 s, training_loss: 0.967
Epoch    4/50, time: 164.75 s, val_loss: 0.965
Epoch    5/50, time: 126.69 s, training_loss: 0.966
Epoch    5/50, time: 160.58 s, val_loss: 0.963
Epoch    6/50, time: 128.20 s, training_loss: 0.965
Epoch    6/50, time: 162.56 s, val_loss: 0.964
Epoch    7/50, time: 128.84 s, training_loss: 0.964
Epoch    7/50, time: 163.11 s, val_loss: 0.963
Epoch    8/50, time: 127.11 s, training_loss: 0.963
Epoch    8/50, time: 161.09 s, val_loss: 0.963
Epoch    9/50, time: 127.67 s, training_loss: 0.962
Epoch    9/50, time: 161.97 s, val_loss: 0.966
Epoch   10/50, time: 1800.17 s, training_loss: 0.961
Epoch   10/50, time: 1849.59 s, val_loss: 0.963
Epoch   11/50, time: 128.78 s, training_loss: 0.960
Epoch   11/50, time: 162.69 s, val_loss: 0.968
Epoch   12/50, time: 129.08 s, training_loss: 0.958
Epoch   12/50, time: 163.26 s, val_loss: 0.964
Epoch   13/50, time: 130.04 s, training_loss: 0.957
Epoch   13/50, time: 164.75 s, val_loss: 0.969
Epoch   14/50, time: 130.17 s, training_loss: 0.956
Epoch   14/50, time: 164.21 s, val_loss: 0.963
Epoch   15/50, time: 129.42 s, training_loss: 0.954
Epoch   15/50, time: 164.03 s, val_loss: 0.967
Epoch   16/50, time: 128.66 s, training_loss: 0.952
Epoch   16/50, time: 163.09 s, val_loss: 0.958
Epoch   17/50, time: 131.42 s, training_loss: 0.951
Epoch   17/50, time: 165.91 s, val_loss: 0.954
Epoch   18/50, time: 129.70 s, training_loss: 0.949
Epoch   18/50, time: 163.83 s, val_loss: 0.966
Epoch   19/50, time: 128.91 s, training_loss: 0.947
Epoch   19/50, time: 163.52 s, val_loss: 0.954
Epoch   20/50, time: 129.28 s, training_loss: 0.945
Epoch   20/50, time: 163.50 s, val_loss: 0.939
Epoch   21/50, time: 129.65 s, training_loss: 0.943
Epoch   21/50, time: 163.83 s, val_loss: 0.949
Epoch   22/50, time: 129.61 s, training_loss: 0.941
Epoch   22/50, time: 164.09 s, val_loss: 0.942
Epoch   23/50, time: 129.39 s, training_loss: 0.939
Epoch   23/50, time: 163.83 s, val_loss: 0.943
Epoch   24/50, time: 129.13 s, training_loss: 0.936
Epoch   24/50, time: 163.62 s, val_loss: 0.951
Epoch   25/50, time: 129.47 s, training_loss: 0.934
Epoch   25/50, time: 163.69 s, val_loss: 0.943
Epoch   26/50, time: 129.64 s, training_loss: 0.931
Epoch   26/50, time: 164.45 s, val_loss: 0.942
Epoch   27/50, time: 129.08 s, training_loss: 0.928
Epoch   27/50, time: 163.48 s, val_loss: 0.941
Epoch   28/50, time: 129.56 s, training_loss: 0.926
Epoch   28/50, time: 164.28 s, val_loss: 0.943
Epoch   29/50, time: 129.77 s, training_loss: 0.923
Epoch   29/50, time: 164.36 s, val_loss: 0.949
Epoch   30/50, time: 129.72 s, training_loss: 0.917
Epoch   30/50, time: 164.21 s, val_loss: 0.946
Epoch   31/50, time: 130.28 s, training_loss: 0.912
Epoch   31/50, time: 164.61 s, val_loss: 0.930
Epoch   32/50, time: 129.08 s, training_loss: 0.906
Epoch   32/50, time: 163.23 s, val_loss: 0.942
Epoch   33/50, time: 129.96 s, training_loss: 0.898
Epoch   33/50, time: 164.37 s, val_loss: 0.945
Epoch   34/50, time: 129.61 s, training_loss: 0.893
Epoch   34/50, time: 166.39 s, val_loss: 0.870
Epoch   35/50, time: 132.09 s, training_loss: 0.886
Epoch   35/50, time: 167.10 s, val_loss: 0.904
Epoch   36/50, time: 129.11 s, training_loss: 0.880
Epoch   36/50, time: 163.57 s, val_loss: 0.904
Epoch   37/50, time: 128.58 s, training_loss: 0.871
Epoch   37/50, time: 163.42 s, val_loss: 0.919
Epoch   38/50, time: 130.37 s, training_loss: 0.863
Epoch   38/50, time: 164.67 s, val_loss: 0.893
Epoch   39/50, time: 129.79 s, training_loss: 0.855
Epoch   39/50, time: 164.31 s, val_loss: 0.913
Epoch   40/50, time: 128.87 s, training_loss: 0.841
Epoch   40/50, time: 163.97 s, val_loss: 0.919
Epoch   41/50, time: 130.27 s, training_loss: 0.834
Epoch   41/50, time: 164.77 s, val_loss: 0.870
Epoch   42/50, time: 130.27 s, training_loss: 0.823
Epoch   42/50, time: 165.14 s, val_loss: 0.922
Epoch   43/50, time: 128.95 s, training_loss: 0.810
Epoch   43/50, time: 163.37 s, val_loss: 0.904
Epoch   44/50, time: 130.05 s, training_loss: 0.801
Epoch   44/50, time: 164.40 s, val_loss: 0.859
Epoch   45/50, time: 129.54 s, training_loss: 0.801
Epoch   45/50, time: 164.14 s, val_loss: 0.906
Epoch   46/50, time: 129.61 s, training_loss: 0.783
Epoch   46/50, time: 164.12 s, val_loss: 0.902
Epoch   47/50, time: 131.24 s, training_loss: 0.778
Epoch   47/50, time: 165.78 s, val_loss: 0.870
Epoch   48/50, time: 129.67 s, training_loss: 0.766
Epoch   48/50, time: 164.19 s, val_loss: 0.835
Epoch   49/50, time: 129.23 s, training_loss: 0.758
Epoch   49/50, time: 163.77 s, val_loss: 0.837
Epoch   50/50, time: 128.52 s, training_loss: 0.782
Epoch   50/50, time: 163.36 s, val_loss: 0.931
Training with paramaeters:  (128, 0.0001, 'bce_loss')
Epoch    1/50, time: 137.48 s, training_loss: 0.515
Epoch    1/50, time: 204.39 s, val_loss: 0.621
Epoch    2/50, time: 138.35 s, training_loss: 0.453
Epoch    2/50, time: 205.09 s, val_loss: 0.547
Epoch    3/50, time: 137.52 s, training_loss: 0.426
Epoch    3/50, time: 204.68 s, val_loss: 0.489
Epoch    4/50, time: 137.69 s, training_loss: 0.409
Epoch    4/50, time: 204.07 s, val_loss: 0.443
Epoch    5/50, time: 138.88 s, training_loss: 0.395
Epoch    5/50, time: 205.19 s, val_loss: 0.403
Epoch    6/50, time: 137.64 s, training_loss: 0.383
Epoch    6/50, time: 203.82 s, val_loss: 0.375
Epoch    7/50, time: 137.48 s, training_loss: 0.372
Epoch    7/50, time: 204.33 s, val_loss: 0.362
Epoch    8/50, time: 138.22 s, training_loss: 0.362
Epoch    8/50, time: 204.66 s, val_loss: 0.351
Epoch    9/50, time: 138.57 s, training_loss: 0.354
Epoch    9/50, time: 205.51 s, val_loss: 0.345
Epoch   10/50, time: 139.49 s, training_loss: 0.347
Epoch   10/50, time: 205.94 s, val_loss: 0.334
Epoch   11/50, time: 136.90 s, training_loss: 0.341
Epoch   11/50, time: 203.06 s, val_loss: 0.336
Epoch   12/50, time: 138.14 s, training_loss: 0.337
Epoch   12/50, time: 205.18 s, val_loss: 0.333
Epoch   13/50, time: 136.48 s, training_loss: 0.331
Epoch   13/50, time: 202.76 s, val_loss: 0.319
Epoch   14/50, time: 137.60 s, training_loss: 0.326
Epoch   14/50, time: 204.89 s, val_loss: 0.324
Epoch   15/50, time: 138.68 s, training_loss: 0.321
Epoch   15/50, time: 205.96 s, val_loss: 0.320
Epoch   16/50, time: 138.62 s, training_loss: 0.316
Epoch   16/50, time: 205.21 s, val_loss: 0.313
Epoch   17/50, time: 139.08 s, training_loss: 0.312
Epoch   17/50, time: 205.66 s, val_loss: 0.314
Epoch   18/50, time: 137.96 s, training_loss: 0.308
Epoch   18/50, time: 204.35 s, val_loss: 0.308
Epoch   19/50, time: 137.99 s, training_loss: 0.304
Epoch   19/50, time: 204.57 s, val_loss: 0.300
Epoch   20/50, time: 138.92 s, training_loss: 0.300
Epoch   20/50, time: 205.44 s, val_loss: 0.299
Epoch   21/50, time: 137.83 s, training_loss: 0.297
Epoch   21/50, time: 204.51 s, val_loss: 0.296
Epoch   22/50, time: 138.18 s, training_loss: 0.294
Epoch   22/50, time: 207.51 s, val_loss: 0.297
Epoch   23/50, time: 138.15 s, training_loss: 0.290
Epoch   23/50, time: 204.62 s, val_loss: 0.292
Epoch   24/50, time: 136.46 s, training_loss: 0.287
Epoch   24/50, time: 203.57 s, val_loss: 0.289
Epoch   25/50, time: 138.18 s, training_loss: 0.283
Epoch   25/50, time: 204.63 s, val_loss: 0.286
Epoch   26/50, time: 136.50 s, training_loss: 0.280
Epoch   26/50, time: 203.63 s, val_loss: 0.281
Epoch   27/50, time: 138.01 s, training_loss: 0.278
Epoch   27/50, time: 205.43 s, val_loss: 0.283
Epoch   28/50, time: 138.39 s, training_loss: 0.277
Epoch   28/50, time: 206.05 s, val_loss: 0.284
Epoch   29/50, time: 138.30 s, training_loss: 0.274
Epoch   29/50, time: 205.26 s, val_loss: 0.279
Epoch   30/50, time: 137.45 s, training_loss: 0.270
Epoch   30/50, time: 204.83 s, val_loss: 0.275
Epoch   31/50, time: 138.67 s, training_loss: 0.266
Epoch   31/50, time: 204.92 s, val_loss: 0.272
Epoch   32/50, time: 139.31 s, training_loss: 0.262
Epoch   32/50, time: 206.61 s, val_loss: 0.261
Epoch   33/50, time: 136.91 s, training_loss: 0.259
Epoch   33/50, time: 203.90 s, val_loss: 0.259
Epoch   34/50, time: 138.91 s, training_loss: 0.255
Epoch   34/50, time: 205.38 s, val_loss: 0.255
Epoch   35/50, time: 139.42 s, training_loss: 0.252
Epoch   35/50, time: 206.03 s, val_loss: 0.249
Epoch   36/50, time: 138.70 s, training_loss: 0.249
Epoch   36/50, time: 206.22 s, val_loss: 0.248
Epoch   37/50, time: 139.25 s, training_loss: 0.246
Epoch   37/50, time: 206.13 s, val_loss: 0.244
Epoch   38/50, time: 138.98 s, training_loss: 0.244
Epoch   38/50, time: 205.61 s, val_loss: 0.250
Epoch   39/50, time: 138.58 s, training_loss: 0.241
Epoch   39/50, time: 205.12 s, val_loss: 0.242
Epoch   40/50, time: 137.76 s, training_loss: 0.239
Epoch   40/50, time: 204.25 s, val_loss: 0.239
Epoch   41/50, time: 137.11 s, training_loss: 0.236
Epoch   41/50, time: 204.32 s, val_loss: 0.239
Epoch   42/50, time: 137.15 s, training_loss: 0.233
Epoch   42/50, time: 203.71 s, val_loss: 0.234
Epoch   43/50, time: 138.72 s, training_loss: 0.230
Epoch   43/50, time: 204.84 s, val_loss: 0.231
Epoch   44/50, time: 139.12 s, training_loss: 0.228
Epoch   44/50, time: 206.12 s, val_loss: 0.229
Epoch   45/50, time: 139.51 s, training_loss: 0.226
Epoch   45/50, time: 206.08 s, val_loss: 0.223
Epoch   46/50, time: 138.31 s, training_loss: 0.223
Epoch   46/50, time: 205.67 s, val_loss: 0.220
Epoch   47/50, time: 137.35 s, training_loss: 0.220
Epoch   47/50, time: 204.31 s, val_loss: 0.222
Epoch   48/50, time: 138.05 s, training_loss: 0.218
Epoch   48/50, time: 204.05 s, val_loss: 0.220
Epoch   49/50, time: 137.85 s, training_loss: 0.216
Epoch   49/50, time: 205.07 s, val_loss: 0.215
Epoch   50/50, time: 137.47 s, training_loss: 0.213
Epoch   50/50, time: 204.48 s, val_loss: 0.215
Training with paramaeters:  (128, 0.0001, 'dice_loss')
Epoch    1/50, time: 139.62 s, training_loss: 0.981
Epoch    1/50, time: 206.13 s, val_loss: 0.985
Epoch    2/50, time: 137.41 s, training_loss: 0.973
Epoch    2/50, time: 204.26 s, val_loss: 0.984
Epoch    3/50, time: 137.99 s, training_loss: 0.970
Epoch    3/50, time: 205.22 s, val_loss: 0.982
Epoch    4/50, time: 137.54 s, training_loss: 0.969
Epoch    4/50, time: 205.15 s, val_loss: 0.979
Epoch    5/50, time: 139.36 s, training_loss: 0.968
Epoch    5/50, time: 206.06 s, val_loss: 0.967
Epoch    6/50, time: 137.94 s, training_loss: 0.967
Epoch    6/50, time: 205.20 s, val_loss: 0.963
Epoch    7/50, time: 137.24 s, training_loss: 0.966
Epoch    7/50, time: 203.94 s, val_loss: 0.962
Epoch    8/50, time: 138.50 s, training_loss: 0.965
Epoch    8/50, time: 205.57 s, val_loss: 0.964
Epoch    9/50, time: 137.28 s, training_loss: 0.964
Epoch    9/50, time: 204.43 s, val_loss: 0.959
Epoch   10/50, time: 138.69 s, training_loss: 0.964
Epoch   10/50, time: 204.79 s, val_loss: 0.959
Epoch   11/50, time: 139.00 s, training_loss: 0.963
Epoch   11/50, time: 206.15 s, val_loss: 0.968
Epoch   12/50, time: 136.69 s, training_loss: 0.963
Epoch   12/50, time: 203.96 s, val_loss: 0.962
Epoch   13/50, time: 137.26 s, training_loss: 0.963
Epoch   13/50, time: 203.91 s, val_loss: 0.966
Epoch   14/50, time: 137.82 s, training_loss: 0.963
Epoch   14/50, time: 205.25 s, val_loss: 0.959
Epoch   15/50, time: 137.13 s, training_loss: 0.962
Epoch   15/50, time: 204.16 s, val_loss: 0.962
Epoch   16/50, time: 137.02 s, training_loss: 0.961
Epoch   16/50, time: 204.12 s, val_loss: 0.959
Epoch   17/50, time: 140.73 s, training_loss: 0.960
Epoch   17/50, time: 208.14 s, val_loss: 0.961
Epoch   18/50, time: 135.79 s, training_loss: 0.960
Epoch   18/50, time: 203.07 s, val_loss: 0.971
Epoch   19/50, time: 138.05 s, training_loss: 0.959
Epoch   19/50, time: 204.48 s, val_loss: 0.970
Epoch   20/50, time: 138.26 s, training_loss: 0.958
Epoch   20/50, time: 205.57 s, val_loss: 0.965
Epoch   21/50, time: 136.11 s, training_loss: 0.957
Epoch   21/50, time: 202.83 s, val_loss: 0.959
Epoch   22/50, time: 138.13 s, training_loss: 0.956
Epoch   22/50, time: 205.16 s, val_loss: 0.957
Epoch   23/50, time: 136.82 s, training_loss: 0.955
Epoch   23/50, time: 203.96 s, val_loss: 0.965
Epoch   24/50, time: 138.86 s, training_loss: 0.954
Epoch   24/50, time: 206.23 s, val_loss: 0.957
Epoch   25/50, time: 139.14 s, training_loss: 0.953
Epoch   25/50, time: 206.45 s, val_loss: 0.965
Epoch   26/50, time: 137.41 s, training_loss: 0.952
Epoch   26/50, time: 204.78 s, val_loss: 0.951
Epoch   27/50, time: 137.10 s, training_loss: 0.951
Epoch   27/50, time: 204.20 s, val_loss: 0.967
Epoch   28/50, time: 138.78 s, training_loss: 0.950
Epoch   28/50, time: 205.76 s, val_loss: 0.949
Epoch   29/50, time: 135.93 s, training_loss: 0.949
Epoch   29/50, time: 203.20 s, val_loss: 0.965
Epoch   30/50, time: 138.87 s, training_loss: 0.947
Epoch   30/50, time: 206.13 s, val_loss: 0.968
Epoch   31/50, time: 138.82 s, training_loss: 0.946
Epoch   31/50, time: 206.14 s, val_loss: 0.954
Epoch   32/50, time: 138.35 s, training_loss: 0.944
Epoch   32/50, time: 205.59 s, val_loss: 0.954
Epoch   33/50, time: 139.21 s, training_loss: 0.942
Epoch   33/50, time: 206.72 s, val_loss: 0.913
Epoch   34/50, time: 137.73 s, training_loss: 0.940
Epoch   34/50, time: 205.01 s, val_loss: 0.945
Epoch   35/50, time: 136.33 s, training_loss: 0.938
Epoch   35/50, time: 203.61 s, val_loss: 0.923
Epoch   36/50, time: 138.07 s, training_loss: 0.937
Epoch   36/50, time: 204.91 s, val_loss: 0.959
Epoch   37/50, time: 136.92 s, training_loss: 0.934
Epoch   37/50, time: 203.95 s, val_loss: 0.930
Epoch   38/50, time: 138.60 s, training_loss: 0.931
Epoch   38/50, time: 206.16 s, val_loss: 0.959
Epoch   39/50, time: 139.49 s, training_loss: 0.930
Epoch   39/50, time: 206.88 s, val_loss: 0.962
Epoch   40/50, time: 139.30 s, training_loss: 0.926
Epoch   40/50, time: 205.84 s, val_loss: 0.923
Epoch   41/50, time: 139.62 s, training_loss: 0.924
Epoch   41/50, time: 205.86 s, val_loss: 0.932
Epoch   42/50, time: 138.06 s, training_loss: 0.921
Epoch   42/50, time: 205.39 s, val_loss: 0.953
Epoch   43/50, time: 137.42 s, training_loss: 0.919
Epoch   43/50, time: 204.77 s, val_loss: 0.909
Epoch   44/50, time: 138.44 s, training_loss: 0.915
Epoch   44/50, time: 205.92 s, val_loss: 0.958
Epoch   45/50, time: 138.19 s, training_loss: 0.913
Epoch   45/50, time: 205.01 s, val_loss: 0.928
Epoch   46/50, time: 138.85 s, training_loss: 0.908
Epoch   46/50, time: 205.35 s, val_loss: 0.920
Epoch   47/50, time: 142.79 s, training_loss: 0.902
Epoch   47/50, time: 209.97 s, val_loss: 0.913
Epoch   48/50, time: 139.20 s, training_loss: 0.897
Epoch   48/50, time: 206.36 s, val_loss: 0.939
Epoch   49/50, time: 138.09 s, training_loss: 0.893
Epoch   49/50, time: 205.05 s, val_loss: 0.910
Epoch   50/50, time: 136.15 s, training_loss: 0.887
Epoch   50/50, time: 203.10 s, val_loss: 0.956

Results sorted by validation loss:
Params: (32, 0.0001, 'bce_loss') | Lowest val Loss: inf at epoch 0
Params: (32, 0.0001, 'dice_loss') | Lowest val Loss: inf at epoch 0
Params: (64, 0.0001, 'bce_loss') | Lowest val Loss: inf at epoch 0
Params: (64, 0.0001, 'dice_loss') | Lowest val Loss: inf at epoch 0
Params: (128, 0.0001, 'bce_loss') | Lowest val Loss: inf at epoch 0
Params: (128, 0.0001, 'dice_loss') | Lowest val Loss: inf at epoch 0
