/home/sethih1/masque_new/ters_gen/check_accuracy_dice.py:59: FutureWarning: You are using `torch.load` with `weights_only=False` (the current default value), which uses the default pickle module implicitly. It is possible to construct malicious pickle data which will execute arbitrary code during unpickling (See https://github.com/pytorch/pytorch/blob/main/SECURITY.md#untrusted-models for more details). In a future release, the default value for `weights_only` will be flipped to `True`. This limits the functions that could be executed during unpickling. Arbitrary objects will no longer be allowed to be loaded via this mode unless they are explicitly allowlisted by the user via `torch.serialization.add_safe_globals`. We recommend you start setting `weights_only=True` for any use case where you don't have full control of the loaded file. Please open an issue on GitHub for any issues related to this experimental feature.
  model = torch.load(
Number of samples: 146
Traceback (most recent call last):
  File "/home/sethih1/masque_new/ters_gen/check_accuracy_dice.py", line 59, in <module>
    model = torch.load(
            ^^^^^^^^^^^
  File "/scratch/phys/sin/sethih1/venv/masque_env/lib/python3.11/site-packages/torch/serialization.py", line 1360, in load
    return _load(
           ^^^^^^
  File "/scratch/phys/sin/sethih1/venv/masque_env/lib/python3.11/site-packages/torch/serialization.py", line 1848, in _load
    result = unpickler.load()
             ^^^^^^^^^^^^^^^^
  File "/scratch/phys/sin/sethih1/venv/masque_env/lib/python3.11/site-packages/torch/serialization.py", line 1812, in persistent_load
    typed_storage = load_tensor(
                    ^^^^^^^^^^^^
  File "/scratch/phys/sin/sethih1/venv/masque_env/lib/python3.11/site-packages/torch/serialization.py", line 1784, in load_tensor
    wrap_storage=restore_location(storage, location),
                 ^^^^^^^^^^^^^^^^^^^^^^^^^^^^^^^^^^^
  File "/scratch/phys/sin/sethih1/venv/masque_env/lib/python3.11/site-packages/torch/serialization.py", line 1685, in restore_location
    return default_restore_location(storage, map_location)
           ^^^^^^^^^^^^^^^^^^^^^^^^^^^^^^^^^^^^^^^^^^^^^^^
  File "/scratch/phys/sin/sethih1/venv/masque_env/lib/python3.11/site-packages/torch/serialization.py", line 601, in default_restore_location
    result = fn(storage, location)
             ^^^^^^^^^^^^^^^^^^^^^
  File "/scratch/phys/sin/sethih1/venv/masque_env/lib/python3.11/site-packages/torch/serialization.py", line 540, in _deserialize
    return obj.to(device=device)
           ^^^^^^^^^^^^^^^^^^^^^
  File "/scratch/phys/sin/sethih1/venv/masque_env/lib/python3.11/site-packages/torch/storage.py", line 279, in to
    return _to(self, device, non_blocking)
           ^^^^^^^^^^^^^^^^^^^^^^^^^^^^^^^
  File "/scratch/phys/sin/sethih1/venv/masque_env/lib/python3.11/site-packages/torch/_utils.py", line 88, in _to
    untyped_storage = torch.UntypedStorage(self.size(), device=device)
                      ^^^^^^^^^^^^^^^^^^^^^^^^^^^^^^^^^^^^^^^^^^^^^^^^
RuntimeError: CUDA error: CUDA-capable device(s) is/are busy or unavailable
CUDA kernel errors might be asynchronously reported at some other API call, so the stacktrace below might be incorrect.
For debugging consider passing CUDA_LAUNCH_BLOCKING=1
Compile with `TORCH_USE_CUDA_DSA` to enable device-side assertions.

