Using device: cuda
Configuration
data:
  path: /scratch/phys/sin/sethih1/data_files/planar_molecules_256
  split_by_id: 0
log_path: /scratch/phys/sin/sethih1/runs_ters/planar_256/config8/
model:
  att_channels: 32
  filters:
  - 16
  - 32
  - 64
  - 128
  in_channels: 100
  kernel_size:
  - 3
  - 3
  - 3
  - 3
  out_channels: 4
  type: AttentionUNet
save_path: /scratch/phys/sin/sethih1/models/planar_256/config8/
training:
  batch_sizes:
  - 32
  - 64
  - 128
  epochs: 50
  learning_rates:
  - 0.0001
  loss_functions:
  - bce_loss
  - dice_loss

Data Loaded
Data loaded
Training with paramaeters:  (32, 0.0001, 'bce_loss')
Epoch    1/50, time: 51.75 s, training_loss: 0.784
Epoch    1/50, time: 60.31 s, val_loss: 0.727
Epoch    2/50, time: 28.30 s, training_loss: 0.713
Epoch    2/50, time: 33.83 s, val_loss: 0.695
Epoch    3/50, time: 28.56 s, training_loss: 0.664
Epoch    3/50, time: 33.61 s, val_loss: 0.649
Epoch    4/50, time: 28.39 s, training_loss: 0.631
Epoch    4/50, time: 33.60 s, val_loss: 0.641
Epoch    5/50, time: 28.56 s, training_loss: 0.618
Epoch    5/50, time: 33.88 s, val_loss: 0.612
Epoch    6/50, time: 28.59 s, training_loss: 0.598
Epoch    6/50, time: 33.82 s, val_loss: 0.590
Epoch    7/50, time: 29.05 s, training_loss: 0.580
Epoch    7/50, time: 34.19 s, val_loss: 0.575
Epoch    8/50, time: 29.19 s, training_loss: 0.567
Epoch    8/50, time: 34.55 s, val_loss: 0.567
Epoch    9/50, time: 29.28 s, training_loss: 0.556
Epoch    9/50, time: 34.40 s, val_loss: 0.552
Epoch   10/50, time: 29.41 s, training_loss: 0.541
Epoch   10/50, time: 34.56 s, val_loss: 0.536
Epoch   11/50, time: 28.75 s, training_loss: 0.529
Epoch   11/50, time: 34.01 s, val_loss: 0.521
Epoch   12/50, time: 28.70 s, training_loss: 0.517
Epoch   12/50, time: 33.82 s, val_loss: 0.509
Epoch   13/50, time: 29.08 s, training_loss: 0.505
Epoch   13/50, time: 34.14 s, val_loss: 0.502
Epoch   14/50, time: 28.96 s, training_loss: 0.493
Epoch   14/50, time: 34.04 s, val_loss: 0.489
Epoch   15/50, time: 28.94 s, training_loss: 0.482
Epoch   15/50, time: 34.13 s, val_loss: 0.476
Epoch   16/50, time: 28.67 s, training_loss: 0.471
Epoch   16/50, time: 33.92 s, val_loss: 0.467
Epoch   17/50, time: 29.78 s, training_loss: 0.460
Epoch   17/50, time: 34.88 s, val_loss: 0.453
Epoch   18/50, time: 28.69 s, training_loss: 0.449
Epoch   18/50, time: 33.95 s, val_loss: 0.444
Epoch   19/50, time: 28.86 s, training_loss: 0.439
Epoch   19/50, time: 33.90 s, val_loss: 0.433
Epoch   20/50, time: 28.92 s, training_loss: 0.429
Epoch   20/50, time: 34.07 s, val_loss: 0.422
Epoch   21/50, time: 28.71 s, training_loss: 0.419
Epoch   21/50, time: 33.93 s, val_loss: 0.415
Epoch   22/50, time: 29.56 s, training_loss: 0.408
Epoch   22/50, time: 34.61 s, val_loss: 0.405
Epoch   23/50, time: 28.97 s, training_loss: 0.398
Epoch   23/50, time: 34.16 s, val_loss: 0.400
Epoch   24/50, time: 29.61 s, training_loss: 0.389
Epoch   24/50, time: 34.80 s, val_loss: 0.383
Epoch   25/50, time: 28.77 s, training_loss: 0.379
Epoch   25/50, time: 33.86 s, val_loss: 0.373
Epoch   26/50, time: 29.05 s, training_loss: 0.370
Epoch   26/50, time: 34.43 s, val_loss: 0.365
Epoch   27/50, time: 28.97 s, training_loss: 0.360
Epoch   27/50, time: 34.38 s, val_loss: 0.355
Epoch   28/50, time: 29.41 s, training_loss: 0.351
Epoch   28/50, time: 34.63 s, val_loss: 0.346
Epoch   29/50, time: 29.60 s, training_loss: 0.342
Epoch   29/50, time: 34.69 s, val_loss: 0.338
Epoch   30/50, time: 29.34 s, training_loss: 0.333
Epoch   30/50, time: 34.45 s, val_loss: 0.332
Epoch   31/50, time: 29.16 s, training_loss: 0.325
Epoch   31/50, time: 34.29 s, val_loss: 0.319
Epoch   32/50, time: 28.71 s, training_loss: 0.316
Epoch   32/50, time: 33.94 s, val_loss: 0.311
Epoch   33/50, time: 28.57 s, training_loss: 0.308
Epoch   33/50, time: 33.72 s, val_loss: 0.304
Epoch   34/50, time: 29.35 s, training_loss: 0.300
Epoch   34/50, time: 34.57 s, val_loss: 0.297
Epoch   35/50, time: 29.19 s, training_loss: 0.292
Epoch   35/50, time: 34.39 s, val_loss: 0.287
Epoch   36/50, time: 29.15 s, training_loss: 0.284
Epoch   36/50, time: 34.24 s, val_loss: 0.281
Epoch   37/50, time: 29.28 s, training_loss: 0.277
Epoch   37/50, time: 34.49 s, val_loss: 0.274
Epoch   38/50, time: 28.92 s, training_loss: 0.272
Epoch   38/50, time: 34.15 s, val_loss: 0.273
Epoch   39/50, time: 29.27 s, training_loss: 0.263
Epoch   39/50, time: 34.38 s, val_loss: 0.255
Epoch   40/50, time: 29.42 s, training_loss: 0.256
Epoch   40/50, time: 34.58 s, val_loss: 0.250
Epoch   41/50, time: 29.32 s, training_loss: 0.249
Epoch   41/50, time: 34.67 s, val_loss: 0.254
Epoch   42/50, time: 29.26 s, training_loss: 0.251
Epoch   42/50, time: 34.37 s, val_loss: 0.241
Epoch   43/50, time: 29.13 s, training_loss: 0.238
Epoch   43/50, time: 34.49 s, val_loss: 0.236
Epoch   44/50, time: 28.58 s, training_loss: 0.231
Epoch   44/50, time: 33.71 s, val_loss: 0.230
Epoch   45/50, time: 29.44 s, training_loss: 0.224
Epoch   45/50, time: 34.79 s, val_loss: 0.223
Epoch   46/50, time: 28.77 s, training_loss: 0.218
Epoch   46/50, time: 33.99 s, val_loss: 0.216
Epoch   47/50, time: 29.40 s, training_loss: 0.219
Epoch   47/50, time: 34.44 s, val_loss: 0.226
Epoch   48/50, time: 29.68 s, training_loss: 0.209
Epoch   48/50, time: 34.87 s, val_loss: 0.204
Epoch   49/50, time: 29.27 s, training_loss: 0.205
Epoch   49/50, time: 34.56 s, val_loss: 0.206
Epoch   50/50, time: 28.84 s, training_loss: 0.197
Epoch   50/50, time: 34.11 s, val_loss: 0.191
Training with paramaeters:  (32, 0.0001, 'dice_loss')
Epoch    1/50, time: 29.11 s, training_loss: 0.968
Epoch    1/50, time: 34.16 s, val_loss: 0.966
Epoch    2/50, time: 28.72 s, training_loss: 0.961
Epoch    2/50, time: 33.72 s, val_loss: 0.957
Epoch    3/50, time: 28.73 s, training_loss: 0.958
Epoch    3/50, time: 33.94 s, val_loss: 0.955
Epoch    4/50, time: 29.21 s, training_loss: 0.954
Epoch    4/50, time: 34.35 s, val_loss: 0.955
Epoch    5/50, time: 29.16 s, training_loss: 0.950
Epoch    5/50, time: 34.23 s, val_loss: 0.946
Epoch    6/50, time: 29.39 s, training_loss: 0.946
Epoch    6/50, time: 34.38 s, val_loss: 0.954
Epoch    7/50, time: 29.29 s, training_loss: 0.940
Epoch    7/50, time: 34.45 s, val_loss: 0.950
Epoch    8/50, time: 28.95 s, training_loss: 0.933
Epoch    8/50, time: 33.96 s, val_loss: 0.925
Epoch    9/50, time: 29.06 s, training_loss: 0.927
Epoch    9/50, time: 34.22 s, val_loss: 0.926
Epoch   10/50, time: 28.93 s, training_loss: 0.918
Epoch   10/50, time: 34.02 s, val_loss: 0.900
Epoch   11/50, time: 29.13 s, training_loss: 0.909
Epoch   11/50, time: 34.31 s, val_loss: 0.909
Epoch   12/50, time: 28.48 s, training_loss: 0.897
Epoch   12/50, time: 33.69 s, val_loss: 0.869
Epoch   13/50, time: 29.11 s, training_loss: 0.885
Epoch   13/50, time: 34.26 s, val_loss: 0.861
Epoch   14/50, time: 29.64 s, training_loss: 0.871
Epoch   14/50, time: 34.59 s, val_loss: 0.895
Epoch   15/50, time: 28.87 s, training_loss: 0.861
Epoch   15/50, time: 33.82 s, val_loss: 0.845
Epoch   16/50, time: 28.75 s, training_loss: 0.844
Epoch   16/50, time: 33.75 s, val_loss: 0.846
Epoch   17/50, time: 29.29 s, training_loss: 0.832
Epoch   17/50, time: 34.35 s, val_loss: 0.837
Epoch   18/50, time: 28.70 s, training_loss: 0.817
Epoch   18/50, time: 33.65 s, val_loss: 0.851
Epoch   19/50, time: 29.02 s, training_loss: 0.806
Epoch   19/50, time: 34.12 s, val_loss: 0.888
Epoch   20/50, time: 29.34 s, training_loss: 0.793
Epoch   20/50, time: 34.65 s, val_loss: 0.826
Epoch   21/50, time: 28.77 s, training_loss: 0.787
Epoch   21/50, time: 33.94 s, val_loss: 0.771
Epoch   22/50, time: 29.06 s, training_loss: 0.766
Epoch   22/50, time: 33.97 s, val_loss: 0.825
Epoch   23/50, time: 29.44 s, training_loss: 0.748
Epoch   23/50, time: 34.58 s, val_loss: 0.783
Epoch   24/50, time: 29.36 s, training_loss: 0.738
Epoch   24/50, time: 34.39 s, val_loss: 0.825
Epoch   25/50, time: 28.50 s, training_loss: 0.722
Epoch   25/50, time: 33.62 s, val_loss: 0.811
Epoch   26/50, time: 29.31 s, training_loss: 0.715
Epoch   26/50, time: 34.33 s, val_loss: 0.726
Epoch   27/50, time: 28.49 s, training_loss: 0.696
Epoch   27/50, time: 33.58 s, val_loss: 0.817
Epoch   28/50, time: 29.08 s, training_loss: 0.684
Epoch   28/50, time: 34.12 s, val_loss: 0.805
Epoch   29/50, time: 28.99 s, training_loss: 0.673
Epoch   29/50, time: 34.02 s, val_loss: 0.737
Epoch   30/50, time: 29.65 s, training_loss: 0.672
Epoch   30/50, time: 34.90 s, val_loss: 0.783
Epoch   31/50, time: 30.14 s, training_loss: 0.651
Epoch   31/50, time: 35.37 s, val_loss: 0.752
Epoch   32/50, time: 29.61 s, training_loss: 0.639
Epoch   32/50, time: 34.74 s, val_loss: 0.676
Epoch   33/50, time: 30.26 s, training_loss: 0.629
Epoch   33/50, time: 35.33 s, val_loss: 0.742
Epoch   34/50, time: 33.44 s, training_loss: 0.615
Epoch   34/50, time: 39.56 s, val_loss: 0.719
Epoch   35/50, time: 33.50 s, training_loss: 0.611
Epoch   35/50, time: 39.49 s, val_loss: 0.728
Epoch   36/50, time: 34.72 s, training_loss: 0.607
Epoch   36/50, time: 40.48 s, val_loss: 0.693
Epoch   37/50, time: 33.28 s, training_loss: 0.591
Epoch   37/50, time: 39.18 s, val_loss: 0.673
Epoch   38/50, time: 36.25 s, training_loss: 0.584
Epoch   38/50, time: 44.44 s, val_loss: 0.645
Epoch   39/50, time: 35.30 s, training_loss: 0.572
Epoch   39/50, time: 41.68 s, val_loss: 0.694
Epoch   40/50, time: 34.38 s, training_loss: 0.563
Epoch   40/50, time: 40.35 s, val_loss: 0.692
Epoch   41/50, time: 34.39 s, training_loss: 0.546
Epoch   41/50, time: 40.49 s, val_loss: 0.633
Epoch   42/50, time: 33.58 s, training_loss: 0.547
Epoch   42/50, time: 39.53 s, val_loss: 0.678
Epoch   43/50, time: 34.19 s, training_loss: 0.537
Epoch   43/50, time: 40.44 s, val_loss: 0.683
Epoch   44/50, time: 34.06 s, training_loss: 0.529
Epoch   44/50, time: 40.00 s, val_loss: 0.689
Epoch   45/50, time: 33.96 s, training_loss: 0.518
Epoch   45/50, time: 40.03 s, val_loss: 0.614
Epoch   46/50, time: 42.81 s, training_loss: 0.503
Epoch   46/50, time: 48.23 s, val_loss: 0.610
Epoch   47/50, time: 31.29 s, training_loss: 0.494
Epoch   47/50, time: 36.84 s, val_loss: 0.702
Epoch   48/50, time: 29.03 s, training_loss: 0.494
Epoch   48/50, time: 34.16 s, val_loss: 0.571
Epoch   49/50, time: 29.06 s, training_loss: 0.484
Epoch   49/50, time: 34.35 s, val_loss: 0.625
Epoch   50/50, time: 28.91 s, training_loss: 0.474
Epoch   50/50, time: 34.63 s, val_loss: 0.592
Training with paramaeters:  (64, 0.0001, 'bce_loss')
Epoch    1/50, time: 36.95 s, training_loss: 0.686
Epoch    1/50, time: 46.82 s, val_loss: 0.659
Epoch    2/50, time: 35.97 s, training_loss: 0.614
Epoch    2/50, time: 45.46 s, val_loss: 0.613
Epoch    3/50, time: 35.54 s, training_loss: 0.564
Epoch    3/50, time: 44.63 s, val_loss: 0.568
Epoch    4/50, time: 32.49 s, training_loss: 0.528
Epoch    4/50, time: 41.08 s, val_loss: 0.522
Epoch    5/50, time: 32.42 s, training_loss: 0.506
Epoch    5/50, time: 41.14 s, val_loss: 0.509
Epoch    6/50, time: 32.71 s, training_loss: 0.493
Epoch    6/50, time: 41.49 s, val_loss: 0.488
Epoch    7/50, time: 32.67 s, training_loss: 0.482
Epoch    7/50, time: 41.29 s, val_loss: 0.539
Epoch    8/50, time: 32.91 s, training_loss: 0.476
Epoch    8/50, time: 41.63 s, val_loss: 0.473
Epoch    9/50, time: 35.09 s, training_loss: 0.464
Epoch    9/50, time: 44.74 s, val_loss: 0.459
Epoch   10/50, time: 33.28 s, training_loss: 0.454
Epoch   10/50, time: 42.04 s, val_loss: 0.452
Epoch   11/50, time: 32.51 s, training_loss: 0.445
Epoch   11/50, time: 41.21 s, val_loss: 0.446
Epoch   12/50, time: 32.34 s, training_loss: 0.439
Epoch   12/50, time: 41.04 s, val_loss: 0.434
Epoch   13/50, time: 32.68 s, training_loss: 0.431
Epoch   13/50, time: 41.63 s, val_loss: 0.426
Epoch   14/50, time: 33.34 s, training_loss: 0.424
Epoch   14/50, time: 42.68 s, val_loss: 0.422
Epoch   15/50, time: 35.85 s, training_loss: 0.417
Epoch   15/50, time: 45.62 s, val_loss: 0.416
Epoch   16/50, time: 36.63 s, training_loss: 0.412
Epoch   16/50, time: 46.51 s, val_loss: 0.413
Epoch   17/50, time: 35.83 s, training_loss: 0.411
Epoch   17/50, time: 45.12 s, val_loss: 0.407
Epoch   18/50, time: 32.60 s, training_loss: 0.401
Epoch   18/50, time: 41.39 s, val_loss: 0.401
Epoch   19/50, time: 32.59 s, training_loss: 0.393
Epoch   19/50, time: 41.30 s, val_loss: 0.394
Epoch   20/50, time: 32.57 s, training_loss: 0.386
Epoch   20/50, time: 41.46 s, val_loss: 0.385
Epoch   21/50, time: 32.92 s, training_loss: 0.380
Epoch   21/50, time: 41.70 s, val_loss: 0.377
Epoch   22/50, time: 32.51 s, training_loss: 0.373
Epoch   22/50, time: 41.30 s, val_loss: 0.371
Epoch   23/50, time: 32.48 s, training_loss: 0.367
Epoch   23/50, time: 41.01 s, val_loss: 0.365
Epoch   24/50, time: 32.76 s, training_loss: 0.362
Epoch   24/50, time: 41.53 s, val_loss: 0.359
Epoch   25/50, time: 32.67 s, training_loss: 0.356
Epoch   25/50, time: 41.36 s, val_loss: 0.353
Epoch   26/50, time: 32.41 s, training_loss: 0.350
Epoch   26/50, time: 41.15 s, val_loss: 0.346
Epoch   27/50, time: 32.59 s, training_loss: 0.345
Epoch   27/50, time: 41.73 s, val_loss: 0.342
Epoch   28/50, time: 32.92 s, training_loss: 0.339
Epoch   28/50, time: 41.88 s, val_loss: 0.337
Epoch   29/50, time: 35.22 s, training_loss: 0.334
Epoch   29/50, time: 45.01 s, val_loss: 0.328
Epoch   30/50, time: 40.21 s, training_loss: 0.328
Epoch   30/50, time: 50.07 s, val_loss: 0.326
Epoch   31/50, time: 36.36 s, training_loss: 0.324
Epoch   31/50, time: 46.00 s, val_loss: 0.325
Epoch   32/50, time: 32.30 s, training_loss: 0.321
Epoch   32/50, time: 41.16 s, val_loss: 0.316
Epoch   33/50, time: 32.44 s, training_loss: 0.315
Epoch   33/50, time: 41.09 s, val_loss: 0.313
Epoch   34/50, time: 32.64 s, training_loss: 0.309
Epoch   34/50, time: 41.45 s, val_loss: 0.308
Epoch   35/50, time: 32.59 s, training_loss: 0.304
Epoch   35/50, time: 41.32 s, val_loss: 0.302
Epoch   36/50, time: 32.06 s, training_loss: 0.299
Epoch   36/50, time: 40.79 s, val_loss: 0.298
Epoch   37/50, time: 32.86 s, training_loss: 0.294
Epoch   37/50, time: 41.54 s, val_loss: 0.292
Epoch   38/50, time: 32.47 s, training_loss: 0.289
Epoch   38/50, time: 41.09 s, val_loss: 0.287
Epoch   39/50, time: 31.78 s, training_loss: 0.284
Epoch   39/50, time: 40.71 s, val_loss: 0.280
Epoch   40/50, time: 32.86 s, training_loss: 0.279
Epoch   40/50, time: 41.61 s, val_loss: 0.279
Epoch   41/50, time: 33.23 s, training_loss: 0.275
Epoch   41/50, time: 42.03 s, val_loss: 0.273
Epoch   42/50, time: 33.17 s, training_loss: 0.271
Epoch   42/50, time: 42.12 s, val_loss: 0.267
Epoch   43/50, time: 34.28 s, training_loss: 0.266
Epoch   43/50, time: 44.42 s, val_loss: 0.265
Epoch   44/50, time: 36.87 s, training_loss: 0.262
Epoch   44/50, time: 46.65 s, val_loss: 0.260
Epoch   45/50, time: 36.51 s, training_loss: 0.257
Epoch   45/50, time: 46.19 s, val_loss: 0.256
Epoch   46/50, time: 34.11 s, training_loss: 0.254
Epoch   46/50, time: 42.87 s, val_loss: 0.252
Epoch   47/50, time: 32.56 s, training_loss: 0.249
Epoch   47/50, time: 41.25 s, val_loss: 0.247
Epoch   48/50, time: 32.46 s, training_loss: 0.245
Epoch   48/50, time: 41.25 s, val_loss: 0.243
Epoch   49/50, time: 32.80 s, training_loss: 0.241
Epoch   49/50, time: 41.59 s, val_loss: 0.240
Epoch   50/50, time: 33.26 s, training_loss: 0.237
Epoch   50/50, time: 42.01 s, val_loss: 0.234
Training with paramaeters:  (64, 0.0001, 'dice_loss')
Epoch    1/50, time: 32.90 s, training_loss: 0.976
Epoch    1/50, time: 41.80 s, val_loss: 0.981
Epoch    2/50, time: 32.54 s, training_loss: 0.969
Epoch    2/50, time: 41.26 s, val_loss: 0.973
Epoch    3/50, time: 32.86 s, training_loss: 0.966
Epoch    3/50, time: 41.65 s, val_loss: 0.965
Epoch    4/50, time: 33.19 s, training_loss: 0.964
Epoch    4/50, time: 41.89 s, val_loss: 0.961
Epoch    5/50, time: 32.62 s, training_loss: 0.962
Epoch    5/50, time: 41.75 s, val_loss: 0.962
Epoch    6/50, time: 32.86 s, training_loss: 0.961
Epoch    6/50, time: 41.77 s, val_loss: 0.959
Epoch    7/50, time: 34.37 s, training_loss: 0.959
Epoch    7/50, time: 44.50 s, val_loss: 0.956
Epoch    8/50, time: 37.22 s, training_loss: 0.958
Epoch    8/50, time: 46.96 s, val_loss: 0.956
Epoch    9/50, time: 36.29 s, training_loss: 0.956
Epoch    9/50, time: 46.08 s, val_loss: 0.953
Epoch   10/50, time: 34.93 s, training_loss: 0.954
Epoch   10/50, time: 43.78 s, val_loss: 0.960
Epoch   11/50, time: 32.58 s, training_loss: 0.951
Epoch   11/50, time: 41.18 s, val_loss: 0.960
Epoch   12/50, time: 33.03 s, training_loss: 0.947
Epoch   12/50, time: 41.77 s, val_loss: 0.959
Epoch   13/50, time: 32.70 s, training_loss: 0.944
Epoch   13/50, time: 41.64 s, val_loss: 0.953
Epoch   14/50, time: 32.82 s, training_loss: 0.940
Epoch   14/50, time: 41.59 s, val_loss: 0.944
Epoch   15/50, time: 32.53 s, training_loss: 0.936
Epoch   15/50, time: 41.38 s, val_loss: 0.952
Epoch   16/50, time: 32.10 s, training_loss: 0.931
Epoch   16/50, time: 40.93 s, val_loss: 0.960
Epoch   17/50, time: 32.29 s, training_loss: 0.925
Epoch   17/50, time: 41.07 s, val_loss: 0.933
Epoch   18/50, time: 32.76 s, training_loss: 0.918
Epoch   18/50, time: 41.33 s, val_loss: 0.949
Epoch   19/50, time: 32.33 s, training_loss: 0.913
Epoch   19/50, time: 41.42 s, val_loss: 0.932
Epoch   20/50, time: 32.80 s, training_loss: 0.905
Epoch   20/50, time: 41.71 s, val_loss: 0.910
Epoch   21/50, time: 33.62 s, training_loss: 0.899
Epoch   21/50, time: 43.32 s, val_loss: 0.880
Epoch   22/50, time: 40.85 s, training_loss: 0.893
Epoch   22/50, time: 50.68 s, val_loss: 0.940
Epoch   23/50, time: 36.33 s, training_loss: 0.888
Epoch   23/50, time: 46.25 s, val_loss: 0.905
Epoch   24/50, time: 35.74 s, training_loss: 0.880
Epoch   24/50, time: 44.42 s, val_loss: 0.854
Epoch   25/50, time: 32.48 s, training_loss: 0.871
Epoch   25/50, time: 41.38 s, val_loss: 0.867
Epoch   26/50, time: 32.66 s, training_loss: 0.862
Epoch   26/50, time: 41.45 s, val_loss: 0.873
Epoch   27/50, time: 33.51 s, training_loss: 0.855
Epoch   27/50, time: 42.20 s, val_loss: 0.918
Epoch   28/50, time: 32.57 s, training_loss: 0.847
Epoch   28/50, time: 41.38 s, val_loss: 0.930
Epoch   29/50, time: 32.74 s, training_loss: 0.841
Epoch   29/50, time: 41.49 s, val_loss: 0.890
Epoch   30/50, time: 33.02 s, training_loss: 0.831
Epoch   30/50, time: 41.83 s, val_loss: 0.914
Epoch   31/50, time: 32.76 s, training_loss: 0.822
Epoch   31/50, time: 41.44 s, val_loss: 0.932
Epoch   32/50, time: 32.56 s, training_loss: 0.822
Epoch   32/50, time: 41.16 s, val_loss: 0.879
Epoch   33/50, time: 32.00 s, training_loss: 0.805
Epoch   33/50, time: 40.90 s, val_loss: 0.895
Epoch   34/50, time: 33.25 s, training_loss: 0.798
Epoch   34/50, time: 42.07 s, val_loss: 0.816
Epoch   35/50, time: 33.99 s, training_loss: 0.792
Epoch   35/50, time: 43.60 s, val_loss: 0.852
Epoch   36/50, time: 43.35 s, training_loss: 0.777
Epoch   36/50, time: 53.21 s, val_loss: 0.808
Epoch   37/50, time: 36.19 s, training_loss: 0.780
Epoch   37/50, time: 45.79 s, val_loss: 0.883
Epoch   38/50, time: 34.41 s, training_loss: 0.766
Epoch   38/50, time: 43.18 s, val_loss: 0.865
Epoch   39/50, time: 32.61 s, training_loss: 0.766
Epoch   39/50, time: 41.45 s, val_loss: 0.790
Epoch   40/50, time: 32.74 s, training_loss: 0.753
Epoch   40/50, time: 41.56 s, val_loss: 0.878
Epoch   41/50, time: 32.49 s, training_loss: 0.739
Epoch   41/50, time: 41.33 s, val_loss: 0.885
Epoch   42/50, time: 33.05 s, training_loss: 0.746
Epoch   42/50, time: 41.99 s, val_loss: 0.866
Epoch   43/50, time: 32.72 s, training_loss: 0.738
Epoch   43/50, time: 41.50 s, val_loss: 0.822
Epoch   44/50, time: 32.34 s, training_loss: 0.729
Epoch   44/50, time: 41.19 s, val_loss: 0.753
Epoch   45/50, time: 32.48 s, training_loss: 0.715
Epoch   45/50, time: 41.14 s, val_loss: 0.789
Epoch   46/50, time: 33.49 s, training_loss: 0.711
Epoch   46/50, time: 42.36 s, val_loss: 0.777
Epoch   47/50, time: 32.74 s, training_loss: 0.715
Epoch   47/50, time: 41.67 s, val_loss: 0.793
Epoch   48/50, time: 32.93 s, training_loss: 0.694
Epoch   48/50, time: 41.73 s, val_loss: 0.800
Epoch   49/50, time: 33.64 s, training_loss: 0.687
Epoch   49/50, time: 43.26 s, val_loss: 0.805
Epoch   50/50, time: 36.89 s, training_loss: 0.686
Epoch   50/50, time: 46.88 s, val_loss: 0.787
Training with paramaeters:  (128, 0.0001, 'bce_loss')
Epoch    1/50, time: 38.78 s, training_loss: 0.619
Epoch    1/50, time: 56.49 s, val_loss: 0.666
Epoch    2/50, time: 37.23 s, training_loss: 0.566
Epoch    2/50, time: 52.66 s, val_loss: 0.630
Epoch    3/50, time: 34.92 s, training_loss: 0.538
Epoch    3/50, time: 50.46 s, val_loss: 0.575
Epoch    4/50, time: 34.99 s, training_loss: 0.519
Epoch    4/50, time: 50.84 s, val_loss: 0.534
Epoch    5/50, time: 35.14 s, training_loss: 0.502
Epoch    5/50, time: 50.64 s, val_loss: 0.508
Epoch    6/50, time: 34.59 s, training_loss: 0.489
Epoch    6/50, time: 50.03 s, val_loss: 0.493
Epoch    7/50, time: 35.13 s, training_loss: 0.477
Epoch    7/50, time: 50.86 s, val_loss: 0.475
Epoch    8/50, time: 35.57 s, training_loss: 0.467
Epoch    8/50, time: 51.04 s, val_loss: 0.469
Epoch    9/50, time: 35.23 s, training_loss: 0.458
Epoch    9/50, time: 51.64 s, val_loss: 0.453
Epoch   10/50, time: 34.94 s, training_loss: 0.450
Epoch   10/50, time: 51.49 s, val_loss: 0.450
Epoch   11/50, time: 38.48 s, training_loss: 0.443
Epoch   11/50, time: 56.80 s, val_loss: 0.444
Epoch   12/50, time: 39.16 s, training_loss: 0.436
Epoch   12/50, time: 56.96 s, val_loss: 0.438
Epoch   13/50, time: 37.58 s, training_loss: 0.431
Epoch   13/50, time: 53.25 s, val_loss: 0.428
Epoch   14/50, time: 34.62 s, training_loss: 0.425
Epoch   14/50, time: 50.21 s, val_loss: 0.420
Epoch   15/50, time: 34.60 s, training_loss: 0.422
Epoch   15/50, time: 50.16 s, val_loss: 0.433
Epoch   16/50, time: 34.27 s, training_loss: 0.421
Epoch   16/50, time: 49.85 s, val_loss: 0.419
Epoch   17/50, time: 35.09 s, training_loss: 0.415
Epoch   17/50, time: 50.72 s, val_loss: 0.418
Epoch   18/50, time: 34.92 s, training_loss: 0.408
Epoch   18/50, time: 50.85 s, val_loss: 0.413
Epoch   19/50, time: 34.81 s, training_loss: 0.402
Epoch   19/50, time: 50.25 s, val_loss: 0.406
Epoch   20/50, time: 34.69 s, training_loss: 0.396
Epoch   20/50, time: 51.03 s, val_loss: 0.395
Epoch   21/50, time: 35.20 s, training_loss: 0.392
Epoch   21/50, time: 51.74 s, val_loss: 0.387
Epoch   22/50, time: 38.37 s, training_loss: 0.387
Epoch   22/50, time: 56.31 s, val_loss: 0.387
Epoch   23/50, time: 39.74 s, training_loss: 0.383
Epoch   23/50, time: 57.62 s, val_loss: 0.385
Epoch   24/50, time: 36.75 s, training_loss: 0.379
Epoch   24/50, time: 52.70 s, val_loss: 0.379
Epoch   25/50, time: 34.82 s, training_loss: 0.375
Epoch   25/50, time: 50.37 s, val_loss: 0.375
Epoch   26/50, time: 34.89 s, training_loss: 0.370
Epoch   26/50, time: 50.35 s, val_loss: 0.368
Epoch   27/50, time: 34.97 s, training_loss: 0.366
Epoch   27/50, time: 50.43 s, val_loss: 0.369
Epoch   28/50, time: 34.92 s, training_loss: 0.362
Epoch   28/50, time: 50.43 s, val_loss: 0.357
Epoch   29/50, time: 34.46 s, training_loss: 0.358
Epoch   29/50, time: 50.18 s, val_loss: 0.359
Epoch   30/50, time: 34.80 s, training_loss: 0.354
Epoch   30/50, time: 50.24 s, val_loss: 0.354
Epoch   31/50, time: 34.42 s, training_loss: 0.350
Epoch   31/50, time: 50.47 s, val_loss: 0.350
Epoch   32/50, time: 35.64 s, training_loss: 0.346
Epoch   32/50, time: 52.19 s, val_loss: 0.342
Epoch   33/50, time: 38.04 s, training_loss: 0.342
Epoch   33/50, time: 56.56 s, val_loss: 0.342
Epoch   34/50, time: 39.16 s, training_loss: 0.339
Epoch   34/50, time: 57.86 s, val_loss: 0.335
Epoch   35/50, time: 37.69 s, training_loss: 0.336
Epoch   35/50, time: 53.18 s, val_loss: 0.336
Epoch   36/50, time: 34.77 s, training_loss: 0.332
Epoch   36/50, time: 50.16 s, val_loss: 0.327
Epoch   37/50, time: 34.95 s, training_loss: 0.329
Epoch   37/50, time: 50.63 s, val_loss: 0.331
Epoch   38/50, time: 34.47 s, training_loss: 0.325
Epoch   38/50, time: 50.02 s, val_loss: 0.326
Epoch   39/50, time: 34.68 s, training_loss: 0.321
Epoch   39/50, time: 50.12 s, val_loss: 0.323
Epoch   40/50, time: 34.69 s, training_loss: 0.318
Epoch   40/50, time: 50.24 s, val_loss: 0.319
Epoch   41/50, time: 34.98 s, training_loss: 0.315
Epoch   41/50, time: 50.45 s, val_loss: 0.314
Epoch   42/50, time: 34.71 s, training_loss: 0.312
Epoch   42/50, time: 50.33 s, val_loss: 0.309
Epoch   43/50, time: 35.11 s, training_loss: 0.308
Epoch   43/50, time: 51.27 s, val_loss: 0.308
Epoch   44/50, time: 37.05 s, training_loss: 0.305
Epoch   44/50, time: 55.01 s, val_loss: 0.304
Epoch   45/50, time: 38.46 s, training_loss: 0.302
Epoch   45/50, time: 57.17 s, val_loss: 0.305
Epoch   46/50, time: 38.73 s, training_loss: 0.299
Epoch   46/50, time: 54.50 s, val_loss: 0.297
Epoch   47/50, time: 34.77 s, training_loss: 0.296
Epoch   47/50, time: 50.15 s, val_loss: 0.299
Epoch   48/50, time: 34.59 s, training_loss: 0.292
Epoch   48/50, time: 50.29 s, val_loss: 0.295
Epoch   49/50, time: 34.78 s, training_loss: 0.289
Epoch   49/50, time: 50.36 s, val_loss: 0.290
Epoch   50/50, time: 34.88 s, training_loss: 0.286
Epoch   50/50, time: 50.31 s, val_loss: 0.285
Training with paramaeters:  (128, 0.0001, 'dice_loss')
Epoch    1/50, time: 34.69 s, training_loss: 0.978
Epoch    1/50, time: 50.15 s, val_loss: 0.982
Epoch    2/50, time: 34.88 s, training_loss: 0.969
Epoch    2/50, time: 50.45 s, val_loss: 0.983
Epoch    3/50, time: 34.51 s, training_loss: 0.966
Epoch    3/50, time: 49.96 s, val_loss: 0.978
Epoch    4/50, time: 35.67 s, training_loss: 0.964
Epoch    4/50, time: 51.84 s, val_loss: 0.976
Epoch    5/50, time: 37.33 s, training_loss: 0.962
Epoch    5/50, time: 55.33 s, val_loss: 0.961
Epoch    6/50, time: 38.70 s, training_loss: 0.961
Epoch    6/50, time: 56.39 s, val_loss: 0.965
Epoch    7/50, time: 39.23 s, training_loss: 0.960
Epoch    7/50, time: 54.71 s, val_loss: 0.956
Epoch    8/50, time: 34.49 s, training_loss: 0.959
Epoch    8/50, time: 50.09 s, val_loss: 0.954
Epoch    9/50, time: 34.84 s, training_loss: 0.957
Epoch    9/50, time: 50.36 s, val_loss: 0.962
Epoch   10/50, time: 34.37 s, training_loss: 0.956
Epoch   10/50, time: 49.81 s, val_loss: 0.971
Epoch   11/50, time: 35.19 s, training_loss: 0.954
Epoch   11/50, time: 50.80 s, val_loss: 0.960
Epoch   12/50, time: 34.37 s, training_loss: 0.953
Epoch   12/50, time: 49.80 s, val_loss: 0.965
Epoch   13/50, time: 34.78 s, training_loss: 0.951
Epoch   13/50, time: 50.14 s, val_loss: 0.967
Epoch   14/50, time: 35.12 s, training_loss: 0.948
Epoch   14/50, time: 50.64 s, val_loss: 0.951
Epoch   15/50, time: 35.29 s, training_loss: 0.946
Epoch   15/50, time: 51.21 s, val_loss: 0.939
Epoch   16/50, time: 35.83 s, training_loss: 0.944
Epoch   16/50, time: 53.59 s, val_loss: 0.936
Epoch   17/50, time: 38.73 s, training_loss: 0.941
Epoch   17/50, time: 56.51 s, val_loss: 0.965
Epoch   18/50, time: 38.86 s, training_loss: 0.940
Epoch   18/50, time: 55.60 s, val_loss: 0.960
Epoch   19/50, time: 34.93 s, training_loss: 0.937
Epoch   19/50, time: 50.55 s, val_loss: 0.959
Epoch   20/50, time: 34.67 s, training_loss: 0.934
Epoch   20/50, time: 50.21 s, val_loss: 0.933
Epoch   21/50, time: 34.68 s, training_loss: 0.932
Epoch   21/50, time: 50.29 s, val_loss: 0.957
Epoch   22/50, time: 34.95 s, training_loss: 0.929
Epoch   22/50, time: 50.36 s, val_loss: 0.918
Epoch   23/50, time: 34.97 s, training_loss: 0.926
Epoch   23/50, time: 50.50 s, val_loss: 0.958
Epoch   24/50, time: 34.43 s, training_loss: 0.922
Epoch   24/50, time: 49.77 s, val_loss: 0.924
Epoch   25/50, time: 34.53 s, training_loss: 0.922
Epoch   25/50, time: 50.03 s, val_loss: 0.964
Epoch   26/50, time: 34.98 s, training_loss: 0.916
Epoch   26/50, time: 51.18 s, val_loss: 0.933
Epoch   27/50, time: 35.61 s, training_loss: 0.911
Epoch   27/50, time: 53.30 s, val_loss: 0.939
Epoch   28/50, time: 57.20 s, training_loss: 0.908
Epoch   28/50, time: 75.72 s, val_loss: 0.942
Epoch   29/50, time: 38.39 s, training_loss: 0.905
Epoch   29/50, time: 54.00 s, val_loss: 0.945
Epoch   30/50, time: 35.18 s, training_loss: 0.901
Epoch   30/50, time: 50.74 s, val_loss: 0.909
Epoch   31/50, time: 34.86 s, training_loss: 0.898
Epoch   31/50, time: 50.56 s, val_loss: 0.940
Epoch   32/50, time: 34.83 s, training_loss: 0.895
Epoch   32/50, time: 50.59 s, val_loss: 0.939
Epoch   33/50, time: 35.14 s, training_loss: 0.888
Epoch   33/50, time: 50.67 s, val_loss: 0.953
Epoch   34/50, time: 34.85 s, training_loss: 0.883
Epoch   34/50, time: 50.26 s, val_loss: 0.908
Epoch   35/50, time: 35.46 s, training_loss: 0.887
Epoch   35/50, time: 50.93 s, val_loss: 0.952
Epoch   36/50, time: 34.76 s, training_loss: 0.883
Epoch   36/50, time: 50.51 s, val_loss: 0.914
Epoch   37/50, time: 35.28 s, training_loss: 0.874
Epoch   37/50, time: 51.54 s, val_loss: 0.855
Epoch   38/50, time: 36.66 s, training_loss: 0.868
Epoch   38/50, time: 54.72 s, val_loss: 0.922
Epoch   39/50, time: 50.45 s, training_loss: 0.864
Epoch   39/50, time: 68.49 s, val_loss: 0.928
Epoch   40/50, time: 37.84 s, training_loss: 0.860
Epoch   40/50, time: 53.42 s, val_loss: 0.928
Epoch   41/50, time: 34.88 s, training_loss: 0.856
Epoch   41/50, time: 50.27 s, val_loss: 0.936
Epoch   42/50, time: 34.52 s, training_loss: 0.848
Epoch   42/50, time: 50.02 s, val_loss: 0.900
Epoch   43/50, time: 35.20 s, training_loss: 0.842
Epoch   43/50, time: 50.80 s, val_loss: 0.886
Epoch   44/50, time: 34.49 s, training_loss: 0.847
Epoch   44/50, time: 50.04 s, val_loss: 0.867
Epoch   45/50, time: 34.39 s, training_loss: 0.843
Epoch   45/50, time: 49.97 s, val_loss: 0.940
Epoch   46/50, time: 34.96 s, training_loss: 0.853
Epoch   46/50, time: 50.54 s, val_loss: 0.938
Epoch   47/50, time: 34.45 s, training_loss: 0.840
Epoch   47/50, time: 50.46 s, val_loss: 0.920
Epoch   48/50, time: 35.39 s, training_loss: 0.829
Epoch   48/50, time: 51.75 s, val_loss: 0.946
Epoch   49/50, time: 37.42 s, training_loss: 0.822
Epoch   49/50, time: 55.53 s, val_loss: 0.767
Epoch   50/50, time: 38.82 s, training_loss: 0.817
Epoch   50/50, time: 56.54 s, val_loss: 0.923

Results sorted by validation loss:
Params: (32, 0.0001, 'bce_loss') | Lowest val Loss: inf at epoch 0
Params: (32, 0.0001, 'dice_loss') | Lowest val Loss: inf at epoch 0
Params: (64, 0.0001, 'bce_loss') | Lowest val Loss: inf at epoch 0
Params: (64, 0.0001, 'dice_loss') | Lowest val Loss: inf at epoch 0
Params: (128, 0.0001, 'bce_loss') | Lowest val Loss: inf at epoch 0
Params: (128, 0.0001, 'dice_loss') | Lowest val Loss: inf at epoch 0
