Using device: cuda
Configuration
data:
  path: /scratch/phys/sin/sethih1/data_files/planar_molecules_256
  split_by_id: 0
log_path: /scratch/phys/sin/sethih1/runs_ters/planar_256/config13/
model:
  att_channels: 32
  filters:
  - 16
  - 32
  - 64
  - 128
  - 256
  in_channels: 400
  kernel_size:
  - 3
  - 3
  - 3
  - 3
  - 3
  out_channels: 4
  type: AttentionUNet
save_path: /scratch/phys/sin/sethih1/models/planar_256/config13/
training:
  batch_sizes:
  - 32
  - 64
  - 128
  epochs: 50
  learning_rates:
  - 0.0001
  loss_functions:
  - bce_loss
  - dice_loss

Data Loaded
Data loaded
Training with paramaeters:  (32, 0.0001, 'bce_loss')
Epoch    1/50, time: 122.43 s, training_loss: 0.717
Epoch    1/50, time: 142.35 s, val_loss: 0.600
Epoch    2/50, time: 121.32 s, training_loss: 0.611
Epoch    2/50, time: 141.02 s, val_loss: 0.621
Epoch    3/50, time: 122.21 s, training_loss: 0.569
Epoch    3/50, time: 141.79 s, val_loss: 0.561
Epoch    4/50, time: 121.41 s, training_loss: 0.545
Epoch    4/50, time: 140.87 s, val_loss: 0.539
Epoch    5/50, time: 121.64 s, training_loss: 0.525
Epoch    5/50, time: 141.41 s, val_loss: 0.517
Epoch    6/50, time: 123.44 s, training_loss: 0.508
Epoch    6/50, time: 142.99 s, val_loss: 0.508
Epoch    7/50, time: 121.14 s, training_loss: 0.495
Epoch    7/50, time: 141.21 s, val_loss: 0.487
Epoch    8/50, time: 122.53 s, training_loss: 0.481
Epoch    8/50, time: 142.43 s, val_loss: 0.477
Epoch    9/50, time: 120.49 s, training_loss: 0.469
Epoch    9/50, time: 140.13 s, val_loss: 0.474
Epoch   10/50, time: 121.55 s, training_loss: 0.458
Epoch   10/50, time: 141.17 s, val_loss: 0.453
Epoch   11/50, time: 121.20 s, training_loss: 0.447
Epoch   11/50, time: 140.87 s, val_loss: 0.485
Epoch   12/50, time: 120.32 s, training_loss: 0.441
Epoch   12/50, time: 139.81 s, val_loss: 0.439
Epoch   13/50, time: 121.04 s, training_loss: 0.432
Epoch   13/50, time: 140.60 s, val_loss: 0.420
Epoch   14/50, time: 120.70 s, training_loss: 0.416
Epoch   14/50, time: 140.22 s, val_loss: 0.412
Epoch   15/50, time: 122.02 s, training_loss: 0.404
Epoch   15/50, time: 141.57 s, val_loss: 0.401
Epoch   16/50, time: 121.07 s, training_loss: 0.393
Epoch   16/50, time: 141.00 s, val_loss: 0.390
Epoch   17/50, time: 119.45 s, training_loss: 0.383
Epoch   17/50, time: 139.30 s, val_loss: 0.383
Epoch   18/50, time: 121.13 s, training_loss: 0.374
Epoch   18/50, time: 140.66 s, val_loss: 0.368
Epoch   19/50, time: 122.34 s, training_loss: 0.363
Epoch   19/50, time: 142.04 s, val_loss: 0.359
Epoch   20/50, time: 119.02 s, training_loss: 0.354
Epoch   20/50, time: 138.81 s, val_loss: 0.347
Epoch   21/50, time: 121.49 s, training_loss: 0.345
Epoch   21/50, time: 141.20 s, val_loss: 0.342
Epoch   22/50, time: 120.39 s, training_loss: 0.335
Epoch   22/50, time: 140.24 s, val_loss: 0.331
Epoch   23/50, time: 120.21 s, training_loss: 0.326
Epoch   23/50, time: 139.93 s, val_loss: 0.323
Epoch   24/50, time: 122.55 s, training_loss: 0.317
Epoch   24/50, time: 142.49 s, val_loss: 0.314
Epoch   25/50, time: 121.80 s, training_loss: 0.309
Epoch   25/50, time: 141.52 s, val_loss: 0.306
Epoch   26/50, time: 122.12 s, training_loss: 0.301
Epoch   26/50, time: 142.11 s, val_loss: 0.300
Epoch   27/50, time: 122.25 s, training_loss: 0.293
Epoch   27/50, time: 142.04 s, val_loss: 0.289
Epoch   28/50, time: 121.24 s, training_loss: 0.285
Epoch   28/50, time: 141.37 s, val_loss: 0.283
Epoch   29/50, time: 122.05 s, training_loss: 0.276
Epoch   29/50, time: 141.80 s, val_loss: 0.276
Epoch   30/50, time: 120.13 s, training_loss: 0.269
Epoch   30/50, time: 140.00 s, val_loss: 0.266
Epoch   31/50, time: 120.60 s, training_loss: 0.261
Epoch   31/50, time: 140.33 s, val_loss: 0.259
Epoch   32/50, time: 121.22 s, training_loss: 0.254
Epoch   32/50, time: 141.07 s, val_loss: 0.255
Epoch   33/50, time: 123.12 s, training_loss: 0.247
Epoch   33/50, time: 142.86 s, val_loss: 0.245
Epoch   34/50, time: 122.26 s, training_loss: 0.240
Epoch   34/50, time: 141.87 s, val_loss: 0.232
Epoch   35/50, time: 120.36 s, training_loss: 0.234
Epoch   35/50, time: 140.09 s, val_loss: 0.229
Epoch   36/50, time: 120.50 s, training_loss: 0.227
Epoch   36/50, time: 140.60 s, val_loss: 0.224
Epoch   37/50, time: 121.00 s, training_loss: 0.221
Epoch   37/50, time: 140.70 s, val_loss: 0.216
Epoch   38/50, time: 122.80 s, training_loss: 0.215
Epoch   38/50, time: 142.86 s, val_loss: 0.215
Epoch   39/50, time: 121.73 s, training_loss: 0.208
Epoch   39/50, time: 141.15 s, val_loss: 0.205
Epoch   40/50, time: 121.59 s, training_loss: 0.203
Epoch   40/50, time: 140.93 s, val_loss: 0.201
Epoch   41/50, time: 122.38 s, training_loss: 0.197
Epoch   41/50, time: 142.21 s, val_loss: 0.194
Epoch   42/50, time: 120.41 s, training_loss: 0.192
Epoch   42/50, time: 140.28 s, val_loss: 0.238
Epoch   43/50, time: 120.30 s, training_loss: 0.192
Epoch   43/50, time: 140.05 s, val_loss: 0.187
Epoch   44/50, time: 120.13 s, training_loss: 0.184
Epoch   44/50, time: 139.94 s, val_loss: 0.183
Epoch   45/50, time: 120.70 s, training_loss: 0.178
Epoch   45/50, time: 140.51 s, val_loss: 0.177
Epoch   46/50, time: 121.87 s, training_loss: 0.173
Epoch   46/50, time: 141.73 s, val_loss: 0.169
Epoch   47/50, time: 119.81 s, training_loss: 0.168
Epoch   47/50, time: 139.83 s, val_loss: 0.167
Epoch   48/50, time: 121.39 s, training_loss: 0.165
Epoch   48/50, time: 141.18 s, val_loss: 0.159
Epoch   49/50, time: 120.32 s, training_loss: 0.159
Epoch   49/50, time: 140.20 s, val_loss: 0.161
Epoch   50/50, time: 120.59 s, training_loss: 0.154
Epoch   50/50, time: 140.55 s, val_loss: 0.154
Training with paramaeters:  (32, 0.0001, 'dice_loss')
Epoch    1/50, time: 122.68 s, training_loss: 0.967
Epoch    1/50, time: 142.80 s, val_loss: 0.978
Epoch    2/50, time: 121.46 s, training_loss: 0.957
Epoch    2/50, time: 141.40 s, val_loss: 0.978
Epoch    3/50, time: 121.11 s, training_loss: 0.948
Epoch    3/50, time: 140.68 s, val_loss: 0.961
Epoch    4/50, time: 120.78 s, training_loss: 0.938
Epoch    4/50, time: 140.33 s, val_loss: 0.956
Epoch    5/50, time: 121.30 s, training_loss: 0.922
Epoch    5/50, time: 140.87 s, val_loss: 0.915
Epoch    6/50, time: 120.13 s, training_loss: 0.909
Epoch    6/50, time: 139.86 s, val_loss: 0.878
Epoch    7/50, time: 120.93 s, training_loss: 0.896
Epoch    7/50, time: 140.91 s, val_loss: 0.884
Epoch    8/50, time: 122.36 s, training_loss: 0.888
Epoch    8/50, time: 142.20 s, val_loss: 0.916
Epoch    9/50, time: 120.84 s, training_loss: 0.875
Epoch    9/50, time: 140.42 s, val_loss: 0.871
Epoch   10/50, time: 121.90 s, training_loss: 0.865
Epoch   10/50, time: 141.65 s, val_loss: 0.860
Epoch   11/50, time: 120.84 s, training_loss: 0.860
Epoch   11/50, time: 140.27 s, val_loss: 0.873
Epoch   12/50, time: 119.90 s, training_loss: 0.851
Epoch   12/50, time: 139.74 s, val_loss: 0.832
Epoch   13/50, time: 121.78 s, training_loss: 0.837
Epoch   13/50, time: 141.68 s, val_loss: 0.809
Epoch   14/50, time: 120.58 s, training_loss: 0.829
Epoch   14/50, time: 140.07 s, val_loss: 0.856
Epoch   15/50, time: 120.41 s, training_loss: 0.819
Epoch   15/50, time: 140.15 s, val_loss: 0.836
Epoch   16/50, time: 120.19 s, training_loss: 0.814
Epoch   16/50, time: 140.21 s, val_loss: 0.760
Epoch   17/50, time: 121.07 s, training_loss: 0.799
Epoch   17/50, time: 140.77 s, val_loss: 0.782
Epoch   18/50, time: 119.91 s, training_loss: 0.793
Epoch   18/50, time: 139.93 s, val_loss: 0.834
Epoch   19/50, time: 118.82 s, training_loss: 0.779
Epoch   19/50, time: 138.24 s, val_loss: 0.751
Epoch   20/50, time: 122.31 s, training_loss: 0.770
Epoch   20/50, time: 141.96 s, val_loss: 0.799
Epoch   21/50, time: 121.44 s, training_loss: 0.763
Epoch   21/50, time: 141.01 s, val_loss: 0.718
Epoch   22/50, time: 120.99 s, training_loss: 0.753
Epoch   22/50, time: 140.61 s, val_loss: 0.740
Epoch   23/50, time: 120.44 s, training_loss: 0.737
Epoch   23/50, time: 140.00 s, val_loss: 0.673
Epoch   24/50, time: 122.49 s, training_loss: 0.721
Epoch   24/50, time: 142.09 s, val_loss: 0.806
Epoch   25/50, time: 120.54 s, training_loss: 0.707
Epoch   25/50, time: 140.25 s, val_loss: 0.737
Epoch   26/50, time: 121.86 s, training_loss: 0.688
Epoch   26/50, time: 141.89 s, val_loss: 0.656
Epoch   27/50, time: 120.03 s, training_loss: 0.686
Epoch   27/50, time: 139.62 s, val_loss: 0.701
Epoch   28/50, time: 123.11 s, training_loss: 0.667
Epoch   28/50, time: 142.94 s, val_loss: 0.699
Epoch   29/50, time: 120.86 s, training_loss: 0.659
Epoch   29/50, time: 140.66 s, val_loss: 0.645
Epoch   30/50, time: 121.55 s, training_loss: 0.646
Epoch   30/50, time: 141.03 s, val_loss: 0.657
Epoch   31/50, time: 121.38 s, training_loss: 0.627
Epoch   31/50, time: 141.03 s, val_loss: 0.649
Epoch   32/50, time: 122.67 s, training_loss: 0.618
Epoch   32/50, time: 142.31 s, val_loss: 0.633
Epoch   33/50, time: 121.14 s, training_loss: 0.609
Epoch   33/50, time: 141.22 s, val_loss: 0.681
Epoch   34/50, time: 121.95 s, training_loss: 0.610
Epoch   34/50, time: 141.93 s, val_loss: 0.570
Epoch   35/50, time: 120.72 s, training_loss: 0.611
Epoch   35/50, time: 140.42 s, val_loss: 0.628
Epoch   36/50, time: 121.53 s, training_loss: 0.590
Epoch   36/50, time: 141.52 s, val_loss: 0.592
Epoch   37/50, time: 118.75 s, training_loss: 0.572
Epoch   37/50, time: 138.23 s, val_loss: 0.671
Epoch   38/50, time: 119.84 s, training_loss: 0.559
Epoch   38/50, time: 139.51 s, val_loss: 0.566
Epoch   39/50, time: 121.97 s, training_loss: 0.551
Epoch   39/50, time: 141.74 s, val_loss: 0.609
Epoch   40/50, time: 121.87 s, training_loss: 0.530
Epoch   40/50, time: 141.48 s, val_loss: 0.548
Epoch   41/50, time: 121.29 s, training_loss: 0.526
Epoch   41/50, time: 140.96 s, val_loss: 0.639
Epoch   42/50, time: 121.97 s, training_loss: 0.522
Epoch   42/50, time: 141.71 s, val_loss: 0.498
Epoch   43/50, time: 120.97 s, training_loss: 0.507
Epoch   43/50, time: 140.70 s, val_loss: 0.562
Epoch   44/50, time: 122.90 s, training_loss: 0.497
Epoch   44/50, time: 142.42 s, val_loss: 0.524
Epoch   45/50, time: 120.48 s, training_loss: 0.482
Epoch   45/50, time: 140.28 s, val_loss: 0.495
Epoch   46/50, time: 120.08 s, training_loss: 0.476
Epoch   46/50, time: 140.07 s, val_loss: 0.514
Epoch   47/50, time: 120.69 s, training_loss: 0.461
Epoch   47/50, time: 140.47 s, val_loss: 0.561
Epoch   48/50, time: 120.53 s, training_loss: 0.467
Epoch   48/50, time: 140.26 s, val_loss: 0.485
Epoch   49/50, time: 122.07 s, training_loss: 0.458
Epoch   49/50, time: 141.94 s, val_loss: 0.502
Epoch   50/50, time: 122.37 s, training_loss: 0.452
Epoch   50/50, time: 142.15 s, val_loss: 0.529
Training with paramaeters:  (64, 0.0001, 'bce_loss')
Epoch    1/50, time: 133.09 s, training_loss: 0.815
Epoch    1/50, time: 168.92 s, val_loss: 0.732
Epoch    2/50, time: 134.81 s, training_loss: 0.735
Epoch    2/50, time: 170.71 s, val_loss: 0.722
Epoch    3/50, time: 133.66 s, training_loss: 0.693
Epoch    3/50, time: 169.66 s, val_loss: 0.688
Epoch    4/50, time: 133.77 s, training_loss: 0.669
Epoch    4/50, time: 169.85 s, val_loss: 0.658
Epoch    5/50, time: 134.35 s, training_loss: 0.650
Epoch    5/50, time: 169.80 s, val_loss: 0.654
Epoch    6/50, time: 132.55 s, training_loss: 0.632
Epoch    6/50, time: 168.30 s, val_loss: 0.622
Epoch    7/50, time: 132.96 s, training_loss: 0.622
Epoch    7/50, time: 168.19 s, val_loss: 0.784
Epoch    8/50, time: 132.83 s, training_loss: 0.622
Epoch    8/50, time: 168.85 s, val_loss: 0.606
Epoch    9/50, time: 134.60 s, training_loss: 0.605
Epoch    9/50, time: 170.69 s, val_loss: 0.593
Epoch   10/50, time: 133.48 s, training_loss: 0.595
Epoch   10/50, time: 169.70 s, val_loss: 0.589
Epoch   11/50, time: 132.92 s, training_loss: 0.584
Epoch   11/50, time: 168.60 s, val_loss: 0.577
Epoch   12/50, time: 132.86 s, training_loss: 0.578
Epoch   12/50, time: 168.90 s, val_loss: 0.572
Epoch   13/50, time: 132.07 s, training_loss: 0.569
Epoch   13/50, time: 168.15 s, val_loss: 0.568
Epoch   14/50, time: 132.95 s, training_loss: 0.562
Epoch   14/50, time: 168.80 s, val_loss: 0.556
Epoch   15/50, time: 132.67 s, training_loss: 0.556
Epoch   15/50, time: 168.47 s, val_loss: 0.550
Epoch   16/50, time: 132.12 s, training_loss: 0.548
Epoch   16/50, time: 168.61 s, val_loss: 0.545
Epoch   17/50, time: 134.11 s, training_loss: 0.541
Epoch   17/50, time: 170.01 s, val_loss: 0.537
Epoch   18/50, time: 134.71 s, training_loss: 0.535
Epoch   18/50, time: 170.47 s, val_loss: 0.529
Epoch   19/50, time: 133.72 s, training_loss: 0.529
Epoch   19/50, time: 169.23 s, val_loss: 0.526
Epoch   20/50, time: 132.17 s, training_loss: 0.522
Epoch   20/50, time: 167.66 s, val_loss: 0.516
Epoch   21/50, time: 133.01 s, training_loss: 0.517
Epoch   21/50, time: 169.06 s, val_loss: 0.520
Epoch   22/50, time: 132.52 s, training_loss: 0.521
Epoch   22/50, time: 167.89 s, val_loss: 0.512
Epoch   23/50, time: 132.83 s, training_loss: 0.511
Epoch   23/50, time: 168.84 s, val_loss: 0.509
Epoch   24/50, time: 133.55 s, training_loss: 0.502
Epoch   24/50, time: 169.47 s, val_loss: 0.501
Epoch   25/50, time: 134.44 s, training_loss: 0.494
Epoch   25/50, time: 170.05 s, val_loss: 0.492
Epoch   26/50, time: 134.78 s, training_loss: 0.487
Epoch   26/50, time: 170.34 s, val_loss: 0.487
Epoch   27/50, time: 131.90 s, training_loss: 0.481
Epoch   27/50, time: 167.41 s, val_loss: 0.480
Epoch   28/50, time: 135.81 s, training_loss: 0.477
Epoch   28/50, time: 171.62 s, val_loss: 0.478
Epoch   29/50, time: 134.50 s, training_loss: 0.469
Epoch   29/50, time: 170.03 s, val_loss: 0.461
Epoch   30/50, time: 133.75 s, training_loss: 0.463
Epoch   30/50, time: 169.61 s, val_loss: 0.458
Epoch   31/50, time: 133.44 s, training_loss: 0.457
Epoch   31/50, time: 169.70 s, val_loss: 0.452
Epoch   32/50, time: 132.79 s, training_loss: 0.452
Epoch   32/50, time: 168.33 s, val_loss: 0.448
Epoch   33/50, time: 140.05 s, training_loss: 0.446
Epoch   33/50, time: 175.79 s, val_loss: 0.444
Epoch   34/50, time: 133.16 s, training_loss: 0.441
Epoch   34/50, time: 169.41 s, val_loss: 0.437
Epoch   35/50, time: 134.28 s, training_loss: 0.439
Epoch   35/50, time: 170.34 s, val_loss: 0.436
Epoch   36/50, time: 132.74 s, training_loss: 0.443
Epoch   36/50, time: 168.43 s, val_loss: 0.447
Epoch   37/50, time: 133.49 s, training_loss: 0.429
Epoch   37/50, time: 169.55 s, val_loss: 0.427
Epoch   38/50, time: 132.91 s, training_loss: 0.419
Epoch   38/50, time: 168.82 s, val_loss: 0.414
Epoch   39/50, time: 133.84 s, training_loss: 0.411
Epoch   39/50, time: 169.49 s, val_loss: 0.406
Epoch   40/50, time: 133.54 s, training_loss: 0.404
Epoch   40/50, time: 169.86 s, val_loss: 0.397
Epoch   41/50, time: 133.16 s, training_loss: 0.397
Epoch   41/50, time: 169.26 s, val_loss: 0.394
Epoch   42/50, time: 133.51 s, training_loss: 0.391
Epoch   42/50, time: 169.16 s, val_loss: 0.388
Epoch   43/50, time: 132.73 s, training_loss: 0.384
Epoch   43/50, time: 168.33 s, val_loss: 0.380
Epoch   44/50, time: 134.36 s, training_loss: 0.378
Epoch   44/50, time: 169.91 s, val_loss: 0.374
Epoch   45/50, time: 132.17 s, training_loss: 0.372
Epoch   45/50, time: 168.17 s, val_loss: 0.368
Epoch   46/50, time: 134.08 s, training_loss: 0.366
Epoch   46/50, time: 170.05 s, val_loss: 0.363
Epoch   47/50, time: 131.83 s, training_loss: 0.361
Epoch   47/50, time: 167.39 s, val_loss: 0.357
Epoch   48/50, time: 131.67 s, training_loss: 0.358
Epoch   48/50, time: 167.48 s, val_loss: 0.352
Epoch   49/50, time: 134.15 s, training_loss: 0.350
Epoch   49/50, time: 169.91 s, val_loss: 0.347
Epoch   50/50, time: 132.89 s, training_loss: 0.344
Epoch   50/50, time: 170.47 s, val_loss: 0.338
Training with paramaeters:  (64, 0.0001, 'dice_loss')
Epoch    1/50, time: 134.37 s, training_loss: 0.973
Epoch    1/50, time: 170.42 s, val_loss: 0.982
Epoch    2/50, time: 133.38 s, training_loss: 0.966
Epoch    2/50, time: 169.12 s, val_loss: 0.977
Epoch    3/50, time: 134.25 s, training_loss: 0.963
Epoch    3/50, time: 170.06 s, val_loss: 0.965
Epoch    4/50, time: 132.84 s, training_loss: 0.960
Epoch    4/50, time: 168.89 s, val_loss: 0.976
Epoch    5/50, time: 133.55 s, training_loss: 0.956
Epoch    5/50, time: 169.61 s, val_loss: 0.973
Epoch    6/50, time: 133.75 s, training_loss: 0.952
Epoch    6/50, time: 169.94 s, val_loss: 0.972
Epoch    7/50, time: 132.67 s, training_loss: 0.949
Epoch    7/50, time: 168.93 s, val_loss: 0.964
Epoch    8/50, time: 133.10 s, training_loss: 0.945
Epoch    8/50, time: 169.52 s, val_loss: 0.961
Epoch    9/50, time: 131.43 s, training_loss: 0.940
Epoch    9/50, time: 166.98 s, val_loss: 0.960
Epoch   10/50, time: 133.16 s, training_loss: 0.936
Epoch   10/50, time: 169.04 s, val_loss: 0.950
Epoch   11/50, time: 134.24 s, training_loss: 0.931
Epoch   11/50, time: 170.20 s, val_loss: 0.937
Epoch   12/50, time: 133.41 s, training_loss: 0.926
Epoch   12/50, time: 169.43 s, val_loss: 0.935
Epoch   13/50, time: 132.43 s, training_loss: 0.924
Epoch   13/50, time: 168.00 s, val_loss: 0.885
Epoch   14/50, time: 134.69 s, training_loss: 0.922
Epoch   14/50, time: 170.76 s, val_loss: 0.906
Epoch   15/50, time: 132.62 s, training_loss: 0.918
Epoch   15/50, time: 168.54 s, val_loss: 0.940
Epoch   16/50, time: 136.17 s, training_loss: 0.912
Epoch   16/50, time: 171.90 s, val_loss: 0.939
Epoch   17/50, time: 132.33 s, training_loss: 0.906
Epoch   17/50, time: 168.35 s, val_loss: 0.927
Epoch   18/50, time: 133.21 s, training_loss: 0.897
Epoch   18/50, time: 168.76 s, val_loss: 0.911
Epoch   19/50, time: 132.35 s, training_loss: 0.889
Epoch   19/50, time: 167.52 s, val_loss: 0.904
Epoch   20/50, time: 132.32 s, training_loss: 0.880
Epoch   20/50, time: 168.49 s, val_loss: 0.883
Epoch   21/50, time: 134.17 s, training_loss: 0.874
Epoch   21/50, time: 169.94 s, val_loss: 0.889
Epoch   22/50, time: 132.12 s, training_loss: 0.864
Epoch   22/50, time: 167.69 s, val_loss: 0.911
Epoch   23/50, time: 133.54 s, training_loss: 0.861
Epoch   23/50, time: 169.65 s, val_loss: 0.845
Epoch   24/50, time: 134.35 s, training_loss: 0.857
Epoch   24/50, time: 170.07 s, val_loss: 0.894
Epoch   25/50, time: 133.46 s, training_loss: 0.845
Epoch   25/50, time: 168.72 s, val_loss: 0.892
Epoch   26/50, time: 131.88 s, training_loss: 0.836
Epoch   26/50, time: 167.83 s, val_loss: 0.841
Epoch   27/50, time: 133.68 s, training_loss: 0.825
Epoch   27/50, time: 169.48 s, val_loss: 0.878
Epoch   28/50, time: 132.23 s, training_loss: 0.813
Epoch   28/50, time: 168.03 s, val_loss: 0.808
Epoch   29/50, time: 132.79 s, training_loss: 0.803
Epoch   29/50, time: 168.87 s, val_loss: 0.887
Epoch   30/50, time: 132.91 s, training_loss: 0.801
Epoch   30/50, time: 168.92 s, val_loss: 0.930
Epoch   31/50, time: 133.51 s, training_loss: 0.795
Epoch   31/50, time: 169.33 s, val_loss: 0.827
Epoch   32/50, time: 133.47 s, training_loss: 0.783
Epoch   32/50, time: 169.43 s, val_loss: 0.830
Epoch   33/50, time: 131.81 s, training_loss: 0.776
Epoch   33/50, time: 167.32 s, val_loss: 0.764
Epoch   34/50, time: 133.60 s, training_loss: 0.771
Epoch   34/50, time: 169.25 s, val_loss: 0.766
Epoch   35/50, time: 133.99 s, training_loss: 0.761
Epoch   35/50, time: 169.79 s, val_loss: 0.802
Epoch   36/50, time: 133.21 s, training_loss: 0.759
Epoch   36/50, time: 169.22 s, val_loss: 0.829
Epoch   37/50, time: 134.69 s, training_loss: 0.750
Epoch   37/50, time: 170.90 s, val_loss: 0.852
Epoch   38/50, time: 134.09 s, training_loss: 0.748
Epoch   38/50, time: 169.66 s, val_loss: 0.903
Epoch   39/50, time: 133.44 s, training_loss: 0.739
Epoch   39/50, time: 169.22 s, val_loss: 0.862
Epoch   40/50, time: 134.09 s, training_loss: 0.727
Epoch   40/50, time: 169.83 s, val_loss: 0.859
Epoch   41/50, time: 133.34 s, training_loss: 0.723
Epoch   41/50, time: 168.94 s, val_loss: 0.771
Epoch   42/50, time: 133.36 s, training_loss: 0.723
Epoch   42/50, time: 168.75 s, val_loss: 0.758
Epoch   43/50, time: 133.16 s, training_loss: 0.717
Epoch   43/50, time: 169.04 s, val_loss: 0.756
Epoch   44/50, time: 132.54 s, training_loss: 0.709
Epoch   44/50, time: 168.59 s, val_loss: 0.697
Epoch   45/50, time: 133.29 s, training_loss: 0.718
Epoch   45/50, time: 169.26 s, val_loss: 0.813
Epoch   46/50, time: 134.48 s, training_loss: 0.697
Epoch   46/50, time: 170.53 s, val_loss: 0.656
Epoch   47/50, time: 133.64 s, training_loss: 0.685
Epoch   47/50, time: 169.04 s, val_loss: 0.750
Epoch   48/50, time: 132.13 s, training_loss: 0.678
Epoch   48/50, time: 167.84 s, val_loss: 0.656
Epoch   49/50, time: 133.62 s, training_loss: 0.676
Epoch   49/50, time: 169.14 s, val_loss: 0.646
Epoch   50/50, time: 133.29 s, training_loss: 0.673
Epoch   50/50, time: 168.99 s, val_loss: 0.623
Training with paramaeters:  (128, 0.0001, 'bce_loss')
Epoch    1/50, time: 137.30 s, training_loss: 0.608
Epoch    1/50, time: 202.88 s, val_loss: 0.619
Epoch    2/50, time: 139.49 s, training_loss: 0.558
Epoch    2/50, time: 205.96 s, val_loss: 0.584
Epoch    3/50, time: 141.35 s, training_loss: 0.534
Epoch    3/50, time: 207.67 s, val_loss: 0.544
Epoch    4/50, time: 138.13 s, training_loss: 0.514
Epoch    4/50, time: 203.76 s, val_loss: 0.524
Epoch    5/50, time: 140.88 s, training_loss: 0.498
Epoch    5/50, time: 207.31 s, val_loss: 0.503
Epoch    6/50, time: 138.84 s, training_loss: 0.483
Epoch    6/50, time: 205.21 s, val_loss: 0.489
Epoch    7/50, time: 138.15 s, training_loss: 0.474
Epoch    7/50, time: 204.73 s, val_loss: 0.474
Epoch    8/50, time: 139.60 s, training_loss: 0.465
Epoch    8/50, time: 205.75 s, val_loss: 0.470
Epoch    9/50, time: 137.56 s, training_loss: 0.461
Epoch    9/50, time: 203.63 s, val_loss: 0.466
Epoch   10/50, time: 140.18 s, training_loss: 0.454
Epoch   10/50, time: 206.84 s, val_loss: 0.457
Epoch   11/50, time: 137.39 s, training_loss: 0.446
Epoch   11/50, time: 203.72 s, val_loss: 0.447
Epoch   12/50, time: 137.91 s, training_loss: 0.440
Epoch   12/50, time: 204.20 s, val_loss: 0.442
Epoch   13/50, time: 139.61 s, training_loss: 0.438
Epoch   13/50, time: 205.08 s, val_loss: 0.445
Epoch   14/50, time: 137.56 s, training_loss: 0.436
Epoch   14/50, time: 204.14 s, val_loss: 0.439
Epoch   15/50, time: 138.65 s, training_loss: 0.432
Epoch   15/50, time: 205.47 s, val_loss: 0.430
Epoch   16/50, time: 139.46 s, training_loss: 0.426
Epoch   16/50, time: 208.48 s, val_loss: 0.424
Epoch   17/50, time: 139.34 s, training_loss: 0.421
Epoch   17/50, time: 205.45 s, val_loss: 0.413
Epoch   18/50, time: 139.90 s, training_loss: 0.415
Epoch   18/50, time: 206.02 s, val_loss: 0.414
Epoch   19/50, time: 138.55 s, training_loss: 0.412
Epoch   19/50, time: 204.53 s, val_loss: 0.412
Epoch   20/50, time: 138.25 s, training_loss: 0.408
Epoch   20/50, time: 206.15 s, val_loss: 0.409
Epoch   21/50, time: 141.15 s, training_loss: 0.404
Epoch   21/50, time: 209.30 s, val_loss: 0.401
Epoch   22/50, time: 138.94 s, training_loss: 0.399
Epoch   22/50, time: 207.73 s, val_loss: 0.400
Epoch   23/50, time: 139.65 s, training_loss: 0.395
Epoch   23/50, time: 207.76 s, val_loss: 0.395
Epoch   24/50, time: 142.19 s, training_loss: 0.392
Epoch   24/50, time: 211.84 s, val_loss: 0.390
Epoch   25/50, time: 137.96 s, training_loss: 0.393
Epoch   25/50, time: 206.15 s, val_loss: 0.389
Epoch   26/50, time: 138.92 s, training_loss: 0.388
Epoch   26/50, time: 207.22 s, val_loss: 0.379
Epoch   27/50, time: 140.75 s, training_loss: 0.384
Epoch   27/50, time: 209.48 s, val_loss: 0.380
Epoch   28/50, time: 140.03 s, training_loss: 0.379
Epoch   28/50, time: 208.23 s, val_loss: 0.380
Epoch   29/50, time: 140.60 s, training_loss: 0.375
Epoch   29/50, time: 209.51 s, val_loss: 0.374
Epoch   30/50, time: 138.27 s, training_loss: 0.372
Epoch   30/50, time: 207.21 s, val_loss: 0.370
Epoch   31/50, time: 139.46 s, training_loss: 0.368
Epoch   31/50, time: 208.28 s, val_loss: 0.368
Epoch   32/50, time: 139.91 s, training_loss: 0.365
Epoch   32/50, time: 208.85 s, val_loss: 0.364
Epoch   33/50, time: 140.28 s, training_loss: 0.361
Epoch   33/50, time: 208.06 s, val_loss: 0.361
Epoch   34/50, time: 140.32 s, training_loss: 0.360
Epoch   34/50, time: 208.48 s, val_loss: 0.360
Epoch   35/50, time: 140.28 s, training_loss: 0.357
Epoch   35/50, time: 208.26 s, val_loss: 0.353
Epoch   36/50, time: 140.06 s, training_loss: 0.357
Epoch   36/50, time: 208.69 s, val_loss: 0.351
Epoch   37/50, time: 140.46 s, training_loss: 0.353
Epoch   37/50, time: 208.73 s, val_loss: 0.357
Epoch   38/50, time: 139.48 s, training_loss: 0.350
Epoch   38/50, time: 208.87 s, val_loss: 0.349
Epoch   39/50, time: 139.71 s, training_loss: 0.345
Epoch   39/50, time: 208.34 s, val_loss: 0.348
Epoch   40/50, time: 141.34 s, training_loss: 0.342
Epoch   40/50, time: 210.41 s, val_loss: 0.343
Epoch   41/50, time: 140.91 s, training_loss: 0.338
Epoch   41/50, time: 209.37 s, val_loss: 0.346
Epoch   42/50, time: 138.37 s, training_loss: 0.337
Epoch   42/50, time: 207.60 s, val_loss: 0.333
Epoch   43/50, time: 139.79 s, training_loss: 0.333
Epoch   43/50, time: 209.28 s, val_loss: 0.330
Epoch   44/50, time: 142.11 s, training_loss: 0.329
Epoch   44/50, time: 211.30 s, val_loss: 0.335
Epoch   45/50, time: 140.40 s, training_loss: 0.326
Epoch   45/50, time: 209.86 s, val_loss: 0.329
Epoch   46/50, time: 141.29 s, training_loss: 0.323
Epoch   46/50, time: 209.38 s, val_loss: 0.322
Epoch   47/50, time: 141.34 s, training_loss: 0.321
Epoch   47/50, time: 210.70 s, val_loss: 0.320
Epoch   48/50, time: 138.90 s, training_loss: 0.318
Epoch   48/50, time: 207.02 s, val_loss: 0.319
Epoch   49/50, time: 139.41 s, training_loss: 0.315
Epoch   49/50, time: 207.66 s, val_loss: 0.312
Epoch   50/50, time: 138.71 s, training_loss: 0.312
Epoch   50/50, time: 206.97 s, val_loss: 0.309
Training with paramaeters:  (128, 0.0001, 'dice_loss')
Epoch    1/50, time: 140.06 s, training_loss: 0.975
Epoch    1/50, time: 209.31 s, val_loss: 0.985
Epoch    2/50, time: 140.09 s, training_loss: 0.969
Epoch    2/50, time: 209.16 s, val_loss: 0.983
Epoch    3/50, time: 140.70 s, training_loss: 0.967
Epoch    3/50, time: 208.99 s, val_loss: 0.982
Epoch    4/50, time: 140.99 s, training_loss: 0.965
Epoch    4/50, time: 209.05 s, val_loss: 0.979
Epoch    5/50, time: 140.58 s, training_loss: 0.964
Epoch    5/50, time: 208.61 s, val_loss: 0.970
Epoch    6/50, time: 141.16 s, training_loss: 0.962
Epoch    6/50, time: 209.21 s, val_loss: 0.971
Epoch    7/50, time: 139.61 s, training_loss: 0.959
Epoch    7/50, time: 209.04 s, val_loss: 0.970
Epoch    8/50, time: 139.75 s, training_loss: 0.957
Epoch    8/50, time: 208.34 s, val_loss: 0.977
Epoch    9/50, time: 138.90 s, training_loss: 0.956
Epoch    9/50, time: 207.74 s, val_loss: 0.974
Epoch   10/50, time: 141.78 s, training_loss: 0.954
Epoch   10/50, time: 209.81 s, val_loss: 0.974
Epoch   11/50, time: 139.93 s, training_loss: 0.951
Epoch   11/50, time: 208.20 s, val_loss: 0.964
Epoch   12/50, time: 140.03 s, training_loss: 0.948
Epoch   12/50, time: 208.53 s, val_loss: 0.965
Epoch   13/50, time: 141.76 s, training_loss: 0.944
Epoch   13/50, time: 210.71 s, val_loss: 0.967
Epoch   14/50, time: 141.17 s, training_loss: 0.940
Epoch   14/50, time: 209.83 s, val_loss: 0.963
Epoch   15/50, time: 140.13 s, training_loss: 0.935
Epoch   15/50, time: 209.15 s, val_loss: 0.964
Epoch   16/50, time: 138.12 s, training_loss: 0.934
Epoch   16/50, time: 206.44 s, val_loss: 0.946
Epoch   17/50, time: 140.37 s, training_loss: 0.929
Epoch   17/50, time: 208.67 s, val_loss: 0.963
Epoch   18/50, time: 141.12 s, training_loss: 0.926
Epoch   18/50, time: 210.73 s, val_loss: 0.913
Epoch   19/50, time: 140.77 s, training_loss: 0.921
Epoch   19/50, time: 209.47 s, val_loss: 0.964
Epoch   20/50, time: 140.48 s, training_loss: 0.919
Epoch   20/50, time: 209.16 s, val_loss: 0.951
Epoch   21/50, time: 138.87 s, training_loss: 0.916
Epoch   21/50, time: 207.22 s, val_loss: 0.905
Epoch   22/50, time: 141.41 s, training_loss: 0.913
Epoch   22/50, time: 210.46 s, val_loss: 0.948
Epoch   23/50, time: 139.40 s, training_loss: 0.910
Epoch   23/50, time: 208.04 s, val_loss: 0.952
Epoch   24/50, time: 139.07 s, training_loss: 0.907
Epoch   24/50, time: 207.68 s, val_loss: 0.923
Epoch   25/50, time: 139.35 s, training_loss: 0.901
Epoch   25/50, time: 207.38 s, val_loss: 0.925
Epoch   26/50, time: 140.92 s, training_loss: 0.901
Epoch   26/50, time: 209.56 s, val_loss: 0.904
Epoch   27/50, time: 139.04 s, training_loss: 0.897
Epoch   27/50, time: 206.98 s, val_loss: 0.912
Epoch   28/50, time: 140.80 s, training_loss: 0.895
Epoch   28/50, time: 209.71 s, val_loss: 0.960
Epoch   29/50, time: 137.93 s, training_loss: 0.894
Epoch   29/50, time: 206.39 s, val_loss: 0.817
Epoch   30/50, time: 139.12 s, training_loss: 0.887
Epoch   30/50, time: 208.15 s, val_loss: 0.949
Epoch   31/50, time: 140.11 s, training_loss: 0.882
Epoch   31/50, time: 208.97 s, val_loss: 0.856
Epoch   32/50, time: 140.84 s, training_loss: 0.878
Epoch   32/50, time: 209.08 s, val_loss: 0.954
Epoch   33/50, time: 141.65 s, training_loss: 0.874
Epoch   33/50, time: 210.14 s, val_loss: 0.953
Epoch   34/50, time: 141.66 s, training_loss: 0.872
Epoch   34/50, time: 209.97 s, val_loss: 0.874
Epoch   35/50, time: 140.80 s, training_loss: 0.869
Epoch   35/50, time: 208.70 s, val_loss: 0.908
Epoch   36/50, time: 139.86 s, training_loss: 0.867
Epoch   36/50, time: 208.57 s, val_loss: 0.830
Epoch   37/50, time: 138.51 s, training_loss: 0.864
Epoch   37/50, time: 207.01 s, val_loss: 0.834
Epoch   38/50, time: 138.48 s, training_loss: 0.860
Epoch   38/50, time: 206.59 s, val_loss: 0.894
Epoch   39/50, time: 142.55 s, training_loss: 0.862
Epoch   39/50, time: 211.27 s, val_loss: 0.843
Epoch   40/50, time: 138.46 s, training_loss: 0.860
Epoch   40/50, time: 206.98 s, val_loss: 0.915
Epoch   41/50, time: 137.96 s, training_loss: 0.857
Epoch   41/50, time: 206.01 s, val_loss: 0.853
Epoch   42/50, time: 141.02 s, training_loss: 0.851
Epoch   42/50, time: 209.36 s, val_loss: 0.840
Epoch   43/50, time: 140.02 s, training_loss: 0.845
Epoch   43/50, time: 209.02 s, val_loss: 0.864
Epoch   44/50, time: 139.78 s, training_loss: 0.841
Epoch   44/50, time: 207.77 s, val_loss: 0.952
Epoch   45/50, time: 139.49 s, training_loss: 0.839
Epoch   45/50, time: 207.91 s, val_loss: 0.931
Epoch   46/50, time: 139.35 s, training_loss: 0.833
Epoch   46/50, time: 206.88 s, val_loss: 0.869
Epoch   47/50, time: 140.93 s, training_loss: 0.830
Epoch   47/50, time: 209.08 s, val_loss: 0.797
Epoch   48/50, time: 138.47 s, training_loss: 0.827
Epoch   48/50, time: 207.01 s, val_loss: 0.931
Epoch   49/50, time: 138.64 s, training_loss: 0.828
Epoch   49/50, time: 207.19 s, val_loss: 0.833
Epoch   50/50, time: 139.93 s, training_loss: 0.824
Epoch   50/50, time: 208.11 s, val_loss: 0.842

Results sorted by validation loss:
Params: (32, 0.0001, 'bce_loss') | Lowest val Loss: inf at epoch 0
Params: (32, 0.0001, 'dice_loss') | Lowest val Loss: inf at epoch 0
Params: (64, 0.0001, 'bce_loss') | Lowest val Loss: inf at epoch 0
Params: (64, 0.0001, 'dice_loss') | Lowest val Loss: inf at epoch 0
Params: (128, 0.0001, 'bce_loss') | Lowest val Loss: inf at epoch 0
Params: (128, 0.0001, 'dice_loss') | Lowest val Loss: inf at epoch 0
