/home/sethih1/masque_new/ters_gen/check_accuracy_dice.py:46: FutureWarning: You are using `torch.load` with `weights_only=False` (the current default value), which uses the default pickle module implicitly. It is possible to construct malicious pickle data which will execute arbitrary code during unpickling (See https://github.com/pytorch/pytorch/blob/main/SECURITY.md#untrusted-models for more details). In a future release, the default value for `weights_only` will be flipped to `True`. This limits the functions that could be executed during unpickling. Arbitrary objects will no longer be allowed to be loaded via this mode unless they are explicitly allowlisted by the user via `torch.serialization.add_safe_globals`. We recommend you start setting `weights_only=True` for any use case where you don't have full control of the loaded file. Please open an issue on GitHub for any issues related to this experimental feature.
  model = torch.load(
Number of samples: 291
6
0 <class 'tuple'> 32
1 <class 'torch.Tensor'> torch.Size([32, 54, 64, 64])
2 <class 'torch.Tensor'> torch.Size([32, 54, 64, 64])
3 <class 'torch.Tensor'> torch.Size([32, 400, 256, 256])
4 <class 'torch.Tensor'> torch.Size([32, 100])
5 <class 'torch.Tensor'> torch.Size([32, 1, 256, 256])
Eval Metrics:   0%|          | 0/10 [00:00<?, ?it/s]Eval Metrics:  10%|█         | 1/10 [00:21<03:12, 21.43s/it]Eval Metrics:  20%|██        | 2/10 [00:41<02:47, 20.92s/it]Eval Metrics:  30%|███       | 3/10 [01:01<02:20, 20.12s/it]Eval Metrics:  40%|████      | 4/10 [01:21<02:00, 20.07s/it]Eval Metrics:  50%|█████     | 5/10 [01:40<01:39, 19.95s/it]Eval Metrics:  60%|██████    | 6/10 [01:59<01:17, 19.41s/it]Eval Metrics:  70%|███████   | 7/10 [02:18<00:57, 19.33s/it]Eval Metrics:  80%|████████  | 8/10 [02:37<00:38, 19.18s/it]Eval Metrics:  90%|█████████ | 9/10 [02:55<00:18, 18.92s/it]Eval Metrics: 100%|██████████| 10/10 [02:58<00:00, 13.93s/it]Eval Metrics: 100%|██████████| 10/10 [02:58<00:00, 17.84s/it]
(256, 256) (256, 256)
291 291
Metrics:
Accuracy: 0.9900
Precision: 0.7383
Recall: 0.7302
F1 Score: 0.7342
IoU: 0.5800
Dice Coefficient: 0.7342
Mean IoU over 291 samples: 0.5851
Mean Dice Coefficient over 291 samples: 0.7226
Saved up to 5 images per Dice Coefficient bin in 'dice_bins/'
