[I 2025-05-30 16:42:32,643] A new study created in memory with name: no-name-90d71425-8245-4ecd-9979-b304a85b9729
/home/sethih1/masque_new/ters_gen/hyperopt.py:32: FutureWarning: suggest_loguniform has been deprecated in v3.0.0. This feature will be removed in v6.0.0. See https://github.com/optuna/optuna/releases/tag/v3.0.0. Use suggest_float(..., log=True) instead.
  lr = trial.suggest_loguniform('lr', config.training.learning_rates[0], config.training.learning_rates[-1])
[W 2025-05-30 16:42:32,673] Trial 0 failed with parameters: {'batch_size': 32, 'lr': 0.0002583772584895166, 'loss_fn': 'dice_loss'} because of the following error: ValueError('num_samples should be a positive integer value, but got num_samples=0').
Traceback (most recent call last):
  File "/scratch/phys/sin/sethih1/venv/masque_env/lib/python3.11/site-packages/optuna/study/_optimize.py", line 197, in _run_trial
    value_or_values = func(trial)
                      ^^^^^^^^^^^
  File "/home/sethih1/masque_new/ters_gen/hyperopt.py", line 120, in <lambda>
    study.optimize(lambda t: objective(t, config, device), n_trials = config.training.n_trials, n_jobs=config.training.n_jobs)
                             ^^^^^^^^^^^^^^^^^^^^^^^^^^^^
  File "/home/sethih1/masque_new/ters_gen/hyperopt.py", line 64, in objective
    train_loader = DataLoader(train_ds, batch_size=batch_size, shuffle=True, num_workers=4)
                   ^^^^^^^^^^^^^^^^^^^^^^^^^^^^^^^^^^^^^^^^^^^^^^^^^^^^^^^^^^^^^^^^^^^^^^^^
  File "/scratch/phys/sin/sethih1/venv/masque_env/lib/python3.11/site-packages/torch/utils/data/dataloader.py", line 376, in __init__
    sampler = RandomSampler(dataset, generator=generator)  # type: ignore[arg-type]
              ^^^^^^^^^^^^^^^^^^^^^^^^^^^^^^^^^^^^^^^^^^^
  File "/scratch/phys/sin/sethih1/venv/masque_env/lib/python3.11/site-packages/torch/utils/data/sampler.py", line 164, in __init__
    raise ValueError(
ValueError: num_samples should be a positive integer value, but got num_samples=0
[W 2025-05-30 16:42:32,699] Trial 0 failed with value None.
[Trial 0] Trying batch_size=32, lr=0.0002583772584895166, loss_fn=dice_loss
Traceback (most recent call last):
  File "/home/sethih1/masque_new/ters_gen/hyperopt.py", line 129, in <module>
    main()
  File "/home/sethih1/masque_new/ters_gen/hyperopt.py", line 120, in main
    study.optimize(lambda t: objective(t, config, device), n_trials = config.training.n_trials, n_jobs=config.training.n_jobs)
  File "/scratch/phys/sin/sethih1/venv/masque_env/lib/python3.11/site-packages/optuna/study/study.py", line 475, in optimize
    _optimize(
  File "/scratch/phys/sin/sethih1/venv/masque_env/lib/python3.11/site-packages/optuna/study/_optimize.py", line 63, in _optimize
    _optimize_sequential(
  File "/scratch/phys/sin/sethih1/venv/masque_env/lib/python3.11/site-packages/optuna/study/_optimize.py", line 160, in _optimize_sequential
    frozen_trial = _run_trial(study, func, catch)
                   ^^^^^^^^^^^^^^^^^^^^^^^^^^^^^^
  File "/scratch/phys/sin/sethih1/venv/masque_env/lib/python3.11/site-packages/optuna/study/_optimize.py", line 248, in _run_trial
    raise func_err
  File "/scratch/phys/sin/sethih1/venv/masque_env/lib/python3.11/site-packages/optuna/study/_optimize.py", line 197, in _run_trial
    value_or_values = func(trial)
                      ^^^^^^^^^^^
  File "/home/sethih1/masque_new/ters_gen/hyperopt.py", line 120, in <lambda>
    study.optimize(lambda t: objective(t, config, device), n_trials = config.training.n_trials, n_jobs=config.training.n_jobs)
                             ^^^^^^^^^^^^^^^^^^^^^^^^^^^^
  File "/home/sethih1/masque_new/ters_gen/hyperopt.py", line 64, in objective
    train_loader = DataLoader(train_ds, batch_size=batch_size, shuffle=True, num_workers=4)
                   ^^^^^^^^^^^^^^^^^^^^^^^^^^^^^^^^^^^^^^^^^^^^^^^^^^^^^^^^^^^^^^^^^^^^^^^^
  File "/scratch/phys/sin/sethih1/venv/masque_env/lib/python3.11/site-packages/torch/utils/data/dataloader.py", line 376, in __init__
    sampler = RandomSampler(dataset, generator=generator)  # type: ignore[arg-type]
              ^^^^^^^^^^^^^^^^^^^^^^^^^^^^^^^^^^^^^^^^^^^
  File "/scratch/phys/sin/sethih1/venv/masque_env/lib/python3.11/site-packages/torch/utils/data/sampler.py", line 164, in __init__
    raise ValueError(
ValueError: num_samples should be a positive integer value, but got num_samples=0
