Epoch   44/50, time: 47.90 s, training_loss: 0.781
Epoch   36/50, time: 16.07 s, val_loss: 0.268
Epoch   44/50, time: 15.80 s, val_loss: 0.776
Epoch    1/50, time: 45.56 s, training_loss: 0.852
Training Metrics:
Accuracy: 0.9864
Precision: 0.6245
Recall: 0.7704
F1 Score: 0.6898
IoU: 0.5265
Dice Coefficient: 0.6898
Validation Metrics:
Accuracy: 0.9865
Precision: 0.6192
Recall: 0.7515
F1 Score: 0.6790
IoU: 0.5140
Dice Coefficient: 0.6790
Epoch   37/50, time: 44.67 s, training_loss: 0.238
Epoch    1/50, time: 15.09 s, val_loss: 0.835
Epoch   45/50, time: 47.71 s, training_loss: 0.778
Epoch   37/50, time: 15.59 s, val_loss: 0.254
Epoch   45/50, time: 16.30 s, val_loss: 0.774
Epoch   22/50, time: 47.85 s, training_loss: 0.318
Epoch   22/50, time: 14.65 s, val_loss: 0.325
Epoch   38/50, time: 47.46 s, training_loss: 0.232
Epoch   46/50, time: 51.05 s, training_loss: 0.776
Epoch   38/50, time: 14.01 s, val_loss: 0.298
Training Metrics:
Accuracy: 0.8901
Precision: 0.1429
Recall: 0.9200
F1 Score: 0.2473
IoU: 0.1411
Dice Coefficient: 0.2473
Validation Metrics:
Accuracy: 0.8947
Precision: 0.1431
Recall: 0.9128
F1 Score: 0.2474
IoU: 0.1412
Dice Coefficient: 0.2474
Epoch   46/50, time: 14.61 s, val_loss: 0.769
Epoch   23/50, time: 44.05 s, training_loss: 0.314
Epoch   23/50, time: 17.77 s, val_loss: 0.351
Epoch   39/50, time: 48.70 s, training_loss: 0.231
Epoch    2/50, time: 48.03 s, training_loss: 0.797
Epoch   47/50, time: 50.67 s, training_loss: 0.774
Epoch   39/50, time: 15.57 s, val_loss: 0.264
Epoch    2/50, time: 14.52 s, val_loss: 0.790
Epoch   47/50, time: 15.68 s, val_loss: 0.769
Epoch   24/50, time: 44.16 s, training_loss: 0.315
Epoch   24/50, time: 17.76 s, val_loss: 0.325
Epoch   40/50, time: 50.46 s, training_loss: 0.234
Epoch    3/50, time: 48.32 s, training_loss: 0.772
Epoch   48/50, time: 48.91 s, training_loss: 0.772
Epoch   40/50, time: 15.10 s, val_loss: 0.260
Epoch    3/50, time: 14.52 s, val_loss: 0.757
Epoch   48/50, time: 15.94 s, val_loss: 0.764
Epoch   25/50, time: 43.99 s, training_loss: 0.300
Epoch   25/50, time: 18.06 s, val_loss: 0.323
Epoch   41/50, time: 48.58 s, training_loss: 0.222
Epoch    4/50, time: 48.10 s, training_loss: 0.749
Epoch   41/50, time: 15.39 s, val_loss: 0.242
Epoch   49/50, time: 51.02 s, training_loss: 0.770
Epoch    4/50, time: 15.51 s, val_loss: 0.746
Epoch   49/50, time: 17.02 s, val_loss: 0.764
Epoch   26/50, time: 45.38 s, training_loss: 0.286
Epoch   26/50, time: 17.78 s, val_loss: 0.310
Epoch    5/50, time: 47.34 s, training_loss: 0.727
Epoch    5/50, time: 14.16 s, val_loss: 0.719
Epoch   50/50, time: 48.05 s, training_loss: 0.768
Epoch   50/50, time: 15.32 s, val_loss: 0.757
Epoch   27/50, time: 43.14 s, training_loss: 0.289
Training Metrics:
Accuracy: 0.9915
Precision: 0.7610
Recall: 0.8280
F1 Score: 0.7931
IoU: 0.6571
Dice Coefficient: 0.7931
Validation Metrics:
Accuracy: 0.9906
Precision: 0.7367
Recall: 0.7851
F1 Score: 0.7601
IoU: 0.6131
Dice Coefficient: 0.7601
Epoch   27/50, time: 16.85 s, val_loss: 0.300
Epoch    6/50, time: 46.83 s, training_loss: 0.700
Epoch    6/50, time: 17.41 s, val_loss: 0.674
Epoch   42/50, time: 46.75 s, training_loss: 0.220
Epoch   28/50, time: 46.17 s, training_loss: 0.284
Epoch   42/50, time: 14.56 s, val_loss: 0.261
Epoch   28/50, time: 15.51 s, val_loss: 0.290
Epoch    7/50, time: 39.80 s, training_loss: 0.674
Training Metrics:
Accuracy: 0.9184
Precision: 0.1825
Recall: 0.9067
F1 Score: 0.3038
IoU: 0.1791
Dice Coefficient: 0.3038
Validation Metrics:
Accuracy: 0.9273
Precision: 0.1912
Recall: 0.8769
F1 Score: 0.3139
IoU: 0.1862
Dice Coefficient: 0.3139
Epoch    7/50, time: 16.01 s, val_loss: 0.670
Test Metrics:
Accuracy: 0.9273
Precision: 0.1912
Recall: 0.8769
F1 Score: 0.3139
IoU: 0.1862
Dice Coefficient: 0.3139
[I 2025-08-06 05:04:46,259] Trial 43 finished with value: 0.313891339292473 and parameters: {'batch_size': 32, 'lr': 3.2520101816938236e-05, 'loss_fn': 'dice_loss', 'augmentation': True, 'filters_idx': 0, 'in_channels': 100, 'att_channels': 16}. Best is trial 29 with value: 0.7690253049135821.
wandb: Finishing previous runs because reinit is set to True.
