Epoch   12/50, time: 41.54 s, training_loss: 0.848
Epoch    1/50, time: 42.45 s, training_loss: 0.878
Epoch   12/50, time: 12.66 s, val_loss: 0.792
Epoch    1/50, time: 11.64 s, val_loss: 0.808
Epoch    6/50, time: 120.03 s, training_loss: 0.751
Epoch   13/50, time: 41.11 s, training_loss: 0.846
Epoch    6/50, time: 33.48 s, val_loss: 0.734
Epoch   13/50, time: 12.64 s, val_loss: 0.788
Training Metrics:
Accuracy: 0.7348
Precision: 0.0627
Recall: 0.8967
F1 Score: 0.1172
IoU: 0.0622
Dice Coefficient: 0.1172
Validation Metrics:
Accuracy: 0.9078
Precision: 0.1511
Recall: 0.8364
F1 Score: 0.2560
IoU: 0.1468
Dice Coefficient: 0.2560
Epoch   14/50, time: 40.41 s, training_loss: 0.845
Epoch   14/50, time: 14.14 s, val_loss: 0.774
Epoch    2/50, time: 41.35 s, training_loss: 0.831
Epoch    2/50, time: 13.97 s, val_loss: 0.796
Epoch   15/50, time: 41.00 s, training_loss: 0.841
Epoch    7/50, time: 116.32 s, training_loss: 0.722
Epoch   15/50, time: 12.84 s, val_loss: 0.775
Epoch    3/50, time: 37.18 s, training_loss: 0.808
Epoch    3/50, time: 12.99 s, val_loss: 0.769
Epoch    7/50, time: 33.90 s, val_loss: 0.702
Epoch   16/50, time: 38.28 s, training_loss: 0.840
Epoch   16/50, time: 13.67 s, val_loss: 0.774
Epoch    4/50, time: 37.27 s, training_loss: 0.793
Epoch    4/50, time: 14.01 s, val_loss: 0.768
Epoch   17/50, time: 42.25 s, training_loss: 0.838
Epoch   17/50, time: 13.66 s, val_loss: 0.791
Epoch    5/50, time: 41.43 s, training_loss: 0.770
Epoch    5/50, time: 14.16 s, val_loss: 0.733
Epoch   18/50, time: 39.90 s, training_loss: 0.836
Epoch    8/50, time: 122.48 s, training_loss: 0.703
Epoch   18/50, time: 12.08 s, val_loss: 0.779
Epoch    6/50, time: 39.43 s, training_loss: 0.752
Epoch    6/50, time: 12.94 s, val_loss: 0.717
Epoch    8/50, time: 33.72 s, val_loss: 0.693
Epoch   19/50, time: 36.85 s, training_loss: 0.835
Epoch   19/50, time: 13.84 s, val_loss: 0.777
Epoch    7/50, time: 38.80 s, training_loss: 0.728
Epoch    7/50, time: 13.91 s, val_loss: 0.701
Epoch   20/50, time: 41.23 s, training_loss: 0.833
Epoch   20/50, time: 13.94 s, val_loss: 0.767
Epoch    8/50, time: 40.50 s, training_loss: 0.696
Epoch    8/50, time: 13.83 s, val_loss: 0.672
Epoch   21/50, time: 40.38 s, training_loss: 0.831
Epoch    9/50, time: 120.38 s, training_loss: 0.680
Epoch   21/50, time: 12.95 s, val_loss: 0.757
Epoch    9/50, time: 37.60 s, training_loss: 0.666
Epoch    9/50, time: 12.77 s, val_loss: 0.637
Epoch    9/50, time: 33.08 s, val_loss: 0.662
Epoch   10/50, time: 37.70 s, training_loss: 0.626
Epoch   10/50, time: 12.60 s, val_loss: 0.598
Training Metrics:
Accuracy: 0.6427
Precision: 0.0489
Recall: 0.9316
F1 Score: 0.0928
IoU: 0.0487
Dice Coefficient: 0.0928
Validation Metrics:
Accuracy: 0.9192
Precision: 0.1775
Recall: 0.8975
F1 Score: 0.2964
IoU: 0.1740
Dice Coefficient: 0.2964
Epoch   11/50, time: 41.83 s, training_loss: 0.591
Epoch   22/50, time: 41.83 s, training_loss: 0.829
Epoch   11/50, time: 12.51 s, val_loss: 0.579
Epoch   22/50, time: 13.11 s, val_loss: 0.759
Epoch   10/50, time: 124.32 s, training_loss: 0.653
Epoch   23/50, time: 38.88 s, training_loss: 0.829
Epoch   23/50, time: 11.02 s, val_loss: 0.757
Epoch   10/50, time: 31.01 s, val_loss: 0.639
Training Metrics:
Accuracy: 0.9558
Precision: 0.2877
Recall: 0.8476
F1 Score: 0.4296
IoU: 0.2735
Dice Coefficient: 0.4296
Validation Metrics:
Accuracy: 0.9605
Precision: 0.3026
Recall: 0.8289
F1 Score: 0.4433
IoU: 0.2848
Dice Coefficient: 0.4433
Epoch   24/50, time: 41.55 s, training_loss: 0.827
Epoch   12/50, time: 40.23 s, training_loss: 0.555
Epoch   24/50, time: 13.57 s, val_loss: 0.751
Epoch   12/50, time: 13.72 s, val_loss: 0.535
Epoch   25/50, time: 40.98 s, training_loss: 0.825
Epoch   13/50, time: 42.26 s, training_loss: 0.526
Epoch   25/50, time: 13.26 s, val_loss: 0.762
Epoch   13/50, time: 12.49 s, val_loss: 0.529
Epoch   11/50, time: 120.30 s, training_loss: 0.635
Epoch   26/50, time: 39.06 s, training_loss: 0.823
Epoch   11/50, time: 33.97 s, val_loss: 0.615
Epoch   14/50, time: 38.26 s, training_loss: 0.484
Epoch   26/50, time: 12.36 s, val_loss: 0.764
Epoch   14/50, time: 13.55 s, val_loss: 0.521
Epoch   27/50, time: 41.85 s, training_loss: 0.821
Epoch   15/50, time: 42.02 s, training_loss: 0.464
Epoch   27/50, time: 14.38 s, val_loss: 0.753
Epoch   15/50, time: 14.01 s, val_loss: 0.519
Epoch   28/50, time: 42.17 s, training_loss: 0.821
Epoch   16/50, time: 40.93 s, training_loss: 0.435
Epoch   28/50, time: 13.64 s, val_loss: 0.738
Epoch   16/50, time: 12.68 s, val_loss: 0.415
Epoch   29/50, time: 36.36 s, training_loss: 0.819
Epoch   29/50, time: 12.04 s, val_loss: 0.762
Epoch   17/50, time: 39.28 s, training_loss: 0.406
Epoch   17/50, time: 11.93 s, val_loss: 0.423
Training Metrics:
Accuracy: 0.9604
Precision: 0.2823
Recall: 0.6610
F1 Score: 0.3956
IoU: 0.2466
Dice Coefficient: 0.3956
Validation Metrics:
Accuracy: 0.9618
Precision: 0.2831
Recall: 0.6599
F1 Score: 0.3962
IoU: 0.2470
Dice Coefficient: 0.3962
Epoch   30/50, time: 39.37 s, training_loss: 0.816
Epoch   18/50, time: 40.24 s, training_loss: 0.383
Epoch   30/50, time: 14.05 s, val_loss: 0.754
Epoch   18/50, time: 13.97 s, val_loss: 0.357
Epoch   31/50, time: 41.01 s, training_loss: 0.815
Epoch   19/50, time: 41.23 s, training_loss: 0.369
Epoch   31/50, time: 14.14 s, val_loss: 0.742
Epoch   19/50, time: 18.64 s, val_loss: 0.377
Epoch   12/50, time: 118.28 s, training_loss: 0.613
Epoch   20/50, time: 36.55 s, training_loss: 0.360
Epoch   12/50, time: 32.15 s, val_loss: 0.601
Epoch   20/50, time: 11.95 s, val_loss: 0.360
Training Metrics:
Accuracy: 0.6527
Precision: 0.0517
Recall: 0.9624
F1 Score: 0.0981
IoU: 0.0516
Dice Coefficient: 0.0981
Validation Metrics:
Accuracy: 0.9216
Precision: 0.1870
Recall: 0.9362
F1 Score: 0.3118
IoU: 0.1847
Dice Coefficient: 0.3118
Epoch   21/50, time: 41.24 s, training_loss: 0.350
Epoch   32/50, time: 42.85 s, training_loss: 0.814
Epoch   21/50, time: 12.47 s, val_loss: 0.329
Epoch   32/50, time: 13.32 s, val_loss: 0.753
Epoch   33/50, time: 41.42 s, training_loss: 0.811
Epoch   13/50, time: 120.82 s, training_loss: 0.598
Epoch   33/50, time: 11.81 s, val_loss: 0.748
Training Metrics:
Accuracy: 0.9863
Precision: 0.6198
Recall: 0.7778
F1 Score: 0.6899
IoU: 0.5266
Dice Coefficient: 0.6899
Validation Metrics:
Accuracy: 0.9865
Precision: 0.6194
Recall: 0.7493
F1 Score: 0.6782
IoU: 0.5130
Dice Coefficient: 0.6782
Epoch   13/50, time: 37.41 s, val_loss: 0.575
Epoch   34/50, time: 37.49 s, training_loss: 0.809
Epoch   22/50, time: 36.84 s, training_loss: 0.331
Epoch   34/50, time: 18.71 s, val_loss: 0.724
Epoch   22/50, time: 12.81 s, val_loss: 0.324
Epoch   35/50, time: 42.44 s, training_loss: 0.807
Epoch   23/50, time: 41.10 s, training_loss: 0.325
Epoch   35/50, time: 13.04 s, val_loss: 0.733
Epoch   23/50, time: 12.85 s, val_loss: 0.316
Epoch   36/50, time: 40.82 s, training_loss: 0.806
Epoch   14/50, time: 119.09 s, training_loss: 0.584
Epoch   24/50, time: 39.85 s, training_loss: 0.318
Epoch   36/50, time: 11.93 s, val_loss: 0.718
Epoch   24/50, time: 12.23 s, val_loss: 0.310
Epoch   14/50, time: 32.82 s, val_loss: 0.568
Epoch   37/50, time: 39.87 s, training_loss: 0.806
Epoch   25/50, time: 37.80 s, training_loss: 0.316
Epoch   37/50, time: 13.25 s, val_loss: 0.735
Epoch   25/50, time: 12.39 s, val_loss: 0.327
Epoch   38/50, time: 41.58 s, training_loss: 0.801
Epoch   26/50, time: 42.84 s, training_loss: 0.310
Epoch   38/50, time: 12.54 s, val_loss: 0.725
Epoch   26/50, time: 12.80 s, val_loss: 0.312
Epoch   15/50, time: 116.34 s, training_loss: 0.569
Epoch   39/50, time: 40.03 s, training_loss: 0.801
Epoch   27/50, time: 39.44 s, training_loss: 0.295
Epoch   39/50, time: 12.07 s, val_loss: 0.719
Epoch   27/50, time: 11.80 s, val_loss: 0.280
Epoch   15/50, time: 32.69 s, val_loss: 0.576
Epoch   40/50, time: 38.76 s, training_loss: 0.797
Epoch   28/50, time: 39.37 s, training_loss: 0.288
Epoch   40/50, time: 13.36 s, val_loss: 0.712
Epoch   28/50, time: 12.73 s, val_loss: 0.291
Epoch   41/50, time: 41.87 s, training_loss: 0.795
Epoch   29/50, time: 41.93 s, training_loss: 0.288
Epoch   41/50, time: 12.79 s, val_loss: 0.704
Epoch   29/50, time: 13.17 s, val_loss: 0.299
Epoch   16/50, time: 117.83 s, training_loss: 0.556
Epoch   30/50, time: 39.78 s, training_loss: 0.280
Epoch   30/50, time: 11.33 s, val_loss: 0.330
Epoch   16/50, time: 32.19 s, val_loss: 0.555
Training Metrics:
Accuracy: 0.6363
Precision: 0.0483
Recall: 0.9381
F1 Score: 0.0919
IoU: 0.0482
Dice Coefficient: 0.0919
Validation Metrics:
Accuracy: 0.9341
Precision: 0.2113
Recall: 0.9063
F1 Score: 0.3427
IoU: 0.2068
Dice Coefficient: 0.3427
Epoch   31/50, time: 40.54 s, training_loss: 0.277
Epoch   42/50, time: 41.90 s, training_loss: 0.794
Epoch   31/50, time: 13.28 s, val_loss: 0.328
Epoch   42/50, time: 13.83 s, val_loss: 0.693
Epoch   43/50, time: 40.33 s, training_loss: 0.791
Epoch   17/50, time: 115.90 s, training_loss: 0.544
Epoch   43/50, time: 11.70 s, val_loss: 0.698
Training Metrics:
Accuracy: 0.9877
Precision: 0.6747
Recall: 0.7220
F1 Score: 0.6975
IoU: 0.5355
Dice Coefficient: 0.6975
Validation Metrics:
Accuracy: 0.9871
Precision: 0.6518
Recall: 0.6889
F1 Score: 0.6698
IoU: 0.5036
Dice Coefficient: 0.6698
Epoch   17/50, time: 34.34 s, val_loss: 0.546
Epoch   44/50, time: 38.20 s, training_loss: 0.788
Epoch   32/50, time: 36.72 s, training_loss: 0.275
Epoch   44/50, time: 12.54 s, val_loss: 0.694
Epoch   32/50, time: 12.62 s, val_loss: 0.320
Epoch   45/50, time: 42.30 s, training_loss: 0.787
Epoch   33/50, time: 41.76 s, training_loss: 0.268
Epoch   45/50, time: 12.64 s, val_loss: 0.698
Epoch   33/50, time: 12.63 s, val_loss: 0.268
Epoch   46/50, time: 41.84 s, training_loss: 0.786
Epoch   18/50, time: 116.20 s, training_loss: 0.533
Epoch   34/50, time: 42.03 s, training_loss: 0.262
Epoch   46/50, time: 12.31 s, val_loss: 0.703
Epoch   34/50, time: 12.28 s, val_loss: 0.288
Epoch   18/50, time: 33.23 s, val_loss: 0.525
Epoch   47/50, time: 39.78 s, training_loss: 0.782
Epoch   35/50, time: 39.01 s, training_loss: 0.262
Epoch   47/50, time: 12.47 s, val_loss: 0.691
Epoch   35/50, time: 12.57 s, val_loss: 0.274
Epoch   48/50, time: 41.34 s, training_loss: 0.781
Epoch   36/50, time: 41.66 s, training_loss: 0.263
Epoch   48/50, time: 12.40 s, val_loss: 0.693
Epoch   36/50, time: 12.75 s, val_loss: 0.309
Epoch   19/50, time: 122.39 s, training_loss: 0.512
Epoch   49/50, time: 40.22 s, training_loss: 0.779
Epoch   37/50, time: 40.68 s, training_loss: 0.248
Epoch   49/50, time: 12.32 s, val_loss: 0.677
Epoch   37/50, time: 12.27 s, val_loss: 0.257
Epoch   19/50, time: 32.52 s, val_loss: 0.521
Epoch   50/50, time: 39.62 s, training_loss: 0.776
Epoch   38/50, time: 40.21 s, training_loss: 0.248
Epoch   50/50, time: 12.88 s, val_loss: 0.670
Epoch   38/50, time: 12.75 s, val_loss: 0.273
Epoch   39/50, time: 41.74 s, training_loss: 0.241
Epoch   39/50, time: 12.43 s, val_loss: 0.250
Training Metrics:
Accuracy: 0.6365
Precision: 0.0471
Recall: 0.9114
F1 Score: 0.0896
IoU: 0.0469
Dice Coefficient: 0.0896
Validation Metrics:
Accuracy: 0.9469
Precision: 0.2441
Recall: 0.8579
F1 Score: 0.3800
IoU: 0.2346
Dice Coefficient: 0.3800
Epoch   20/50, time: 116.79 s, training_loss: 0.504
Test Metrics:
Accuracy: 0.9469
Precision: 0.2441
Recall: 0.8579
F1 Score: 0.3800
IoU: 0.2346
Dice Coefficient: 0.3800
[I 2025-08-22 21:27:41,812] Trial 14 finished with value: 0.3800103220087143 and parameters: {'batch_size': 16, 'lr': 1.0174114012413955e-05, 'loss_fn': 'dice_loss', 'augmentation': True, 'filters_idx': 2, 'in_channels': 100, 'att_channels': 64}. Best is trial 7 with value: 0.740635854717373.
wandb: Finishing previous runs because reinit is set to True.
