wandb: Tracking run with wandb version 0.20.1
wandb: Run data is saved locally in /home/sethih1/masque_new/ters_gen/wandb/run-20250825_163149-2celvotj
wandb: Run `wandb offline` to turn off syncing.
wandb: Syncing run trial_2_bs64_lr4e-04_dice_loss
wandb: ⭐️ View project at https://wandb.ai/sethih10-epfl/Posnet_50epochs_just_aug
wandb: 🚀 View run at https://wandb.ai/sethih10-epfl/Posnet_50epochs_just_aug/runs/2celvotj
wandb: 500 encountered ({"errors":[{"message":"An internal error occurred. Please contact support.","path":["upsertBucket"]}],"data":{"upsertBucket":null}}), retrying request
wandb: 500 encountered ({"errors":[{"message":"An internal error occurred. Please contact support.","path":["upsertBucket"]}],"data":{"upsertBucket":null}}), retrying request
wandb: 500 encountered ({"errors":[{"message":"An internal error occurred. Please contact support.","path":["upsertBucket"]}],"data":{"upsertBucket":null}}), retrying request
Epoch    1/50, time: 76.12 s, training_loss: 0.870
Epoch    1/50, time: 79.67 s, training_loss: 0.921
Epoch    1/50, time: 16.02 s, val_loss: 0.857
Epoch    1/50, time: 12.95 s, val_loss: 0.943
Epoch    1/50, time: 128.00 s, training_loss: 0.858
Epoch    1/50, time: 128.16 s, training_loss: 0.922
Training Metrics:
Accuracy: 0.9584
Precision: 0.1634
Recall: 0.2717
F1 Score: 0.2041
IoU: 0.1136
Dice Coefficient: 0.2041
Validation Metrics:
Accuracy: 0.9404
Precision: 0.1665
Recall: 0.5352
F1 Score: 0.2540
IoU: 0.1455
Dice Coefficient: 0.2540
Epoch    1/50, time: 31.47 s, val_loss: 0.919
Epoch    1/50, time: 33.07 s, val_loss: 0.789
Training Metrics:
Accuracy: 0.9506
Precision: 0.1441
Recall: 0.3073
F1 Score: 0.1962
IoU: 0.1088
Dice Coefficient: 0.1962
Validation Metrics:
Accuracy: 0.9262
Precision: 0.1481
Recall: 0.6082
F1 Score: 0.2382
IoU: 0.1352
Dice Coefficient: 0.2382
Epoch    2/50, time: 43.67 s, training_loss: 0.820
Epoch    2/50, time: 16.84 s, val_loss: 0.781
Epoch    2/50, time: 60.07 s, training_loss: 0.890
Epoch    2/50, time: 12.27 s, val_loss: 0.907
Epoch    3/50, time: 41.64 s, training_loss: 0.802
Epoch    3/50, time: 13.14 s, val_loss: 0.771
Epoch    3/50, time: 53.00 s, training_loss: 0.873
Epoch    3/50, time: 11.65 s, val_loss: 0.884
Epoch    4/50, time: 39.80 s, training_loss: 0.787
Epoch    4/50, time: 12.01 s, val_loss: 0.766
Training Metrics:
Accuracy: 0.8991
Precision: 0.0997
Recall: 0.5157
F1 Score: 0.1670
IoU: 0.0911
Dice Coefficient: 0.1670
Validation Metrics:
Accuracy: 0.9436
Precision: 0.1701
Recall: 0.5088
F1 Score: 0.2550
IoU: 0.1461
Dice Coefficient: 0.2550
Training Metrics:
Accuracy: 0.9529
Precision: 0.1551
Recall: 0.3149
F1 Score: 0.2079
IoU: 0.1160
Dice Coefficient: 0.2079
Validation Metrics:
Accuracy: 0.9408
Precision: 0.1580
Recall: 0.4898
F1 Score: 0.2389
IoU: 0.1357
Dice Coefficient: 0.2389
Epoch    4/50, time: 51.41 s, training_loss: 0.864
Epoch    5/50, time: 41.14 s, training_loss: 0.782
Epoch    4/50, time: 12.33 s, val_loss: 0.863
Epoch    5/50, time: 12.64 s, val_loss: 0.738
Epoch    6/50, time: 41.36 s, training_loss: 0.775
Epoch    5/50, time: 55.29 s, training_loss: 0.853
Epoch    6/50, time: 12.61 s, val_loss: 0.760
Epoch    5/50, time: 12.11 s, val_loss: 0.845
Epoch    2/50, time: 120.40 s, training_loss: 0.815
Epoch    2/50, time: 121.06 s, training_loss: 0.878
Epoch    7/50, time: 38.73 s, training_loss: 0.764
Epoch    7/50, time: 10.57 s, val_loss: 0.741
Epoch    2/50, time: 30.29 s, val_loss: 0.811
Epoch    6/50, time: 52.39 s, training_loss: 0.843
Epoch    2/50, time: 30.17 s, val_loss: 0.805
Epoch    6/50, time: 10.83 s, val_loss: 0.838
Epoch    8/50, time: 39.60 s, training_loss: 0.751
Epoch    8/50, time: 12.83 s, val_loss: 0.757
Epoch    7/50, time: 53.73 s, training_loss: 0.831
Epoch    7/50, time: 12.06 s, val_loss: 0.832
Epoch    9/50, time: 43.40 s, training_loss: 0.744
Epoch    9/50, time: 12.22 s, val_loss: 0.727
Epoch    3/50, time: 113.23 s, training_loss: 0.797
Epoch    8/50, time: 51.86 s, training_loss: 0.830
Epoch    3/50, time: 121.12 s, training_loss: 0.861
Epoch    8/50, time: 11.24 s, val_loss: 0.825
Epoch   10/50, time: 38.11 s, training_loss: 0.725
Epoch    3/50, time: 33.47 s, val_loss: 0.777
Epoch   10/50, time: 12.29 s, val_loss: 0.730
Epoch    3/50, time: 32.24 s, val_loss: 0.805
Epoch    9/50, time: 52.21 s, training_loss: 0.818
Epoch   11/50, time: 42.89 s, training_loss: 0.719
Epoch    9/50, time: 12.59 s, val_loss: 0.827
Epoch   11/50, time: 11.83 s, val_loss: 0.712
Epoch    4/50, time: 114.92 s, training_loss: 0.780
Epoch   10/50, time: 57.09 s, training_loss: 0.809
Epoch   10/50, time: 11.81 s, val_loss: 0.825
Training Metrics:
Accuracy: 0.9315
Precision: 0.1929
Recall: 0.7828
F1 Score: 0.3096
IoU: 0.1831
Dice Coefficient: 0.3096
Validation Metrics:
Accuracy: 0.9310
Precision: 0.1928
Recall: 0.8269
F1 Score: 0.3126
IoU: 0.1853
Dice Coefficient: 0.3126
Epoch    4/50, time: 123.93 s, training_loss: 0.847
Epoch    4/50, time: 32.72 s, val_loss: 0.738
Epoch   12/50, time: 40.63 s, training_loss: 0.706
Epoch    4/50, time: 31.55 s, val_loss: 0.832
Epoch   11/50, time: 52.94 s, training_loss: 0.801
Epoch   12/50, time: 12.74 s, val_loss: 0.681
Epoch   11/50, time: 13.13 s, val_loss: 0.801
Epoch   13/50, time: 41.83 s, training_loss: 0.689
Epoch   13/50, time: 12.80 s, val_loss: 0.673
Epoch    5/50, time: 115.49 s, training_loss: 0.771
Training Metrics:
Accuracy: 0.9142
Precision: 0.1716
Recall: 0.8805
F1 Score: 0.2872
IoU: 0.1677
Dice Coefficient: 0.2872
Validation Metrics:
Accuracy: 0.9110
Precision: 0.1676
Recall: 0.9309
F1 Score: 0.2840
IoU: 0.1655
Dice Coefficient: 0.2840
Epoch   14/50, time: 41.49 s, training_loss: 0.673
Epoch    5/50, time: 30.45 s, val_loss: 0.749
Epoch   14/50, time: 11.52 s, val_loss: 0.699
Epoch    5/50, time: 122.57 s, training_loss: 0.838
Epoch    5/50, time: 31.51 s, val_loss: 0.771
Epoch   12/50, time: 52.22 s, training_loss: 0.793
Epoch   15/50, time: 41.35 s, training_loss: 0.663
Epoch   12/50, time: 12.06 s, val_loss: 0.853
Epoch   15/50, time: 12.47 s, val_loss: 0.657
Epoch   16/50, time: 42.24 s, training_loss: 0.641
Epoch   13/50, time: 54.67 s, training_loss: 0.785
Epoch   16/50, time: 11.76 s, val_loss: 0.726
Epoch    6/50, time: 109.39 s, training_loss: 0.760
Epoch   13/50, time: 12.15 s, val_loss: 0.797
Epoch    6/50, time: 30.47 s, val_loss: 0.752
Epoch   17/50, time: 41.28 s, training_loss: 0.616
Epoch   17/50, time: 11.43 s, val_loss: 0.593
Epoch    6/50, time: 124.16 s, training_loss: 0.827
Epoch   14/50, time: 53.48 s, training_loss: 0.780
Epoch   14/50, time: 11.38 s, val_loss: 0.777
Epoch    6/50, time: 32.79 s, val_loss: 0.779
Epoch   18/50, time: 40.22 s, training_loss: 0.585
Epoch   18/50, time: 13.23 s, val_loss: 0.570
Epoch   15/50, time: 53.01 s, training_loss: 0.773
Epoch   15/50, time: 14.66 s, val_loss: 0.767
Epoch    7/50, time: 109.76 s, training_loss: 0.733
Epoch   19/50, time: 41.25 s, training_loss: 0.565
Epoch   19/50, time: 11.79 s, val_loss: 0.550
Epoch    7/50, time: 31.97 s, val_loss: 0.716
Epoch   16/50, time: 50.17 s, training_loss: 0.765
Epoch   20/50, time: 42.72 s, training_loss: 0.539
Epoch    7/50, time: 117.57 s, training_loss: 0.816
Epoch   16/50, time: 12.18 s, val_loss: 0.780
Epoch   20/50, time: 12.48 s, val_loss: 0.586
Epoch    7/50, time: 33.06 s, val_loss: 0.751
Epoch   21/50, time: 40.07 s, training_loss: 0.535
Epoch   17/50, time: 52.73 s, training_loss: 0.755
Epoch   21/50, time: 12.74 s, val_loss: 0.531
Epoch   17/50, time: 12.33 s, val_loss: 0.756
Epoch    8/50, time: 120.34 s, training_loss: 0.712
Epoch   18/50, time: 52.53 s, training_loss: 0.749
Epoch    8/50, time: 32.29 s, val_loss: 0.719
Epoch   18/50, time: 11.21 s, val_loss: 0.874
Training Metrics:
Accuracy: 0.9705
Precision: 0.3716
Recall: 0.7289
F1 Score: 0.4923
IoU: 0.3265
Dice Coefficient: 0.4923
Validation Metrics:
Accuracy: 0.9713
Precision: 0.3685
Recall: 0.7177
F1 Score: 0.4870
IoU: 0.3218
Dice Coefficient: 0.4870
Epoch    8/50, time: 125.44 s, training_loss: 0.806
Epoch   22/50, time: 39.52 s, training_loss: 0.506
Epoch   19/50, time: 50.76 s, training_loss: 0.746
Epoch   22/50, time: 11.99 s, val_loss: 0.491
Epoch    8/50, time: 31.74 s, val_loss: 0.746
Epoch   19/50, time: 12.63 s, val_loss: 0.833
Epoch   23/50, time: 43.10 s, training_loss: 0.492
Epoch    9/50, time: 110.98 s, training_loss: 0.698
Epoch   23/50, time: 12.92 s, val_loss: 0.471
Epoch   20/50, time: 52.25 s, training_loss: 0.739
Epoch   20/50, time: 11.73 s, val_loss: 0.740
Epoch    9/50, time: 33.96 s, val_loss: 0.683
Epoch   24/50, time: 40.42 s, training_loss: 0.470
Epoch   24/50, time: 12.00 s, val_loss: 0.520
Epoch    9/50, time: 119.16 s, training_loss: 0.800
Epoch   21/50, time: 53.13 s, training_loss: 0.730
Epoch   21/50, time: 12.62 s, val_loss: 0.739
Epoch   25/50, time: 38.42 s, training_loss: 0.461
Epoch    9/50, time: 34.06 s, val_loss: 0.767
Epoch   25/50, time: 13.20 s, val_loss: 0.430
Epoch   10/50, time: 115.94 s, training_loss: 0.672
Epoch   26/50, time: 39.55 s, training_loss: 0.420
Epoch   26/50, time: 13.09 s, val_loss: 0.468
Training Metrics:
Accuracy: 0.9353
Precision: 0.1984
Recall: 0.7550
F1 Score: 0.3142
IoU: 0.1864
Dice Coefficient: 0.3142
Validation Metrics:
Accuracy: 0.9410
Precision: 0.2023
Recall: 0.7174
F1 Score: 0.3157
IoU: 0.1874
Dice Coefficient: 0.3157
Epoch   10/50, time: 35.17 s, val_loss: 0.657
Epoch   27/50, time: 41.28 s, training_loss: 0.415
Epoch   27/50, time: 12.13 s, val_loss: 0.453
Epoch   22/50, time: 51.24 s, training_loss: 0.721
Epoch   10/50, time: 118.22 s, training_loss: 0.794
Epoch   22/50, time: 12.04 s, val_loss: 0.744
Epoch   28/50, time: 40.87 s, training_loss: 0.400
Epoch   10/50, time: 32.97 s, val_loss: 0.741
Epoch   28/50, time: 17.63 s, val_loss: 0.375
Epoch   23/50, time: 51.67 s, training_loss: 0.715
Epoch   23/50, time: 11.54 s, val_loss: 0.702
Epoch   11/50, time: 113.35 s, training_loss: 0.639
Epoch   29/50, time: 40.41 s, training_loss: 0.372
Epoch   29/50, time: 11.03 s, val_loss: 0.446
Epoch   11/50, time: 31.88 s, val_loss: 0.619
Epoch   24/50, time: 54.13 s, training_loss: 0.707
Epoch   24/50, time: 12.76 s, val_loss: 0.706
Epoch   30/50, time: 40.10 s, training_loss: 0.396
Epoch   11/50, time: 122.48 s, training_loss: 0.784
Epoch   30/50, time: 13.63 s, val_loss: 0.394
Epoch   25/50, time: 51.32 s, training_loss: 0.699
Epoch   11/50, time: 37.23 s, val_loss: 0.737
Epoch   31/50, time: 39.61 s, training_loss: 0.371
Epoch   25/50, time: 11.90 s, val_loss: 0.713
Epoch   31/50, time: 12.48 s, val_loss: 0.395
Epoch   26/50, time: 55.05 s, training_loss: 0.697
Epoch   26/50, time: 12.19 s, val_loss: 0.688
Training Metrics:
Accuracy: 0.9648
Precision: 0.2941
Recall: 0.5664
F1 Score: 0.3872
IoU: 0.2400
Dice Coefficient: 0.3872
Validation Metrics:
Accuracy: 0.9682
Precision: 0.3116
Recall: 0.5581
F1 Score: 0.3999
IoU: 0.2499
Dice Coefficient: 0.3999
Training Metrics:
Accuracy: 0.9847
Precision: 0.6031
Recall: 0.6426
F1 Score: 0.6222
IoU: 0.4516
Dice Coefficient: 0.6222
Validation Metrics:
Accuracy: 0.9850
Precision: 0.5973
Recall: 0.6363
F1 Score: 0.6162
IoU: 0.4453
Dice Coefficient: 0.6162
Epoch   32/50, time: 38.51 s, training_loss: 0.356
Epoch   27/50, time: 53.17 s, training_loss: 0.685
Epoch   32/50, time: 11.54 s, val_loss: 0.407
Epoch   27/50, time: 11.74 s, val_loss: 0.673
Epoch   33/50, time: 40.07 s, training_loss: 0.348
Training Metrics:
Accuracy: 0.7252
Precision: 0.0613
Recall: 0.9088
F1 Score: 0.1149
IoU: 0.0610
Dice Coefficient: 0.1149
Validation Metrics:
Accuracy: 0.9237
Precision: 0.1828
Recall: 0.8716
F1 Score: 0.3022
IoU: 0.1780
Dice Coefficient: 0.3022
Epoch   33/50, time: 12.17 s, val_loss: 0.376
Epoch   28/50, time: 52.53 s, training_loss: 0.675
Epoch   12/50, time: 115.72 s, training_loss: 0.609
Epoch   28/50, time: 12.14 s, val_loss: 0.669
Epoch   12/50, time: 32.74 s, val_loss: 0.618
Epoch   34/50, time: 41.68 s, training_loss: 0.323
Epoch   34/50, time: 12.35 s, val_loss: 0.379
Epoch   29/50, time: 51.91 s, training_loss: 0.664
Epoch   29/50, time: 13.71 s, val_loss: 0.660
Epoch   35/50, time: 41.76 s, training_loss: 0.326
Epoch   35/50, time: 12.18 s, val_loss: 0.329
Epoch   12/50, time: 122.76 s, training_loss: 0.772
Epoch   30/50, time: 50.39 s, training_loss: 0.655
Epoch   30/50, time: 11.74 s, val_loss: 0.650
Epoch   12/50, time: 31.89 s, val_loss: 0.747
Epoch   13/50, time: 114.46 s, training_loss: 0.579
Epoch   36/50, time: 42.86 s, training_loss: 0.313
Epoch   36/50, time: 12.02 s, val_loss: 0.309
Epoch   13/50, time: 33.84 s, val_loss: 0.560
Epoch   31/50, time: 53.51 s, training_loss: 0.638
Epoch   37/50, time: 38.54 s, training_loss: 0.309
Epoch   31/50, time: 14.00 s, val_loss: 0.629
Epoch   37/50, time: 13.21 s, val_loss: 0.357
Epoch   38/50, time: 41.38 s, training_loss: 0.318
Epoch   38/50, time: 12.37 s, val_loss: 0.357
Epoch   13/50, time: 122.77 s, training_loss: 0.765
Training Metrics:
Accuracy: 0.9673
Precision: 0.3214
Recall: 0.5977
F1 Score: 0.4180
IoU: 0.2642
Dice Coefficient: 0.4180
Validation Metrics:
Accuracy: 0.9678
Precision: 0.3181
Recall: 0.6113
F1 Score: 0.4185
IoU: 0.2646
Dice Coefficient: 0.4185
Epoch   14/50, time: 114.72 s, training_loss: 0.546
Epoch   13/50, time: 32.40 s, val_loss: 0.718
Epoch   39/50, time: 41.78 s, training_loss: 0.303
Epoch   39/50, time: 11.98 s, val_loss: 0.331
Epoch   14/50, time: 33.38 s, val_loss: 0.582
Epoch   32/50, time: 53.11 s, training_loss: 0.625
Epoch   32/50, time: 13.54 s, val_loss: 0.660
Epoch   40/50, time: 40.42 s, training_loss: 0.302
Epoch   40/50, time: 13.28 s, val_loss: 0.315
Epoch   33/50, time: 51.34 s, training_loss: 0.626
Epoch   41/50, time: 41.80 s, training_loss: 0.290
Epoch   14/50, time: 120.41 s, training_loss: 0.758
Epoch   33/50, time: 13.22 s, val_loss: 0.636
Epoch   41/50, time: 13.61 s, val_loss: 0.365
Epoch   15/50, time: 111.56 s, training_loss: 0.525
Epoch   14/50, time: 33.35 s, val_loss: 0.770
Epoch   15/50, time: 31.55 s, val_loss: 0.569
Epoch   34/50, time: 53.80 s, training_loss: 0.610
Epoch   34/50, time: 12.44 s, val_loss: 0.597
Training Metrics:
Accuracy: 0.9858
Precision: 0.6207
Recall: 0.7060
F1 Score: 0.6606
IoU: 0.4932
Dice Coefficient: 0.6606
Validation Metrics:
Accuracy: 0.9854
Precision: 0.6012
Recall: 0.6797
F1 Score: 0.6380
IoU: 0.4685
Dice Coefficient: 0.6380
Epoch   35/50, time: 54.82 s, training_loss: 0.602
Epoch   42/50, time: 45.16 s, training_loss: 0.304
Epoch   35/50, time: 12.24 s, val_loss: 0.617
Epoch   42/50, time: 12.28 s, val_loss: 0.347
Epoch   15/50, time: 124.55 s, training_loss: 0.746
Epoch   16/50, time: 108.00 s, training_loss: 0.490
Epoch   43/50, time: 39.37 s, training_loss: 0.286
Epoch   43/50, time: 11.26 s, val_loss: 0.346
Epoch   36/50, time: 53.34 s, training_loss: 0.588
Epoch   15/50, time: 30.39 s, val_loss: 0.678
Epoch   16/50, time: 30.52 s, val_loss: 0.530
Epoch   36/50, time: 12.51 s, val_loss: 0.623
Epoch   44/50, time: 43.15 s, training_loss: 0.298
Epoch   44/50, time: 13.64 s, val_loss: 0.309
Epoch   37/50, time: 50.07 s, training_loss: 0.596
Epoch   37/50, time: 12.43 s, val_loss: 0.588
Epoch   45/50, time: 40.15 s, training_loss: 0.314
Epoch   45/50, time: 11.82 s, val_loss: 0.465
Epoch   17/50, time: 121.73 s, training_loss: 0.471
Epoch   16/50, time: 125.55 s, training_loss: 0.737
Epoch   38/50, time: 53.14 s, training_loss: 0.585
Epoch   38/50, time: 11.54 s, val_loss: 0.580
Epoch   46/50, time: 39.94 s, training_loss: 0.333
Epoch   17/50, time: 31.26 s, val_loss: 0.472
Epoch   16/50, time: 31.35 s, val_loss: 0.694
Epoch   46/50, time: 12.18 s, val_loss: 0.324
Epoch   39/50, time: 51.98 s, training_loss: 0.578
Epoch   47/50, time: 42.28 s, training_loss: 0.285
Epoch   39/50, time: 13.14 s, val_loss: 0.597
Epoch   47/50, time: 14.11 s, val_loss: 0.391
Epoch   40/50, time: 53.78 s, training_loss: 0.576
Epoch   48/50, time: 46.71 s, training_loss: 0.309
Epoch   40/50, time: 11.98 s, val_loss: 0.589
Epoch   18/50, time: 116.09 s, training_loss: 0.438
Epoch   48/50, time: 11.38 s, val_loss: 0.313
Epoch   17/50, time: 118.13 s, training_loss: 0.723
Epoch   18/50, time: 33.85 s, val_loss: 0.447
Epoch   17/50, time: 31.46 s, val_loss: 0.696
Epoch   49/50, time: 38.54 s, training_loss: 0.279
Epoch   41/50, time: 52.28 s, training_loss: 0.560
Epoch   49/50, time: 11.35 s, val_loss: 0.295
Epoch   41/50, time: 11.43 s, val_loss: 0.582
Epoch   50/50, time: 44.85 s, training_loss: 0.262
Epoch   50/50, time: 14.26 s, val_loss: 0.359
Training Metrics:
Accuracy: 0.9665
Precision: 0.3326
Recall: 0.7020
F1 Score: 0.4514
IoU: 0.2915
Dice Coefficient: 0.4514
Validation Metrics:
Accuracy: 0.9688
Precision: 0.3376
Recall: 0.6685
F1 Score: 0.4487
IoU: 0.2892
Dice Coefficient: 0.4487
Epoch   19/50, time: 114.06 s, training_loss: 0.417
Epoch   18/50, time: 124.90 s, training_loss: 0.705
Training Metrics:
Accuracy: 0.9856
Precision: 0.6144
Recall: 0.7145
F1 Score: 0.6607
IoU: 0.4933
Dice Coefficient: 0.6607
Validation Metrics:
Accuracy: 0.9856
Precision: 0.6071
Recall: 0.6883
F1 Score: 0.6451
IoU: 0.4762
Dice Coefficient: 0.6451
Epoch   19/50, time: 32.52 s, val_loss: 0.419
Epoch   42/50, time: 48.64 s, training_loss: 0.552
Epoch   18/50, time: 30.11 s, val_loss: 0.648
Test Metrics:
Accuracy: 0.9856
Precision: 0.6071
Recall: 0.6883
F1 Score: 0.6451
IoU: 0.4762
Dice Coefficient: 0.6451
wandb:
wandb: 🚀 View run trial_0_bs64_lr2e-04_dice_loss at: https://wandb.ai/sethih10-epfl/Posnet_50epochs_just_aug/runs/8pbz82km
wandb: ⭐️ View project at: https://wandb.ai/sethih10-epfl/Posnet_50epochs_just_aug
wandb: Synced 5 W&B file(s), 0 media file(s), 0 artifact file(s) and 0 other file(s)
wandb: Find logs at: ./wandb/run-20250825_163149-8pbz82km/logs
[I 2025-08-25 17:24:33,315] Trial 0 finished with value: 0.6451265202904033 and parameters: {'batch_size': 64, 'lr': 0.00020506183025442728, 'loss_fn': 'dice_loss', 'augmentation': True, 'filters_idx': 3, 'in_channels': 100, 'att_channels': 16}. Best is trial 0 with value: 0.6451265202904033.
wandb: Finishing previous runs because reinit is set to True.
wandb:
wandb: 🚀 View run trial_3_bs128_lr4e-04_dice_loss at: https://wandb.ai/sethih10-epfl/Posnet_50epochs_just_aug/runs/btzhqowt
wandb: ⭐️ View project at: https://wandb.ai/sethih10-epfl/Posnet_50epochs_just_aug
wandb: Synced 5 W&B file(s), 0 media file(s), 0 artifact file(s) and 0 other file(s)
wandb: Find logs at: ./wandb/run-20250825_163149-btzhqowt/logs
wandb: Tracking run with wandb version 0.20.1
wandb: Run data is saved locally in /home/sethih1/masque_new/ters_gen/wandb/run-20250825_172433-90dpwweh
wandb: Run `wandb offline` to turn off syncing.
wandb: Syncing run trial_4_bs16_lr2e-05_dice_loss
wandb: ⭐️ View project at https://wandb.ai/sethih10-epfl/Posnet_50epochs_just_aug
wandb: 🚀 View run at https://wandb.ai/sethih10-epfl/Posnet_50epochs_just_aug/runs/90dpwweh
Epoch   42/50, time: 11.41 s, val_loss: 0.548
Epoch    1/50, time: 36.71 s, training_loss: 0.937
Epoch    1/50, time: 14.43 s, val_loss: 0.912
Epoch   43/50, time: 53.29 s, training_loss: 0.543
Epoch   43/50, time: 12.73 s, val_loss: 0.536
Epoch   20/50, time: 119.64 s, training_loss: 0.395
Training Metrics:
Accuracy: 0.8253
Precision: 0.0893
Recall: 0.8593
F1 Score: 0.1618
IoU: 0.0880
Dice Coefficient: 0.1618
Validation Metrics:
Accuracy: 0.7957
Precision: 0.0814
Recall: 0.9507
F1 Score: 0.1500
IoU: 0.0811
Dice Coefficient: 0.1500
Epoch   19/50, time: 125.20 s, training_loss: 0.700
Epoch   44/50, time: 51.22 s, training_loss: 0.540
Epoch   44/50, time: 11.95 s, val_loss: 0.548
Epoch   20/50, time: 32.34 s, val_loss: 0.400
Epoch    2/50, time: 33.49 s, training_loss: 0.902
Epoch   19/50, time: 33.89 s, val_loss: 0.722
Epoch    2/50, time: 11.58 s, val_loss: 0.896
Epoch   45/50, time: 51.68 s, training_loss: 0.546
Epoch   45/50, time: 12.98 s, val_loss: 0.532
Epoch    3/50, time: 36.22 s, training_loss: 0.885
Epoch    3/50, time: 12.19 s, val_loss: 0.886
Epoch    4/50, time: 34.29 s, training_loss: 0.874
Epoch   46/50, time: 53.52 s, training_loss: 0.528
Epoch   21/50, time: 118.17 s, training_loss: 0.388
Epoch    4/50, time: 11.34 s, val_loss: 0.877
Epoch   46/50, time: 12.07 s, val_loss: 0.543
Epoch   20/50, time: 121.00 s, training_loss: 0.687
Epoch   21/50, time: 31.66 s, val_loss: 0.405
Epoch    5/50, time: 35.89 s, training_loss: 0.865
Epoch    5/50, time: 11.86 s, val_loss: 0.872
Epoch   20/50, time: 31.42 s, val_loss: 0.630
Epoch   47/50, time: 52.58 s, training_loss: 0.515
Epoch   47/50, time: 12.32 s, val_loss: 0.547
Epoch    6/50, time: 34.34 s, training_loss: 0.859
Epoch    6/50, time: 12.73 s, val_loss: 0.862
Epoch   48/50, time: 51.07 s, training_loss: 0.507
Epoch    7/50, time: 38.46 s, training_loss: 0.852
Epoch   48/50, time: 12.96 s, val_loss: 0.506
Epoch    7/50, time: 12.54 s, val_loss: 0.852
Epoch   21/50, time: 122.94 s, training_loss: 0.676
Epoch    8/50, time: 34.11 s, training_loss: 0.845
Epoch   49/50, time: 50.00 s, training_loss: 0.498
Epoch    8/50, time: 11.17 s, val_loss: 0.847
Epoch   49/50, time: 11.53 s, val_loss: 0.531
Training Metrics:
Accuracy: 0.9833
Precision: 0.5643
Recall: 0.6523
F1 Score: 0.6051
IoU: 0.4338
Dice Coefficient: 0.6051
Validation Metrics:
Accuracy: 0.9832
Precision: 0.5503
Recall: 0.6331
F1 Score: 0.5888
IoU: 0.4172
Dice Coefficient: 0.5888
Epoch   21/50, time: 31.70 s, val_loss: 0.607
Epoch    9/50, time: 36.82 s, training_loss: 0.839
Epoch    9/50, time: 12.38 s, val_loss: 0.842
Epoch   50/50, time: 57.61 s, training_loss: 0.500
Epoch   50/50, time: 13.34 s, val_loss: 0.503
Epoch   10/50, time: 36.84 s, training_loss: 0.835
Epoch   10/50, time: 12.87 s, val_loss: 0.835
Epoch   22/50, time: 117.95 s, training_loss: 0.374
Epoch   11/50, time: 35.98 s, training_loss: 0.831
Epoch   11/50, time: 11.13 s, val_loss: 0.829
Training Metrics:
Accuracy: 0.9742
Precision: 0.4079
Recall: 0.6926
F1 Score: 0.5134
IoU: 0.3453
Dice Coefficient: 0.5134
Validation Metrics:
Accuracy: 0.9748
Precision: 0.4059
Recall: 0.7116
F1 Score: 0.5169
IoU: 0.3485
Dice Coefficient: 0.5169
Epoch   22/50, time: 33.88 s, val_loss: 0.374
Test Metrics:
Accuracy: 0.9748
Precision: 0.4059
Recall: 0.7116
F1 Score: 0.5169
IoU: 0.3485
Dice Coefficient: 0.5169
[I 2025-08-25 17:34:55,958] Trial 3 finished with value: 0.5168973867784725 and parameters: {'batch_size': 128, 'lr': 0.0003798522656337331, 'loss_fn': 'dice_loss', 'augmentation': True, 'filters_idx': 1, 'in_channels': 100, 'att_channels': 64}. Best is trial 0 with value: 0.6451265202904033.
wandb: Finishing previous runs because reinit is set to True.
wandb:
wandb:
wandb: Run history:
wandb: final_dice ▁
wandb:      trial ▁
wandb:
wandb: Run summary:
wandb: final_dice 0.5169
wandb:      trial 3
wandb:
wandb: 🚀 View run trial_4_bs16_lr2e-05_dice_loss at: https://wandb.ai/sethih10-epfl/Posnet_50epochs_just_aug/runs/90dpwweh
wandb: ⭐️ View project at: https://wandb.ai/sethih10-epfl/Posnet_50epochs_just_aug
wandb: Synced 5 W&B file(s), 0 media file(s), 0 artifact file(s) and 0 other file(s)
wandb: Find logs at: ./wandb/run-20250825_172433-90dpwweh/logs
wandb: Tracking run with wandb version 0.20.1
wandb: Run data is saved locally in /home/sethih1/masque_new/ters_gen/wandb/run-20250825_173455-sxgf8ez0
wandb: Run `wandb offline` to turn off syncing.
wandb: Syncing run trial_5_bs32_lr3e-05_dice_loss
wandb: ⭐️ View project at https://wandb.ai/sethih10-epfl/Posnet_50epochs_just_aug
wandb: 🚀 View run at https://wandb.ai/sethih10-epfl/Posnet_50epochs_just_aug/runs/sxgf8ez0
Training Metrics:
Accuracy: 0.7840
Precision: 0.0692
Recall: 0.8037
F1 Score: 0.1275
IoU: 0.0681
Dice Coefficient: 0.1275
Validation Metrics:
Accuracy: 0.9592
Precision: 0.2810
Recall: 0.7381
F1 Score: 0.4070
IoU: 0.2555
Dice Coefficient: 0.4070
Training Metrics:
Accuracy: 0.8845
Precision: 0.1336
Recall: 0.8902
F1 Score: 0.2323
IoU: 0.1314
Dice Coefficient: 0.2323
Validation Metrics:
Accuracy: 0.8898
Precision: 0.1350
Recall: 0.8894
F1 Score: 0.2344
IoU: 0.1327
Dice Coefficient: 0.2344
Epoch   12/50, time: 40.89 s, training_loss: 0.827
Epoch   12/50, time: 11.96 s, val_loss: 0.828
Epoch   23/50, time: 113.79 s, training_loss: 0.367
Epoch   13/50, time: 35.54 s, training_loss: 0.824
Epoch    1/50, time: 120.10 s, training_loss: 0.918
Epoch   13/50, time: 10.46 s, val_loss: 0.822
Epoch   23/50, time: 35.32 s, val_loss: 0.391
Epoch   22/50, time: 129.15 s, training_loss: 0.661
Epoch    1/50, time: 32.53 s, val_loss: 0.904
Epoch   14/50, time: 33.66 s, training_loss: 0.821
Epoch   14/50, time: 11.09 s, val_loss: 0.819
Epoch   22/50, time: 34.48 s, val_loss: 0.649
Epoch   15/50, time: 39.29 s, training_loss: 0.818
Epoch   15/50, time: 13.45 s, val_loss: 0.819
Epoch   24/50, time: 114.89 s, training_loss: 0.349
Epoch   16/50, time: 36.79 s, training_loss: 0.815
Epoch   16/50, time: 12.17 s, val_loss: 0.815
Epoch   24/50, time: 30.77 s, val_loss: 0.385
Epoch   23/50, time: 125.15 s, training_loss: 0.651
Epoch   17/50, time: 35.71 s, training_loss: 0.812
Epoch   17/50, time: 11.09 s, val_loss: 0.814
Training Metrics:
Accuracy: 0.9010
Precision: 0.1103
Recall: 0.5728
F1 Score: 0.1850
IoU: 0.1020
Dice Coefficient: 0.1850
Validation Metrics:
Accuracy: 0.8524
Precision: 0.1051
Recall: 0.9021
F1 Score: 0.1883
IoU: 0.1039
Dice Coefficient: 0.1883
Epoch   23/50, time: 31.34 s, val_loss: 0.613
Epoch   18/50, time: 38.49 s, training_loss: 0.808
Epoch   18/50, time: 12.74 s, val_loss: 0.810
Epoch   25/50, time: 117.92 s, training_loss: 0.334
Epoch   19/50, time: 39.21 s, training_loss: 0.806
Epoch   19/50, time: 14.50 s, val_loss: 0.807
Epoch   25/50, time: 33.57 s, val_loss: 0.369
Epoch    2/50, time: 113.86 s, training_loss: 0.891
Epoch   24/50, time: 125.25 s, training_loss: 0.637
Epoch   20/50, time: 35.35 s, training_loss: 0.803
Epoch   20/50, time: 11.19 s, val_loss: 0.803
Epoch    2/50, time: 32.85 s, val_loss: 0.881
Epoch   24/50, time: 34.06 s, val_loss: 0.584
Epoch   21/50, time: 39.76 s, training_loss: 0.801
Epoch   21/50, time: 12.45 s, val_loss: 0.800
Epoch   26/50, time: 118.50 s, training_loss: 0.327
Epoch   26/50, time: 31.00 s, val_loss: 0.348
Training Metrics:
Accuracy: 0.9055
Precision: 0.1571
Recall: 0.8732
F1 Score: 0.2662
IoU: 0.1536
Dice Coefficient: 0.2662
Validation Metrics:
Accuracy: 0.9070
Precision: 0.1542
Recall: 0.8698
F1 Score: 0.2619
IoU: 0.1507
Dice Coefficient: 0.2619
Epoch    3/50, time: 119.03 s, training_loss: 0.876
Epoch   25/50, time: 127.47 s, training_loss: 0.635
Epoch   22/50, time: 34.61 s, training_loss: 0.798
Epoch    3/50, time: 33.38 s, val_loss: 0.838
Epoch   22/50, time: 12.47 s, val_loss: 0.798
Epoch   25/50, time: 34.04 s, val_loss: 0.590
Epoch   23/50, time: 34.89 s, training_loss: 0.795
Epoch   23/50, time: 12.88 s, val_loss: 0.800
Epoch   27/50, time: 115.43 s, training_loss: 0.312
Epoch   24/50, time: 37.47 s, training_loss: 0.793
Epoch   27/50, time: 35.92 s, val_loss: 0.315
Epoch   24/50, time: 13.24 s, val_loss: 0.795
Epoch    4/50, time: 117.21 s, training_loss: 0.862
Epoch   25/50, time: 36.07 s, training_loss: 0.790
Epoch    4/50, time: 31.36 s, val_loss: 0.816
Epoch   26/50, time: 125.60 s, training_loss: 0.612
Epoch   25/50, time: 13.52 s, val_loss: 0.794
Epoch   26/50, time: 44.34 s, val_loss: 0.589
Epoch   26/50, time: 39.33 s, training_loss: 0.788
Epoch   26/50, time: 12.32 s, val_loss: 0.793
Epoch   28/50, time: 110.00 s, training_loss: 0.303
Epoch   27/50, time: 35.64 s, training_loss: 0.786
Epoch   28/50, time: 35.75 s, val_loss: 0.373
Epoch   27/50, time: 12.98 s, val_loss: 0.787
Epoch    5/50, time: 116.43 s, training_loss: 0.855
Epoch   28/50, time: 34.51 s, training_loss: 0.784
Epoch    5/50, time: 35.39 s, val_loss: 0.810
Epoch   28/50, time: 11.79 s, val_loss: 0.789
Epoch   27/50, time: 126.15 s, training_loss: 0.599
Epoch   29/50, time: 34.88 s, training_loss: 0.781
Epoch   29/50, time: 11.94 s, val_loss: 0.784
Epoch   27/50, time: 34.48 s, val_loss: 0.576
Epoch   29/50, time: 112.25 s, training_loss: 0.309
Epoch   30/50, time: 37.74 s, training_loss: 0.779
Epoch   29/50, time: 34.31 s, val_loss: 0.316
Epoch   30/50, time: 12.49 s, val_loss: 0.785
Epoch    6/50, time: 128.82 s, training_loss: 0.850
Epoch   31/50, time: 36.54 s, training_loss: 0.777
Epoch   31/50, time: 13.54 s, val_loss: 0.782
Epoch    6/50, time: 35.79 s, val_loss: 0.807
Epoch   28/50, time: 126.76 s, training_loss: 0.589
Epoch   30/50, time: 116.72 s, training_loss: 0.298
Epoch   28/50, time: 30.59 s, val_loss: 0.591
Training Metrics:
Accuracy: 0.9086
Precision: 0.1652
Recall: 0.9021
F1 Score: 0.2792
IoU: 0.1622
Dice Coefficient: 0.2792
Validation Metrics:
Accuracy: 0.9105
Precision: 0.1624
Recall: 0.8945
F1 Score: 0.2750
IoU: 0.1594
Dice Coefficient: 0.2750
Epoch   30/50, time: 33.57 s, val_loss: 0.312
Epoch   32/50, time: 34.76 s, training_loss: 0.776
Epoch   32/50, time: 15.56 s, val_loss: 0.778
Epoch    7/50, time: 118.92 s, training_loss: 0.845
Epoch   33/50, time: 35.95 s, training_loss: 0.773
Epoch   33/50, time: 12.22 s, val_loss: 0.776
Epoch    7/50, time: 34.86 s, val_loss: 0.791
Epoch   29/50, time: 126.20 s, training_loss: 0.567
Epoch   34/50, time: 34.73 s, training_loss: 0.771
Epoch   31/50, time: 114.36 s, training_loss: 0.290
Epoch   34/50, time: 11.69 s, val_loss: 0.773
Epoch   29/50, time: 32.05 s, val_loss: 0.566
Epoch   31/50, time: 33.27 s, val_loss: 0.354
Epoch   35/50, time: 36.10 s, training_loss: 0.770
Epoch   35/50, time: 12.92 s, val_loss: 0.775
Epoch    8/50, time: 125.14 s, training_loss: 0.842
Epoch   36/50, time: 39.20 s, training_loss: 0.768
Epoch   36/50, time: 13.21 s, val_loss: 0.771
Epoch    8/50, time: 34.44 s, val_loss: 0.802
Epoch   30/50, time: 116.88 s, training_loss: 0.560
Epoch   37/50, time: 36.73 s, training_loss: 0.766
Epoch   37/50, time: 12.57 s, val_loss: 0.767
Epoch   30/50, time: 33.76 s, val_loss: 0.580
Epoch   38/50, time: 41.44 s, training_loss: 0.765
Training Metrics:
Accuracy: 0.9869
Precision: 0.6506
Recall: 0.7141
F1 Score: 0.6809
IoU: 0.5162
Dice Coefficient: 0.6809
Validation Metrics:
Accuracy: 0.9862
Precision: 0.6276
Recall: 0.6746
F1 Score: 0.6503
IoU: 0.4818
Dice Coefficient: 0.6503
Epoch   38/50, time: 12.89 s, val_loss: 0.765
Epoch    9/50, time: 121.55 s, training_loss: 0.836
Epoch   39/50, time: 36.65 s, training_loss: 0.763
Epoch   39/50, time: 11.38 s, val_loss: 0.765
Epoch    9/50, time: 36.79 s, val_loss: 0.790
Epoch   31/50, time: 122.04 s, training_loss: 0.548
Epoch   40/50, time: 36.76 s, training_loss: 0.760
Epoch   40/50, time: 11.07 s, val_loss: 0.761
Epoch   31/50, time: 33.43 s, val_loss: 0.551
Epoch   32/50, time: 119.08 s, training_loss: 0.292
Epoch   41/50, time: 37.22 s, training_loss: 0.759
Epoch   41/50, time: 13.35 s, val_loss: 0.763
Epoch   32/50, time: 34.44 s, val_loss: 0.337
Epoch   10/50, time: 119.21 s, training_loss: 0.834
Training Metrics:
Accuracy: 0.9137
Precision: 0.1728
Recall: 0.8973
F1 Score: 0.2897
IoU: 0.1694
Dice Coefficient: 0.2897
Validation Metrics:
Accuracy: 0.9165
Precision: 0.1715
Recall: 0.8872
F1 Score: 0.2874
IoU: 0.1678
Dice Coefficient: 0.2874
Epoch   10/50, time: 34.43 s, val_loss: 0.795
Epoch   42/50, time: 34.72 s, training_loss: 0.758
Epoch   42/50, time: 13.14 s, val_loss: 0.761
Epoch   33/50, time: 115.16 s, training_loss: 0.291
Epoch   33/50, time: 32.67 s, val_loss: 0.353
Training Metrics:
Accuracy: 0.9765
Precision: 0.4205
Recall: 0.5234
F1 Score: 0.4663
IoU: 0.3041
Dice Coefficient: 0.4663
Validation Metrics:
Accuracy: 0.9774
Precision: 0.4220
Recall: 0.5233
F1 Score: 0.4673
IoU: 0.3048
Dice Coefficient: 0.4673
Epoch   43/50, time: 36.75 s, training_loss: 0.756
Epoch   43/50, time: 12.72 s, val_loss: 0.756
Epoch   11/50, time: 119.52 s, training_loss: 0.829
Epoch   44/50, time: 36.50 s, training_loss: 0.755
Epoch   44/50, time: 11.57 s, val_loss: 0.757
Epoch   11/50, time: 35.36 s, val_loss: 0.790
Epoch   45/50, time: 35.26 s, training_loss: 0.753
Epoch   45/50, time: 11.31 s, val_loss: 0.751
Epoch   34/50, time: 117.58 s, training_loss: 0.278
Epoch   32/50, time: 120.30 s, training_loss: 0.533
Epoch   46/50, time: 35.49 s, training_loss: 0.751
Epoch   34/50, time: 31.97 s, val_loss: 0.293
Epoch   32/50, time: 33.29 s, val_loss: 0.559
Epoch   46/50, time: 14.13 s, val_loss: 0.751
Epoch   47/50, time: 40.27 s, training_loss: 0.750
Epoch   47/50, time: 14.21 s, val_loss: 0.750
Epoch   48/50, time: 36.28 s, training_loss: 0.749
Epoch   48/50, time: 12.92 s, val_loss: 0.748
Epoch   35/50, time: 114.87 s, training_loss: 0.286
Training Metrics:
Accuracy: 0.7140
Precision: 0.0590
Recall: 0.9075
F1 Score: 0.1108
IoU: 0.0586
Dice Coefficient: 0.1108
Validation Metrics:
Accuracy: 0.9139
Precision: 0.1646
Recall: 0.8679
F1 Score: 0.2767
IoU: 0.1606
Dice Coefficient: 0.2767
Epoch   33/50, time: 131.31 s, training_loss: 0.534
Epoch   35/50, time: 31.20 s, val_loss: 0.301
Epoch   49/50, time: 37.38 s, training_loss: 0.747
Epoch   49/50, time: 11.99 s, val_loss: 0.748
Epoch   33/50, time: 31.87 s, val_loss: 0.526
Epoch   50/50, time: 41.58 s, training_loss: 0.745
Epoch   50/50, time: 14.11 s, val_loss: 0.745
Epoch   12/50, time: 118.99 s, training_loss: 0.825
Epoch   36/50, time: 116.59 s, training_loss: 0.266
Epoch   12/50, time: 34.46 s, val_loss: 0.777
Training Metrics:
Accuracy: 0.9155
Precision: 0.1771
Recall: 0.9064
F1 Score: 0.2964
IoU: 0.1740
Dice Coefficient: 0.2964
Validation Metrics:
Accuracy: 0.9194
Precision: 0.1778
Recall: 0.8961
F1 Score: 0.2968
IoU: 0.1742
Dice Coefficient: 0.2968
Epoch   34/50, time: 119.88 s, training_loss: 0.503
Epoch   36/50, time: 31.09 s, val_loss: 0.315
Test Metrics:
Accuracy: 0.9194
Precision: 0.1778
Recall: 0.8961
F1 Score: 0.2968
IoU: 0.1742
Dice Coefficient: 0.2968
[I 2025-08-25 18:12:19,327] Trial 4 finished with value: 0.2967681454233856 and parameters: {'batch_size': 16, 'lr': 1.5185176098757488e-05, 'loss_fn': 'dice_loss', 'augmentation': True, 'filters_idx': 0, 'in_channels': 100, 'att_channels': 16}. Best is trial 0 with value: 0.6451265202904033.
wandb: Finishing previous runs because reinit is set to True.
wandb: uploading history steps 0-0, summary, console lines 295-303
wandb:
wandb:
wandb: Run history:
wandb: final_dice ▁
wandb:      trial ▁
wandb:
wandb: Run summary:
wandb: final_dice 0.29677
wandb:      trial 4
wandb:
wandb: 🚀 View run trial_5_bs32_lr3e-05_dice_loss at: https://wandb.ai/sethih10-epfl/Posnet_50epochs_just_aug/runs/sxgf8ez0
wandb: ⭐️ View project at: https://wandb.ai/sethih10-epfl/Posnet_50epochs_just_aug
wandb: Synced 5 W&B file(s), 0 media file(s), 0 artifact file(s) and 0 other file(s)
wandb: Find logs at: ./wandb/run-20250825_173455-sxgf8ez0/logs
wandb: Tracking run with wandb version 0.20.1
wandb: Run data is saved locally in /home/sethih1/masque_new/ters_gen/wandb/run-20250825_181219-jz1mo89a
wandb: Run `wandb offline` to turn off syncing.
wandb: Syncing run trial_6_bs32_lr3e-04_dice_loss
wandb: ⭐️ View project at https://wandb.ai/sethih10-epfl/Posnet_50epochs_just_aug
wandb: 🚀 View run at https://wandb.ai/sethih10-epfl/Posnet_50epochs_just_aug/runs/jz1mo89a
Epoch   34/50, time: 32.78 s, val_loss: 0.508
Epoch    1/50, time: 37.85 s, training_loss: 0.902
Epoch    1/50, time: 12.13 s, val_loss: 0.944
Epoch   13/50, time: 129.12 s, training_loss: 0.823
Epoch   37/50, time: 117.00 s, training_loss: 0.263
Training Metrics:
Accuracy: 0.2626
Precision: 0.0259
Recall: 1.0000
F1 Score: 0.0505
IoU: 0.0259
Dice Coefficient: 0.0505
Validation Metrics:
Accuracy: 0.3608
Precision: 0.0288
Recall: 1.0000
F1 Score: 0.0560
IoU: 0.0288
Dice Coefficient: 0.0560
Epoch   13/50, time: 34.47 s, val_loss: 0.777
Epoch   37/50, time: 31.30 s, val_loss: 0.312
Epoch   35/50, time: 123.75 s, training_loss: 0.489
Epoch    2/50, time: 39.82 s, training_loss: 0.866
Epoch    2/50, time: 13.10 s, val_loss: 0.866
Epoch   35/50, time: 31.42 s, val_loss: 0.506
Epoch    3/50, time: 42.83 s, training_loss: 0.843
Epoch    3/50, time: 13.61 s, val_loss: 0.858
Epoch   38/50, time: 115.21 s, training_loss: 0.267
Epoch   14/50, time: 123.86 s, training_loss: 0.819
Epoch    4/50, time: 35.47 s, training_loss: 0.824
Epoch    4/50, time: 11.81 s, val_loss: 0.816
Epoch   38/50, time: 30.97 s, val_loss: 0.280
Epoch   14/50, time: 33.45 s, val_loss: 0.779
Epoch   36/50, time: 127.83 s, training_loss: 0.488
Epoch    5/50, time: 36.90 s, training_loss: 0.808
Epoch    5/50, time: 12.67 s, val_loss: 0.803
Epoch   36/50, time: 32.74 s, val_loss: 0.485
Epoch    6/50, time: 43.14 s, training_loss: 0.792
Epoch    6/50, time: 13.39 s, val_loss: 0.813
Epoch   39/50, time: 115.55 s, training_loss: 0.256
Epoch   15/50, time: 116.32 s, training_loss: 0.817
Epoch    7/50, time: 40.27 s, training_loss: 0.775
Epoch    7/50, time: 12.28 s, val_loss: 0.738
Epoch   39/50, time: 32.54 s, val_loss: 0.299
Epoch   15/50, time: 33.14 s, val_loss: 0.771
Epoch   37/50, time: 121.23 s, training_loss: 0.475
Epoch    8/50, time: 35.85 s, training_loss: 0.755
Epoch    8/50, time: 12.32 s, val_loss: 0.760
Epoch   37/50, time: 30.98 s, val_loss: 0.503
Epoch    9/50, time: 41.28 s, training_loss: 0.731
Epoch    9/50, time: 13.44 s, val_loss: 0.712
Epoch   40/50, time: 117.18 s, training_loss: 0.249
Epoch   16/50, time: 119.18 s, training_loss: 0.813
Epoch   10/50, time: 38.59 s, training_loss: 0.699
Epoch   40/50, time: 32.14 s, val_loss: 0.308
Epoch   10/50, time: 12.67 s, val_loss: 0.696
Epoch   16/50, time: 33.26 s, val_loss: 0.767
Epoch   38/50, time: 129.03 s, training_loss: 0.470
Epoch   11/50, time: 39.05 s, training_loss: 0.676
Epoch   11/50, time: 12.85 s, val_loss: 0.694
Epoch   38/50, time: 33.80 s, val_loss: 0.504
Epoch   41/50, time: 114.74 s, training_loss: 0.251
Training Metrics:
Accuracy: 0.8621
Precision: 0.1032
Recall: 0.7833
F1 Score: 0.1823
IoU: 0.1003
Dice Coefficient: 0.1823
Validation Metrics:
Accuracy: 0.8480
Precision: 0.0917
Recall: 0.7876
F1 Score: 0.1643
IoU: 0.0895
Dice Coefficient: 0.1643
Epoch   17/50, time: 118.37 s, training_loss: 0.812
Epoch   41/50, time: 33.22 s, val_loss: 0.292
Epoch   12/50, time: 36.14 s, training_loss: 0.646
Epoch   17/50, time: 33.87 s, val_loss: 0.760
Epoch   12/50, time: 13.15 s, val_loss: 0.601
Epoch   39/50, time: 123.93 s, training_loss: 0.461
Epoch   13/50, time: 39.70 s, training_loss: 0.623
Epoch   13/50, time: 12.90 s, val_loss: 0.641
Epoch   39/50, time: 34.26 s, val_loss: 0.474
Epoch   14/50, time: 36.96 s, training_loss: 0.585
Epoch   14/50, time: 14.16 s, val_loss: 0.560
Epoch   18/50, time: 117.55 s, training_loss: 0.809
Epoch   15/50, time: 36.67 s, training_loss: 0.553
Epoch   18/50, time: 33.31 s, val_loss: 0.771
Training Metrics:
Accuracy: 0.9901
Precision: 0.7352
Recall: 0.7780
F1 Score: 0.7560
IoU: 0.6077
Dice Coefficient: 0.7560
Validation Metrics:
Accuracy: 0.9887
Precision: 0.6938
Recall: 0.7240
F1 Score: 0.7086
IoU: 0.5487
Dice Coefficient: 0.7086
Epoch   15/50, time: 11.90 s, val_loss: 0.577
Epoch   40/50, time: 123.95 s, training_loss: 0.443
Epoch   16/50, time: 36.95 s, training_loss: 0.522
Epoch   16/50, time: 12.57 s, val_loss: 0.489
Epoch   40/50, time: 33.96 s, val_loss: 0.465
Epoch   17/50, time: 41.62 s, training_loss: 0.500
Epoch   17/50, time: 12.25 s, val_loss: 0.459
Epoch   42/50, time: 111.33 s, training_loss: 0.247
Epoch   19/50, time: 124.51 s, training_loss: 0.805
Epoch   42/50, time: 31.25 s, val_loss: 0.326
Epoch   18/50, time: 38.86 s, training_loss: 0.476
Epoch   19/50, time: 32.85 s, val_loss: 0.763
Epoch   18/50, time: 13.02 s, val_loss: 0.477
Epoch   41/50, time: 126.77 s, training_loss: 0.438
Epoch   19/50, time: 38.82 s, training_loss: 0.457
Epoch   19/50, time: 12.99 s, val_loss: 0.482
Epoch   41/50, time: 33.92 s, val_loss: 0.471
Epoch   20/50, time: 37.65 s, training_loss: 0.443
Epoch   43/50, time: 114.66 s, training_loss: 0.250
Epoch   20/50, time: 12.68 s, val_loss: 0.425
Epoch   20/50, time: 120.79 s, training_loss: 0.803
Epoch   43/50, time: 33.05 s, val_loss: 0.279
Epoch   21/50, time: 37.89 s, training_loss: 0.430
Epoch   20/50, time: 33.68 s, val_loss: 0.754
Epoch   21/50, time: 12.77 s, val_loss: 0.404
Training Metrics:
Accuracy: 0.9512
Precision: 0.2492
Recall: 0.7393
F1 Score: 0.3728
IoU: 0.2291
Dice Coefficient: 0.3728
Validation Metrics:
Accuracy: 0.9437
Precision: 0.2154
Recall: 0.7447
F1 Score: 0.3342
IoU: 0.2006
Dice Coefficient: 0.3342
Epoch   44/50, time: 110.90 s, training_loss: 0.243
Training Metrics:
Accuracy: 0.9811
Precision: 0.5148
Recall: 0.6445
F1 Score: 0.5724
IoU: 0.4010
Dice Coefficient: 0.5724
Validation Metrics:
Accuracy: 0.9806
Precision: 0.4914
Recall: 0.6020
F1 Score: 0.5411
IoU: 0.3709
Dice Coefficient: 0.5411
Epoch   21/50, time: 119.22 s, training_loss: 0.799
Epoch   22/50, time: 40.47 s, training_loss: 0.403
Epoch   44/50, time: 31.89 s, val_loss: 0.303
Epoch   22/50, time: 12.79 s, val_loss: 0.379
Epoch   21/50, time: 35.29 s, val_loss: 0.755
Epoch   23/50, time: 40.44 s, training_loss: 0.382
Epoch   23/50, time: 15.31 s, val_loss: 0.395
Epoch   42/50, time: 121.76 s, training_loss: 0.439
Epoch   24/50, time: 37.46 s, training_loss: 0.367
Epoch   24/50, time: 11.78 s, val_loss: 0.409
Epoch   45/50, time: 119.08 s, training_loss: 0.238
Epoch   42/50, time: 32.46 s, val_loss: 0.479
Epoch   45/50, time: 32.98 s, val_loss: 0.296
Epoch   25/50, time: 39.63 s, training_loss: 0.358
Epoch   25/50, time: 12.31 s, val_loss: 0.363
Training Metrics:
Accuracy: 0.7313
Precision: 0.0629
Recall: 0.9138
F1 Score: 0.1178
IoU: 0.0626
Dice Coefficient: 0.1178
Validation Metrics:
Accuracy: 0.9205
Precision: 0.1787
Recall: 0.8873
F1 Score: 0.2975
IoU: 0.1747
Dice Coefficient: 0.2975
Epoch   26/50, time: 37.58 s, training_loss: 0.361
Epoch   26/50, time: 12.66 s, val_loss: 0.454
Epoch   43/50, time: 123.37 s, training_loss: 0.428
Epoch   27/50, time: 37.06 s, training_loss: 0.361
Epoch   27/50, time: 12.17 s, val_loss: 0.345
Epoch   46/50, time: 122.13 s, training_loss: 0.241
Epoch   43/50, time: 30.59 s, val_loss: 0.446
Epoch   28/50, time: 37.33 s, training_loss: 0.334
Epoch   46/50, time: 33.12 s, val_loss: 0.292
Epoch   28/50, time: 12.36 s, val_loss: 0.320
Epoch   22/50, time: 116.14 s, training_loss: 0.797
Epoch   29/50, time: 37.43 s, training_loss: 0.331
Epoch   22/50, time: 35.57 s, val_loss: 0.751
Epoch   29/50, time: 12.96 s, val_loss: 0.321
Epoch   44/50, time: 121.52 s, training_loss: 0.425
Epoch   30/50, time: 41.63 s, training_loss: 0.319
Epoch   30/50, time: 11.68 s, val_loss: 0.389
Epoch   47/50, time: 118.44 s, training_loss: 0.235
Epoch   44/50, time: 32.36 s, val_loss: 0.472
Epoch   31/50, time: 36.12 s, training_loss: 0.315
Epoch   47/50, time: 33.89 s, val_loss: 0.312
Epoch   31/50, time: 13.13 s, val_loss: 0.319
Epoch   23/50, time: 116.41 s, training_loss: 0.796
Epoch   23/50, time: 34.71 s, val_loss: 0.756
Training Metrics:
Accuracy: 0.9862
Precision: 0.6225
Recall: 0.7573
F1 Score: 0.6833
IoU: 0.5190
Dice Coefficient: 0.6833
Validation Metrics:
Accuracy: 0.9871
Precision: 0.6351
Recall: 0.7539
F1 Score: 0.6894
IoU: 0.5260
Dice Coefficient: 0.6894
Epoch   45/50, time: 129.94 s, training_loss: 0.416
Epoch   32/50, time: 36.73 s, training_loss: 0.308
Epoch   48/50, time: 121.25 s, training_loss: 0.229
Epoch   32/50, time: 11.24 s, val_loss: 0.324
Epoch   45/50, time: 32.73 s, val_loss: 0.467
Epoch   48/50, time: 32.26 s, val_loss: 0.279
Epoch   24/50, time: 114.14 s, training_loss: 0.793
Epoch   33/50, time: 37.25 s, training_loss: 0.305
Epoch   33/50, time: 12.34 s, val_loss: 0.313
Epoch   24/50, time: 35.35 s, val_loss: 0.738
Epoch   34/50, time: 38.48 s, training_loss: 0.318
Epoch   34/50, time: 15.10 s, val_loss: 0.307
Epoch   46/50, time: 120.30 s, training_loss: 0.411
Epoch   35/50, time: 41.19 s, training_loss: 0.290
Epoch   49/50, time: 114.19 s, training_loss: 0.225
Epoch   35/50, time: 11.35 s, val_loss: 0.303
Epoch   46/50, time: 34.45 s, val_loss: 0.444
Epoch   49/50, time: 32.20 s, val_loss: 0.276
Epoch   25/50, time: 117.84 s, training_loss: 0.789
Epoch   36/50, time: 37.53 s, training_loss: 0.303
Epoch   36/50, time: 12.74 s, val_loss: 0.389
Epoch   25/50, time: 33.86 s, val_loss: 0.731
Epoch   37/50, time: 40.93 s, training_loss: 0.287
Epoch   37/50, time: 15.51 s, val_loss: 0.322
Epoch   47/50, time: 123.44 s, training_loss: 0.399
Epoch   50/50, time: 115.31 s, training_loss: 0.227
Epoch   38/50, time: 40.33 s, training_loss: 0.282
Epoch   38/50, time: 12.80 s, val_loss: 0.324
Epoch   47/50, time: 31.03 s, val_loss: 0.440
Epoch   50/50, time: 32.53 s, val_loss: 0.288
Epoch   26/50, time: 122.26 s, training_loss: 0.787
Epoch   39/50, time: 39.03 s, training_loss: 0.302
Epoch   39/50, time: 12.97 s, val_loss: 0.312
Epoch   26/50, time: 36.67 s, val_loss: 0.739
Epoch   40/50, time: 40.17 s, training_loss: 0.286
Epoch   40/50, time: 13.93 s, val_loss: 0.320
Epoch   48/50, time: 123.59 s, training_loss: 0.393
Epoch   41/50, time: 37.96 s, training_loss: 0.287
Epoch   41/50, time: 12.65 s, val_loss: 0.264
Epoch   48/50, time: 31.92 s, val_loss: 0.479
Training Metrics:
Accuracy: 0.9901
Precision: 0.7158
Recall: 0.8196
F1 Score: 0.7642
IoU: 0.6184
Dice Coefficient: 0.7642
Validation Metrics:
Accuracy: 0.9887
Precision: 0.6789
Recall: 0.7646
F1 Score: 0.7192
IoU: 0.5615
Dice Coefficient: 0.7192
Epoch   27/50, time: 120.40 s, training_loss: 0.784
Epoch   27/50, time: 32.81 s, val_loss: 0.735
Test Metrics:
Accuracy: 0.9887
Precision: 0.6789
Recall: 0.7646
F1 Score: 0.7192
IoU: 0.5615
Dice Coefficient: 0.7192
