Epoch   12/50, time: 50.29 s, training_loss: 0.715
Epoch   30/50, time: 18.37 s, val_loss: 0.501
Epoch   12/50, time: 21.15 s, val_loss: 0.701
Epoch   41/50, time: 47.87 s, training_loss: 0.240
Epoch   41/50, time: 14.94 s, val_loss: 0.278
Epoch   31/50, time: 56.87 s, training_loss: 0.449
Epoch    1/50, time: 74.65 s, training_loss: 0.894
Epoch   13/50, time: 47.90 s, training_loss: 0.701
Epoch   31/50, time: 13.83 s, val_loss: 0.456
Epoch    1/50, time: 15.83 s, val_loss: 0.947
Epoch   13/50, time: 14.60 s, val_loss: 0.690
Epoch   14/50, time: 44.51 s, training_loss: 0.687
Training Metrics:
Accuracy: 0.9903
Precision: 0.7379
Recall: 0.7831
F1 Score: 0.7598
IoU: 0.6127
Dice Coefficient: 0.7598
Validation Metrics:
Accuracy: 0.9895
Precision: 0.7142
Recall: 0.7437
F1 Score: 0.7286
IoU: 0.5731
Dice Coefficient: 0.7286
Epoch   14/50, time: 13.38 s, val_loss: 0.681
Training Metrics:
Accuracy: 0.9186
Precision: 0.1598
Recall: 0.7393
F1 Score: 0.2628
IoU: 0.1513
Dice Coefficient: 0.2628
Validation Metrics:
Accuracy: 0.9114
Precision: 0.1403
Recall: 0.7156
F1 Score: 0.2345
IoU: 0.1328
Dice Coefficient: 0.2345
Epoch   42/50, time: 37.98 s, training_loss: 0.227
Training Metrics:
Accuracy: 0.9726
Precision: 0.1647
Recall: 0.0978
F1 Score: 0.1227
IoU: 0.0654
Dice Coefficient: 0.1227
Validation Metrics:
Accuracy: 0.9652
Precision: 0.1628
Recall: 0.2021
F1 Score: 0.1803
IoU: 0.0991
Dice Coefficient: 0.1803
Epoch   42/50, time: 14.42 s, val_loss: 0.266
Epoch   15/50, time: 51.74 s, training_loss: 0.673
Epoch   32/50, time: 48.40 s, training_loss: 0.448
Epoch   15/50, time: 15.73 s, val_loss: 0.668
Epoch   32/50, time: 14.70 s, val_loss: 0.446
Epoch   43/50, time: 41.07 s, training_loss: 0.236
Epoch    2/50, time: 60.40 s, training_loss: 0.848
Epoch   43/50, time: 17.00 s, val_loss: 0.260
Epoch    2/50, time: 13.43 s, val_loss: 0.882
Epoch   16/50, time: 48.77 s, training_loss: 0.659
Epoch   16/50, time: 14.14 s, val_loss: 0.646
Epoch   33/50, time: 52.97 s, training_loss: 0.419
Epoch   44/50, time: 44.96 s, training_loss: 0.231
Epoch   33/50, time: 15.67 s, val_loss: 0.480
Epoch   44/50, time: 14.34 s, val_loss: 0.252
Epoch    3/50, time: 67.09 s, training_loss: 0.827
Epoch   17/50, time: 47.58 s, training_loss: 0.647
Epoch    3/50, time: 16.01 s, val_loss: 0.884
Epoch   17/50, time: 15.27 s, val_loss: 0.633
Epoch   45/50, time: 39.79 s, training_loss: 0.231
Epoch   34/50, time: 49.51 s, training_loss: 0.417
Epoch   45/50, time: 13.80 s, val_loss: 0.256
Epoch   34/50, time: 14.25 s, val_loss: 0.387
Epoch   18/50, time: 46.22 s, training_loss: 0.634
Epoch    4/50, time: 58.99 s, training_loss: 0.812
Epoch   46/50, time: 37.56 s, training_loss: 0.229
Epoch   18/50, time: 13.78 s, val_loss: 0.639
Epoch   35/50, time: 45.35 s, training_loss: 0.393
Epoch    4/50, time: 13.07 s, val_loss: 0.839
Epoch   46/50, time: 14.01 s, val_loss: 0.262
Epoch   35/50, time: 15.01 s, val_loss: 0.408
Epoch   19/50, time: 50.84 s, training_loss: 0.610
Epoch   47/50, time: 42.85 s, training_loss: 0.216
Epoch   19/50, time: 13.22 s, val_loss: 0.588
Epoch   47/50, time: 13.01 s, val_loss: 0.254
Epoch   36/50, time: 49.02 s, training_loss: 0.396
Epoch    5/50, time: 61.48 s, training_loss: 0.805
Epoch    5/50, time: 15.96 s, val_loss: 0.825
Epoch   36/50, time: 18.62 s, val_loss: 0.406
Epoch   48/50, time: 46.68 s, training_loss: 0.215
Epoch   20/50, time: 56.04 s, training_loss: 0.587
Epoch   48/50, time: 15.73 s, val_loss: 0.246
Epoch   20/50, time: 14.61 s, val_loss: 0.573
Epoch   37/50, time: 49.89 s, training_loss: 0.385
Epoch    6/50, time: 67.84 s, training_loss: 0.792
Epoch   37/50, time: 18.15 s, val_loss: 0.389
Epoch    6/50, time: 21.04 s, val_loss: 0.813
Epoch   49/50, time: 50.02 s, training_loss: 0.216
Epoch   49/50, time: 14.16 s, val_loss: 0.250
Epoch   21/50, time: 61.77 s, training_loss: 0.569
Epoch   38/50, time: 54.08 s, training_loss: 0.375
Epoch   21/50, time: 13.85 s, val_loss: 0.569
Epoch   38/50, time: 16.45 s, val_loss: 0.431
Epoch   50/50, time: 36.74 s, training_loss: 0.210
Epoch    7/50, time: 62.31 s, training_loss: 0.786
Epoch   50/50, time: 14.56 s, val_loss: 0.240
Epoch    7/50, time: 14.33 s, val_loss: 0.788
Epoch   39/50, time: 46.91 s, training_loss: 0.384
Epoch   39/50, time: 12.90 s, val_loss: 0.517
Training Metrics:
Accuracy: 0.9700
Precision: 0.3586
Recall: 0.6702
F1 Score: 0.4673
IoU: 0.3049
Dice Coefficient: 0.4673
Validation Metrics:
Accuracy: 0.9706
Precision: 0.3563
Recall: 0.6847
F1 Score: 0.4687
IoU: 0.3060
Dice Coefficient: 0.4687
Epoch    8/50, time: 57.45 s, training_loss: 0.778
Training Metrics:
Accuracy: 0.9917
Precision: 0.7597
Recall: 0.8416
F1 Score: 0.7985
IoU: 0.6646
Dice Coefficient: 0.7985
Validation Metrics:
Accuracy: 0.9905
Precision: 0.7273
Recall: 0.7989
F1 Score: 0.7614
IoU: 0.6148
Dice Coefficient: 0.7614
Epoch    8/50, time: 14.13 s, val_loss: 0.793
Epoch   40/50, time: 44.04 s, training_loss: 0.380
Test Metrics:
Accuracy: 0.9905
Precision: 0.7273
Recall: 0.7989
F1 Score: 0.7614
IoU: 0.6148
Dice Coefficient: 0.7614
[I 2025-08-26 05:57:32,469] Trial 38 finished with value: 0.7614358979763635 and parameters: {'batch_size': 16, 'lr': 0.00012661116961626033, 'loss_fn': 'dice_loss', 'augmentation': True, 'filters_idx': 3, 'in_channels': 100, 'att_channels': 16}. Best is trial 30 with value: 0.7679260845489291.
wandb: Finishing previous runs because reinit is set to True.
