Job started at Mon Jun 23 13:00:11 EEST 2025
Running on host milan3.int.triton.aalto.fi
Using 32 CPUs
Using 128 CPUs...
Screened 2000 molecules...
Screened 3900 molecules...
Screened 11700 molecules...
Screened 12300 molecules...
Request failed for CID 51908: HTTPSConnectionPool(host='69.12.4.38', port=443): Read timed out. (read timeout=10)
Screened 36700 molecules...
Screened 59400 molecules...
Screened 64900 molecules...
Screened 10800 molecules...
Screened 14600 molecules...
Request failed for CID 149504: HTTPSConnectionPool(host='69.12.4.38', port=443): Read timed out. (read timeout=10)
Screened 37800 molecules...
Screened 45100 molecules...
Screened 64400 molecules...
Screened 71300 molecules...
Screened 2700 molecules...
Screened 6000 molecules...
Screened 13600 molecules...
Screened 18900 molecules...
Screened 22700 molecules...
Request failed for CID 48429: HTTPSConnectionPool(host='69.12.4.38', port=443): Read timed out. (read timeout=10)
Screened 41300 molecules...
Screened 48700 molecules...
Screened 49200 molecules...
Screened 58700 molecules...
Screened 71600 molecules...
Screened 76000 molecules...
Screened 92500 molecules...
Screened 5000 molecules...
Screened 32500 molecules...
Request failed for CID 90443: HTTPSConnectionPool(host='69.12.4.38', port=443): Read timed out. (read timeout=10)
Screened 42400 molecules...
Screened 65200 molecules...
Screened 84500 molecules...
Screened 90200 molecules...
Screened 92700 molecules...
Screened 93200 molecules...
Screened 10600 molecules...
Screened 14400 molecules...
Screened 15800 molecules...
Screened 22900 molecules...
Screened 28700 molecules...
Screened 37700 molecules...
Screened 55700 molecules...
Screened 60800 molecules...
Screened 62200 molecules...
Screened 90100 molecules...
Screened 90600 molecules...
Screened 91100 molecules...
Screened 6100 molecules...
Screened 20400 molecules...
Screened 21800 molecules...
Screened 26400 molecules...
Request failed for CID 76350: HTTPSConnectionPool(host='69.12.4.38', port=443): Read timed out. (read timeout=10)
Screened 36900 molecules...
Screened 55200 molecules...
Screened 75400 molecules...
Screened 82200 molecules...
Screened 11600 molecules...
Screened 17700 molecules...
Request failed for CID 13086: HTTPSConnectionPool(host='69.12.4.38', port=443): Read timed out. (read timeout=10)
Screened 41600 molecules...
Screened 58500 molecules...
Screened 65000 molecules...
Screened 71400 molecules...
Screened 21600 molecules...
Screened 24800 molecules...
Request failed for CID 191930: HTTPSConnectionPool(host='69.12.4.38', port=443): Read timed out. (read timeout=10)
Screened 36400 molecules...
Screened 65900 molecules...
Screened 68200 molecules...
Screened 79200 molecules...
Screened 80700 molecules...
Screened 89500 molecules...
Screened 93000 molecules...
Screened 28100 molecules...
Request failed for CID 97202: HTTPSConnectionPool(host='69.12.4.38', port=443): Read timed out. (read timeout=10)
Screened 37900 molecules...
Screened 41500 molecules...
Screened 43700 molecules...
Screened 15300 molecules...
Screened 23300 molecules...
Request failed for CID 60427: HTTPSConnectionPool(host='69.12.4.38', port=443): Read timed out. (read timeout=10)
Screened 35700 molecules...
Screened 38000 molecules...
Screened 41700 molecules...
Screened 56000 molecules...
Screened 78400 molecules...
Screened 86200 molecules...
Screened 91800 molecules...
Screened 92300 molecules...
Screened 92800 molecules...
Screened 93300 molecules...
Screened 6400 molecules...
Screened 25600 molecules...
Screened 57400 molecules...
Screened 61500 molecules...
Screened 84600 molecules...
Screened 85100 molecules...
Screened 88200 molecules...
Screened 88700 molecules...
Screened 91700 molecules...
Screened 1600 molecules...
Screened 6800 molecules...
Screened 13900 molecules...
Screened 42000 molecules...
Screened 47600 molecules...
Screened 52600 molecules...
Screened 58900 molecules...
Screened 66600 molecules...
Screened 71200 molecules...
Screened 72800 molecules...
Screened 80000 molecules...
Screened 3800 molecules...
Screened 24600 molecules...
Request failed for CID 4882: HTTPSConnectionPool(host='69.12.4.38', port=443): Read timed out. (read timeout=10)
Screened 50100 molecules...
Screened 56900 molecules...
Screened 71500 molecules...
Screened 76900 molecules...
Screened 83500 molecules...
Screened 38400 molecules...
Screened 43500 molecules...
Screened 54900 molecules...
Screened 61300 molecules...
Screened 62700 molecules...
Screened 70500 molecules...
Screened 74300 molecules...
Screened 6600 molecules...
Screened 9400 molecules...
Screened 27300 molecules...
Request failed for CID 56053: HTTPSConnectionPool(host='69.12.4.38', port=443): Read timed out. (read timeout=10)
Screened 40800 molecules...
Screened 45900 molecules...
Screened 60500 molecules...
Screened 69300 molecules...
Screened 70700 molecules...
Screened 72200 molecules...
Screened 73600 molecules...
Screened 78000 molecules...
Screened 32400 molecules...
Request failed for CID 205955: HTTPSConnectionPool(host='69.12.4.38', port=443): Read timed out. (read timeout=10)
Screened 40900 molecules...
Screened 47800 molecules...
Screened 60700 molecules...
Screened 66400 molecules...
Screened 70400 molecules...
Screened 87700 molecules...
Screened 92000 molecules...
Screened 10100 molecules...
Screened 12000 molecules...
Screened 19500 molecules...
Screened 23700 molecules...
Screened 28800 molecules...
Request failed for CID 136371: HTTPSConnectionPool(host='69.12.4.38', port=443): Read timed out. (read timeout=10)
Screened 35300 molecules...
Screened 40400 molecules...
Screened 92600 molecules...
Screened 1200 molecules...
Screened 9600 molecules...
Screened 14100 molecules...
Screened 16000 molecules...
Screened 21000 molecules...
Screened 24200 molecules...
Screened 35500 molecules...
Screened 53200 molecules...
Screened 54600 molecules...
Screened 58600 molecules...
Screened 76400 molecules...
Screened 89100 molecules...
Screened 19100 molecules...
Request failed for CID 206603: HTTPSConnectionPool(host='69.12.4.38', port=443): Read timed out. (read timeout=10)
Screened 36600 molecules...
Screened 51800 molecules...
Screened 55500 molecules...
Screened 88300 molecules...
Screened 5800 molecules...
Screened 17900 molecules...
Request failed for CID 190151: HTTPSConnectionPool(host='69.12.4.38', port=443): Read timed out. (read timeout=10)
Screened 34100 molecules...
Screened 44700 molecules...
Screened 48400 molecules...
Screened 56200 molecules...
Screened 13700 molecules...
Screened 25000 molecules...
Screened 32300 molecules...
Screened 46600 molecules...
Screened 49800 molecules...
Screened 61800 molecules...
Screened 66900 molecules...
Screened 81300 molecules...
Screened 90000 molecules...
Screened 20000 molecules...
Screened 20900 molecules...
Screened 29000 molecules...
Screened 30400 molecules...
Screened 47200 molecules...
Screened 62100 molecules...
Screened 80100 molecules...
Screened 86900 molecules...
Screened 4600 molecules...
Screened 16500 molecules...
Screened 17000 molecules...
Screened 28000 molecules...
Request failed for CID 101759: HTTPSConnectionPool(host='69.12.4.38', port=443): Read timed out. (read timeout=10)
Screened 40200 molecules...
Screened 43800 molecules...
Screened 73800 molecules...
Screened 81100 molecules...
Screened 82500 molecules...
Screened 90900 molecules...
Screened 9900 molecules...
Screened 12200 molecules...
Screened 23100 molecules...
Request failed for CID 19417: HTTPSConnectionPool(host='69.12.4.38', port=443): Read timed out. (read timeout=10)
Screened 34000 molecules...
Screened 41900 molecules...
Screened 59200 molecules...
Screened 63300 molecules...
Screened 65600 molecules...
Screened 86300 molecules...
Screened 89600 molecules...
Screened 7600 molecules...
Screened 21400 molecules...
Screened 22300 molecules...
Request failed for CID 229167: HTTPSConnectionPool(host='69.12.4.38', port=443): Read timed out. (read timeout=10)
Screened 62000 molecules...
Screened 68800 molecules...
Screened 72600 molecules...
Screened 77000 molecules...
Screened 89900 molecules...
Screened 1300 molecules...
Screened 12400 molecules...
Screened 21900 molecules...
Request failed for CID 120672: HTTPSConnectionPool(host='69.12.4.38', port=443): Read timed out. (read timeout=10)
Screened 36100 molecules...
Screened 46300 molecules...
Screened 48600 molecules...
Screened 64700 molecules...
Screened 67400 molecules...
Screened 69700 molecules...
Screened 77300 molecules...
Screened 87000 molecules...
Screened 5200 molecules...
Screened 9200 molecules...
Screened 17600 molecules...
Screened 19600 molecules...
Screened 22800 molecules...
Screened 29700 molecules...
Request failed for CID 223736: HTTPSConnectionPool(host='69.12.4.38', port=443): Read timed out. (read timeout=10)
Screened 58300 molecules...
Screened 59700 molecules...
Screened 76100 molecules...
Screened 80900 molecules...
Screened 600 molecules...
Screened 12100 molecules...
Screened 14900 molecules...
Screened 19200 molecules...
Screened 23400 molecules...
Request failed for CID 124310: HTTPSConnectionPool(host='69.12.4.38', port=443): Read timed out. (read timeout=10)
Screened 40600 molecules...
Screened 73000 molecules...
Screened 18300 molecules...
Screened 30900 molecules...
Screened 41000 molecules...
Screened 70800 molecules...
Screened 74600 molecules...
Screened 7100 molecules...
Screened 13200 molecules...
Request failed for CID 17448: HTTPSConnectionPool(host='69.12.4.38', port=443): Read timed out. (read timeout=10)
Screened 52300 molecules...
Screened 71100 molecules...
Screened 79800 molecules...
Screened 87200 molecules...
Screened 1400 molecules...
Request failed for CID 206934: HTTPSConnectionPool(host='69.12.4.38', port=443): Read timed out. (read timeout=10)
Screened 34800 molecules...
Screened 56800 molecules...
Screened 63800 molecules...
Screened 75200 molecules...
Screened 87400 molecules...
Screened 6500 molecules...
Screened 28300 molecules...
Request failed for CID 106503: HTTPSConnectionPool(host='69.12.4.38', port=443): Read timed out. (read timeout=10)
Screened 34900 molecules...
Screened 46500 molecules...
Screened 70900 molecules...
Screened 11100 molecules...
Screened 18200 molecules...
Screened 20600 molecules...
Screened 21100 molecules...
Screened 25700 molecules...
Screened 27900 molecules...
Request failed for CID 184767: HTTPSConnectionPool(host='69.12.4.38', port=443): Read timed out. (read timeout=10)
Screened 33100 molecules...
Screened 38100 molecules...
Screened 45500 molecules...
Screened 56400 molecules...
Screened 73400 molecules...
Screened 83200 molecules...
Screened 85200 molecules...
Screened 85700 molecules...
Screened 9800 molecules...
Screened 15000 molecules...
Request failed for CID 75244: HTTPSConnectionPool(host='69.12.4.38', port=443): Read timed out. (read timeout=10)
Screened 39200 molecules...
Screened 62900 molecules...
Screened 70200 molecules...
Screened 74500 molecules...
Screened 86700 molecules...
Screened 26200 molecules...
Screened 30800 molecules...
Request failed for CID 31575: HTTPSConnectionPool(host='69.12.4.38', port=443): Read timed out. (read timeout=10)
Screened 75900 molecules...
Screened 78600 molecules...
Screened 83000 molecules...
Screened 4000 molecules...
Screened 14500 molecules...
Request failed for CID 42463: HTTPSConnectionPool(host='69.12.4.38', port=443): Read timed out. (read timeout=10)
Screened 33400 molecules...
Screened 43600 molecules...
Screened 90400 molecules...
Screened 91400 molecules...
Screened 91900 molecules...
Screened 19300 molecules...
Request failed for CID 109095: HTTPSConnectionPool(host='69.12.4.38', port=443): Read timed out. (read timeout=10)
Screened 35900 molecules...
Screened 38200 molecules...
Screened 45200 molecules...
Screened 56700 molecules...
Screened 73100 molecules...
Screened 14700 molecules...
Screened 19000 molecules...
Screened 29200 molecules...
Screened 30600 molecules...
Request failed for CID 42682: HTTPSConnectionPool(host='69.12.4.38', port=443): Read timed out. (read timeout=10)
Screened 41400 molecules...
Screened 48200 molecules...
Screened 69600 molecules...
Screened 79100 molecules...
Screened 93500 molecules...
Screened 9100 molecules...
Screened 16100 molecules...
Request failed for CID 33271: HTTPSConnectionPool(host='69.12.4.38', port=443): Read timed out. (read timeout=10)
Screened 38800 molecules...
Screened 52100 molecules...
Screened 54400 molecules...
Screened 62300 molecules...
Screened 5900 molecules...
Screened 8700 molecules...
Request failed for CID 234680: HTTPSConnectionPool(host='69.12.4.38', port=443): Read timed out. (read timeout=10)
Screened 38900 molecules...
Screened 75100 molecules...
Screened 80400 molecules...
Screened 100 molecules...
Screened 8000 molecules...
Request failed for CID 95141: HTTPSConnectionPool(host='69.12.4.38', port=443): Read timed out. (read timeout=10)
Screened 49700 molecules...
Screened 59800 molecules...
Screened 66100 molecules...
Screened 67500 molecules...
Screened 90800 molecules...
Screened 9700 molecules...
Screened 13500 molecules...
Request failed for CID 227367: HTTPSConnectionPool(host='69.12.4.38', port=443): Read timed out. (read timeout=10)
Screened 36300 molecules...
Screened 39100 molecules...
Screened 45600 molecules...
Screened 47900 molecules...
Screened 56600 molecules...
Screened 67800 molecules...
Screened 3400 molecules...
Screened 8200 molecules...
Screened 16700 molecules...
Screened 54800 molecules...
Screened 66300 molecules...
Screened 78700 molecules...
Screened 85000 molecules...
Screened 85500 molecules...
Screened 800 molecules...
Screened 3600 molecules...
Screened 6200 molecules...
Screened 14300 molecules...
Screened 20200 molecules...
Request failed for CID 234484: HTTPSConnectionPool(host='69.12.4.38', port=443): Read timed out. (read timeout=10)
Screened 52200 molecules...
Screened 57300 molecules...
Screened 66000 molecules...
Screened 68700 molecules...
Screened 84200 molecules...
Screened 18100 molecules...
Request failed for CID 38978: HTTPSConnectionPool(host='69.12.4.38', port=443): Read timed out. (read timeout=10)
Screened 34600 molecules...
Screened 37400 molecules...
Screened 51200 molecules...
Screened 74700 molecules...
Screened 81500 molecules...
Screened 7400 molecules...
Request failed for CID 180501: HTTPSConnectionPool(host='69.12.4.38', port=443): Read timed out. (read timeout=10)
Screened 50500 molecules...
Screened 63900 molecules...
Screened 71800 molecules...
Screened 15200 molecules...
Screened 27400 molecules...
Request failed for CID 22146: HTTPSConnectionPool(host='69.12.4.38', port=443): Read timed out. (read timeout=10)
Screened 44300 molecules...
Screened 48500 molecules...
Screened 63700 molecules...
Screened 68300 molecules...
Screened 78900 molecules...
Screened 84000 molecules...
Screened 86500 molecules...
Screened 92200 molecules...
Screened 5400 molecules...
Screened 7300 molecules...
Screened 10400 molecules...
Screened 15100 molecules...
Screened 17400 molecules...
Screened 18600 molecules...
Request failed for CID 224971: HTTPSConnectionPool(host='69.12.4.38', port=443): Read timed out. (read timeout=10)
Screened 33600 molecules...
Screened 49600 molecules...
Screened 64300 molecules...
Screened 68900 molecules...
Screened 5300 molecules...
Screened 21500 molecules...
Request failed for CID 243596: HTTPSConnectionPool(host='69.12.4.38', port=443): Read timed out. (read timeout=10)
Screened 69100 molecules...
Screened 75800 molecules...
Screened 77200 molecules...
Screened 3300 molecules...
Screened 8500 molecules...
Screened 12700 molecules...
Screened 21300 molecules...
Screened 31000 molecules...
Screened 35200 molecules...
Screened 42800 molecules...
Screened 56300 molecules...
Screened 67900 molecules...
Screened 78800 molecules...
Screened 93100 molecules...
Screened 4100 molecules...
Screened 24000 molecules...
Request failed for CID 34576: HTTPSConnectionPool(host='69.12.4.38', port=443): Read timed out. (read timeout=10)
Screened 33300 molecules...
Screened 43000 molecules...
Screened 49500 molecules...
Screened 54100 molecules...
Screened 55800 molecules...
Screened 60600 molecules...
Screened 73500 molecules...
Screened 74900 molecules...
Screened 83700 molecules...
Screened 10200 molecules...
Screened 13000 molecules...
Screened 26600 molecules...
Screened 30300 molecules...
Request failed for CID 45282: HTTPSConnectionPool(host='69.12.4.38', port=443): Read timed out. (read timeout=10)
Screened 39400 molecules...
Screened 50200 molecules...
Screened 56100 molecules...
Screened 500 molecules...
Screened 16200 molecules...
Request failed for CID 17936: HTTPSConnectionPool(host='69.12.4.38', port=443): Read timed out. (read timeout=10)
Screened 36500 molecules...
Screened 42300 molecules...
Screened 77800 molecules...
Screened 200 molecules...
Screened 10700 molecules...
Screened 14200 molecules...
Screened 18700 molecules...
Request failed for CID 189242: HTTPSConnectionPool(host='69.12.4.38', port=443): Read timed out. (read timeout=10)
Screened 81200 molecules...
Screened 87600 molecules...
Screened 88400 molecules...
Screened 88900 molecules...
Screened 1800 molecules...
Screened 9500 molecules...
Screened 15700 molecules...
Screened 24400 molecules...
Screened 25800 molecules...
Screened 27200 molecules...
Screened 60000 molecules...
Screened 61700 molecules...
Screened 75600 molecules...
Screened 1000 molecules...
Screened 1900 molecules...
Screened 8400 molecules...
Request failed for CID 232097: HTTPSConnectionPool(host='69.12.4.38', port=443): Read timed out. (read timeout=10)
Screened 33500 molecules...
Screened 44500 molecules...
Screened 52700 molecules...
Screened 59500 molecules...
Request failed for CID 234807: HTTPSConnectionPool(host='69.12.4.38', port=443): Read timed out. (read timeout=10)
Screened 39600 molecules...
Screened 53800 molecules...
Screened 84700 molecules...
Screened 24500 molecules...
Screened 26700 molecules...
Screened 30700 molecules...
Request failed for CID 113042: HTTPSConnectionPool(host='69.12.4.38', port=443): Read timed out. (read timeout=10)
Screened 44100 molecules...
Screened 55000 molecules...
Screened 65100 molecules...
Screened 83600 molecules...
Screened 84100 molecules...
Screened 700 molecules...
Screened 3500 molecules...
Screened 15500 molecules...
Screened 28600 molecules...
Request failed for CID 120077: HTTPSConnectionPool(host='69.12.4.38', port=443): Read timed out. (read timeout=10)
Screened 47500 molecules...
Screened 58400 molecules...
Screened 72900 molecules...
Screened 76800 molecules...
Screened 86100 molecules...
Screened 23900 molecules...
Screened 49400 molecules...
Screened 55400 molecules...
Screened 59600 molecules...
Screened 73200 molecules...
Screened 78500 molecules...
Screened 83300 molecules...
Screened 84300 molecules...
Screened 87800 molecules...
Screened 12800 molecules...
Screened 18500 molecules...
Screened 30500 molecules...
Request failed for CID 187804: HTTPSConnectionPool(host='69.12.4.38', port=443): Read timed out. (read timeout=10)
Screened 35600 molecules...
Screened 46400 molecules...
Screened 47700 molecules...
Screened 52500 molecules...
Screened 65700 molecules...
Screened 13400 molecules...
Screened 29800 molecules...
Screened 32100 molecules...
Request failed for CID 25746: HTTPSConnectionPool(host='69.12.4.38', port=443): Read timed out. (read timeout=10)
Screened 37500 molecules...
Screened 40700 molecules...
Screened 42100 molecules...
Screened 49300 molecules...
Screened 77100 molecules...
Screened 79900 molecules...
Screened 86800 molecules...
Screened 10300 molecules...
Screened 16800 molecules...
Request failed for CID 65036: HTTPSConnectionPool(host='69.12.4.38', port=443): Read timed out. (read timeout=10)
Screened 42700 molecules...
Screened 82700 molecules...
Screened 13100 molecules...
Screened 19700 molecules...
Request failed for CID 10789: HTTPSConnectionPool(host='69.12.4.38', port=443): Read timed out. (read timeout=10)
Screened 36000 molecules...
Screened 47400 molecules...
Screened 68400 molecules...
Screened 2800 molecules...
Screened 12600 molecules...
Screened 15900 molecules...
Request failed for CID 216922: HTTPSConnectionPool(host='69.12.4.38', port=443): Read timed out. (read timeout=10)
Screened 49000 molecules...
Screened 57000 molecules...
Screened 64800 molecules...
Screened 69800 molecules...
Screened 20100 molecules...
Screened 24300 molecules...
Request failed for CID 235656: HTTPSConnectionPool(host='69.12.4.38', port=443): Read timed out. (read timeout=10)
Screened 35400 molecules...
Screened 39000 molecules...
Screened 54500 molecules...
Screened 57600 molecules...
Screened 59900 molecules...
Screened 78300 molecules...
Screened 18800 molecules...
Screened 31400 molecules...
Request failed for CID 41162: HTTPSConnectionPool(host='69.12.4.38', port=443): Read timed out. (read timeout=10)
Screened 51100 molecules...
Screened 53400 molecules...
Screened 63500 molecules...
Screened 65800 molecules...
Screened 88100 molecules...
Screened 29300 molecules...
Request failed for CID 224020: HTTPSConnectionPool(host='69.12.4.38', port=443): Read timed out. (read timeout=10)
Screened 38500 molecules...
Screened 44400 molecules...
Screened 53500 molecules...
Screened 76500 molecules...
Screened 92100 molecules...
Screened 6700 molecules...
Screened 10000 molecules...
Screened 26500 molecules...
Request failed for CID 90235: HTTPSConnectionPool(host='69.12.4.38', port=443): Read timed out. (read timeout=10)
Screened 36200 molecules...
Screened 43400 molecules...
Screened 44800 molecules...
Screened 46200 molecules...
Screened 57100 molecules...
Screened 72500 molecules...
Screened 74400 molecules...
Screened 81700 molecules...
Screened 2100 molecules...
Screened 10900 molecules...
Screened 29400 molecules...
Request failed for CID 229113: HTTPSConnectionPool(host='69.12.4.38', port=443): Read timed out. (read timeout=10)
Screened 40100 molecules...
Screened 61400 molecules...
Screened 74000 molecules...
Screened 17100 molecules...
Screened 23200 molecules...
Request failed for CID 144295: HTTPSConnectionPool(host='69.12.4.38', port=443): Read timed out. (read timeout=10)
Screened 25400 molecules...
Screened 31700 molecules...
Request failed for CID 164907: HTTPSConnectionPool(host='69.12.4.38', port=443): Read timed out. (read timeout=10)
Screened 64100 molecules...
Screened 68100 molecules...
Screened 79500 molecules...
Screened 89000 molecules...
Screened 4300 molecules...
Screened 12500 molecules...
Request failed for CID 155406: HTTPSConnectionPool(host='69.12.4.38', port=443): Read timed out. (read timeout=10)
Screened 42200 molecules...
Screened 51300 molecules...
Screened 69200 molecules...
Screened 76300 molecules...
Screened 87500 molecules...
Request failed for CID 5851: HTTPSConnectionPool(host='69.12.4.38', port=443): Max retries exceeded with url: /CCSD/molecule/xyz/5851 (Caused by ConnectTimeoutError(<urllib3.connection.HTTPSConnection object at 0x148bb7fb1290>, 'Connection to 69.12.4.38 timed out. (connect timeout=10)'))
Screened 400 molecules...
Request failed for CID 141353: HTTPSConnectionPool(host='69.12.4.38', port=443): Read timed out. (read timeout=10)
Screened 69000 molecules...
Screened 92400 molecules...
Screened 93400 molecules...
Screened 17300 molecules...
Screened 21200 molecules...
Screened 27100 molecules...
Request failed for CID 244814: HTTPSConnectionPool(host='69.12.4.38', port=443): Read timed out. (read timeout=10)
Screened 34500 molecules...
Screened 37600 molecules...
Screened 51600 molecules...
Screened 53900 molecules...
Screened 60300 molecules...
Screened 70300 molecules...
Screened 88600 molecules...
Screened 2200 molecules...
Screened 24100 molecules...
Screened 25500 molecules...
Screened 43300 molecules...
Screened 47000 molecules...
Screened 50600 molecules...
Screened 3200 molecules...
Screened 16600 molecules...
Screened 18000 molecules...
Screened 30000 molecules...
Screened 67700 molecules...
Screened 71900 molecules...
Screened 75700 molecules...
Screened 32800 molecules...
Request failed for CID 124233: HTTPSConnectionPool(host='69.12.4.38', port=443): Read timed out. (read timeout=10)
Screened 79700 molecules...
Screened 80200 molecules...
Screened 91300 molecules...
Screened 4700 molecules...
Screened 8600 molecules...
Screened 22200 molecules...
Screened 31800 molecules...
Request failed for CID 139440: HTTPSConnectionPool(host='69.12.4.38', port=443): Read timed out. (read timeout=10)
Screened 37000 molecules...
Screened 68000 molecules...
Screened 72100 molecules...
Screened 83100 molecules...
Screened 83900 molecules...
Screened 84400 molecules...
Screened 84900 molecules...
Screened 85400 molecules...
Screened 90700 molecules...
Screened 91200 molecules...
Screened 1500 molecules...
Screened 4800 molecules...
Screened 8100 molecules...
Screened 11000 molecules...
Screened 23000 molecules...
Screened 29500 molecules...
Request failed for CID 227360: HTTPSConnectionPool(host='69.12.4.38', port=443): Read timed out. (read timeout=10)
Screened 39700 molecules...
Screened 53000 molecules...
Screened 55300 molecules...
Screened 59000 molecules...
Screened 63000 molecules...
Screened 19900 molecules...
Request failed for CID 76727: HTTPSConnectionPool(host='69.12.4.38', port=443): Read timed out. (read timeout=10)
Screened 37300 molecules...
Screened 44000 molecules...
Screened 50000 molecules...
Screened 76200 molecules...
Screened 80600 molecules...
Screened 86600 molecules...
Screened 5500 molecules...
Screened 8300 molecules...
Request failed for CID 103380: HTTPSConnectionPool(host='69.12.4.38', port=443): Read timed out. (read timeout=10)
Screened 35000 molecules...
Screened 45800 molecules...
Screened 57200 molecules...
Screened 67200 molecules...
Screened 81000 molecules...
Screened 83400 molecules...
Screened 85900 molecules...
Screened 86400 molecules...
Screened 4200 molecules...
Screened 9300 molecules...
Screened 26000 molecules...
Screened 45000 molecules...
Screened 54700 molecules...
Screened 66200 molecules...
Screened 72300 molecules...
Screened 89200 molecules...
Screened 89700 molecules...
Screened 2400 molecules...
Screened 5700 molecules...
Screened 28400 molecules...
Request failed for CID 1395: HTTPSConnectionPool(host='69.12.4.38', port=443): Read timed out. (read timeout=10)
Screened 48100 molecules...
Screened 51700 molecules...
Screened 59100 molecules...
Screened 63600 molecules...
Screened 80500 molecules...
Screened 15600 molecules...
Screened 25900 molecules...
Request failed for CID 8017: HTTPSConnectionPool(host='69.12.4.38', port=443): Read timed out. (read timeout=10)
Screened 41100 molecules...
Screened 46100 molecules...
Screened 52900 molecules...
Screened 57500 molecules...
Screened 61100 molecules...
Screened 76700 molecules...
Screened 78100 molecules...
Screened 82000 molecules...
Screened 85800 molecules...
Screened 22100 molecules...
Screened 23500 molecules...
Request failed for CID 84745: HTTPSConnectionPool(host='69.12.4.38', port=443): Read timed out. (read timeout=10)
Screened 68600 molecules...
Screened 77500 molecules...
Screened 2600 molecules...
Screened 31500 molecules...
Request failed for CID 85820: HTTPSConnectionPool(host='69.12.4.38', port=443): Read timed out. (read timeout=10)
Screened 52000 molecules...
Screened 54300 molecules...
Screened 62600 molecules...
Screened 68500 molecules...
Screened 74100 molecules...
Screened 1700 molecules...
Screened 17800 molecules...
Screened 29100 molecules...
Screened 49100 molecules...
Screened 58200 molecules...
Screened 62400 molecules...
Screened 85300 molecules...
Screened 7200 molecules...
Screened 13800 molecules...
Screened 42900 molecules...
Screened 45700 molecules...
Screened 47100 molecules...
Screened 77900 molecules...
Screened 82300 molecules...
Screened 3700 molecules...
Screened 7900 molecules...
Screened 26300 molecules...
Request failed for CID 242642: HTTPSConnectionPool(host='69.12.4.38', port=443): Read timed out. (read timeout=10)
Screened 41200 molecules...
Screened 48000 molecules...
Screened 48900 molecules...
Request failed for CID 33105: HTTPSConnectionPool(host='69.12.4.38', port=443): Read timed out. (read timeout=10)
Screened 34300 molecules...
Screened 40300 molecules...
Screened 43100 molecules...
Screened 53300 molecules...
Screened 57800 molecules...
Screened 64200 molecules...
Screened 2900 molecules...
Screened 11200 molecules...
Screened 15400 molecules...
Screened 16300 molecules...
Screened 31600 molecules...
Request failed for CID 89315: HTTPSConnectionPool(host='69.12.4.38', port=443): Read timed out. (read timeout=10)
Screened 33700 molecules...
Screened 35800 molecules...
Screened 46900 molecules...
Screened 51500 molecules...
Screened 61000 molecules...
Screened 79400 molecules...
Screened 22400 molecules...
Screened 26100 molecules...
Request failed for CID 85776: HTTPSConnectionPool(host='69.12.4.38', port=443): Read timed out. (read timeout=10)
Screened 53700 molecules...
Screened 77600 molecules...
Screened 300 molecules...
Screened 4500 molecules...
Screened 6900 molecules...
Screened 31900 molecules...
Request failed for CID 146467: HTTPSConnectionPool(host='69.12.4.38', port=443): Read timed out. (read timeout=10)
Screened 46000 molecules...
Screened 50700 molecules...
Screened 82900 molecules...
Screened 3000 molecules...
Screened 4900 molecules...
Screened 7700 molecules...
Screened 34200 molecules...
Screened 87900 molecules...
Screened 3100 molecules...
Screened 9000 molecules...
Screened 20700 molecules...
Request failed for CID 7507: HTTPSConnectionPool(host='69.12.4.38', port=443): Read timed out. (read timeout=10)
Screened 53600 molecules...
Screened 24700 molecules...
Screened 27500 molecules...
Screened 45400 molecules...
Screened 50900 molecules...
Screened 62800 molecules...
Screened 66500 molecules...
Screened 11500 molecules...
Screened 16400 molecules...
Request failed for CID 136997: HTTPSConnectionPool(host='69.12.4.38', port=443): Read timed out. (read timeout=10)
Screened 60900 molecules...
Screened 64500 molecules...
Screened 66800 molecules...
Screened 73300 molecules...
Screened 82400 molecules...
Screened 7500 molecules...
Screened 11300 molecules...
Request failed for CID 99786: HTTPSConnectionPool(host='69.12.4.38', port=443): Read timed out. (read timeout=10)
Screened 41800 molecules...
Screened 75000 molecules...
Screened 83800 molecules...
Screened 1100 molecules...
Screened 29600 molecules...
Request failed for CID 7043: HTTPSConnectionPool(host='69.12.4.38', port=443): Read timed out. (read timeout=10)
Screened 33200 molecules...
Screened 54000 molecules...
Screened 57700 molecules...
Screened 69500 molecules...
Screened 74200 molecules...
Screened 23600 molecules...
Request failed for CID 176558: HTTPSConnectionPool(host='69.12.4.38', port=443): Read timed out. (read timeout=10)
Screened 39300 molecules...
Screened 43900 molecules...
Screened 45300 molecules...
Screened 69400 molecules...
Screened 72700 molecules...
Screened 79000 molecules...
Screened 90500 molecules...
Screened 91000 molecules...
Screened 91500 molecules...
Screened 22000 molecules...
Screened 25200 molecules...
Screened 32600 molecules...
Request failed for CID 73762: HTTPSConnectionPool(host='69.12.4.38', port=443): Read timed out. (read timeout=10)
Screened 55100 molecules...
Screened 79600 molecules...
Request failed for CID 12668: HTTPSConnectionPool(host='69.12.4.38', port=443): Read timed out. (read timeout=10)
Screened 36800 molecules...
Screened 47300 molecules...
Screened 66700 molecules...
Screened 69900 molecules...
Screened 84800 molecules...
Screened 89400 molecules...
Screened 2300 molecules...
Screened 7000 molecules...
Request failed for CID 116094: HTTPSConnectionPool(host='69.12.4.38', port=443): Read timed out. (read timeout=10)
Screened 39800 molecules...
Screened 55600 molecules...
Screened 58800 molecules...
Screened 62500 molecules...
Screened 82800 molecules...
Screened 88000 molecules...
Screened 21700 molecules...
Request failed for CID 226888: HTTPSConnectionPool(host='69.12.4.38', port=443): Read timed out. (read timeout=10)
Screened 35100 molecules...
Screened 51000 molecules...
Screened 87300 molecules...
Screened 5100 molecules...
Screened 11400 molecules...
Screened 14800 molecules...
Screened 29900 molecules...
Request failed for CID 145406: HTTPSConnectionPool(host='69.12.4.38', port=443): Read timed out. (read timeout=10)
Screened 38600 molecules...
Screened 61200 molecules...
Screened 63400 molecules...
Screened 81900 molecules...
Screened 4400 molecules...
Screened 14000 molecules...
Screened 27000 molecules...
Screened 34700 molecules...
Screened 46700 molecules...
Screened 63200 molecules...
Screened 74800 molecules...
Screened 11800 molecules...
Request failed for CID 33817: HTTPSConnectionPool(host='69.12.4.38', port=443): Read timed out. (read timeout=10)
Screened 56500 molecules...
Screened 64600 molecules...
Request failed for CID 86093: HTTPSConnectionPool(host='69.12.4.38', port=443): Read timed out. (read timeout=10)
Screened 39900 molecules...
Screened 44900 molecules...
Screened 48800 molecules...
Screened 60200 molecules...
Screened 61600 molecules...
Screened 67100 molecules...
Screened 75500 molecules...
Screened 88800 molecules...
Screened 28900 molecules...
Request failed for CID 6814: HTTPSConnectionPool(host='69.12.4.38', port=443): Read timed out. (read timeout=10)
Screened 50400 molecules...
Screened 64000 molecules...
Screened 65300 molecules...
Screened 67000 molecules...
Screened 70600 molecules...
Screened 18400 molecules...
Screened 20800 molecules...
Screened 26800 molecules...
Request failed for CID 106942: HTTPSConnectionPool(host='69.12.4.38', port=443): Read timed out. (read timeout=10)
Screened 49900 molecules...
Screened 67600 molecules...
Screened 71700 molecules...
Screened 20500 molecules...
Screened 27800 molecules...
Screened 31300 molecules...
Screened 32700 molecules...
Request failed for CID 99683: HTTPSConnectionPool(host='69.12.4.38', port=443): Read timed out. (read timeout=10)
Screened 37200 molecules...
Screened 40000 molecules...
Screened 44600 molecules...
Screened 60100 molecules...
Screened 61900 molecules...
Screened 76600 molecules...
Screened 93700 molecules...
Screened 19800 molecules...
Screened 22600 molecules...
Request failed for CID 21611: HTTPSConnectionPool(host='69.12.4.38', port=443): Read timed out. (read timeout=10)
Screened 34400 molecules...
Screened 43200 molecules...
Screened 51400 molecules...
Screened 73900 molecules...
Screened 82100 molecules...
Screened 8900 molecules...
Screened 10500 molecules...
Screened 17500 molecules...
Screened 55900 molecules...
Screened 77400 molecules...
Screened 79300 molecules...
Screened 93600 molecules...
Screened 27700 molecules...
Screened 25300 molecules...
Screened 33800 molecules...
Screened 57900 molecules...
Screened 70000 molecules...
Screened 77700 molecules...
Screened 78200 molecules...
Screened 8800 molecules...
Screened 27600 molecules...
Request failed for CID 224199: HTTPSConnectionPool(host='69.12.4.38', port=443): Read timed out. (read timeout=10)
Screened 38700 molecules...
Screened 73700 molecules...
Screened 86000 molecules...
Screened 900 molecules...
Screened 16900 molecules...
Request failed for CID 112481: HTTPSConnectionPool(host='69.12.4.38', port=443): Read timed out. (read timeout=10)
Screened 42500 molecules...
Screened 46800 molecules...
Screened 80800 molecules...
Screened 89300 molecules...
Screened 89800 molecules...
Screened 90300 molecules...
Found planar CID: 9171 | PCA=100.00% | RMSD=0.0039
Found planar CID: 67461 | PCA=100.00% | RMSD=0.0009
Found planar CID: 44284 | PCA=100.00% | RMSD=0.0034
Found planar CID: 75505 | PCA=99.97% | RMSD=0.0813
Found planar CID: 152071 | PCA=100.00% | RMSD=0.0005
Found planar CID: 124862 | PCA=100.00% | RMSD=0.0011
Found planar CID: 9131 | PCA=100.00% | RMSD=0.0003
Found planar CID: 95731 | PCA=100.00% | RMSD=0.0015
Found planar CID: 173398 | PCA=100.00% | RMSD=0.0096
Found planar CID: 21707 | PCA=99.99% | RMSD=0.0453
Found planar CID: 130803 | PCA=99.96% | RMSD=0.0747
Found planar CID: 85466 | PCA=99.99% | RMSD=0.0336
Found planar CID: 111198 | PCA=100.00% | RMSD=0.0013
Found planar CID: 52272 | PCA=100.00% | RMSD=0.0209
Found planar CID: 167212 | PCA=100.00% | RMSD=0.0227
Found planar CID: 145608 | PCA=100.00% | RMSD=0.0218
Found planar CID: 65365 | PCA=100.00% | RMSD=0.0210
Found planar CID: 9152 | PCA=100.00% | RMSD=0.0039
Found planar CID: 189320 | PCA=99.99% | RMSD=0.0407
Found planar CID: 223853 | PCA=99.98% | RMSD=0.0857
Found planar CID: 9146 | PCA=100.00% | RMSD=0.0023
Found planar CID: 101486 | PCA=100.00% | RMSD=0.0160
Found planar CID: 67463 | PCA=100.00% | RMSD=0.0007
Found planar CID: 97766 | PCA=99.97% | RMSD=0.0729
Found planar CID: 95443 | PCA=99.99% | RMSD=0.0615
Found planar CID: 66862 | PCA=99.97% | RMSD=0.0706
Found planar CID: 10215 | PCA=100.00% | RMSD=0.0032
Found planar CID: 17190 | PCA=99.96% | RMSD=0.0690
Found planar CID: 29650 | PCA=99.98% | RMSD=0.0505
Found planar CID: 239526 | PCA=99.98% | RMSD=0.0632
Found planar CID: 67450 | PCA=100.00% | RMSD=0.0225
Found planar CID: 242018 | PCA=100.00% | RMSD=0.0086
Found planar CID: 119256 | PCA=100.00% | RMSD=0.0070
Found planar CID: 9160 | PCA=100.00% | RMSD=0.0011
Found planar CID: 163936 | PCA=100.00% | RMSD=0.0083
Found planar CID: 7080 | PCA=100.00% | RMSD=0.0010
Found planar CID: 41948 | PCA=100.00% | RMSD=0.0020
Found planar CID: 135458 | PCA=100.00% | RMSD=0.0013
Found planar CID: 44286 | PCA=100.00% | RMSD=0.0010
Found planar CID: 25890 | PCA=100.00% | RMSD=0.0006
Found planar CID: 73745 | PCA=99.98% | RMSD=0.0486
Found planar CID: 154881 | PCA=100.00% | RMSD=0.0014
Found planar CID: 8412 | PCA=100.00% | RMSD=0.0105
Found planar CID: 136024 | PCA=100.00% | RMSD=0.0028
Found planar CID: 25893 | PCA=100.00% | RMSD=0.0019
Found planar CID: 226134 | PCA=99.98% | RMSD=0.0576
Found planar CID: 186251 | PCA=100.00% | RMSD=0.0041
Found planar CID: 149984 | PCA=100.00% | RMSD=0.0003
Found planar CID: 169678 | PCA=100.00% | RMSD=0.0014
Found planar CID: 55571 | PCA=100.00% | RMSD=0.0012
Found planar CID: 164555 | PCA=100.00% | RMSD=0.0019
Found planar CID: 114764 | PCA=100.00% | RMSD=0.0013
Found planar CID: 204404 | PCA=100.00% | RMSD=0.0174
Found planar CID: 226507 | PCA=100.00% | RMSD=0.0009
Found planar CID: 240021 | PCA=99.99% | RMSD=0.0458
Found planar CID: 42028 | PCA=100.00% | RMSD=0.0005
Found planar CID: 44334 | PCA=100.00% | RMSD=0.0028
Found planar CID: 90247 | PCA=100.00% | RMSD=0.0022
Found planar CID: 67480 | PCA=100.00% | RMSD=0.0005
Found planar CID: 247333 | PCA=100.00% | RMSD=0.0010
Found planar CID: 157997 | PCA=100.00% | RMSD=0.0006
Found planar CID: 233601 | PCA=99.99% | RMSD=0.0324
Found planar CID: 160442 | PCA=100.00% | RMSD=0.0012
Found planar CID: 14160 | PCA=100.00% | RMSD=0.0040
Found planar CID: 5954 | PCA=100.00% | RMSD=0.0035
Found planar CID: 13297 | PCA=100.00% | RMSD=0.0134
Found planar CID: 192238 | PCA=99.99% | RMSD=0.0423
Found planar CID: 67465 | PCA=100.00% | RMSD=0.0038
Found planar CID: 19991 | PCA=99.99% | RMSD=0.0390
Found planar CID: 155584 | PCA=100.00% | RMSD=0.0007
Found planar CID: 149183 | PCA=100.00% | RMSD=0.0009
Found planar CID: 135596 | PCA=100.00% | RMSD=0.0028
Found planar CID: 109959 | PCA=100.00% | RMSD=0.0006
Found planar CID: 55574 | PCA=100.00% | RMSD=0.0005
Found planar CID: 13092 | PCA=99.97% | RMSD=0.0665
Found planar CID: 44285 | PCA=100.00% | RMSD=0.0025
Found planar CID: 59730 | PCA=100.00% | RMSD=0.0044
Found planar CID: 186279 | PCA=100.00% | RMSD=0.0024
Found planar CID: 80741 | PCA=99.99% | RMSD=0.0385
Found planar CID: 143273 | PCA=100.00% | RMSD=0.0003
Found planar CID: 55573 | PCA=100.00% | RMSD=0.0007
Found planar CID: 187504 | PCA=99.99% | RMSD=0.0375
Found planar CID: 232969 | PCA=99.99% | RMSD=0.0373
Found planar CID: 242812 | PCA=100.00% | RMSD=0.0260
Found planar CID: 37766 | PCA=99.96% | RMSD=0.0706
Found planar CID: 32191 | PCA=100.00% | RMSD=0.0006
Found planar CID: 123542 | PCA=100.00% | RMSD=0.0035
Found planar CID: 66531 | PCA=100.00% | RMSD=0.0021
Found planar CID: 87856 | PCA=99.97% | RMSD=0.0687
Found planar CID: 67451 | PCA=100.00% | RMSD=0.0095
Found planar CID: 186840 | PCA=99.98% | RMSD=0.0532
Found planar CID: 135493 | PCA=100.00% | RMSD=0.0019
Found planar CID: 87734 | PCA=100.00% | RMSD=0.0164
Found planar CID: 176774 | PCA=99.99% | RMSD=0.0310
Found planar CID: 151998 | PCA=100.00% | RMSD=0.0011
Found planar CID: 9158 | PCA=100.00% | RMSD=0.0003
Found planar CID: 81344 | PCA=100.00% | RMSD=0.0006
Found planar CID: 226811 | PCA=100.00% | RMSD=0.0129
Found planar CID: 132811 | PCA=99.99% | RMSD=0.0495
Found planar CID: 67464 | PCA=100.00% | RMSD=0.0006
Found planar CID: 28598 | PCA=100.00% | RMSD=0.0012
Found planar CID: 135303 | PCA=99.99% | RMSD=0.0467
Found planar CID: 151975 | PCA=99.97% | RMSD=0.0617
Found planar CID: 25891 | PCA=100.00% | RMSD=0.0006
Found planar CID: 124239 | PCA=100.00% | RMSD=0.0016
Found planar CID: 50605 | PCA=100.00% | RMSD=0.0017
Found planar CID: 244844 | PCA=99.99% | RMSD=0.0616
Found planar CID: 425 | PCA=100.00% | RMSD=0.0017
Found planar CID: 216375 | PCA=100.00% | RMSD=0.0004
Found planar CID: 99746 | PCA=100.00% | RMSD=0.0063
Found planar CID: 153840 | PCA=100.00% | RMSD=0.0024
Found planar CID: 157996 | PCA=100.00% | RMSD=0.0006
Found planar CID: 226135 | PCA=100.00% | RMSD=0.0057
Found planar CID: 149038 | PCA=99.99% | RMSD=0.0382
Found planar CID: 217307 | PCA=99.99% | RMSD=0.0313
Found planar CID: 236809 | PCA=100.00% | RMSD=0.0069
Found planar CID: 2336 | PCA=100.00% | RMSD=0.0016
Found planar CID: 123531 | PCA=100.00% | RMSD=0.0012
Found planar CID: 248020 | PCA=99.99% | RMSD=0.0512
Found planar CID: 76805 | PCA=99.98% | RMSD=0.0576
Found planar CID: 145777 | PCA=100.00% | RMSD=0.0011
Found planar CID: 9200 | PCA=100.00% | RMSD=0.0008
Found planar CID: 77350 | PCA=100.00% | RMSD=0.0253
Found planar CID: 188082 | PCA=100.00% | RMSD=0.0252
Found planar CID: 157071 | PCA=100.00% | RMSD=0.0014
Found planar CID: 186361 | PCA=100.00% | RMSD=0.0029
Found planar CID: 42030 | PCA=99.99% | RMSD=0.0398
Found planar CID: 29113 | PCA=100.00% | RMSD=0.0157
Found planar CID: 234420 | PCA=99.99% | RMSD=0.0408
Found planar CID: 67351 | PCA=100.00% | RMSD=0.0008
Found planar CID: 95929 | PCA=99.98% | RMSD=0.0780
Found planar CID: 9142 | PCA=100.00% | RMSD=0.0016
Found planar CID: 9153 | PCA=100.00% | RMSD=0.0002
Found planar CID: 147477 | PCA=100.00% | RMSD=0.0015
Found planar CID: 31419 | PCA=100.00% | RMSD=0.0016
Found planar CID: 150009 | PCA=100.00% | RMSD=0.0013
Found planar CID: 15590 | PCA=99.98% | RMSD=0.0705
Found planar CID: 70401 | PCA=99.96% | RMSD=0.0751
Found planar CID: 189383 | PCA=99.99% | RMSD=0.0382
Found planar CID: 81992 | PCA=100.00% | RMSD=0.0010
Found planar CID: 150008 | PCA=100.00% | RMSD=0.0008
Found planar CID: 187129 | PCA=100.00% | RMSD=0.0048
Found planar CID: 9170 | PCA=100.00% | RMSD=0.0001
Found planar CID: 17253 | PCA=99.98% | RMSD=0.0513
Found planar CID: 151462 | PCA=99.97% | RMSD=0.0743
Found planar CID: 6824 | PCA=99.98% | RMSD=0.0559
Found planar CID: 180933 | PCA=100.00% | RMSD=0.0003
Found planar CID: 159608 | PCA=100.00% | RMSD=0.0016
Found planar CID: 2483 | PCA=100.00% | RMSD=0.0136
Found planar CID: 159607 | PCA=100.00% | RMSD=0.0015
Found planar CID: 241366 | PCA=99.99% | RMSD=0.0488
Found planar CID: 146551 | PCA=100.00% | RMSD=0.0234
Found planar CID: 9110 | PCA=100.00% | RMSD=0.0002
Found planar CID: 187316 | PCA=100.00% | RMSD=0.0005
Found planar CID: 164573 | PCA=100.00% | RMSD=0.0070
Found planar CID: 115265 | PCA=100.00% | RMSD=0.0003
Found planar CID: 24121 | PCA=100.00% | RMSD=0.0039
Found planar CID: 67111 | PCA=99.98% | RMSD=0.0538
Found planar CID: 156869 | PCA=100.00% | RMSD=0.0099
Found planar CID: 37880 | PCA=99.96% | RMSD=0.0737
Found planar CID: 82017 | PCA=99.97% | RMSD=0.0650
Found planar CID: 55572 | PCA=100.00% | RMSD=0.0007
Found planar CID: 164574 | PCA=100.00% | RMSD=0.0047
Found planar CID: 42029 | PCA=100.00% | RMSD=0.0013
Found planar CID: 125532 | PCA=100.00% | RMSD=0.0045
Found planar CID: 55279 | PCA=100.00% | RMSD=0.0017
Found planar CID: 17893 | PCA=99.97% | RMSD=0.0742
Found planar CID: 47782 | PCA=100.00% | RMSD=0.0011
Found planar CID: 112089 | PCA=100.00% | RMSD=0.0072
Found planar CID: 42027 | PCA=100.00% | RMSD=0.0007
Found planar CID: 189381 | PCA=100.00% | RMSD=0.0003
Found planar CID: 134561 | PCA=99.98% | RMSD=0.0690
Found planar CID: 244381 | PCA=99.98% | RMSD=0.0523
Found planar CID: 160350 | PCA=100.00% | RMSD=0.0012
Found planar CID: 175866 | PCA=100.00% | RMSD=0.0003
Found planar CID: 138317 | PCA=100.00% | RMSD=0.0003
Found planar CID: 217228 | PCA=100.00% | RMSD=0.0274
Found planar CID: 9118 | PCA=100.00% | RMSD=0.0006
Found planar CID: 37787 | PCA=99.97% | RMSD=0.0626
Found planar CID: 184665 | PCA=100.00% | RMSD=0.0014
Found planar CID: 130799 | PCA=100.00% | RMSD=0.0005
Found planar CID: 200122 | PCA=100.00% | RMSD=0.0011
Found planar CID: 219962 | PCA=100.00% | RMSD=0.0022
Found planar CID: 82687 | PCA=99.98% | RMSD=0.0601
Found planar CID: 241491 | PCA=100.00% | RMSD=0.0093
Found planar CID: 16819 | PCA=100.00% | RMSD=0.0019
Found planar CID: 237136 | PCA=99.99% | RMSD=0.0505
Found planar CID: 222687 | PCA=99.99% | RMSD=0.0338
Found planar CID: 236873 | PCA=100.00% | RMSD=0.0026
Found planar CID: 10177 | PCA=99.99% | RMSD=0.0341
Found planar CID: 51320 | PCA=100.00% | RMSD=0.0011
Found planar CID: 95838 | PCA=100.00% | RMSD=0.0010
Found planar CID: 170562 | PCA=100.00% | RMSD=0.0114
Found planar CID: 64114 | PCA=100.00% | RMSD=0.0188
Found planar CID: 94739 | PCA=100.00% | RMSD=0.0020
Found planar CID: 104987 | PCA=100.00% | RMSD=0.0022
Found planar CID: 87806 | PCA=100.00% | RMSD=0.0050
Found planar CID: 18310 | PCA=100.00% | RMSD=0.0023
Found planar CID: 189382 | PCA=100.00% | RMSD=0.0010
Found planar CID: 122458 | PCA=99.98% | RMSD=0.0546
Found planar CID: 186962 | PCA=100.00% | RMSD=0.0040
Found planar CID: 199506 | PCA=100.00% | RMSD=0.0271
Found planar CID: 149914 | PCA=100.00% | RMSD=0.0050
Found planar CID: 230660 | PCA=99.99% | RMSD=0.0387
Found planar CID: 145609 | PCA=99.97% | RMSD=0.0786
Found planar CID: 149549 | PCA=100.00% | RMSD=0.0092
Found planar CID: 231278 | PCA=100.00% | RMSD=0.0045
Found planar CID: 76574 | PCA=100.00% | RMSD=0.0015
Found planar CID: 136663 | PCA=100.00% | RMSD=0.0238
Found planar CID: 216006 | PCA=99.98% | RMSD=0.0662
Found planar CID: 199830 | PCA=100.00% | RMSD=0.0261
Found planar CID: 241316 | PCA=99.99% | RMSD=0.0588
Found planar CID: 101496 | PCA=100.00% | RMSD=0.0308
Found planar CID: 77214 | PCA=99.99% | RMSD=0.0398
Found planar CID: 187128 | PCA=100.00% | RMSD=0.0040
Found planar CID: 136057 | PCA=100.00% | RMSD=0.0042
Found planar CID: 9128 | PCA=100.00% | RMSD=0.0004
Found planar CID: 168173 | PCA=100.00% | RMSD=0.0007
Found planar CID: 114910 | PCA=100.00% | RMSD=0.0012
Found planar CID: 154330 | PCA=100.00% | RMSD=0.0006
Found planar CID: 6825 | PCA=99.97% | RMSD=0.0690
Found planar CID: 155608 | PCA=100.00% | RMSD=0.0003
Found planar CID: 55051 | PCA=100.00% | RMSD=0.0006
Found planar CID: 9109 | PCA=100.00% | RMSD=0.0001
Found planar CID: 13452 | PCA=99.99% | RMSD=0.0391
Found planar CID: 143949 | PCA=99.99% | RMSD=0.0484
Found planar CID: 62535 | PCA=100.00% | RMSD=0.0032
Found planar CID: 32463 | PCA=100.00% | RMSD=0.0003
Found planar CID: 187502 | PCA=99.99% | RMSD=0.0262
Found planar CID: 136028 | PCA=100.00% | RMSD=0.0009
Found planar CID: 9117 | PCA=100.00% | RMSD=0.0164
Found planar CID: 146307 | PCA=100.00% | RMSD=0.0030
Found planar CID: 23054 | PCA=100.00% | RMSD=0.0011
Found planar CID: 160349 | PCA=100.00% | RMSD=0.0028
Found planar CID: 70409 | PCA=100.00% | RMSD=0.0215
Found planar CID: 186057 | PCA=100.00% | RMSD=0.0020

Total planar molecules: 236
Files saved in '/scratch/phys/sin/sethih1/planar_molecules_gaussian'
Job finished at Mon Jun 23 13:34:56 EEST 2025
