Job started at Mon Jun 23 17:33:37 EEST 2025
Running on host milan7.int.triton.aalto.fi
Using 16 CPUs
Using 128 CPUs to screen 93757 molecules...
Screened 1800 molecules...
Screened 3400 molecules...
Screened 13300 molecules...
Screened 25900 molecules...
Screened 35600 molecules...
Screened 29800 molecules...
Screened 35900 molecules...
Screened 37000 molecules...
Screened 46500 molecules...
Screened 52600 molecules...
Screened 900 molecules...
Screened 35700 molecules...
Screened 41900 molecules...
Screened 45400 molecules...
Screened 70800 molecules...
Screened 91000 molecules...
Screened 17900 molecules...
Screened 50800 molecules...
Screened 56300 molecules...
Screened 59700 molecules...
Screened 62300 molecules...
Screened 82400 molecules...
Screened 34300 molecules...
Screened 36400 molecules...
Screened 37300 molecules...
Screened 79300 molecules...
Screened 87500 molecules...
Screened 88000 molecules...
Screened 76900 molecules...
Screened 89700 molecules...
Screened 90200 molecules...
Screened 3500 molecules...
Screened 8500 molecules...
Screened 8600 molecules...
Screened 10300 molecules...
Screened 15800 molecules...
Screened 55900 molecules...
Screened 56400 molecules...
Screened 66700 molecules...
Screened 68100 molecules...
Screened 75800 molecules...
Screened 77200 molecules...
Screened 17400 molecules...
Screened 19800 molecules...
Screened 22700 molecules...
Screened 49900 molecules...
Screened 67500 molecules...
Screened 72600 molecules...
Screened 77500 molecules...
Screened 83400 molecules...
Screened 12800 molecules...
Screened 47400 molecules...
Screened 58000 molecules...
Screened 60900 molecules...
Screened 62400 molecules...
Screened 82800 molecules...
Screened 87800 molecules...
Screened 200 molecules...
Screened 26500 molecules...
Screened 31600 molecules...
Screened 32900 molecules...
Screened 53400 molecules...
Screened 57200 molecules...
Screened 61600 molecules...
Screened 70400 molecules...
Screened 21700 molecules...
Screened 31500 molecules...
Screened 46000 molecules...
Screened 49600 molecules...
Screened 57100 molecules...
Screened 88800 molecules...
Screened 91100 molecules...
Screened 16500 molecules...
Screened 16700 molecules...
Screened 16900 molecules...
Screened 27200 molecules...
Screened 29700 molecules...
Screened 35300 molecules...
Screened 51800 molecules...
Screened 60200 molecules...
Screened 61900 molecules...
Screened 65000 molecules...
Screened 72000 molecules...
Screened 75900 molecules...
Screened 82200 molecules...
Screened 9600 molecules...
Screened 40400 molecules...
Screened 44700 molecules...
Screened 88100 molecules...
Screened 2400 molecules...
Screened 5700 molecules...
Screened 10200 molecules...
Screened 26100 molecules...
Screened 27800 molecules...
Screened 28400 molecules...
Screened 44100 molecules...
Screened 45100 molecules...
Screened 48400 molecules...
Screened 68300 molecules...
Screened 71500 molecules...
Screened 73900 molecules...
Screened 74400 molecules...
Screened 89500 molecules...
Screened 22900 molecules...
Screened 35200 molecules...
Screened 40100 molecules...
Screened 42000 molecules...
Screened 42400 molecules...
Screened 45000 molecules...
Screened 52400 molecules...
Screened 62200 molecules...
Screened 68700 molecules...
Screened 11000 molecules...
Screened 23600 molecules...
Screened 28900 molecules...
Screened 34400 molecules...
Screened 48700 molecules...
Screened 58400 molecules...
Screened 68600 molecules...
Screened 74900 molecules...
Screened 29200 molecules...
Screened 42700 molecules...
Screened 50600 molecules...
Screened 54500 molecules...
Screened 66800 molecules...
Screened 67200 molecules...
Screened 72400 molecules...
Screened 72900 molecules...
Screened 88500 molecules...
Screened 1300 molecules...
Screened 21900 molecules...
Screened 63200 molecules...
Screened 72300 molecules...
Screened 89300 molecules...
Screened 2600 molecules...
Screened 14200 molecules...
Screened 19700 molecules...
Screened 19900 molecules...
Screened 24500 molecules...
Screened 26200 molecules...
Screened 29900 molecules...
Screened 31200 molecules...
Screened 42300 molecules...
Screened 68000 molecules...
Screened 82900 molecules...
Screened 5400 molecules...
Screened 38200 molecules...
Screened 68500 molecules...
Screened 83800 molecules...
Screened 86200 molecules...
Screened 88200 molecules...
Screened 7000 molecules...
Screened 18400 molecules...
Screened 24400 molecules...
Screened 31300 molecules...
Screened 48500 molecules...
Screened 49700 molecules...
Screened 65200 molecules...
Screened 86800 molecules...
Screened 1900 molecules...
Screened 13700 molecules...
Screened 13900 molecules...
Screened 64000 molecules...
Screened 500 molecules...
Screened 1700 molecules...
Screened 20800 molecules...
Screened 21100 molecules...
Screened 29500 molecules...
Screened 44200 molecules...
Screened 46900 molecules...
Screened 83600 molecules...
Screened 8300 molecules...
Screened 12900 molecules...
Screened 60700 molecules...
Screened 61100 molecules...
Screened 65400 molecules...
Screened 69400 molecules...
Screened 76400 molecules...
Screened 89600 molecules...
Screened 90100 molecules...
Screened 91700 molecules...
Screened 21200 molecules...
Screened 23500 molecules...
Screened 28000 molecules...
Screened 30200 molecules...
Screened 36100 molecules...
Screened 42500 molecules...
Screened 60500 molecules...
Screened 64400 molecules...
Screened 88300 molecules...
Screened 14400 molecules...
Screened 26700 molecules...
Screened 33900 molecules...
Screened 51600 molecules...
Screened 62500 molecules...
Screened 4300 molecules...
Screened 27600 molecules...
Screened 43600 molecules...
Screened 44500 molecules...
Screened 47200 molecules...
Screened 60000 molecules...
Screened 62600 molecules...
Screened 67400 molecules...
Screened 80200 molecules...
Screened 81200 molecules...
Screened 33800 molecules...
Screened 46100 molecules...
Screened 51400 molecules...
Screened 77700 molecules...
Screened 12700 molecules...
Screened 13800 molecules...
Screened 44300 molecules...
Screened 67000 molecules...
Screened 76300 molecules...
Screened 6900 molecules...
Screened 7100 molecules...
Screened 9300 molecules...
Screened 34200 molecules...
Screened 47700 molecules...
Screened 67900 molecules...
Screened 82600 molecules...
Screened 92100 molecules...
Screened 2500 molecules...
Screened 36000 molecules...
Screened 38800 molecules...
Screened 63000 molecules...
Screened 63400 molecules...
Screened 79700 molecules...
Screened 25100 molecules...
Screened 63100 molecules...
Screened 78000 molecules...
Screened 9000 molecules...
Screened 10900 molecules...
Screened 17000 molecules...
Screened 17200 molecules...
Screened 20900 molecules...
Screened 21000 molecules...
Screened 39800 molecules...
Screened 54300 molecules...
Screened 2200 molecules...
Screened 3300 molecules...
Screened 10800 molecules...
Screened 39300 molecules...
Screened 53300 molecules...
Screened 64700 molecules...
Screened 66300 molecules...
Screened 76000 molecules...
Screened 93100 molecules...
Screened 50100 molecules...
Screened 50500 molecules...
Screened 77900 molecules...
Screened 86100 molecules...
Screened 50300 molecules...
Screened 56500 molecules...
Screened 60600 molecules...
Screened 66500 molecules...
Screened 71900 molecules...
Screened 78600 molecules...
Screened 82000 molecules...
Screened 85400 molecules...
Screened 1000 molecules...
Screened 8400 molecules...
Screened 11800 molecules...
Screened 14700 molecules...
Screened 19600 molecules...
Screened 26600 molecules...
Screened 32600 molecules...
Screened 52700 molecules...
Screened 60100 molecules...
Screened 61700 molecules...
Screened 8000 molecules...
Screened 20300 molecules...
Screened 20400 molecules...
Screened 51200 molecules...
Screened 84500 molecules...
Screened 86500 molecules...
Screened 87000 molecules...
Screened 59300 molecules...
Screened 87300 molecules...
Screened 300 molecules...
Screened 9900 molecules...
Screened 10000 molecules...
Screened 25700 molecules...
Screened 26800 molecules...
Screened 40500 molecules...
Screened 44400 molecules...
Screened 400 molecules...
Screened 25600 molecules...
Screened 28500 molecules...
Screened 31800 molecules...
Screened 48800 molecules...
Screened 63900 molecules...
Screened 69200 molecules...
Screened 69700 molecules...
Screened 79000 molecules...
Screened 16600 molecules...
Screened 28200 molecules...
Screened 35000 molecules...
Screened 35400 molecules...
Screened 44000 molecules...
Screened 45500 molecules...
Screened 57000 molecules...
Screened 58900 molecules...
Screened 71700 molecules...
Screened 80000 molecules...
Screened 92800 molecules...
Screened 7700 molecules...
Screened 9500 molecules...
Screened 42200 molecules...
Screened 49400 molecules...
Screened 49800 molecules...
Screened 70700 molecules...
Screened 72500 molecules...
Screened 24200 molecules...
Screened 61500 molecules...
Screened 12300 molecules...
Screened 12600 molecules...
Screened 51000 molecules...
Screened 63600 molecules...
Screened 66600 molecules...
Screened 70300 molecules...
Screened 84100 molecules...
Screened 85600 molecules...
Screened 92700 molecules...
Screened 11700 molecules...
Screened 14500 molecules...
Screened 32000 molecules...
Screened 59000 molecules...
Screened 69100 molecules...
Screened 69600 molecules...
Screened 72700 molecules...
Screened 75600 molecules...
Screened 82700 molecules...
Screened 87600 molecules...
Screened 1400 molecules...
Screened 5200 molecules...
Screened 17100 molecules...
Screened 17800 molecules...
Screened 48200 molecules...
Screened 54700 molecules...
Screened 73500 molecules...
Screened 78400 molecules...
Screened 89200 molecules...
Screened 9800 molecules...
Screened 30500 molecules...
Screened 43900 molecules...
Screened 52500 molecules...
Screened 56600 molecules...
Screened 59200 molecules...
Screened 66200 molecules...
Screened 83700 molecules...
Screened 92200 molecules...
Screened 36700 molecules...
Screened 38600 molecules...
Screened 44600 molecules...
Screened 45800 molecules...
Screened 48300 molecules...
Screened 50700 molecules...
Screened 55100 molecules...
Screened 55800 molecules...
Screened 57900 molecules...
Screened 78700 molecules...
Screened 1500 molecules...
Screened 2900 molecules...
Screened 14100 molecules...
Screened 15000 molecules...
Screened 18600 molecules...
Screened 24300 molecules...
Screened 30100 molecules...
Screened 50200 molecules...
Screened 52000 molecules...
Screened 3900 molecules...
Screened 29300 molecules...
Screened 35500 molecules...
Screened 70000 molecules...
Screened 71000 molecules...
Screened 73700 molecules...
Screened 75100 molecules...
Screened 93000 molecules...
Screened 6300 molecules...
Screened 29400 molecules...
Screened 43000 molecules...
Screened 47000 molecules...
Screened 58700 molecules...
Screened 81900 molecules...
Screened 6500 molecules...
Screened 37800 molecules...
Screened 40900 molecules...
Screened 41500 molecules...
Screened 58200 molecules...
Screened 4800 molecules...
Screened 5100 molecules...
Screened 19000 molecules...
Screened 21500 molecules...
Screened 44900 molecules...
Screened 55300 molecules...
Screened 59500 molecules...
Screened 72200 molecules...
Screened 81400 molecules...
Screened 84700 molecules...
Screened 23200 molecules...
Screened 23300 molecules...
Screened 31900 molecules...
Screened 77400 molecules...
Screened 81800 molecules...
Screened 93300 molecules...
Screened 9100 molecules...
Screened 13500 molecules...
Screened 19300 molecules...
Screened 20000 molecules...
Screened 23000 molecules...
Screened 29100 molecules...
Screened 30600 molecules...
Screened 33500 molecules...
Screened 43500 molecules...
Screened 56000 molecules...
Screened 75300 molecules...
Screened 9700 molecules...
Screened 25400 molecules...
Screened 43800 molecules...
Screened 47300 molecules...
Screened 54100 molecules...
Screened 79800 molecules...
Screened 91800 molecules...
Screened 4900 molecules...
Screened 5300 molecules...
Screened 10500 molecules...
Screened 15900 molecules...
Screened 38000 molecules...
Screened 43400 molecules...
Screened 79500 molecules...
Screened 2300 molecules...
Screened 8900 molecules...
Screened 17600 molecules...
Screened 23400 molecules...
Screened 49000 molecules...
Screened 57700 molecules...
Screened 60800 molecules...
Screened 68900 molecules...
Screened 22300 molecules...
Screened 37600 molecules...
Screened 41600 molecules...
Screened 54400 molecules...
Screened 64800 molecules...
Screened 80500 molecules...
Screened 87900 molecules...
Screened 51300 molecules...
Screened 64900 molecules...
Screened 65800 molecules...
Screened 6200 molecules...
Screened 13200 molecules...
Screened 27100 molecules...
Screened 27700 molecules...
Screened 38500 molecules...
Screened 45300 molecules...
Screened 51900 molecules...
Screened 52300 molecules...
Screened 53100 molecules...
Screened 80600 molecules...
Screened 41400 molecules...
Screened 77600 molecules...
Screened 6600 molecules...
Screened 17700 molecules...
Screened 30800 molecules...
Screened 46400 molecules...
Screened 60300 molecules...
Screened 64500 molecules...
Screened 5800 molecules...
Screened 11400 molecules...
Screened 22500 molecules...
Screened 22600 molecules...
Screened 41700 molecules...
Screened 61800 molecules...
Screened 62800 molecules...
Screened 75500 molecules...
Screened 80900 molecules...
Screened 92600 molecules...
Screened 2000 molecules...
Screened 18700 molecules...
Screened 24900 molecules...
Screened 26400 molecules...
Screened 27300 molecules...
Screened 48100 molecules...
Screened 73000 molecules...
Screened 74300 molecules...
Screened 2100 molecules...
Screened 3800 molecules...
Screened 14600 molecules...
Screened 16100 molecules...
Screened 28800 molecules...
Screened 40800 molecules...
Screened 45900 molecules...
Screened 56200 molecules...
Screened 57600 molecules...
Screened 76600 molecules...
Screened 85800 molecules...
Screened 6100 molecules...
Screened 16000 molecules...
Screened 20700 molecules...
Screened 36600 molecules...
Screened 39400 molecules...
Screened 53800 molecules...
Screened 55000 molecules...
Screened 59900 molecules...
Screened 69000 molecules...
Screened 83900 molecules...
Screened 84400 molecules...
Screened 19100 molecules...
Screened 19500 molecules...
Screened 23700 molecules...
Screened 28700 molecules...
Screened 31700 molecules...
Screened 47500 molecules...
Screened 49300 molecules...
Screened 78900 molecules...
Screened 6800 molecules...
Screened 7200 molecules...
Screened 7300 molecules...
Screened 7400 molecules...
Screened 8800 molecules...
Screened 18300 molecules...
Screened 46800 molecules...
Screened 65300 molecules...
Screened 88400 molecules...
Screened 92400 molecules...
Screened 4000 molecules...
Screened 4100 molecules...
Screened 10400 molecules...
Screened 47600 molecules...
Screened 78300 molecules...
Screened 24000 molecules...
Screened 38900 molecules...
Screened 83100 molecules...
Screened 84000 molecules...
Screened 100 molecules...
Screened 7800 molecules...
Screened 12500 molecules...
Screened 37400 molecules...
Screened 42100 molecules...
Screened 52200 molecules...
Screened 58600 molecules...
Screened 75400 molecules...
Screened 90700 molecules...
Screened 27400 molecules...
Screened 38100 molecules...
Screened 39900 molecules...
Screened 47900 molecules...
Screened 51700 molecules...
Screened 54800 molecules...
Screened 88900 molecules...
Screened 10600 molecules...
Screened 18500 molecules...
Screened 52100 molecules...
Screened 58100 molecules...
Screened 59600 molecules...
Screened 68400 molecules...
Screened 74000 molecules...
Screened 89400 molecules...
Screened 8700 molecules...
Screened 18100 molecules...
Screened 49500 molecules...
Screened 55500 molecules...
Screened 92900 molecules...
Screened 5500 molecules...
Screened 6400 molecules...
Screened 7600 molecules...
Screened 37900 molecules...
Screened 46300 molecules...
Screened 54900 molecules...
Screened 58500 molecules...
Screened 77800 molecules...
Screened 16400 molecules...
Screened 37500 molecules...
Screened 64200 molecules...
Screened 75200 molecules...
Screened 85500 molecules...
Screened 86000 molecules...
Screened 10700 molecules...
Screened 11100 molecules...
Screened 29000 molecules...
Screened 43300 molecules...
Screened 73800 molecules...
Screened 81100 molecules...
Screened 39200 molecules...
Screened 41800 molecules...
Screened 53600 molecules...
Screened 65100 molecules...
Screened 65600 molecules...
Screened 69500 molecules...
Screened 71400 molecules...
Screened 78200 molecules...
Screened 89100 molecules...
Screened 12400 molecules...
Screened 31000 molecules...
Screened 39000 molecules...
Screened 53900 molecules...
Screened 56100 molecules...
Screened 81700 molecules...
Screened 5600 molecules...
Screened 18800 molecules...
Screened 63300 molecules...
Screened 70900 molecules...
Screened 11200 molecules...
Screened 19400 molecules...
Screened 23900 molecules...
Screened 58300 molecules...
Screened 77300 molecules...
Screened 34900 molecules...
Screened 64100 molecules...
Screened 71600 molecules...
Screened 51100 molecules...
Screened 69900 molecules...
Screened 80800 molecules...
Screened 15100 molecules...
Screened 32400 molecules...
Screened 34600 molecules...
Screened 39600 molecules...
Screened 41300 molecules...
Screened 61000 molecules...
Screened 70200 molecules...
Screened 78100 molecules...
Screened 81500 molecules...
Screened 85900 molecules...
Screened 86400 molecules...
Screened 86900 molecules...
Screened 3000 molecules...
Screened 73100 molecules...
Screened 74100 molecules...
Screened 92500 molecules...
Screened 14300 molecules...
Screened 18000 molecules...
Screened 26900 molecules...
Screened 36800 molecules...
Screened 53200 molecules...
Screened 64600 molecules...
Screened 79400 molecules...
Screened 83300 molecules...
Screened 89800 molecules...
Screened 30300 molecules...
Screened 57800 molecules...
Screened 62700 molecules...
Screened 72100 molecules...
Screened 82300 molecules...
Screened 93500 molecules...
Screened 32500 molecules...
Screened 65700 molecules...
Screened 72800 molecules...
Screened 74700 molecules...
Screened 84600 molecules...
Screened 91200 molecules...
Screened 13000 molecules...
Screened 16800 molecules...
Screened 23800 molecules...
Screened 62100 molecules...
Screened 73200 molecules...
Screened 80700 molecules...
Screened 6700 molecules...
Screened 18900 molecules...
Screened 32700 molecules...
Screened 33200 molecules...
Screened 36500 molecules...
Screened 46600 molecules...
Screened 61400 molecules...
Screened 67800 molecules...
Screened 70600 molecules...
Screened 90400 molecules...
Screened 11900 molecules...
Screened 12200 molecules...
Screened 16300 molecules...
Screened 24700 molecules...
Screened 28100 molecules...
Screened 30000 molecules...
Screened 78800 molecules...
Screened 91600 molecules...
Screened 2700 molecules...
Screened 25000 molecules...
Screened 53700 molecules...
Screened 11500 molecules...
Screened 11600 molecules...
Screened 23100 molecules...
Screened 30700 molecules...
Screened 56800 molecules...
Screened 67300 molecules...
Screened 82100 molecules...
Screened 90000 molecules...
Screened 4500 molecules...
Screened 32100 molecules...
Screened 49100 molecules...
Screened 53500 molecules...
Screened 79900 molecules...
Screened 85100 molecules...
Screened 88700 molecules...
Screened 90800 molecules...
Screened 93700 molecules...
Screened 3200 molecules...
Screened 5900 molecules...
Screened 25300 molecules...
Screened 32800 molecules...
Screened 34000 molecules...
Screened 57400 molecules...
Screened 65900 molecules...
Screened 73400 molecules...
Screened 84200 molecules...
Screened 85200 molecules...
Screened 85700 molecules...
Screened 86700 molecules...
Screened 87200 molecules...
Screened 8100 molecules...
Screened 20200 molecules...
Screened 21400 molecules...
Screened 33100 molecules...
Screened 34700 molecules...
Screened 40200 molecules...
Screened 64300 molecules...
Screened 87100 molecules...
Screened 4400 molecules...
Screened 13100 molecules...
Screened 42900 molecules...
Screened 44800 molecules...
Screened 74500 molecules...
Screened 91400 molecules...
Screened 22000 molecules...
Screened 50900 molecules...
Screened 1100 molecules...
Screened 3600 molecules...
Screened 24800 molecules...
Screened 37700 molecules...
Screened 42600 molecules...
Screened 45200 molecules...
Screened 45700 molecules...
Screened 52800 molecules...
Screened 60400 molecules...
Screened 75700 molecules...
Screened 79100 molecules...
Screened 83000 molecules...
Screened 3700 molecules...
Screened 9400 molecules...
Screened 13600 molecules...
Screened 14000 molecules...
Screened 31100 molecules...
Screened 35800 molecules...
Screened 50400 molecules...
Screened 87700 molecules...
Screened 16200 molecules...
Screened 40600 molecules...
Screened 58800 molecules...
Screened 61200 molecules...
Screened 69300 molecules...
Screened 86600 molecules...
Screened 1200 molecules...
Screened 15400 molecules...
Screened 25800 molecules...
Screened 37200 molecules...
Screened 38400 molecules...
Screened 53000 molecules...
Screened 54000 molecules...
Screened 66000 molecules...
Screened 77100 molecules...
Screened 85300 molecules...
Screened 63700 molecules...
Screened 67600 molecules...
Screened 82500 molecules...
Screened 87400 molecules...
Screened 89900 molecules...
Screened 91900 molecules...
Screened 15700 molecules...
Screened 46200 molecules...
Screened 48900 molecules...
Screened 71300 molecules...
Screened 71800 molecules...
Screened 84300 molecules...
Screened 91300 molecules...
Screened 9200 molecules...
Screened 12000 molecules...
Screened 15600 molecules...
Screened 28600 molecules...
Screened 36300 molecules...
Screened 52900 molecules...
Screened 83200 molecules...
Screened 4700 molecules...
Screened 5000 molecules...
Screened 13400 molecules...
Screened 14800 molecules...
Screened 15200 molecules...
Screened 17300 molecules...
Screened 32300 molecules...
Screened 40300 molecules...
Screened 61300 molecules...
Screened 90600 molecules...
Screened 6000 molecules...
Screened 22400 molecules...
Screened 22800 molecules...
Screened 30400 molecules...
Screened 43100 molecules...
Screened 47800 molecules...
Screened 56700 molecules...
Screened 59800 molecules...
Screened 67100 molecules...
Screened 76100 molecules...

Molecules in atom range [20, 30]: 46531
Found planar CID: 145928 | PCA=100.00% | RMSD=0.0003
Found planar CID: 181620 | PCA=99.99% | RMSD=0.0268
Found planar CID: 185042 | PCA=100.00% | RMSD=0.0090
Found planar CID: 149603 | PCA=99.97% | RMSD=0.0630
Found planar CID: 235565 | PCA=100.00% | RMSD=0.0010
Found planar CID: 19646 | PCA=99.99% | RMSD=0.0292
Found planar CID: 23750 | PCA=100.00% | RMSD=0.0018
Found planar CID: 95800 | PCA=100.00% | RMSD=0.0028
Found planar CID: 37160 | PCA=100.00% | RMSD=0.0113
Found planar CID: 100767 | PCA=100.00% | RMSD=0.0009
Found planar CID: 83175 | PCA=100.00% | RMSD=0.0157
Found planar CID: 182234 | PCA=100.00% | RMSD=0.0008
Found planar CID: 97014 | PCA=100.00% | RMSD=0.0009
Found planar CID: 230771 | PCA=100.00% | RMSD=0.0046
Found planar CID: 54937 | PCA=100.00% | RMSD=0.0006
Found planar CID: 148353 | PCA=100.00% | RMSD=0.0009
Found planar CID: 51395 | PCA=100.00% | RMSD=0.0055
Found planar CID: 233869 | PCA=99.97% | RMSD=0.0696
Found planar CID: 233992 | PCA=100.00% | RMSD=0.0037
Found planar CID: 65057 | PCA=100.00% | RMSD=0.0013
Found planar CID: 322 | PCA=100.00% | RMSD=0.0004
Found planar CID: 75696 | PCA=100.00% | RMSD=0.0001
Found planar CID: 50354 | PCA=100.00% | RMSD=0.0021
Found planar CID: 158067 | PCA=100.00% | RMSD=0.0127
Found planar CID: 209854 | PCA=100.00% | RMSD=0.0005
Found planar CID: 219827 | PCA=100.00% | RMSD=0.0017
Found planar CID: 222706 | PCA=100.00% | RMSD=0.0074
Found planar CID: 4757 | PCA=100.00% | RMSD=0.0004
Found planar CID: 70387 | PCA=100.00% | RMSD=0.0041
Found planar CID: 96306 | PCA=100.00% | RMSD=0.0094
Found planar CID: 9171 | PCA=100.00% | RMSD=0.0039
Found planar CID: 78147 | PCA=100.00% | RMSD=0.0011
Found planar CID: 195906 | PCA=100.00% | RMSD=0.0007
Found planar CID: 207893 | PCA=100.00% | RMSD=0.0073
Found planar CID: 94860 | PCA=100.00% | RMSD=0.0020
Found planar CID: 3022 | PCA=100.00% | RMSD=0.0027
Found planar CID: 228615 | PCA=100.00% | RMSD=0.0006
Found planar CID: 47237 | PCA=100.00% | RMSD=0.0020
Found planar CID: 137968 | PCA=100.00% | RMSD=0.0017
Found planar CID: 236487 | PCA=100.00% | RMSD=0.0009
Found planar CID: 37924 | PCA=100.00% | RMSD=0.0009
Found planar CID: 75246 | PCA=100.00% | RMSD=0.0055
Found planar CID: 17743 | PCA=100.00% | RMSD=0.0013
Found planar CID: 183943 | PCA=100.00% | RMSD=0.0055
Found planar CID: 154722 | PCA=100.00% | RMSD=0.0014
Found planar CID: 185610 | PCA=100.00% | RMSD=0.0012
Found planar CID: 6856 | PCA=100.00% | RMSD=0.0023
Found planar CID: 10658 | PCA=100.00% | RMSD=0.0003
Found planar CID: 15276 | PCA=99.99% | RMSD=0.0401
Found planar CID: 995 | PCA=100.00% | RMSD=0.0006
Found planar CID: 59153 | PCA=100.00% | RMSD=0.0005
Found planar CID: 179447 | PCA=100.00% | RMSD=0.0011
Found planar CID: 119445 | PCA=100.00% | RMSD=0.0028
Found planar CID: 69913 | PCA=100.00% | RMSD=0.0026
Found planar CID: 226259 | PCA=100.00% | RMSD=0.0065
Found planar CID: 248086 | PCA=100.00% | RMSD=0.0005
Found planar CID: 96844 | PCA=100.00% | RMSD=0.0011
Found planar CID: 98760 | PCA=100.00% | RMSD=0.0006
Found planar CID: 75590 | PCA=100.00% | RMSD=0.0007
Found planar CID: 97726 | PCA=99.98% | RMSD=0.0521
Found planar CID: 76381 | PCA=100.00% | RMSD=0.0034
Found planar CID: 186422 | PCA=99.99% | RMSD=0.0302
Found planar CID: 189313 | PCA=100.00% | RMSD=0.0232
Found planar CID: 232768 | PCA=100.00% | RMSD=0.0245
Found planar CID: 230981 | PCA=100.00% | RMSD=0.0021
Found planar CID: 232848 | PCA=100.00% | RMSD=0.0012
Found planar CID: 154783 | PCA=100.00% | RMSD=0.0003
Found planar CID: 115167 | PCA=100.00% | RMSD=0.0014
Found planar CID: 160698 | PCA=100.00% | RMSD=0.0021
Found planar CID: 55121 | PCA=100.00% | RMSD=0.0004
Found planar CID: 217217 | PCA=100.00% | RMSD=0.0026
Found planar CID: 128982 | PCA=100.00% | RMSD=0.0018
Found planar CID: 98574 | PCA=100.00% | RMSD=0.0011
Found planar CID: 27626 | PCA=99.99% | RMSD=0.0346
Found planar CID: 126664 | PCA=99.98% | RMSD=0.0600
Found planar CID: 9198 | PCA=100.00% | RMSD=0.0001
Found planar CID: 129090 | PCA=99.97% | RMSD=0.0633
Found planar CID: 171660 | PCA=100.00% | RMSD=0.0012
Found planar CID: 110614 | PCA=100.00% | RMSD=0.0116
Found planar CID: 238953 | PCA=100.00% | RMSD=0.0006
Found planar CID: 224110 | PCA=100.00% | RMSD=0.0015
Found planar CID: 228832 | PCA=100.00% | RMSD=0.0008
Found planar CID: 124862 | PCA=100.00% | RMSD=0.0011
Found planar CID: 157630 | PCA=100.00% | RMSD=0.0013
Found planar CID: 128913 | PCA=100.00% | RMSD=0.0004
Found planar CID: 223653 | PCA=100.00% | RMSD=0.0190
Found planar CID: 245500 | PCA=100.00% | RMSD=0.0046
Found planar CID: 42842 | PCA=100.00% | RMSD=0.0001
Found planar CID: 240800 | PCA=100.00% | RMSD=0.0096
Found planar CID: 13926 | PCA=100.00% | RMSD=0.0080
Found planar CID: 158898 | PCA=100.00% | RMSD=0.0158
Found planar CID: 94906 | PCA=100.00% | RMSD=0.0016
Found planar CID: 205679 | PCA=100.00% | RMSD=0.0035
Found planar CID: 18503 | PCA=100.00% | RMSD=0.0031
Found planar CID: 237822 | PCA=100.00% | RMSD=0.0036
Found planar CID: 2015 | PCA=100.00% | RMSD=0.0022
Found planar CID: 10187 | PCA=100.00% | RMSD=0.0009
Found planar CID: 5004 | PCA=100.00% | RMSD=0.0007
Found planar CID: 150887 | PCA=100.00% | RMSD=0.0002
Found planar CID: 6711 | PCA=100.00% | RMSD=0.0020
Found planar CID: 98834 | PCA=100.00% | RMSD=0.0116
Found planar CID: 28206 | PCA=100.00% | RMSD=0.0015
Found planar CID: 101219 | PCA=100.00% | RMSD=0.0005
Found planar CID: 95731 | PCA=100.00% | RMSD=0.0015
Found planar CID: 568 | PCA=100.00% | RMSD=0.0018
Found planar CID: 213892 | PCA=100.00% | RMSD=0.0043
Found planar CID: 232641 | PCA=100.00% | RMSD=0.0006
Found planar CID: 21707 | PCA=99.99% | RMSD=0.0453
Found planar CID: 140328 | PCA=100.00% | RMSD=0.0007
Found planar CID: 248624 | PCA=100.00% | RMSD=0.0009
Found planar CID: 127847 | PCA=100.00% | RMSD=0.0186
Found planar CID: 248092 | PCA=100.00% | RMSD=0.0088
Found planar CID: 109896 | PCA=99.97% | RMSD=0.0653
Found planar CID: 96016 | PCA=100.00% | RMSD=0.0004
Found planar CID: 33226 | PCA=100.00% | RMSD=0.0006
Found planar CID: 129954 | PCA=99.99% | RMSD=0.0377
Found planar CID: 60743 | PCA=100.00% | RMSD=0.0008
Found planar CID: 99507 | PCA=99.96% | RMSD=0.0622
Found planar CID: 181936 | PCA=100.00% | RMSD=0.0007
Found planar CID: 137200 | PCA=100.00% | RMSD=0.0009
Found planar CID: 81336 | PCA=100.00% | RMSD=0.0012
Found planar CID: 93552 | PCA=100.00% | RMSD=0.0004
Found planar CID: 35619 | PCA=99.99% | RMSD=0.0406
Found planar CID: 70821 | PCA=100.00% | RMSD=0.0006
Found planar CID: 188875 | PCA=100.00% | RMSD=0.0011
Found planar CID: 186095 | PCA=100.00% | RMSD=0.0061
Found planar CID: 85466 | PCA=99.99% | RMSD=0.0336
Found planar CID: 149344 | PCA=100.00% | RMSD=0.0016
Found planar CID: 8511 | PCA=100.00% | RMSD=0.0013
Found planar CID: 239966 | PCA=100.00% | RMSD=0.0144
Found planar CID: 75180 | PCA=100.00% | RMSD=0.0113
Found planar CID: 65739 | PCA=100.00% | RMSD=0.0011
Found planar CID: 9191 | PCA=100.00% | RMSD=0.0003
Found planar CID: 20450 | PCA=100.00% | RMSD=0.0013
Found planar CID: 154840 | PCA=100.00% | RMSD=0.0010
Found planar CID: 249068 | PCA=99.97% | RMSD=0.0569
Found planar CID: 25759 | PCA=100.00% | RMSD=0.0010
Found planar CID: 148832 | PCA=100.00% | RMSD=0.0013
Found planar CID: 97716 | PCA=99.99% | RMSD=0.0373
Found planar CID: 249385 | PCA=99.96% | RMSD=0.0664
Found planar CID: 192744 | PCA=100.00% | RMSD=0.0134
Found planar CID: 19213 | PCA=100.00% | RMSD=0.0011
Found planar CID: 30939 | PCA=100.00% | RMSD=0.0004
Found planar CID: 72789 | PCA=99.96% | RMSD=0.0649
Found planar CID: 29128 | PCA=100.00% | RMSD=0.0016
Found planar CID: 200087 | PCA=100.00% | RMSD=0.0002
Found planar CID: 6854 | PCA=100.00% | RMSD=0.0002
Found planar CID: 20813 | PCA=100.00% | RMSD=0.0009
Found planar CID: 6293 | PCA=100.00% | RMSD=0.0003
Found planar CID: 53524 | PCA=100.00% | RMSD=0.0002
Found planar CID: 6688 | PCA=100.00% | RMSD=0.0053
Found planar CID: 242879 | PCA=99.99% | RMSD=0.0303
Found planar CID: 75531 | PCA=99.99% | RMSD=0.0301
Found planar CID: 84651 | PCA=99.98% | RMSD=0.0462
Found planar CID: 149432 | PCA=100.00% | RMSD=0.0007
Found planar CID: 67483 | PCA=100.00% | RMSD=0.0055
Found planar CID: 147517 | PCA=100.00% | RMSD=0.0003
Found planar CID: 249687 | PCA=100.00% | RMSD=0.0008
Found planar CID: 9154 | PCA=100.00% | RMSD=0.0006
Found planar CID: 146683 | PCA=99.98% | RMSD=0.0461
Found planar CID: 55123 | PCA=100.00% | RMSD=0.0010
Found planar CID: 190232 | PCA=99.99% | RMSD=0.0307
Found planar CID: 154873 | PCA=100.00% | RMSD=0.0014
Found planar CID: 234665 | PCA=100.00% | RMSD=0.0017
Found planar CID: 193288 | PCA=100.00% | RMSD=0.0005
Found planar CID: 65365 | PCA=100.00% | RMSD=0.0210
Found planar CID: 126468 | PCA=99.97% | RMSD=0.0460
Found planar CID: 193838 | PCA=100.00% | RMSD=0.0084
Found planar CID: 239150 | PCA=100.00% | RMSD=0.0003
Found planar CID: 187834 | PCA=100.00% | RMSD=0.0022
Found planar CID: 153621 | PCA=100.00% | RMSD=0.0197
Found planar CID: 249387 | PCA=99.96% | RMSD=0.0651
Found planar CID: 245787 | PCA=100.00% | RMSD=0.0035
Found planar CID: 123242 | PCA=100.00% | RMSD=0.0098
Found planar CID: 90620 | PCA=100.00% | RMSD=0.0035
Found planar CID: 32787 | PCA=100.00% | RMSD=0.0008
Found planar CID: 122989 | PCA=100.00% | RMSD=0.0042
Found planar CID: 42954 | PCA=100.00% | RMSD=0.0004
Found planar CID: 155600 | PCA=100.00% | RMSD=0.0025
Found planar CID: 240855 | PCA=100.00% | RMSD=0.0030
Found planar CID: 84193 | PCA=100.00% | RMSD=0.0025
Found planar CID: 149103 | PCA=100.00% | RMSD=0.0061
Found planar CID: 160333 | PCA=100.00% | RMSD=0.0002
Found planar CID: 29238 | PCA=100.00% | RMSD=0.0136
Found planar CID: 242578 | PCA=100.00% | RMSD=0.0087
Found planar CID: 145667 | PCA=100.00% | RMSD=0.0058
Found planar CID: 184046 | PCA=100.00% | RMSD=0.0004
Found planar CID: 223669 | PCA=100.00% | RMSD=0.0005
Found planar CID: 140870 | PCA=100.00% | RMSD=0.0088
Found planar CID: 201640 | PCA=100.00% | RMSD=0.0025
Found planar CID: 169216 | PCA=99.99% | RMSD=0.0432
Found planar CID: 115206 | PCA=100.00% | RMSD=0.0019
Found planar CID: 125394 | PCA=100.00% | RMSD=0.0004
Found planar CID: 235823 | PCA=100.00% | RMSD=0.0004
Found planar CID: 248578 | PCA=100.00% | RMSD=0.0011
Found planar CID: 158074 | PCA=100.00% | RMSD=0.0009
Found planar CID: 236491 | PCA=100.00% | RMSD=0.0005
Found planar CID: 241428 | PCA=100.00% | RMSD=0.0091
Found planar CID: 66862 | PCA=99.97% | RMSD=0.0706
Found planar CID: 10215 | PCA=100.00% | RMSD=0.0032
Found planar CID: 68485 | PCA=100.00% | RMSD=0.0008
Found planar CID: 146422 | PCA=100.00% | RMSD=0.0165
Found planar CID: 67476 | PCA=100.00% | RMSD=0.0002
Found planar CID: 6796 | PCA=100.00% | RMSD=0.0002
Found planar CID: 220630 | PCA=99.98% | RMSD=0.0689
Found planar CID: 148245 | PCA=100.00% | RMSD=0.0026
Found planar CID: 160579 | PCA=100.00% | RMSD=0.0026
Found planar CID: 77125 | PCA=100.00% | RMSD=0.0014
Found planar CID: 14355 | PCA=100.00% | RMSD=0.0015
Found planar CID: 146494 | PCA=100.00% | RMSD=0.0252
Found planar CID: 118643 | PCA=100.00% | RMSD=0.0124
Found planar CID: 151557 | PCA=100.00% | RMSD=0.0078
Found planar CID: 181581 | PCA=99.99% | RMSD=0.0245
Found planar CID: 69750 | PCA=100.00% | RMSD=0.0154
Found planar CID: 69743 | PCA=100.00% | RMSD=0.0033
Found planar CID: 174201 | PCA=99.99% | RMSD=0.0259
Found planar CID: 29159 | PCA=100.00% | RMSD=0.0005
Found planar CID: 121026 | PCA=100.00% | RMSD=0.0032
Found planar CID: 199411 | PCA=100.00% | RMSD=0.0009
Found planar CID: 139087 | PCA=99.99% | RMSD=0.0348
Found planar CID: 181788 | PCA=100.00% | RMSD=0.0002
Found planar CID: 238924 | PCA=100.00% | RMSD=0.0008
Found planar CID: 100304 | PCA=99.98% | RMSD=0.0477
Found planar CID: 18031 | PCA=100.00% | RMSD=0.0170
Found planar CID: 178753 | PCA=100.00% | RMSD=0.0005
Found planar CID: 200861 | PCA=99.97% | RMSD=0.0680
Found planar CID: 21510 | PCA=100.00% | RMSD=0.0003
Found planar CID: 155679 | PCA=100.00% | RMSD=0.0003
Found planar CID: 9362 | PCA=100.00% | RMSD=0.0004
Found planar CID: 235922 | PCA=100.00% | RMSD=0.0040
Found planar CID: 71146 | PCA=100.00% | RMSD=0.0010
Found planar CID: 129734 | PCA=99.98% | RMSD=0.0594
Found planar CID: 6749 | PCA=100.00% | RMSD=0.0172
Found planar CID: 53144 | PCA=100.00% | RMSD=0.0006
Found planar CID: 99128 | PCA=99.98% | RMSD=0.0481
Found planar CID: 74100 | PCA=100.00% | RMSD=0.0022
Found planar CID: 199968 | PCA=100.00% | RMSD=0.0002
Found planar CID: 182228 | PCA=99.96% | RMSD=0.0714
Found planar CID: 41664 | PCA=99.98% | RMSD=0.0561
Found planar CID: 2046 | PCA=100.00% | RMSD=0.0011
Found planar CID: 158929 | PCA=100.00% | RMSD=0.0005
Found planar CID: 11803 | PCA=100.00% | RMSD=0.0033
Found planar CID: 18354 | PCA=100.00% | RMSD=0.0002
Found planar CID: 245129 | PCA=100.00% | RMSD=0.0009
Found planar CID: 11411 | PCA=99.98% | RMSD=0.0450
Found planar CID: 155407 | PCA=100.00% | RMSD=0.0009
Found planar CID: 37925 | PCA=100.00% | RMSD=0.0012
Found planar CID: 6051 | PCA=99.97% | RMSD=0.0684
Found planar CID: 11768 | PCA=100.00% | RMSD=0.0006
Found planar CID: 34444 | PCA=100.00% | RMSD=0.0261
Found planar CID: 153622 | PCA=100.00% | RMSD=0.0003
Found planar CID: 242579 | PCA=99.96% | RMSD=0.0762
Found planar CID: 62134 | PCA=100.00% | RMSD=0.0007
Found planar CID: 225930 | PCA=100.00% | RMSD=0.0257
Found planar CID: 16820 | PCA=100.00% | RMSD=0.0002
Found planar CID: 63337 | PCA=100.00% | RMSD=0.0028
Found planar CID: 85557 | PCA=100.00% | RMSD=0.0007
Found planar CID: 241981 | PCA=99.97% | RMSD=0.0556
Found planar CID: 161492 | PCA=100.00% | RMSD=0.0006
Found planar CID: 55126 | PCA=100.00% | RMSD=0.0014
Found planar CID: 177587 | PCA=99.98% | RMSD=0.0655
Found planar CID: 40322 | PCA=100.00% | RMSD=0.0012
Found planar CID: 42613 | PCA=100.00% | RMSD=0.0003
Found planar CID: 163936 | PCA=100.00% | RMSD=0.0083
Found planar CID: 150664 | PCA=100.00% | RMSD=0.0015
Found planar CID: 93470 | PCA=100.00% | RMSD=0.0019
Found planar CID: 66491 | PCA=100.00% | RMSD=0.0007
Found planar CID: 35842 | PCA=100.00% | RMSD=0.0040
Found planar CID: 238900 | PCA=100.00% | RMSD=0.0097
Found planar CID: 158075 | PCA=100.00% | RMSD=0.0011
Found planar CID: 84568 | PCA=100.00% | RMSD=0.0008
Found planar CID: 186694 | PCA=100.00% | RMSD=0.0055
Found planar CID: 145720 | PCA=100.00% | RMSD=0.0037
Found planar CID: 66589 | PCA=100.00% | RMSD=0.0016
Found planar CID: 7080 | PCA=100.00% | RMSD=0.0010
Found planar CID: 133155 | PCA=100.00% | RMSD=0.0051
Found planar CID: 7595 | PCA=100.00% | RMSD=0.0008
Found planar CID: 214614 | PCA=100.00% | RMSD=0.0016
Found planar CID: 100489 | PCA=100.00% | RMSD=0.0030
Found planar CID: 27481 | PCA=99.98% | RMSD=0.0395
Found planar CID: 12069 | PCA=100.00% | RMSD=0.0003
Found planar CID: 96327 | PCA=100.00% | RMSD=0.0022
Found planar CID: 249674 | PCA=99.96% | RMSD=0.0658
Found planar CID: 53430 | PCA=100.00% | RMSD=0.0035
Found planar CID: 7020 | PCA=100.00% | RMSD=0.0005
Found planar CID: 221609 | PCA=100.00% | RMSD=0.0027
Found planar CID: 186153 | PCA=100.00% | RMSD=0.0051
Found planar CID: 104988 | PCA=99.99% | RMSD=0.0317
Found planar CID: 140496 | PCA=100.00% | RMSD=0.0075
Found planar CID: 154726 | PCA=100.00% | RMSD=0.0037
Found planar CID: 74445 | PCA=100.00% | RMSD=0.0013
Found planar CID: 204782 | PCA=100.00% | RMSD=0.0007
Found planar CID: 10141 | PCA=100.00% | RMSD=0.0001
Found planar CID: 101245 | PCA=100.00% | RMSD=0.0112
Found planar CID: 92948 | PCA=100.00% | RMSD=0.0194
Found planar CID: 94723 | PCA=100.00% | RMSD=0.0033
Found planar CID: 42130 | PCA=100.00% | RMSD=0.0008
Found planar CID: 10310 | PCA=100.00% | RMSD=0.0006
Found planar CID: 106481 | PCA=100.00% | RMSD=0.0014
Found planar CID: 186197 | PCA=100.00% | RMSD=0.0125
Found planar CID: 228031 | PCA=99.99% | RMSD=0.0229
Found planar CID: 37487 | PCA=100.00% | RMSD=0.0106
Found planar CID: 73745 | PCA=99.98% | RMSD=0.0486
Found planar CID: 215899 | PCA=99.97% | RMSD=0.0615
Found planar CID: 76138 | PCA=99.97% | RMSD=0.0532
Found planar CID: 38193 | PCA=100.00% | RMSD=0.0024
Found planar CID: 84548 | PCA=99.99% | RMSD=0.0415
Found planar CID: 70848 | PCA=100.00% | RMSD=0.0044
Found planar CID: 182504 | PCA=100.00% | RMSD=0.0059
Found planar CID: 165333 | PCA=100.00% | RMSD=0.0004
Found planar CID: 153117 | PCA=100.00% | RMSD=0.0024
Found planar CID: 88450 | PCA=100.00% | RMSD=0.0006
Found planar CID: 96730 | PCA=100.00% | RMSD=0.0011
Found planar CID: 31420 | PCA=100.00% | RMSD=0.0007
Found planar CID: 7686 | PCA=100.00% | RMSD=0.0003
Found planar CID: 14330 | PCA=100.00% | RMSD=0.0005
Found planar CID: 232489 | PCA=100.00% | RMSD=0.0051
Found planar CID: 220843 | PCA=100.00% | RMSD=0.0013
Found planar CID: 238939 | PCA=100.00% | RMSD=0.0024
Found planar CID: 245112 | PCA=100.00% | RMSD=0.0010
Found planar CID: 22849 | PCA=100.00% | RMSD=0.0010
Found planar CID: 182483 | PCA=99.98% | RMSD=0.0564
Found planar CID: 55119 | PCA=100.00% | RMSD=0.0002
Found planar CID: 105578 | PCA=100.00% | RMSD=0.0049
Found planar CID: 2053 | PCA=100.00% | RMSD=0.0068
Found planar CID: 219752 | PCA=99.96% | RMSD=0.0623
Found planar CID: 11077 | PCA=100.00% | RMSD=0.0025
Found planar CID: 235576 | PCA=99.99% | RMSD=0.0375
Found planar CID: 55507 | PCA=100.00% | RMSD=0.0038
Found planar CID: 96017 | PCA=100.00% | RMSD=0.0004
Found planar CID: 147575 | PCA=100.00% | RMSD=0.0005
Found planar CID: 105022 | PCA=100.00% | RMSD=0.0205
Found planar CID: 12856 | PCA=100.00% | RMSD=0.0146
Found planar CID: 96305 | PCA=100.00% | RMSD=0.0040
Found planar CID: 115017 | PCA=100.00% | RMSD=0.0007
Found planar CID: 32437 | PCA=100.00% | RMSD=0.0005
Found planar CID: 224102 | PCA=100.00% | RMSD=0.0008
Found planar CID: 14547 | PCA=100.00% | RMSD=0.0110
Found planar CID: 136048 | PCA=100.00% | RMSD=0.0005
Found planar CID: 1884 | PCA=100.00% | RMSD=0.0004
Found planar CID: 159957 | PCA=100.00% | RMSD=0.0007
Found planar CID: 154790 | PCA=100.00% | RMSD=0.0016
Found planar CID: 249993 | PCA=100.00% | RMSD=0.0046
Found planar CID: 55490 | PCA=100.00% | RMSD=0.0015
Found planar CID: 121025 | PCA=99.99% | RMSD=0.0343
Found planar CID: 186251 | PCA=100.00% | RMSD=0.0041
Found planar CID: 159627 | PCA=100.00% | RMSD=0.0009
Found planar CID: 67469 | PCA=100.00% | RMSD=0.0098
Found planar CID: 68445 | PCA=100.00% | RMSD=0.0005
Found planar CID: 98598 | PCA=99.99% | RMSD=0.0331
Found planar CID: 150151 | PCA=100.00% | RMSD=0.0015
Found planar CID: 235758 | PCA=100.00% | RMSD=0.0015
Found planar CID: 217664 | PCA=100.00% | RMSD=0.0033
Found planar CID: 146573 | PCA=100.00% | RMSD=0.0017
Found planar CID: 217195 | PCA=100.00% | RMSD=0.0005
Found planar CID: 89952 | PCA=99.99% | RMSD=0.0258
Found planar CID: 162883 | PCA=100.00% | RMSD=0.0008
Found planar CID: 182098 | PCA=100.00% | RMSD=0.0011
Found planar CID: 169678 | PCA=100.00% | RMSD=0.0014
Found planar CID: 192719 | PCA=100.00% | RMSD=0.0004
Found planar CID: 54849 | PCA=100.00% | RMSD=0.0038
Found planar CID: 231378 | PCA=100.00% | RMSD=0.0007
Found planar CID: 137754 | PCA=100.00% | RMSD=0.0032
Found planar CID: 10677 | PCA=100.00% | RMSD=0.0026
Found planar CID: 118849 | PCA=100.00% | RMSD=0.0005
Found planar CID: 176661 | PCA=100.00% | RMSD=0.0008
Found planar CID: 135262 | PCA=100.00% | RMSD=0.0005
Found planar CID: 11080 | PCA=100.00% | RMSD=0.0009
Found planar CID: 221013 | PCA=100.00% | RMSD=0.0018
Found planar CID: 2950 | PCA=100.00% | RMSD=0.0005
Found planar CID: 160449 | PCA=100.00% | RMSD=0.0008
Found planar CID: 55571 | PCA=100.00% | RMSD=0.0012
Found planar CID: 150156 | PCA=100.00% | RMSD=0.0012
Found planar CID: 233069 | PCA=99.96% | RMSD=0.0644
Found planar CID: 158064 | PCA=100.00% | RMSD=0.0016
Request failed for CID 158064: HTTPSConnectionPool(host='69.12.4.38', port=443): Read timed out. (read timeout=10)
Traceback (most recent call last):
  File "/home/sethih1/masque_new/ters_gen/server_download/copy_server.py", line 199, in <module>
    main()
  File "/home/sethih1/masque_new/ters_gen/server_download/copy_server.py", line 191, in main
    f.write(print_gaussian_input(cid, mol, nproc=nproc))
            ^^^^^^^^^^^^^^^^^^^^^^^^^^^^^^^^^^^^^^^^^^^
  File "/home/sethih1/masque_new/ters_gen/server_download/copy_server.py", line 105, in print_gaussian_input
    Z = molecule_data['Z']
        ~~~~~~~~~~~~~^^^^^
TypeError: 'NoneType' object is not subscriptable
Job finished at Mon Jun 23 18:13:24 EEST 2025
