Job started at Wed Jun 25 00:07:55 EEST 2025
Running on host milan31.int.triton.aalto.fi
Using 32 CPUs
Using 128 CPUs to screen 93757 molecules with atom range [30, 50] and RMSD ≤ 0.1
Screened 39200 molecules...
Screened 47700 molecules...
Screened 63200 molecules...
Screened 17200 molecules...
Screened 31100 molecules...
Screened 35300 molecules...
Screened 26100 molecules...
Screened 45400 molecules...
Screened 46800 molecules...
Screened 65400 molecules...
Screened 75900 molecules...
Screened 80200 molecules...
Screened 42000 molecules...
Screened 47900 molecules...
Screened 65300 molecules...
Screened 75600 molecules...
Screened 85300 molecules...
Screened 92200 molecules...
Screened 14300 molecules...
Screened 33800 molecules...
Screened 35200 molecules...
Screened 57400 molecules...
Screened 73800 molecules...
Screened 12100 molecules...
Screened 13500 molecules...
Screened 33500 molecules...
Screened 39300 molecules...
Screened 56400 molecules...
Screened 61000 molecules...
Screened 65500 molecules...
Screened 78100 molecules...
Screened 82900 molecules...
Screened 3100 molecules...
Screened 35700 molecules...
Screened 38900 molecules...
Screened 65000 molecules...
Screened 73700 molecules...
Screened 86300 molecules...
Screened 91400 molecules...
Screened 12700 molecules...
Screened 25300 molecules...
Screened 27200 molecules...
Screened 34500 molecules...
Screened 41000 molecules...
Screened 74100 molecules...
Screened 12300 molecules...
Screened 13700 molecules...
Screened 20600 molecules...
Screened 47500 molecules...
Screened 51700 molecules...
Screened 54400 molecules...
Screened 59400 molecules...
Screened 71100 molecules...
Screened 76600 molecules...
Screened 5200 molecules...
Screened 23900 molecules...
Screened 24400 molecules...
Screened 30500 molecules...
Screened 41400 molecules...
Screened 44200 molecules...
Screened 66900 molecules...
Screened 79200 molecules...
Screened 83600 molecules...
Screened 85000 molecules...
Screened 85500 molecules...
Screened 16000 molecules...
Screened 22100 molecules...
Screened 45600 molecules...
Screened 1300 molecules...
Screened 3900 molecules...
Screened 8400 molecules...
Screened 30000 molecules...
Screened 56700 molecules...
Screened 62300 molecules...
Screened 62700 molecules...
Screened 64600 molecules...
Screened 70300 molecules...
Screened 83500 molecules...
Screened 20900 molecules...
Screened 35500 molecules...
Screened 36900 molecules...
Screened 42600 molecules...
Screened 51400 molecules...
Screened 68700 molecules...
Screened 92000 molecules...
Screened 6200 molecules...
Screened 14000 molecules...
Screened 17100 molecules...
Screened 33900 molecules...
Screened 41600 molecules...
Screened 45300 molecules...
Screened 46700 molecules...
Screened 48800 molecules...
Screened 88900 molecules...
Screened 89300 molecules...
Screened 89800 molecules...
Screened 12600 molecules...
Screened 19700 molecules...
Screened 34300 molecules...
Screened 57900 molecules...
Screened 68200 molecules...
Screened 84300 molecules...
Screened 35800 molecules...
Screened 54000 molecules...
Screened 9700 molecules...
Screened 25600 molecules...
Screened 67500 molecules...
Screened 11200 molecules...
Screened 26700 molecules...
Screened 32800 molecules...
Screened 46100 molecules...
Screened 64100 molecules...
Screened 69200 molecules...
Screened 75700 molecules...
Screened 77700 molecules...
Screened 82100 molecules...
Screened 87100 molecules...
Screened 20400 molecules...
Screened 29000 molecules...
Screened 31800 molecules...
Screened 35400 molecules...
Screened 46400 molecules...
Screened 82200 molecules...
Screened 4000 molecules...
Screened 32000 molecules...
Screened 2500 molecules...
Screened 9300 molecules...
Screened 18000 molecules...
Screened 39400 molecules...
Screened 59200 molecules...
Screened 60600 molecules...
Screened 89100 molecules...
Screened 1100 molecules...
Screened 12800 molecules...
Screened 18900 molecules...
Screened 51000 molecules...
Screened 77100 molecules...
Screened 77600 molecules...
Screened 91100 molecules...
Screened 6000 molecules...
Screened 20500 molecules...
Screened 29400 molecules...
Screened 53000 molecules...
Screened 62000 molecules...
Screened 65700 molecules...
Screened 90500 molecules...
Screened 91000 molecules...
Screened 16300 molecules...
Screened 23700 molecules...
Screened 26400 molecules...
Screened 37100 molecules...
Screened 41800 molecules...
Screened 46300 molecules...
Screened 50500 molecules...
Screened 54200 molecules...
Screened 65800 molecules...
Screened 87700 molecules...
Screened 91600 molecules...
Screened 28900 molecules...
Screened 30300 molecules...
Screened 33300 molecules...
Screened 48300 molecules...
Screened 49700 molecules...
Screened 52500 molecules...
Screened 72900 molecules...
Screened 73400 molecules...
Screened 75300 molecules...
Screened 79100 molecules...
Screened 83000 molecules...
Screened 84500 molecules...
Screened 92500 molecules...
Screened 10400 molecules...
Screened 12000 molecules...
Screened 19100 molecules...
Screened 22500 molecules...
Screened 52200 molecules...
Screened 58100 molecules...
Screened 81000 molecules...
Screened 86500 molecules...
Screened 88500 molecules...
Screened 4700 molecules...
Screened 10900 molecules...
Screened 14200 molecules...
Screened 22900 molecules...
Screened 33100 molecules...
Screened 49800 molecules...
Screened 59300 molecules...
Screened 60700 molecules...
Screened 61200 molecules...
Screened 84400 molecules...
Screened 17300 molecules...
Screened 41900 molecules...
Screened 51500 molecules...
Screened 52900 molecules...
Screened 78600 molecules...
Screened 24300 molecules...
Screened 24800 molecules...
Screened 69700 molecules...
Screened 82500 molecules...
Screened 6100 molecules...
Screened 14500 molecules...
Screened 15900 molecules...
Screened 44700 molecules...
Screened 64900 molecules...
Screened 66300 molecules...
Screened 69000 molecules...
Screened 69500 molecules...
Screened 81100 molecules...
Screened 45000 molecules...
Screened 50100 molecules...
Screened 55600 molecules...
Screened 72800 molecules...
Screened 78000 molecules...
Screened 81500 molecules...
Screened 9800 molecules...
Screened 10300 molecules...
Screened 18600 molecules...
Screened 20000 molecules...
Screened 40800 molecules...
Screened 43800 molecules...
Screened 46000 molecules...
Screened 89500 molecules...
Screened 10000 molecules...
Screened 16700 molecules...
Screened 25500 molecules...
Screened 43400 molecules...
Screened 44300 molecules...
Screened 57300 molecules...
Screened 63800 molecules...
Screened 78500 molecules...
Screened 4300 molecules...
Screened 10200 molecules...
Screened 17500 molecules...
Screened 48400 molecules...
Screened 50700 molecules...
Screened 55900 molecules...
Screened 74300 molecules...
Screened 83800 molecules...
Screened 86800 molecules...
Screened 24600 molecules...
Screened 26000 molecules...
Screened 27400 molecules...
Screened 28800 molecules...
Screened 56300 molecules...
Screened 62800 molecules...
Screened 93400 molecules...
Screened 21300 molecules...
Screened 32900 molecules...
Screened 48900 molecules...
Screened 53100 molecules...
Screened 57500 molecules...
Screened 61700 molecules...
Screened 1800 molecules...
Screened 20300 molecules...
Screened 40900 molecules...
Screened 49000 molecules...
Screened 62500 molecules...
Screened 64800 molecules...
Screened 68800 molecules...
Screened 2000 molecules...
Screened 18400 molecules...
Screened 42500 molecules...
Screened 54600 molecules...
Screened 63400 molecules...
Screened 71500 molecules...
Screened 77000 molecules...
Screened 80400 molecules...
Screened 14400 molecules...
Screened 18800 molecules...
Screened 22700 molecules...
Screened 26800 molecules...
Screened 37800 molecules...
Screened 52600 molecules...
Screened 74800 molecules...
Screened 13400 molecules...
Screened 21200 molecules...
Screened 32700 molecules...
Screened 83400 molecules...
Screened 2200 molecules...
Screened 55800 molecules...
Screened 70400 molecules...
Screened 29800 molecules...
Screened 45200 molecules...
Screened 55300 molecules...
Screened 61900 molecules...
Screened 70200 molecules...
Screened 87400 molecules...
Screened 87900 molecules...
Screened 93300 molecules...
Screened 8100 molecules...
Screened 13300 molecules...
Screened 19300 molecules...
Screened 27000 molecules...
Screened 33000 molecules...
Screened 72000 molecules...
Screened 88600 molecules...
Screened 19200 molecules...
Screened 24200 molecules...
Screened 38400 molecules...
Screened 47800 molecules...
Screened 82400 molecules...
Screened 100 molecules...
Screened 7100 molecules...
Screened 14800 molecules...
Screened 23600 molecules...
Screened 36400 molecules...
Screened 44600 molecules...
Screened 49300 molecules...
Screened 10100 molecules...
Screened 18100 molecules...
Screened 26600 molecules...
Screened 37200 molecules...
Screened 39100 molecules...
Screened 48700 molecules...
Screened 58700 molecules...
Screened 89600 molecules...
Screened 90100 molecules...
Screened 90600 molecules...
Screened 4500 molecules...
Screened 6400 molecules...
Screened 8700 molecules...
Screened 13900 molecules...
Screened 18300 molecules...
Screened 25800 molecules...
Screened 47100 molecules...
Screened 54700 molecules...
Screened 77900 molecules...
Screened 90300 molecules...
Screened 90800 molecules...
Screened 91300 molecules...
Screened 900 molecules...
Screened 43500 molecules...
Screened 45700 molecules...
Screened 57800 molecules...
Screened 9500 molecules...
Screened 34400 molecules...
Screened 39800 molecules...
Screened 47600 molecules...
Screened 60500 molecules...
Screened 63700 molecules...
Screened 84000 molecules...
Screened 2600 molecules...
Screened 9000 molecules...
Screened 21100 molecules...
Screened 31000 molecules...
Screened 46900 molecules...
Screened 66000 molecules...
Screened 72100 molecules...
Screened 79700 molecules...
Screened 32500 molecules...
Screened 38500 molecules...
Screened 39000 molecules...
Screened 40100 molecules...
Screened 42400 molecules...
Screened 48000 molecules...
Screened 68000 molecules...
Screened 6900 molecules...
Screened 11600 molecules...
Screened 16900 molecules...
Screened 23000 molecules...
Screened 24900 molecules...
Screened 60100 molecules...
Screened 62900 molecules...
Screened 66100 molecules...
Screened 76200 molecules...
Screened 76700 molecules...
Screened 700 molecules...
Screened 15800 molecules...
Screened 17900 molecules...
Screened 23300 molecules...
Screened 44400 molecules...
Screened 62200 molecules...
Screened 63500 molecules...
Screened 69800 molecules...
Screened 8500 molecules...
Screened 26900 molecules...
Screened 32200 molecules...
Screened 45500 molecules...
Screened 53800 molecules...
Screened 72200 molecules...
Screened 20100 molecules...
Screened 29500 molecules...
Screened 37900 molecules...
Screened 45100 molecules...
Screened 53300 molecules...
Screened 78900 molecules...
Screened 11800 molecules...
Screened 17000 molecules...
Screened 17400 molecules...
Screened 22000 molecules...
Screened 27600 molecules...
Screened 30400 molecules...
Screened 37400 molecules...
Screened 41200 molecules...
Screened 44000 molecules...
Screened 50000 molecules...
Screened 53700 molecules...
Screened 88000 molecules...
Screened 39700 molecules...
Screened 53200 molecules...
Screened 54500 molecules...
Screened 70500 molecules...
Screened 74400 molecules...
Screened 82700 molecules...
Screened 2800 molecules...
Screened 12900 molecules...
Screened 18200 molecules...
Screened 43000 molecules...
Screened 49100 molecules...
Screened 54100 molecules...
Screened 55500 molecules...
Screened 65900 molecules...
Screened 70000 molecules...
Screened 77200 molecules...
Screened 93200 molecules...
Screened 1600 molecules...
Screened 11400 molecules...
Screened 53900 molecules...
Screened 72500 molecules...
Screened 79600 molecules...
Screened 27700 molecules...
Screened 40600 molecules...
Screened 59600 molecules...
Screened 66800 molecules...
Screened 71800 molecules...
Screened 80500 molecules...
Screened 3600 molecules...
Screened 13800 molecules...
Screened 31600 molecules...
Screened 40500 molecules...
Screened 71600 molecules...
Screened 83900 molecules...
Screened 2400 molecules...
Screened 57000 molecules...
Screened 77500 molecules...
Screened 77400 molecules...
Screened 82300 molecules...
Screened 90900 molecules...
Screened 1000 molecules...
Screened 21700 molecules...
Screened 28300 molecules...
Screened 30600 molecules...
Screened 38100 molecules...
Screened 50200 molecules...
Screened 56200 molecules...
Screened 73900 molecules...
Screened 86000 molecules...
Screened 91500 molecules...
Screened 2700 molecules...
Screened 26500 molecules...
Screened 87300 molecules...
Screened 87800 molecules...
Screened 88300 molecules...
Screened 1700 molecules...
Screened 7700 molecules...
Screened 27100 molecules...
Screened 30800 molecules...
Screened 79400 molecules...
Screened 3000 molecules...
Screened 28100 molecules...
Screened 40700 molecules...
Screened 56000 molecules...
Screened 70800 molecules...
Screened 85800 molecules...
Screened 91900 molecules...
Screened 92400 molecules...
Screened 3700 molecules...
Screened 7900 molecules...
Screened 13600 molecules...
Screened 14600 molecules...
Screened 22400 molecules...
Screened 40000 molecules...
Screened 67600 molecules...
Screened 81200 molecules...
Screened 81700 molecules...
Screened 200 molecules...
Screened 88700 molecules...
Screened 22800 molecules...
Screened 31200 molecules...
Screened 34000 molecules...
Screened 69400 molecules...
Screened 72600 molecules...
Screened 2900 molecules...
Screened 6600 molecules...
Screened 13000 molecules...
Screened 24500 molecules...
Screened 25400 molecules...
Screened 28700 molecules...
Screened 34600 molecules...
Screened 50900 molecules...
Screened 69900 molecules...
Screened 91700 molecules...
Screened 13200 molecules...
Screened 37600 molecules...
Screened 81800 molecules...
Screened 21800 molecules...
Screened 50600 molecules...
Screened 52800 molecules...
Screened 61600 molecules...
Screened 86200 molecules...
Screened 3800 molecules...
Screened 16400 molecules...
Screened 17800 molecules...
Screened 22300 molecules...
Screened 24700 molecules...
Screened 36700 molecules...
Screened 52400 molecules...
Screened 56100 molecules...
Screened 63600 molecules...
Screened 71400 molecules...
Screened 73300 molecules...
Screened 78300 molecules...
Screened 4900 molecules...
Screened 28400 molecules...
Screened 32600 molecules...
Screened 33400 molecules...
Screened 43200 molecules...
Screened 53400 molecules...
Screened 64200 molecules...
Screened 83300 molecules...
Screened 2100 molecules...
Screened 5400 molecules...
Screened 17600 molecules...
Screened 21400 molecules...
Screened 29900 molecules...
Screened 41700 molecules...
Screened 47300 molecules...
Screened 80900 molecules...
Screened 93100 molecules...
Screened 5000 molecules...
Screened 16600 molecules...
Screened 37300 molecules...
Screened 60800 molecules...
Screened 63100 molecules...
Screened 76300 molecules...
Screened 8800 molecules...
Screened 29600 molecules...
Screened 31900 molecules...
Screened 41300 molecules...
Screened 49200 molecules...
Screened 5900 molecules...
Screened 29100 molecules...
Screened 31300 molecules...
Screened 35900 molecules...
Screened 66700 molecules...
Screened 72300 molecules...
Screened 76800 molecules...
Screened 80300 molecules...
Screened 34800 molecules...
Screened 59800 molecules...
Screened 79900 molecules...
Screened 9200 molecules...
Screened 20800 molecules...
Screened 44800 molecules...
Screened 55200 molecules...
Screened 56600 molecules...
Screened 62400 molecules...
Screened 65100 molecules...
Screened 8300 molecules...
Screened 48500 molecules...
Screened 59000 molecules...
Screened 59900 molecules...
Screened 61300 molecules...
Screened 67800 molecules...
Screened 90400 molecules...
Screened 500 molecules...
Screened 3300 molecules...
Screened 5600 molecules...
Screened 10800 molecules...
Screened 19600 molecules...
Screened 25200 molecules...
Screened 33600 molecules...
Screened 38800 molecules...
Screened 42800 molecules...
Screened 43300 molecules...
Screened 51100 molecules...
Screened 63900 molecules...
Screened 68100 molecules...
Screened 1200 molecules...
Screened 6500 molecules...
Screened 70100 molecules...
Screened 83100 molecules...
Screened 84600 molecules...
Screened 85100 molecules...
Screened 3400 molecules...
Screened 15200 molecules...
Screened 60200 molecules...
Screened 92900 molecules...
Screened 34700 molecules...
Screened 65200 molecules...
Screened 78800 molecules...
Screened 80700 molecules...
Screened 85600 molecules...
Screened 7000 molecules...
Screened 7600 molecules...
Screened 14900 molecules...
Screened 21600 molecules...
Screened 32300 molecules...
Screened 33700 molecules...
Screened 35100 molecules...
Screened 52100 molecules...
Screened 79500 molecules...
Screened 80000 molecules...
Screened 15100 molecules...
Screened 23400 molecules...
Screened 42100 molecules...
Screened 54800 molecules...
Screened 57600 molecules...
Screened 88200 molecules...
Screened 7500 molecules...
Screened 15300 molecules...
Screened 20700 molecules...
Screened 33200 molecules...
Screened 43700 molecules...
Screened 58000 molecules...
Screened 73200 molecules...
Screened 12200 molecules...
Screened 15500 molecules...
Screened 34100 molecules...
Screened 36200 molecules...
Screened 37500 molecules...
Screened 38000 molecules...
Screened 64500 molecules...
Screened 80800 molecules...
Screened 4600 molecules...
Screened 5500 molecules...
Screened 19800 molecules...
Screened 30700 molecules...
Screened 55100 molecules...
Screened 68500 molecules...
Screened 90000 molecules...
Screened 7200 molecules...
Screened 48600 molecules...
Screened 58600 molecules...
Screened 70700 molecules...
Screened 81600 molecules...
Screened 86600 molecules...
Screened 87600 molecules...
Screened 93700 molecules...
Screened 9900 molecules...
Screened 40400 molecules...
Screened 52300 molecules...
Screened 67100 molecules...
Screened 74900 molecules...
Screened 81300 molecules...
Screened 6800 molecules...
Screened 7300 molecules...
Screened 11300 molecules...
Screened 48100 molecules...
Screened 49500 molecules...
Screened 86700 molecules...
Screened 87200 molecules...
Screened 92700 molecules...
Screened 4800 molecules...
Screened 8000 molecules...
Screened 10600 molecules...
Screened 38600 molecules...
Screened 46600 molecules...
Screened 54900 molecules...
Screened 69300 molecules...
Screened 73500 molecules...
Screened 14100 molecules...
Screened 18700 molecules...
Screened 34200 molecules...
Screened 36500 molecules...
Screened 40200 molecules...
Screened 42200 molecules...
Screened 61400 molecules...
Screened 66500 molecules...
Screened 71200 molecules...
Screened 91800 molecules...
Screened 58900 molecules...
Screened 66200 molecules...
Screened 68400 molecules...
Screened 92100 molecules...
Screened 13100 molecules...
Screened 15000 molecules...
Screened 27500 molecules...
Screened 38300 molecules...
Screened 51300 molecules...
Screened 62600 molecules...
Screened 73100 molecules...
Screened 73600 molecules...
Screened 92800 molecules...
Screened 300 molecules...
Screened 16200 molecules...
Screened 57700 molecules...
Screened 60400 molecules...
Screened 67900 molecules...
Screened 74600 molecules...
Screened 75100 molecules...
Screened 75800 molecules...
Screened 77300 molecules...
Screened 84100 molecules...
Screened 10700 molecules...
Screened 19000 molecules...
Screened 19500 molecules...
Screened 26200 molecules...
Screened 28600 molecules...
Screened 46200 molecules...
Screened 49400 molecules...
Screened 50800 molecules...
Screened 64000 molecules...
Screened 67200 molecules...
Screened 69100 molecules...
Screened 1400 molecules...
Screened 6700 molecules...
Screened 20200 molecules...
Screened 22600 molecules...
Screened 28200 molecules...
Screened 39600 molecules...
Screened 43600 molecules...
Screened 64400 molecules...
Screened 66600 molecules...
Screened 26300 molecules...
Screened 47000 molecules...
Screened 56500 molecules...
Screened 23800 molecules...
Screened 25700 molecules...
Screened 49600 molecules...
Screened 58800 molecules...
Screened 88800 molecules...
Screened 2300 molecules...
Screened 12500 molecules...
Screened 16500 molecules...
Screened 31500 molecules...
Screened 39500 molecules...
Screened 42700 molecules...
Screened 67400 molecules...
Screened 75000 molecules...
Screened 79000 molecules...
Screened 93600 molecules...
Screened 5700 molecules...
Screened 14700 molecules...
Screened 18500 molecules...
Screened 36800 molecules...
Screened 40300 molecules...
Screened 47400 molecules...
Screened 57200 molecules...
Screened 60000 molecules...
Screened 71000 molecules...
Screened 82800 molecules...
Screened 89400 molecules...
Screened 89900 molecules...
Screened 93500 molecules...
Screened 5100 molecules...
Screened 24100 molecules...
Screened 35600 molecules...
Screened 37000 molecules...
Screened 55400 molecules...
Screened 58500 molecules...
Screened 84800 molecules...
Screened 11500 molecules...
Screened 36100 molecules...
Screened 36600 molecules...
Screened 53500 molecules...
Screened 68900 molecules...
Screened 71700 molecules...
Screened 79300 molecules...
Screened 79800 molecules...
Screened 3200 molecules...
Screened 29200 molecules...
Screened 42900 molecules...
Screened 56900 molecules...
Screened 63300 molecules...
Screened 72700 molecules...
Screened 81400 molecules...
Screened 81900 molecules...
Screened 92300 molecules...
Screened 4200 molecules...
Screened 22200 molecules...
Screened 25000 molecules...
Screened 25900 molecules...
Screened 28500 molecules...
Screened 29300 molecules...
Screened 32100 molecules...
Screened 36300 molecules...
Screened 41500 molecules...
Screened 43900 molecules...
Screened 51800 molecules...
Screened 75400 molecules...
Screened 78700 molecules...
Screened 85400 molecules...
Screened 85900 molecules...
Screened 86400 molecules...
Screened 88400 molecules...
Screened 400 molecules...
Screened 5800 molecules...
Screened 6300 molecules...
Screened 11900 molecules...
Screened 21000 molecules...
Screened 29700 molecules...
Screened 35000 molecules...
Screened 39900 molecules...
Screened 45900 molecules...
Screened 58300 molecules...
Screened 59700 molecules...
Screened 63000 molecules...
Screened 70600 molecules...
Screened 76400 molecules...
Screened 78400 molecules...
Screened 86100 molecules...
Screened 4100 molecules...
Screened 15600 molecules...
Screened 23500 molecules...
Screened 50400 molecules...
Screened 52700 molecules...
Screened 87000 molecules...
Screened 87500 molecules...
Screened 92600 molecules...
Screened 44100 molecules...
Screened 58200 molecules...
Screened 61800 molecules...
Screened 65600 molecules...
Screened 75200 molecules...
Screened 76000 molecules...
Screened 76500 molecules...
Screened 90700 molecules...
Screened 91200 molecules...
Screened 23200 molecules...
Screened 27900 molecules...
Screened 47200 molecules...
Screened 61100 molecules...
Screened 76100 molecules...
Screened 8900 molecules...
Screened 38700 molecules...
Screened 48200 molecules...
Screened 51600 molecules...
Screened 64700 molecules...
Screened 68300 molecules...
Screened 89000 molecules...
Screened 12400 molecules...
Screened 61500 molecules...
Screened 68600 molecules...
Screened 83200 molecules...
Screened 85200 molecules...
Screened 89700 molecules...
Screened 19900 molecules...
Screened 25100 molecules...
Screened 27300 molecules...
Screened 43100 molecules...
Screened 45800 molecules...
Screened 59500 molecules...
Screened 71300 molecules...
Screened 82000 molecules...
Screened 800 molecules...
Screened 7800 molecules...
Screened 41100 molecules...
Screened 51900 molecules...
Screened 53600 molecules...
Screened 74000 molecules...
Screened 74500 molecules...
Screened 85700 molecules...
Screened 90200 molecules...
Screened 600 molecules...
Screened 44500 molecules...
Screened 51200 molecules...
Screened 72400 molecules...
Screened 84900 molecules...
Screened 86900 molecules...
Screened 24000 molecules...
Screened 46500 molecules...
Screened 66400 molecules...
Screened 75500 molecules...
Screened 83700 molecules...
Screened 84200 molecules...
Screened 93000 molecules...
Screened 11100 molecules...
Screened 23100 molecules...
Screened 38200 molecules...
Screened 55700 molecules...
Screened 57100 molecules...
Screened 71900 molecules...
Screened 80600 molecules...
Screened 9100 molecules...
Screened 15700 molecules...
Screened 17700 molecules...
Screened 32400 molecules...
Screened 37700 molecules...
Screened 42300 molecules...
Screened 56800 molecules...
Screened 59100 molecules...
Screened 67300 molecules...
Screened 67700 molecules...
Screened 69600 molecules...
Screened 80100 molecules...
Screened 3500 molecules...
Screened 9600 molecules...
Screened 11700 molecules...
Screened 21500 molecules...
Screened 30900 molecules...
Screened 31400 molecules...
Screened 50300 molecules...
Screened 60300 molecules...
Screened 67000 molecules...
Screened 76900 molecules...
Screened 1500 molecules...
Screened 10500 molecules...
Screened 16100 molecules...
Screened 52000 molecules...
Screened 54300 molecules...
Screened 74200 molecules...
Screened 74700 molecules...
Screened 7400 molecules...
Screened 19400 molecules...
Screened 21900 molecules...
Screened 28000 molecules...
Screened 31700 molecules...
Screened 58400 molecules...
Screened 64300 molecules...
Screened 70900 molecules...
Screened 8600 molecules...
Screened 15400 molecules...
Screened 27800 molecules...
Screened 30100 molecules...
Screened 44900 molecules...
Screened 8200 molecules...
Screened 11000 molecules...
Screened 16800 molecules...
Screened 30200 molecules...
Screened 34900 molecules...
Screened 62100 molecules...
Screened 73000 molecules...
Screened 77800 molecules...
Screened 84700 molecules...
Screened 89200 molecules...

Molecules in atom range: 33199
Total molecules screened: 93757
Total planar molecules (RMSD ≤ 0.1): 285
Found planar CID: 9171 | RMSD=0.0039
Found planar CID: 67461 | RMSD=0.0009
Found planar CID: 44284 | RMSD=0.0034
Found planar CID: 75505 | RMSD=0.0813
Found planar CID: 152071 | RMSD=0.0005
Found planar CID: 124862 | RMSD=0.0011
Found planar CID: 9131 | RMSD=0.0003
Found planar CID: 146583 | RMSD=0.0011
Found planar CID: 95731 | RMSD=0.0015
Found planar CID: 147907 | RMSD=0.0006
Found planar CID: 173398 | RMSD=0.0096
Found planar CID: 21707 | RMSD=0.0453
Found planar CID: 149985 | RMSD=0.0816
Found planar CID: 130803 | RMSD=0.0747
Found planar CID: 85466 | RMSD=0.0336
Found planar CID: 111198 | RMSD=0.0013
Found planar CID: 52272 | RMSD=0.0209
Found planar CID: 167212 | RMSD=0.0227
Found planar CID: 145608 | RMSD=0.0218
Found planar CID: 67483 | RMSD=0.0055
Found planar CID: 65365 | RMSD=0.0210
Found planar CID: 9152 | RMSD=0.0039
Found planar CID: 189320 | RMSD=0.0407
Found planar CID: 223853 | RMSD=0.0857
Found planar CID: 9146 | RMSD=0.0023
Found planar CID: 101486 | RMSD=0.0160
Found planar CID: 67463 | RMSD=0.0007
Found planar CID: 97766 | RMSD=0.0729
Found planar CID: 95443 | RMSD=0.0615
Found planar CID: 66862 | RMSD=0.0706
Found planar CID: 10215 | RMSD=0.0032
Found planar CID: 17190 | RMSD=0.0690
Found planar CID: 220630 | RMSD=0.0689
Found planar CID: 29650 | RMSD=0.0505
Found planar CID: 239526 | RMSD=0.0632
Found planar CID: 67450 | RMSD=0.0225
Found planar CID: 242018 | RMSD=0.0086
Found planar CID: 119256 | RMSD=0.0070
Found planar CID: 147919 | RMSD=0.0003
Found planar CID: 9160 | RMSD=0.0011
Found planar CID: 163936 | RMSD=0.0083
Found planar CID: 7080 | RMSD=0.0010
Found planar CID: 41948 | RMSD=0.0020
Found planar CID: 135458 | RMSD=0.0013
Found planar CID: 44286 | RMSD=0.0010
Found planar CID: 25890 | RMSD=0.0006
Found planar CID: 73745 | RMSD=0.0486
Found planar CID: 154881 | RMSD=0.0014
Found planar CID: 8412 | RMSD=0.0105
Found planar CID: 125366 | RMSD=0.0003
Found planar CID: 136024 | RMSD=0.0028
Found planar CID: 25893 | RMSD=0.0019
Found planar CID: 226134 | RMSD=0.0576
Found planar CID: 186251 | RMSD=0.0041
Found planar CID: 149984 | RMSD=0.0003
Found planar CID: 169678 | RMSD=0.0014
Found planar CID: 187317 | RMSD=0.0899
Found planar CID: 55571 | RMSD=0.0012
Found planar CID: 164555 | RMSD=0.0019
Found planar CID: 114764 | RMSD=0.0013
Found planar CID: 204404 | RMSD=0.0174
Found planar CID: 226507 | RMSD=0.0009
Found planar CID: 240021 | RMSD=0.0458
Found planar CID: 42028 | RMSD=0.0005
Found planar CID: 44334 | RMSD=0.0028
Found planar CID: 100250 | RMSD=0.0017
Found planar CID: 90247 | RMSD=0.0022
Found planar CID: 67480 | RMSD=0.0005
Found planar CID: 247333 | RMSD=0.0010
Found planar CID: 157997 | RMSD=0.0006
Found planar CID: 233601 | RMSD=0.0324
Found planar CID: 160442 | RMSD=0.0012
Found planar CID: 14160 | RMSD=0.0040
Found planar CID: 5954 | RMSD=0.0035
Found planar CID: 13297 | RMSD=0.0134
Found planar CID: 192238 | RMSD=0.0423
Found planar CID: 66554 | RMSD=0.0885
Found planar CID: 67465 | RMSD=0.0038
Found planar CID: 19991 | RMSD=0.0390
Found planar CID: 155584 | RMSD=0.0007
Found planar CID: 95301 | RMSD=0.0899
Found planar CID: 149183 | RMSD=0.0009
Found planar CID: 135596 | RMSD=0.0028
Found planar CID: 109959 | RMSD=0.0006
Found planar CID: 55574 | RMSD=0.0005
Found planar CID: 13092 | RMSD=0.0665
Found planar CID: 44285 | RMSD=0.0025
Found planar CID: 59730 | RMSD=0.0044
Found planar CID: 186279 | RMSD=0.0024
Found planar CID: 80741 | RMSD=0.0385
Found planar CID: 143273 | RMSD=0.0003
Found planar CID: 55573 | RMSD=0.0007
Found planar CID: 187504 | RMSD=0.0375
Found planar CID: 232969 | RMSD=0.0373
Found planar CID: 35622 | RMSD=0.0143
Found planar CID: 242812 | RMSD=0.0260
Found planar CID: 37766 | RMSD=0.0706
Found planar CID: 32191 | RMSD=0.0006
Found planar CID: 123542 | RMSD=0.0035
Found planar CID: 66531 | RMSD=0.0021
Found planar CID: 87856 | RMSD=0.0687
Found planar CID: 220462 | RMSD=0.0512
Found planar CID: 67451 | RMSD=0.0095
Found planar CID: 186840 | RMSD=0.0532
Found planar CID: 135850 | RMSD=0.0006
Found planar CID: 135493 | RMSD=0.0019
Found planar CID: 87734 | RMSD=0.0164
Found planar CID: 176774 | RMSD=0.0310
Found planar CID: 151998 | RMSD=0.0011
Found planar CID: 9158 | RMSD=0.0003
Found planar CID: 81344 | RMSD=0.0006
Found planar CID: 226811 | RMSD=0.0129
Found planar CID: 132811 | RMSD=0.0495
Found planar CID: 88446 | RMSD=0.0020
Found planar CID: 67464 | RMSD=0.0006
Found planar CID: 28598 | RMSD=0.0012
Found planar CID: 135303 | RMSD=0.0467
Found planar CID: 125365 | RMSD=0.0011
Found planar CID: 151975 | RMSD=0.0617
Found planar CID: 25891 | RMSD=0.0006
Found planar CID: 124239 | RMSD=0.0016
Found planar CID: 50605 | RMSD=0.0017
Found planar CID: 244844 | RMSD=0.0616
Found planar CID: 425 | RMSD=0.0017
Found planar CID: 216375 | RMSD=0.0004
Found planar CID: 99746 | RMSD=0.0063
Found planar CID: 185630 | RMSD=0.0781
Found planar CID: 153840 | RMSD=0.0024
Found planar CID: 157996 | RMSD=0.0006
Found planar CID: 226135 | RMSD=0.0057
Found planar CID: 234605 | RMSD=0.0640
Found planar CID: 149038 | RMSD=0.0382
Found planar CID: 217307 | RMSD=0.0313
Found planar CID: 150284 | RMSD=0.0002
Found planar CID: 236809 | RMSD=0.0069
Found planar CID: 164492 | RMSD=0.0002
Found planar CID: 151672 | RMSD=0.0927
Found planar CID: 2336 | RMSD=0.0016
Found planar CID: 123531 | RMSD=0.0012
Found planar CID: 248020 | RMSD=0.0512
Found planar CID: 76805 | RMSD=0.0576
Found planar CID: 145777 | RMSD=0.0011
Found planar CID: 9200 | RMSD=0.0008
Found planar CID: 225703 | RMSD=0.0960
Found planar CID: 77350 | RMSD=0.0253
Found planar CID: 188082 | RMSD=0.0252
Found planar CID: 239844 | RMSD=0.0214
Found planar CID: 157071 | RMSD=0.0014
Found planar CID: 186361 | RMSD=0.0029
Found planar CID: 42030 | RMSD=0.0398
Found planar CID: 219186 | RMSD=0.0321
Found planar CID: 29113 | RMSD=0.0157
Found planar CID: 234420 | RMSD=0.0408
Found planar CID: 56969 | RMSD=0.0011
Found planar CID: 67351 | RMSD=0.0008
Found planar CID: 95929 | RMSD=0.0780
Found planar CID: 9142 | RMSD=0.0016
Found planar CID: 157063 | RMSD=0.0022
Found planar CID: 9153 | RMSD=0.0002
Found planar CID: 147477 | RMSD=0.0015
Found planar CID: 21526 | RMSD=0.0940
Found planar CID: 31419 | RMSD=0.0016
Found planar CID: 150009 | RMSD=0.0013
Found planar CID: 15590 | RMSD=0.0705
Found planar CID: 150240 | RMSD=0.0021
Found planar CID: 70401 | RMSD=0.0751
Found planar CID: 189383 | RMSD=0.0382
Found planar CID: 81992 | RMSD=0.0010
Found planar CID: 150008 | RMSD=0.0008
Found planar CID: 187129 | RMSD=0.0048
Found planar CID: 9170 | RMSD=0.0001
Found planar CID: 17253 | RMSD=0.0513
Found planar CID: 151462 | RMSD=0.0743
Found planar CID: 220181 | RMSD=0.0885
Found planar CID: 6824 | RMSD=0.0559
Found planar CID: 180933 | RMSD=0.0003
Found planar CID: 159608 | RMSD=0.0016
Found planar CID: 2483 | RMSD=0.0136
Found planar CID: 184993 | RMSD=0.0005
Found planar CID: 155310 | RMSD=0.0048
Found planar CID: 51336 | RMSD=0.0003
Found planar CID: 159607 | RMSD=0.0015
Found planar CID: 241366 | RMSD=0.0488
Found planar CID: 146551 | RMSD=0.0234
Found planar CID: 9110 | RMSD=0.0002
Found planar CID: 52859 | RMSD=0.0016
Found planar CID: 187316 | RMSD=0.0005
Found planar CID: 164573 | RMSD=0.0070
Found planar CID: 115265 | RMSD=0.0003
Found planar CID: 24121 | RMSD=0.0039
Found planar CID: 67111 | RMSD=0.0538
Found planar CID: 156869 | RMSD=0.0099
Found planar CID: 8562 | RMSD=0.0974
Found planar CID: 135851 | RMSD=0.0010
Found planar CID: 37880 | RMSD=0.0737
Found planar CID: 82017 | RMSD=0.0650
Found planar CID: 55572 | RMSD=0.0007
Found planar CID: 164574 | RMSD=0.0047
Found planar CID: 42029 | RMSD=0.0013
Found planar CID: 68866 | RMSD=0.0046
Found planar CID: 125532 | RMSD=0.0045
Found planar CID: 55279 | RMSD=0.0017
Found planar CID: 164491 | RMSD=0.0008
Found planar CID: 17893 | RMSD=0.0742
Found planar CID: 47782 | RMSD=0.0011
Found planar CID: 112089 | RMSD=0.0072
Found planar CID: 42027 | RMSD=0.0007
Found planar CID: 189381 | RMSD=0.0003
Found planar CID: 134561 | RMSD=0.0690
Found planar CID: 244381 | RMSD=0.0523
Found planar CID: 160350 | RMSD=0.0012
Found planar CID: 175866 | RMSD=0.0003
Found planar CID: 138317 | RMSD=0.0003
Found planar CID: 217228 | RMSD=0.0274
Found planar CID: 9118 | RMSD=0.0006
Found planar CID: 73510 | RMSD=0.0646
Found planar CID: 37787 | RMSD=0.0626
Found planar CID: 184665 | RMSD=0.0014
Found planar CID: 130799 | RMSD=0.0005
Found planar CID: 200122 | RMSD=0.0011
Found planar CID: 219962 | RMSD=0.0022
Found planar CID: 82687 | RMSD=0.0601
Found planar CID: 241491 | RMSD=0.0093
Found planar CID: 16819 | RMSD=0.0019
Found planar CID: 67848 | RMSD=0.0015
Found planar CID: 237136 | RMSD=0.0505
Found planar CID: 222687 | RMSD=0.0338
Found planar CID: 143458 | RMSD=0.0599
Found planar CID: 237070 | RMSD=0.0023
Found planar CID: 236873 | RMSD=0.0026
Found planar CID: 10177 | RMSD=0.0341
Found planar CID: 51320 | RMSD=0.0011
Found planar CID: 95838 | RMSD=0.0010
Found planar CID: 170562 | RMSD=0.0114
Found planar CID: 64114 | RMSD=0.0188
Found planar CID: 148983 | RMSD=0.0755
Found planar CID: 94739 | RMSD=0.0020
Found planar CID: 104987 | RMSD=0.0022
Found planar CID: 87806 | RMSD=0.0050
Found planar CID: 18310 | RMSD=0.0023
Found planar CID: 189382 | RMSD=0.0010
Found planar CID: 122458 | RMSD=0.0546
Found planar CID: 186962 | RMSD=0.0040
Found planar CID: 51254 | RMSD=0.0020
Found planar CID: 199506 | RMSD=0.0271
Found planar CID: 149914 | RMSD=0.0050
Found planar CID: 230660 | RMSD=0.0387
Found planar CID: 145609 | RMSD=0.0786
Found planar CID: 149549 | RMSD=0.0092
Found planar CID: 231278 | RMSD=0.0045
Found planar CID: 76574 | RMSD=0.0015
Found planar CID: 136663 | RMSD=0.0238
Found planar CID: 219339 | RMSD=0.0919
Found planar CID: 51255 | RMSD=0.0037
Found planar CID: 216006 | RMSD=0.0662
Found planar CID: 199830 | RMSD=0.0261
Found planar CID: 157064 | RMSD=0.0031
Found planar CID: 241316 | RMSD=0.0588
Found planar CID: 73542 | RMSD=0.0501
Found planar CID: 101496 | RMSD=0.0308
Found planar CID: 77214 | RMSD=0.0398
Found planar CID: 187128 | RMSD=0.0040
Found planar CID: 136057 | RMSD=0.0042
Found planar CID: 9128 | RMSD=0.0004
Found planar CID: 168173 | RMSD=0.0007
Found planar CID: 114910 | RMSD=0.0012
Found planar CID: 154330 | RMSD=0.0006
Found planar CID: 6825 | RMSD=0.0690
Found planar CID: 155608 | RMSD=0.0003
Found planar CID: 55051 | RMSD=0.0006
Found planar CID: 9109 | RMSD=0.0001
Found planar CID: 13452 | RMSD=0.0391
Found planar CID: 143949 | RMSD=0.0484
Found planar CID: 62535 | RMSD=0.0032
Found planar CID: 32463 | RMSD=0.0003
Found planar CID: 187502 | RMSD=0.0262
Found planar CID: 184992 | RMSD=0.0006
Found planar CID: 136028 | RMSD=0.0009
Found planar CID: 9117 | RMSD=0.0164
Found planar CID: 146307 | RMSD=0.0030
Found planar CID: 23054 | RMSD=0.0011
Found planar CID: 160349 | RMSD=0.0028
Found planar CID: 70409 | RMSD=0.0215
Found planar CID: 186057 | RMSD=0.0020
Found planar CID: 119084 | RMSD=0.0007
Job finished at Wed Jun 25 00:45:46 EEST 2025
