Epoch    9/50, time: 145.72 s, training_loss: 0.616
Epoch    1/50, time: 143.70 s, training_loss: 0.871
Epoch    9/50, time: 34.06 s, val_loss: 0.609
Epoch   12/50, time: 157.34 s, training_loss: 0.814
Training Metrics:
Accuracy: 0.9666
Precision: 0.3120
Recall: 0.5835
F1 Score: 0.4066
IoU: 0.2552
Dice Coefficient: 0.4066
Validation Metrics:
Accuracy: 0.9694
Precision: 0.3210
Recall: 0.5501
F1 Score: 0.4054
IoU: 0.2543
Dice Coefficient: 0.4054
Epoch    1/50, time: 35.59 s, val_loss: 0.792
Epoch   12/50, time: 37.69 s, val_loss: 0.756
Epoch   10/50, time: 141.59 s, training_loss: 0.593
Epoch   12/50, time: 142.72 s, training_loss: 0.553
Epoch   10/50, time: 37.66 s, val_loss: 0.577
Epoch   12/50, time: 34.55 s, val_loss: 0.532
Epoch   13/50, time: 158.77 s, training_loss: 0.809
Training Metrics:
Accuracy: 0.6908
Precision: 0.0536
Recall: 0.8858
F1 Score: 0.1011
IoU: 0.0532
Dice Coefficient: 0.1011
Validation Metrics:
Accuracy: 0.9019
Precision: 0.1472
Recall: 0.8708
F1 Score: 0.2519
IoU: 0.1441
Dice Coefficient: 0.2519
Epoch   13/50, time: 37.19 s, val_loss: 0.755
Epoch   11/50, time: 140.59 s, training_loss: 0.564
Epoch   13/50, time: 137.03 s, training_loss: 0.526
Epoch   11/50, time: 38.11 s, val_loss: 0.548
Epoch    2/50, time: 137.80 s, training_loss: 0.825
Epoch   13/50, time: 35.89 s, val_loss: 0.558
Epoch   14/50, time: 153.07 s, training_loss: 0.805
Epoch    2/50, time: 38.92 s, val_loss: 0.763
Epoch   14/50, time: 41.79 s, val_loss: 0.751
Epoch   14/50, time: 134.49 s, training_loss: 0.509
Epoch   14/50, time: 37.31 s, val_loss: 0.484
Epoch    3/50, time: 135.55 s, training_loss: 0.811
Training Metrics:
Accuracy: 0.9739
Precision: 0.3852
Recall: 0.5574
F1 Score: 0.4556
IoU: 0.2950
Dice Coefficient: 0.4556
Validation Metrics:
Accuracy: 0.9747
Precision: 0.3862
Recall: 0.5696
F1 Score: 0.4603
IoU: 0.2990
Dice Coefficient: 0.4603
Epoch    3/50, time: 37.32 s, val_loss: 0.734
Epoch   15/50, time: 153.45 s, training_loss: 0.804
Epoch   15/50, time: 42.16 s, val_loss: 0.758
Epoch   15/50, time: 136.28 s, training_loss: 0.480
Epoch   12/50, time: 134.97 s, training_loss: 0.542
Epoch    4/50, time: 135.12 s, training_loss: 0.793
Epoch   15/50, time: 38.36 s, val_loss: 0.455
Epoch   12/50, time: 37.64 s, val_loss: 0.513
Epoch    4/50, time: 37.75 s, val_loss: 0.757
Epoch   16/50, time: 153.00 s, training_loss: 0.797
Epoch   16/50, time: 42.79 s, val_loss: 0.748
Epoch   16/50, time: 130.05 s, training_loss: 0.449
Epoch   13/50, time: 139.40 s, training_loss: 0.510
Epoch    5/50, time: 129.47 s, training_loss: 0.778
Epoch   16/50, time: 38.50 s, val_loss: 0.438
Epoch   13/50, time: 38.42 s, val_loss: 0.503
Epoch    5/50, time: 39.24 s, val_loss: 0.731
Epoch   17/50, time: 156.98 s, training_loss: 0.792
Epoch   17/50, time: 137.68 s, training_loss: 0.423
Epoch   17/50, time: 41.08 s, val_loss: 0.716
Epoch   14/50, time: 132.76 s, training_loss: 0.489
Epoch    6/50, time: 137.15 s, training_loss: 0.762
Epoch   17/50, time: 36.95 s, val_loss: 0.443
Epoch   14/50, time: 37.06 s, val_loss: 0.482
Epoch    6/50, time: 40.13 s, val_loss: 0.716
Epoch   18/50, time: 152.43 s, training_loss: 0.784
Epoch   18/50, time: 134.66 s, training_loss: 0.409
Epoch   18/50, time: 38.55 s, val_loss: 0.729
Epoch   15/50, time: 137.05 s, training_loss: 0.467
Epoch   18/50, time: 36.62 s, val_loss: 0.410
Epoch    7/50, time: 131.63 s, training_loss: 0.746
Epoch   15/50, time: 37.92 s, val_loss: 0.462
Epoch    7/50, time: 39.52 s, val_loss: 0.682
Epoch   19/50, time: 152.01 s, training_loss: 0.780
Epoch   19/50, time: 138.55 s, training_loss: 0.382
Epoch   16/50, time: 141.73 s, training_loss: 0.434
Epoch   19/50, time: 34.01 s, val_loss: 0.722
Epoch    8/50, time: 131.63 s, training_loss: 0.724
Epoch   19/50, time: 36.46 s, val_loss: 0.412
Epoch   16/50, time: 38.56 s, val_loss: 0.425
Epoch    8/50, time: 37.19 s, val_loss: 0.677
Epoch   20/50, time: 140.61 s, training_loss: 0.378
Epoch   20/50, time: 160.02 s, training_loss: 0.771
Epoch   17/50, time: 137.49 s, training_loss: 0.407
Epoch    9/50, time: 136.89 s, training_loss: 0.690
Epoch   20/50, time: 35.60 s, val_loss: 0.383
Epoch   20/50, time: 34.35 s, val_loss: 0.703
Epoch   17/50, time: 35.11 s, val_loss: 0.410
Epoch    9/50, time: 36.88 s, val_loss: 0.629
Epoch   21/50, time: 142.48 s, training_loss: 0.354
Epoch   18/50, time: 143.06 s, training_loss: 0.387
Epoch   21/50, time: 156.67 s, training_loss: 0.767
Epoch   10/50, time: 139.42 s, training_loss: 0.649
Epoch   21/50, time: 36.08 s, val_loss: 0.400
Epoch   18/50, time: 36.22 s, val_loss: 0.384
Epoch   21/50, time: 34.74 s, val_loss: 0.703
Epoch   10/50, time: 36.79 s, val_loss: 0.637
Epoch   19/50, time: 144.18 s, training_loss: 0.370
Epoch   11/50, time: 142.36 s, training_loss: 0.614
Epoch   19/50, time: 32.77 s, val_loss: 0.397
Training Metrics:
Accuracy: 0.9855
Precision: 0.6314
Recall: 0.6249
F1 Score: 0.6281
IoU: 0.4579
Dice Coefficient: 0.6281
Validation Metrics:
Accuracy: 0.9852
Precision: 0.6092
Recall: 0.6122
F1 Score: 0.6107
IoU: 0.4395
Dice Coefficient: 0.6107
Epoch   11/50, time: 33.49 s, val_loss: 0.622
Training Metrics:
Accuracy: 0.7203
Precision: 0.0608
Recall: 0.9165
F1 Score: 0.1139
IoU: 0.0604
Dice Coefficient: 0.1139
Validation Metrics:
Accuracy: 0.9330
Precision: 0.2053
Recall: 0.8827
F1 Score: 0.3332
IoU: 0.1999
Dice Coefficient: 0.3332
Epoch   20/50, time: 142.55 s, training_loss: 0.368
Epoch   22/50, time: 146.91 s, training_loss: 0.345
Epoch   20/50, time: 35.16 s, val_loss: 0.371
Epoch   22/50, time: 34.19 s, val_loss: 0.350
Epoch   22/50, time: 155.51 s, training_loss: 0.761
Training Metrics:
Accuracy: 0.9583
Precision: 0.2807
Recall: 0.7205
F1 Score: 0.4040
IoU: 0.2532
Dice Coefficient: 0.4040
Validation Metrics:
Accuracy: 0.9605
Precision: 0.2865
Recall: 0.7251
F1 Score: 0.4107
IoU: 0.2584
Dice Coefficient: 0.4107
Epoch   22/50, time: 43.06 s, val_loss: 0.698
Epoch   21/50, time: 133.63 s, training_loss: 0.344
Epoch   23/50, time: 131.77 s, training_loss: 0.331
Epoch   21/50, time: 39.61 s, val_loss: 0.353
Epoch   12/50, time: 138.36 s, training_loss: 0.583
Epoch   23/50, time: 38.21 s, val_loss: 0.361
Epoch   12/50, time: 39.82 s, val_loss: 0.566
Epoch   23/50, time: 153.14 s, training_loss: 0.754
Epoch   23/50, time: 44.21 s, val_loss: 0.682
Epoch   24/50, time: 130.78 s, training_loss: 0.334
Epoch   24/50, time: 36.76 s, val_loss: 0.336
Epoch   13/50, time: 132.34 s, training_loss: 0.552
Training Metrics:
Accuracy: 0.9862
Precision: 0.6240
Recall: 0.7477
F1 Score: 0.6803
IoU: 0.5154
Dice Coefficient: 0.6803
Validation Metrics:
Accuracy: 0.9857
Precision: 0.6055
Recall: 0.7110
F1 Score: 0.6540
IoU: 0.4859
Dice Coefficient: 0.6540
Epoch   13/50, time: 36.47 s, val_loss: 0.545
Epoch   24/50, time: 154.04 s, training_loss: 0.748
Epoch   24/50, time: 42.65 s, val_loss: 0.666
Epoch   25/50, time: 130.76 s, training_loss: 0.314
Epoch   22/50, time: 132.34 s, training_loss: 0.335
Epoch   25/50, time: 39.91 s, val_loss: 0.325
Epoch   14/50, time: 136.30 s, training_loss: 0.529
Epoch   22/50, time: 38.30 s, val_loss: 0.336
Epoch   14/50, time: 38.06 s, val_loss: 0.527
Epoch   25/50, time: 148.62 s, training_loss: 0.739
Epoch   26/50, time: 134.31 s, training_loss: 0.305
Epoch   25/50, time: 41.17 s, val_loss: 0.665
Epoch   23/50, time: 133.11 s, training_loss: 0.326
Epoch   26/50, time: 38.32 s, val_loss: 0.326
Epoch   15/50, time: 136.44 s, training_loss: 0.502
Epoch   23/50, time: 39.26 s, val_loss: 0.355
Epoch   15/50, time: 39.22 s, val_loss: 0.484
Epoch   26/50, time: 158.47 s, training_loss: 0.742
Epoch   27/50, time: 137.59 s, training_loss: 0.295
Epoch   26/50, time: 38.53 s, val_loss: 0.670
Epoch   24/50, time: 132.94 s, training_loss: 0.319
Epoch   27/50, time: 37.90 s, val_loss: 0.345
Epoch   16/50, time: 135.02 s, training_loss: 0.482
Epoch   24/50, time: 39.18 s, val_loss: 0.368
Epoch   16/50, time: 39.56 s, val_loss: 0.500
Epoch   28/50, time: 131.40 s, training_loss: 0.292
Epoch   27/50, time: 148.24 s, training_loss: 0.727
Epoch   28/50, time: 37.61 s, val_loss: 0.352
Epoch   25/50, time: 141.19 s, training_loss: 0.306
Epoch   17/50, time: 129.32 s, training_loss: 0.460
Epoch   27/50, time: 36.14 s, val_loss: 0.644
Epoch   25/50, time: 39.34 s, val_loss: 0.376
Epoch   17/50, time: 38.81 s, val_loss: 0.470
Epoch   29/50, time: 143.21 s, training_loss: 0.288
Epoch   28/50, time: 156.80 s, training_loss: 0.714
Epoch   29/50, time: 37.43 s, val_loss: 0.305
Epoch   18/50, time: 138.28 s, training_loss: 0.429
Epoch   26/50, time: 139.05 s, training_loss: 0.305
Epoch   28/50, time: 35.81 s, val_loss: 0.635
Epoch   18/50, time: 36.74 s, val_loss: 0.412
Epoch   26/50, time: 37.01 s, val_loss: 0.310
Epoch   30/50, time: 139.32 s, training_loss: 0.279
Epoch   30/50, time: 37.50 s, val_loss: 0.322
Epoch   29/50, time: 156.73 s, training_loss: 0.710
Epoch   27/50, time: 138.94 s, training_loss: 0.290
Epoch   19/50, time: 145.65 s, training_loss: 0.412
Epoch   29/50, time: 36.29 s, val_loss: 0.622
Epoch   27/50, time: 36.36 s, val_loss: 0.309
Epoch   19/50, time: 36.05 s, val_loss: 0.419
Epoch   31/50, time: 137.76 s, training_loss: 0.278
Epoch   28/50, time: 141.05 s, training_loss: 0.281
Epoch   31/50, time: 42.36 s, val_loss: 0.298
Epoch   20/50, time: 141.89 s, training_loss: 0.384
Epoch   30/50, time: 160.62 s, training_loss: 0.698
Epoch   28/50, time: 38.26 s, val_loss: 0.318
Epoch   20/50, time: 36.21 s, val_loss: 0.368
Epoch   30/50, time: 37.06 s, val_loss: 0.647
Epoch   21/50, time: 136.70 s, training_loss: 0.371
Epoch   29/50, time: 145.69 s, training_loss: 0.278
Training Metrics:
Accuracy: 0.9891
Precision: 0.6983
Recall: 0.7825
F1 Score: 0.7380
IoU: 0.5848
Dice Coefficient: 0.7380
Validation Metrics:
Accuracy: 0.9884
Precision: 0.6765
Recall: 0.7417
F1 Score: 0.7076
IoU: 0.5475
Dice Coefficient: 0.7076
Epoch   31/50, time: 153.19 s, training_loss: 0.694
Epoch   21/50, time: 32.05 s, val_loss: 0.357
Epoch   29/50, time: 33.69 s, val_loss: 0.300
Epoch   31/50, time: 40.60 s, val_loss: 0.619
Epoch   32/50, time: 145.96 s, training_loss: 0.272
Epoch   30/50, time: 144.34 s, training_loss: 0.269
Epoch   32/50, time: 35.33 s, val_loss: 0.291
Epoch   30/50, time: 36.59 s, val_loss: 0.314
Training Metrics:
Accuracy: 0.9861
Precision: 0.6225
Recall: 0.7456
F1 Score: 0.6785
IoU: 0.5135
Dice Coefficient: 0.6785
Validation Metrics:
Accuracy: 0.9857
Precision: 0.6050
Recall: 0.7070
F1 Score: 0.6520
IoU: 0.4837
Dice Coefficient: 0.6520
Training Metrics:
Accuracy: 0.7681
Precision: 0.0681
Recall: 0.8528
F1 Score: 0.1261
IoU: 0.0673
Dice Coefficient: 0.1261
Validation Metrics:
Accuracy: 0.9590
Precision: 0.2833
Recall: 0.7605
F1 Score: 0.4129
IoU: 0.2601
Dice Coefficient: 0.4129
Epoch   33/50, time: 137.25 s, training_loss: 0.277
Epoch   31/50, time: 139.27 s, training_loss: 0.265
Epoch   22/50, time: 137.73 s, training_loss: 0.349
Epoch   33/50, time: 37.47 s, val_loss: 0.291
Epoch   31/50, time: 37.47 s, val_loss: 0.284
Epoch   22/50, time: 37.73 s, val_loss: 0.355
Epoch   32/50, time: 150.73 s, training_loss: 0.685
Epoch   32/50, time: 44.33 s, val_loss: 0.620
Epoch   34/50, time: 132.58 s, training_loss: 0.269
Epoch   34/50, time: 37.25 s, val_loss: 0.304
Epoch   23/50, time: 136.81 s, training_loss: 0.347
Epoch   23/50, time: 38.34 s, val_loss: 0.344
Training Metrics:
Accuracy: 0.9904
Precision: 0.7365
Recall: 0.7931
F1 Score: 0.7637
IoU: 0.6178
Dice Coefficient: 0.7637
Validation Metrics:
Accuracy: 0.9892
Precision: 0.7010
Recall: 0.7466
F1 Score: 0.7231
IoU: 0.5662
Dice Coefficient: 0.7231
Epoch   33/50, time: 147.43 s, training_loss: 0.675
Epoch   35/50, time: 130.22 s, training_loss: 0.266
Epoch   33/50, time: 41.49 s, val_loss: 0.619
Epoch   35/50, time: 41.19 s, val_loss: 0.293
Epoch   24/50, time: 134.34 s, training_loss: 0.336
Epoch   32/50, time: 138.17 s, training_loss: 0.264
Epoch   24/50, time: 38.44 s, val_loss: 0.356
Epoch   32/50, time: 40.87 s, val_loss: 0.314
Epoch   34/50, time: 150.09 s, training_loss: 0.669
Epoch   36/50, time: 138.18 s, training_loss: 0.257
Epoch   34/50, time: 39.91 s, val_loss: 0.596
Epoch   25/50, time: 133.01 s, training_loss: 0.324
Epoch   36/50, time: 38.69 s, val_loss: 0.277
Epoch   33/50, time: 129.68 s, training_loss: 0.260
Epoch   25/50, time: 39.05 s, val_loss: 0.331
Epoch   33/50, time: 39.26 s, val_loss: 0.303
Epoch   35/50, time: 153.21 s, training_loss: 0.667
Epoch   37/50, time: 135.89 s, training_loss: 0.254
Epoch   35/50, time: 38.55 s, val_loss: 0.591
Epoch   26/50, time: 130.75 s, training_loss: 0.326
Epoch   37/50, time: 36.99 s, val_loss: 0.287
Epoch   34/50, time: 135.41 s, training_loss: 0.261
Epoch   26/50, time: 38.31 s, val_loss: 0.334
Epoch   34/50, time: 39.12 s, val_loss: 0.309
Epoch   38/50, time: 138.58 s, training_loss: 0.253
Epoch   36/50, time: 153.58 s, training_loss: 0.658
Epoch   27/50, time: 134.06 s, training_loss: 0.306
Epoch   38/50, time: 37.96 s, val_loss: 0.278
Epoch   36/50, time: 34.89 s, val_loss: 0.602
Epoch   35/50, time: 135.02 s, training_loss: 0.254
Epoch   27/50, time: 36.45 s, val_loss: 0.342
Epoch   35/50, time: 39.70 s, val_loss: 0.292
Epoch   39/50, time: 139.50 s, training_loss: 0.240
Epoch   28/50, time: 133.31 s, training_loss: 0.306
Epoch   37/50, time: 155.80 s, training_loss: 0.642
Epoch   39/50, time: 37.84 s, val_loss: 0.294
Epoch   36/50, time: 135.59 s, training_loss: 0.256
Epoch   28/50, time: 35.14 s, val_loss: 0.335
Epoch   37/50, time: 35.06 s, val_loss: 0.594
Epoch   36/50, time: 38.78 s, val_loss: 0.300
Epoch   40/50, time: 138.90 s, training_loss: 0.234
Epoch   29/50, time: 141.69 s, training_loss: 0.298
Epoch   40/50, time: 35.90 s, val_loss: 0.274
Epoch   38/50, time: 159.25 s, training_loss: 0.644
Epoch   37/50, time: 133.29 s, training_loss: 0.243
Epoch   29/50, time: 36.40 s, val_loss: 0.316
Epoch   38/50, time: 36.34 s, val_loss: 0.581
Epoch   37/50, time: 37.05 s, val_loss: 0.295
Epoch   41/50, time: 139.53 s, training_loss: 0.246
Epoch   30/50, time: 142.25 s, training_loss: 0.293
Epoch   38/50, time: 136.97 s, training_loss: 0.240
Epoch   41/50, time: 38.18 s, val_loss: 0.278
Epoch   30/50, time: 33.19 s, val_loss: 0.333
Epoch   39/50, time: 164.14 s, training_loss: 0.638
Epoch   38/50, time: 35.00 s, val_loss: 0.278
Epoch   39/50, time: 41.21 s, val_loss: 0.588
Epoch   31/50, time: 142.16 s, training_loss: 0.279
Epoch   39/50, time: 139.66 s, training_loss: 0.229
Epoch   31/50, time: 34.05 s, val_loss: 0.312
Training Metrics:
Accuracy: 0.9908
Precision: 0.7463
Recall: 0.8084
F1 Score: 0.7761
IoU: 0.6341
Dice Coefficient: 0.7761
Validation Metrics:
Accuracy: 0.9893
Precision: 0.7035
Recall: 0.7554
F1 Score: 0.7285
IoU: 0.5729
Dice Coefficient: 0.7285
Epoch   39/50, time: 34.05 s, val_loss: 0.267
Epoch   40/50, time: 149.16 s, training_loss: 0.638
Epoch   40/50, time: 43.68 s, val_loss: 0.555
Epoch   42/50, time: 147.24 s, training_loss: 0.239
Epoch   40/50, time: 145.98 s, training_loss: 0.230
Epoch   42/50, time: 36.26 s, val_loss: 0.288
Epoch   40/50, time: 34.57 s, val_loss: 0.271
Training Metrics:
Accuracy: 0.9894
Precision: 0.7098
Recall: 0.7804
F1 Score: 0.7434
IoU: 0.5916
Dice Coefficient: 0.7434
Validation Metrics:
Accuracy: 0.9883
Precision: 0.6782
Recall: 0.7258
F1 Score: 0.7012
IoU: 0.5399
Dice Coefficient: 0.7012
Epoch   41/50, time: 152.82 s, training_loss: 0.619
Epoch   41/50, time: 43.79 s, val_loss: 0.580
Epoch   43/50, time: 139.17 s, training_loss: 0.241
Epoch   41/50, time: 141.42 s, training_loss: 0.236
Epoch   32/50, time: 140.68 s, training_loss: 0.276
Epoch   43/50, time: 37.59 s, val_loss: 0.289
Epoch   41/50, time: 35.41 s, val_loss: 0.285
Epoch   32/50, time: 37.20 s, val_loss: 0.307
Training Metrics:
Accuracy: 0.8858
Precision: 0.1055
Recall: 0.6445
F1 Score: 0.1813
IoU: 0.0997
Dice Coefficient: 0.1813
Validation Metrics:
Accuracy: 0.9745
Precision: 0.3827
Recall: 0.5645
F1 Score: 0.4562
IoU: 0.2955
Dice Coefficient: 0.4562
Epoch   44/50, time: 134.24 s, training_loss: 0.240
Epoch   33/50, time: 138.91 s, training_loss: 0.269
Epoch   44/50, time: 35.55 s, val_loss: 0.268
Epoch   33/50, time: 37.02 s, val_loss: 0.310
Training Metrics:
Accuracy: 0.9906
Precision: 0.7370
Recall: 0.8134
F1 Score: 0.7733
IoU: 0.6304
Dice Coefficient: 0.7733
Validation Metrics:
Accuracy: 0.9889
Precision: 0.6917
Recall: 0.7525
F1 Score: 0.7208
IoU: 0.5635
Dice Coefficient: 0.7208
Epoch   42/50, time: 150.17 s, training_loss: 0.609
Epoch   45/50, time: 135.89 s, training_loss: 0.224
Epoch   42/50, time: 40.75 s, val_loss: 0.568
Epoch   34/50, time: 134.61 s, training_loss: 0.272
Epoch   42/50, time: 134.01 s, training_loss: 0.230
Epoch   45/50, time: 36.45 s, val_loss: 0.267
Epoch   34/50, time: 37.66 s, val_loss: 0.308
Epoch   42/50, time: 39.77 s, val_loss: 0.273
Epoch   43/50, time: 151.02 s, training_loss: 0.606
Epoch   46/50, time: 134.91 s, training_loss: 0.227
Epoch   35/50, time: 137.62 s, training_loss: 0.262
Epoch   43/50, time: 36.45 s, val_loss: 0.541
Epoch   46/50, time: 35.13 s, val_loss: 0.291
Epoch   43/50, time: 136.87 s, training_loss: 0.218
Epoch   35/50, time: 37.53 s, val_loss: 0.291
Epoch   43/50, time: 40.44 s, val_loss: 0.267
Epoch   47/50, time: 142.30 s, training_loss: 0.225
Epoch   44/50, time: 156.62 s, training_loss: 0.610
Epoch   36/50, time: 135.89 s, training_loss: 0.259
Epoch   44/50, time: 129.96 s, training_loss: 0.226
Epoch   47/50, time: 36.09 s, val_loss: 0.277
Epoch   44/50, time: 34.84 s, val_loss: 0.572
Epoch   36/50, time: 35.39 s, val_loss: 0.362
Epoch   44/50, time: 37.96 s, val_loss: 0.284
Epoch   48/50, time: 140.50 s, training_loss: 0.217
Epoch   37/50, time: 142.13 s, training_loss: 0.254
Epoch   45/50, time: 157.73 s, training_loss: 0.589
Epoch   45/50, time: 137.88 s, training_loss: 0.220
Epoch   48/50, time: 35.66 s, val_loss: 0.263
Epoch   37/50, time: 35.78 s, val_loss: 0.287
Epoch   45/50, time: 34.27 s, val_loss: 0.558
Epoch   45/50, time: 37.12 s, val_loss: 0.271
Epoch   49/50, time: 142.73 s, training_loss: 0.219
Epoch   38/50, time: 140.50 s, training_loss: 0.251
Epoch   46/50, time: 138.53 s, training_loss: 0.215
Epoch   49/50, time: 35.01 s, val_loss: 0.257
Epoch   46/50, time: 156.57 s, training_loss: 0.588
Epoch   38/50, time: 35.53 s, val_loss: 0.289
Epoch   46/50, time: 38.20 s, val_loss: 0.280
Epoch   46/50, time: 35.44 s, val_loss: 0.534
Epoch   50/50, time: 142.90 s, training_loss: 0.220
Epoch   39/50, time: 138.80 s, training_loss: 0.250
Epoch   47/50, time: 145.09 s, training_loss: 0.214
Epoch   50/50, time: 36.25 s, val_loss: 0.272
Epoch   39/50, time: 33.70 s, val_loss: 0.288
Epoch   47/50, time: 154.12 s, training_loss: 0.565
Epoch   47/50, time: 37.57 s, val_loss: 0.274
Epoch   47/50, time: 39.87 s, val_loss: 0.529
Epoch   40/50, time: 140.82 s, training_loss: 0.241
Epoch   48/50, time: 141.49 s, training_loss: 0.212
Epoch   40/50, time: 37.57 s, val_loss: 0.306
Epoch   48/50, time: 148.61 s, training_loss: 0.583
Training Metrics:
Accuracy: 0.9911
Precision: 0.7585
Recall: 0.8001
F1 Score: 0.7788
IoU: 0.6377
Dice Coefficient: 0.7788
Validation Metrics:
Accuracy: 0.9898
Precision: 0.7243
Recall: 0.7486
F1 Score: 0.7363
IoU: 0.5826
Dice Coefficient: 0.7363
Epoch   48/50, time: 32.64 s, val_loss: 0.270
Epoch   48/50, time: 36.82 s, val_loss: 0.501
Test Metrics:
Accuracy: 0.9898
Precision: 0.7243
Recall: 0.7486
F1 Score: 0.7363
IoU: 0.5826
Dice Coefficient: 0.7363
[I 2025-08-05 23:11:51,020] Trial 24 finished with value: 0.7362694427300978 and parameters: {'batch_size': 16, 'lr': 0.00015989423085951965, 'loss_fn': 'dice_loss', 'augmentation': True, 'filters_idx': 3, 'in_channels': 400, 'att_channels': 16}. Best is trial 8 with value: 0.7411194148943364.
wandb: Finishing previous runs because reinit is set to True.
