Epoch    6/50, time: 34.55 s, training_loss: 0.692
Epoch   17/50, time: 34.64 s, training_loss: 0.415
Epoch    6/50, time: 12.40 s, val_loss: 0.685
Epoch   17/50, time: 12.39 s, val_loss: 0.393
Epoch    1/50, time: 34.70 s, training_loss: 0.826
Epoch    1/50, time: 14.21 s, val_loss: 0.785
Epoch    7/50, time: 36.90 s, training_loss: 0.670
Epoch   18/50, time: 35.89 s, training_loss: 0.390
Epoch    7/50, time: 12.75 s, val_loss: 0.689
Epoch   18/50, time: 12.59 s, val_loss: 0.404
Epoch   45/50, time: 112.59 s, training_loss: 0.248
Epoch    8/50, time: 35.30 s, training_loss: 0.650
Epoch   19/50, time: 33.89 s, training_loss: 0.388
Epoch    8/50, time: 11.34 s, val_loss: 0.621
Epoch   19/50, time: 11.05 s, val_loss: 0.435
Training Metrics:
Accuracy: 0.9136
Precision: 0.1603
Recall: 0.8032
F1 Score: 0.2673
IoU: 0.1543
Dice Coefficient: 0.2673
Validation Metrics:
Accuracy: 0.9193
Precision: 0.1595
Recall: 0.7620
F1 Score: 0.2638
IoU: 0.1520
Dice Coefficient: 0.2638
Epoch   45/50, time: 34.82 s, val_loss: 0.272
Epoch    9/50, time: 36.11 s, training_loss: 0.620
Epoch   20/50, time: 37.51 s, training_loss: 0.377
Epoch    2/50, time: 37.92 s, training_loss: 0.752
Epoch    9/50, time: 12.71 s, val_loss: 0.615
Epoch   20/50, time: 11.86 s, val_loss: 0.384
Epoch    2/50, time: 12.56 s, val_loss: 0.735
Epoch   10/50, time: 39.01 s, training_loss: 0.598
Epoch   21/50, time: 38.12 s, training_loss: 0.353
Epoch    3/50, time: 39.52 s, training_loss: 0.735
Epoch   21/50, time: 11.72 s, val_loss: 0.342
Epoch   10/50, time: 12.50 s, val_loss: 0.570
Epoch    3/50, time: 12.95 s, val_loss: 0.724
Epoch   46/50, time: 116.66 s, training_loss: 0.238
Epoch   11/50, time: 38.60 s, training_loss: 0.573
Epoch    4/50, time: 39.90 s, training_loss: 0.729
Epoch   11/50, time: 12.03 s, val_loss: 0.544
Epoch   46/50, time: 35.20 s, val_loss: 0.270
Epoch    4/50, time: 12.29 s, val_loss: 0.729
Training Metrics:
Accuracy: 0.9851
Precision: 0.5972
Recall: 0.7436
F1 Score: 0.6624
IoU: 0.4952
Dice Coefficient: 0.6624
Validation Metrics:
Accuracy: 0.9857
Precision: 0.6028
Recall: 0.7277
F1 Score: 0.6594
IoU: 0.4918
Dice Coefficient: 0.6594
Epoch    5/50, time: 36.67 s, training_loss: 0.719
Epoch    5/50, time: 13.09 s, val_loss: 0.710
Epoch   22/50, time: 40.58 s, training_loss: 0.347
Epoch   22/50, time: 11.38 s, val_loss: 0.331
Training Metrics:
Accuracy: 0.9728
Precision: 0.3716
Recall: 0.5596
F1 Score: 0.4466
IoU: 0.2875
Dice Coefficient: 0.4466
Validation Metrics:
Accuracy: 0.9745
Precision: 0.3847
Recall: 0.5725
F1 Score: 0.4602
IoU: 0.2989
Dice Coefficient: 0.4602
Epoch    6/50, time: 40.64 s, training_loss: 0.711
Epoch   12/50, time: 36.67 s, training_loss: 0.545
Epoch   23/50, time: 41.04 s, training_loss: 0.342
Epoch    6/50, time: 13.70 s, val_loss: 0.766
Epoch   12/50, time: 12.38 s, val_loss: 0.513
Epoch   23/50, time: 12.79 s, val_loss: 0.339
Epoch   47/50, time: 121.91 s, training_loss: 0.242
Epoch    7/50, time: 38.61 s, training_loss: 0.692
Epoch   13/50, time: 36.23 s, training_loss: 0.520
Epoch   24/50, time: 37.01 s, training_loss: 0.333
Epoch    7/50, time: 12.28 s, val_loss: 0.683
Epoch   47/50, time: 35.25 s, val_loss: 0.264
Epoch   13/50, time: 12.96 s, val_loss: 0.484
Epoch   24/50, time: 14.77 s, val_loss: 0.377
Epoch    8/50, time: 39.02 s, training_loss: 0.667
Epoch   14/50, time: 39.20 s, training_loss: 0.501
Epoch   25/50, time: 39.10 s, training_loss: 0.330
Epoch    8/50, time: 12.93 s, val_loss: 0.642
Epoch   14/50, time: 12.49 s, val_loss: 0.498
Epoch   25/50, time: 13.67 s, val_loss: 0.323
Epoch    9/50, time: 34.85 s, training_loss: 0.634
Epoch   15/50, time: 39.35 s, training_loss: 0.485
Epoch    9/50, time: 13.26 s, val_loss: 0.612
Epoch   26/50, time: 43.06 s, training_loss: 0.324
Epoch   15/50, time: 13.10 s, val_loss: 0.489
Epoch   26/50, time: 12.80 s, val_loss: 0.356
Epoch   48/50, time: 121.21 s, training_loss: 0.240
Epoch   10/50, time: 37.42 s, training_loss: 0.607
Epoch   16/50, time: 36.69 s, training_loss: 0.457
Epoch   10/50, time: 13.08 s, val_loss: 0.575
Epoch   27/50, time: 34.95 s, training_loss: 0.306
Epoch   48/50, time: 35.09 s, val_loss: 0.281
Epoch   16/50, time: 14.09 s, val_loss: 0.459
Epoch   27/50, time: 12.47 s, val_loss: 0.301
Epoch   11/50, time: 45.92 s, training_loss: 0.590
Epoch   17/50, time: 44.48 s, training_loss: 0.439
Epoch   28/50, time: 41.50 s, training_loss: 0.307
Epoch   11/50, time: 13.55 s, val_loss: 0.565
Epoch   17/50, time: 13.26 s, val_loss: 0.422
Epoch   28/50, time: 18.52 s, val_loss: 0.300
Epoch   18/50, time: 38.33 s, training_loss: 0.408
Epoch   29/50, time: 37.90 s, training_loss: 0.298
Epoch   18/50, time: 12.26 s, val_loss: 0.399
Epoch   49/50, time: 121.06 s, training_loss: 0.230
Epoch   29/50, time: 11.58 s, val_loss: 0.284
Training Metrics:
Accuracy: 0.9632
Precision: 0.3083
Recall: 0.7057
F1 Score: 0.4292
IoU: 0.2732
Dice Coefficient: 0.4292
Validation Metrics:
Accuracy: 0.9653
Precision: 0.3151
Recall: 0.7087
F1 Score: 0.4363
IoU: 0.2790
Dice Coefficient: 0.4363
Epoch   19/50, time: 38.69 s, training_loss: 0.401
Epoch   49/50, time: 36.15 s, val_loss: 0.265
Epoch   30/50, time: 36.17 s, training_loss: 0.295
Epoch   12/50, time: 39.57 s, training_loss: 0.559
Epoch   19/50, time: 14.11 s, val_loss: 0.387
Epoch   30/50, time: 12.75 s, val_loss: 0.328
Epoch   12/50, time: 13.97 s, val_loss: 0.523
Epoch   31/50, time: 39.75 s, training_loss: 0.287
Epoch   20/50, time: 43.71 s, training_loss: 0.388
Epoch   13/50, time: 39.35 s, training_loss: 0.534
Epoch   31/50, time: 13.87 s, val_loss: 0.311
Epoch   20/50, time: 13.73 s, val_loss: 0.363
Epoch   13/50, time: 14.40 s, val_loss: 0.495
Epoch   21/50, time: 45.19 s, training_loss: 0.363
Epoch   14/50, time: 42.60 s, training_loss: 0.511
Epoch   50/50, time: 124.36 s, training_loss: 0.234
Epoch   21/50, time: 12.89 s, val_loss: 0.405
Epoch   14/50, time: 13.72 s, val_loss: 0.508
Training Metrics:
Accuracy: 0.9880
Precision: 0.6730
Recall: 0.7541
F1 Score: 0.7112
IoU: 0.5519
Dice Coefficient: 0.7112
Validation Metrics:
Accuracy: 0.9878
Precision: 0.6621
Recall: 0.7298
F1 Score: 0.6943
IoU: 0.5317
Dice Coefficient: 0.6943
Epoch   50/50, time: 37.57 s, val_loss: 0.275
Epoch   15/50, time: 37.27 s, training_loss: 0.490
Epoch   32/50, time: 36.63 s, training_loss: 0.277
Epoch   15/50, time: 12.21 s, val_loss: 0.506
Epoch   32/50, time: 13.59 s, val_loss: 0.287
Training Metrics:
Accuracy: 0.9824
Precision: 0.5410
Recall: 0.6961
F1 Score: 0.6088
IoU: 0.4377
Dice Coefficient: 0.6088
Validation Metrics:
Accuracy: 0.9821
Precision: 0.5223
Recall: 0.6820
F1 Score: 0.5916
IoU: 0.4200
Dice Coefficient: 0.5916
Epoch   16/50, time: 41.81 s, training_loss: 0.475
Epoch   33/50, time: 41.44 s, training_loss: 0.288
Epoch   16/50, time: 14.30 s, val_loss: 0.438
Epoch   33/50, time: 13.33 s, val_loss: 0.307
Epoch   22/50, time: 40.92 s, training_loss: 0.358
Epoch   22/50, time: 17.49 s, val_loss: 0.382
Epoch   17/50, time: 36.68 s, training_loss: 0.441
Epoch   34/50, time: 39.99 s, training_loss: 0.276
Epoch   17/50, time: 14.57 s, val_loss: 0.437
Epoch   34/50, time: 12.88 s, val_loss: 0.317
Epoch   23/50, time: 36.95 s, training_loss: 0.352
Epoch   23/50, time: 14.30 s, val_loss: 0.343
Epoch   18/50, time: 36.85 s, training_loss: 0.414
Epoch   35/50, time: 36.10 s, training_loss: 0.274
Epoch   18/50, time: 13.24 s, val_loss: 0.375
Epoch   35/50, time: 13.73 s, val_loss: 0.283
Training Metrics:
Accuracy: 0.9908
Precision: 0.7498
Recall: 0.7960
F1 Score: 0.7722
IoU: 0.6289
Dice Coefficient: 0.7722
Validation Metrics:
Accuracy: 0.9894
Precision: 0.7104
Recall: 0.7479
F1 Score: 0.7286
IoU: 0.5731
Dice Coefficient: 0.7286
Epoch   24/50, time: 37.04 s, training_loss: 0.334
Epoch   24/50, time: 13.29 s, val_loss: 0.349
Epoch   19/50, time: 41.18 s, training_loss: 0.397
Epoch   36/50, time: 40.27 s, training_loss: 0.270
Epoch   19/50, time: 13.50 s, val_loss: 0.384
Test Metrics:
Accuracy: 0.9894
Precision: 0.7104
Recall: 0.7479
F1 Score: 0.7286
IoU: 0.5731
Dice Coefficient: 0.7286
[I 2025-08-26 02:40:45,815] Trial 18 finished with value: 0.7286482439331158 and parameters: {'batch_size': 16, 'lr': 0.000977726032435454, 'loss_fn': 'dice_loss', 'augmentation': True, 'filters_idx': 2, 'in_channels': 400, 'att_channels': 64}. Best is trial 24 with value: 0.746948817444456.
wandb: Finishing previous runs because reinit is set to True.
