Training Metrics:
Accuracy: 0.9099
Precision: 0.1580
Recall: 0.8293
F1 Score: 0.2655
IoU: 0.1531
Dice Coefficient: 0.2655
Validation Metrics:
Accuracy: 0.9095
Precision: 0.1565
Recall: 0.8583
F1 Score: 0.2647
IoU: 0.1525
Dice Coefficient: 0.2647
Epoch   14/50, time: 51.51 s, training_loss: 0.816
Epoch   14/50, time: 12.38 s, val_loss: 0.812
Epoch    1/50, time: 50.51 s, training_loss: 0.948
Epoch    1/50, time: 11.75 s, val_loss: 0.961
Epoch   12/50, time: 54.30 s, training_loss: 0.778
Epoch   12/50, time: 12.31 s, val_loss: 0.769
Epoch   15/50, time: 53.78 s, training_loss: 0.809
Epoch   15/50, time: 12.08 s, val_loss: 0.807
Epoch   13/50, time: 50.76 s, training_loss: 0.769
Training Metrics:
Accuracy: 0.9803
Precision: 0.1070
Recall: 0.0005
F1 Score: 0.0009
IoU: 0.0005
Dice Coefficient: 0.0009
Validation Metrics:
Accuracy: 0.9808
Precision: 0.1029
Recall: 0.0013
F1 Score: 0.0026
IoU: 0.0013
Dice Coefficient: 0.0026
Epoch   13/50, time: 11.53 s, val_loss: 0.763
Epoch   16/50, time: 51.28 s, training_loss: 0.802
Epoch   16/50, time: 13.30 s, val_loss: 0.798
Epoch    2/50, time: 53.01 s, training_loss: 0.927
Epoch   14/50, time: 52.08 s, training_loss: 0.764
Epoch    2/50, time: 11.49 s, val_loss: 0.941
Epoch   14/50, time: 12.15 s, val_loss: 0.758
Epoch   17/50, time: 51.48 s, training_loss: 0.796
Epoch   17/50, time: 13.30 s, val_loss: 0.793
Epoch    3/50, time: 51.30 s, training_loss: 0.914
Epoch   15/50, time: 54.94 s, training_loss: 0.758
Epoch    3/50, time: 11.30 s, val_loss: 0.921
Epoch   15/50, time: 11.96 s, val_loss: 0.762
Epoch   18/50, time: 51.24 s, training_loss: 0.789
Epoch   18/50, time: 12.96 s, val_loss: 0.785
Epoch    4/50, time: 52.00 s, training_loss: 0.910
Epoch   16/50, time: 55.19 s, training_loss: 0.755
Epoch    4/50, time: 11.21 s, val_loss: 0.916
Epoch   16/50, time: 11.81 s, val_loss: 0.746
Epoch   19/50, time: 51.38 s, training_loss: 0.784
Epoch   19/50, time: 12.77 s, val_loss: 0.778
Epoch    5/50, time: 54.39 s, training_loss: 0.904
Epoch   17/50, time: 51.70 s, training_loss: 0.753
Epoch    5/50, time: 11.10 s, val_loss: 0.907
Epoch   17/50, time: 11.57 s, val_loss: 0.751
Epoch   20/50, time: 52.42 s, training_loss: 0.776
Epoch   20/50, time: 12.91 s, val_loss: 0.778
Epoch    6/50, time: 51.84 s, training_loss: 0.899
Epoch   18/50, time: 51.52 s, training_loss: 0.743
Epoch    6/50, time: 11.32 s, val_loss: 0.902
Epoch   18/50, time: 12.00 s, val_loss: 0.739
Epoch   21/50, time: 51.03 s, training_loss: 0.770
Epoch   21/50, time: 12.56 s, val_loss: 0.781
Epoch    7/50, time: 54.01 s, training_loss: 0.897
Epoch   19/50, time: 52.02 s, training_loss: 0.740
Epoch    7/50, time: 11.51 s, val_loss: 0.898
Epoch   19/50, time: 11.89 s, val_loss: 0.739
Training Metrics:
Accuracy: 0.9288
Precision: 0.1803
Recall: 0.7417
F1 Score: 0.2901
IoU: 0.1697
Dice Coefficient: 0.2901
Validation Metrics:
Accuracy: 0.9350
Precision: 0.1814
Recall: 0.6915
F1 Score: 0.2874
IoU: 0.1678
Dice Coefficient: 0.2874
Epoch    8/50, time: 50.73 s, training_loss: 0.894
Epoch   20/50, time: 50.28 s, training_loss: 0.737
Epoch    8/50, time: 12.06 s, val_loss: 0.896
Epoch   20/50, time: 12.88 s, val_loss: 0.737
Epoch   22/50, time: 53.49 s, training_loss: 0.764
Epoch   22/50, time: 12.04 s, val_loss: 0.768
Epoch    9/50, time: 52.89 s, training_loss: 0.892
Epoch   21/50, time: 52.71 s, training_loss: 0.731
Epoch    9/50, time: 12.09 s, val_loss: 0.891
Epoch   21/50, time: 12.85 s, val_loss: 0.722
Epoch   23/50, time: 54.22 s, training_loss: 0.761
Epoch   23/50, time: 11.47 s, val_loss: 0.756
Epoch   10/50, time: 54.74 s, training_loss: 0.888
Epoch   10/50, time: 11.85 s, val_loss: 0.885
Training Metrics:
Accuracy: 0.9229
Precision: 0.1833
Recall: 0.8470
F1 Score: 0.3013
IoU: 0.1774
Dice Coefficient: 0.3013
Validation Metrics:
Accuracy: 0.9267
Precision: 0.1854
Recall: 0.8434
F1 Score: 0.3039
IoU: 0.1792
Dice Coefficient: 0.3039
Epoch   24/50, time: 52.64 s, training_loss: 0.756
Epoch   24/50, time: 12.09 s, val_loss: 0.753
Epoch   11/50, time: 50.06 s, training_loss: 0.884
Epoch   11/50, time: 12.65 s, val_loss: 0.869
Epoch   22/50, time: 52.80 s, training_loss: 0.724
Epoch   22/50, time: 11.82 s, val_loss: 0.721
Epoch   25/50, time: 50.18 s, training_loss: 0.752
Epoch   25/50, time: 11.88 s, val_loss: 0.812
Epoch   23/50, time: 51.24 s, training_loss: 0.720
Training Metrics:
Accuracy: 0.8262
Precision: 0.0947
Recall: 0.9174
F1 Score: 0.1717
IoU: 0.0939
Dice Coefficient: 0.1717
Validation Metrics:
Accuracy: 0.8749
Precision: 0.1234
Recall: 0.9160
F1 Score: 0.2175
IoU: 0.1220
Dice Coefficient: 0.2175
Epoch   23/50, time: 11.74 s, val_loss: 0.721
Epoch   26/50, time: 52.19 s, training_loss: 0.749
Epoch   26/50, time: 12.96 s, val_loss: 0.748
Epoch   12/50, time: 53.55 s, training_loss: 0.877
Epoch   24/50, time: 52.75 s, training_loss: 0.719
Epoch   12/50, time: 11.31 s, val_loss: 0.855
Epoch   24/50, time: 12.02 s, val_loss: 0.709
Epoch   27/50, time: 51.17 s, training_loss: 0.741
Epoch   27/50, time: 12.99 s, val_loss: 0.742
Epoch   13/50, time: 53.69 s, training_loss: 0.874
Epoch   25/50, time: 51.82 s, training_loss: 0.715
Epoch   13/50, time: 11.00 s, val_loss: 0.829
Epoch   25/50, time: 11.56 s, val_loss: 0.708
Epoch   28/50, time: 53.07 s, training_loss: 0.739
Epoch   28/50, time: 12.90 s, val_loss: 0.739
Epoch   14/50, time: 52.64 s, training_loss: 0.868
Epoch   26/50, time: 53.36 s, training_loss: 0.710
Epoch   14/50, time: 11.31 s, val_loss: 0.820
Epoch   26/50, time: 12.08 s, val_loss: 0.708
Epoch   29/50, time: 52.75 s, training_loss: 0.733
Epoch   29/50, time: 12.53 s, val_loss: 0.736
Epoch   15/50, time: 51.92 s, training_loss: 0.864
Epoch   27/50, time: 52.20 s, training_loss: 0.707
Epoch   15/50, time: 11.68 s, val_loss: 0.814
Epoch   27/50, time: 11.81 s, val_loss: 0.698
Epoch   30/50, time: 52.59 s, training_loss: 0.731
Epoch   30/50, time: 12.52 s, val_loss: 0.724
Epoch   16/50, time: 52.32 s, training_loss: 0.861
Epoch   28/50, time: 51.85 s, training_loss: 0.703
Epoch   16/50, time: 11.45 s, val_loss: 0.810
Epoch   28/50, time: 11.88 s, val_loss: 0.706
Epoch   31/50, time: 53.01 s, training_loss: 0.726
Epoch   31/50, time: 12.21 s, val_loss: 0.723
Epoch   17/50, time: 51.91 s, training_loss: 0.855
Epoch   17/50, time: 11.42 s, val_loss: 0.808
Epoch   29/50, time: 53.89 s, training_loss: 0.702
Epoch   29/50, time: 12.10 s, val_loss: 0.709
Epoch   18/50, time: 51.45 s, training_loss: 0.854
Training Metrics:
Accuracy: 0.9202
Precision: 0.1855
Recall: 0.9049
F1 Score: 0.3079
IoU: 0.1820
Dice Coefficient: 0.3079
Validation Metrics:
Accuracy: 0.9277
Precision: 0.1916
Recall: 0.8739
F1 Score: 0.3143
IoU: 0.1864
Dice Coefficient: 0.3143
Epoch   18/50, time: 11.13 s, val_loss: 0.804
Epoch   30/50, time: 50.77 s, training_loss: 0.700
Epoch   30/50, time: 13.71 s, val_loss: 0.686
Epoch   32/50, time: 52.62 s, training_loss: 0.724
Epoch   19/50, time: 53.86 s, training_loss: 0.850
Epoch   32/50, time: 11.16 s, val_loss: 0.723
Epoch   19/50, time: 11.37 s, val_loss: 0.791
Epoch   31/50, time: 51.50 s, training_loss: 0.700
Epoch   31/50, time: 13.76 s, val_loss: 0.689
Epoch   33/50, time: 54.11 s, training_loss: 0.719
Epoch   20/50, time: 54.24 s, training_loss: 0.848
Epoch   33/50, time: 11.62 s, val_loss: 0.712
Epoch   20/50, time: 11.32 s, val_loss: 0.796
Training Metrics:
Accuracy: 0.9358
Precision: 0.2044
Recall: 0.7855
F1 Score: 0.3244
IoU: 0.1936
Dice Coefficient: 0.3244
Validation Metrics:
Accuracy: 0.9442
Precision: 0.2151
Recall: 0.7321
F1 Score: 0.3325
IoU: 0.1994
Dice Coefficient: 0.3325
Epoch   34/50, time: 51.25 s, training_loss: 0.713
Epoch   21/50, time: 53.23 s, training_loss: 0.847
Epoch   34/50, time: 11.61 s, val_loss: 0.730
Epoch   21/50, time: 12.20 s, val_loss: 0.797
Epoch   32/50, time: 52.02 s, training_loss: 0.693
Epoch   32/50, time: 11.97 s, val_loss: 0.687
Epoch   35/50, time: 52.59 s, training_loss: 0.712
Epoch   35/50, time: 11.89 s, val_loss: 0.722
Training Metrics:
Accuracy: 0.6751
Precision: 0.0483
Recall: 0.8316
F1 Score: 0.0913
IoU: 0.0478
Dice Coefficient: 0.0913
Validation Metrics:
Accuracy: 0.9276
Precision: 0.1691
Recall: 0.7194
F1 Score: 0.2738
IoU: 0.1586
Dice Coefficient: 0.2738
Epoch   33/50, time: 51.93 s, training_loss: 0.688
Epoch   33/50, time: 11.59 s, val_loss: 0.677
Epoch   36/50, time: 53.79 s, training_loss: 0.704
Epoch   36/50, time: 12.24 s, val_loss: 0.719
Epoch   22/50, time: 52.40 s, training_loss: 0.844
Epoch   34/50, time: 50.80 s, training_loss: 0.681
Epoch   22/50, time: 12.05 s, val_loss: 0.807
Epoch   34/50, time: 11.69 s, val_loss: 0.685
Epoch   37/50, time: 52.35 s, training_loss: 0.703
Epoch   37/50, time: 12.18 s, val_loss: 0.699
Epoch   23/50, time: 52.11 s, training_loss: 0.843
Epoch   23/50, time: 11.44 s, val_loss: 0.796
Epoch   35/50, time: 52.53 s, training_loss: 0.677
Epoch   35/50, time: 11.84 s, val_loss: 0.670
Epoch   38/50, time: 52.87 s, training_loss: 0.700
Epoch   38/50, time: 12.05 s, val_loss: 0.693
Epoch   24/50, time: 53.98 s, training_loss: 0.841
Epoch   36/50, time: 51.26 s, training_loss: 0.668
Epoch   24/50, time: 11.46 s, val_loss: 0.778
Epoch   36/50, time: 11.80 s, val_loss: 0.671
Epoch   39/50, time: 54.26 s, training_loss: 0.700
Epoch   39/50, time: 11.36 s, val_loss: 0.694
Epoch   25/50, time: 51.62 s, training_loss: 0.837
Epoch   37/50, time: 53.20 s, training_loss: 0.666
Epoch   25/50, time: 11.71 s, val_loss: 0.783
Epoch   37/50, time: 12.18 s, val_loss: 0.657
Epoch   40/50, time: 53.78 s, training_loss: 0.695
Epoch   40/50, time: 11.42 s, val_loss: 0.697
Epoch   26/50, time: 50.53 s, training_loss: 0.835
Epoch   26/50, time: 11.51 s, val_loss: 0.783
Epoch   38/50, time: 52.70 s, training_loss: 0.665
Epoch   38/50, time: 12.16 s, val_loss: 0.666
Epoch   41/50, time: 52.35 s, training_loss: 0.695
Epoch   41/50, time: 11.32 s, val_loss: 0.686
Epoch   27/50, time: 51.29 s, training_loss: 0.832
Epoch   27/50, time: 11.73 s, val_loss: 0.776
Epoch   39/50, time: 50.25 s, training_loss: 0.660
Epoch   39/50, time: 12.54 s, val_loss: 0.671
Epoch   28/50, time: 51.96 s, training_loss: 0.830
Training Metrics:
Accuracy: 0.9307
Precision: 0.2007
Recall: 0.8491
F1 Score: 0.3247
IoU: 0.1938
Dice Coefficient: 0.3247
Validation Metrics:
Accuracy: 0.9354
Precision: 0.2070
Recall: 0.8498
F1 Score: 0.3329
IoU: 0.1997
Dice Coefficient: 0.3329
Epoch   28/50, time: 10.83 s, val_loss: 0.768
Epoch   40/50, time: 51.04 s, training_loss: 0.667
Epoch   40/50, time: 13.59 s, val_loss: 0.670
Epoch   42/50, time: 53.60 s, training_loss: 0.690
Epoch   29/50, time: 55.64 s, training_loss: 0.829
Epoch   42/50, time: 11.47 s, val_loss: 0.677
Epoch   29/50, time: 10.91 s, val_loss: 0.764
Epoch   41/50, time: 52.03 s, training_loss: 0.658
Epoch   41/50, time: 13.37 s, val_loss: 0.656
Epoch   43/50, time: 54.22 s, training_loss: 0.684
Epoch   30/50, time: 56.15 s, training_loss: 0.827
Epoch   43/50, time: 11.45 s, val_loss: 0.674
Epoch   30/50, time: 11.04 s, val_loss: 0.758
Training Metrics:
Accuracy: 0.9519
Precision: 0.2430
Recall: 0.6857
F1 Score: 0.3588
IoU: 0.2187
Dice Coefficient: 0.3588
Validation Metrics:
Accuracy: 0.9526
Precision: 0.2440
Recall: 0.7145
F1 Score: 0.3637
IoU: 0.2223
Dice Coefficient: 0.3637
Epoch   44/50, time: 53.72 s, training_loss: 0.680
Epoch   31/50, time: 53.14 s, training_loss: 0.823
Epoch   44/50, time: 11.59 s, val_loss: 0.706
Epoch   31/50, time: 11.95 s, val_loss: 0.764
Epoch   42/50, time: 51.58 s, training_loss: 0.651
Epoch   42/50, time: 12.27 s, val_loss: 0.645
Epoch   45/50, time: 54.46 s, training_loss: 0.673
Epoch   45/50, time: 11.13 s, val_loss: 0.680
Epoch   43/50, time: 50.41 s, training_loss: 0.648
Training Metrics:
Accuracy: 0.6814
Precision: 0.0494
Recall: 0.8356
F1 Score: 0.0934
IoU: 0.0490
Dice Coefficient: 0.0934
Validation Metrics:
Accuracy: 0.9321
Precision: 0.1819
Recall: 0.7378
F1 Score: 0.2918
IoU: 0.1708
Dice Coefficient: 0.2918
Epoch   43/50, time: 12.56 s, val_loss: 0.630
Epoch   46/50, time: 54.00 s, training_loss: 0.671
Epoch   46/50, time: 10.83 s, val_loss: 0.676
Epoch   32/50, time: 51.24 s, training_loss: 0.822
Epoch   32/50, time: 11.63 s, val_loss: 0.766
Epoch   44/50, time: 53.87 s, training_loss: 0.633
Epoch   44/50, time: 12.64 s, val_loss: 0.632
Epoch   47/50, time: 52.99 s, training_loss: 0.664
Epoch   47/50, time: 11.22 s, val_loss: 0.665
Epoch   33/50, time: 52.74 s, training_loss: 0.819
Epoch   33/50, time: 11.90 s, val_loss: 0.761
Epoch   45/50, time: 52.19 s, training_loss: 0.640
Epoch   45/50, time: 12.57 s, val_loss: 0.628
Epoch   48/50, time: 53.30 s, training_loss: 0.659
Epoch   48/50, time: 11.00 s, val_loss: 0.648
Epoch   34/50, time: 54.46 s, training_loss: 0.819
Epoch   34/50, time: 11.81 s, val_loss: 0.774
Epoch   46/50, time: 52.22 s, training_loss: 0.630
Epoch   46/50, time: 12.45 s, val_loss: 0.622
Epoch   49/50, time: 55.01 s, training_loss: 0.656
Epoch   49/50, time: 10.93 s, val_loss: 0.643
Epoch   35/50, time: 52.23 s, training_loss: 0.817
Epoch   35/50, time: 11.61 s, val_loss: 0.752
Epoch   47/50, time: 52.74 s, training_loss: 0.625
Epoch   47/50, time: 12.88 s, val_loss: 0.621
Epoch   50/50, time: 53.18 s, training_loss: 0.647
Epoch   50/50, time: 10.96 s, val_loss: 0.639
Epoch   36/50, time: 53.49 s, training_loss: 0.813
Epoch   36/50, time: 11.77 s, val_loss: 0.746
Epoch   48/50, time: 51.94 s, training_loss: 0.623
Epoch   48/50, time: 12.58 s, val_loss: 0.612
Epoch   37/50, time: 51.75 s, training_loss: 0.810
Epoch   37/50, time: 10.98 s, val_loss: 0.754
Training Metrics:
Accuracy: 0.9565
Precision: 0.2653
Recall: 0.6868
F1 Score: 0.3828
IoU: 0.2367
Dice Coefficient: 0.3828
Validation Metrics:
Accuracy: 0.9620
Precision: 0.2830
Recall: 0.6544
F1 Score: 0.3952
IoU: 0.2462
Dice Coefficient: 0.3952
Epoch   49/50, time: 49.76 s, training_loss: 0.620
Epoch   49/50, time: 12.46 s, val_loss: 0.611
Test Metrics:
Accuracy: 0.9620
Precision: 0.2830
Recall: 0.6544
F1 Score: 0.3952
IoU: 0.2462
Dice Coefficient: 0.3952
[I 2025-08-23 07:46:56,237] Trial 41 finished with value: 0.39516376748689525 and parameters: {'batch_size': 128, 'lr': 0.00032005949713708435, 'loss_fn': 'dice_loss', 'augmentation': True, 'filters_idx': 0, 'in_channels': 100, 'att_channels': 16}. Best is trial 27 with value: 0.7710798005055088.
wandb: Finishing previous runs because reinit is set to True.
