Epoch    7/50, time: 13.10 s, val_loss: 0.796
Epoch   31/50, time: 124.71 s, training_loss: 0.772
Training Metrics:
Accuracy: 0.9428
Precision: 0.1386
Recall: 0.3673
F1 Score: 0.2012
IoU: 0.1119
Dice Coefficient: 0.2012
Validation Metrics:
Accuracy: 0.9099
Precision: 0.1408
Recall: 0.7346
F1 Score: 0.2362
IoU: 0.1339
Dice Coefficient: 0.2362
Epoch    8/50, time: 50.25 s, training_loss: 0.777
Epoch   31/50, time: 32.96 s, val_loss: 0.728
Epoch    8/50, time: 12.12 s, val_loss: 0.778
Epoch    2/50, time: 39.62 s, training_loss: 0.866
Epoch    2/50, time: 14.17 s, val_loss: 0.866
Epoch    9/50, time: 51.29 s, training_loss: 0.769
Epoch    9/50, time: 12.14 s, val_loss: 0.803
Epoch    3/50, time: 40.63 s, training_loss: 0.848
Epoch    3/50, time: 12.60 s, val_loss: 0.821
Epoch    1/50, time: 154.08 s, training_loss: 0.920
Epoch   10/50, time: 51.68 s, training_loss: 0.764
Epoch    1/50, time: 32.38 s, val_loss: 0.928
Epoch   10/50, time: 12.37 s, val_loss: 0.764
Epoch    4/50, time: 41.84 s, training_loss: 0.833
Epoch    4/50, time: 12.67 s, val_loss: 0.797
Training Metrics:
Accuracy: 0.7766
Precision: 0.0706
Recall: 0.8538
F1 Score: 0.1304
IoU: 0.0698
Dice Coefficient: 0.1304
Validation Metrics:
Accuracy: 0.9395
Precision: 0.2093
Recall: 0.7876
F1 Score: 0.3308
IoU: 0.1982
Dice Coefficient: 0.3308
Epoch   11/50, time: 51.34 s, training_loss: 0.760
Epoch    5/50, time: 38.16 s, training_loss: 0.819
Epoch   11/50, time: 12.35 s, val_loss: 0.751
Epoch    5/50, time: 12.38 s, val_loss: 0.791
Epoch    6/50, time: 42.01 s, training_loss: 0.811
Epoch    6/50, time: 14.30 s, val_loss: 0.775
Training Metrics:
Accuracy: 0.9056
Precision: 0.1657
Recall: 0.9447
F1 Score: 0.2820
IoU: 0.1641
Dice Coefficient: 0.2820
Validation Metrics:
Accuracy: 0.9092
Precision: 0.1677
Recall: 0.9553
F1 Score: 0.2853
IoU: 0.1664
Dice Coefficient: 0.2853
Epoch    7/50, time: 38.02 s, training_loss: 0.804
Epoch   32/50, time: 114.95 s, training_loss: 0.769
Epoch    7/50, time: 12.13 s, val_loss: 0.780
Epoch   32/50, time: 33.49 s, val_loss: 0.728
Epoch   12/50, time: 54.75 s, training_loss: 0.752
Epoch    8/50, time: 38.29 s, training_loss: 0.800
Training Metrics:
Accuracy: 0.9057
Precision: 0.1264
Recall: 0.6438
F1 Score: 0.2114
IoU: 0.1182
Dice Coefficient: 0.2114
Validation Metrics:
Accuracy: 0.8832
Precision: 0.1206
Recall: 0.8204
F1 Score: 0.2104
IoU: 0.1175
Dice Coefficient: 0.2104
Epoch   12/50, time: 18.15 s, val_loss: 0.744
Epoch    8/50, time: 12.39 s, val_loss: 0.756
Epoch    9/50, time: 42.93 s, training_loss: 0.795
Epoch   13/50, time: 57.30 s, training_loss: 0.747
Epoch    9/50, time: 12.78 s, val_loss: 0.772
Epoch   13/50, time: 13.05 s, val_loss: 0.756
Epoch   33/50, time: 116.41 s, training_loss: 0.765
Epoch   10/50, time: 41.12 s, training_loss: 0.793
Epoch   10/50, time: 11.59 s, val_loss: 0.758
Epoch   14/50, time: 54.02 s, training_loss: 0.743
Epoch   33/50, time: 32.78 s, val_loss: 0.715
Epoch   14/50, time: 13.25 s, val_loss: 0.744
Epoch   11/50, time: 39.22 s, training_loss: 0.788
Epoch    2/50, time: 161.84 s, training_loss: 0.894
Epoch   11/50, time: 15.01 s, val_loss: 0.740
Epoch   15/50, time: 50.80 s, training_loss: 0.739
Epoch    2/50, time: 33.52 s, val_loss: 0.870
Epoch   15/50, time: 13.43 s, val_loss: 0.749
Training Metrics:
Accuracy: 0.7404
Precision: 0.0619
Recall: 0.8631
F1 Score: 0.1154
IoU: 0.0613
Dice Coefficient: 0.1154
Validation Metrics:
Accuracy: 0.9252
Precision: 0.1808
Recall: 0.8337
F1 Score: 0.2971
IoU: 0.1745
Dice Coefficient: 0.2971
Epoch   34/50, time: 114.50 s, training_loss: 0.763
Epoch   16/50, time: 53.88 s, training_loss: 0.732
Epoch   16/50, time: 11.96 s, val_loss: 0.744
Epoch   12/50, time: 39.25 s, training_loss: 0.787
Epoch   34/50, time: 32.96 s, val_loss: 0.711
Epoch   12/50, time: 11.27 s, val_loss: 0.748
Epoch   17/50, time: 55.11 s, training_loss: 0.726
Epoch   13/50, time: 42.09 s, training_loss: 0.783
Epoch   17/50, time: 12.73 s, val_loss: 0.731
Epoch   13/50, time: 11.90 s, val_loss: 0.736
Epoch    3/50, time: 156.56 s, training_loss: 0.878
Epoch    3/50, time: 33.04 s, val_loss: 0.831
Epoch   14/50, time: 39.66 s, training_loss: 0.779
Epoch   18/50, time: 53.40 s, training_loss: 0.719
Epoch   14/50, time: 11.47 s, val_loss: 0.733
Epoch   35/50, time: 118.34 s, training_loss: 0.759
Epoch   18/50, time: 12.35 s, val_loss: 0.703
Epoch   35/50, time: 34.00 s, val_loss: 0.705
Epoch   15/50, time: 42.31 s, training_loss: 0.777
Epoch   15/50, time: 11.66 s, val_loss: 0.747
Epoch   19/50, time: 49.54 s, training_loss: 0.714
Epoch   19/50, time: 14.03 s, val_loss: 0.696
Epoch   16/50, time: 40.28 s, training_loss: 0.773
Epoch   16/50, time: 13.27 s, val_loss: 0.733
Epoch   20/50, time: 55.50 s, training_loss: 0.706
Epoch   20/50, time: 12.20 s, val_loss: 0.693
Epoch    4/50, time: 157.95 s, training_loss: 0.868
Epoch   17/50, time: 38.55 s, training_loss: 0.770
Epoch   17/50, time: 11.72 s, val_loss: 0.728
Epoch   36/50, time: 125.55 s, training_loss: 0.759
Epoch    4/50, time: 31.86 s, val_loss: 0.814
Epoch   21/50, time: 51.82 s, training_loss: 0.696
Epoch   36/50, time: 32.19 s, val_loss: 0.714
Epoch   18/50, time: 39.76 s, training_loss: 0.769
Epoch   21/50, time: 13.45 s, val_loss: 0.687
Epoch   18/50, time: 13.39 s, val_loss: 0.709
Epoch   19/50, time: 40.05 s, training_loss: 0.765
Epoch   19/50, time: 13.27 s, val_loss: 0.727
Training Metrics:
Accuracy: 0.9444
Precision: 0.2267
Recall: 0.7596
F1 Score: 0.3492
IoU: 0.2115
Dice Coefficient: 0.3492
Validation Metrics:
Accuracy: 0.9447
Precision: 0.2301
Recall: 0.8158
F1 Score: 0.3590
IoU: 0.2187
Dice Coefficient: 0.3590
Epoch   20/50, time: 41.26 s, training_loss: 0.760
Epoch   37/50, time: 114.26 s, training_loss: 0.753
Epoch   20/50, time: 11.93 s, val_loss: 0.720
Epoch    5/50, time: 162.69 s, training_loss: 0.858
Epoch   37/50, time: 31.32 s, val_loss: 0.706
Epoch   22/50, time: 51.75 s, training_loss: 0.691
Epoch   22/50, time: 12.70 s, val_loss: 0.705
Epoch   21/50, time: 41.51 s, training_loss: 0.758
Epoch    5/50, time: 33.05 s, val_loss: 0.794
Epoch   21/50, time: 13.47 s, val_loss: 0.710
Epoch   23/50, time: 54.86 s, training_loss: 0.684
Epoch   23/50, time: 12.46 s, val_loss: 0.681
Training Metrics:
Accuracy: 0.7273
Precision: 0.0648
Recall: 0.9597
F1 Score: 0.1214
IoU: 0.0646
Dice Coefficient: 0.1214
Validation Metrics:
Accuracy: 0.9190
Precision: 0.1849
Recall: 0.9597
F1 Score: 0.3101
IoU: 0.1835
Dice Coefficient: 0.3101
Epoch   38/50, time: 119.45 s, training_loss: 0.753
Epoch   24/50, time: 50.94 s, training_loss: 0.677
Epoch   22/50, time: 40.40 s, training_loss: 0.757
Epoch   24/50, time: 12.32 s, val_loss: 0.670
Epoch   38/50, time: 33.71 s, val_loss: 0.693
Epoch   22/50, time: 11.26 s, val_loss: 0.711
Epoch    6/50, time: 153.30 s, training_loss: 0.850
Epoch   23/50, time: 38.94 s, training_loss: 0.750
Epoch   25/50, time: 51.06 s, training_loss: 0.670
Epoch   23/50, time: 12.65 s, val_loss: 0.699
Epoch   25/50, time: 12.80 s, val_loss: 0.679
Epoch    6/50, time: 31.44 s, val_loss: 0.782
Epoch   24/50, time: 41.17 s, training_loss: 0.745
Epoch   24/50, time: 12.21 s, val_loss: 0.694
Epoch   26/50, time: 55.36 s, training_loss: 0.660
Epoch   39/50, time: 120.88 s, training_loss: 0.749
Epoch   26/50, time: 11.66 s, val_loss: 0.661
Epoch   25/50, time: 41.38 s, training_loss: 0.739
Epoch   39/50, time: 33.01 s, val_loss: 0.686
Epoch   25/50, time: 13.89 s, val_loss: 0.687
Epoch   27/50, time: 50.67 s, training_loss: 0.652
Epoch   27/50, time: 12.24 s, val_loss: 0.658
Epoch   26/50, time: 41.09 s, training_loss: 0.739
Epoch    7/50, time: 152.20 s, training_loss: 0.841
Epoch   26/50, time: 11.80 s, val_loss: 0.683
Epoch   28/50, time: 50.95 s, training_loss: 0.637
Epoch    7/50, time: 34.11 s, val_loss: 0.791
Epoch   28/50, time: 13.01 s, val_loss: 0.621
Epoch   27/50, time: 39.65 s, training_loss: 0.737
Epoch   40/50, time: 111.72 s, training_loss: 0.747
Epoch   27/50, time: 11.93 s, val_loss: 0.665
Epoch   40/50, time: 33.84 s, val_loss: 0.687
Epoch   29/50, time: 50.89 s, training_loss: 0.626
Epoch   28/50, time: 38.93 s, training_loss: 0.727
Epoch   29/50, time: 11.83 s, val_loss: 0.616
Epoch   28/50, time: 12.46 s, val_loss: 0.659
Epoch   29/50, time: 39.84 s, training_loss: 0.726
Epoch   30/50, time: 51.40 s, training_loss: 0.613
Epoch   29/50, time: 11.75 s, val_loss: 0.651
Epoch   30/50, time: 11.18 s, val_loss: 0.610
Epoch   30/50, time: 39.28 s, training_loss: 0.716
Epoch    8/50, time: 162.50 s, training_loss: 0.834
Epoch   41/50, time: 120.23 s, training_loss: 0.742
Epoch   30/50, time: 11.03 s, val_loss: 0.640
Epoch   31/50, time: 50.69 s, training_loss: 0.603
Epoch   31/50, time: 11.92 s, val_loss: 0.595
Epoch    8/50, time: 30.84 s, val_loss: 0.769
Epoch   41/50, time: 32.59 s, val_loss: 0.686
Epoch   31/50, time: 39.04 s, training_loss: 0.707
Epoch   31/50, time: 11.89 s, val_loss: 0.639
Training Metrics:
Accuracy: 0.9692
Precision: 0.3410
Recall: 0.6126
F1 Score: 0.4381
IoU: 0.2805
Dice Coefficient: 0.4381
Validation Metrics:
Accuracy: 0.9735
Precision: 0.3726
Recall: 0.5846
F1 Score: 0.4551
IoU: 0.2946
Dice Coefficient: 0.4551
Training Metrics:
Accuracy: 0.7784
Precision: 0.0654
Recall: 0.7749
F1 Score: 0.1207
IoU: 0.0642
Dice Coefficient: 0.1207
Validation Metrics:
Accuracy: 0.9638
Precision: 0.2969
Recall: 0.6637
F1 Score: 0.4103
IoU: 0.2581
Dice Coefficient: 0.4103
Epoch   32/50, time: 55.16 s, training_loss: 0.585
Epoch   32/50, time: 38.49 s, training_loss: 0.702
Epoch   32/50, time: 11.13 s, val_loss: 0.659
Epoch   32/50, time: 11.08 s, val_loss: 0.622
Epoch    9/50, time: 159.93 s, training_loss: 0.832
Training Metrics:
Accuracy: 0.8159
Precision: 0.0799
Recall: 0.7967
F1 Score: 0.1452
IoU: 0.0783
Dice Coefficient: 0.1452
Validation Metrics:
Accuracy: 0.9540
Precision: 0.2491
Recall: 0.7085
F1 Score: 0.3686
IoU: 0.2259
Dice Coefficient: 0.3686
Epoch    9/50, time: 30.23 s, val_loss: 0.767
Epoch   33/50, time: 40.12 s, training_loss: 0.696
Epoch   33/50, time: 53.58 s, training_loss: 0.581
Epoch   33/50, time: 11.95 s, val_loss: 0.637
Epoch   33/50, time: 14.04 s, val_loss: 0.601
Epoch   34/50, time: 44.20 s, training_loss: 0.683
Epoch   34/50, time: 12.56 s, val_loss: 0.633
Epoch   34/50, time: 57.75 s, training_loss: 0.557
Epoch   34/50, time: 16.09 s, val_loss: 0.579
Epoch   42/50, time: 120.50 s, training_loss: 0.739
Epoch   35/50, time: 39.54 s, training_loss: 0.681
Epoch   35/50, time: 11.74 s, val_loss: 0.611
Epoch   42/50, time: 31.89 s, val_loss: 0.686
Epoch   35/50, time: 49.64 s, training_loss: 0.549
Epoch   10/50, time: 157.56 s, training_loss: 0.822
Epoch   36/50, time: 40.31 s, training_loss: 0.677
Epoch   35/50, time: 12.86 s, val_loss: 0.658
Epoch   36/50, time: 11.93 s, val_loss: 0.595
Epoch   10/50, time: 32.32 s, val_loss: 0.777
Epoch   36/50, time: 52.48 s, training_loss: 0.582
Epoch   37/50, time: 41.25 s, training_loss: 0.668
Epoch   36/50, time: 11.70 s, val_loss: 0.580
Epoch   37/50, time: 13.08 s, val_loss: 0.587
Epoch   43/50, time: 112.67 s, training_loss: 0.732
Epoch   38/50, time: 41.25 s, training_loss: 0.659
Epoch   37/50, time: 50.20 s, training_loss: 0.551
Epoch   38/50, time: 12.15 s, val_loss: 0.571
Epoch   43/50, time: 32.63 s, val_loss: 0.679
Epoch   37/50, time: 12.29 s, val_loss: 0.551
Epoch   39/50, time: 41.68 s, training_loss: 0.653
Epoch   39/50, time: 12.35 s, val_loss: 0.597
Epoch   38/50, time: 51.71 s, training_loss: 0.529
Epoch   11/50, time: 155.89 s, training_loss: 0.816
Epoch   38/50, time: 12.62 s, val_loss: 0.610
Epoch   40/50, time: 41.10 s, training_loss: 0.660
Epoch   11/50, time: 33.77 s, val_loss: 0.767
Epoch   40/50, time: 11.99 s, val_loss: 0.606
Epoch   44/50, time: 114.55 s, training_loss: 0.729
Epoch   39/50, time: 54.23 s, training_loss: 0.527
Epoch   39/50, time: 12.15 s, val_loss: 0.540
Epoch   41/50, time: 41.24 s, training_loss: 0.644
Epoch   44/50, time: 33.08 s, val_loss: 0.655
Epoch   41/50, time: 13.28 s, val_loss: 0.572
Epoch   40/50, time: 50.69 s, training_loss: 0.507
Epoch   40/50, time: 14.25 s, val_loss: 0.531
Training Metrics:
Accuracy: 0.8007
Precision: 0.0736
Recall: 0.7897
F1 Score: 0.1346
IoU: 0.0722
Dice Coefficient: 0.1346
Validation Metrics:
Accuracy: 0.9732
Precision: 0.3864
Recall: 0.6998
F1 Score: 0.4979
IoU: 0.3315
Dice Coefficient: 0.4979
Epoch   41/50, time: 54.45 s, training_loss: 0.489
Epoch   45/50, time: 115.46 s, training_loss: 0.727
Epoch   41/50, time: 12.82 s, val_loss: 0.521
Epoch   42/50, time: 40.90 s, training_loss: 0.643
Epoch   42/50, time: 12.13 s, val_loss: 0.531
Epoch   45/50, time: 33.15 s, val_loss: 0.668
Training Metrics:
Accuracy: 0.7166
Precision: 0.0577
Recall: 0.8773
F1 Score: 0.1084
IoU: 0.0573
Dice Coefficient: 0.1084
Validation Metrics:
Accuracy: 0.9065
Precision: 0.1523
Recall: 0.8604
F1 Score: 0.2589
IoU: 0.1487
Dice Coefficient: 0.2589
Epoch   43/50, time: 41.52 s, training_loss: 0.635
Epoch   43/50, time: 12.17 s, val_loss: 0.550
Training Metrics:
Accuracy: 0.9734
Precision: 0.3988
Recall: 0.6972
F1 Score: 0.5074
IoU: 0.3399
Dice Coefficient: 0.5074
Validation Metrics:
Accuracy: 0.9781
Precision: 0.4460
Recall: 0.6440
F1 Score: 0.5270
IoU: 0.3578
Dice Coefficient: 0.5270
Epoch   44/50, time: 42.54 s, training_loss: 0.635
Epoch   44/50, time: 13.41 s, val_loss: 0.558
Epoch   42/50, time: 55.22 s, training_loss: 0.483
Epoch   42/50, time: 11.77 s, val_loss: 0.477
Epoch   46/50, time: 119.11 s, training_loss: 0.722
Epoch   45/50, time: 41.84 s, training_loss: 0.625
Epoch   45/50, time: 11.27 s, val_loss: 0.575
Epoch   46/50, time: 32.36 s, val_loss: 0.671
Epoch   43/50, time: 50.49 s, training_loss: 0.454
Epoch   12/50, time: 161.94 s, training_loss: 0.813
Epoch   43/50, time: 12.09 s, val_loss: 0.479
Epoch   46/50, time: 39.93 s, training_loss: 0.621
Epoch   46/50, time: 12.52 s, val_loss: 0.555
Epoch   12/50, time: 34.17 s, val_loss: 0.765
Epoch   44/50, time: 55.52 s, training_loss: 0.443
Epoch   47/50, time: 41.74 s, training_loss: 0.606
Epoch   44/50, time: 12.57 s, val_loss: 0.501
Epoch   47/50, time: 12.46 s, val_loss: 0.525
Epoch   47/50, time: 119.64 s, training_loss: 0.720
Epoch   48/50, time: 40.86 s, training_loss: 0.605
Epoch   45/50, time: 49.38 s, training_loss: 0.439
Epoch   47/50, time: 32.99 s, val_loss: 0.652
Epoch   48/50, time: 13.38 s, val_loss: 0.557
Epoch   45/50, time: 13.08 s, val_loss: 0.509
Epoch   49/50, time: 40.72 s, training_loss: 0.601
Epoch   46/50, time: 47.79 s, training_loss: 0.444
Epoch   49/50, time: 12.59 s, val_loss: 0.531
Epoch   13/50, time: 156.76 s, training_loss: 0.800
Epoch   46/50, time: 13.84 s, val_loss: 0.435
Epoch   13/50, time: 31.65 s, val_loss: 0.770
Epoch   50/50, time: 45.12 s, training_loss: 0.591
Epoch   48/50, time: 115.51 s, training_loss: 0.715
Epoch   50/50, time: 13.35 s, val_loss: 0.572
Epoch   47/50, time: 54.69 s, training_loss: 0.436
Epoch   47/50, time: 12.61 s, val_loss: 0.485
Epoch   48/50, time: 35.15 s, val_loss: 0.656
Epoch   48/50, time: 49.59 s, training_loss: 0.429
Training Metrics:
Accuracy: 0.8303
Precision: 0.0761
Recall: 0.6869
F1 Score: 0.1371
IoU: 0.0736
Dice Coefficient: 0.1371
Validation Metrics:
Accuracy: 0.9768
Precision: 0.4218
Recall: 0.6043
F1 Score: 0.4968
IoU: 0.3305
Dice Coefficient: 0.4968
Epoch   48/50, time: 11.81 s, val_loss: 0.431
Test Metrics:
Accuracy: 0.9768
Precision: 0.4218
Recall: 0.6043
F1 Score: 0.4968
IoU: 0.3305
Dice Coefficient: 0.4968
[I 2025-08-25 19:52:45,600] Trial 8 finished with value: 0.4968209757644147 and parameters: {'batch_size': 64, 'lr': 2.6023931588834355e-05, 'loss_fn': 'dice_loss', 'augmentation': True, 'filters_idx': 3, 'in_channels': 100, 'att_channels': 32}. Best is trial 1 with value: 0.7192148583047533.
wandb: Finishing previous runs because reinit is set to True.
