Epoch   43/50, time: 58.87 s, training_loss: 0.508
Epoch   19/50, time: 58.96 s, training_loss: 0.762
Epoch   43/50, time: 14.21 s, val_loss: 0.526
Epoch   19/50, time: 15.49 s, val_loss: 0.743
Epoch    1/50, time: 39.69 s, training_loss: 0.862
Epoch   33/50, time: 57.67 s, training_loss: 0.712
Epoch    1/50, time: 14.29 s, val_loss: 0.828
Epoch   33/50, time: 14.81 s, val_loss: 0.658
Epoch   44/50, time: 57.55 s, training_loss: 0.492
Epoch   20/50, time: 63.98 s, training_loss: 0.760
Epoch   44/50, time: 13.67 s, val_loss: 0.549
Epoch   20/50, time: 12.53 s, val_loss: 0.730
Epoch   34/50, time: 61.95 s, training_loss: 0.716
Training Metrics:
Accuracy: 0.8535
Precision: 0.1103
Recall: 0.9152
F1 Score: 0.1969
IoU: 0.1092
Dice Coefficient: 0.1969
Validation Metrics:
Accuracy: 0.8997
Precision: 0.1438
Recall: 0.8660
F1 Score: 0.2467
IoU: 0.1407
Dice Coefficient: 0.2467
Epoch   34/50, time: 13.36 s, val_loss: 0.668
Epoch   45/50, time: 54.91 s, training_loss: 0.490
Epoch   21/50, time: 53.93 s, training_loss: 0.759
Epoch    2/50, time: 38.09 s, training_loss: 0.810
Epoch   45/50, time: 13.54 s, val_loss: 0.515
Epoch   21/50, time: 13.58 s, val_loss: 0.733
Epoch    2/50, time: 14.20 s, val_loss: 0.809
Epoch   35/50, time: 60.10 s, training_loss: 0.717
Epoch   35/50, time: 17.69 s, val_loss: 0.663
Epoch    3/50, time: 47.81 s, training_loss: 0.790
Epoch   46/50, time: 64.72 s, training_loss: 0.464
Epoch    3/50, time: 12.38 s, val_loss: 0.790
Epoch   46/50, time: 12.73 s, val_loss: 0.484
Epoch   36/50, time: 62.87 s, training_loss: 0.700
Training Metrics:
Accuracy: 0.8602
Precision: 0.1131
Recall: 0.8949
F1 Score: 0.2008
IoU: 0.1116
Dice Coefficient: 0.2008
Validation Metrics:
Accuracy: 0.9162
Precision: 0.1739
Recall: 0.9118
F1 Score: 0.2922
IoU: 0.1711
Dice Coefficient: 0.2922
Epoch    4/50, time: 41.42 s, training_loss: 0.777
Epoch   36/50, time: 14.38 s, val_loss: 0.625
Epoch    4/50, time: 14.48 s, val_loss: 0.771
Epoch   47/50, time: 65.51 s, training_loss: 0.465
Epoch   47/50, time: 14.63 s, val_loss: 0.566
Epoch    5/50, time: 40.88 s, training_loss: 0.766
Epoch   22/50, time: 63.91 s, training_loss: 0.755
Epoch   37/50, time: 59.26 s, training_loss: 0.696
Epoch    5/50, time: 13.36 s, val_loss: 0.777
Epoch   22/50, time: 13.81 s, val_loss: 0.718
Epoch   37/50, time: 13.24 s, val_loss: 0.644
Epoch   48/50, time: 62.02 s, training_loss: 0.477
Epoch    6/50, time: 43.24 s, training_loss: 0.756
Epoch   48/50, time: 13.36 s, val_loss: 0.501
Epoch    6/50, time: 13.49 s, val_loss: 0.746
Epoch   23/50, time: 60.32 s, training_loss: 0.756
Epoch   38/50, time: 65.94 s, training_loss: 0.687
Epoch   23/50, time: 20.60 s, val_loss: 0.751
Epoch   38/50, time: 16.80 s, val_loss: 0.648
Epoch    7/50, time: 43.67 s, training_loss: 0.743
Epoch    7/50, time: 15.42 s, val_loss: 0.723
Epoch   49/50, time: 70.00 s, training_loss: 0.455
Epoch   49/50, time: 15.38 s, val_loss: 0.505
Epoch   39/50, time: 59.52 s, training_loss: 0.677
Epoch   24/50, time: 67.44 s, training_loss: 0.772
Epoch    8/50, time: 40.07 s, training_loss: 0.731
Epoch   39/50, time: 15.47 s, val_loss: 0.601
Epoch   24/50, time: 15.13 s, val_loss: 0.770
Epoch    8/50, time: 14.56 s, val_loss: 0.705
Epoch   50/50, time: 66.26 s, training_loss: 0.443
Epoch    9/50, time: 43.98 s, training_loss: 0.716
Epoch   50/50, time: 15.09 s, val_loss: 0.628
Epoch    9/50, time: 12.88 s, val_loss: 0.704
Epoch   40/50, time: 64.14 s, training_loss: 0.678
Epoch   25/50, time: 67.36 s, training_loss: 0.762
Epoch   40/50, time: 18.86 s, val_loss: 0.631
Epoch   25/50, time: 14.33 s, val_loss: 0.753
Epoch   10/50, time: 44.59 s, training_loss: 0.701
Epoch   10/50, time: 12.24 s, val_loss: 0.694
Epoch   41/50, time: 56.57 s, training_loss: 0.679
Epoch   26/50, time: 63.81 s, training_loss: 0.753
Epoch   41/50, time: 13.14 s, val_loss: 0.627
Training Metrics:
Accuracy: 0.9640
Precision: 0.2932
Recall: 0.5928
F1 Score: 0.3923
IoU: 0.2440
Dice Coefficient: 0.3923
Validation Metrics:
Accuracy: 0.9652
Precision: 0.2859
Recall: 0.5556
F1 Score: 0.3775
IoU: 0.2327
Dice Coefficient: 0.3775
Epoch   11/50, time: 37.88 s, training_loss: 0.684
Epoch   26/50, time: 13.80 s, val_loss: 0.743
Epoch   11/50, time: 15.62 s, val_loss: 0.676
Test Metrics:
Accuracy: 0.9652
Precision: 0.2859
Recall: 0.5556
F1 Score: 0.3775
IoU: 0.2327
Dice Coefficient: 0.3775
[I 2025-08-26 07:08:31,811] Trial 42 finished with value: 0.3775027538391758 and parameters: {'batch_size': 128, 'lr': 0.0002474401559157929, 'loss_fn': 'dice_loss', 'augmentation': True, 'filters_idx': 3, 'in_channels': 100, 'att_channels': 16}. Best is trial 30 with value: 0.7679260845489291.
wandb: Finishing previous runs because reinit is set to True.
