{"time":"2025-08-22T14:50:47.511920569+03:00","level":"INFO","msg":"stream: starting","core version":"0.20.1","symlink path":"/home/sethih1/masque_new/ters_gen/wandb/run-20250822_145047-22ekf858/logs/debug-core.log"}
{"time":"2025-08-22T14:50:47.914686363+03:00","level":"INFO","msg":"stream: created new stream","id":"22ekf858"}
{"time":"2025-08-22T14:50:47.914713953+03:00","level":"INFO","msg":"stream: started","id":"22ekf858"}
{"time":"2025-08-22T14:50:47.914733168+03:00","level":"INFO","msg":"handler: started","stream_id":"22ekf858"}
{"time":"2025-08-22T14:50:47.914730165+03:00","level":"INFO","msg":"writer: Do: started","stream_id":"22ekf858"}
{"time":"2025-08-22T14:50:47.914755345+03:00","level":"INFO","msg":"sender: started","stream_id":"22ekf858"}
{"time":"2025-08-22T14:50:48.179920266+03:00","level":"INFO","msg":"Starting system monitor"}
{"time":"2025-08-22T15:45:33.583155179+03:00","level":"INFO","msg":"api: retrying error","error":"Post \"https://api.wandb.ai/graphql\": context deadline exceeded (Client.Timeout exceeded while awaiting headers)"}
{"time":"2025-08-22T15:48:05.564736037+03:00","level":"INFO","msg":"Stopping system monitor"}
{"time":"2025-08-22T15:48:05.564933514+03:00","level":"INFO","msg":"Stopped system monitor"}
{"time":"2025-08-22T15:48:06.56655595+03:00","level":"INFO","msg":"handler: operation stats","stats":{"operations":[{"desc":"uploading data","runtime_seconds":4.8926119}],"total_operations":1}}
{"time":"2025-08-22T15:48:25.722903781+03:00","level":"INFO","msg":"api: retrying HTTP error","status":500,"url":"https://api.wandb.ai/graphql","body":"{\"errors\":[{\"message\":\"context deadline exceeded\",\"path\":[\"project\",\"run\"]}],\"data\":{\"project\":{\"run\":null}}}"}
{"time":"2025-08-22T15:48:57.829755662+03:00","level":"INFO","msg":"api: retrying error","error":"Post \"https://api.wandb.ai/graphql\": context deadline exceeded"}
{"time":"2025-08-22T15:49:06.686648731+03:00","level":"INFO","msg":"handler: operation stats","stats":{}}
{"time":"2025-08-22T15:49:31.967849061+03:00","level":"INFO","msg":"api: retrying HTTP error","status":500,"url":"https://api.wandb.ai/graphql","body":"{\"errors\":[{\"message\":\"context deadline exceeded\",\"path\":[\"project\",\"run\"]}],\"data\":{\"project\":{\"run\":null}}}"}
{"time":"2025-08-22T15:50:06.781884221+03:00","level":"INFO","msg":"handler: operation stats","stats":{"operations":[{"desc":"uploading data","runtime_seconds":46.344072391}],"total_operations":1}}
{"time":"2025-08-22T15:50:10.413584879+03:00","level":"INFO","msg":"api: retrying error","error":"Post \"https://api.wandb.ai/graphql\": net/http: request canceled (Client.Timeout exceeded while awaiting headers)"}
{"time":"2025-08-22T15:51:07.106769693+03:00","level":"INFO","msg":"handler: operation stats","stats":{"operations":[{"desc":"uploading data","runtime_seconds":25.555028272},{"desc":"updating run metadata","runtime_seconds":15.798882852}],"total_operations":2}}
{"time":"2025-08-22T15:51:21.371397254+03:00","level":"INFO","msg":"api: retrying error","error":"Post \"https://api.wandb.ai/graphql\": net/http: request canceled (Client.Timeout exceeded while awaiting headers)"}
{"time":"2025-08-22T15:51:35.138202137+03:00","level":"INFO","msg":"fileTransfer: Close: file transfer manager closed"}
{"time":"2025-08-22T15:52:07.226181364+03:00","level":"INFO","msg":"handler: operation stats","stats":{"operations":[{"desc":"uploading data","runtime_seconds":3.403365104}],"total_operations":1}}
{"time":"2025-08-22T15:52:18.725206247+03:00","level":"INFO","msg":"stream: closing","id":"22ekf858"}
{"time":"2025-08-22T15:52:18.725224968+03:00","level":"INFO","msg":"handler: closed","stream_id":"22ekf858"}
{"time":"2025-08-22T15:52:18.725230053+03:00","level":"INFO","msg":"writer: Close: closed","stream_id":"22ekf858"}
{"time":"2025-08-22T15:52:18.72529815+03:00","level":"INFO","msg":"sender: closed","stream_id":"22ekf858"}
{"time":"2025-08-22T15:52:18.725557465+03:00","level":"INFO","msg":"stream: closed","id":"22ekf858"}
