Epoch   27/50, time: 45.00 s, training_loss: 0.309
Epoch   27/50, time: 17.45 s, val_loss: 0.291
Epoch   28/50, time: 52.05 s, training_loss: 0.300
Epoch    2/50, time: 137.90 s, training_loss: 0.799
Epoch   28/50, time: 14.84 s, val_loss: 0.279
Epoch    7/50, time: 145.69 s, training_loss: 0.714
Epoch    2/50, time: 38.53 s, val_loss: 0.749
Epoch    1/50, time: 139.21 s, training_loss: 0.850
Epoch   29/50, time: 41.66 s, training_loss: 0.284
Epoch    7/50, time: 36.34 s, val_loss: 0.709
Epoch   29/50, time: 14.49 s, val_loss: 0.287
Epoch    1/50, time: 38.38 s, val_loss: 0.803
Epoch   30/50, time: 48.91 s, training_loss: 0.280
Epoch   30/50, time: 19.07 s, val_loss: 0.277
Epoch    3/50, time: 141.97 s, training_loss: 0.773
Epoch   31/50, time: 50.55 s, training_loss: 0.279
Epoch   31/50, time: 15.31 s, val_loss: 0.302
Epoch    8/50, time: 150.43 s, training_loss: 0.700
Epoch    3/50, time: 36.60 s, val_loss: 0.775
Epoch    8/50, time: 37.40 s, val_loss: 0.747
Training Metrics:
Accuracy: 0.9881
Precision: 0.6784
Recall: 0.7505
F1 Score: 0.7126
IoU: 0.5536
Dice Coefficient: 0.7126
Validation Metrics:
Accuracy: 0.9881
Precision: 0.6703
Recall: 0.7303
F1 Score: 0.6990
IoU: 0.5373
Dice Coefficient: 0.6990
Training Metrics:
Accuracy: 0.7608
Precision: 0.0710
Recall: 0.9253
F1 Score: 0.1318
IoU: 0.0706
Dice Coefficient: 0.1318
Validation Metrics:
Accuracy: 0.8910
Precision: 0.1400
Recall: 0.9233
F1 Score: 0.2431
IoU: 0.1384
Dice Coefficient: 0.2431
Epoch   32/50, time: 53.50 s, training_loss: 0.275
Epoch   32/50, time: 18.05 s, val_loss: 0.270
Epoch    4/50, time: 132.30 s, training_loss: 0.748
Epoch    9/50, time: 136.01 s, training_loss: 0.683
Epoch    4/50, time: 40.33 s, val_loss: 0.727
Epoch   33/50, time: 46.08 s, training_loss: 0.272
Epoch   33/50, time: 15.91 s, val_loss: 0.277
Epoch    2/50, time: 136.28 s, training_loss: 0.804
Epoch    9/50, time: 39.27 s, val_loss: 0.686
Epoch   34/50, time: 44.76 s, training_loss: 0.277
Epoch    2/50, time: 41.65 s, val_loss: 0.753
Epoch   34/50, time: 16.76 s, val_loss: 0.271
Epoch   35/50, time: 51.49 s, training_loss: 0.263
Epoch    5/50, time: 136.87 s, training_loss: 0.730
Epoch   35/50, time: 15.75 s, val_loss: 0.279
Epoch    5/50, time: 41.20 s, val_loss: 0.713
Epoch   10/50, time: 149.71 s, training_loss: 0.652
Epoch   36/50, time: 44.08 s, training_loss: 0.256
Epoch   36/50, time: 14.83 s, val_loss: 0.280
Epoch    3/50, time: 136.54 s, training_loss: 0.783
Epoch   10/50, time: 38.18 s, val_loss: 0.665
Epoch   37/50, time: 44.49 s, training_loss: 0.262
Epoch    3/50, time: 41.31 s, val_loss: 0.770
Epoch   37/50, time: 17.61 s, val_loss: 0.261
Epoch    6/50, time: 134.29 s, training_loss: 0.711
Epoch   38/50, time: 50.09 s, training_loss: 0.256
Epoch   38/50, time: 17.02 s, val_loss: 0.263
Epoch    6/50, time: 39.62 s, val_loss: 0.701
Epoch   11/50, time: 145.53 s, training_loss: 0.630
Epoch   39/50, time: 43.67 s, training_loss: 0.253
Epoch    4/50, time: 138.09 s, training_loss: 0.753
Epoch   39/50, time: 14.92 s, val_loss: 0.255
Epoch   11/50, time: 38.37 s, val_loss: 0.615
Epoch    4/50, time: 40.51 s, val_loss: 0.738
Epoch   40/50, time: 47.56 s, training_loss: 0.248
Epoch   40/50, time: 18.01 s, val_loss: 0.267
Epoch    7/50, time: 135.16 s, training_loss: 0.686
Epoch   41/50, time: 50.46 s, training_loss: 0.250
Epoch   41/50, time: 17.23 s, val_loss: 0.269
Epoch    7/50, time: 42.18 s, val_loss: 0.663
Epoch    5/50, time: 138.31 s, training_loss: 0.732
Training Metrics:
Accuracy: 0.9899
Precision: 0.7188
Recall: 0.7977
F1 Score: 0.7562
IoU: 0.6079
Dice Coefficient: 0.7562
Validation Metrics:
Accuracy: 0.9895
Precision: 0.7020
Recall: 0.7731
F1 Score: 0.7358
IoU: 0.5820
Dice Coefficient: 0.7358
Epoch    5/50, time: 35.22 s, val_loss: 0.729
Training Metrics:
Accuracy: 0.9610
Precision: 0.2832
Recall: 0.6443
F1 Score: 0.3935
IoU: 0.2449
Dice Coefficient: 0.3935
Validation Metrics:
Accuracy: 0.9657
Precision: 0.3009
Recall: 0.6112
F1 Score: 0.4033
IoU: 0.2526
Dice Coefficient: 0.4033
Epoch   42/50, time: 48.68 s, training_loss: 0.245
Epoch    8/50, time: 133.90 s, training_loss: 0.661
Epoch   42/50, time: 15.23 s, val_loss: 0.279
Epoch    8/50, time: 42.84 s, val_loss: 0.627
Epoch   43/50, time: 49.32 s, training_loss: 0.245
Epoch   43/50, time: 17.26 s, val_loss: 0.249
Epoch    6/50, time: 140.30 s, training_loss: 0.718
Epoch   12/50, time: 149.30 s, training_loss: 0.600
Epoch   44/50, time: 43.04 s, training_loss: 0.235
Epoch    6/50, time: 37.70 s, val_loss: 0.698
Epoch   44/50, time: 16.04 s, val_loss: 0.268
Epoch   12/50, time: 37.96 s, val_loss: 0.596
Epoch    9/50, time: 132.67 s, training_loss: 0.629
Epoch   45/50, time: 48.39 s, training_loss: 0.238
Epoch   45/50, time: 16.55 s, val_loss: 0.244
Epoch    9/50, time: 41.11 s, val_loss: 0.613
Epoch   46/50, time: 49.11 s, training_loss: 0.235
Epoch    7/50, time: 133.61 s, training_loss: 0.698
Epoch   46/50, time: 16.54 s, val_loss: 0.266
Epoch   13/50, time: 145.43 s, training_loss: 0.585
Epoch    7/50, time: 36.54 s, val_loss: 0.677
Epoch   47/50, time: 45.62 s, training_loss: 0.237
Epoch   47/50, time: 15.24 s, val_loss: 0.243
Epoch   13/50, time: 40.36 s, val_loss: 0.592
Epoch   10/50, time: 132.07 s, training_loss: 0.595
Epoch   48/50, time: 47.97 s, training_loss: 0.235
Epoch   48/50, time: 15.37 s, val_loss: 0.248
Epoch   10/50, time: 41.96 s, val_loss: 0.582
Epoch    8/50, time: 138.61 s, training_loss: 0.678
Epoch   49/50, time: 48.60 s, training_loss: 0.227
Epoch   49/50, time: 14.86 s, val_loss: 0.252
Epoch    8/50, time: 37.16 s, val_loss: 0.657
Epoch   14/50, time: 146.84 s, training_loss: 0.566
Epoch   50/50, time: 45.10 s, training_loss: 0.225
Epoch   50/50, time: 15.37 s, val_loss: 0.305
Epoch   14/50, time: 40.47 s, val_loss: 0.650
Epoch   11/50, time: 135.41 s, training_loss: 0.570
Epoch   11/50, time: 41.92 s, val_loss: 0.553
Training Metrics:
Accuracy: 0.9892
Precision: 0.7201
Recall: 0.7391
F1 Score: 0.7295
IoU: 0.5742
Dice Coefficient: 0.7295
Validation Metrics:
Accuracy: 0.9886
Precision: 0.6958
Recall: 0.7116
F1 Score: 0.7036
IoU: 0.5427
Dice Coefficient: 0.7036
Epoch    9/50, time: 137.89 s, training_loss: 0.647
Test Metrics:
Accuracy: 0.9886
Precision: 0.6958
Recall: 0.7116
F1 Score: 0.7036
IoU: 0.5427
Dice Coefficient: 0.7036
[I 2025-08-05 18:14:17,450] Trial 18 finished with value: 0.703579491720922 and parameters: {'batch_size': 16, 'lr': 0.0003675917809332917, 'loss_fn': 'dice_loss', 'augmentation': True, 'filters_idx': 2, 'in_channels': 100, 'att_channels': 64}. Best is trial 8 with value: 0.7411194148943364.
wandb: Finishing previous runs because reinit is set to True.
