Epoch   26/50, time: 42.14 s, training_loss: 0.319
Epoch   12/50, time: 41.66 s, training_loss: 0.500
Epoch    1/50, time: 40.05 s, training_loss: 0.872
Epoch   26/50, time: 11.86 s, val_loss: 0.303
Epoch   12/50, time: 11.82 s, val_loss: 0.458
Epoch    1/50, time: 11.95 s, val_loss: 0.940
Epoch   27/50, time: 41.15 s, training_loss: 0.303
Epoch   13/50, time: 41.29 s, training_loss: 0.472
Epoch   27/50, time: 11.78 s, val_loss: 0.308
Epoch   13/50, time: 11.73 s, val_loss: 0.478
Training Metrics:
Accuracy: 0.3871
Precision: 0.0308
Recall: 0.9920
F1 Score: 0.0597
IoU: 0.0308
Dice Coefficient: 0.0597
Validation Metrics:
Accuracy: 0.3028
Precision: 0.0264
Recall: 0.9965
F1 Score: 0.0514
IoU: 0.0264
Dice Coefficient: 0.0514
Epoch   28/50, time: 37.84 s, training_loss: 0.302
Epoch   14/50, time: 37.68 s, training_loss: 0.450
Epoch   28/50, time: 12.70 s, val_loss: 0.306
Epoch   14/50, time: 12.94 s, val_loss: 0.418
Epoch    2/50, time: 39.00 s, training_loss: 0.813
Epoch    2/50, time: 14.10 s, val_loss: 0.811
Epoch   29/50, time: 40.29 s, training_loss: 0.294
Epoch   15/50, time: 39.82 s, training_loss: 0.424
Epoch   29/50, time: 12.81 s, val_loss: 0.323
Epoch   15/50, time: 12.91 s, val_loss: 0.386
Epoch    3/50, time: 38.39 s, training_loss: 0.778
Epoch    3/50, time: 13.95 s, val_loss: 0.758
Epoch   16/50, time: 39.12 s, training_loss: 0.411
Epoch   30/50, time: 40.87 s, training_loss: 0.294
Epoch   16/50, time: 12.70 s, val_loss: 0.419
Epoch   30/50, time: 12.76 s, val_loss: 0.296
Epoch    4/50, time: 38.58 s, training_loss: 0.745
Epoch    4/50, time: 13.97 s, val_loss: 0.741
Epoch   17/50, time: 40.13 s, training_loss: 0.391
Epoch   31/50, time: 40.35 s, training_loss: 0.290
Epoch   17/50, time: 12.74 s, val_loss: 0.419
Epoch   31/50, time: 12.56 s, val_loss: 0.335
Epoch    5/50, time: 39.24 s, training_loss: 0.720
Epoch    5/50, time: 13.98 s, val_loss: 0.717
Epoch   18/50, time: 41.04 s, training_loss: 0.374
Epoch   18/50, time: 11.95 s, val_loss: 0.343
Epoch    6/50, time: 37.25 s, training_loss: 0.695
Training Metrics:
Accuracy: 0.9872
Precision: 0.6539
Recall: 0.7338
F1 Score: 0.6916
IoU: 0.5286
Dice Coefficient: 0.6916
Validation Metrics:
Accuracy: 0.9869
Precision: 0.6407
Recall: 0.7028
F1 Score: 0.6703
IoU: 0.5041
Dice Coefficient: 0.6703
Epoch    6/50, time: 13.03 s, val_loss: 0.674
Epoch   19/50, time: 38.83 s, training_loss: 0.371
Epoch   19/50, time: 14.07 s, val_loss: 0.364
Epoch   32/50, time: 40.13 s, training_loss: 0.289
Epoch    7/50, time: 40.10 s, training_loss: 0.655
Epoch   32/50, time: 12.71 s, val_loss: 0.296
Epoch    7/50, time: 13.04 s, val_loss: 0.631
Epoch   20/50, time: 38.12 s, training_loss: 0.352
Epoch   20/50, time: 13.95 s, val_loss: 0.360
Epoch   33/50, time: 39.61 s, training_loss: 0.275
Epoch    8/50, time: 40.09 s, training_loss: 0.615
Epoch   33/50, time: 13.07 s, val_loss: 0.329
Epoch    8/50, time: 13.10 s, val_loss: 0.605
Epoch   21/50, time: 38.81 s, training_loss: 0.355
Epoch   21/50, time: 14.01 s, val_loss: 0.316
Epoch   34/50, time: 39.61 s, training_loss: 0.283
Epoch    9/50, time: 39.87 s, training_loss: 0.568
Epoch   34/50, time: 13.13 s, val_loss: 0.289
Epoch    9/50, time: 13.18 s, val_loss: 0.552
Epoch   35/50, time: 39.69 s, training_loss: 0.276
Epoch   10/50, time: 37.40 s, training_loss: 0.538
Training Metrics:
Accuracy: 0.9871
Precision: 0.6572
Recall: 0.7165
F1 Score: 0.6855
IoU: 0.5215
Dice Coefficient: 0.6855
Validation Metrics:
Accuracy: 0.9878
Precision: 0.6657
Recall: 0.7181
F1 Score: 0.6909
IoU: 0.5278
Dice Coefficient: 0.6909
Epoch   35/50, time: 11.44 s, val_loss: 0.283
Epoch   10/50, time: 12.19 s, val_loss: 0.576
Epoch   22/50, time: 41.71 s, training_loss: 0.340
Epoch   36/50, time: 41.15 s, training_loss: 0.271
Epoch   11/50, time: 40.13 s, training_loss: 0.509
Epoch   22/50, time: 12.11 s, val_loss: 0.366
Epoch   36/50, time: 12.37 s, val_loss: 0.282
Epoch   11/50, time: 12.18 s, val_loss: 0.465
Epoch   23/50, time: 41.90 s, training_loss: 0.329
Epoch   37/50, time: 41.93 s, training_loss: 0.267
Epoch   23/50, time: 11.57 s, val_loss: 0.315
Epoch   37/50, time: 11.81 s, val_loss: 0.300
Training Metrics:
Accuracy: 0.9754
Precision: 0.4220
Recall: 0.6899
F1 Score: 0.5237
IoU: 0.3547
Dice Coefficient: 0.5237
Validation Metrics:
Accuracy: 0.9777
Precision: 0.4443
Recall: 0.7065
F1 Score: 0.5456
IoU: 0.3751
Dice Coefficient: 0.5456
Epoch   24/50, time: 39.35 s, training_loss: 0.321
Epoch   38/50, time: 39.44 s, training_loss: 0.259
Epoch   24/50, time: 12.83 s, val_loss: 0.350
Epoch   38/50, time: 12.87 s, val_loss: 0.286
Epoch   12/50, time: 39.65 s, training_loss: 0.478
Epoch   12/50, time: 14.16 s, val_loss: 0.498
Epoch   25/50, time: 40.41 s, training_loss: 0.313
Epoch   39/50, time: 40.87 s, training_loss: 0.259
Epoch   25/50, time: 12.75 s, val_loss: 0.333
Epoch   39/50, time: 13.16 s, val_loss: 0.292
Epoch   13/50, time: 38.36 s, training_loss: 0.458
Epoch   13/50, time: 14.10 s, val_loss: 0.448
Epoch   26/50, time: 40.67 s, training_loss: 0.307
Epoch   40/50, time: 41.65 s, training_loss: 0.261
Epoch   26/50, time: 12.87 s, val_loss: 0.301
Epoch   40/50, time: 13.03 s, val_loss: 0.259
Epoch   14/50, time: 39.54 s, training_loss: 0.432
Epoch   14/50, time: 14.12 s, val_loss: 0.393
Epoch   27/50, time: 40.19 s, training_loss: 0.301
Epoch   41/50, time: 39.80 s, training_loss: 0.258
Epoch   27/50, time: 12.99 s, val_loss: 0.282
Epoch   41/50, time: 12.80 s, val_loss: 0.265
Epoch   15/50, time: 38.79 s, training_loss: 0.424
Epoch   15/50, time: 14.37 s, val_loss: 0.390
Epoch   28/50, time: 41.12 s, training_loss: 0.297
Epoch   28/50, time: 12.05 s, val_loss: 0.295
Epoch   16/50, time: 37.96 s, training_loss: 0.384
Training Metrics:
Accuracy: 0.9896
Precision: 0.7079
Recall: 0.8026
F1 Score: 0.7523
IoU: 0.6029
Dice Coefficient: 0.7523
Validation Metrics:
Accuracy: 0.9897
Precision: 0.7077
Recall: 0.7750
F1 Score: 0.7398
IoU: 0.5870
Dice Coefficient: 0.7398
Epoch   16/50, time: 12.21 s, val_loss: 0.388
Epoch   29/50, time: 39.10 s, training_loss: 0.297
Epoch   29/50, time: 14.13 s, val_loss: 0.347
Epoch   42/50, time: 39.41 s, training_loss: 0.254
Epoch   17/50, time: 39.02 s, training_loss: 0.386
Epoch   42/50, time: 12.88 s, val_loss: 0.270
Epoch   17/50, time: 13.00 s, val_loss: 0.345
Epoch   30/50, time: 38.62 s, training_loss: 0.288
Epoch   30/50, time: 13.90 s, val_loss: 0.349
Epoch   43/50, time: 41.18 s, training_loss: 0.254
Epoch   18/50, time: 40.40 s, training_loss: 0.365
Epoch   43/50, time: 13.05 s, val_loss: 0.265
Epoch   18/50, time: 13.00 s, val_loss: 0.388
Epoch   31/50, time: 40.30 s, training_loss: 0.287
Epoch   31/50, time: 14.26 s, val_loss: 0.300
Epoch   44/50, time: 40.28 s, training_loss: 0.254
Epoch   19/50, time: 40.53 s, training_loss: 0.350
Epoch   44/50, time: 13.48 s, val_loss: 0.261
Epoch   19/50, time: 13.72 s, val_loss: 0.364
Epoch   45/50, time: 39.50 s, training_loss: 0.241
Epoch   20/50, time: 38.95 s, training_loss: 0.343
Training Metrics:
Accuracy: 0.9879
Precision: 0.6705
Recall: 0.7506
F1 Score: 0.7083
IoU: 0.5483
Dice Coefficient: 0.7083
Validation Metrics:
Accuracy: 0.9883
Precision: 0.6730
Recall: 0.7409
F1 Score: 0.7054
IoU: 0.5448
Dice Coefficient: 0.7054
Epoch   45/50, time: 11.53 s, val_loss: 0.267
Epoch   20/50, time: 12.07 s, val_loss: 0.352
Epoch   32/50, time: 40.61 s, training_loss: 0.286
Epoch   46/50, time: 41.60 s, training_loss: 0.242
Epoch   21/50, time: 41.69 s, training_loss: 0.334
Epoch   32/50, time: 12.16 s, val_loss: 0.274
Epoch   46/50, time: 12.03 s, val_loss: 0.258
Epoch   21/50, time: 11.93 s, val_loss: 0.360
Epoch   33/50, time: 41.00 s, training_loss: 0.280
Epoch   47/50, time: 41.40 s, training_loss: 0.235
Epoch   33/50, time: 11.83 s, val_loss: 0.278
Epoch   47/50, time: 11.20 s, val_loss: 0.270
Training Metrics:
Accuracy: 0.9855
Precision: 0.6103
Recall: 0.7237
F1 Score: 0.6622
IoU: 0.4950
Dice Coefficient: 0.6622
Validation Metrics:
Accuracy: 0.9859
Precision: 0.6122
Recall: 0.7039
F1 Score: 0.6549
IoU: 0.4868
Dice Coefficient: 0.6549
Epoch   34/50, time: 39.20 s, training_loss: 0.272
Epoch   48/50, time: 40.24 s, training_loss: 0.242
Epoch   34/50, time: 13.03 s, val_loss: 0.271
Epoch   48/50, time: 13.00 s, val_loss: 0.267
Epoch   22/50, time: 38.76 s, training_loss: 0.321
Epoch   22/50, time: 14.01 s, val_loss: 0.340
Epoch   35/50, time: 39.93 s, training_loss: 0.271
Epoch   49/50, time: 41.85 s, training_loss: 0.243
Epoch   35/50, time: 12.67 s, val_loss: 0.264
Epoch   49/50, time: 12.94 s, val_loss: 0.259
Epoch   23/50, time: 38.55 s, training_loss: 0.321
Epoch   23/50, time: 14.09 s, val_loss: 0.321
Epoch   36/50, time: 40.79 s, training_loss: 0.269
Epoch   50/50, time: 39.35 s, training_loss: 0.238
Epoch   36/50, time: 12.85 s, val_loss: 0.298
Epoch   50/50, time: 12.99 s, val_loss: 0.338
Epoch   24/50, time: 39.22 s, training_loss: 0.317
Epoch   24/50, time: 14.29 s, val_loss: 0.324
Epoch   37/50, time: 40.75 s, training_loss: 0.264
Epoch   37/50, time: 12.49 s, val_loss: 0.278
Epoch   25/50, time: 37.19 s, training_loss: 0.304
Training Metrics:
Accuracy: 0.9877
Precision: 0.6774
Recall: 0.7167
F1 Score: 0.6965
IoU: 0.5344
Dice Coefficient: 0.6965
Validation Metrics:
Accuracy: 0.9874
Precision: 0.6620
Recall: 0.6891
F1 Score: 0.6753
IoU: 0.5097
Dice Coefficient: 0.6753
Epoch   25/50, time: 12.62 s, val_loss: 0.304
Epoch   38/50, time: 36.75 s, training_loss: 0.261
Test Metrics:
Accuracy: 0.9874
Precision: 0.6620
Recall: 0.6891
F1 Score: 0.6753
IoU: 0.5097
Dice Coefficient: 0.6753
[I 2025-08-22 23:48:03,490] Trial 20 finished with value: 0.6752755282679745 and parameters: {'batch_size': 16, 'lr': 0.0004135833599335379, 'loss_fn': 'dice_loss', 'augmentation': True, 'filters_idx': 2, 'in_channels': 100, 'att_channels': 64}. Best is trial 15 with value: 0.7636784016171164.
wandb: Finishing previous runs because reinit is set to True.
