Epoch   27/50, time: 130.83 s, training_loss: 0.298
Epoch   30/50, time: 40.68 s, val_loss: 0.305
Epoch    1/50, time: 44.19 s, training_loss: 0.914
Epoch    1/50, time: 13.10 s, val_loss: 0.849
Epoch   27/50, time: 36.22 s, val_loss: 0.347
Training Metrics:
Accuracy: 0.9810
Precision: 0.5104
Recall: 0.7689
F1 Score: 0.6135
IoU: 0.4425
Dice Coefficient: 0.6135
Validation Metrics:
Accuracy: 0.9823
Precision: 0.5234
Recall: 0.7747
F1 Score: 0.6247
IoU: 0.4542
Dice Coefficient: 0.6247
Epoch   22/50, time: 49.37 s, training_loss: 0.417
Epoch   22/50, time: 15.53 s, val_loss: 0.398
Training Metrics:
Accuracy: 0.5360
Precision: 0.0389
Recall: 0.9555
F1 Score: 0.0748
IoU: 0.0388
Dice Coefficient: 0.0748
Validation Metrics:
Accuracy: 0.8795
Precision: 0.1274
Recall: 0.9150
F1 Score: 0.2236
IoU: 0.1259
Dice Coefficient: 0.2236
Epoch   31/50, time: 133.58 s, training_loss: 0.293
Epoch   23/50, time: 47.19 s, training_loss: 0.398
Epoch    2/50, time: 47.69 s, training_loss: 0.888
Epoch   28/50, time: 133.33 s, training_loss: 0.301
Epoch   23/50, time: 13.86 s, val_loss: 0.385
Epoch    2/50, time: 13.19 s, val_loss: 0.818
Epoch   31/50, time: 39.06 s, val_loss: 0.366
Epoch   28/50, time: 38.93 s, val_loss: 0.331
Epoch   24/50, time: 45.13 s, training_loss: 0.387
Epoch    3/50, time: 47.54 s, training_loss: 0.874
Epoch   24/50, time: 16.83 s, val_loss: 0.495
Epoch    3/50, time: 16.35 s, val_loss: 0.792
Epoch   25/50, time: 50.26 s, training_loss: 0.390
Epoch    4/50, time: 54.28 s, training_loss: 0.864
Epoch   25/50, time: 17.03 s, val_loss: 0.368
Epoch    4/50, time: 16.48 s, val_loss: 0.790
Epoch   29/50, time: 138.71 s, training_loss: 0.288
Epoch   26/50, time: 45.79 s, training_loss: 0.364
Epoch    5/50, time: 43.09 s, training_loss: 0.852
Epoch   26/50, time: 14.28 s, val_loss: 0.361
Epoch    5/50, time: 13.23 s, val_loss: 0.792
Epoch   29/50, time: 35.81 s, val_loss: 0.311
Training Metrics:
Accuracy: 0.9863
Precision: 0.6390
Recall: 0.6973
F1 Score: 0.6669
IoU: 0.5002
Dice Coefficient: 0.6669
Validation Metrics:
Accuracy: 0.9859
Precision: 0.6190
Recall: 0.6681
F1 Score: 0.6426
IoU: 0.4734
Dice Coefficient: 0.6426
Epoch   27/50, time: 42.39 s, training_loss: 0.355
Epoch    6/50, time: 46.37 s, training_loss: 0.840
Epoch   27/50, time: 16.37 s, val_loss: 0.398
Epoch    6/50, time: 16.55 s, val_loss: 0.761
Epoch   28/50, time: 51.38 s, training_loss: 0.339
Epoch    7/50, time: 53.85 s, training_loss: 0.831
Epoch   28/50, time: 17.12 s, val_loss: 0.325
Epoch    7/50, time: 17.18 s, val_loss: 0.738
Epoch   32/50, time: 137.16 s, training_loss: 0.291
Epoch   30/50, time: 148.62 s, training_loss: 0.290
Epoch   29/50, time: 45.86 s, training_loss: 0.327
Epoch    8/50, time: 43.13 s, training_loss: 0.821
Epoch   29/50, time: 14.40 s, val_loss: 0.322
Epoch    8/50, time: 13.23 s, val_loss: 0.726
Epoch   32/50, time: 37.14 s, val_loss: 0.311
Epoch   30/50, time: 35.89 s, val_loss: 0.312
Epoch   30/50, time: 46.23 s, training_loss: 0.322
Epoch    9/50, time: 48.90 s, training_loss: 0.806
Epoch   30/50, time: 16.94 s, val_loss: 0.311
Epoch    9/50, time: 17.15 s, val_loss: 0.703
Epoch   31/50, time: 52.53 s, training_loss: 0.317
Epoch   10/50, time: 51.44 s, training_loss: 0.794
Epoch   31/50, time: 16.23 s, val_loss: 0.351
Epoch   10/50, time: 16.35 s, val_loss: 0.708
Epoch   33/50, time: 141.23 s, training_loss: 0.278
Epoch   31/50, time: 142.24 s, training_loss: 0.281
Epoch   11/50, time: 43.83 s, training_loss: 0.780
Epoch   33/50, time: 37.44 s, val_loss: 0.291
Epoch   31/50, time: 37.25 s, val_loss: 0.307
Epoch   11/50, time: 14.17 s, val_loss: 0.667
Training Metrics:
Accuracy: 0.9861
Precision: 0.6215
Recall: 0.7455
F1 Score: 0.6779
IoU: 0.5127
Dice Coefficient: 0.6779
Validation Metrics:
Accuracy: 0.9859
Precision: 0.6101
Recall: 0.7090
F1 Score: 0.6558
IoU: 0.4879
Dice Coefficient: 0.6558
Epoch   32/50, time: 51.70 s, training_loss: 0.310
Epoch   32/50, time: 16.87 s, val_loss: 0.301
Training Metrics:
Accuracy: 0.6373
Precision: 0.0464
Recall: 0.8945
F1 Score: 0.0883
IoU: 0.0462
Dice Coefficient: 0.0883
Validation Metrics:
Accuracy: 0.9488
Precision: 0.2493
Recall: 0.8449
F1 Score: 0.3850
IoU: 0.2384
Dice Coefficient: 0.3850
Epoch   33/50, time: 48.09 s, training_loss: 0.303
Epoch   34/50, time: 137.80 s, training_loss: 0.270
Epoch   12/50, time: 47.17 s, training_loss: 0.758
Epoch   33/50, time: 13.60 s, val_loss: 0.307
Epoch   12/50, time: 13.96 s, val_loss: 0.635
Epoch   34/50, time: 35.48 s, val_loss: 0.309
Epoch   34/50, time: 46.52 s, training_loss: 0.301
Epoch   13/50, time: 44.75 s, training_loss: 0.744
Epoch   34/50, time: 15.44 s, val_loss: 0.303
Training Metrics:
Accuracy: 0.9891
Precision: 0.6932
Recall: 0.8000
F1 Score: 0.7428
IoU: 0.5908
Dice Coefficient: 0.7428
Validation Metrics:
Accuracy: 0.9877
Precision: 0.6530
Recall: 0.7505
F1 Score: 0.6983
IoU: 0.5365
Dice Coefficient: 0.6983
Epoch   13/50, time: 16.40 s, val_loss: 0.615
Epoch   35/50, time: 51.53 s, training_loss: 0.298
Epoch   14/50, time: 51.96 s, training_loss: 0.721
Epoch   35/50, time: 16.42 s, val_loss: 0.315
Epoch   14/50, time: 17.03 s, val_loss: 0.578
Epoch   35/50, time: 136.02 s, training_loss: 0.279
Epoch   36/50, time: 47.31 s, training_loss: 0.287
Epoch   15/50, time: 47.27 s, training_loss: 0.702
Epoch   36/50, time: 14.87 s, val_loss: 0.286
Epoch   35/50, time: 38.16 s, val_loss: 0.308
Epoch   32/50, time: 137.24 s, training_loss: 0.273
Epoch   15/50, time: 14.08 s, val_loss: 0.641
Epoch   37/50, time: 46.84 s, training_loss: 0.286
Epoch   32/50, time: 41.29 s, val_loss: 0.302
Epoch   16/50, time: 46.01 s, training_loss: 0.683
Epoch   37/50, time: 16.65 s, val_loss: 0.323
Epoch   16/50, time: 15.75 s, val_loss: 0.573
Epoch   38/50, time: 50.64 s, training_loss: 0.279
Epoch   17/50, time: 52.32 s, training_loss: 0.657
Epoch   38/50, time: 15.91 s, val_loss: 0.288
Epoch   17/50, time: 15.10 s, val_loss: 0.556
Epoch   36/50, time: 137.85 s, training_loss: 0.273
Epoch   39/50, time: 45.90 s, training_loss: 0.273
Epoch   36/50, time: 40.10 s, val_loss: 0.288
Epoch   33/50, time: 135.32 s, training_loss: 0.268
Epoch   18/50, time: 44.17 s, training_loss: 0.640
Epoch   39/50, time: 15.10 s, val_loss: 0.287
Epoch   18/50, time: 15.46 s, val_loss: 0.514
Epoch   33/50, time: 40.69 s, val_loss: 0.286
Epoch   40/50, time: 47.34 s, training_loss: 0.272
Epoch   19/50, time: 48.55 s, training_loss: 0.618
Epoch   40/50, time: 16.68 s, val_loss: 0.284
Epoch   19/50, time: 16.36 s, val_loss: 0.522
Epoch   41/50, time: 49.99 s, training_loss: 0.262
Epoch   20/50, time: 50.58 s, training_loss: 0.599
Epoch   37/50, time: 137.35 s, training_loss: 0.263
Epoch   41/50, time: 15.24 s, val_loss: 0.303
Epoch   20/50, time: 15.65 s, val_loss: 0.466
Epoch   34/50, time: 132.44 s, training_loss: 0.269
Epoch   37/50, time: 40.23 s, val_loss: 0.290
Epoch   21/50, time: 44.79 s, training_loss: 0.578
Epoch   21/50, time: 14.11 s, val_loss: 0.450
Epoch   34/50, time: 36.60 s, val_loss: 0.297
Training Metrics:
Accuracy: 0.9887
Precision: 0.6998
Recall: 0.7413
F1 Score: 0.7200
IoU: 0.5624
Dice Coefficient: 0.7200
Validation Metrics:
Accuracy: 0.9887
Precision: 0.6927
Recall: 0.7242
F1 Score: 0.7081
IoU: 0.5481
Dice Coefficient: 0.7081
Epoch   42/50, time: 50.47 s, training_loss: 0.273
Epoch   42/50, time: 16.31 s, val_loss: 0.313
Training Metrics:
Accuracy: 0.8480
Precision: 0.0925
Recall: 0.7658
F1 Score: 0.1651
IoU: 0.0900
Dice Coefficient: 0.1651
Validation Metrics:
Accuracy: 0.9812
Precision: 0.5033
Recall: 0.7194
F1 Score: 0.5922
IoU: 0.4207
Dice Coefficient: 0.5922
Epoch   38/50, time: 138.28 s, training_loss: 0.259
Epoch   43/50, time: 45.76 s, training_loss: 0.263
Epoch   43/50, time: 14.43 s, val_loss: 0.277
Epoch   22/50, time: 46.57 s, training_loss: 0.560
Epoch   35/50, time: 136.15 s, training_loss: 0.259
Epoch   38/50, time: 37.29 s, val_loss: 0.281
Epoch   22/50, time: 14.73 s, val_loss: 0.458
Epoch   44/50, time: 43.58 s, training_loss: 0.262
Epoch   35/50, time: 42.50 s, val_loss: 0.291
Epoch   44/50, time: 16.50 s, val_loss: 0.288
Epoch   23/50, time: 45.47 s, training_loss: 0.541
Epoch   23/50, time: 17.53 s, val_loss: 0.418
Epoch   45/50, time: 52.67 s, training_loss: 0.260
Epoch   24/50, time: 50.15 s, training_loss: 0.528
Epoch   45/50, time: 17.83 s, val_loss: 0.268
Epoch   39/50, time: 135.83 s, training_loss: 0.251
Epoch   24/50, time: 16.17 s, val_loss: 0.417
Epoch   46/50, time: 46.48 s, training_loss: 0.256
Epoch   36/50, time: 136.21 s, training_loss: 0.255
Epoch   39/50, time: 40.60 s, val_loss: 0.285
Epoch   25/50, time: 44.11 s, training_loss: 0.514
Epoch   46/50, time: 13.32 s, val_loss: 0.264
Epoch   25/50, time: 15.97 s, val_loss: 0.373
Epoch   36/50, time: 40.50 s, val_loss: 0.292
Epoch   47/50, time: 47.45 s, training_loss: 0.255
Epoch   26/50, time: 49.14 s, training_loss: 0.498
Epoch   47/50, time: 17.66 s, val_loss: 0.295
Epoch   26/50, time: 17.17 s, val_loss: 0.399
Epoch   48/50, time: 51.54 s, training_loss: 0.247
Epoch   27/50, time: 50.04 s, training_loss: 0.476
Epoch   48/50, time: 15.66 s, val_loss: 0.253
Epoch   40/50, time: 137.39 s, training_loss: 0.249
Epoch   27/50, time: 16.31 s, val_loss: 0.435
Epoch   37/50, time: 139.21 s, training_loss: 0.251
Epoch   40/50, time: 40.26 s, val_loss: 0.282
Epoch   49/50, time: 45.31 s, training_loss: 0.238
Epoch   28/50, time: 43.22 s, training_loss: 0.468
Epoch   49/50, time: 15.36 s, val_loss: 0.270
Epoch   28/50, time: 15.27 s, val_loss: 0.429
Epoch   37/50, time: 38.96 s, val_loss: 0.292
Epoch   50/50, time: 47.60 s, training_loss: 0.247
Epoch   50/50, time: 17.34 s, val_loss: 0.255
Epoch   29/50, time: 51.62 s, training_loss: 0.451
Epoch   29/50, time: 17.49 s, val_loss: 0.366
Epoch   41/50, time: 138.52 s, training_loss: 0.245
Epoch   30/50, time: 47.79 s, training_loss: 0.438
Epoch   30/50, time: 14.12 s, val_loss: 0.352
Training Metrics:
Accuracy: 0.9902
Precision: 0.7178
Recall: 0.8219
F1 Score: 0.7663
IoU: 0.6212
Dice Coefficient: 0.7663
Validation Metrics:
Accuracy: 0.9898
Precision: 0.7062
Recall: 0.7925
F1 Score: 0.7469
IoU: 0.5960
Dice Coefficient: 0.7469
Epoch   38/50, time: 134.07 s, training_loss: 0.246
Epoch   41/50, time: 36.09 s, val_loss: 0.279
Test Metrics:
Accuracy: 0.9898
Precision: 0.7062
Recall: 0.7925
F1 Score: 0.7469
IoU: 0.5960
Dice Coefficient: 0.7469
[I 2025-08-06 01:25:59,932] Trial 31 finished with value: 0.7468619246861925 and parameters: {'batch_size': 16, 'lr': 0.0001016132272845775, 'loss_fn': 'dice_loss', 'augmentation': True, 'filters_idx': 2, 'in_channels': 100, 'att_channels': 16}. Best is trial 29 with value: 0.7690253049135821.
wandb: Finishing previous runs because reinit is set to True.
