{"time":"2025-08-22T14:50:47.512168225+03:00","level":"INFO","msg":"stream: starting","core version":"0.20.1","symlink path":"/home/sethih1/masque_new/ters_gen/wandb/run-20250822_145047-ez07h6mp/logs/debug-core.log"}
{"time":"2025-08-22T14:50:47.916974523+03:00","level":"INFO","msg":"stream: created new stream","id":"ez07h6mp"}
{"time":"2025-08-22T14:50:47.916993588+03:00","level":"INFO","msg":"stream: started","id":"ez07h6mp"}
{"time":"2025-08-22T14:50:47.917005927+03:00","level":"INFO","msg":"writer: Do: started","stream_id":"ez07h6mp"}
{"time":"2025-08-22T14:50:47.917010037+03:00","level":"INFO","msg":"sender: started","stream_id":"ez07h6mp"}
{"time":"2025-08-22T14:50:47.917027732+03:00","level":"INFO","msg":"handler: started","stream_id":"ez07h6mp"}
{"time":"2025-08-22T14:50:48.091123171+03:00","level":"INFO","msg":"api: retrying HTTP error","status":500,"url":"https://api.wandb.ai/graphql","body":"{\"errors\":[{\"message\":\"An internal error occurred. Please contact support.\",\"path\":[\"upsertBucket\"]}],\"data\":{\"upsertBucket\":null}}"}
{"time":"2025-08-22T14:50:50.868368148+03:00","level":"INFO","msg":"Starting system monitor"}
{"time":"2025-08-22T15:47:03.965520422+03:00","level":"INFO","msg":"api: retrying HTTP error","status":500,"url":"https://api.wandb.ai/graphql","body":"{\"errors\":[{\"message\":\"context deadline exceeded\",\"path\":[\"project\",\"run\"]}],\"data\":{\"project\":{\"run\":null}}}"}
{"time":"2025-08-22T15:49:06.328256685+03:00","level":"INFO","msg":"api: retrying error","error":"Post \"https://api.wandb.ai/graphql\": context deadline exceeded (Client.Timeout exceeded while awaiting headers)"}
{"time":"2025-08-22T15:49:38.810103647+03:00","level":"INFO","msg":"api: retrying error","error":"Post \"https://api.wandb.ai/graphql\": context deadline exceeded"}
{"time":"2025-08-22T15:50:13.154354343+03:00","level":"INFO","msg":"api: retrying error","error":"Post \"https://api.wandb.ai/graphql\": net/http: request canceled (Client.Timeout exceeded while awaiting headers)"}
{"time":"2025-08-22T15:50:50.373269474+03:00","level":"INFO","msg":"api: retrying HTTP error","status":500,"url":"https://api.wandb.ai/graphql","body":"{\"errors\":[{\"message\":\"context deadline exceeded\",\"path\":[\"project\",\"run\"]}],\"data\":{\"project\":{\"run\":null}}}"}
{"time":"2025-08-22T15:52:06.378080223+03:00","level":"INFO","msg":"api: retrying error","error":"Post \"https://api.wandb.ai/graphql\": net/http: request canceled (Client.Timeout exceeded while awaiting headers)"}
{"time":"2025-08-22T15:53:49.151150327+03:00","level":"INFO","msg":"api: retrying HTTP error","status":500,"url":"https://api.wandb.ai/graphql","body":"{\"errors\":[{\"message\":\"context deadline exceeded\",\"path\":[\"project\",\"run\"]}],\"data\":{\"project\":{\"run\":null}}}"}
{"time":"2025-08-22T16:02:44.408483274+03:00","level":"INFO","msg":"Stopping system monitor"}
{"time":"2025-08-22T16:02:44.408719906+03:00","level":"INFO","msg":"Stopped system monitor"}
{"time":"2025-08-22T16:02:45.036319418+03:00","level":"INFO","msg":"fileTransfer: Close: file transfer manager closed"}
{"time":"2025-08-22T16:02:45.338006584+03:00","level":"INFO","msg":"handler: operation stats","stats":{}}
{"time":"2025-08-22T16:02:45.341181432+03:00","level":"INFO","msg":"stream: closing","id":"ez07h6mp"}
{"time":"2025-08-22T16:02:45.341235468+03:00","level":"INFO","msg":"handler: closed","stream_id":"ez07h6mp"}
{"time":"2025-08-22T16:02:45.341251762+03:00","level":"INFO","msg":"writer: Close: closed","stream_id":"ez07h6mp"}
{"time":"2025-08-22T16:02:45.34129774+03:00","level":"INFO","msg":"sender: closed","stream_id":"ez07h6mp"}
{"time":"2025-08-22T16:02:45.342206729+03:00","level":"INFO","msg":"stream: closed","id":"ez07h6mp"}
