Epoch   46/50, time: 120.21 s, training_loss: 0.848
Epoch   46/50, time: 32.17 s, val_loss: 0.771
Epoch   48/50, time: 116.11 s, training_loss: 0.746
Training Metrics:
Accuracy: 0.9038
Precision: 0.1641
Recall: 0.9529
F1 Score: 0.2800
IoU: 0.1628
Dice Coefficient: 0.2800
Validation Metrics:
Accuracy: 0.9071
Precision: 0.1622
Recall: 0.9357
F1 Score: 0.2765
IoU: 0.1604
Dice Coefficient: 0.2765
Epoch    1/50, time: 116.15 s, training_loss: 0.908
Epoch   48/50, time: 33.34 s, val_loss: 0.813
Epoch    1/50, time: 34.61 s, val_loss: 0.912
Epoch   47/50, time: 111.31 s, training_loss: 0.846
Epoch   47/50, time: 35.11 s, val_loss: 0.774
Epoch   42/50, time: 124.61 s, training_loss: 0.805
Epoch   49/50, time: 108.31 s, training_loss: 0.743
Epoch   42/50, time: 32.20 s, val_loss: 0.808
Epoch   49/50, time: 32.03 s, val_loss: 0.873
Training Metrics:
Accuracy: 0.7148
Precision: 0.0622
Recall: 0.9609
F1 Score: 0.1168
IoU: 0.0620
Dice Coefficient: 0.1168
Validation Metrics:
Accuracy: 0.8533
Precision: 0.1084
Recall: 0.9322
F1 Score: 0.1942
IoU: 0.1076
Dice Coefficient: 0.1942
Epoch   48/50, time: 113.01 s, training_loss: 0.847
Epoch   48/50, time: 33.19 s, val_loss: 0.769
Epoch   43/50, time: 123.53 s, training_loss: 0.802
Epoch   50/50, time: 115.76 s, training_loss: 0.743
Epoch   50/50, time: 32.76 s, val_loss: 0.871
Epoch   43/50, time: 34.01 s, val_loss: 0.799
Epoch    2/50, time: 117.16 s, training_loss: 0.876
Epoch    2/50, time: 34.23 s, val_loss: 0.829
Epoch   49/50, time: 112.30 s, training_loss: 0.845
Epoch   49/50, time: 34.05 s, val_loss: 0.782
Epoch   44/50, time: 125.33 s, training_loss: 0.800
Epoch   44/50, time: 33.12 s, val_loss: 0.801
Training Metrics:
Accuracy: 0.6838
Precision: 0.0497
Recall: 0.8342
F1 Score: 0.0938
IoU: 0.0492
Dice Coefficient: 0.0938
Validation Metrics:
Accuracy: 0.3875
Precision: 0.0266
Recall: 0.8778
F1 Score: 0.0516
IoU: 0.0265
Dice Coefficient: 0.0516
Epoch    3/50, time: 116.44 s, training_loss: 0.857
Test Metrics:
Accuracy: 0.3875
Precision: 0.0266
Recall: 0.8778
F1 Score: 0.0516
IoU: 0.0265
Dice Coefficient: 0.0516
[I 2025-08-25 22:14:22,083] Trial 10 finished with value: 0.05156783108444966 and parameters: {'batch_size': 32, 'lr': 1.4353911133311722e-05, 'loss_fn': 'dice_loss', 'augmentation': True, 'filters_idx': 3, 'in_channels': 400, 'att_channels': 64}. Best is trial 1 with value: 0.7192148583047533.
wandb: Finishing previous runs because reinit is set to True.
