{"time":"2025-08-22T14:50:47.513119937+03:00","level":"INFO","msg":"stream: starting","core version":"0.20.1","symlink path":"/home/sethih1/masque_new/ters_gen/wandb/run-20250822_145047-yct6mgj6/logs/debug-core.log"}
{"time":"2025-08-22T14:50:47.915856935+03:00","level":"INFO","msg":"stream: created new stream","id":"yct6mgj6"}
{"time":"2025-08-22T14:50:47.915877444+03:00","level":"INFO","msg":"stream: started","id":"yct6mgj6"}
{"time":"2025-08-22T14:50:47.91589397+03:00","level":"INFO","msg":"sender: started","stream_id":"yct6mgj6"}
{"time":"2025-08-22T14:50:47.915892016+03:00","level":"INFO","msg":"writer: Do: started","stream_id":"yct6mgj6"}
{"time":"2025-08-22T14:50:47.915910349+03:00","level":"INFO","msg":"handler: started","stream_id":"yct6mgj6"}
{"time":"2025-08-22T14:50:48.090123751+03:00","level":"INFO","msg":"api: retrying HTTP error","status":500,"url":"https://api.wandb.ai/graphql","body":"{\"errors\":[{\"message\":\"An internal error occurred. Please contact support.\",\"path\":[\"upsertBucket\"]}],\"data\":{\"upsertBucket\":null}}"}
{"time":"2025-08-22T14:50:50.710288178+03:00","level":"INFO","msg":"Starting system monitor"}
{"time":"2025-08-22T15:49:06.122601391+03:00","level":"INFO","msg":"api: retrying error","error":"Post \"https://api.wandb.ai/graphql\": context deadline exceeded (Client.Timeout exceeded while awaiting headers)"}
{"time":"2025-08-22T15:49:38.555616409+03:00","level":"INFO","msg":"api: retrying error","error":"Post \"https://api.wandb.ai/graphql\": net/http: request canceled (Client.Timeout exceeded while awaiting headers)"}
{"time":"2025-08-22T15:50:13.366405079+03:00","level":"INFO","msg":"api: retrying error","error":"Post \"https://api.wandb.ai/graphql\": context deadline exceeded (Client.Timeout exceeded while awaiting headers)"}
{"time":"2025-08-22T15:51:34.006924625+03:00","level":"INFO","msg":"api: retrying HTTP error","status":500,"url":"https://api.wandb.ai/graphql","body":"{\"errors\":[{\"message\":\"context deadline exceeded\",\"path\":[\"project\",\"run\"]}],\"data\":{\"project\":{\"run\":null}}}"}
{"time":"2025-08-22T15:52:06.064242396+03:00","level":"INFO","msg":"api: retrying error","error":"Post \"https://api.wandb.ai/graphql\": context deadline exceeded (Client.Timeout exceeded while awaiting headers)"}
{"time":"2025-08-22T15:53:30.600034085+03:00","level":"INFO","msg":"api: retrying HTTP error","status":500,"url":"https://api.wandb.ai/graphql","body":"{\"errors\":[{\"message\":\"context deadline exceeded\",\"path\":[\"project\",\"run\"]}],\"data\":{\"project\":{\"run\":null}}}"}
{"time":"2025-08-22T15:54:02.684562238+03:00","level":"INFO","msg":"api: retrying error","error":"Post \"https://api.wandb.ai/graphql\": context deadline exceeded"}
{"time":"2025-08-22T18:19:50.784735771+03:00","level":"INFO","msg":"Stopping system monitor"}
{"time":"2025-08-22T18:19:50.784897544+03:00","level":"INFO","msg":"Stopped system monitor"}
{"time":"2025-08-22T18:19:51.448635708+03:00","level":"INFO","msg":"fileTransfer: Close: file transfer manager closed"}
{"time":"2025-08-22T18:19:51.785981844+03:00","level":"INFO","msg":"handler: operation stats","stats":{"operations":[{"desc":"uploading summary, console lines 1822-1828","runtime_seconds":0.337200972}],"total_operations":1}}
{"time":"2025-08-22T18:19:51.834193573+03:00","level":"INFO","msg":"stream: closing","id":"yct6mgj6"}
{"time":"2025-08-22T18:19:51.83420423+03:00","level":"INFO","msg":"handler: closed","stream_id":"yct6mgj6"}
{"time":"2025-08-22T18:19:51.834210388+03:00","level":"INFO","msg":"writer: Close: closed","stream_id":"yct6mgj6"}
{"time":"2025-08-22T18:19:51.834230151+03:00","level":"INFO","msg":"sender: closed","stream_id":"yct6mgj6"}
{"time":"2025-08-22T18:19:51.834628502+03:00","level":"INFO","msg":"stream: closed","id":"yct6mgj6"}
