Using device: cuda
Configuration
data:
  path: /scratch/phys/sin/sethih1/data_files/planar_molecules_256
  split_by_id: 0
log_path: /scratch/phys/sin/sethih1/runs_ters/planar_256/config9/
model:
  att_channels: 32
  filters:
  - 16
  - 32
  - 64
  - 128
  in_channels: 200
  kernel_size:
  - 3
  - 3
  - 3
  - 3
  out_channels: 4
  type: AttentionUNet
save_path: /scratch/phys/sin/sethih1/models/planar_256/config9/
training:
  batch_sizes:
  - 32
  - 64
  - 128
  epochs: 50
  learning_rates:
  - 0.0001
  loss_functions:
  - bce_loss
  - dice_loss

Data Loaded
Data loaded
Training with paramaeters:  (32, 0.0001, 'bce_loss')
Epoch    1/50, time: 56.02 s, training_loss: 0.635
Epoch    1/50, time: 65.29 s, val_loss: 0.621
Epoch    2/50, time: 51.18 s, training_loss: 0.528
Epoch    2/50, time: 59.98 s, val_loss: 0.503
Epoch    3/50, time: 51.24 s, training_loss: 0.477
Epoch    3/50, time: 59.96 s, val_loss: 0.464
Epoch    4/50, time: 50.75 s, training_loss: 0.452
Epoch    4/50, time: 59.50 s, val_loss: 0.441
Epoch    5/50, time: 51.53 s, training_loss: 0.429
Epoch    5/50, time: 60.28 s, val_loss: 0.425
Epoch    6/50, time: 50.88 s, training_loss: 0.413
Epoch    6/50, time: 59.59 s, val_loss: 0.405
Epoch    7/50, time: 51.42 s, training_loss: 0.397
Epoch    7/50, time: 59.89 s, val_loss: 0.394
Epoch    8/50, time: 51.71 s, training_loss: 0.384
Epoch    8/50, time: 60.46 s, val_loss: 0.392
Epoch    9/50, time: 52.08 s, training_loss: 0.373
Epoch    9/50, time: 60.85 s, val_loss: 0.367
Epoch   10/50, time: 51.42 s, training_loss: 0.357
Epoch   10/50, time: 59.99 s, val_loss: 0.354
Epoch   11/50, time: 50.88 s, training_loss: 0.343
Epoch   11/50, time: 59.70 s, val_loss: 0.339
Epoch   12/50, time: 51.08 s, training_loss: 0.331
Epoch   12/50, time: 59.72 s, val_loss: 0.325
Epoch   13/50, time: 51.34 s, training_loss: 0.320
Epoch   13/50, time: 60.16 s, val_loss: 0.322
Epoch   14/50, time: 51.39 s, training_loss: 0.309
Epoch   14/50, time: 59.99 s, val_loss: 0.301
Epoch   15/50, time: 50.54 s, training_loss: 0.298
Epoch   15/50, time: 59.36 s, val_loss: 0.292
Epoch   16/50, time: 51.62 s, training_loss: 0.288
Epoch   16/50, time: 60.13 s, val_loss: 0.287
Epoch   17/50, time: 50.82 s, training_loss: 0.278
Epoch   17/50, time: 59.53 s, val_loss: 0.275
Epoch   18/50, time: 51.24 s, training_loss: 0.269
Epoch   18/50, time: 59.88 s, val_loss: 0.265
Epoch   19/50, time: 50.52 s, training_loss: 0.259
Epoch   19/50, time: 59.13 s, val_loss: 0.255
Epoch   20/50, time: 50.45 s, training_loss: 0.251
Epoch   20/50, time: 59.10 s, val_loss: 0.247
Epoch   21/50, time: 50.38 s, training_loss: 0.242
Epoch   21/50, time: 58.92 s, val_loss: 0.239
Epoch   22/50, time: 50.74 s, training_loss: 0.234
Epoch   22/50, time: 59.37 s, val_loss: 0.229
Epoch   23/50, time: 51.13 s, training_loss: 0.226
Epoch   23/50, time: 59.87 s, val_loss: 0.225
Epoch   24/50, time: 51.13 s, training_loss: 0.219
Epoch   24/50, time: 59.77 s, val_loss: 0.213
Epoch   25/50, time: 50.60 s, training_loss: 0.212
Epoch   25/50, time: 59.39 s, val_loss: 0.212
Epoch   26/50, time: 50.83 s, training_loss: 0.209
Epoch   26/50, time: 59.36 s, val_loss: 0.216
Epoch   27/50, time: 51.58 s, training_loss: 0.200
Epoch   27/50, time: 60.26 s, val_loss: 0.201
Epoch   28/50, time: 50.50 s, training_loss: 0.193
Epoch   28/50, time: 59.07 s, val_loss: 0.192
Epoch   29/50, time: 51.31 s, training_loss: 0.186
Epoch   29/50, time: 59.99 s, val_loss: 0.181
Epoch   30/50, time: 51.42 s, training_loss: 0.181
Epoch   30/50, time: 60.16 s, val_loss: 0.178
Epoch   31/50, time: 50.85 s, training_loss: 0.174
Epoch   31/50, time: 59.47 s, val_loss: 0.171
Epoch   32/50, time: 51.28 s, training_loss: 0.168
Epoch   32/50, time: 59.99 s, val_loss: 0.166
Epoch   33/50, time: 50.37 s, training_loss: 0.163
Epoch   33/50, time: 59.07 s, val_loss: 0.160
Epoch   34/50, time: 50.75 s, training_loss: 0.158
Epoch   34/50, time: 59.37 s, val_loss: 0.155
Epoch   35/50, time: 51.39 s, training_loss: 0.153
Epoch   35/50, time: 60.26 s, val_loss: 0.152
Epoch   36/50, time: 50.95 s, training_loss: 0.148
Epoch   36/50, time: 59.67 s, val_loss: 0.148
Epoch   37/50, time: 50.74 s, training_loss: 0.144
Epoch   37/50, time: 59.33 s, val_loss: 0.144
Epoch   38/50, time: 51.07 s, training_loss: 0.139
Epoch   38/50, time: 59.94 s, val_loss: 0.143
Epoch   39/50, time: 51.51 s, training_loss: 0.136
Epoch   39/50, time: 60.33 s, val_loss: 0.138
Epoch   40/50, time: 51.76 s, training_loss: 0.132
Epoch   40/50, time: 60.27 s, val_loss: 0.133
Epoch   41/50, time: 50.54 s, training_loss: 0.127
Epoch   41/50, time: 59.18 s, val_loss: 0.125
Epoch   42/50, time: 51.02 s, training_loss: 0.124
Epoch   42/50, time: 59.85 s, val_loss: 0.122
Epoch   43/50, time: 50.93 s, training_loss: 0.121
Epoch   43/50, time: 59.68 s, val_loss: 0.122
Epoch   44/50, time: 51.99 s, training_loss: 0.117
Epoch   44/50, time: 60.73 s, val_loss: 0.118
Epoch   45/50, time: 50.66 s, training_loss: 0.113
Epoch   45/50, time: 59.29 s, val_loss: 0.113
Epoch   46/50, time: 50.90 s, training_loss: 0.110
Epoch   46/50, time: 59.58 s, val_loss: 0.108
Epoch   47/50, time: 50.86 s, training_loss: 0.107
Epoch   47/50, time: 59.50 s, val_loss: 0.105
Epoch   48/50, time: 51.47 s, training_loss: 0.104
Epoch   48/50, time: 60.01 s, val_loss: 0.104
Epoch   49/50, time: 51.38 s, training_loss: 0.101
Epoch   49/50, time: 60.06 s, val_loss: 0.101
Epoch   50/50, time: 50.88 s, training_loss: 0.098
Epoch   50/50, time: 59.74 s, val_loss: 0.099
Training with paramaeters:  (32, 0.0001, 'dice_loss')
Epoch    1/50, time: 50.96 s, training_loss: 0.973
Epoch    1/50, time: 59.70 s, val_loss: 0.976
Epoch    2/50, time: 50.50 s, training_loss: 0.969
Epoch    2/50, time: 59.20 s, val_loss: 0.967
Epoch    3/50, time: 51.34 s, training_loss: 0.968
Epoch    3/50, time: 59.90 s, val_loss: 0.964
Epoch    4/50, time: 50.22 s, training_loss: 0.966
Epoch    4/50, time: 58.91 s, val_loss: 0.965
Epoch    5/50, time: 51.19 s, training_loss: 0.964
Epoch    5/50, time: 59.81 s, val_loss: 0.964
Epoch    6/50, time: 51.60 s, training_loss: 0.962
Epoch    6/50, time: 60.30 s, val_loss: 0.964
Epoch    7/50, time: 51.43 s, training_loss: 0.959
Epoch    7/50, time: 60.01 s, val_loss: 0.967
Epoch    8/50, time: 50.27 s, training_loss: 0.956
Epoch    8/50, time: 58.80 s, val_loss: 0.963
Epoch    9/50, time: 50.85 s, training_loss: 0.952
Epoch    9/50, time: 59.64 s, val_loss: 0.946
Epoch   10/50, time: 51.63 s, training_loss: 0.948
Epoch   10/50, time: 60.39 s, val_loss: 0.946
Epoch   11/50, time: 50.93 s, training_loss: 0.943
Epoch   11/50, time: 59.74 s, val_loss: 0.949
Epoch   12/50, time: 50.57 s, training_loss: 0.937
Epoch   12/50, time: 59.42 s, val_loss: 0.920
Epoch   13/50, time: 50.84 s, training_loss: 0.931
Epoch   13/50, time: 59.49 s, val_loss: 0.950
Epoch   14/50, time: 50.71 s, training_loss: 0.923
Epoch   14/50, time: 59.37 s, val_loss: 0.920
Epoch   15/50, time: 50.98 s, training_loss: 0.915
Epoch   15/50, time: 59.74 s, val_loss: 0.907
Epoch   16/50, time: 50.47 s, training_loss: 0.906
Epoch   16/50, time: 59.19 s, val_loss: 0.913
Epoch   17/50, time: 51.12 s, training_loss: 0.897
Epoch   17/50, time: 59.79 s, val_loss: 0.897
Epoch   18/50, time: 51.12 s, training_loss: 0.886
Epoch   18/50, time: 59.62 s, val_loss: 0.903
Epoch   19/50, time: 50.59 s, training_loss: 0.880
Epoch   19/50, time: 59.36 s, val_loss: 0.907
Epoch   20/50, time: 51.06 s, training_loss: 0.867
Epoch   20/50, time: 59.87 s, val_loss: 0.918
Epoch   21/50, time: 50.96 s, training_loss: 0.857
Epoch   21/50, time: 59.78 s, val_loss: 0.899
Epoch   22/50, time: 50.94 s, training_loss: 0.842
Epoch   22/50, time: 59.61 s, val_loss: 0.894
Epoch   23/50, time: 51.15 s, training_loss: 0.831
Epoch   23/50, time: 60.01 s, val_loss: 0.852
Epoch   24/50, time: 50.65 s, training_loss: 0.816
Epoch   24/50, time: 59.27 s, val_loss: 0.843
Epoch   25/50, time: 50.73 s, training_loss: 0.809
Epoch   25/50, time: 59.45 s, val_loss: 0.829
Epoch   26/50, time: 50.85 s, training_loss: 0.797
Epoch   26/50, time: 59.53 s, val_loss: 0.840
Epoch   27/50, time: 50.28 s, training_loss: 0.784
Epoch   27/50, time: 59.07 s, val_loss: 0.860
Epoch   28/50, time: 50.42 s, training_loss: 0.770
Epoch   28/50, time: 58.95 s, val_loss: 0.777
Epoch   29/50, time: 51.56 s, training_loss: 0.761
Epoch   29/50, time: 60.24 s, val_loss: 0.831
Epoch   30/50, time: 51.13 s, training_loss: 0.756
Epoch   30/50, time: 59.79 s, val_loss: 0.804
Epoch   31/50, time: 51.80 s, training_loss: 0.738
Epoch   31/50, time: 60.55 s, val_loss: 0.807
Epoch   32/50, time: 50.90 s, training_loss: 0.724
Epoch   32/50, time: 59.71 s, val_loss: 0.743
Epoch   33/50, time: 51.52 s, training_loss: 0.719
Epoch   33/50, time: 60.00 s, val_loss: 0.800
Epoch   34/50, time: 50.82 s, training_loss: 0.700
Epoch   34/50, time: 59.45 s, val_loss: 0.825
Epoch   35/50, time: 50.51 s, training_loss: 0.687
Epoch   35/50, time: 59.33 s, val_loss: 0.807
Epoch   36/50, time: 50.67 s, training_loss: 0.679
Epoch   36/50, time: 59.52 s, val_loss: 0.821
Epoch   37/50, time: 51.27 s, training_loss: 0.678
Epoch   37/50, time: 59.90 s, val_loss: 0.766
Epoch   38/50, time: 51.93 s, training_loss: 0.672
Epoch   38/50, time: 60.52 s, val_loss: 0.832
Epoch   39/50, time: 51.13 s, training_loss: 0.660
Epoch   39/50, time: 60.92 s, val_loss: 0.771
Epoch   40/50, time: 51.62 s, training_loss: 0.644
Epoch   40/50, time: 60.14 s, val_loss: 0.789
Epoch   41/50, time: 51.14 s, training_loss: 0.638
Epoch   41/50, time: 59.73 s, val_loss: 0.787
Epoch   42/50, time: 50.53 s, training_loss: 0.631
Epoch   42/50, time: 59.13 s, val_loss: 0.794
Epoch   43/50, time: 50.78 s, training_loss: 0.625
Epoch   43/50, time: 59.46 s, val_loss: 0.739
Epoch   44/50, time: 50.70 s, training_loss: 0.626
Epoch   44/50, time: 59.31 s, val_loss: 0.666
Epoch   45/50, time: 50.46 s, training_loss: 0.609
Epoch   45/50, time: 59.37 s, val_loss: 0.713
Epoch   46/50, time: 50.69 s, training_loss: 0.608
Epoch   46/50, time: 59.19 s, val_loss: 0.724
Epoch   47/50, time: 51.44 s, training_loss: 0.602
Epoch   47/50, time: 60.08 s, val_loss: 0.641
Epoch   48/50, time: 51.15 s, training_loss: 0.593
Epoch   48/50, time: 59.82 s, val_loss: 0.636
Epoch   49/50, time: 50.53 s, training_loss: 0.590
Epoch   49/50, time: 59.25 s, val_loss: 0.671
Epoch   50/50, time: 51.17 s, training_loss: 0.581
Epoch   50/50, time: 60.07 s, val_loss: 0.706
Training with paramaeters:  (64, 0.0001, 'bce_loss')
Epoch    1/50, time: 55.96 s, training_loss: 0.887
Epoch    1/50, time: 71.43 s, val_loss: 0.727
Epoch    2/50, time: 56.02 s, training_loss: 0.769
Epoch    2/50, time: 71.14 s, val_loss: 0.721
Epoch    3/50, time: 55.75 s, training_loss: 0.717
Epoch    3/50, time: 70.99 s, val_loss: 0.690
Epoch    4/50, time: 55.35 s, training_loss: 0.689
Epoch    4/50, time: 70.53 s, val_loss: 0.681
Epoch    5/50, time: 56.00 s, training_loss: 0.676
Epoch    5/50, time: 71.22 s, val_loss: 0.677
Epoch    6/50, time: 55.88 s, training_loss: 0.667
Epoch    6/50, time: 70.99 s, val_loss: 0.653
Epoch    7/50, time: 55.32 s, training_loss: 0.658
Epoch    7/50, time: 70.57 s, val_loss: 0.654
Epoch    8/50, time: 55.91 s, training_loss: 0.652
Epoch    8/50, time: 71.29 s, val_loss: 0.641
Epoch    9/50, time: 55.37 s, training_loss: 0.640
Epoch    9/50, time: 70.50 s, val_loss: 0.635
Epoch   10/50, time: 56.21 s, training_loss: 0.630
Epoch   10/50, time: 71.36 s, val_loss: 0.627
Epoch   11/50, time: 55.32 s, training_loss: 0.629
Epoch   11/50, time: 70.62 s, val_loss: 0.651
Epoch   12/50, time: 55.99 s, training_loss: 0.634
Epoch   12/50, time: 71.23 s, val_loss: 0.676
Epoch   13/50, time: 55.76 s, training_loss: 0.619
Epoch   13/50, time: 70.96 s, val_loss: 0.618
Epoch   14/50, time: 55.60 s, training_loss: 0.612
Epoch   14/50, time: 70.69 s, val_loss: 0.608
Epoch   15/50, time: 55.28 s, training_loss: 0.604
Epoch   15/50, time: 70.53 s, val_loss: 0.609
Epoch   16/50, time: 55.72 s, training_loss: 0.598
Epoch   16/50, time: 71.04 s, val_loss: 0.600
Epoch   17/50, time: 55.63 s, training_loss: 0.591
Epoch   17/50, time: 70.94 s, val_loss: 0.590
Epoch   18/50, time: 55.99 s, training_loss: 0.590
Epoch   18/50, time: 70.97 s, val_loss: 0.639
Epoch   19/50, time: 55.41 s, training_loss: 0.591
Epoch   19/50, time: 70.64 s, val_loss: 0.582
Epoch   20/50, time: 56.36 s, training_loss: 0.581
Epoch   20/50, time: 72.97 s, val_loss: 0.572
Epoch   21/50, time: 56.39 s, training_loss: 0.574
Epoch   21/50, time: 71.82 s, val_loss: 0.570
Epoch   22/50, time: 56.03 s, training_loss: 0.569
Epoch   22/50, time: 71.13 s, val_loss: 0.566
Epoch   23/50, time: 56.05 s, training_loss: 0.565
Epoch   23/50, time: 71.23 s, val_loss: 0.565
Epoch   24/50, time: 56.30 s, training_loss: 0.566
Epoch   24/50, time: 71.52 s, val_loss: 0.565
Epoch   25/50, time: 55.62 s, training_loss: 0.559
Epoch   25/50, time: 70.98 s, val_loss: 0.558
Epoch   26/50, time: 56.18 s, training_loss: 0.553
Epoch   26/50, time: 71.45 s, val_loss: 0.560
Epoch   27/50, time: 55.80 s, training_loss: 0.548
Epoch   27/50, time: 71.05 s, val_loss: 0.550
Epoch   28/50, time: 55.63 s, training_loss: 0.544
Epoch   28/50, time: 70.68 s, val_loss: 0.555
Epoch   29/50, time: 56.13 s, training_loss: 0.543
Epoch   29/50, time: 71.24 s, val_loss: 0.537
Epoch   30/50, time: 55.39 s, training_loss: 0.537
Epoch   30/50, time: 70.83 s, val_loss: 0.530
Epoch   31/50, time: 55.16 s, training_loss: 0.532
Epoch   31/50, time: 70.43 s, val_loss: 0.529
Epoch   32/50, time: 55.34 s, training_loss: 0.527
Epoch   32/50, time: 70.65 s, val_loss: 0.534
Epoch   33/50, time: 56.23 s, training_loss: 0.524
Epoch   33/50, time: 71.23 s, val_loss: 0.522
Epoch   34/50, time: 56.16 s, training_loss: 0.519
Epoch   34/50, time: 71.45 s, val_loss: 0.515
Epoch   35/50, time: 54.98 s, training_loss: 0.515
Epoch   35/50, time: 70.33 s, val_loss: 0.513
Epoch   36/50, time: 55.89 s, training_loss: 0.510
Epoch   36/50, time: 70.99 s, val_loss: 0.508
Epoch   37/50, time: 55.45 s, training_loss: 0.506
Epoch   37/50, time: 70.69 s, val_loss: 0.505
Epoch   38/50, time: 56.43 s, training_loss: 0.502
Epoch   38/50, time: 71.66 s, val_loss: 0.500
Epoch   39/50, time: 55.68 s, training_loss: 0.498
Epoch   39/50, time: 70.65 s, val_loss: 0.495
Epoch   40/50, time: 55.38 s, training_loss: 0.494
Epoch   40/50, time: 70.64 s, val_loss: 0.490
Epoch   41/50, time: 56.17 s, training_loss: 0.490
Epoch   41/50, time: 71.42 s, val_loss: 0.490
Epoch   42/50, time: 55.81 s, training_loss: 0.485
Epoch   42/50, time: 70.90 s, val_loss: 0.484
Epoch   43/50, time: 56.15 s, training_loss: 0.481
Epoch   43/50, time: 71.52 s, val_loss: 0.480
Epoch   44/50, time: 55.78 s, training_loss: 0.477
Epoch   44/50, time: 70.99 s, val_loss: 0.481
Epoch   45/50, time: 55.67 s, training_loss: 0.474
Epoch   45/50, time: 70.71 s, val_loss: 0.473
Epoch   46/50, time: 55.94 s, training_loss: 0.470
Epoch   46/50, time: 71.04 s, val_loss: 0.469
Epoch   47/50, time: 56.05 s, training_loss: 0.465
Epoch   47/50, time: 71.21 s, val_loss: 0.463
Epoch   48/50, time: 56.07 s, training_loss: 0.461
Epoch   48/50, time: 70.90 s, val_loss: 0.461
Epoch   49/50, time: 55.54 s, training_loss: 0.456
Epoch   49/50, time: 70.81 s, val_loss: 0.455
Epoch   50/50, time: 55.75 s, training_loss: 0.452
Epoch   50/50, time: 71.19 s, val_loss: 0.452
Training with paramaeters:  (64, 0.0001, 'dice_loss')
Epoch    1/50, time: 55.59 s, training_loss: 0.971
Epoch    1/50, time: 70.67 s, val_loss: 0.983
Epoch    2/50, time: 54.99 s, training_loss: 0.967
Epoch    2/50, time: 70.09 s, val_loss: 0.971
Epoch    3/50, time: 55.73 s, training_loss: 0.965
Epoch    3/50, time: 70.72 s, val_loss: 0.963
Epoch    4/50, time: 55.00 s, training_loss: 0.963
Epoch    4/50, time: 70.10 s, val_loss: 0.963
Epoch    5/50, time: 56.52 s, training_loss: 0.962
Epoch    5/50, time: 73.26 s, val_loss: 0.960
Epoch    6/50, time: 55.78 s, training_loss: 0.961
Epoch    6/50, time: 70.80 s, val_loss: 0.959
Epoch    7/50, time: 55.17 s, training_loss: 0.960
Epoch    7/50, time: 70.30 s, val_loss: 0.961
Epoch    8/50, time: 55.90 s, training_loss: 0.958
Epoch    8/50, time: 71.21 s, val_loss: 0.959
Epoch    9/50, time: 56.13 s, training_loss: 0.956
Epoch    9/50, time: 71.19 s, val_loss: 0.957
Epoch   10/50, time: 55.44 s, training_loss: 0.955
Epoch   10/50, time: 70.49 s, val_loss: 0.963
Epoch   11/50, time: 56.12 s, training_loss: 0.953
Epoch   11/50, time: 71.44 s, val_loss: 0.958
Epoch   12/50, time: 55.26 s, training_loss: 0.951
Epoch   12/50, time: 70.40 s, val_loss: 0.953
Epoch   13/50, time: 56.32 s, training_loss: 0.949
Epoch   13/50, time: 71.68 s, val_loss: 0.959
Epoch   14/50, time: 54.97 s, training_loss: 0.947
Epoch   14/50, time: 70.14 s, val_loss: 0.944
Epoch   15/50, time: 55.81 s, training_loss: 0.944
Epoch   15/50, time: 70.93 s, val_loss: 0.956
Epoch   16/50, time: 56.59 s, training_loss: 0.941
Epoch   16/50, time: 71.74 s, val_loss: 0.952
Epoch   17/50, time: 55.59 s, training_loss: 0.938
Epoch   17/50, time: 70.82 s, val_loss: 0.949
Epoch   18/50, time: 55.82 s, training_loss: 0.935
Epoch   18/50, time: 70.99 s, val_loss: 0.948
Epoch   19/50, time: 56.34 s, training_loss: 0.931
Epoch   19/50, time: 71.37 s, val_loss: 0.926
Epoch   20/50, time: 55.95 s, training_loss: 0.926
Epoch   20/50, time: 71.04 s, val_loss: 0.934
Epoch   21/50, time: 55.07 s, training_loss: 0.922
Epoch   21/50, time: 70.12 s, val_loss: 0.932
Epoch   22/50, time: 56.10 s, training_loss: 0.916
Epoch   22/50, time: 71.11 s, val_loss: 0.930
Epoch   23/50, time: 55.91 s, training_loss: 0.911
Epoch   23/50, time: 70.79 s, val_loss: 0.934
Epoch   24/50, time: 55.69 s, training_loss: 0.908
Epoch   24/50, time: 70.68 s, val_loss: 0.932
Epoch   25/50, time: 55.69 s, training_loss: 0.906
Epoch   25/50, time: 71.05 s, val_loss: 0.902
Epoch   26/50, time: 55.93 s, training_loss: 0.896
Epoch   26/50, time: 71.00 s, val_loss: 0.897
Epoch   27/50, time: 56.20 s, training_loss: 0.893
Epoch   27/50, time: 71.52 s, val_loss: 0.932
Epoch   28/50, time: 56.10 s, training_loss: 0.887
Epoch   28/50, time: 71.41 s, val_loss: 0.885
Epoch   29/50, time: 55.19 s, training_loss: 0.879
Epoch   29/50, time: 70.11 s, val_loss: 0.882
Epoch   30/50, time: 55.55 s, training_loss: 0.872
Epoch   30/50, time: 70.65 s, val_loss: 0.880
Epoch   31/50, time: 54.76 s, training_loss: 0.866
Epoch   31/50, time: 70.10 s, val_loss: 0.885
Epoch   32/50, time: 56.18 s, training_loss: 0.863
Epoch   32/50, time: 71.43 s, val_loss: 0.863
Epoch   33/50, time: 55.67 s, training_loss: 0.855
Epoch   33/50, time: 70.59 s, val_loss: 0.856
Epoch   34/50, time: 55.62 s, training_loss: 0.844
Epoch   34/50, time: 70.91 s, val_loss: 0.837
Epoch   35/50, time: 55.80 s, training_loss: 0.836
Epoch   35/50, time: 71.21 s, val_loss: 0.852
Epoch   36/50, time: 55.59 s, training_loss: 0.830
Epoch   36/50, time: 70.88 s, val_loss: 0.904
Epoch   37/50, time: 55.04 s, training_loss: 0.824
Epoch   37/50, time: 70.45 s, val_loss: 0.850
Epoch   38/50, time: 55.31 s, training_loss: 0.814
Epoch   38/50, time: 70.53 s, val_loss: 0.869
Epoch   39/50, time: 55.52 s, training_loss: 0.816
Epoch   39/50, time: 70.58 s, val_loss: 0.832
Epoch   40/50, time: 55.22 s, training_loss: 0.805
Epoch   40/50, time: 70.31 s, val_loss: 0.842
Epoch   41/50, time: 55.78 s, training_loss: 0.790
Epoch   41/50, time: 70.73 s, val_loss: 0.858
Epoch   42/50, time: 55.32 s, training_loss: 0.788
Epoch   42/50, time: 70.47 s, val_loss: 0.791
Epoch   43/50, time: 55.73 s, training_loss: 0.773
Epoch   43/50, time: 71.07 s, val_loss: 0.873
Epoch   44/50, time: 55.46 s, training_loss: 0.774
Epoch   44/50, time: 70.57 s, val_loss: 0.844
Epoch   45/50, time: 56.09 s, training_loss: 0.768
Epoch   45/50, time: 71.25 s, val_loss: 0.891
Epoch   46/50, time: 55.82 s, training_loss: 0.763
Epoch   46/50, time: 70.91 s, val_loss: 0.876
Epoch   47/50, time: 56.15 s, training_loss: 0.752
Epoch   47/50, time: 71.30 s, val_loss: 0.852
Epoch   48/50, time: 55.07 s, training_loss: 0.743
Epoch   48/50, time: 70.38 s, val_loss: 0.892
Epoch   49/50, time: 56.14 s, training_loss: 0.747
Epoch   49/50, time: 71.19 s, val_loss: 0.781
Epoch   50/50, time: 55.72 s, training_loss: 0.740
Epoch   50/50, time: 70.85 s, val_loss: 0.792
Training with paramaeters:  (128, 0.0001, 'bce_loss')
Epoch    1/50, time: 59.15 s, training_loss: 0.631
Epoch    1/50, time: 86.47 s, val_loss: 0.672
Epoch    2/50, time: 59.26 s, training_loss: 0.575
Epoch    2/50, time: 86.59 s, val_loss: 0.628
Epoch    3/50, time: 58.53 s, training_loss: 0.549
Epoch    3/50, time: 86.06 s, val_loss: 0.587
Epoch    4/50, time: 59.28 s, training_loss: 0.529
Epoch    4/50, time: 86.35 s, val_loss: 0.556
Epoch    5/50, time: 59.36 s, training_loss: 0.511
Epoch    5/50, time: 86.91 s, val_loss: 0.524
Epoch    6/50, time: 58.61 s, training_loss: 0.496
Epoch    6/50, time: 86.04 s, val_loss: 0.507
Epoch    7/50, time: 58.87 s, training_loss: 0.484
Epoch    7/50, time: 85.71 s, val_loss: 0.489
Epoch    8/50, time: 58.79 s, training_loss: 0.477
Epoch    8/50, time: 86.27 s, val_loss: 0.479
Epoch    9/50, time: 59.73 s, training_loss: 0.470
Epoch    9/50, time: 86.71 s, val_loss: 0.470
Epoch   10/50, time: 59.26 s, training_loss: 0.464
Epoch   10/50, time: 86.55 s, val_loss: 0.463
Epoch   11/50, time: 59.36 s, training_loss: 0.459
Epoch   11/50, time: 86.78 s, val_loss: 0.457
Epoch   12/50, time: 59.44 s, training_loss: 0.456
Epoch   12/50, time: 86.46 s, val_loss: 0.459
Epoch   13/50, time: 59.24 s, training_loss: 0.455
Epoch   13/50, time: 86.64 s, val_loss: 0.446
Epoch   14/50, time: 58.69 s, training_loss: 0.452
Epoch   14/50, time: 85.88 s, val_loss: 0.448
Epoch   15/50, time: 58.93 s, training_loss: 0.445
Epoch   15/50, time: 85.28 s, val_loss: 0.447
Epoch   16/50, time: 58.84 s, training_loss: 0.440
Epoch   16/50, time: 85.89 s, val_loss: 0.446
Epoch   17/50, time: 59.04 s, training_loss: 0.435
Epoch   17/50, time: 86.72 s, val_loss: 0.434
Epoch   18/50, time: 58.55 s, training_loss: 0.430
Epoch   18/50, time: 86.04 s, val_loss: 0.435
Epoch   19/50, time: 58.29 s, training_loss: 0.427
Epoch   19/50, time: 85.80 s, val_loss: 0.428
Epoch   20/50, time: 58.86 s, training_loss: 0.423
Epoch   20/50, time: 85.93 s, val_loss: 0.430
Epoch   21/50, time: 58.99 s, training_loss: 0.420
Epoch   21/50, time: 86.21 s, val_loss: 0.419
Epoch   22/50, time: 59.32 s, training_loss: 0.416
Epoch   22/50, time: 86.64 s, val_loss: 0.412
Epoch   23/50, time: 59.08 s, training_loss: 0.411
Epoch   23/50, time: 86.28 s, val_loss: 0.413
Epoch   24/50, time: 58.96 s, training_loss: 0.407
Epoch   24/50, time: 86.35 s, val_loss: 0.409
Epoch   25/50, time: 58.39 s, training_loss: 0.403
Epoch   25/50, time: 85.47 s, val_loss: 0.403
Epoch   26/50, time: 59.45 s, training_loss: 0.399
Epoch   26/50, time: 86.70 s, val_loss: 0.402
Epoch   27/50, time: 59.07 s, training_loss: 0.396
Epoch   27/50, time: 86.48 s, val_loss: 0.394
Epoch   28/50, time: 59.46 s, training_loss: 0.392
Epoch   28/50, time: 87.08 s, val_loss: 0.393
Epoch   29/50, time: 58.68 s, training_loss: 0.388
Epoch   29/50, time: 86.33 s, val_loss: 0.388
Epoch   30/50, time: 58.92 s, training_loss: 0.384
Epoch   30/50, time: 86.07 s, val_loss: 0.387
Epoch   31/50, time: 58.69 s, training_loss: 0.380
Epoch   31/50, time: 86.10 s, val_loss: 0.380
Epoch   32/50, time: 60.58 s, training_loss: 0.377
Epoch   32/50, time: 88.15 s, val_loss: 0.377
Epoch   33/50, time: 59.28 s, training_loss: 0.374
Epoch   33/50, time: 85.93 s, val_loss: 0.377
Epoch   34/50, time: 58.15 s, training_loss: 0.371
Epoch   34/50, time: 85.38 s, val_loss: 0.368
Epoch   35/50, time: 58.86 s, training_loss: 0.368
Epoch   35/50, time: 86.31 s, val_loss: 0.370
Epoch   36/50, time: 58.77 s, training_loss: 0.364
Epoch   36/50, time: 85.91 s, val_loss: 0.363
Epoch   37/50, time: 58.91 s, training_loss: 0.360
Epoch   37/50, time: 86.37 s, val_loss: 0.358
Epoch   38/50, time: 59.82 s, training_loss: 0.356
Epoch   38/50, time: 86.97 s, val_loss: 0.353
Epoch   39/50, time: 58.50 s, training_loss: 0.353
Epoch   39/50, time: 85.81 s, val_loss: 0.353
Epoch   40/50, time: 59.81 s, training_loss: 0.349
Epoch   40/50, time: 87.46 s, val_loss: 0.349
Epoch   41/50, time: 59.54 s, training_loss: 0.346
Epoch   41/50, time: 86.92 s, val_loss: 0.343
Epoch   42/50, time: 59.44 s, training_loss: 0.343
Epoch   42/50, time: 86.96 s, val_loss: 0.344
Epoch   43/50, time: 60.43 s, training_loss: 0.339
Epoch   43/50, time: 87.48 s, val_loss: 0.341
Epoch   44/50, time: 58.80 s, training_loss: 0.336
Epoch   44/50, time: 86.23 s, val_loss: 0.337
Epoch   45/50, time: 58.38 s, training_loss: 0.333
Epoch   45/50, time: 85.72 s, val_loss: 0.336
Epoch   46/50, time: 58.76 s, training_loss: 0.329
Epoch   46/50, time: 85.86 s, val_loss: 0.329
Epoch   47/50, time: 58.85 s, training_loss: 0.326
Epoch   47/50, time: 86.55 s, val_loss: 0.323
Epoch   48/50, time: 58.73 s, training_loss: 0.323
Epoch   48/50, time: 86.15 s, val_loss: 0.326
Epoch   49/50, time: 58.96 s, training_loss: 0.320
Epoch   49/50, time: 86.40 s, val_loss: 0.317
Epoch   50/50, time: 59.61 s, training_loss: 0.317
Epoch   50/50, time: 87.01 s, val_loss: 0.316
Training with paramaeters:  (128, 0.0001, 'dice_loss')
Epoch    1/50, time: 59.85 s, training_loss: 0.974
Epoch    1/50, time: 86.89 s, val_loss: 0.983
Epoch    2/50, time: 59.58 s, training_loss: 0.969
Epoch    2/50, time: 86.84 s, val_loss: 0.982
Epoch    3/50, time: 59.07 s, training_loss: 0.967
Epoch    3/50, time: 86.53 s, val_loss: 0.977
Epoch    4/50, time: 59.83 s, training_loss: 0.965
Epoch    4/50, time: 87.06 s, val_loss: 0.968
Epoch    5/50, time: 58.85 s, training_loss: 0.964
Epoch    5/50, time: 86.40 s, val_loss: 0.965
Epoch    6/50, time: 59.99 s, training_loss: 0.963
Epoch    6/50, time: 87.81 s, val_loss: 0.960
Epoch    7/50, time: 59.68 s, training_loss: 0.963
Epoch    7/50, time: 87.01 s, val_loss: 0.960
Epoch    8/50, time: 59.42 s, training_loss: 0.961
Epoch    8/50, time: 86.92 s, val_loss: 0.957
Epoch    9/50, time: 59.40 s, training_loss: 0.960
Epoch    9/50, time: 86.68 s, val_loss: 0.958
Epoch   10/50, time: 59.36 s, training_loss: 0.959
Epoch   10/50, time: 86.85 s, val_loss: 0.963
Epoch   11/50, time: 59.25 s, training_loss: 0.959
Epoch   11/50, time: 86.86 s, val_loss: 0.955
Epoch   12/50, time: 59.11 s, training_loss: 0.958
Epoch   12/50, time: 86.40 s, val_loss: 0.959
Epoch   13/50, time: 59.40 s, training_loss: 0.957
Epoch   13/50, time: 86.60 s, val_loss: 0.953
Epoch   14/50, time: 58.81 s, training_loss: 0.955
Epoch   14/50, time: 86.05 s, val_loss: 0.945
Epoch   15/50, time: 58.72 s, training_loss: 0.954
Epoch   15/50, time: 86.15 s, val_loss: 0.952
Epoch   16/50, time: 59.97 s, training_loss: 0.953
Epoch   16/50, time: 87.28 s, val_loss: 0.953
Epoch   17/50, time: 59.05 s, training_loss: 0.951
Epoch   17/50, time: 86.65 s, val_loss: 0.951
Epoch   18/50, time: 58.92 s, training_loss: 0.950
Epoch   18/50, time: 86.26 s, val_loss: 0.935
Epoch   19/50, time: 58.53 s, training_loss: 0.948
Epoch   19/50, time: 85.72 s, val_loss: 0.949
Epoch   20/50, time: 59.64 s, training_loss: 0.946
Epoch   20/50, time: 86.85 s, val_loss: 0.948
Epoch   21/50, time: 59.15 s, training_loss: 0.945
Epoch   21/50, time: 86.86 s, val_loss: 0.957
Epoch   22/50, time: 59.92 s, training_loss: 0.942
Epoch   22/50, time: 87.61 s, val_loss: 0.931
Epoch   23/50, time: 58.68 s, training_loss: 0.941
Epoch   23/50, time: 86.23 s, val_loss: 0.955
Epoch   24/50, time: 59.06 s, training_loss: 0.938
Epoch   24/50, time: 86.62 s, val_loss: 0.950
Epoch   25/50, time: 59.03 s, training_loss: 0.937
Epoch   25/50, time: 86.25 s, val_loss: 0.937
Epoch   26/50, time: 60.00 s, training_loss: 0.934
Epoch   26/50, time: 87.23 s, val_loss: 0.938
Epoch   27/50, time: 59.25 s, training_loss: 0.934
Epoch   27/50, time: 87.01 s, val_loss: 0.954
Epoch   28/50, time: 58.44 s, training_loss: 0.932
Epoch   28/50, time: 85.68 s, val_loss: 0.938
Epoch   29/50, time: 58.70 s, training_loss: 0.931
Epoch   29/50, time: 85.73 s, val_loss: 0.911
Epoch   30/50, time: 58.84 s, training_loss: 0.929
Epoch   30/50, time: 86.42 s, val_loss: 0.928
Epoch   31/50, time: 58.58 s, training_loss: 0.927
Epoch   31/50, time: 86.31 s, val_loss: 0.921
Epoch   32/50, time: 59.30 s, training_loss: 0.924
Epoch   32/50, time: 86.77 s, val_loss: 0.938
Epoch   33/50, time: 59.78 s, training_loss: 0.920
Epoch   33/50, time: 87.17 s, val_loss: 0.952
Epoch   34/50, time: 58.83 s, training_loss: 0.920
Epoch   34/50, time: 86.38 s, val_loss: 0.923
Epoch   35/50, time: 59.48 s, training_loss: 0.918
Epoch   35/50, time: 86.46 s, val_loss: 0.926
Epoch   36/50, time: 59.37 s, training_loss: 0.918
Epoch   36/50, time: 86.62 s, val_loss: 0.928
Epoch   37/50, time: 59.49 s, training_loss: 0.913
Epoch   37/50, time: 86.97 s, val_loss: 0.908
Epoch   38/50, time: 58.66 s, training_loss: 0.911
Epoch   38/50, time: 85.80 s, val_loss: 0.911
Epoch   39/50, time: 58.77 s, training_loss: 0.908
Epoch   39/50, time: 86.19 s, val_loss: 0.915
Epoch   40/50, time: 59.06 s, training_loss: 0.905
Epoch   40/50, time: 86.61 s, val_loss: 0.902
Epoch   41/50, time: 59.39 s, training_loss: 0.902
Epoch   41/50, time: 86.37 s, val_loss: 0.899
Epoch   42/50, time: 59.58 s, training_loss: 0.899
Epoch   42/50, time: 87.58 s, val_loss: 0.909
Epoch   43/50, time: 59.68 s, training_loss: 0.895
Epoch   43/50, time: 87.14 s, val_loss: 0.928
Epoch   44/50, time: 58.06 s, training_loss: 0.897
Epoch   44/50, time: 85.62 s, val_loss: 0.955
Epoch   45/50, time: 59.64 s, training_loss: 0.894
Epoch   45/50, time: 86.90 s, val_loss: 0.913
Epoch   46/50, time: 59.17 s, training_loss: 0.891
Epoch   46/50, time: 86.61 s, val_loss: 0.904
Epoch   47/50, time: 59.77 s, training_loss: 0.889
Epoch   47/50, time: 86.84 s, val_loss: 0.882
Epoch   48/50, time: 59.43 s, training_loss: 0.881
Epoch   48/50, time: 86.57 s, val_loss: 0.923
Epoch   49/50, time: 58.98 s, training_loss: 0.879
Epoch   49/50, time: 86.59 s, val_loss: 0.941
Epoch   50/50, time: 58.87 s, training_loss: 0.875
Epoch   50/50, time: 86.25 s, val_loss: 0.902

Results sorted by validation loss:
Params: (32, 0.0001, 'bce_loss') | Lowest val Loss: inf at epoch 0
Params: (32, 0.0001, 'dice_loss') | Lowest val Loss: inf at epoch 0
Params: (64, 0.0001, 'bce_loss') | Lowest val Loss: inf at epoch 0
Params: (64, 0.0001, 'dice_loss') | Lowest val Loss: inf at epoch 0
Params: (128, 0.0001, 'bce_loss') | Lowest val Loss: inf at epoch 0
Params: (128, 0.0001, 'dice_loss') | Lowest val Loss: inf at epoch 0
