Using device: cuda
Configuration
data:
  path: /scratch/phys/sin/sethih1/data_files/planar_molecules_256
  split_by_id: 0
log_path: /scratch/phys/sin/sethih1/runs_ters/planar_256/config4/
model:
  att_channels: 64
  filters:
  - 16
  - 32
  - 64
  - 128
  in_channels: 400
  kernel_size:
  - 3
  - 3
  - 3
  - 3
  out_channels: 1
  type: AttentionUNet
save_path: /scratch/phys/sin/sethih1/models/planar_256/config4/
training:
  batch_sizes:
  - 32
  - 64
  - 128
  epochs: 50
  learning_rates:
  - 0.0001
  loss_functions:
  - bce_loss
  - dice_loss

Data Loaded
Data loaded
Training with paramaeters:  (32, 0.0001, 'bce_loss')
Epoch    1/50, time: 121.15 s, training_loss: 0.750
Epoch    1/50, time: 140.93 s, val_loss: 0.626
Epoch    2/50, time: 121.95 s, training_loss: 0.538
Epoch    2/50, time: 141.74 s, val_loss: 0.507
Epoch    3/50, time: 122.60 s, training_loss: 0.466
Epoch    3/50, time: 142.15 s, val_loss: 0.453
Epoch    4/50, time: 122.00 s, training_loss: 0.427
Epoch    4/50, time: 141.77 s, val_loss: 0.429
Epoch    5/50, time: 121.49 s, training_loss: 0.404
Epoch    5/50, time: 140.69 s, val_loss: 0.403
Epoch    6/50, time: 120.98 s, training_loss: 0.389
Epoch    6/50, time: 140.60 s, val_loss: 0.387
Epoch    7/50, time: 121.22 s, training_loss: 0.374
Epoch    7/50, time: 141.04 s, val_loss: 0.367
Epoch    8/50, time: 121.17 s, training_loss: 0.360
Epoch    8/50, time: 140.64 s, val_loss: 0.362
Epoch    9/50, time: 121.31 s, training_loss: 0.349
Epoch    9/50, time: 140.81 s, val_loss: 0.347
Epoch   10/50, time: 122.05 s, training_loss: 0.337
Epoch   10/50, time: 141.64 s, val_loss: 0.325
Epoch   11/50, time: 121.31 s, training_loss: 0.326
Epoch   11/50, time: 140.90 s, val_loss: 0.341
Epoch   12/50, time: 120.51 s, training_loss: 0.334
Epoch   12/50, time: 139.86 s, val_loss: 0.328
Epoch   13/50, time: 120.41 s, training_loss: 0.312
Epoch   13/50, time: 140.19 s, val_loss: 0.302
Epoch   14/50, time: 122.54 s, training_loss: 0.301
Epoch   14/50, time: 142.34 s, val_loss: 0.293
Epoch   15/50, time: 121.99 s, training_loss: 0.291
Epoch   15/50, time: 141.53 s, val_loss: 0.288
Epoch   16/50, time: 121.72 s, training_loss: 0.283
Epoch   16/50, time: 141.36 s, val_loss: 0.280
Epoch   17/50, time: 121.52 s, training_loss: 0.275
Epoch   17/50, time: 141.16 s, val_loss: 0.266
Epoch   18/50, time: 122.06 s, training_loss: 0.266
Epoch   18/50, time: 141.63 s, val_loss: 0.260
Epoch   19/50, time: 121.09 s, training_loss: 0.259
Epoch   19/50, time: 141.10 s, val_loss: 0.259
Epoch   20/50, time: 121.80 s, training_loss: 0.251
Epoch   20/50, time: 141.80 s, val_loss: 0.243
Epoch   21/50, time: 121.89 s, training_loss: 0.244
Epoch   21/50, time: 141.77 s, val_loss: 0.244
Epoch   22/50, time: 121.29 s, training_loss: 0.238
Epoch   22/50, time: 141.05 s, val_loss: 0.236
Epoch   23/50, time: 122.59 s, training_loss: 0.231
Epoch   23/50, time: 142.18 s, val_loss: 0.228
Epoch   24/50, time: 121.87 s, training_loss: 0.225
Epoch   24/50, time: 141.14 s, val_loss: 0.231
Epoch   25/50, time: 121.89 s, training_loss: 0.219
Epoch   25/50, time: 141.13 s, val_loss: 0.219
Epoch   26/50, time: 121.79 s, training_loss: 0.214
Epoch   26/50, time: 141.25 s, val_loss: 0.213
Epoch   27/50, time: 122.59 s, training_loss: 0.209
Epoch   27/50, time: 142.20 s, val_loss: 0.209
Epoch   28/50, time: 121.84 s, training_loss: 0.221
Epoch   28/50, time: 141.48 s, val_loss: 0.222
Epoch   29/50, time: 122.11 s, training_loss: 0.209
Epoch   29/50, time: 141.65 s, val_loss: 0.208
Epoch   30/50, time: 122.26 s, training_loss: 0.200
Epoch   30/50, time: 141.86 s, val_loss: 0.201
Epoch   31/50, time: 120.11 s, training_loss: 0.194
Epoch   31/50, time: 139.79 s, val_loss: 0.200
Epoch   32/50, time: 121.71 s, training_loss: 0.189
Epoch   32/50, time: 141.13 s, val_loss: 0.191
Epoch   33/50, time: 121.68 s, training_loss: 0.183
Epoch   33/50, time: 141.23 s, val_loss: 0.186
Epoch   34/50, time: 121.48 s, training_loss: 0.178
Epoch   34/50, time: 141.15 s, val_loss: 0.179
Epoch   35/50, time: 120.21 s, training_loss: 0.175
Epoch   35/50, time: 140.12 s, val_loss: 0.178
Epoch   36/50, time: 122.25 s, training_loss: 0.171
Epoch   36/50, time: 142.01 s, val_loss: 0.173
Epoch   37/50, time: 121.46 s, training_loss: 0.167
Epoch   37/50, time: 141.35 s, val_loss: 0.167
Epoch   38/50, time: 121.11 s, training_loss: 0.163
Epoch   38/50, time: 141.02 s, val_loss: 0.163
Epoch   39/50, time: 121.55 s, training_loss: 0.160
Epoch   39/50, time: 141.05 s, val_loss: 0.158
Epoch   40/50, time: 122.91 s, training_loss: 0.157
Epoch   40/50, time: 142.85 s, val_loss: 0.157
Epoch   41/50, time: 120.11 s, training_loss: 0.153
Epoch   41/50, time: 139.75 s, val_loss: 0.158
Epoch   42/50, time: 121.71 s, training_loss: 0.151
Epoch   42/50, time: 141.46 s, val_loss: 0.152
Epoch   43/50, time: 122.97 s, training_loss: 0.148
Epoch   43/50, time: 142.50 s, val_loss: 0.152
Epoch   44/50, time: 120.04 s, training_loss: 0.145
Epoch   44/50, time: 139.83 s, val_loss: 0.147
Epoch   45/50, time: 122.75 s, training_loss: 0.142
Epoch   45/50, time: 142.34 s, val_loss: 0.148
Epoch   46/50, time: 121.09 s, training_loss: 0.140
Epoch   46/50, time: 140.95 s, val_loss: 0.143
Epoch   47/50, time: 122.13 s, training_loss: 0.137
Epoch   47/50, time: 141.88 s, val_loss: 0.147
Epoch   48/50, time: 120.89 s, training_loss: 0.136
Epoch   48/50, time: 140.43 s, val_loss: 0.145
Epoch   49/50, time: 121.67 s, training_loss: 0.133
Epoch   49/50, time: 141.40 s, val_loss: 0.132
Epoch   50/50, time: 122.05 s, training_loss: 0.131
Epoch   50/50, time: 141.58 s, val_loss: 0.133
Training with paramaeters:  (32, 0.0001, 'dice_loss')
Epoch    1/50, time: 122.41 s, training_loss: 0.869
Epoch    1/50, time: 141.73 s, val_loss: 0.908
Epoch    2/50, time: 121.21 s, training_loss: 0.833
Epoch    2/50, time: 140.70 s, val_loss: 0.817
Epoch    3/50, time: 122.40 s, training_loss: 0.817
Epoch    3/50, time: 141.94 s, val_loss: 0.809
Epoch    4/50, time: 121.66 s, training_loss: 0.806
Epoch    4/50, time: 141.27 s, val_loss: 0.791
Epoch    5/50, time: 122.18 s, training_loss: 0.796
Epoch    5/50, time: 141.45 s, val_loss: 0.780
Epoch    6/50, time: 121.75 s, training_loss: 0.786
Epoch    6/50, time: 141.20 s, val_loss: 0.773
Epoch    7/50, time: 120.87 s, training_loss: 0.777
Epoch    7/50, time: 140.35 s, val_loss: 0.770
Epoch    8/50, time: 122.84 s, training_loss: 0.770
Epoch    8/50, time: 142.05 s, val_loss: 0.778
Epoch    9/50, time: 120.75 s, training_loss: 0.758
Epoch    9/50, time: 139.95 s, val_loss: 0.804
Epoch   10/50, time: 121.14 s, training_loss: 0.746
Epoch   10/50, time: 140.58 s, val_loss: 0.815
Epoch   11/50, time: 120.71 s, training_loss: 0.735
Epoch   11/50, time: 139.88 s, val_loss: 0.719
Epoch   12/50, time: 121.34 s, training_loss: 0.725
Epoch   12/50, time: 140.73 s, val_loss: 0.699
Epoch   13/50, time: 120.33 s, training_loss: 0.713
Epoch   13/50, time: 139.84 s, val_loss: 0.747
Epoch   14/50, time: 121.89 s, training_loss: 0.702
Epoch   14/50, time: 141.24 s, val_loss: 0.691
Epoch   15/50, time: 122.09 s, training_loss: 0.689
Epoch   15/50, time: 141.32 s, val_loss: 0.712
Epoch   16/50, time: 121.83 s, training_loss: 0.678
Epoch   16/50, time: 141.16 s, val_loss: 0.678
Epoch   17/50, time: 121.21 s, training_loss: 0.670
Epoch   17/50, time: 140.68 s, val_loss: 0.713
Epoch   18/50, time: 122.23 s, training_loss: 0.657
Epoch   18/50, time: 142.21 s, val_loss: 0.707
Epoch   19/50, time: 121.01 s, training_loss: 0.645
Epoch   19/50, time: 140.63 s, val_loss: 0.655
Epoch   20/50, time: 121.46 s, training_loss: 0.632
Epoch   20/50, time: 141.46 s, val_loss: 0.676
Epoch   21/50, time: 121.73 s, training_loss: 0.622
Epoch   21/50, time: 141.70 s, val_loss: 0.668
Epoch   22/50, time: 120.55 s, training_loss: 0.607
Epoch   22/50, time: 140.02 s, val_loss: 0.611
Epoch   23/50, time: 121.53 s, training_loss: 0.590
Epoch   23/50, time: 141.24 s, val_loss: 0.611
Epoch   24/50, time: 121.36 s, training_loss: 0.574
Epoch   24/50, time: 141.20 s, val_loss: 0.626
Epoch   25/50, time: 119.94 s, training_loss: 0.558
Epoch   25/50, time: 139.46 s, val_loss: 0.610
Epoch   26/50, time: 121.70 s, training_loss: 0.544
Epoch   26/50, time: 141.30 s, val_loss: 0.618
Epoch   27/50, time: 122.51 s, training_loss: 0.532
Epoch   27/50, time: 142.25 s, val_loss: 0.580
Epoch   28/50, time: 122.41 s, training_loss: 0.519
Epoch   28/50, time: 142.28 s, val_loss: 0.574
Epoch   29/50, time: 121.83 s, training_loss: 0.507
Epoch   29/50, time: 141.13 s, val_loss: 0.584
Epoch   30/50, time: 123.00 s, training_loss: 0.490
Epoch   30/50, time: 142.37 s, val_loss: 0.574
Epoch   31/50, time: 121.20 s, training_loss: 0.477
Epoch   31/50, time: 140.78 s, val_loss: 0.582
Epoch   32/50, time: 122.23 s, training_loss: 0.459
Epoch   32/50, time: 141.70 s, val_loss: 0.568
Epoch   33/50, time: 122.60 s, training_loss: 0.450
Epoch   33/50, time: 142.39 s, val_loss: 0.542
Epoch   34/50, time: 121.86 s, training_loss: 0.435
Epoch   34/50, time: 141.33 s, val_loss: 0.562
Epoch   35/50, time: 122.08 s, training_loss: 0.416
Epoch   35/50, time: 141.41 s, val_loss: 0.540
Epoch   36/50, time: 121.70 s, training_loss: 0.403
Epoch   36/50, time: 141.26 s, val_loss: 0.522
Epoch   37/50, time: 121.01 s, training_loss: 0.400
Epoch   37/50, time: 140.94 s, val_loss: 0.520
Epoch   38/50, time: 122.26 s, training_loss: 0.385
Epoch   38/50, time: 141.56 s, val_loss: 0.580
Epoch   39/50, time: 122.18 s, training_loss: 0.371
Epoch   39/50, time: 141.60 s, val_loss: 0.561
Epoch   40/50, time: 120.35 s, training_loss: 0.374
Epoch   40/50, time: 140.16 s, val_loss: 0.583
Epoch   41/50, time: 120.67 s, training_loss: 0.357
Epoch   41/50, time: 140.25 s, val_loss: 0.506
Epoch   42/50, time: 122.46 s, training_loss: 0.350
Epoch   42/50, time: 141.29 s, val_loss: 0.511
Epoch   43/50, time: 122.30 s, training_loss: 0.340
Epoch   43/50, time: 141.66 s, val_loss: 0.519
Epoch   44/50, time: 122.19 s, training_loss: 0.336
Epoch   44/50, time: 141.57 s, val_loss: 0.574
Epoch   45/50, time: 122.03 s, training_loss: 0.333
Epoch   45/50, time: 141.20 s, val_loss: 0.567
Epoch   46/50, time: 122.10 s, training_loss: 0.319
Epoch   46/50, time: 141.53 s, val_loss: 0.513
Epoch   47/50, time: 120.98 s, training_loss: 0.321
Epoch   47/50, time: 140.15 s, val_loss: 0.524
Epoch   48/50, time: 122.70 s, training_loss: 0.312
Epoch   48/50, time: 142.19 s, val_loss: 0.500
Epoch   49/50, time: 121.32 s, training_loss: 0.309
Epoch   49/50, time: 140.67 s, val_loss: 0.546
Epoch   50/50, time: 120.30 s, training_loss: 0.309
Epoch   50/50, time: 139.72 s, val_loss: 0.526
Training with paramaeters:  (64, 0.0001, 'bce_loss')
Epoch    1/50, time: 133.22 s, training_loss: 0.842
Epoch    1/50, time: 168.61 s, val_loss: 0.715
Epoch    2/50, time: 135.65 s, training_loss: 0.705
Epoch    2/50, time: 172.54 s, val_loss: 0.668
Epoch    3/50, time: 136.04 s, training_loss: 0.624
Epoch    3/50, time: 171.90 s, val_loss: 0.629
Epoch    4/50, time: 133.67 s, training_loss: 0.573
Epoch    4/50, time: 169.27 s, val_loss: 0.580
Epoch    5/50, time: 134.48 s, training_loss: 0.541
Epoch    5/50, time: 170.15 s, val_loss: 0.541
Epoch    6/50, time: 133.11 s, training_loss: 0.517
Epoch    6/50, time: 168.46 s, val_loss: 0.512
Epoch    7/50, time: 133.69 s, training_loss: 0.502
Epoch    7/50, time: 168.98 s, val_loss: 0.502
Epoch    8/50, time: 132.60 s, training_loss: 0.490
Epoch    8/50, time: 168.31 s, val_loss: 0.492
Epoch    9/50, time: 133.80 s, training_loss: 0.487
Epoch    9/50, time: 169.43 s, val_loss: 0.486
Epoch   10/50, time: 133.71 s, training_loss: 0.473
Epoch   10/50, time: 169.43 s, val_loss: 0.487
Epoch   11/50, time: 134.85 s, training_loss: 0.463
Epoch   11/50, time: 170.27 s, val_loss: 0.462
Epoch   12/50, time: 134.79 s, training_loss: 0.456
Epoch   12/50, time: 170.50 s, val_loss: 0.466
Epoch   13/50, time: 133.90 s, training_loss: 0.456
Epoch   13/50, time: 169.16 s, val_loss: 0.456
Epoch   14/50, time: 132.78 s, training_loss: 0.444
Epoch   14/50, time: 168.31 s, val_loss: 0.443
Epoch   15/50, time: 133.60 s, training_loss: 0.435
Epoch   15/50, time: 169.24 s, val_loss: 0.448
Epoch   16/50, time: 133.69 s, training_loss: 0.428
Epoch   16/50, time: 169.02 s, val_loss: 0.430
Epoch   17/50, time: 133.12 s, training_loss: 0.421
Epoch   17/50, time: 168.50 s, val_loss: 0.411
Epoch   18/50, time: 134.43 s, training_loss: 0.425
Epoch   18/50, time: 169.33 s, val_loss: 0.444
Epoch   19/50, time: 133.22 s, training_loss: 0.430
Epoch   19/50, time: 168.94 s, val_loss: 0.418
Epoch   20/50, time: 132.37 s, training_loss: 0.415
Epoch   20/50, time: 167.84 s, val_loss: 0.413
Epoch   21/50, time: 131.30 s, training_loss: 0.405
Epoch   21/50, time: 166.20 s, val_loss: 0.404
Epoch   22/50, time: 131.66 s, training_loss: 0.405
Epoch   22/50, time: 167.08 s, val_loss: 0.399
Epoch   23/50, time: 132.68 s, training_loss: 0.401
Epoch   23/50, time: 167.84 s, val_loss: 0.403
Epoch   24/50, time: 132.23 s, training_loss: 0.389
Epoch   24/50, time: 166.65 s, val_loss: 0.384
Epoch   25/50, time: 132.10 s, training_loss: 0.383
Epoch   25/50, time: 168.26 s, val_loss: 0.378
Epoch   26/50, time: 132.61 s, training_loss: 0.377
Epoch   26/50, time: 167.26 s, val_loss: 0.370
Epoch   27/50, time: 131.51 s, training_loss: 0.371
Epoch   27/50, time: 166.62 s, val_loss: 0.374
Epoch   28/50, time: 135.71 s, training_loss: 0.368
Epoch   28/50, time: 173.74 s, val_loss: 0.368
Epoch   29/50, time: 131.40 s, training_loss: 0.362
Epoch   29/50, time: 165.90 s, val_loss: 0.360
Epoch   30/50, time: 131.63 s, training_loss: 0.358
Epoch   30/50, time: 166.49 s, val_loss: 0.358
Epoch   31/50, time: 132.58 s, training_loss: 0.355
Epoch   31/50, time: 167.46 s, val_loss: 0.343
Epoch   32/50, time: 132.03 s, training_loss: 0.350
Epoch   32/50, time: 166.70 s, val_loss: 0.343
Epoch   33/50, time: 132.97 s, training_loss: 0.344
Epoch   33/50, time: 167.90 s, val_loss: 0.345
Epoch   34/50, time: 130.72 s, training_loss: 0.340
Epoch   34/50, time: 165.82 s, val_loss: 0.343
Epoch   35/50, time: 131.98 s, training_loss: 0.336
Epoch   35/50, time: 167.09 s, val_loss: 0.331
Epoch   36/50, time: 131.92 s, training_loss: 0.331
Epoch   36/50, time: 166.93 s, val_loss: 0.332
Epoch   37/50, time: 131.85 s, training_loss: 0.327
Epoch   37/50, time: 166.90 s, val_loss: 0.333
Epoch   38/50, time: 132.43 s, training_loss: 0.323
Epoch   38/50, time: 167.63 s, val_loss: 0.322
Epoch   39/50, time: 132.42 s, training_loss: 0.319
Epoch   39/50, time: 167.42 s, val_loss: 0.318
Epoch   40/50, time: 132.90 s, training_loss: 0.316
Epoch   40/50, time: 168.08 s, val_loss: 0.329
Epoch   41/50, time: 133.12 s, training_loss: 0.315
Epoch   41/50, time: 168.31 s, val_loss: 0.312
Epoch   42/50, time: 133.01 s, training_loss: 0.311
Epoch   42/50, time: 168.14 s, val_loss: 0.307
Epoch   43/50, time: 132.66 s, training_loss: 0.306
Epoch   43/50, time: 168.11 s, val_loss: 0.308
Epoch   44/50, time: 134.05 s, training_loss: 0.301
Epoch   44/50, time: 169.01 s, val_loss: 0.298
Epoch   45/50, time: 132.18 s, training_loss: 0.297
Epoch   45/50, time: 166.96 s, val_loss: 0.297
Epoch   46/50, time: 132.54 s, training_loss: 0.296
Epoch   46/50, time: 167.97 s, val_loss: 0.301
Epoch   47/50, time: 132.77 s, training_loss: 0.291
Epoch   47/50, time: 168.17 s, val_loss: 0.291
Epoch   48/50, time: 133.69 s, training_loss: 0.287
Epoch   48/50, time: 169.56 s, val_loss: 0.287
Epoch   49/50, time: 134.72 s, training_loss: 0.282
Epoch   49/50, time: 171.15 s, val_loss: 0.288
Epoch   50/50, time: 135.28 s, training_loss: 0.279
Epoch   50/50, time: 171.61 s, val_loss: 0.288
Training with paramaeters:  (64, 0.0001, 'dice_loss')
Epoch    1/50, time: 134.29 s, training_loss: 0.866
Epoch    1/50, time: 170.42 s, val_loss: 0.935
Epoch    2/50, time: 135.93 s, training_loss: 0.794
Epoch    2/50, time: 171.12 s, val_loss: 0.906
Epoch    3/50, time: 132.89 s, training_loss: 0.771
Epoch    3/50, time: 168.08 s, val_loss: 0.778
Epoch    4/50, time: 134.57 s, training_loss: 0.752
Epoch    4/50, time: 170.05 s, val_loss: 0.741
Epoch    5/50, time: 133.17 s, training_loss: 0.736
Epoch    5/50, time: 169.08 s, val_loss: 0.730
Epoch    6/50, time: 134.16 s, training_loss: 0.719
Epoch    6/50, time: 169.38 s, val_loss: 0.722
Epoch    7/50, time: 134.72 s, training_loss: 0.706
Epoch    7/50, time: 169.98 s, val_loss: 0.738
Epoch    8/50, time: 133.09 s, training_loss: 0.696
Epoch    8/50, time: 167.68 s, val_loss: 0.697
Epoch    9/50, time: 131.14 s, training_loss: 0.689
Epoch    9/50, time: 166.24 s, val_loss: 0.683
Epoch   10/50, time: 132.41 s, training_loss: 0.680
Epoch   10/50, time: 167.77 s, val_loss: 0.679
Epoch   11/50, time: 133.76 s, training_loss: 0.675
Epoch   11/50, time: 168.93 s, val_loss: 0.661
Epoch   12/50, time: 130.84 s, training_loss: 0.666
Epoch   12/50, time: 165.90 s, val_loss: 0.671
Epoch   13/50, time: 131.02 s, training_loss: 0.658
Epoch   13/50, time: 166.69 s, val_loss: 0.650
Epoch   14/50, time: 133.22 s, training_loss: 0.652
Epoch   14/50, time: 168.70 s, val_loss: 0.651
Epoch   15/50, time: 138.44 s, training_loss: 0.644
Epoch   15/50, time: 175.45 s, val_loss: 0.645
Epoch   16/50, time: 133.84 s, training_loss: 0.636
Epoch   16/50, time: 169.20 s, val_loss: 0.641
Epoch   17/50, time: 131.16 s, training_loss: 0.633
Epoch   17/50, time: 166.11 s, val_loss: 0.633
Epoch   18/50, time: 132.60 s, training_loss: 0.623
Epoch   18/50, time: 167.71 s, val_loss: 0.627
Epoch   19/50, time: 136.58 s, training_loss: 0.617
Epoch   19/50, time: 172.86 s, val_loss: 0.633
Epoch   20/50, time: 132.33 s, training_loss: 0.612
Epoch   20/50, time: 167.47 s, val_loss: 0.638
Epoch   21/50, time: 134.16 s, training_loss: 0.606
Epoch   21/50, time: 169.22 s, val_loss: 0.609
Epoch   22/50, time: 131.33 s, training_loss: 0.595
Epoch   22/50, time: 166.68 s, val_loss: 0.618
Epoch   23/50, time: 132.25 s, training_loss: 0.589
Epoch   23/50, time: 166.95 s, val_loss: 0.605
Epoch   24/50, time: 133.29 s, training_loss: 0.581
Epoch   24/50, time: 168.43 s, val_loss: 0.622
Epoch   25/50, time: 130.81 s, training_loss: 0.572
Epoch   25/50, time: 166.08 s, val_loss: 0.590
Epoch   26/50, time: 133.10 s, training_loss: 0.564
Epoch   26/50, time: 168.28 s, val_loss: 0.583
Epoch   27/50, time: 133.26 s, training_loss: 0.558
Epoch   27/50, time: 168.31 s, val_loss: 0.582
Epoch   28/50, time: 132.64 s, training_loss: 0.547
Epoch   28/50, time: 167.75 s, val_loss: 0.572
Epoch   29/50, time: 132.86 s, training_loss: 0.540
Epoch   29/50, time: 168.29 s, val_loss: 0.597
Epoch   30/50, time: 131.77 s, training_loss: 0.535
Epoch   30/50, time: 166.58 s, val_loss: 0.578
Epoch   31/50, time: 133.24 s, training_loss: 0.522
Epoch   31/50, time: 168.28 s, val_loss: 0.587
Epoch   32/50, time: 132.28 s, training_loss: 0.514
Epoch   32/50, time: 167.68 s, val_loss: 0.591
Epoch   33/50, time: 133.58 s, training_loss: 0.502
Epoch   33/50, time: 169.16 s, val_loss: 0.549
Epoch   34/50, time: 132.94 s, training_loss: 0.489
Epoch   34/50, time: 168.32 s, val_loss: 0.566
Epoch   35/50, time: 133.55 s, training_loss: 0.478
Epoch   35/50, time: 168.96 s, val_loss: 0.559
Epoch   36/50, time: 132.86 s, training_loss: 0.466
Epoch   36/50, time: 167.26 s, val_loss: 0.519
Epoch   37/50, time: 132.96 s, training_loss: 0.455
Epoch   37/50, time: 167.91 s, val_loss: 0.544
Epoch   38/50, time: 132.08 s, training_loss: 0.444
Epoch   38/50, time: 167.29 s, val_loss: 0.529
Epoch   39/50, time: 133.56 s, training_loss: 0.433
Epoch   39/50, time: 168.78 s, val_loss: 0.556
Epoch   40/50, time: 131.97 s, training_loss: 0.421
Epoch   40/50, time: 167.31 s, val_loss: 0.551
Epoch   41/50, time: 132.87 s, training_loss: 0.411
Epoch   41/50, time: 167.61 s, val_loss: 0.543
Epoch   42/50, time: 131.60 s, training_loss: 0.401
Epoch   42/50, time: 166.68 s, val_loss: 0.538
Epoch   43/50, time: 133.36 s, training_loss: 0.388
Epoch   43/50, time: 168.68 s, val_loss: 0.511
Epoch   44/50, time: 132.99 s, training_loss: 0.377
Epoch   44/50, time: 168.41 s, val_loss: 0.519
Epoch   45/50, time: 130.46 s, training_loss: 0.366
Epoch   45/50, time: 165.57 s, val_loss: 0.532
Epoch   46/50, time: 130.59 s, training_loss: 0.358
Epoch   46/50, time: 166.17 s, val_loss: 0.524
Epoch   47/50, time: 132.91 s, training_loss: 0.351
Epoch   47/50, time: 168.39 s, val_loss: 0.518
Epoch   48/50, time: 133.34 s, training_loss: 0.345
Epoch   48/50, time: 168.34 s, val_loss: 0.534
Epoch   49/50, time: 133.46 s, training_loss: 0.335
Epoch   49/50, time: 168.62 s, val_loss: 0.534
Epoch   50/50, time: 134.47 s, training_loss: 0.326
Epoch   50/50, time: 169.40 s, val_loss: 0.536
Training with paramaeters:  (128, 0.0001, 'bce_loss')
Epoch    1/50, time: 140.09 s, training_loss: 0.619
Epoch    1/50, time: 206.21 s, val_loss: 0.675
Epoch    2/50, time: 138.86 s, training_loss: 0.505
Epoch    2/50, time: 203.87 s, val_loss: 0.599
Epoch    3/50, time: 140.07 s, training_loss: 0.447
Epoch    3/50, time: 207.01 s, val_loss: 0.492
Epoch    4/50, time: 138.47 s, training_loss: 0.406
Epoch    4/50, time: 204.98 s, val_loss: 0.420
Epoch    5/50, time: 137.61 s, training_loss: 0.376
Epoch    5/50, time: 203.45 s, val_loss: 0.393
Epoch    6/50, time: 137.47 s, training_loss: 0.355
Epoch    6/50, time: 203.86 s, val_loss: 0.354
Epoch    7/50, time: 138.09 s, training_loss: 0.337
Epoch    7/50, time: 203.61 s, val_loss: 0.337
Epoch    8/50, time: 137.55 s, training_loss: 0.325
Epoch    8/50, time: 202.89 s, val_loss: 0.316
Epoch    9/50, time: 137.62 s, training_loss: 0.313
Epoch    9/50, time: 202.83 s, val_loss: 0.304
Epoch   10/50, time: 137.84 s, training_loss: 0.301
Epoch   10/50, time: 205.17 s, val_loss: 0.312
Epoch   11/50, time: 138.01 s, training_loss: 0.300
Epoch   11/50, time: 203.40 s, val_loss: 0.322
Epoch   12/50, time: 139.29 s, training_loss: 0.300
Epoch   12/50, time: 212.03 s, val_loss: 0.308
Epoch   13/50, time: 147.21 s, training_loss: 0.296
Epoch   13/50, time: 217.24 s, val_loss: 0.300
Epoch   14/50, time: 142.43 s, training_loss: 0.285
Epoch   14/50, time: 208.90 s, val_loss: 0.286
Epoch   15/50, time: 141.23 s, training_loss: 0.277
Epoch   15/50, time: 206.89 s, val_loss: 0.283
Epoch   16/50, time: 138.79 s, training_loss: 0.271
Epoch   16/50, time: 203.05 s, val_loss: 0.284
Epoch   17/50, time: 138.32 s, training_loss: 0.266
Epoch   17/50, time: 203.33 s, val_loss: 0.257
Epoch   18/50, time: 138.50 s, training_loss: 0.263
Epoch   18/50, time: 202.97 s, val_loss: 0.274
Epoch   19/50, time: 139.30 s, training_loss: 0.259
Epoch   19/50, time: 205.06 s, val_loss: 0.254
Epoch   20/50, time: 139.05 s, training_loss: 0.256
Epoch   20/50, time: 204.71 s, val_loss: 0.260
Epoch   21/50, time: 137.90 s, training_loss: 0.253
Epoch   21/50, time: 203.22 s, val_loss: 0.260
Epoch   22/50, time: 138.93 s, training_loss: 0.248
Epoch   22/50, time: 208.08 s, val_loss: 0.247
Epoch   23/50, time: 140.69 s, training_loss: 0.248
Epoch   23/50, time: 207.37 s, val_loss: 0.252
Epoch   24/50, time: 140.89 s, training_loss: 0.246
Epoch   24/50, time: 207.66 s, val_loss: 0.256
Epoch   25/50, time: 140.70 s, training_loss: 0.248
Epoch   25/50, time: 206.65 s, val_loss: 0.243
Epoch   26/50, time: 139.77 s, training_loss: 0.247
Epoch   26/50, time: 205.36 s, val_loss: 0.242
Epoch   27/50, time: 140.34 s, training_loss: 0.242
Epoch   27/50, time: 206.65 s, val_loss: 0.246
Epoch   28/50, time: 139.51 s, training_loss: 0.239
Epoch   28/50, time: 205.37 s, val_loss: 0.237
Epoch   29/50, time: 140.05 s, training_loss: 0.236
Epoch   29/50, time: 205.54 s, val_loss: 0.245
Epoch   30/50, time: 139.25 s, training_loss: 0.234
Epoch   30/50, time: 205.30 s, val_loss: 0.233
Epoch   31/50, time: 139.96 s, training_loss: 0.231
Epoch   31/50, time: 205.81 s, val_loss: 0.234
Epoch   32/50, time: 139.51 s, training_loss: 0.228
Epoch   32/50, time: 205.17 s, val_loss: 0.217
Epoch   33/50, time: 141.47 s, training_loss: 0.226
Epoch   33/50, time: 206.59 s, val_loss: 0.229
Epoch   34/50, time: 139.10 s, training_loss: 0.225
Epoch   34/50, time: 204.75 s, val_loss: 0.234
Epoch   35/50, time: 139.42 s, training_loss: 0.226
Epoch   35/50, time: 205.87 s, val_loss: 0.222
Epoch   36/50, time: 140.58 s, training_loss: 0.224
Epoch   36/50, time: 206.45 s, val_loss: 0.224
Epoch   37/50, time: 139.71 s, training_loss: 0.220
Epoch   37/50, time: 205.16 s, val_loss: 0.221
Epoch   38/50, time: 139.69 s, training_loss: 0.218
Epoch   38/50, time: 205.26 s, val_loss: 0.216
Epoch   39/50, time: 139.50 s, training_loss: 0.215
Epoch   39/50, time: 204.81 s, val_loss: 0.217
Epoch   40/50, time: 140.04 s, training_loss: 0.213
Epoch   40/50, time: 207.11 s, val_loss: 0.216
Epoch   41/50, time: 142.96 s, training_loss: 0.212
Epoch   41/50, time: 208.29 s, val_loss: 0.214
Epoch   42/50, time: 141.45 s, training_loss: 0.210
Epoch   42/50, time: 207.04 s, val_loss: 0.212
Epoch   43/50, time: 141.16 s, training_loss: 0.210
Epoch   43/50, time: 206.74 s, val_loss: 0.219
Epoch   44/50, time: 139.38 s, training_loss: 0.208
Epoch   44/50, time: 204.33 s, val_loss: 0.199
Epoch   45/50, time: 139.12 s, training_loss: 0.206
Epoch   45/50, time: 205.31 s, val_loss: 0.206
Epoch   46/50, time: 139.87 s, training_loss: 0.205
Epoch   46/50, time: 206.70 s, val_loss: 0.203
Epoch   47/50, time: 143.75 s, training_loss: 0.203
Epoch   47/50, time: 210.53 s, val_loss: 0.200
Epoch   48/50, time: 139.58 s, training_loss: 0.202
Epoch   48/50, time: 205.77 s, val_loss: 0.205
Epoch   49/50, time: 139.71 s, training_loss: 0.203
Epoch   49/50, time: 205.33 s, val_loss: 0.204
Epoch   50/50, time: 138.05 s, training_loss: 0.202
Epoch   50/50, time: 204.35 s, val_loss: 0.206
Training with paramaeters:  (128, 0.0001, 'dice_loss')
Epoch    1/50, time: 139.83 s, training_loss: 0.894
Epoch    1/50, time: 205.71 s, val_loss: 0.937
Epoch    2/50, time: 139.60 s, training_loss: 0.845
Epoch    2/50, time: 204.64 s, val_loss: 0.933
Epoch    3/50, time: 139.39 s, training_loss: 0.826
Epoch    3/50, time: 204.93 s, val_loss: 0.909
Epoch    4/50, time: 140.18 s, training_loss: 0.805
Epoch    4/50, time: 205.52 s, val_loss: 0.851
Epoch    5/50, time: 138.60 s, training_loss: 0.792
Epoch    5/50, time: 203.31 s, val_loss: 0.798
Epoch    6/50, time: 140.11 s, training_loss: 0.783
Epoch    6/50, time: 205.12 s, val_loss: 0.763
Epoch    7/50, time: 139.48 s, training_loss: 0.776
Epoch    7/50, time: 205.21 s, val_loss: 0.754
Epoch    8/50, time: 142.23 s, training_loss: 0.764
Epoch    8/50, time: 207.45 s, val_loss: 0.753
Epoch    9/50, time: 139.79 s, training_loss: 0.755
Epoch    9/50, time: 204.81 s, val_loss: 0.779
Epoch   10/50, time: 140.02 s, training_loss: 0.744
Epoch   10/50, time: 205.71 s, val_loss: 0.782
Epoch   11/50, time: 141.49 s, training_loss: 0.738
Epoch   11/50, time: 206.88 s, val_loss: 0.756
Epoch   12/50, time: 138.66 s, training_loss: 0.729
Epoch   12/50, time: 204.56 s, val_loss: 0.730
Epoch   13/50, time: 138.87 s, training_loss: 0.726
Epoch   13/50, time: 204.48 s, val_loss: 0.720
Epoch   14/50, time: 138.72 s, training_loss: 0.718
Epoch   14/50, time: 204.21 s, val_loss: 0.721
Epoch   15/50, time: 139.30 s, training_loss: 0.714
Epoch   15/50, time: 204.53 s, val_loss: 0.715
Epoch   16/50, time: 140.96 s, training_loss: 0.709
Epoch   16/50, time: 207.09 s, val_loss: 0.691
Epoch   17/50, time: 139.91 s, training_loss: 0.704
Epoch   17/50, time: 205.18 s, val_loss: 0.704
Epoch   18/50, time: 138.57 s, training_loss: 0.702
Epoch   18/50, time: 204.33 s, val_loss: 0.690
Epoch   19/50, time: 139.29 s, training_loss: 0.698
Epoch   19/50, time: 206.11 s, val_loss: 0.714
Epoch   20/50, time: 140.04 s, training_loss: 0.694
Epoch   20/50, time: 205.50 s, val_loss: 0.675
Epoch   21/50, time: 139.65 s, training_loss: 0.690
Epoch   21/50, time: 205.51 s, val_loss: 0.706
Epoch   22/50, time: 139.32 s, training_loss: 0.686
Epoch   22/50, time: 205.00 s, val_loss: 0.711
Epoch   23/50, time: 139.82 s, training_loss: 0.683
Epoch   23/50, time: 205.60 s, val_loss: 0.712
Epoch   24/50, time: 139.15 s, training_loss: 0.685
Epoch   24/50, time: 205.31 s, val_loss: 0.673
Epoch   25/50, time: 138.73 s, training_loss: 0.676
Epoch   25/50, time: 203.96 s, val_loss: 0.683
Epoch   26/50, time: 138.99 s, training_loss: 0.675
Epoch   26/50, time: 204.29 s, val_loss: 0.682
Epoch   27/50, time: 139.20 s, training_loss: 0.672
Epoch   27/50, time: 204.41 s, val_loss: 0.676
Epoch   28/50, time: 139.80 s, training_loss: 0.670
Epoch   28/50, time: 205.26 s, val_loss: 0.663
Epoch   29/50, time: 140.89 s, training_loss: 0.668
Epoch   29/50, time: 207.41 s, val_loss: 0.654
Epoch   30/50, time: 140.75 s, training_loss: 0.663
Epoch   30/50, time: 206.21 s, val_loss: 0.680
Epoch   31/50, time: 139.83 s, training_loss: 0.661
Epoch   31/50, time: 205.51 s, val_loss: 0.654
Epoch   32/50, time: 140.56 s, training_loss: 0.656
Epoch   32/50, time: 205.95 s, val_loss: 0.659
Epoch   33/50, time: 139.20 s, training_loss: 0.657
Epoch   33/50, time: 205.38 s, val_loss: 0.676
Epoch   34/50, time: 139.33 s, training_loss: 0.647
Epoch   34/50, time: 204.95 s, val_loss: 0.652
Epoch   35/50, time: 139.81 s, training_loss: 0.646
Epoch   35/50, time: 205.97 s, val_loss: 0.644
Epoch   36/50, time: 139.88 s, training_loss: 0.645
Epoch   36/50, time: 206.15 s, val_loss: 0.635
Epoch   37/50, time: 139.88 s, training_loss: 0.641
Epoch   37/50, time: 205.31 s, val_loss: 0.652
Epoch   38/50, time: 139.53 s, training_loss: 0.634
Epoch   38/50, time: 205.87 s, val_loss: 0.648
Epoch   39/50, time: 140.53 s, training_loss: 0.630
Epoch   39/50, time: 205.67 s, val_loss: 0.649
Epoch   40/50, time: 139.91 s, training_loss: 0.630
Epoch   40/50, time: 205.46 s, val_loss: 0.629
Epoch   41/50, time: 140.72 s, training_loss: 0.629
Epoch   41/50, time: 206.41 s, val_loss: 0.661
Epoch   42/50, time: 142.75 s, training_loss: 0.623
Epoch   42/50, time: 209.24 s, val_loss: 0.642
Epoch   43/50, time: 141.84 s, training_loss: 0.619
Epoch   43/50, time: 207.66 s, val_loss: 0.634
Epoch   44/50, time: 139.56 s, training_loss: 0.614
Epoch   44/50, time: 205.17 s, val_loss: 0.627
Epoch   45/50, time: 139.89 s, training_loss: 0.608
Epoch   45/50, time: 205.32 s, val_loss: 0.630
Epoch   46/50, time: 139.74 s, training_loss: 0.612
Epoch   46/50, time: 205.03 s, val_loss: 0.617
Epoch   47/50, time: 139.56 s, training_loss: 0.607
Epoch   47/50, time: 204.90 s, val_loss: 0.624
Epoch   48/50, time: 142.02 s, training_loss: 0.606
Epoch   48/50, time: 209.18 s, val_loss: 0.626
Epoch   49/50, time: 140.17 s, training_loss: 0.602
Epoch   49/50, time: 205.47 s, val_loss: 0.615
Epoch   50/50, time: 140.53 s, training_loss: 0.598
Epoch   50/50, time: 209.98 s, val_loss: 0.626

Results sorted by validation loss:
Params: (32, 0.0001, 'bce_loss') | Lowest val Loss: inf at epoch 0
Params: (32, 0.0001, 'dice_loss') | Lowest val Loss: inf at epoch 0
Params: (64, 0.0001, 'bce_loss') | Lowest val Loss: inf at epoch 0
Params: (64, 0.0001, 'dice_loss') | Lowest val Loss: inf at epoch 0
Params: (128, 0.0001, 'bce_loss') | Lowest val Loss: inf at epoch 0
Params: (128, 0.0001, 'dice_loss') | Lowest val Loss: inf at epoch 0
