Using device: cuda
Configuration
data:
  path: /scratch/phys/sin/sethih1/data_files/planar_molecules_256
  split_by_id: 0
log_path: /scratch/phys/sin/sethih1/runs_ters/planar_256/config11/
model:
  att_channels: 64
  filters:
  - 16
  - 32
  - 64
  - 128
  in_channels: 400
  kernel_size:
  - 3
  - 3
  - 3
  - 3
  out_channels: 4
  type: AttentionUNet
save_path: /scratch/phys/sin/sethih1/models/planar_256/config11/
training:
  batch_sizes:
  - 32
  - 64
  - 128
  epochs: 50
  learning_rates:
  - 0.0001
  loss_functions:
  - bce_loss
  - dice_loss

Data Loaded
Data loaded
Training with paramaeters:  (32, 0.0001, 'bce_loss')
Epoch    1/50, time: 121.03 s, training_loss: 0.618
Epoch    1/50, time: 140.48 s, val_loss: 0.594
Epoch    2/50, time: 119.18 s, training_loss: 0.530
Epoch    2/50, time: 138.52 s, val_loss: 0.512
Epoch    3/50, time: 121.46 s, training_loss: 0.490
Epoch    3/50, time: 140.94 s, val_loss: 0.482
Epoch    4/50, time: 118.90 s, training_loss: 0.467
Epoch    4/50, time: 138.03 s, val_loss: 0.458
Epoch    5/50, time: 120.46 s, training_loss: 0.448
Epoch    5/50, time: 139.70 s, val_loss: 0.443
Epoch    6/50, time: 119.29 s, training_loss: 0.434
Epoch    6/50, time: 138.23 s, val_loss: 0.424
Epoch    7/50, time: 121.42 s, training_loss: 0.422
Epoch    7/50, time: 140.66 s, val_loss: 0.415
Epoch    8/50, time: 120.10 s, training_loss: 0.410
Epoch    8/50, time: 139.32 s, val_loss: 0.403
Epoch    9/50, time: 119.59 s, training_loss: 0.401
Epoch    9/50, time: 138.91 s, val_loss: 0.397
Epoch   10/50, time: 120.07 s, training_loss: 0.389
Epoch   10/50, time: 139.06 s, val_loss: 0.385
Epoch   11/50, time: 121.56 s, training_loss: 0.384
Epoch   11/50, time: 140.79 s, val_loss: 0.369
Epoch   12/50, time: 121.79 s, training_loss: 0.370
Epoch   12/50, time: 141.10 s, val_loss: 0.368
Epoch   13/50, time: 120.08 s, training_loss: 0.358
Epoch   13/50, time: 139.66 s, val_loss: 0.356
Epoch   14/50, time: 119.87 s, training_loss: 0.347
Epoch   14/50, time: 138.95 s, val_loss: 0.345
Epoch   15/50, time: 119.33 s, training_loss: 0.337
Epoch   15/50, time: 138.65 s, val_loss: 0.330
Epoch   16/50, time: 120.12 s, training_loss: 0.326
Epoch   16/50, time: 139.53 s, val_loss: 0.321
Epoch   17/50, time: 119.65 s, training_loss: 0.315
Epoch   17/50, time: 139.02 s, val_loss: 0.310
Epoch   18/50, time: 120.41 s, training_loss: 0.305
Epoch   18/50, time: 139.80 s, val_loss: 0.300
Epoch   19/50, time: 120.90 s, training_loss: 0.296
Epoch   19/50, time: 140.19 s, val_loss: 0.301
Epoch   20/50, time: 120.17 s, training_loss: 0.288
Epoch   20/50, time: 139.28 s, val_loss: 0.281
Epoch   21/50, time: 120.15 s, training_loss: 0.278
Epoch   21/50, time: 139.50 s, val_loss: 0.277
Epoch   22/50, time: 120.36 s, training_loss: 0.270
Epoch   22/50, time: 139.46 s, val_loss: 0.266
Epoch   23/50, time: 120.57 s, training_loss: 0.261
Epoch   23/50, time: 139.57 s, val_loss: 0.257
Epoch   24/50, time: 120.91 s, training_loss: 0.253
Epoch   24/50, time: 140.29 s, val_loss: 0.250
Epoch   25/50, time: 120.55 s, training_loss: 0.245
Epoch   25/50, time: 139.54 s, val_loss: 0.241
Epoch   26/50, time: 119.63 s, training_loss: 0.238
Epoch   26/50, time: 138.68 s, val_loss: 0.237
Epoch   27/50, time: 121.52 s, training_loss: 0.231
Epoch   27/50, time: 141.10 s, val_loss: 0.228
Epoch   28/50, time: 122.12 s, training_loss: 0.223
Epoch   28/50, time: 142.34 s, val_loss: 0.224
Epoch   29/50, time: 123.02 s, training_loss: 0.216
Epoch   29/50, time: 142.21 s, val_loss: 0.214
Epoch   30/50, time: 119.67 s, training_loss: 0.208
Epoch   30/50, time: 139.13 s, val_loss: 0.206
Epoch   31/50, time: 120.12 s, training_loss: 0.201
Epoch   31/50, time: 139.34 s, val_loss: 0.200
Epoch   32/50, time: 119.78 s, training_loss: 0.194
Epoch   32/50, time: 139.17 s, val_loss: 0.193
Epoch   33/50, time: 120.49 s, training_loss: 0.187
Epoch   33/50, time: 139.77 s, val_loss: 0.185
Epoch   34/50, time: 119.95 s, training_loss: 0.180
Epoch   34/50, time: 139.29 s, val_loss: 0.179
Epoch   35/50, time: 122.07 s, training_loss: 0.174
Epoch   35/50, time: 141.20 s, val_loss: 0.177
Epoch   36/50, time: 120.74 s, training_loss: 0.169
Epoch   36/50, time: 139.80 s, val_loss: 0.167
Epoch   37/50, time: 120.47 s, training_loss: 0.163
Epoch   37/50, time: 139.87 s, val_loss: 0.162
Epoch   38/50, time: 120.90 s, training_loss: 0.158
Epoch   38/50, time: 140.41 s, val_loss: 0.156
Epoch   39/50, time: 120.64 s, training_loss: 0.153
Epoch   39/50, time: 139.69 s, val_loss: 0.151
Epoch   40/50, time: 118.96 s, training_loss: 0.148
Epoch   40/50, time: 138.37 s, val_loss: 0.148
Epoch   41/50, time: 120.43 s, training_loss: 0.143
Epoch   41/50, time: 139.63 s, val_loss: 0.143
Epoch   42/50, time: 119.75 s, training_loss: 0.139
Epoch   42/50, time: 139.04 s, val_loss: 0.142
Epoch   43/50, time: 121.01 s, training_loss: 0.134
Epoch   43/50, time: 140.35 s, val_loss: 0.132
Epoch   44/50, time: 120.22 s, training_loss: 0.130
Epoch   44/50, time: 139.61 s, val_loss: 0.130
Epoch   45/50, time: 120.65 s, training_loss: 0.126
Epoch   45/50, time: 140.18 s, val_loss: 0.125
Epoch   46/50, time: 121.73 s, training_loss: 0.122
Epoch   46/50, time: 141.17 s, val_loss: 0.124
Epoch   47/50, time: 121.47 s, training_loss: 0.119
Epoch   47/50, time: 140.66 s, val_loss: 0.116
Epoch   48/50, time: 119.48 s, training_loss: 0.115
Epoch   48/50, time: 138.58 s, val_loss: 0.116
Epoch   49/50, time: 120.34 s, training_loss: 0.112
Epoch   49/50, time: 139.64 s, val_loss: 0.112
Epoch   50/50, time: 120.60 s, training_loss: 0.108
Epoch   50/50, time: 139.67 s, val_loss: 0.107
Training with paramaeters:  (32, 0.0001, 'dice_loss')
Epoch    1/50, time: 119.87 s, training_loss: 0.969
Epoch    1/50, time: 139.30 s, val_loss: 0.977
Epoch    2/50, time: 121.13 s, training_loss: 0.961
Epoch    2/50, time: 140.04 s, val_loss: 0.957
Epoch    3/50, time: 120.06 s, training_loss: 0.957
Epoch    3/50, time: 139.58 s, val_loss: 0.955
Epoch    4/50, time: 119.65 s, training_loss: 0.953
Epoch    4/50, time: 139.04 s, val_loss: 0.951
Epoch    5/50, time: 121.19 s, training_loss: 0.950
Epoch    5/50, time: 140.49 s, val_loss: 0.946
Epoch    6/50, time: 119.37 s, training_loss: 0.946
Epoch    6/50, time: 138.83 s, val_loss: 0.943
Epoch    7/50, time: 120.51 s, training_loss: 0.942
Epoch    7/50, time: 139.57 s, val_loss: 0.940
Epoch    8/50, time: 121.19 s, training_loss: 0.937
Epoch    8/50, time: 140.43 s, val_loss: 0.933
Epoch    9/50, time: 120.62 s, training_loss: 0.932
Epoch    9/50, time: 140.06 s, val_loss: 0.939
Epoch   10/50, time: 120.31 s, training_loss: 0.926
Epoch   10/50, time: 139.57 s, val_loss: 0.931
Epoch   11/50, time: 121.23 s, training_loss: 0.919
Epoch   11/50, time: 140.44 s, val_loss: 0.928
Epoch   12/50, time: 119.35 s, training_loss: 0.913
Epoch   12/50, time: 138.78 s, val_loss: 0.939
Epoch   13/50, time: 121.53 s, training_loss: 0.904
Epoch   13/50, time: 140.78 s, val_loss: 0.910
Epoch   14/50, time: 121.41 s, training_loss: 0.897
Epoch   14/50, time: 140.42 s, val_loss: 0.907
Epoch   15/50, time: 119.67 s, training_loss: 0.889
Epoch   15/50, time: 138.79 s, val_loss: 0.886
Epoch   16/50, time: 120.30 s, training_loss: 0.878
Epoch   16/50, time: 139.78 s, val_loss: 0.908
Epoch   17/50, time: 121.03 s, training_loss: 0.863
Epoch   17/50, time: 140.27 s, val_loss: 0.892
Epoch   18/50, time: 119.29 s, training_loss: 0.848
Epoch   18/50, time: 138.73 s, val_loss: 0.878
Epoch   19/50, time: 120.48 s, training_loss: 0.827
Epoch   19/50, time: 139.80 s, val_loss: 0.834
Epoch   20/50, time: 119.69 s, training_loss: 0.805
Epoch   20/50, time: 139.07 s, val_loss: 0.832
Epoch   21/50, time: 120.54 s, training_loss: 0.797
Epoch   21/50, time: 139.81 s, val_loss: 0.861
Epoch   22/50, time: 120.88 s, training_loss: 0.778
Epoch   22/50, time: 140.22 s, val_loss: 0.786
Epoch   23/50, time: 120.11 s, training_loss: 0.752
Epoch   23/50, time: 139.33 s, val_loss: 0.789
Epoch   24/50, time: 120.00 s, training_loss: 0.730
Epoch   24/50, time: 139.32 s, val_loss: 0.846
Epoch   25/50, time: 120.98 s, training_loss: 0.717
Epoch   25/50, time: 140.12 s, val_loss: 0.777
Epoch   26/50, time: 121.30 s, training_loss: 0.700
Epoch   26/50, time: 140.85 s, val_loss: 0.797
Epoch   27/50, time: 119.71 s, training_loss: 0.684
Epoch   27/50, time: 139.00 s, val_loss: 0.758
Epoch   28/50, time: 118.76 s, training_loss: 0.669
Epoch   28/50, time: 138.17 s, val_loss: 0.763
Epoch   29/50, time: 119.83 s, training_loss: 0.665
Epoch   29/50, time: 138.78 s, val_loss: 0.828
Epoch   30/50, time: 121.69 s, training_loss: 0.646
Epoch   30/50, time: 140.85 s, val_loss: 0.742
Epoch   31/50, time: 119.95 s, training_loss: 0.637
Epoch   31/50, time: 139.15 s, val_loss: 0.771
Epoch   32/50, time: 121.14 s, training_loss: 0.615
Epoch   32/50, time: 140.44 s, val_loss: 0.748
Epoch   33/50, time: 119.98 s, training_loss: 0.604
Epoch   33/50, time: 139.37 s, val_loss: 0.738
Epoch   34/50, time: 119.76 s, training_loss: 0.599
Epoch   34/50, time: 139.17 s, val_loss: 0.723
Epoch   35/50, time: 119.66 s, training_loss: 0.585
Epoch   35/50, time: 139.26 s, val_loss: 0.679
Epoch   36/50, time: 120.34 s, training_loss: 0.576
Epoch   36/50, time: 139.53 s, val_loss: 0.703
Epoch   37/50, time: 120.19 s, training_loss: 0.567
Epoch   37/50, time: 139.46 s, val_loss: 0.713
Epoch   38/50, time: 120.58 s, training_loss: 0.545
Epoch   38/50, time: 139.99 s, val_loss: 0.729
Epoch   39/50, time: 120.69 s, training_loss: 0.544
Epoch   39/50, time: 140.09 s, val_loss: 0.666
Epoch   40/50, time: 121.14 s, training_loss: 0.539
Epoch   40/50, time: 140.79 s, val_loss: 0.662
Epoch   41/50, time: 120.33 s, training_loss: 0.526
Epoch   41/50, time: 139.86 s, val_loss: 0.742
Epoch   42/50, time: 120.55 s, training_loss: 0.519
Epoch   42/50, time: 140.00 s, val_loss: 0.669
Epoch   43/50, time: 120.82 s, training_loss: 0.517
Epoch   43/50, time: 140.22 s, val_loss: 0.693
Epoch   44/50, time: 121.38 s, training_loss: 0.505
Epoch   44/50, time: 140.77 s, val_loss: 0.729
Epoch   45/50, time: 119.74 s, training_loss: 0.499
Epoch   45/50, time: 138.85 s, val_loss: 0.624
Epoch   46/50, time: 119.86 s, training_loss: 0.492
Epoch   46/50, time: 139.34 s, val_loss: 0.620
Epoch   47/50, time: 120.83 s, training_loss: 0.482
Epoch   47/50, time: 140.30 s, val_loss: 0.611
Epoch   48/50, time: 121.10 s, training_loss: 0.482
Epoch   48/50, time: 140.52 s, val_loss: 0.669
Epoch   49/50, time: 121.51 s, training_loss: 0.471
Epoch   49/50, time: 140.62 s, val_loss: 0.703
Epoch   50/50, time: 120.93 s, training_loss: 0.466
Epoch   50/50, time: 140.48 s, val_loss: 0.682
Training with paramaeters:  (64, 0.0001, 'bce_loss')
Epoch    1/50, time: 133.22 s, training_loss: 0.804
Epoch    1/50, time: 168.66 s, val_loss: 0.739
Epoch    2/50, time: 133.92 s, training_loss: 0.718
Epoch    2/50, time: 168.94 s, val_loss: 0.698
Epoch    3/50, time: 132.65 s, training_loss: 0.653
Epoch    3/50, time: 168.43 s, val_loss: 0.668
Epoch    4/50, time: 132.47 s, training_loss: 0.612
Epoch    4/50, time: 168.17 s, val_loss: 0.597
Epoch    5/50, time: 130.32 s, training_loss: 0.576
Epoch    5/50, time: 165.23 s, val_loss: 0.578
Epoch    6/50, time: 133.50 s, training_loss: 0.558
Epoch    6/50, time: 168.60 s, val_loss: 0.569
Epoch    7/50, time: 132.02 s, training_loss: 0.545
Epoch    7/50, time: 167.22 s, val_loss: 0.559
Epoch    8/50, time: 132.39 s, training_loss: 0.536
Epoch    8/50, time: 167.39 s, val_loss: 0.528
Epoch    9/50, time: 131.58 s, training_loss: 0.524
Epoch    9/50, time: 166.78 s, val_loss: 0.536
Epoch   10/50, time: 131.30 s, training_loss: 0.523
Epoch   10/50, time: 166.97 s, val_loss: 0.516
Epoch   11/50, time: 131.15 s, training_loss: 0.507
Epoch   11/50, time: 166.60 s, val_loss: 0.514
Epoch   12/50, time: 133.36 s, training_loss: 0.501
Epoch   12/50, time: 168.54 s, val_loss: 0.491
Epoch   13/50, time: 132.56 s, training_loss: 0.500
Epoch   13/50, time: 168.12 s, val_loss: 0.522
Epoch   14/50, time: 131.37 s, training_loss: 0.500
Epoch   14/50, time: 167.07 s, val_loss: 0.497
Epoch   15/50, time: 131.97 s, training_loss: 0.485
Epoch   15/50, time: 167.39 s, val_loss: 0.488
Epoch   16/50, time: 132.48 s, training_loss: 0.473
Epoch   16/50, time: 168.30 s, val_loss: 0.470
Epoch   17/50, time: 131.48 s, training_loss: 0.464
Epoch   17/50, time: 167.20 s, val_loss: 0.478
Epoch   18/50, time: 132.05 s, training_loss: 0.459
Epoch   18/50, time: 167.83 s, val_loss: 0.450
Epoch   19/50, time: 131.89 s, training_loss: 0.449
Epoch   19/50, time: 167.37 s, val_loss: 0.445
Epoch   20/50, time: 131.33 s, training_loss: 0.442
Epoch   20/50, time: 166.25 s, val_loss: 0.438
Epoch   21/50, time: 133.10 s, training_loss: 0.436
Epoch   21/50, time: 168.48 s, val_loss: 0.430
Epoch   22/50, time: 131.18 s, training_loss: 0.428
Epoch   22/50, time: 166.32 s, val_loss: 0.424
Epoch   23/50, time: 132.03 s, training_loss: 0.423
Epoch   23/50, time: 167.81 s, val_loss: 0.432
Epoch   24/50, time: 132.69 s, training_loss: 0.419
Epoch   24/50, time: 168.72 s, val_loss: 0.413
Epoch   25/50, time: 132.52 s, training_loss: 0.411
Epoch   25/50, time: 167.73 s, val_loss: 0.408
Epoch   26/50, time: 133.55 s, training_loss: 0.405
Epoch   26/50, time: 169.10 s, val_loss: 0.403
Epoch   27/50, time: 130.85 s, training_loss: 0.399
Epoch   27/50, time: 166.70 s, val_loss: 0.395
Epoch   28/50, time: 132.42 s, training_loss: 0.393
Epoch   28/50, time: 168.11 s, val_loss: 0.391
Epoch   29/50, time: 132.54 s, training_loss: 0.388
Epoch   29/50, time: 168.52 s, val_loss: 0.383
Epoch   30/50, time: 132.53 s, training_loss: 0.382
Epoch   30/50, time: 167.98 s, val_loss: 0.379
Epoch   31/50, time: 132.18 s, training_loss: 0.377
Epoch   31/50, time: 167.38 s, val_loss: 0.377
Epoch   32/50, time: 132.89 s, training_loss: 0.377
Epoch   32/50, time: 167.82 s, val_loss: 0.372
Epoch   33/50, time: 130.18 s, training_loss: 0.370
Epoch   33/50, time: 165.69 s, val_loss: 0.365
Epoch   34/50, time: 132.04 s, training_loss: 0.363
Epoch   34/50, time: 166.88 s, val_loss: 0.361
Epoch   35/50, time: 131.46 s, training_loss: 0.356
Epoch   35/50, time: 166.77 s, val_loss: 0.358
Epoch   36/50, time: 131.35 s, training_loss: 0.351
Epoch   36/50, time: 166.58 s, val_loss: 0.348
Epoch   37/50, time: 133.13 s, training_loss: 0.346
Epoch   37/50, time: 168.57 s, val_loss: 0.342
Epoch   38/50, time: 133.06 s, training_loss: 0.341
Epoch   38/50, time: 168.18 s, val_loss: 0.340
Epoch   39/50, time: 132.28 s, training_loss: 0.336
Epoch   39/50, time: 167.94 s, val_loss: 0.336
Epoch   40/50, time: 133.32 s, training_loss: 0.331
Epoch   40/50, time: 169.15 s, val_loss: 0.329
Epoch   41/50, time: 134.03 s, training_loss: 0.326
Epoch   41/50, time: 168.80 s, val_loss: 0.324
Epoch   42/50, time: 133.28 s, training_loss: 0.322
Epoch   42/50, time: 168.34 s, val_loss: 0.320
Epoch   43/50, time: 130.85 s, training_loss: 0.318
Epoch   43/50, time: 166.12 s, val_loss: 0.318
Epoch   44/50, time: 131.49 s, training_loss: 0.313
Epoch   44/50, time: 166.79 s, val_loss: 0.313
Epoch   45/50, time: 132.01 s, training_loss: 0.308
Epoch   45/50, time: 166.98 s, val_loss: 0.308
Epoch   46/50, time: 132.03 s, training_loss: 0.304
Epoch   46/50, time: 167.76 s, val_loss: 0.303
Epoch   47/50, time: 133.34 s, training_loss: 0.299
Epoch   47/50, time: 168.87 s, val_loss: 0.298
Epoch   48/50, time: 131.21 s, training_loss: 0.295
Epoch   48/50, time: 166.97 s, val_loss: 0.294
Epoch   49/50, time: 132.43 s, training_loss: 0.290
Epoch   49/50, time: 167.78 s, val_loss: 0.290
Epoch   50/50, time: 131.74 s, training_loss: 0.286
Epoch   50/50, time: 167.62 s, val_loss: 0.284
Training with paramaeters:  (64, 0.0001, 'dice_loss')
Epoch    1/50, time: 132.90 s, training_loss: 0.970
Epoch    1/50, time: 168.45 s, val_loss: 0.981
Epoch    2/50, time: 132.61 s, training_loss: 0.964
Epoch    2/50, time: 168.29 s, val_loss: 0.974
Epoch    3/50, time: 132.58 s, training_loss: 0.961
Epoch    3/50, time: 167.81 s, val_loss: 0.959
Epoch    4/50, time: 133.82 s, training_loss: 0.959
Epoch    4/50, time: 169.62 s, val_loss: 0.957
Epoch    5/50, time: 131.32 s, training_loss: 0.957
Epoch    5/50, time: 166.63 s, val_loss: 0.951
Epoch    6/50, time: 132.91 s, training_loss: 0.955
Epoch    6/50, time: 168.57 s, val_loss: 0.955
Epoch    7/50, time: 131.16 s, training_loss: 0.953
Epoch    7/50, time: 166.77 s, val_loss: 0.949
Epoch    8/50, time: 132.70 s, training_loss: 0.952
Epoch    8/50, time: 168.17 s, val_loss: 0.947
Epoch    9/50, time: 131.78 s, training_loss: 0.950
Epoch    9/50, time: 167.49 s, val_loss: 0.944
Epoch   10/50, time: 134.31 s, training_loss: 0.948
Epoch   10/50, time: 169.18 s, val_loss: 0.949
Epoch   11/50, time: 132.29 s, training_loss: 0.947
Epoch   11/50, time: 167.79 s, val_loss: 0.955
Epoch   12/50, time: 133.68 s, training_loss: 0.945
Epoch   12/50, time: 168.86 s, val_loss: 0.964
Epoch   13/50, time: 131.41 s, training_loss: 0.942
Epoch   13/50, time: 166.48 s, val_loss: 0.967
Epoch   14/50, time: 132.30 s, training_loss: 0.939
Epoch   14/50, time: 167.67 s, val_loss: 0.968
Epoch   15/50, time: 131.54 s, training_loss: 0.936
Epoch   15/50, time: 167.17 s, val_loss: 0.956
Epoch   16/50, time: 133.14 s, training_loss: 0.933
Epoch   16/50, time: 168.44 s, val_loss: 0.948
Epoch   17/50, time: 132.50 s, training_loss: 0.930
Epoch   17/50, time: 167.60 s, val_loss: 0.949
Epoch   18/50, time: 133.50 s, training_loss: 0.927
Epoch   18/50, time: 169.14 s, val_loss: 0.923
Epoch   19/50, time: 132.62 s, training_loss: 0.922
Epoch   19/50, time: 168.17 s, val_loss: 0.923
Epoch   20/50, time: 132.51 s, training_loss: 0.916
Epoch   20/50, time: 168.00 s, val_loss: 0.950
Epoch   21/50, time: 132.98 s, training_loss: 0.908
Epoch   21/50, time: 169.61 s, val_loss: 0.931
Epoch   22/50, time: 132.41 s, training_loss: 0.901
Epoch   22/50, time: 167.75 s, val_loss: 0.907
Epoch   23/50, time: 133.41 s, training_loss: 0.893
Epoch   23/50, time: 168.39 s, val_loss: 0.926
Epoch   24/50, time: 134.15 s, training_loss: 0.887
Epoch   24/50, time: 169.86 s, val_loss: 0.924
Epoch   25/50, time: 132.87 s, training_loss: 0.879
Epoch   25/50, time: 168.12 s, val_loss: 0.919
Epoch   26/50, time: 131.53 s, training_loss: 0.868
Epoch   26/50, time: 167.33 s, val_loss: 0.917
Epoch   27/50, time: 132.98 s, training_loss: 0.856
Epoch   27/50, time: 168.82 s, val_loss: 0.863
Epoch   28/50, time: 130.86 s, training_loss: 0.844
Epoch   28/50, time: 166.57 s, val_loss: 0.823
Epoch   29/50, time: 132.27 s, training_loss: 0.838
Epoch   29/50, time: 167.35 s, val_loss: 0.876
Epoch   30/50, time: 131.41 s, training_loss: 0.824
Epoch   30/50, time: 166.69 s, val_loss: 0.861
Epoch   31/50, time: 132.14 s, training_loss: 0.814
Epoch   31/50, time: 167.09 s, val_loss: 0.828
Epoch   32/50, time: 133.10 s, training_loss: 0.806
Epoch   32/50, time: 168.60 s, val_loss: 0.826
Epoch   33/50, time: 132.94 s, training_loss: 0.792
Epoch   33/50, time: 168.60 s, val_loss: 0.846
Epoch   34/50, time: 133.04 s, training_loss: 0.786
Epoch   34/50, time: 168.60 s, val_loss: 0.811
Epoch   35/50, time: 132.73 s, training_loss: 0.781
Epoch   35/50, time: 168.35 s, val_loss: 0.867
Epoch   36/50, time: 132.26 s, training_loss: 0.763
Epoch   36/50, time: 167.79 s, val_loss: 0.875
Epoch   37/50, time: 134.14 s, training_loss: 0.751
Epoch   37/50, time: 169.46 s, val_loss: 0.799
Epoch   38/50, time: 133.56 s, training_loss: 0.737
Epoch   38/50, time: 168.79 s, val_loss: 0.881
Epoch   39/50, time: 131.80 s, training_loss: 0.725
Epoch   39/50, time: 167.62 s, val_loss: 0.808
Epoch   40/50, time: 133.39 s, training_loss: 0.707
Epoch   40/50, time: 169.40 s, val_loss: 0.807
Epoch   41/50, time: 132.10 s, training_loss: 0.697
Epoch   41/50, time: 167.27 s, val_loss: 0.867
Epoch   42/50, time: 132.68 s, training_loss: 0.701
Epoch   42/50, time: 168.24 s, val_loss: 0.878
Epoch   43/50, time: 131.79 s, training_loss: 0.690
Epoch   43/50, time: 166.81 s, val_loss: 0.729
Epoch   44/50, time: 131.82 s, training_loss: 0.682
Epoch   44/50, time: 167.55 s, val_loss: 0.825
Epoch   45/50, time: 131.08 s, training_loss: 0.667
Epoch   45/50, time: 166.40 s, val_loss: 0.845
Epoch   46/50, time: 130.90 s, training_loss: 0.666
Epoch   46/50, time: 166.54 s, val_loss: 0.820
Epoch   47/50, time: 134.36 s, training_loss: 0.667
Epoch   47/50, time: 170.21 s, val_loss: 0.829
Epoch   48/50, time: 133.87 s, training_loss: 0.652
Epoch   48/50, time: 169.73 s, val_loss: 0.717
Epoch   49/50, time: 133.50 s, training_loss: 0.648
Epoch   49/50, time: 168.87 s, val_loss: 0.781
Epoch   50/50, time: 132.50 s, training_loss: 0.644
Epoch   50/50, time: 168.04 s, val_loss: 0.770
Training with paramaeters:  (128, 0.0001, 'bce_loss')
Epoch    1/50, time: 140.09 s, training_loss: 0.749
Epoch    1/50, time: 206.55 s, val_loss: 0.693
Epoch    2/50, time: 139.65 s, training_loss: 0.679
Epoch    2/50, time: 205.01 s, val_loss: 0.680
Epoch    3/50, time: 138.32 s, training_loss: 0.637
Epoch    3/50, time: 203.67 s, val_loss: 0.653
Epoch    4/50, time: 138.53 s, training_loss: 0.603
Epoch    4/50, time: 204.15 s, val_loss: 0.619
Epoch    5/50, time: 144.08 s, training_loss: 0.589
Epoch    5/50, time: 210.30 s, val_loss: 0.587
Epoch    6/50, time: 138.63 s, training_loss: 0.575
Epoch    6/50, time: 204.95 s, val_loss: 0.595
Epoch    7/50, time: 137.64 s, training_loss: 0.567
Epoch    7/50, time: 203.91 s, val_loss: 0.555
Epoch    8/50, time: 136.95 s, training_loss: 0.553
Epoch    8/50, time: 203.09 s, val_loss: 0.548
Epoch    9/50, time: 136.72 s, training_loss: 0.541
Epoch    9/50, time: 202.80 s, val_loss: 0.534
Epoch   10/50, time: 138.50 s, training_loss: 0.532
Epoch   10/50, time: 204.08 s, val_loss: 0.525
Epoch   11/50, time: 136.89 s, training_loss: 0.525
Epoch   11/50, time: 202.55 s, val_loss: 0.521
Epoch   12/50, time: 140.47 s, training_loss: 0.519
Epoch   12/50, time: 206.97 s, val_loss: 0.513
Epoch   13/50, time: 137.72 s, training_loss: 0.512
Epoch   13/50, time: 203.08 s, val_loss: 0.508
Epoch   14/50, time: 136.75 s, training_loss: 0.509
Epoch   14/50, time: 202.88 s, val_loss: 0.510
Epoch   15/50, time: 138.31 s, training_loss: 0.505
Epoch   15/50, time: 204.64 s, val_loss: 0.502
Epoch   16/50, time: 138.59 s, training_loss: 0.500
Epoch   16/50, time: 205.17 s, val_loss: 0.492
Epoch   17/50, time: 138.95 s, training_loss: 0.494
Epoch   17/50, time: 204.64 s, val_loss: 0.492
Epoch   18/50, time: 137.39 s, training_loss: 0.488
Epoch   18/50, time: 203.44 s, val_loss: 0.487
Epoch   19/50, time: 136.90 s, training_loss: 0.484
Epoch   19/50, time: 202.15 s, val_loss: 0.480
Epoch   20/50, time: 141.42 s, training_loss: 0.481
Epoch   20/50, time: 207.71 s, val_loss: 0.481
Epoch   21/50, time: 139.01 s, training_loss: 0.476
Epoch   21/50, time: 206.62 s, val_loss: 0.476
Epoch   22/50, time: 138.59 s, training_loss: 0.471
Epoch   22/50, time: 204.76 s, val_loss: 0.469
Epoch   23/50, time: 137.94 s, training_loss: 0.467
Epoch   23/50, time: 204.49 s, val_loss: 0.467
Epoch   24/50, time: 137.03 s, training_loss: 0.463
Epoch   24/50, time: 203.25 s, val_loss: 0.463
Epoch   25/50, time: 138.00 s, training_loss: 0.460
Epoch   25/50, time: 204.53 s, val_loss: 0.460
Epoch   26/50, time: 137.61 s, training_loss: 0.456
Epoch   26/50, time: 203.51 s, val_loss: 0.454
Epoch   27/50, time: 138.20 s, training_loss: 0.452
Epoch   27/50, time: 203.76 s, val_loss: 0.452
Epoch   28/50, time: 138.86 s, training_loss: 0.448
Epoch   28/50, time: 205.36 s, val_loss: 0.447
Epoch   29/50, time: 137.16 s, training_loss: 0.445
Epoch   29/50, time: 202.86 s, val_loss: 0.442
Epoch   30/50, time: 137.16 s, training_loss: 0.442
Epoch   30/50, time: 203.09 s, val_loss: 0.437
Epoch   31/50, time: 138.09 s, training_loss: 0.437
Epoch   31/50, time: 204.19 s, val_loss: 0.436
Epoch   32/50, time: 138.09 s, training_loss: 0.435
Epoch   32/50, time: 203.52 s, val_loss: 0.434
Epoch   33/50, time: 137.71 s, training_loss: 0.431
Epoch   33/50, time: 203.40 s, val_loss: 0.433
Epoch   34/50, time: 138.69 s, training_loss: 0.428
Epoch   34/50, time: 205.07 s, val_loss: 0.424
Epoch   35/50, time: 139.19 s, training_loss: 0.424
Epoch   35/50, time: 206.42 s, val_loss: 0.419
Epoch   36/50, time: 138.35 s, training_loss: 0.420
Epoch   36/50, time: 204.43 s, val_loss: 0.415
Epoch   37/50, time: 138.08 s, training_loss: 0.416
Epoch   37/50, time: 204.84 s, val_loss: 0.411
Epoch   38/50, time: 140.38 s, training_loss: 0.413
Epoch   38/50, time: 206.83 s, val_loss: 0.412
Epoch   39/50, time: 139.33 s, training_loss: 0.409
Epoch   39/50, time: 205.91 s, val_loss: 0.407
Epoch   40/50, time: 139.08 s, training_loss: 0.407
Epoch   40/50, time: 205.81 s, val_loss: 0.405
Epoch   41/50, time: 139.07 s, training_loss: 0.403
Epoch   41/50, time: 205.14 s, val_loss: 0.402
Epoch   42/50, time: 138.50 s, training_loss: 0.399
Epoch   42/50, time: 204.25 s, val_loss: 0.406
Epoch   43/50, time: 139.98 s, training_loss: 0.396
Epoch   43/50, time: 206.95 s, val_loss: 0.393
Epoch   44/50, time: 137.40 s, training_loss: 0.394
Epoch   44/50, time: 203.71 s, val_loss: 0.395
Epoch   45/50, time: 138.69 s, training_loss: 0.391
Epoch   45/50, time: 205.33 s, val_loss: 0.392
Epoch   46/50, time: 138.19 s, training_loss: 0.387
Epoch   46/50, time: 203.82 s, val_loss: 0.384
Epoch   47/50, time: 137.32 s, training_loss: 0.384
Epoch   47/50, time: 204.19 s, val_loss: 0.378
Epoch   48/50, time: 138.56 s, training_loss: 0.381
Epoch   48/50, time: 205.20 s, val_loss: 0.376
Epoch   49/50, time: 140.14 s, training_loss: 0.379
Epoch   49/50, time: 206.67 s, val_loss: 0.378
Epoch   50/50, time: 138.75 s, training_loss: 0.380
Epoch   50/50, time: 204.96 s, val_loss: 0.385
Training with paramaeters:  (128, 0.0001, 'dice_loss')
Epoch    1/50, time: 143.44 s, training_loss: 0.974
Epoch    1/50, time: 209.23 s, val_loss: 0.982
Epoch    2/50, time: 138.20 s, training_loss: 0.969
Epoch    2/50, time: 203.98 s, val_loss: 0.982
Epoch    3/50, time: 139.61 s, training_loss: 0.966
Epoch    3/50, time: 206.08 s, val_loss: 0.980
Epoch    4/50, time: 138.89 s, training_loss: 0.964
Epoch    4/50, time: 205.45 s, val_loss: 0.976
Epoch    5/50, time: 139.06 s, training_loss: 0.962
Epoch    5/50, time: 206.01 s, val_loss: 0.970
Epoch    6/50, time: 138.65 s, training_loss: 0.961
Epoch    6/50, time: 205.24 s, val_loss: 0.963
Epoch    7/50, time: 139.49 s, training_loss: 0.960
Epoch    7/50, time: 205.40 s, val_loss: 0.956
Epoch    8/50, time: 138.69 s, training_loss: 0.958
Epoch    8/50, time: 204.38 s, val_loss: 0.959
Epoch    9/50, time: 139.06 s, training_loss: 0.956
Epoch    9/50, time: 205.61 s, val_loss: 0.950
Epoch   10/50, time: 137.20 s, training_loss: 0.955
Epoch   10/50, time: 202.44 s, val_loss: 0.949
Epoch   11/50, time: 137.62 s, training_loss: 0.954
Epoch   11/50, time: 204.61 s, val_loss: 0.956
Epoch   12/50, time: 137.30 s, training_loss: 0.953
Epoch   12/50, time: 203.95 s, val_loss: 0.959
Epoch   13/50, time: 141.56 s, training_loss: 0.952
Epoch   13/50, time: 208.05 s, val_loss: 0.949
Epoch   14/50, time: 136.42 s, training_loss: 0.951
Epoch   14/50, time: 201.79 s, val_loss: 0.959
Epoch   15/50, time: 136.84 s, training_loss: 0.950
Epoch   15/50, time: 203.55 s, val_loss: 0.954
Epoch   16/50, time: 138.71 s, training_loss: 0.949
Epoch   16/50, time: 204.69 s, val_loss: 0.970
Epoch   17/50, time: 138.30 s, training_loss: 0.946
Epoch   17/50, time: 204.43 s, val_loss: 0.964
Epoch   18/50, time: 138.06 s, training_loss: 0.946
Epoch   18/50, time: 203.96 s, val_loss: 0.965
Epoch   19/50, time: 137.04 s, training_loss: 0.943
Epoch   19/50, time: 202.96 s, val_loss: 0.968
Epoch   20/50, time: 138.35 s, training_loss: 0.942
Epoch   20/50, time: 204.13 s, val_loss: 0.954
Epoch   21/50, time: 138.67 s, training_loss: 0.941
Epoch   21/50, time: 204.75 s, val_loss: 0.965
Epoch   22/50, time: 137.48 s, training_loss: 0.938
Epoch   22/50, time: 204.32 s, val_loss: 0.938
Epoch   23/50, time: 137.39 s, training_loss: 0.935
Epoch   23/50, time: 204.27 s, val_loss: 0.940
Epoch   24/50, time: 137.51 s, training_loss: 0.932
Epoch   24/50, time: 203.06 s, val_loss: 0.934
Epoch   25/50, time: 138.29 s, training_loss: 0.932
Epoch   25/50, time: 203.87 s, val_loss: 0.949
Epoch   26/50, time: 138.43 s, training_loss: 0.928
Epoch   26/50, time: 204.36 s, val_loss: 0.940
Epoch   27/50, time: 139.14 s, training_loss: 0.927
Epoch   27/50, time: 205.54 s, val_loss: 0.961
Epoch   28/50, time: 141.10 s, training_loss: 0.923
Epoch   28/50, time: 207.41 s, val_loss: 0.948
Epoch   29/50, time: 138.45 s, training_loss: 0.921
Epoch   29/50, time: 204.58 s, val_loss: 0.919
Epoch   30/50, time: 138.25 s, training_loss: 0.917
Epoch   30/50, time: 205.19 s, val_loss: 0.899
Epoch   31/50, time: 139.28 s, training_loss: 0.914
Epoch   31/50, time: 206.10 s, val_loss: 0.915
Epoch   32/50, time: 138.56 s, training_loss: 0.913
Epoch   32/50, time: 204.86 s, val_loss: 0.930
Epoch   33/50, time: 139.59 s, training_loss: 0.907
Epoch   33/50, time: 205.32 s, val_loss: 0.918
Epoch   34/50, time: 138.31 s, training_loss: 0.904
Epoch   34/50, time: 205.00 s, val_loss: 0.902
Epoch   35/50, time: 137.88 s, training_loss: 0.901
Epoch   35/50, time: 204.95 s, val_loss: 0.901
Epoch   36/50, time: 139.52 s, training_loss: 0.893
Epoch   36/50, time: 205.83 s, val_loss: 0.936
Epoch   37/50, time: 137.37 s, training_loss: 0.890
Epoch   37/50, time: 203.57 s, val_loss: 0.906
Epoch   38/50, time: 140.16 s, training_loss: 0.888
Epoch   38/50, time: 207.12 s, val_loss: 0.945
Epoch   39/50, time: 138.52 s, training_loss: 0.878
Epoch   39/50, time: 204.30 s, val_loss: 0.930
Epoch   40/50, time: 139.34 s, training_loss: 0.873
Epoch   40/50, time: 206.40 s, val_loss: 0.904
Epoch   41/50, time: 139.36 s, training_loss: 0.869
Epoch   41/50, time: 205.99 s, val_loss: 0.846
Epoch   42/50, time: 138.36 s, training_loss: 0.870
Epoch   42/50, time: 204.55 s, val_loss: 0.947
Epoch   43/50, time: 139.59 s, training_loss: 0.863
Epoch   43/50, time: 208.14 s, val_loss: 0.912
Epoch   44/50, time: 138.35 s, training_loss: 0.853
Epoch   44/50, time: 205.16 s, val_loss: 0.872
Epoch   45/50, time: 139.45 s, training_loss: 0.851
Epoch   45/50, time: 205.41 s, val_loss: 0.889
Epoch   46/50, time: 139.52 s, training_loss: 0.844
Epoch   46/50, time: 206.22 s, val_loss: 0.931
Epoch   47/50, time: 139.58 s, training_loss: 0.837
Epoch   47/50, time: 205.49 s, val_loss: 0.867
Epoch   48/50, time: 139.14 s, training_loss: 0.836
Epoch   48/50, time: 204.50 s, val_loss: 0.928
Epoch   49/50, time: 139.55 s, training_loss: 0.830
Epoch   49/50, time: 205.26 s, val_loss: 0.828
Epoch   50/50, time: 137.49 s, training_loss: 0.827
Epoch   50/50, time: 204.14 s, val_loss: 0.921

Results sorted by validation loss:
Params: (32, 0.0001, 'bce_loss') | Lowest val Loss: inf at epoch 0
Params: (32, 0.0001, 'dice_loss') | Lowest val Loss: inf at epoch 0
Params: (64, 0.0001, 'bce_loss') | Lowest val Loss: inf at epoch 0
Params: (64, 0.0001, 'dice_loss') | Lowest val Loss: inf at epoch 0
Params: (128, 0.0001, 'bce_loss') | Lowest val Loss: inf at epoch 0
Params: (128, 0.0001, 'dice_loss') | Lowest val Loss: inf at epoch 0
