/home/sethih1/masque_new/ters_gen/check_accuracy_dice.py:42: FutureWarning: You are using `torch.load` with `weights_only=False` (the current default value), which uses the default pickle module implicitly. It is possible to construct malicious pickle data which will execute arbitrary code during unpickling (See https://github.com/pytorch/pytorch/blob/main/SECURITY.md#untrusted-models for more details). In a future release, the default value for `weights_only` will be flipped to `True`. This limits the functions that could be executed during unpickling. Arbitrary objects will no longer be allowed to be loaded via this mode unless they are explicitly allowlisted by the user via `torch.serialization.add_safe_globals`. We recommend you start setting `weights_only=True` for any use case where you don't have full control of the loaded file. Please open an issue on GitHub for any issues related to this experimental feature.
  model = torch.load(
6
0 <class 'tuple'> 32
1 <class 'torch.Tensor'> torch.Size([32, 54, 64, 64])
2 <class 'torch.Tensor'> torch.Size([32, 54, 64, 64])
3 <class 'torch.Tensor'> torch.Size([32, 400, 256, 256])
4 <class 'torch.Tensor'> torch.Size([32, 100])
5 <class 'torch.Tensor'> torch.Size([32, 1, 256, 256])
Eval Metrics:   0%|          | 0/10 [00:00<?, ?it/s]Eval Metrics:  10%|█         | 1/10 [00:14<02:13, 14.79s/it]Eval Metrics:  20%|██        | 2/10 [00:28<01:51, 13.99s/it]Eval Metrics:  30%|███       | 3/10 [00:41<01:34, 13.55s/it]Eval Metrics:  40%|████      | 4/10 [00:54<01:21, 13.51s/it]Eval Metrics:  50%|█████     | 5/10 [01:08<01:07, 13.48s/it]Eval Metrics:  60%|██████    | 6/10 [01:21<00:53, 13.32s/it]Eval Metrics:  70%|███████   | 7/10 [01:33<00:39, 13.15s/it]Eval Metrics:  80%|████████  | 8/10 [01:46<00:26, 13.06s/it]Eval Metrics:  90%|█████████ | 9/10 [01:59<00:13, 13.02s/it]Eval Metrics: 100%|██████████| 10/10 [02:01<00:00,  9.40s/it]Eval Metrics: 100%|██████████| 10/10 [02:01<00:00, 12.10s/it]
(256, 256) (256, 256)
291 291
Metrics:
Accuracy: 0.9802
Precision: 0.7190
Recall: 0.7084
F1 Score: 0.7136
IoU: 0.5548
Dice Coefficient: 0.7136
Mean IoU over 291 samples: 0.5540
Mean Dice Coefficient over 291 samples: 0.7057
Saved up to 5 images per Dice Coefficient bin in 'dice_bins/'
