/home/sethih1/masque_new/ters_gen/check_accuracy_dice.py:42: FutureWarning: You are using `torch.load` with `weights_only=False` (the current default value), which uses the default pickle module implicitly. It is possible to construct malicious pickle data which will execute arbitrary code during unpickling (See https://github.com/pytorch/pytorch/blob/main/SECURITY.md#untrusted-models for more details). In a future release, the default value for `weights_only` will be flipped to `True`. This limits the functions that could be executed during unpickling. Arbitrary objects will no longer be allowed to be loaded via this mode unless they are explicitly allowlisted by the user via `torch.serialization.add_safe_globals`. We recommend you start setting `weights_only=True` for any use case where you don't have full control of the loaded file. Please open an issue on GitHub for any issues related to this experimental feature.
  model = torch.load(
6
0 <class 'tuple'> 32
1 <class 'torch.Tensor'> torch.Size([32, 54, 64, 64])
2 <class 'torch.Tensor'> torch.Size([32, 54, 64, 64])
3 <class 'torch.Tensor'> torch.Size([32, 400, 256, 256])
4 <class 'torch.Tensor'> torch.Size([32, 100])
5 <class 'torch.Tensor'> torch.Size([32, 1, 256, 256])
Eval Metrics:   0%|          | 0/10 [00:00<?, ?it/s]Eval Metrics:  10%|█         | 1/10 [00:15<02:15, 15.09s/it]Eval Metrics:  20%|██        | 2/10 [00:33<02:14, 16.82s/it]Eval Metrics:  30%|███       | 3/10 [00:50<01:58, 16.88s/it]Eval Metrics:  40%|████      | 4/10 [01:08<01:44, 17.35s/it]Eval Metrics:  50%|█████     | 5/10 [01:23<01:23, 16.70s/it]Eval Metrics:  60%|██████    | 6/10 [01:39<01:05, 16.45s/it]Eval Metrics:  70%|███████   | 7/10 [01:54<00:47, 15.97s/it]Eval Metrics:  80%|████████  | 8/10 [02:09<00:30, 15.48s/it]Eval Metrics:  90%|█████████ | 9/10 [02:24<00:15, 15.54s/it]Eval Metrics: 100%|██████████| 10/10 [02:26<00:00, 11.19s/it]Eval Metrics: 100%|██████████| 10/10 [02:26<00:00, 14.62s/it]
(256, 256) (256, 256)
291 291
Metrics:
Accuracy: 0.9787
Precision: 0.7022
Recall: 0.6773
F1 Score: 0.6895
IoU: 0.5262
Dice Coefficient: 0.6895
Mean IoU over 291 samples: 0.5453
Mean Dice Coefficient over 291 samples: 0.6894
Saved up to 5 images per Dice Coefficient bin in 'dice_bins/'
