Using device: cuda
Configuration
data:
  path: /scratch/phys/sin/sethih1/data_files/planar_molecules_256
  split_by_id: 0
log_path: /scratch/phys/sin/sethih1/runs_ters/planar_256/config5/
model:
  att_channels: 128
  filters:
  - 16
  - 32
  - 64
  - 128
  in_channels: 400
  kernel_size:
  - 3
  - 3
  - 3
  - 3
  out_channels: 1
  type: AttentionUNet
save_path: /scratch/phys/sin/sethih1/models/planar_256/config5/
training:
  batch_sizes:
  - 32
  - 64
  - 128
  epochs: 50
  learning_rates:
  - 0.0001
  loss_functions:
  - bce_loss
  - dice_loss

Data Loaded
Data loaded
Training with paramaeters:  (32, 0.0001, 'bce_loss')
Epoch    1/50, time: 138.30 s, training_loss: 0.618
Epoch    1/50, time: 160.79 s, val_loss: 0.569
Epoch    2/50, time: 126.12 s, training_loss: 0.439
Epoch    2/50, time: 145.91 s, val_loss: 0.400
Epoch    3/50, time: 123.31 s, training_loss: 0.363
Epoch    3/50, time: 142.92 s, val_loss: 0.337
Epoch    4/50, time: 123.60 s, training_loss: 0.331
Epoch    4/50, time: 143.28 s, val_loss: 0.322
Epoch    5/50, time: 123.28 s, training_loss: 0.314
Epoch    5/50, time: 143.00 s, val_loss: 0.320
Epoch    6/50, time: 125.01 s, training_loss: 0.301
Epoch    6/50, time: 144.98 s, val_loss: 0.296
Epoch    7/50, time: 123.53 s, training_loss: 0.288
Epoch    7/50, time: 143.20 s, val_loss: 0.284
Epoch    8/50, time: 126.22 s, training_loss: 0.281
Epoch    8/50, time: 145.93 s, val_loss: 0.288
Epoch    9/50, time: 123.94 s, training_loss: 0.270
Epoch    9/50, time: 143.60 s, val_loss: 0.264
Epoch   10/50, time: 123.89 s, training_loss: 0.262
Epoch   10/50, time: 143.65 s, val_loss: 0.260
Epoch   11/50, time: 125.08 s, training_loss: 0.253
Epoch   11/50, time: 144.87 s, val_loss: 0.240
Epoch   12/50, time: 125.61 s, training_loss: 0.245
Epoch   12/50, time: 145.38 s, val_loss: 0.247
Epoch   13/50, time: 125.31 s, training_loss: 0.237
Epoch   13/50, time: 145.08 s, val_loss: 0.228
Epoch   14/50, time: 126.06 s, training_loss: 0.231
Epoch   14/50, time: 145.76 s, val_loss: 0.228
Epoch   15/50, time: 125.30 s, training_loss: 0.226
Epoch   15/50, time: 144.78 s, val_loss: 0.228
Epoch   16/50, time: 125.73 s, training_loss: 0.219
Epoch   16/50, time: 145.39 s, val_loss: 0.215
Epoch   17/50, time: 124.09 s, training_loss: 0.214
Epoch   17/50, time: 143.75 s, val_loss: 0.219
Epoch   18/50, time: 123.06 s, training_loss: 0.209
Epoch   18/50, time: 142.91 s, val_loss: 0.205
Epoch   19/50, time: 123.26 s, training_loss: 0.210
Epoch   19/50, time: 143.15 s, val_loss: 0.203
Epoch   20/50, time: 125.21 s, training_loss: 0.201
Epoch   20/50, time: 145.11 s, val_loss: 0.200
Epoch   21/50, time: 124.97 s, training_loss: 0.195
Epoch   21/50, time: 144.92 s, val_loss: 0.197
Epoch   22/50, time: 125.56 s, training_loss: 0.191
Epoch   22/50, time: 145.49 s, val_loss: 0.187
Epoch   23/50, time: 124.43 s, training_loss: 0.185
Epoch   23/50, time: 144.35 s, val_loss: 0.184
Epoch   24/50, time: 124.56 s, training_loss: 0.180
Epoch   24/50, time: 144.49 s, val_loss: 0.179
Epoch   25/50, time: 125.63 s, training_loss: 0.176
Epoch   25/50, time: 145.62 s, val_loss: 0.178
Epoch   26/50, time: 124.75 s, training_loss: 0.171
Epoch   26/50, time: 144.46 s, val_loss: 0.177
Epoch   27/50, time: 126.42 s, training_loss: 0.167
Epoch   27/50, time: 146.81 s, val_loss: 0.164
Epoch   28/50, time: 124.92 s, training_loss: 0.163
Epoch   28/50, time: 144.73 s, val_loss: 0.163
Epoch   29/50, time: 125.47 s, training_loss: 0.160
Epoch   29/50, time: 145.34 s, val_loss: 0.163
Epoch   30/50, time: 124.83 s, training_loss: 0.156
Epoch   30/50, time: 144.89 s, val_loss: 0.160
Epoch   31/50, time: 123.94 s, training_loss: 0.152
Epoch   31/50, time: 143.49 s, val_loss: 0.152
Epoch   32/50, time: 123.48 s, training_loss: 0.148
Epoch   32/50, time: 143.45 s, val_loss: 0.154
Epoch   33/50, time: 124.35 s, training_loss: 0.145
Epoch   33/50, time: 144.07 s, val_loss: 0.141
Epoch   34/50, time: 126.09 s, training_loss: 0.142
Epoch   34/50, time: 145.56 s, val_loss: 0.148
Epoch   35/50, time: 123.99 s, training_loss: 0.138
Epoch   35/50, time: 143.76 s, val_loss: 0.142
Epoch   36/50, time: 125.42 s, training_loss: 0.134
Epoch   36/50, time: 145.04 s, val_loss: 0.139
Epoch   37/50, time: 123.45 s, training_loss: 0.131
Epoch   37/50, time: 143.50 s, val_loss: 0.136
Epoch   38/50, time: 125.33 s, training_loss: 0.128
Epoch   38/50, time: 145.12 s, val_loss: 0.139
Epoch   39/50, time: 124.65 s, training_loss: 0.124
Epoch   39/50, time: 144.49 s, val_loss: 0.134
Epoch   40/50, time: 124.77 s, training_loss: 0.121
Epoch   40/50, time: 144.71 s, val_loss: 0.133
Epoch   41/50, time: 126.34 s, training_loss: 0.118
Epoch   41/50, time: 146.20 s, val_loss: 0.125
Epoch   42/50, time: 123.77 s, training_loss: 0.115
Epoch   42/50, time: 143.39 s, val_loss: 0.128
Epoch   43/50, time: 124.42 s, training_loss: 0.112
Epoch   43/50, time: 144.09 s, val_loss: 0.129
Epoch   44/50, time: 124.67 s, training_loss: 0.108
Epoch   44/50, time: 144.56 s, val_loss: 0.123
Epoch   45/50, time: 125.68 s, training_loss: 0.105
Epoch   45/50, time: 145.40 s, val_loss: 0.124
Epoch   46/50, time: 124.85 s, training_loss: 0.102
Epoch   46/50, time: 144.55 s, val_loss: 0.126
Epoch   47/50, time: 125.51 s, training_loss: 0.099
Epoch   47/50, time: 145.38 s, val_loss: 0.117
Epoch   48/50, time: 125.28 s, training_loss: 0.096
Epoch   48/50, time: 144.91 s, val_loss: 0.117
Epoch   49/50, time: 123.33 s, training_loss: 0.093
Epoch   49/50, time: 143.13 s, val_loss: 0.115
Epoch   50/50, time: 125.05 s, training_loss: 0.091
Epoch   50/50, time: 144.67 s, val_loss: 0.112
Training with paramaeters:  (32, 0.0001, 'dice_loss')
Epoch    1/50, time: 125.35 s, training_loss: 0.860
Epoch    1/50, time: 145.29 s, val_loss: 0.888
Epoch    2/50, time: 124.03 s, training_loss: 0.819
Epoch    2/50, time: 143.94 s, val_loss: 0.810
Epoch    3/50, time: 125.16 s, training_loss: 0.794
Epoch    3/50, time: 144.62 s, val_loss: 0.774
Epoch    4/50, time: 125.94 s, training_loss: 0.774
Epoch    4/50, time: 145.86 s, val_loss: 0.782
Epoch    5/50, time: 125.68 s, training_loss: 0.758
Epoch    5/50, time: 145.75 s, val_loss: 0.744
Epoch    6/50, time: 125.36 s, training_loss: 0.746
Epoch    6/50, time: 145.23 s, val_loss: 0.732
Epoch    7/50, time: 124.56 s, training_loss: 0.735
Epoch    7/50, time: 144.56 s, val_loss: 0.727
Epoch    8/50, time: 125.45 s, training_loss: 0.726
Epoch    8/50, time: 145.41 s, val_loss: 0.715
Epoch    9/50, time: 126.03 s, training_loss: 0.715
Epoch    9/50, time: 145.94 s, val_loss: 0.709
Epoch   10/50, time: 125.57 s, training_loss: 0.706
Epoch   10/50, time: 145.38 s, val_loss: 0.702
Epoch   11/50, time: 124.35 s, training_loss: 0.698
Epoch   11/50, time: 144.31 s, val_loss: 0.690
Epoch   12/50, time: 125.65 s, training_loss: 0.686
Epoch   12/50, time: 145.41 s, val_loss: 0.681
Epoch   13/50, time: 124.79 s, training_loss: 0.676
Epoch   13/50, time: 144.63 s, val_loss: 0.682
Epoch   14/50, time: 125.31 s, training_loss: 0.665
Epoch   14/50, time: 145.09 s, val_loss: 0.657
Epoch   15/50, time: 126.23 s, training_loss: 0.651
Epoch   15/50, time: 146.28 s, val_loss: 0.646
Epoch   16/50, time: 125.05 s, training_loss: 0.639
Epoch   16/50, time: 144.83 s, val_loss: 0.648
Epoch   17/50, time: 125.41 s, training_loss: 0.629
Epoch   17/50, time: 145.41 s, val_loss: 0.631
Epoch   18/50, time: 124.09 s, training_loss: 0.616
Epoch   18/50, time: 143.86 s, val_loss: 0.622
Epoch   19/50, time: 125.58 s, training_loss: 0.604
Epoch   19/50, time: 145.83 s, val_loss: 0.629
Epoch   20/50, time: 124.86 s, training_loss: 0.593
Epoch   20/50, time: 144.86 s, val_loss: 0.607
Epoch   21/50, time: 125.25 s, training_loss: 0.582
Epoch   21/50, time: 145.36 s, val_loss: 0.595
Epoch   22/50, time: 124.60 s, training_loss: 0.566
Epoch   22/50, time: 144.40 s, val_loss: 0.592
Epoch   23/50, time: 124.67 s, training_loss: 0.554
Epoch   23/50, time: 144.71 s, val_loss: 0.587
Epoch   24/50, time: 125.18 s, training_loss: 0.542
Epoch   24/50, time: 144.82 s, val_loss: 0.582
Epoch   25/50, time: 125.35 s, training_loss: 0.529
Epoch   25/50, time: 145.27 s, val_loss: 0.570
Epoch   26/50, time: 125.12 s, training_loss: 0.518
Epoch   26/50, time: 144.85 s, val_loss: 0.579
Epoch   27/50, time: 126.27 s, training_loss: 0.503
Epoch   27/50, time: 146.68 s, val_loss: 0.554
Epoch   28/50, time: 125.05 s, training_loss: 0.488
Epoch   28/50, time: 144.85 s, val_loss: 0.562
Epoch   29/50, time: 124.78 s, training_loss: 0.470
Epoch   29/50, time: 144.90 s, val_loss: 0.528
Epoch   30/50, time: 124.48 s, training_loss: 0.456
Epoch   30/50, time: 144.43 s, val_loss: 0.540
Epoch   31/50, time: 125.31 s, training_loss: 0.442
Epoch   31/50, time: 145.20 s, val_loss: 0.521
Epoch   32/50, time: 124.03 s, training_loss: 0.423
Epoch   32/50, time: 143.87 s, val_loss: 0.523
Epoch   33/50, time: 126.38 s, training_loss: 0.408
Epoch   33/50, time: 146.37 s, val_loss: 0.534
Epoch   34/50, time: 124.75 s, training_loss: 0.392
Epoch   34/50, time: 144.39 s, val_loss: 0.509
Epoch   35/50, time: 123.86 s, training_loss: 0.376
Epoch   35/50, time: 143.90 s, val_loss: 0.531
Epoch   36/50, time: 124.10 s, training_loss: 0.363
Epoch   36/50, time: 144.08 s, val_loss: 0.501
Epoch   37/50, time: 125.62 s, training_loss: 0.349
Epoch   37/50, time: 145.48 s, val_loss: 0.511
Epoch   38/50, time: 125.16 s, training_loss: 0.333
Epoch   38/50, time: 145.07 s, val_loss: 0.499
Epoch   39/50, time: 125.04 s, training_loss: 0.318
Epoch   39/50, time: 145.07 s, val_loss: 0.481
Epoch   40/50, time: 125.87 s, training_loss: 0.303
Epoch   40/50, time: 145.91 s, val_loss: 0.478
Epoch   41/50, time: 125.31 s, training_loss: 0.293
Epoch   41/50, time: 145.26 s, val_loss: 0.516
Epoch   42/50, time: 125.27 s, training_loss: 0.279
Epoch   42/50, time: 145.25 s, val_loss: 0.478
Epoch   43/50, time: 124.62 s, training_loss: 0.271
Epoch   43/50, time: 144.89 s, val_loss: 0.467
Epoch   44/50, time: 125.62 s, training_loss: 0.260
Epoch   44/50, time: 145.94 s, val_loss: 0.449
Epoch   45/50, time: 124.20 s, training_loss: 0.253
Epoch   45/50, time: 144.08 s, val_loss: 0.467
Epoch   46/50, time: 124.27 s, training_loss: 0.242
Epoch   46/50, time: 144.34 s, val_loss: 0.458
Epoch   47/50, time: 125.92 s, training_loss: 0.231
Epoch   47/50, time: 145.90 s, val_loss: 0.476
Epoch   48/50, time: 124.10 s, training_loss: 0.221
Epoch   48/50, time: 143.84 s, val_loss: 0.483
Epoch   49/50, time: 125.66 s, training_loss: 0.211
Epoch   49/50, time: 145.57 s, val_loss: 0.478
Epoch   50/50, time: 124.69 s, training_loss: 0.206
Epoch   50/50, time: 144.73 s, val_loss: 0.499
Training with paramaeters:  (64, 0.0001, 'bce_loss')
Epoch    1/50, time: 140.71 s, training_loss: 0.472
Epoch    1/50, time: 177.35 s, val_loss: 0.653
Epoch    2/50, time: 139.20 s, training_loss: 0.389
Epoch    2/50, time: 176.18 s, val_loss: 0.450
Epoch    3/50, time: 140.46 s, training_loss: 0.350
Epoch    3/50, time: 177.22 s, val_loss: 0.350
Epoch    4/50, time: 140.15 s, training_loss: 0.318
Epoch    4/50, time: 177.33 s, val_loss: 0.313
Epoch    5/50, time: 140.26 s, training_loss: 0.294
Epoch    5/50, time: 177.15 s, val_loss: 0.279
Epoch    6/50, time: 140.47 s, training_loss: 0.278
Epoch    6/50, time: 177.58 s, val_loss: 0.276
Epoch    7/50, time: 141.58 s, training_loss: 0.268
Epoch    7/50, time: 178.85 s, val_loss: 0.269
Epoch    8/50, time: 141.13 s, training_loss: 0.264
Epoch    8/50, time: 178.07 s, val_loss: 0.260
Epoch    9/50, time: 140.18 s, training_loss: 0.255
Epoch    9/50, time: 177.16 s, val_loss: 0.256
Epoch   10/50, time: 139.04 s, training_loss: 0.246
Epoch   10/50, time: 176.56 s, val_loss: 0.248
Epoch   11/50, time: 139.14 s, training_loss: 0.240
Epoch   11/50, time: 176.61 s, val_loss: 0.237
Epoch   12/50, time: 139.78 s, training_loss: 0.236
Epoch   12/50, time: 177.09 s, val_loss: 0.233
Epoch   13/50, time: 140.73 s, training_loss: 0.232
Epoch   13/50, time: 178.01 s, val_loss: 0.230
Epoch   14/50, time: 139.89 s, training_loss: 0.228
Epoch   14/50, time: 177.34 s, val_loss: 0.218
Epoch   15/50, time: 139.16 s, training_loss: 0.224
Epoch   15/50, time: 175.94 s, val_loss: 0.216
Epoch   16/50, time: 138.09 s, training_loss: 0.219
Epoch   16/50, time: 174.84 s, val_loss: 0.219
Epoch   17/50, time: 140.72 s, training_loss: 0.214
Epoch   17/50, time: 178.05 s, val_loss: 0.208
Epoch   18/50, time: 139.83 s, training_loss: 0.211
Epoch   18/50, time: 176.68 s, val_loss: 0.208
Epoch   19/50, time: 138.78 s, training_loss: 0.207
Epoch   19/50, time: 176.25 s, val_loss: 0.209
Epoch   20/50, time: 139.81 s, training_loss: 0.203
Epoch   20/50, time: 176.80 s, val_loss: 0.204
Epoch   21/50, time: 140.20 s, training_loss: 0.200
Epoch   21/50, time: 176.96 s, val_loss: 0.205
Epoch   22/50, time: 139.99 s, training_loss: 0.197
Epoch   22/50, time: 179.81 s, val_loss: 0.198
Epoch   23/50, time: 138.84 s, training_loss: 0.193
Epoch   23/50, time: 176.34 s, val_loss: 0.195
Epoch   24/50, time: 141.16 s, training_loss: 0.190
Epoch   24/50, time: 178.33 s, val_loss: 0.190
Epoch   25/50, time: 140.25 s, training_loss: 0.188
Epoch   25/50, time: 177.55 s, val_loss: 0.188
Epoch   26/50, time: 139.98 s, training_loss: 0.184
Epoch   26/50, time: 176.62 s, val_loss: 0.188
Epoch   27/50, time: 140.74 s, training_loss: 0.181
Epoch   27/50, time: 178.05 s, val_loss: 0.186
Epoch   28/50, time: 140.44 s, training_loss: 0.179
Epoch   28/50, time: 177.70 s, val_loss: 0.187
Epoch   29/50, time: 140.84 s, training_loss: 0.175
Epoch   29/50, time: 177.89 s, val_loss: 0.174
Epoch   30/50, time: 141.50 s, training_loss: 0.173
Epoch   30/50, time: 178.44 s, val_loss: 0.176
Epoch   31/50, time: 140.57 s, training_loss: 0.170
Epoch   31/50, time: 177.90 s, val_loss: 0.175
Epoch   32/50, time: 139.71 s, training_loss: 0.167
Epoch   32/50, time: 177.15 s, val_loss: 0.170
Epoch   33/50, time: 140.60 s, training_loss: 0.164
Epoch   33/50, time: 177.71 s, val_loss: 0.170
Epoch   34/50, time: 139.46 s, training_loss: 0.163
Epoch   34/50, time: 176.22 s, val_loss: 0.173
Epoch   35/50, time: 139.84 s, training_loss: 0.161
Epoch   35/50, time: 176.68 s, val_loss: 0.158
Epoch   36/50, time: 140.76 s, training_loss: 0.158
Epoch   36/50, time: 177.85 s, val_loss: 0.169
Epoch   37/50, time: 139.89 s, training_loss: 0.155
Epoch   37/50, time: 177.01 s, val_loss: 0.158
Epoch   38/50, time: 140.16 s, training_loss: 0.153
Epoch   38/50, time: 176.99 s, val_loss: 0.157
Epoch   39/50, time: 138.54 s, training_loss: 0.151
Epoch   39/50, time: 175.37 s, val_loss: 0.160
Epoch   40/50, time: 139.66 s, training_loss: 0.148
Epoch   40/50, time: 177.21 s, val_loss: 0.153
Epoch   41/50, time: 138.09 s, training_loss: 0.146
Epoch   41/50, time: 175.26 s, val_loss: 0.148
Epoch   42/50, time: 140.69 s, training_loss: 0.143
Epoch   42/50, time: 177.69 s, val_loss: 0.145
Epoch   43/50, time: 140.08 s, training_loss: 0.140
Epoch   43/50, time: 177.04 s, val_loss: 0.150
Epoch   44/50, time: 139.45 s, training_loss: 0.138
Epoch   44/50, time: 176.52 s, val_loss: 0.148
Epoch   45/50, time: 139.64 s, training_loss: 0.135
Epoch   45/50, time: 176.57 s, val_loss: 0.145
Epoch   46/50, time: 138.59 s, training_loss: 0.133
Epoch   46/50, time: 175.74 s, val_loss: 0.142
Epoch   47/50, time: 140.57 s, training_loss: 0.131
Epoch   47/50, time: 177.91 s, val_loss: 0.144
Epoch   48/50, time: 139.90 s, training_loss: 0.129
Epoch   48/50, time: 177.10 s, val_loss: 0.135
Epoch   49/50, time: 140.58 s, training_loss: 0.126
Epoch   49/50, time: 177.65 s, val_loss: 0.141
Epoch   50/50, time: 140.60 s, training_loss: 0.124
Epoch   50/50, time: 177.63 s, val_loss: 0.144
Training with paramaeters:  (64, 0.0001, 'dice_loss')
Epoch    1/50, time: 139.36 s, training_loss: 0.884
Epoch    1/50, time: 176.35 s, val_loss: 0.928
Epoch    2/50, time: 140.99 s, training_loss: 0.855
Epoch    2/50, time: 178.04 s, val_loss: 0.874
Epoch    3/50, time: 139.51 s, training_loss: 0.840
Epoch    3/50, time: 176.57 s, val_loss: 0.827
Epoch    4/50, time: 140.93 s, training_loss: 0.831
Epoch    4/50, time: 178.42 s, val_loss: 0.838
Epoch    5/50, time: 139.18 s, training_loss: 0.823
Epoch    5/50, time: 176.64 s, val_loss: 0.807
Epoch    6/50, time: 139.21 s, training_loss: 0.817
Epoch    6/50, time: 176.43 s, val_loss: 0.820
Epoch    7/50, time: 141.16 s, training_loss: 0.809
Epoch    7/50, time: 178.34 s, val_loss: 0.796
Epoch    8/50, time: 140.81 s, training_loss: 0.803
Epoch    8/50, time: 177.76 s, val_loss: 0.787
Epoch    9/50, time: 140.17 s, training_loss: 0.796
Epoch    9/50, time: 176.91 s, val_loss: 0.772
Epoch   10/50, time: 140.23 s, training_loss: 0.792
Epoch   10/50, time: 176.65 s, val_loss: 0.772
Epoch   11/50, time: 140.81 s, training_loss: 0.788
Epoch   11/50, time: 178.06 s, val_loss: 0.787
Epoch   12/50, time: 139.12 s, training_loss: 0.780
Epoch   12/50, time: 176.22 s, val_loss: 0.792
Epoch   13/50, time: 138.87 s, training_loss: 0.773
Epoch   13/50, time: 176.16 s, val_loss: 0.749
Epoch   14/50, time: 141.32 s, training_loss: 0.762
Epoch   14/50, time: 179.04 s, val_loss: 0.750
Epoch   15/50, time: 140.11 s, training_loss: 0.753
Epoch   15/50, time: 177.19 s, val_loss: 0.846
Epoch   16/50, time: 140.02 s, training_loss: 0.745
Epoch   16/50, time: 177.79 s, val_loss: 0.762
Epoch   17/50, time: 140.08 s, training_loss: 0.739
Epoch   17/50, time: 176.97 s, val_loss: 0.757
Epoch   18/50, time: 138.43 s, training_loss: 0.729
Epoch   18/50, time: 175.46 s, val_loss: 0.715
Epoch   19/50, time: 140.80 s, training_loss: 0.724
Epoch   19/50, time: 178.26 s, val_loss: 0.756
Epoch   20/50, time: 141.84 s, training_loss: 0.718
Epoch   20/50, time: 178.99 s, val_loss: 0.728
Epoch   21/50, time: 140.05 s, training_loss: 0.713
Epoch   21/50, time: 177.25 s, val_loss: 0.712
Epoch   22/50, time: 139.84 s, training_loss: 0.705
Epoch   22/50, time: 176.99 s, val_loss: 0.744
Epoch   23/50, time: 138.42 s, training_loss: 0.699
Epoch   23/50, time: 175.14 s, val_loss: 0.682
Epoch   24/50, time: 138.84 s, training_loss: 0.695
Epoch   24/50, time: 176.31 s, val_loss: 0.698
Epoch   25/50, time: 139.66 s, training_loss: 0.687
Epoch   25/50, time: 177.08 s, val_loss: 0.687
Epoch   26/50, time: 140.63 s, training_loss: 0.679
Epoch   26/50, time: 177.90 s, val_loss: 0.734
Epoch   27/50, time: 139.27 s, training_loss: 0.674
Epoch   27/50, time: 176.67 s, val_loss: 0.678
Epoch   28/50, time: 140.62 s, training_loss: 0.665
Epoch   28/50, time: 177.85 s, val_loss: 0.659
Epoch   29/50, time: 140.51 s, training_loss: 0.662
Epoch   29/50, time: 177.65 s, val_loss: 0.735
Epoch   30/50, time: 140.23 s, training_loss: 0.656
Epoch   30/50, time: 177.15 s, val_loss: 0.635
Epoch   31/50, time: 139.06 s, training_loss: 0.645
Epoch   31/50, time: 176.11 s, val_loss: 0.696
Epoch   32/50, time: 139.09 s, training_loss: 0.635
Epoch   32/50, time: 176.09 s, val_loss: 0.650
Epoch   33/50, time: 141.43 s, training_loss: 0.626
Epoch   33/50, time: 178.25 s, val_loss: 0.628
Epoch   34/50, time: 138.80 s, training_loss: 0.623
Epoch   34/50, time: 176.05 s, val_loss: 0.686
Epoch   35/50, time: 138.86 s, training_loss: 0.613
Epoch   35/50, time: 175.91 s, val_loss: 0.627
Epoch   36/50, time: 138.35 s, training_loss: 0.604
Epoch   36/50, time: 175.56 s, val_loss: 0.676
Epoch   37/50, time: 138.88 s, training_loss: 0.597
Epoch   37/50, time: 176.21 s, val_loss: 0.682
Epoch   38/50, time: 139.87 s, training_loss: 0.583
Epoch   38/50, time: 176.63 s, val_loss: 0.694
Epoch   39/50, time: 139.58 s, training_loss: 0.573
Epoch   39/50, time: 176.46 s, val_loss: 0.713
Epoch   40/50, time: 139.91 s, training_loss: 0.561
Epoch   40/50, time: 176.94 s, val_loss: 0.616
Epoch   41/50, time: 139.58 s, training_loss: 0.553
Epoch   41/50, time: 176.88 s, val_loss: 0.602
Epoch   42/50, time: 139.51 s, training_loss: 0.544
Epoch   42/50, time: 176.81 s, val_loss: 0.620
Epoch   43/50, time: 138.44 s, training_loss: 0.532
Epoch   43/50, time: 175.22 s, val_loss: 0.690
Epoch   44/50, time: 140.35 s, training_loss: 0.524
Epoch   44/50, time: 177.28 s, val_loss: 0.608
Epoch   45/50, time: 138.81 s, training_loss: 0.515
Epoch   45/50, time: 175.59 s, val_loss: 0.607
Epoch   46/50, time: 139.04 s, training_loss: 0.501
Epoch   46/50, time: 176.25 s, val_loss: 0.560
Epoch   47/50, time: 139.91 s, training_loss: 0.489
Epoch   47/50, time: 176.85 s, val_loss: 0.646
Epoch   48/50, time: 138.85 s, training_loss: 0.481
Epoch   48/50, time: 175.64 s, val_loss: 0.573
Epoch   49/50, time: 139.55 s, training_loss: 0.470
Epoch   49/50, time: 176.28 s, val_loss: 0.590
Epoch   50/50, time: 140.20 s, training_loss: 0.459
Epoch   50/50, time: 177.16 s, val_loss: 0.577
Training with paramaeters:  (128, 0.0001, 'bce_loss')
Epoch    1/50, time: 145.64 s, training_loss: 0.617
Epoch    1/50, time: 215.94 s, val_loss: 0.681
Epoch    2/50, time: 146.66 s, training_loss: 0.525
Epoch    2/50, time: 218.02 s, val_loss: 0.612
Epoch    3/50, time: 145.64 s, training_loss: 0.477
Epoch    3/50, time: 216.40 s, val_loss: 0.528
Epoch    4/50, time: 146.60 s, training_loss: 0.439
Epoch    4/50, time: 216.27 s, val_loss: 0.460
Epoch    5/50, time: 146.24 s, training_loss: 0.410
Epoch    5/50, time: 216.96 s, val_loss: 0.414
Epoch    6/50, time: 147.19 s, training_loss: 0.388
Epoch    6/50, time: 217.37 s, val_loss: 0.388
Epoch    7/50, time: 147.01 s, training_loss: 0.374
Epoch    7/50, time: 218.15 s, val_loss: 0.359
Epoch    8/50, time: 146.76 s, training_loss: 0.364
Epoch    8/50, time: 217.38 s, val_loss: 0.366
Epoch    9/50, time: 146.57 s, training_loss: 0.354
Epoch    9/50, time: 217.54 s, val_loss: 0.350
Epoch   10/50, time: 145.62 s, training_loss: 0.347
Epoch   10/50, time: 216.52 s, val_loss: 0.347
Epoch   11/50, time: 145.17 s, training_loss: 0.340
Epoch   11/50, time: 215.25 s, val_loss: 0.335
Epoch   12/50, time: 146.89 s, training_loss: 0.334
Epoch   12/50, time: 216.78 s, val_loss: 0.339
Epoch   13/50, time: 147.35 s, training_loss: 0.334
Epoch   13/50, time: 217.75 s, val_loss: 0.335
Epoch   14/50, time: 145.55 s, training_loss: 0.330
Epoch   14/50, time: 216.80 s, val_loss: 0.328
Epoch   15/50, time: 144.90 s, training_loss: 0.332
Epoch   15/50, time: 215.20 s, val_loss: 0.334
Epoch   16/50, time: 147.10 s, training_loss: 0.327
Epoch   16/50, time: 216.78 s, val_loss: 0.317
Epoch   17/50, time: 148.53 s, training_loss: 0.321
Epoch   17/50, time: 219.35 s, val_loss: 0.308
Epoch   18/50, time: 146.03 s, training_loss: 0.314
Epoch   18/50, time: 216.78 s, val_loss: 0.295
Epoch   19/50, time: 143.63 s, training_loss: 0.308
Epoch   19/50, time: 214.49 s, val_loss: 0.306
Epoch   20/50, time: 146.48 s, training_loss: 0.305
Epoch   20/50, time: 217.22 s, val_loss: 0.307
Epoch   21/50, time: 147.36 s, training_loss: 0.302
Epoch   21/50, time: 218.19 s, val_loss: 0.304
Epoch   22/50, time: 147.76 s, training_loss: 0.300
Epoch   22/50, time: 218.72 s, val_loss: 0.296
Epoch   23/50, time: 146.90 s, training_loss: 0.297
Epoch   23/50, time: 217.91 s, val_loss: 0.294
Epoch   24/50, time: 146.89 s, training_loss: 0.293
Epoch   24/50, time: 217.07 s, val_loss: 0.296
Epoch   25/50, time: 146.87 s, training_loss: 0.289
Epoch   25/50, time: 217.62 s, val_loss: 0.300
Epoch   26/50, time: 146.40 s, training_loss: 0.286
Epoch   26/50, time: 216.58 s, val_loss: 0.284
Epoch   27/50, time: 146.37 s, training_loss: 0.283
Epoch   27/50, time: 216.92 s, val_loss: 0.288
Epoch   28/50, time: 147.16 s, training_loss: 0.281
Epoch   28/50, time: 217.19 s, val_loss: 0.278
Epoch   29/50, time: 146.84 s, training_loss: 0.279
Epoch   29/50, time: 216.91 s, val_loss: 0.273
Epoch   30/50, time: 146.92 s, training_loss: 0.275
Epoch   30/50, time: 217.88 s, val_loss: 0.275
Epoch   31/50, time: 145.92 s, training_loss: 0.273
Epoch   31/50, time: 216.06 s, val_loss: 0.284
Epoch   32/50, time: 146.52 s, training_loss: 0.272
Epoch   32/50, time: 216.60 s, val_loss: 0.265
Epoch   33/50, time: 145.95 s, training_loss: 0.269
Epoch   33/50, time: 216.66 s, val_loss: 0.268
Epoch   34/50, time: 147.12 s, training_loss: 0.267
Epoch   34/50, time: 217.28 s, val_loss: 0.264
Epoch   35/50, time: 146.94 s, training_loss: 0.263
Epoch   35/50, time: 217.21 s, val_loss: 0.258
Epoch   36/50, time: 146.37 s, training_loss: 0.260
Epoch   36/50, time: 217.63 s, val_loss: 0.247
Epoch   37/50, time: 145.32 s, training_loss: 0.257
Epoch   37/50, time: 215.87 s, val_loss: 0.251
Epoch   38/50, time: 147.27 s, training_loss: 0.255
Epoch   38/50, time: 217.13 s, val_loss: 0.249
Epoch   39/50, time: 145.56 s, training_loss: 0.253
Epoch   39/50, time: 216.51 s, val_loss: 0.254
Epoch   40/50, time: 146.83 s, training_loss: 0.250
Epoch   40/50, time: 217.94 s, val_loss: 0.248
Epoch   41/50, time: 146.60 s, training_loss: 0.248
Epoch   41/50, time: 217.64 s, val_loss: 0.245
Epoch   42/50, time: 147.77 s, training_loss: 0.246
Epoch   42/50, time: 217.34 s, val_loss: 0.240
Epoch   43/50, time: 145.19 s, training_loss: 0.244
Epoch   43/50, time: 216.07 s, val_loss: 0.244
Epoch   44/50, time: 145.61 s, training_loss: 0.243
Epoch   44/50, time: 216.84 s, val_loss: 0.250
Epoch   45/50, time: 146.05 s, training_loss: 0.240
Epoch   45/50, time: 216.25 s, val_loss: 0.239
Epoch   46/50, time: 145.53 s, training_loss: 0.238
Epoch   46/50, time: 215.13 s, val_loss: 0.232
Epoch   47/50, time: 146.96 s, training_loss: 0.236
Epoch   47/50, time: 217.31 s, val_loss: 0.237
Epoch   48/50, time: 144.74 s, training_loss: 0.234
Epoch   48/50, time: 215.60 s, val_loss: 0.229
Epoch   49/50, time: 146.54 s, training_loss: 0.233
Epoch   49/50, time: 216.64 s, val_loss: 0.231
Epoch   50/50, time: 146.84 s, training_loss: 0.234
Epoch   50/50, time: 216.95 s, val_loss: 0.229
Training with paramaeters:  (128, 0.0001, 'dice_loss')
Epoch    1/50, time: 145.36 s, training_loss: 0.882
Epoch    1/50, time: 215.39 s, val_loss: 0.933
Epoch    2/50, time: 146.46 s, training_loss: 0.851
Epoch    2/50, time: 216.94 s, val_loss: 0.944
Epoch    3/50, time: 147.02 s, training_loss: 0.840
Epoch    3/50, time: 217.98 s, val_loss: 0.922
Epoch    4/50, time: 147.40 s, training_loss: 0.830
Epoch    4/50, time: 218.88 s, val_loss: 0.901
Epoch    5/50, time: 146.89 s, training_loss: 0.817
Epoch    5/50, time: 217.79 s, val_loss: 0.838
Epoch    6/50, time: 147.08 s, training_loss: 0.811
Epoch    6/50, time: 217.21 s, val_loss: 0.825
Epoch    7/50, time: 147.27 s, training_loss: 0.806
Epoch    7/50, time: 216.81 s, val_loss: 0.816
Epoch    8/50, time: 145.32 s, training_loss: 0.802
Epoch    8/50, time: 216.22 s, val_loss: 0.789
Epoch    9/50, time: 145.28 s, training_loss: 0.793
Epoch    9/50, time: 215.05 s, val_loss: 0.787
Epoch   10/50, time: 147.54 s, training_loss: 0.786
Epoch   10/50, time: 218.48 s, val_loss: 0.772
Epoch   11/50, time: 144.98 s, training_loss: 0.782
Epoch   11/50, time: 215.75 s, val_loss: 0.791
Epoch   12/50, time: 145.89 s, training_loss: 0.777
Epoch   12/50, time: 216.70 s, val_loss: 0.773
Epoch   13/50, time: 145.81 s, training_loss: 0.774
Epoch   13/50, time: 216.19 s, val_loss: 0.757
Epoch   14/50, time: 147.11 s, training_loss: 0.768
Epoch   14/50, time: 217.58 s, val_loss: 0.770
Epoch   15/50, time: 146.34 s, training_loss: 0.769
Epoch   15/50, time: 216.50 s, val_loss: 0.752
Epoch   16/50, time: 146.29 s, training_loss: 0.766
Epoch   16/50, time: 216.81 s, val_loss: 0.752
Epoch   17/50, time: 145.61 s, training_loss: 0.759
Epoch   17/50, time: 216.57 s, val_loss: 0.809
Epoch   18/50, time: 146.66 s, training_loss: 0.753
Epoch   18/50, time: 217.12 s, val_loss: 0.757
Epoch   19/50, time: 145.30 s, training_loss: 0.753
Epoch   19/50, time: 214.66 s, val_loss: 0.759
Epoch   20/50, time: 147.07 s, training_loss: 0.747
Epoch   20/50, time: 217.29 s, val_loss: 0.746
Epoch   21/50, time: 145.95 s, training_loss: 0.745
Epoch   21/50, time: 215.66 s, val_loss: 0.761
Epoch   22/50, time: 145.79 s, training_loss: 0.744
Epoch   22/50, time: 216.19 s, val_loss: 0.780
Epoch   23/50, time: 145.31 s, training_loss: 0.740
Epoch   23/50, time: 216.02 s, val_loss: 0.732
Epoch   24/50, time: 145.99 s, training_loss: 0.741
Epoch   24/50, time: 215.45 s, val_loss: 0.731
Epoch   25/50, time: 146.86 s, training_loss: 0.736
Epoch   25/50, time: 216.45 s, val_loss: 0.760
Epoch   26/50, time: 146.65 s, training_loss: 0.733
Epoch   26/50, time: 216.81 s, val_loss: 0.768
Epoch   27/50, time: 146.95 s, training_loss: 0.731
Epoch   27/50, time: 217.35 s, val_loss: 0.739
Epoch   28/50, time: 145.77 s, training_loss: 0.727
Epoch   28/50, time: 215.04 s, val_loss: 0.716
Epoch   29/50, time: 146.23 s, training_loss: 0.724
Epoch   29/50, time: 215.83 s, val_loss: 0.718
Epoch   30/50, time: 145.24 s, training_loss: 0.723
Epoch   30/50, time: 215.92 s, val_loss: 0.746
Epoch   31/50, time: 146.55 s, training_loss: 0.720
Epoch   31/50, time: 216.27 s, val_loss: 0.740
Epoch   32/50, time: 145.60 s, training_loss: 0.711
Epoch   32/50, time: 215.98 s, val_loss: 0.690
Epoch   33/50, time: 146.72 s, training_loss: 0.710
Epoch   33/50, time: 217.15 s, val_loss: 0.765
Epoch   34/50, time: 144.76 s, training_loss: 0.710
Epoch   34/50, time: 214.45 s, val_loss: 0.796
Epoch   35/50, time: 145.83 s, training_loss: 0.702
Epoch   35/50, time: 216.18 s, val_loss: 0.687
Epoch   36/50, time: 145.68 s, training_loss: 0.697
Epoch   36/50, time: 215.79 s, val_loss: 0.758
Epoch   37/50, time: 146.44 s, training_loss: 0.696
Epoch   37/50, time: 217.07 s, val_loss: 0.706
Epoch   38/50, time: 146.17 s, training_loss: 0.695
Epoch   38/50, time: 215.30 s, val_loss: 0.682
Epoch   39/50, time: 146.39 s, training_loss: 0.687
Epoch   39/50, time: 217.04 s, val_loss: 0.679
Epoch   40/50, time: 145.23 s, training_loss: 0.684
Epoch   40/50, time: 214.61 s, val_loss: 0.673
Epoch   41/50, time: 146.21 s, training_loss: 0.677
Epoch   41/50, time: 216.29 s, val_loss: 0.733
Epoch   42/50, time: 146.20 s, training_loss: 0.671
Epoch   42/50, time: 216.49 s, val_loss: 0.664
Epoch   43/50, time: 146.86 s, training_loss: 0.670
Epoch   43/50, time: 216.46 s, val_loss: 0.691
Epoch   44/50, time: 146.13 s, training_loss: 0.667
Epoch   44/50, time: 216.30 s, val_loss: 0.659
Epoch   45/50, time: 146.48 s, training_loss: 0.663
Epoch   45/50, time: 216.93 s, val_loss: 0.674
Epoch   46/50, time: 144.91 s, training_loss: 0.658
Epoch   46/50, time: 214.64 s, val_loss: 0.660
Epoch   47/50, time: 146.32 s, training_loss: 0.652
Epoch   47/50, time: 216.21 s, val_loss: 0.733
Epoch   48/50, time: 146.38 s, training_loss: 0.652
Epoch   48/50, time: 217.43 s, val_loss: 0.750
Epoch   49/50, time: 144.58 s, training_loss: 0.639
Epoch   49/50, time: 214.21 s, val_loss: 0.695
Epoch   50/50, time: 145.13 s, training_loss: 0.636
Epoch   50/50, time: 216.09 s, val_loss: 0.650

Results sorted by validation loss:
Params: (32, 0.0001, 'bce_loss') | Lowest val Loss: inf at epoch 0
Params: (32, 0.0001, 'dice_loss') | Lowest val Loss: inf at epoch 0
Params: (64, 0.0001, 'bce_loss') | Lowest val Loss: inf at epoch 0
Params: (64, 0.0001, 'dice_loss') | Lowest val Loss: inf at epoch 0
Params: (128, 0.0001, 'bce_loss') | Lowest val Loss: inf at epoch 0
Params: (128, 0.0001, 'dice_loss') | Lowest val Loss: inf at epoch 0
