Using device: cuda
Configuration
data:
  path: /scratch/phys/sin/sethih1/data_files/planar_molecules_256
  split_by_id: 0
log_path: /scratch/phys/sin/sethih1/runs_ters/planar_256/config1/
model:
  att_channels: 32
  filters:
  - 16
  - 32
  - 64
  - 128
  in_channels: 100
  kernel_size:
  - 3
  - 3
  - 3
  - 3
  out_channels: 1
  type: AttentionUNet
save_path: /scratch/phys/sin/sethih1/models/planar_256/config1/
training:
  batch_sizes:
  - 32
  - 64
  - 128
  epochs: 50
  learning_rates:
  - 0.0001
  loss_functions:
  - bce_loss
  - dice_loss

Data Loaded
Data loaded
Training with paramaeters:  (32, 0.0001, 'bce_loss')
Epoch    1/50, time: 53.79 s, training_loss: 0.433
Epoch    1/50, time: 61.97 s, val_loss: 0.408
Epoch    2/50, time: 31.90 s, training_loss: 0.326
Epoch    2/50, time: 37.35 s, val_loss: 0.293
Epoch    3/50, time: 31.77 s, training_loss: 0.283
Epoch    3/50, time: 37.40 s, val_loss: 0.265
Epoch    4/50, time: 31.19 s, training_loss: 0.260
Epoch    4/50, time: 36.63 s, val_loss: 0.255
Epoch    5/50, time: 31.17 s, training_loss: 0.247
Epoch    5/50, time: 36.72 s, val_loss: 0.241
Epoch    6/50, time: 31.53 s, training_loss: 0.237
Epoch    6/50, time: 36.97 s, val_loss: 0.237
Epoch    7/50, time: 31.50 s, training_loss: 0.232
Epoch    7/50, time: 37.07 s, val_loss: 0.230
Epoch    8/50, time: 31.35 s, training_loss: 0.221
Epoch    8/50, time: 36.93 s, val_loss: 0.215
Epoch    9/50, time: 31.55 s, training_loss: 0.215
Epoch    9/50, time: 37.13 s, val_loss: 0.210
Epoch   10/50, time: 31.41 s, training_loss: 0.206
Epoch   10/50, time: 36.82 s, val_loss: 0.200
Epoch   11/50, time: 31.92 s, training_loss: 0.199
Epoch   11/50, time: 37.50 s, val_loss: 0.200
Epoch   12/50, time: 31.22 s, training_loss: 0.193
Epoch   12/50, time: 36.69 s, val_loss: 0.191
Epoch   13/50, time: 31.41 s, training_loss: 0.187
Epoch   13/50, time: 36.99 s, val_loss: 0.186
Epoch   14/50, time: 31.67 s, training_loss: 0.182
Epoch   14/50, time: 37.11 s, val_loss: 0.181
Epoch   15/50, time: 31.62 s, training_loss: 0.177
Epoch   15/50, time: 37.46 s, val_loss: 0.177
Epoch   16/50, time: 31.53 s, training_loss: 0.172
Epoch   16/50, time: 37.29 s, val_loss: 0.175
Epoch   17/50, time: 31.48 s, training_loss: 0.169
Epoch   17/50, time: 37.04 s, val_loss: 0.170
Epoch   18/50, time: 31.15 s, training_loss: 0.163
Epoch   18/50, time: 36.91 s, val_loss: 0.165
Epoch   19/50, time: 31.50 s, training_loss: 0.158
Epoch   19/50, time: 37.11 s, val_loss: 0.161
Epoch   20/50, time: 31.96 s, training_loss: 0.153
Epoch   20/50, time: 37.56 s, val_loss: 0.156
Epoch   21/50, time: 31.26 s, training_loss: 0.148
Epoch   21/50, time: 37.13 s, val_loss: 0.150
Epoch   22/50, time: 31.45 s, training_loss: 0.144
Epoch   22/50, time: 37.09 s, val_loss: 0.142
Epoch   23/50, time: 31.75 s, training_loss: 0.139
Epoch   23/50, time: 37.13 s, val_loss: 0.141
Epoch   24/50, time: 31.93 s, training_loss: 0.134
Epoch   24/50, time: 37.28 s, val_loss: 0.139
Epoch   25/50, time: 31.48 s, training_loss: 0.130
Epoch   25/50, time: 36.89 s, val_loss: 0.140
Epoch   26/50, time: 31.54 s, training_loss: 0.126
Epoch   26/50, time: 37.21 s, val_loss: 0.138
Epoch   27/50, time: 31.65 s, training_loss: 0.121
Epoch   27/50, time: 37.47 s, val_loss: 0.136
Epoch   28/50, time: 31.36 s, training_loss: 0.118
Epoch   28/50, time: 36.75 s, val_loss: 0.128
Epoch   29/50, time: 31.64 s, training_loss: 0.114
Epoch   29/50, time: 37.09 s, val_loss: 0.126
Epoch   30/50, time: 31.81 s, training_loss: 0.110
Epoch   30/50, time: 37.58 s, val_loss: 0.128
Epoch   31/50, time: 31.45 s, training_loss: 0.108
Epoch   31/50, time: 37.15 s, val_loss: 0.121
Epoch   32/50, time: 31.80 s, training_loss: 0.104
Epoch   32/50, time: 37.42 s, val_loss: 0.121
Epoch   33/50, time: 31.49 s, training_loss: 0.100
Epoch   33/50, time: 37.32 s, val_loss: 0.121
Epoch   34/50, time: 31.77 s, training_loss: 0.097
Epoch   34/50, time: 37.36 s, val_loss: 0.116
Epoch   35/50, time: 31.56 s, training_loss: 0.094
Epoch   35/50, time: 36.89 s, val_loss: 0.116
Epoch   36/50, time: 31.29 s, training_loss: 0.090
Epoch   36/50, time: 36.90 s, val_loss: 0.110
Epoch   37/50, time: 31.92 s, training_loss: 0.088
Epoch   37/50, time: 37.50 s, val_loss: 0.113
Epoch   38/50, time: 31.17 s, training_loss: 0.085
Epoch   38/50, time: 36.78 s, val_loss: 0.111
Epoch   39/50, time: 31.26 s, training_loss: 0.082
Epoch   39/50, time: 36.97 s, val_loss: 0.111
Epoch   40/50, time: 30.77 s, training_loss: 0.080
Epoch   40/50, time: 36.30 s, val_loss: 0.109
Epoch   41/50, time: 31.11 s, training_loss: 0.077
Epoch   41/50, time: 36.77 s, val_loss: 0.115
Epoch   42/50, time: 31.16 s, training_loss: 0.075
Epoch   42/50, time: 36.78 s, val_loss: 0.112
Epoch   43/50, time: 31.27 s, training_loss: 0.072
Epoch   43/50, time: 37.04 s, val_loss: 0.112
Epoch   44/50, time: 31.15 s, training_loss: 0.070
Epoch   44/50, time: 36.82 s, val_loss: 0.111
Epoch   45/50, time: 32.00 s, training_loss: 0.067
Epoch   45/50, time: 37.75 s, val_loss: 0.114
Epoch   46/50, time: 31.75 s, training_loss: 0.066
Epoch   46/50, time: 37.39 s, val_loss: 0.116
Epoch   47/50, time: 31.98 s, training_loss: 0.064
Epoch   47/50, time: 37.62 s, val_loss: 0.113
Epoch   48/50, time: 30.98 s, training_loss: 0.062
Epoch   48/50, time: 36.69 s, val_loss: 0.113
Epoch   49/50, time: 31.72 s, training_loss: 0.060
Epoch   49/50, time: 37.32 s, val_loss: 0.108
Epoch   50/50, time: 31.50 s, training_loss: 0.057
Epoch   50/50, time: 37.28 s, val_loss: 0.113
Training with paramaeters:  (32, 0.0001, 'dice_loss')
Epoch    1/50, time: 31.31 s, training_loss: 0.867
Epoch    1/50, time: 36.72 s, val_loss: 0.856
Epoch    2/50, time: 31.86 s, training_loss: 0.825
Epoch    2/50, time: 37.20 s, val_loss: 0.809
Epoch    3/50, time: 31.37 s, training_loss: 0.803
Epoch    3/50, time: 36.73 s, val_loss: 0.788
Epoch    4/50, time: 30.95 s, training_loss: 0.788
Epoch    4/50, time: 36.29 s, val_loss: 0.777
Epoch    5/50, time: 31.61 s, training_loss: 0.774
Epoch    5/50, time: 36.95 s, val_loss: 0.755
Epoch    6/50, time: 31.25 s, training_loss: 0.762
Epoch    6/50, time: 36.66 s, val_loss: 0.746
Epoch    7/50, time: 31.29 s, training_loss: 0.752
Epoch    7/50, time: 36.67 s, val_loss: 0.743
Epoch    8/50, time: 31.02 s, training_loss: 0.743
Epoch    8/50, time: 36.46 s, val_loss: 0.730
Epoch    9/50, time: 31.48 s, training_loss: 0.736
Epoch    9/50, time: 36.80 s, val_loss: 0.725
Epoch   10/50, time: 31.04 s, training_loss: 0.728
Epoch   10/50, time: 36.44 s, val_loss: 0.730
Epoch   11/50, time: 31.06 s, training_loss: 0.720
Epoch   11/50, time: 36.36 s, val_loss: 0.705
Epoch   12/50, time: 31.15 s, training_loss: 0.712
Epoch   12/50, time: 36.53 s, val_loss: 0.698
Epoch   13/50, time: 31.56 s, training_loss: 0.700
Epoch   13/50, time: 36.99 s, val_loss: 0.716
Epoch   14/50, time: 31.13 s, training_loss: 0.690
Epoch   14/50, time: 36.52 s, val_loss: 0.694
Epoch   15/50, time: 31.53 s, training_loss: 0.678
Epoch   15/50, time: 36.89 s, val_loss: 0.688
Epoch   16/50, time: 31.38 s, training_loss: 0.663
Epoch   16/50, time: 36.63 s, val_loss: 0.632
Epoch   17/50, time: 31.61 s, training_loss: 0.656
Epoch   17/50, time: 37.07 s, val_loss: 0.629
Epoch   18/50, time: 31.15 s, training_loss: 0.643
Epoch   18/50, time: 36.65 s, val_loss: 0.636
Epoch   19/50, time: 31.02 s, training_loss: 0.630
Epoch   19/50, time: 36.37 s, val_loss: 0.636
Epoch   20/50, time: 31.70 s, training_loss: 0.622
Epoch   20/50, time: 37.05 s, val_loss: 0.610
Epoch   21/50, time: 31.46 s, training_loss: 0.611
Epoch   21/50, time: 36.78 s, val_loss: 0.622
Epoch   22/50, time: 31.16 s, training_loss: 0.601
Epoch   22/50, time: 36.44 s, val_loss: 0.585
Epoch   23/50, time: 30.92 s, training_loss: 0.587
Epoch   23/50, time: 36.15 s, val_loss: 0.566
Epoch   24/50, time: 31.37 s, training_loss: 0.577
Epoch   24/50, time: 36.78 s, val_loss: 0.589
Epoch   25/50, time: 31.23 s, training_loss: 0.562
Epoch   25/50, time: 36.48 s, val_loss: 0.575
Epoch   26/50, time: 30.77 s, training_loss: 0.550
Epoch   26/50, time: 36.15 s, val_loss: 0.581
Epoch   27/50, time: 30.91 s, training_loss: 0.531
Epoch   27/50, time: 36.27 s, val_loss: 0.581
Epoch   28/50, time: 31.57 s, training_loss: 0.524
Epoch   28/50, time: 37.10 s, val_loss: 0.531
Epoch   29/50, time: 31.20 s, training_loss: 0.511
Epoch   29/50, time: 36.50 s, val_loss: 0.548
Epoch   30/50, time: 31.12 s, training_loss: 0.493
Epoch   30/50, time: 36.44 s, val_loss: 0.567
Epoch   31/50, time: 31.34 s, training_loss: 0.476
Epoch   31/50, time: 36.59 s, val_loss: 0.519
Epoch   32/50, time: 31.25 s, training_loss: 0.469
Epoch   32/50, time: 36.60 s, val_loss: 0.512
Epoch   33/50, time: 31.27 s, training_loss: 0.454
Epoch   33/50, time: 36.59 s, val_loss: 0.558
Epoch   34/50, time: 31.49 s, training_loss: 0.439
Epoch   34/50, time: 36.91 s, val_loss: 0.532
Epoch   35/50, time: 31.23 s, training_loss: 0.436
Epoch   35/50, time: 36.81 s, val_loss: 0.498
Epoch   36/50, time: 31.31 s, training_loss: 0.423
Epoch   36/50, time: 36.64 s, val_loss: 0.514
Epoch   37/50, time: 31.29 s, training_loss: 0.406
Epoch   37/50, time: 36.58 s, val_loss: 0.464
Epoch   38/50, time: 31.20 s, training_loss: 0.394
Epoch   38/50, time: 36.62 s, val_loss: 0.485
Epoch   39/50, time: 31.17 s, training_loss: 0.385
Epoch   39/50, time: 36.49 s, val_loss: 0.506
Epoch   40/50, time: 31.26 s, training_loss: 0.365
Epoch   40/50, time: 36.56 s, val_loss: 0.476
Epoch   41/50, time: 31.48 s, training_loss: 0.359
Epoch   41/50, time: 36.76 s, val_loss: 0.458
Epoch   42/50, time: 31.53 s, training_loss: 0.352
Epoch   42/50, time: 36.90 s, val_loss: 0.453
Epoch   43/50, time: 31.19 s, training_loss: 0.346
Epoch   43/50, time: 36.59 s, val_loss: 0.463
Epoch   44/50, time: 31.42 s, training_loss: 0.337
Epoch   44/50, time: 37.20 s, val_loss: 0.505
Epoch   45/50, time: 31.10 s, training_loss: 0.331
Epoch   45/50, time: 36.48 s, val_loss: 0.468
Epoch   46/50, time: 31.06 s, training_loss: 0.315
Epoch   46/50, time: 36.53 s, val_loss: 0.521
Epoch   47/50, time: 31.57 s, training_loss: 0.310
Epoch   47/50, time: 36.90 s, val_loss: 0.446
Epoch   48/50, time: 31.34 s, training_loss: 0.303
Epoch   48/50, time: 36.81 s, val_loss: 0.462
Epoch   49/50, time: 31.35 s, training_loss: 0.290
Epoch   49/50, time: 36.98 s, val_loss: 0.547
Epoch   50/50, time: 31.23 s, training_loss: 0.287
Epoch   50/50, time: 36.66 s, val_loss: 0.453
Training with paramaeters:  (64, 0.0001, 'bce_loss')
Epoch    1/50, time: 34.75 s, training_loss: 0.583
Epoch    1/50, time: 44.04 s, val_loss: 0.602
Epoch    2/50, time: 35.27 s, training_loss: 0.491
Epoch    2/50, time: 44.79 s, val_loss: 0.490
Epoch    3/50, time: 35.01 s, training_loss: 0.438
Epoch    3/50, time: 44.21 s, val_loss: 0.426
Epoch    4/50, time: 35.27 s, training_loss: 0.402
Epoch    4/50, time: 45.13 s, val_loss: 0.394
Epoch    5/50, time: 37.55 s, training_loss: 0.380
Epoch    5/50, time: 47.05 s, val_loss: 0.381
Epoch    6/50, time: 34.96 s, training_loss: 0.379
Epoch    6/50, time: 44.50 s, val_loss: 0.365
Epoch    7/50, time: 34.91 s, training_loss: 0.368
Epoch    7/50, time: 44.52 s, val_loss: 0.357
Epoch    8/50, time: 35.01 s, training_loss: 0.354
Epoch    8/50, time: 44.58 s, val_loss: 0.354
Epoch    9/50, time: 34.90 s, training_loss: 0.343
Epoch    9/50, time: 44.30 s, val_loss: 0.345
Epoch   10/50, time: 35.02 s, training_loss: 0.335
Epoch   10/50, time: 44.43 s, val_loss: 0.331
Epoch   11/50, time: 35.10 s, training_loss: 0.330
Epoch   11/50, time: 44.59 s, val_loss: 0.328
Epoch   12/50, time: 35.00 s, training_loss: 0.324
Epoch   12/50, time: 44.37 s, val_loss: 0.323
Epoch   13/50, time: 35.08 s, training_loss: 0.317
Epoch   13/50, time: 44.77 s, val_loss: 0.315
Epoch   14/50, time: 34.50 s, training_loss: 0.310
Epoch   14/50, time: 43.82 s, val_loss: 0.296
Epoch   15/50, time: 34.66 s, training_loss: 0.305
Epoch   15/50, time: 44.21 s, val_loss: 0.301
Epoch   16/50, time: 34.91 s, training_loss: 0.300
Epoch   16/50, time: 44.29 s, val_loss: 0.298
Epoch   17/50, time: 35.06 s, training_loss: 0.295
Epoch   17/50, time: 44.38 s, val_loss: 0.290
Epoch   18/50, time: 35.17 s, training_loss: 0.289
Epoch   18/50, time: 44.53 s, val_loss: 0.281
Epoch   19/50, time: 35.08 s, training_loss: 0.284
Epoch   19/50, time: 44.51 s, val_loss: 0.287
Epoch   20/50, time: 34.94 s, training_loss: 0.278
Epoch   20/50, time: 44.41 s, val_loss: 0.265
Epoch   21/50, time: 35.12 s, training_loss: 0.277
Epoch   21/50, time: 44.57 s, val_loss: 0.297
Epoch   22/50, time: 35.41 s, training_loss: 0.278
Epoch   22/50, time: 44.71 s, val_loss: 0.277
Epoch   23/50, time: 34.82 s, training_loss: 0.271
Epoch   23/50, time: 44.35 s, val_loss: 0.269
Epoch   24/50, time: 35.34 s, training_loss: 0.263
Epoch   24/50, time: 44.63 s, val_loss: 0.263
Epoch   25/50, time: 35.10 s, training_loss: 0.257
Epoch   25/50, time: 44.61 s, val_loss: 0.257
Epoch   26/50, time: 35.03 s, training_loss: 0.253
Epoch   26/50, time: 44.53 s, val_loss: 0.253
Epoch   27/50, time: 34.42 s, training_loss: 0.249
Epoch   27/50, time: 43.91 s, val_loss: 0.250
Epoch   28/50, time: 35.34 s, training_loss: 0.244
Epoch   28/50, time: 44.95 s, val_loss: 0.242
Epoch   29/50, time: 34.90 s, training_loss: 0.240
Epoch   29/50, time: 44.36 s, val_loss: 0.241
Epoch   30/50, time: 34.96 s, training_loss: 0.236
Epoch   30/50, time: 44.54 s, val_loss: 0.240
Epoch   31/50, time: 35.36 s, training_loss: 0.232
Epoch   31/50, time: 44.83 s, val_loss: 0.229
Epoch   32/50, time: 35.59 s, training_loss: 0.229
Epoch   32/50, time: 45.04 s, val_loss: 0.227
Epoch   33/50, time: 34.90 s, training_loss: 0.225
Epoch   33/50, time: 44.32 s, val_loss: 0.220
Epoch   34/50, time: 34.88 s, training_loss: 0.221
Epoch   34/50, time: 44.11 s, val_loss: 0.228
Epoch   35/50, time: 34.63 s, training_loss: 0.218
Epoch   35/50, time: 44.13 s, val_loss: 0.222
Epoch   36/50, time: 34.41 s, training_loss: 0.215
Epoch   36/50, time: 43.83 s, val_loss: 0.219
Epoch   37/50, time: 35.22 s, training_loss: 0.211
Epoch   37/50, time: 44.61 s, val_loss: 0.209
Epoch   38/50, time: 34.88 s, training_loss: 0.207
Epoch   38/50, time: 44.30 s, val_loss: 0.206
Epoch   39/50, time: 35.23 s, training_loss: 0.204
Epoch   39/50, time: 44.77 s, val_loss: 0.211
Epoch   40/50, time: 35.32 s, training_loss: 0.201
Epoch   40/50, time: 44.55 s, val_loss: 0.204
Epoch   41/50, time: 34.67 s, training_loss: 0.198
Epoch   41/50, time: 44.09 s, val_loss: 0.195
Epoch   42/50, time: 34.82 s, training_loss: 0.195
Epoch   42/50, time: 44.31 s, val_loss: 0.198
Epoch   43/50, time: 34.61 s, training_loss: 0.192
Epoch   43/50, time: 44.20 s, val_loss: 0.191
Epoch   44/50, time: 34.73 s, training_loss: 0.189
Epoch   44/50, time: 44.01 s, val_loss: 0.192
Epoch   45/50, time: 35.41 s, training_loss: 0.186
Epoch   45/50, time: 44.71 s, val_loss: 0.190
Epoch   46/50, time: 35.02 s, training_loss: 0.182
Epoch   46/50, time: 44.55 s, val_loss: 0.187
Epoch   47/50, time: 34.90 s, training_loss: 0.180
Epoch   47/50, time: 44.46 s, val_loss: 0.186
Epoch   48/50, time: 35.06 s, training_loss: 0.180
Epoch   48/50, time: 44.43 s, val_loss: 0.188
Epoch   49/50, time: 34.61 s, training_loss: 0.176
Epoch   49/50, time: 43.92 s, val_loss: 0.183
Epoch   50/50, time: 34.74 s, training_loss: 0.172
Epoch   50/50, time: 44.19 s, val_loss: 0.169
Training with paramaeters:  (64, 0.0001, 'dice_loss')
Epoch    1/50, time: 35.11 s, training_loss: 0.877
Epoch    1/50, time: 44.48 s, val_loss: 0.931
Epoch    2/50, time: 35.05 s, training_loss: 0.835
Epoch    2/50, time: 44.51 s, val_loss: 0.857
Epoch    3/50, time: 35.14 s, training_loss: 0.817
Epoch    3/50, time: 44.61 s, val_loss: 0.810
Epoch    4/50, time: 34.82 s, training_loss: 0.802
Epoch    4/50, time: 44.04 s, val_loss: 0.818
Epoch    5/50, time: 35.11 s, training_loss: 0.789
Epoch    5/50, time: 44.49 s, val_loss: 0.824
Epoch    6/50, time: 34.97 s, training_loss: 0.777
Epoch    6/50, time: 44.34 s, val_loss: 0.772
Epoch    7/50, time: 35.14 s, training_loss: 0.764
Epoch    7/50, time: 44.48 s, val_loss: 0.763
Epoch    8/50, time: 35.09 s, training_loss: 0.756
Epoch    8/50, time: 44.32 s, val_loss: 0.739
Epoch    9/50, time: 35.12 s, training_loss: 0.749
Epoch    9/50, time: 44.55 s, val_loss: 0.740
Epoch   10/50, time: 35.12 s, training_loss: 0.744
Epoch   10/50, time: 44.45 s, val_loss: 0.739
Epoch   11/50, time: 35.30 s, training_loss: 0.739
Epoch   11/50, time: 44.87 s, val_loss: 0.738
Epoch   12/50, time: 35.19 s, training_loss: 0.735
Epoch   12/50, time: 44.51 s, val_loss: 0.718
Epoch   13/50, time: 34.84 s, training_loss: 0.728
Epoch   13/50, time: 44.46 s, val_loss: 0.728
Epoch   14/50, time: 35.10 s, training_loss: 0.725
Epoch   14/50, time: 44.76 s, val_loss: 0.713
Epoch   15/50, time: 35.03 s, training_loss: 0.720
Epoch   15/50, time: 44.61 s, val_loss: 0.713
Epoch   16/50, time: 34.97 s, training_loss: 0.716
Epoch   16/50, time: 44.67 s, val_loss: 0.712
Epoch   17/50, time: 34.75 s, training_loss: 0.709
Epoch   17/50, time: 44.34 s, val_loss: 0.699
Epoch   18/50, time: 35.25 s, training_loss: 0.706
Epoch   18/50, time: 44.55 s, val_loss: 0.727
Epoch   19/50, time: 34.72 s, training_loss: 0.700
Epoch   19/50, time: 44.25 s, val_loss: 0.701
Epoch   20/50, time: 34.67 s, training_loss: 0.694
Epoch   20/50, time: 44.09 s, val_loss: 0.685
Epoch   21/50, time: 34.70 s, training_loss: 0.691
Epoch   21/50, time: 44.09 s, val_loss: 0.681
Epoch   22/50, time: 34.65 s, training_loss: 0.685
Epoch   22/50, time: 44.11 s, val_loss: 0.673
Epoch   23/50, time: 35.70 s, training_loss: 0.680
Epoch   23/50, time: 45.03 s, val_loss: 0.673
Epoch   24/50, time: 35.58 s, training_loss: 0.676
Epoch   24/50, time: 44.83 s, val_loss: 0.672
Epoch   25/50, time: 35.11 s, training_loss: 0.672
Epoch   25/50, time: 44.41 s, val_loss: 0.669
Epoch   26/50, time: 34.73 s, training_loss: 0.667
Epoch   26/50, time: 44.04 s, val_loss: 0.679
Epoch   27/50, time: 35.24 s, training_loss: 0.665
Epoch   27/50, time: 44.48 s, val_loss: 0.685
Epoch   28/50, time: 34.87 s, training_loss: 0.655
Epoch   28/50, time: 44.21 s, val_loss: 0.666
Epoch   29/50, time: 34.78 s, training_loss: 0.648
Epoch   29/50, time: 44.13 s, val_loss: 0.644
Epoch   30/50, time: 34.66 s, training_loss: 0.641
Epoch   30/50, time: 44.26 s, val_loss: 0.666
Epoch   31/50, time: 35.20 s, training_loss: 0.632
Epoch   31/50, time: 44.53 s, val_loss: 0.682
Epoch   32/50, time: 35.10 s, training_loss: 0.626
Epoch   32/50, time: 44.37 s, val_loss: 0.635
Epoch   33/50, time: 34.60 s, training_loss: 0.620
Epoch   33/50, time: 43.84 s, val_loss: 0.622
Epoch   34/50, time: 34.72 s, training_loss: 0.610
Epoch   34/50, time: 44.21 s, val_loss: 0.646
Epoch   35/50, time: 34.80 s, training_loss: 0.609
Epoch   35/50, time: 44.31 s, val_loss: 0.623
Epoch   36/50, time: 35.26 s, training_loss: 0.598
Epoch   36/50, time: 44.79 s, val_loss: 0.678
Epoch   37/50, time: 35.05 s, training_loss: 0.588
Epoch   37/50, time: 44.48 s, val_loss: 0.595
Epoch   38/50, time: 34.69 s, training_loss: 0.583
Epoch   38/50, time: 44.32 s, val_loss: 0.612
Epoch   39/50, time: 35.20 s, training_loss: 0.575
Epoch   39/50, time: 44.61 s, val_loss: 0.578
Epoch   40/50, time: 34.59 s, training_loss: 0.565
Epoch   40/50, time: 43.88 s, val_loss: 0.627
Epoch   41/50, time: 34.97 s, training_loss: 0.559
Epoch   41/50, time: 44.40 s, val_loss: 0.595
Epoch   42/50, time: 34.87 s, training_loss: 0.551
Epoch   42/50, time: 48.28 s, val_loss: 0.645
Epoch   43/50, time: 37.42 s, training_loss: 0.537
Epoch   43/50, time: 47.30 s, val_loss: 0.581
Epoch   44/50, time: 35.15 s, training_loss: 0.526
Epoch   44/50, time: 44.58 s, val_loss: 0.594
Epoch   45/50, time: 34.76 s, training_loss: 0.516
Epoch   45/50, time: 43.85 s, val_loss: 0.570
Epoch   46/50, time: 34.83 s, training_loss: 0.506
Epoch   46/50, time: 44.29 s, val_loss: 0.578
Epoch   47/50, time: 34.93 s, training_loss: 0.500
Epoch   47/50, time: 44.36 s, val_loss: 0.559
Epoch   48/50, time: 35.21 s, training_loss: 0.486
Epoch   48/50, time: 44.76 s, val_loss: 0.541
Epoch   49/50, time: 34.83 s, training_loss: 0.475
Epoch   49/50, time: 44.26 s, val_loss: 0.583
Epoch   50/50, time: 34.64 s, training_loss: 0.469
Epoch   50/50, time: 44.06 s, val_loss: 0.506
Training with paramaeters:  (128, 0.0001, 'bce_loss')
Epoch    1/50, time: 37.23 s, training_loss: 0.549
Epoch    1/50, time: 53.64 s, val_loss: 0.661
Epoch    2/50, time: 36.82 s, training_loss: 0.467
Epoch    2/50, time: 53.48 s, val_loss: 0.575
Epoch    3/50, time: 37.37 s, training_loss: 0.434
Epoch    3/50, time: 54.25 s, val_loss: 0.498
Epoch    4/50, time: 36.64 s, training_loss: 0.410
Epoch    4/50, time: 53.37 s, val_loss: 0.444
Epoch    5/50, time: 37.57 s, training_loss: 0.389
Epoch    5/50, time: 54.14 s, val_loss: 0.411
Epoch    6/50, time: 37.33 s, training_loss: 0.370
Epoch    6/50, time: 54.05 s, val_loss: 0.379
Epoch    7/50, time: 37.16 s, training_loss: 0.355
Epoch    7/50, time: 53.84 s, val_loss: 0.357
Epoch    8/50, time: 37.54 s, training_loss: 0.343
Epoch    8/50, time: 54.04 s, val_loss: 0.346
Epoch    9/50, time: 37.41 s, training_loss: 0.334
Epoch    9/50, time: 54.07 s, val_loss: 0.346
Epoch   10/50, time: 37.22 s, training_loss: 0.329
Epoch   10/50, time: 54.06 s, val_loss: 0.319
Epoch   11/50, time: 37.25 s, training_loss: 0.321
Epoch   11/50, time: 54.00 s, val_loss: 0.326
Epoch   12/50, time: 37.19 s, training_loss: 0.315
Epoch   12/50, time: 53.80 s, val_loss: 0.308
Epoch   13/50, time: 37.01 s, training_loss: 0.308
Epoch   13/50, time: 53.65 s, val_loss: 0.320
Epoch   14/50, time: 37.00 s, training_loss: 0.303
Epoch   14/50, time: 53.60 s, val_loss: 0.303
Epoch   15/50, time: 37.25 s, training_loss: 0.299
Epoch   15/50, time: 53.92 s, val_loss: 0.307
Epoch   16/50, time: 37.25 s, training_loss: 0.298
Epoch   16/50, time: 53.82 s, val_loss: 0.293
Epoch   17/50, time: 37.97 s, training_loss: 0.294
Epoch   17/50, time: 54.83 s, val_loss: 0.298
Epoch   18/50, time: 37.68 s, training_loss: 0.292
Epoch   18/50, time: 54.41 s, val_loss: 0.300
Epoch   19/50, time: 37.33 s, training_loss: 0.291
Epoch   19/50, time: 53.98 s, val_loss: 0.277
Epoch   20/50, time: 37.54 s, training_loss: 0.288
Epoch   20/50, time: 54.10 s, val_loss: 0.285
Epoch   21/50, time: 37.19 s, training_loss: 0.282
Epoch   21/50, time: 53.67 s, val_loss: 0.282
Epoch   22/50, time: 37.36 s, training_loss: 0.278
Epoch   22/50, time: 54.08 s, val_loss: 0.279
Epoch   23/50, time: 37.62 s, training_loss: 0.275
Epoch   23/50, time: 54.13 s, val_loss: 0.274
Epoch   24/50, time: 37.24 s, training_loss: 0.271
Epoch   24/50, time: 53.76 s, val_loss: 0.274
Epoch   25/50, time: 37.15 s, training_loss: 0.267
Epoch   25/50, time: 53.92 s, val_loss: 0.257
Epoch   26/50, time: 37.37 s, training_loss: 0.265
Epoch   26/50, time: 53.92 s, val_loss: 0.264
Epoch   27/50, time: 37.21 s, training_loss: 0.262
Epoch   27/50, time: 53.90 s, val_loss: 0.265
Epoch   28/50, time: 37.35 s, training_loss: 0.260
Epoch   28/50, time: 54.09 s, val_loss: 0.262
Epoch   29/50, time: 36.88 s, training_loss: 0.257
Epoch   29/50, time: 53.32 s, val_loss: 0.258
Epoch   30/50, time: 36.66 s, training_loss: 0.255
Epoch   30/50, time: 53.40 s, val_loss: 0.249
Epoch   31/50, time: 36.92 s, training_loss: 0.253
Epoch   31/50, time: 53.37 s, val_loss: 0.259
Epoch   32/50, time: 39.97 s, training_loss: 0.250
Epoch   32/50, time: 56.90 s, val_loss: 0.242
Epoch   33/50, time: 37.00 s, training_loss: 0.247
Epoch   33/50, time: 53.84 s, val_loss: 0.245
Epoch   34/50, time: 37.70 s, training_loss: 0.246
Epoch   34/50, time: 54.43 s, val_loss: 0.249
Epoch   35/50, time: 37.20 s, training_loss: 0.244
Epoch   35/50, time: 53.93 s, val_loss: 0.245
Epoch   36/50, time: 37.33 s, training_loss: 0.242
Epoch   36/50, time: 54.10 s, val_loss: 0.247
Epoch   37/50, time: 37.45 s, training_loss: 0.239
Epoch   37/50, time: 53.95 s, val_loss: 0.237
Epoch   38/50, time: 37.12 s, training_loss: 0.237
Epoch   38/50, time: 53.97 s, val_loss: 0.243
Epoch   39/50, time: 37.41 s, training_loss: 0.234
Epoch   39/50, time: 54.31 s, val_loss: 0.235
Epoch   40/50, time: 37.20 s, training_loss: 0.232
Epoch   40/50, time: 54.01 s, val_loss: 0.224
Epoch   41/50, time: 37.38 s, training_loss: 0.230
Epoch   41/50, time: 54.47 s, val_loss: 0.233
Epoch   42/50, time: 37.18 s, training_loss: 0.228
Epoch   42/50, time: 53.98 s, val_loss: 0.221
Epoch   43/50, time: 37.27 s, training_loss: 0.226
Epoch   43/50, time: 53.71 s, val_loss: 0.228
Epoch   44/50, time: 37.24 s, training_loss: 0.224
Epoch   44/50, time: 53.77 s, val_loss: 0.229
Epoch   45/50, time: 37.74 s, training_loss: 0.222
Epoch   45/50, time: 54.24 s, val_loss: 0.220
Epoch   46/50, time: 37.14 s, training_loss: 0.220
Epoch   46/50, time: 53.73 s, val_loss: 0.219
Epoch   47/50, time: 36.84 s, training_loss: 0.218
Epoch   47/50, time: 53.42 s, val_loss: 0.212
Epoch   48/50, time: 37.18 s, training_loss: 0.216
Epoch   48/50, time: 53.77 s, val_loss: 0.220
Epoch   49/50, time: 37.69 s, training_loss: 0.215
Epoch   49/50, time: 54.22 s, val_loss: 0.219
Epoch   50/50, time: 37.59 s, training_loss: 0.213
Epoch   50/50, time: 54.19 s, val_loss: 0.215
Training with paramaeters:  (128, 0.0001, 'dice_loss')
Epoch    1/50, time: 37.52 s, training_loss: 0.905
Epoch    1/50, time: 54.00 s, val_loss: 0.935
Epoch    2/50, time: 37.15 s, training_loss: 0.889
Epoch    2/50, time: 53.44 s, val_loss: 0.926
Epoch    3/50, time: 36.96 s, training_loss: 0.879
Epoch    3/50, time: 53.94 s, val_loss: 0.895
Epoch    4/50, time: 37.09 s, training_loss: 0.875
Epoch    4/50, time: 53.35 s, val_loss: 0.865
Epoch    5/50, time: 36.40 s, training_loss: 0.867
Epoch    5/50, time: 52.81 s, val_loss: 0.860
Epoch    6/50, time: 37.45 s, training_loss: 0.864
Epoch    6/50, time: 53.90 s, val_loss: 0.861
Epoch    7/50, time: 36.85 s, training_loss: 0.860
Epoch    7/50, time: 53.51 s, val_loss: 0.843
Epoch    8/50, time: 37.08 s, training_loss: 0.855
Epoch    8/50, time: 53.88 s, val_loss: 0.866
Epoch    9/50, time: 37.18 s, training_loss: 0.850
Epoch    9/50, time: 53.57 s, val_loss: 0.852
Epoch   10/50, time: 37.49 s, training_loss: 0.847
Epoch   10/50, time: 53.58 s, val_loss: 0.840
Epoch   11/50, time: 36.84 s, training_loss: 0.844
Epoch   11/50, time: 53.27 s, val_loss: 0.822
Epoch   12/50, time: 37.02 s, training_loss: 0.839
Epoch   12/50, time: 53.91 s, val_loss: 0.839
Epoch   13/50, time: 37.58 s, training_loss: 0.838
Epoch   13/50, time: 53.89 s, val_loss: 0.839
Epoch   14/50, time: 37.03 s, training_loss: 0.836
Epoch   14/50, time: 53.77 s, val_loss: 0.823
Epoch   15/50, time: 37.35 s, training_loss: 0.830
Epoch   15/50, time: 54.08 s, val_loss: 0.895
Epoch   16/50, time: 38.70 s, training_loss: 0.826
Epoch   16/50, time: 55.19 s, val_loss: 0.842
Epoch   17/50, time: 38.30 s, training_loss: 0.822
Epoch   17/50, time: 55.11 s, val_loss: 0.874
Epoch   18/50, time: 36.65 s, training_loss: 0.816
Epoch   18/50, time: 53.17 s, val_loss: 0.844
Epoch   19/50, time: 37.26 s, training_loss: 0.811
Epoch   19/50, time: 53.76 s, val_loss: 0.818
Epoch   20/50, time: 37.16 s, training_loss: 0.807
Epoch   20/50, time: 53.74 s, val_loss: 0.811
Epoch   21/50, time: 36.99 s, training_loss: 0.805
Epoch   21/50, time: 53.65 s, val_loss: 0.831
Epoch   22/50, time: 37.38 s, training_loss: 0.803
Epoch   22/50, time: 53.93 s, val_loss: 0.825
Epoch   23/50, time: 38.15 s, training_loss: 0.800
Epoch   23/50, time: 54.73 s, val_loss: 0.805
Epoch   24/50, time: 37.88 s, training_loss: 0.798
Epoch   24/50, time: 54.12 s, val_loss: 0.797
Epoch   25/50, time: 37.44 s, training_loss: 0.794
Epoch   25/50, time: 53.92 s, val_loss: 0.752
Epoch   26/50, time: 37.11 s, training_loss: 0.791
Epoch   26/50, time: 53.63 s, val_loss: 0.757
Epoch   27/50, time: 37.27 s, training_loss: 0.791
Epoch   27/50, time: 53.72 s, val_loss: 0.821
Epoch   28/50, time: 37.13 s, training_loss: 0.783
Epoch   28/50, time: 53.64 s, val_loss: 0.764
Epoch   29/50, time: 37.27 s, training_loss: 0.780
Epoch   29/50, time: 53.97 s, val_loss: 0.719
Epoch   30/50, time: 36.64 s, training_loss: 0.782
Epoch   30/50, time: 53.14 s, val_loss: 0.769
Epoch   31/50, time: 36.94 s, training_loss: 0.781
Epoch   31/50, time: 53.50 s, val_loss: 0.769
Epoch   32/50, time: 37.64 s, training_loss: 0.777
Epoch   32/50, time: 53.98 s, val_loss: 0.881
Epoch   33/50, time: 37.14 s, training_loss: 0.774
Epoch   33/50, time: 53.65 s, val_loss: 0.750
Epoch   34/50, time: 36.65 s, training_loss: 0.769
Epoch   34/50, time: 52.86 s, val_loss: 0.726
Epoch   35/50, time: 37.18 s, training_loss: 0.770
Epoch   35/50, time: 53.60 s, val_loss: 0.849
Epoch   36/50, time: 37.58 s, training_loss: 0.764
Epoch   36/50, time: 54.45 s, val_loss: 0.722
Epoch   37/50, time: 37.65 s, training_loss: 0.762
Epoch   37/50, time: 54.12 s, val_loss: 0.822
Epoch   38/50, time: 36.83 s, training_loss: 0.761
Epoch   38/50, time: 53.66 s, val_loss: 0.783
Epoch   39/50, time: 37.37 s, training_loss: 0.759
Epoch   39/50, time: 53.85 s, val_loss: 0.782
Epoch   40/50, time: 37.50 s, training_loss: 0.756
Epoch   40/50, time: 54.14 s, val_loss: 0.746
Epoch   41/50, time: 37.21 s, training_loss: 0.752
Epoch   41/50, time: 53.51 s, val_loss: 0.773
Epoch   42/50, time: 37.67 s, training_loss: 0.747
Epoch   42/50, time: 54.12 s, val_loss: 0.698
Epoch   43/50, time: 37.36 s, training_loss: 0.746
Epoch   43/50, time: 53.84 s, val_loss: 0.860
Epoch   44/50, time: 37.32 s, training_loss: 0.743
Epoch   44/50, time: 53.76 s, val_loss: 0.758
Epoch   45/50, time: 37.17 s, training_loss: 0.743
Epoch   45/50, time: 53.83 s, val_loss: 0.737
Epoch   46/50, time: 36.71 s, training_loss: 0.740
Epoch   46/50, time: 53.31 s, val_loss: 0.666
Epoch   47/50, time: 37.13 s, training_loss: 0.733
Epoch   47/50, time: 53.34 s, val_loss: 0.688
Epoch   48/50, time: 37.28 s, training_loss: 0.733
Epoch   48/50, time: 53.85 s, val_loss: 0.745
Epoch   49/50, time: 37.50 s, training_loss: 0.735
Epoch   49/50, time: 54.07 s, val_loss: 0.713
Epoch   50/50, time: 37.04 s, training_loss: 0.726
Epoch   50/50, time: 53.50 s, val_loss: 0.696

Results sorted by validation loss:
Params: (32, 0.0001, 'bce_loss') | Lowest val Loss: inf at epoch 0
Params: (32, 0.0001, 'dice_loss') | Lowest val Loss: inf at epoch 0
Params: (64, 0.0001, 'bce_loss') | Lowest val Loss: inf at epoch 0
Params: (64, 0.0001, 'dice_loss') | Lowest val Loss: inf at epoch 0
Params: (128, 0.0001, 'bce_loss') | Lowest val Loss: inf at epoch 0
Params: (128, 0.0001, 'dice_loss') | Lowest val Loss: inf at epoch 0
