Using device: cuda
Configuration
data:
  path: /scratch/phys/sin/sethih1/data_files/planar_molecules_256
  split_by_id: 0
log_path: /scratch/phys/sin/sethih1/runs_ters/planar_256/config6/
model:
  att_channels: 32
  filters:
  - 16
  - 32
  - 64
  - 128
  - 256
  in_channels: 400
  kernel_size:
  - 3
  - 3
  - 3
  - 3
  - 3
  out_channels: 1
  type: AttentionUNet
save_path: /scratch/phys/sin/sethih1/models/planar_256/config6/
training:
  batch_sizes:
  - 32
  - 64
  - 128
  epochs: 50
  learning_rates:
  - 0.0001
  loss_functions:
  - bce_loss
  - dice_loss

Data Loaded
Data loaded
Training with paramaeters:  (32, 0.0001, 'bce_loss')
Epoch    1/50, time: 130.85 s, training_loss: 0.437
Epoch    1/50, time: 151.73 s, val_loss: 0.422
Epoch    2/50, time: 114.20 s, training_loss: 0.298
Epoch    2/50, time: 132.13 s, val_loss: 0.275
Epoch    3/50, time: 114.11 s, training_loss: 0.266
Epoch    3/50, time: 131.92 s, val_loss: 0.242
Epoch    4/50, time: 112.60 s, training_loss: 0.238
Epoch    4/50, time: 130.61 s, val_loss: 0.244
Epoch    5/50, time: 113.35 s, training_loss: 0.224
Epoch    5/50, time: 131.45 s, val_loss: 0.234
Epoch    6/50, time: 115.67 s, training_loss: 0.212
Epoch    6/50, time: 133.64 s, val_loss: 0.217
Epoch    7/50, time: 116.14 s, training_loss: 0.205
Epoch    7/50, time: 133.86 s, val_loss: 0.203
Epoch    8/50, time: 112.35 s, training_loss: 0.197
Epoch    8/50, time: 130.39 s, val_loss: 0.200
Epoch    9/50, time: 113.28 s, training_loss: 0.192
Epoch    9/50, time: 131.39 s, val_loss: 0.191
Epoch   10/50, time: 112.45 s, training_loss: 0.200
Epoch   10/50, time: 130.82 s, val_loss: 0.215
Epoch   11/50, time: 111.45 s, training_loss: 0.188
Epoch   11/50, time: 129.54 s, val_loss: 0.184
Epoch   12/50, time: 112.08 s, training_loss: 0.177
Epoch   12/50, time: 129.95 s, val_loss: 0.174
Epoch   13/50, time: 112.32 s, training_loss: 0.172
Epoch   13/50, time: 130.20 s, val_loss: 0.173
Epoch   14/50, time: 113.14 s, training_loss: 0.167
Epoch   14/50, time: 130.99 s, val_loss: 0.169
Epoch   15/50, time: 115.29 s, training_loss: 0.162
Epoch   15/50, time: 133.84 s, val_loss: 0.165
Epoch   16/50, time: 112.89 s, training_loss: 0.157
Epoch   16/50, time: 130.78 s, val_loss: 0.157
Epoch   17/50, time: 111.00 s, training_loss: 0.154
Epoch   17/50, time: 128.86 s, val_loss: 0.156
Epoch   18/50, time: 112.61 s, training_loss: 0.150
Epoch   18/50, time: 130.91 s, val_loss: 0.152
Epoch   19/50, time: 115.10 s, training_loss: 0.146
Epoch   19/50, time: 133.36 s, val_loss: 0.148
Epoch   20/50, time: 114.60 s, training_loss: 0.143
Epoch   20/50, time: 132.72 s, val_loss: 0.140
Epoch   21/50, time: 112.40 s, training_loss: 0.139
Epoch   21/50, time: 130.84 s, val_loss: 0.141
Epoch   22/50, time: 114.58 s, training_loss: 0.136
Epoch   22/50, time: 132.65 s, val_loss: 0.137
Epoch   23/50, time: 113.32 s, training_loss: 0.134
Epoch   23/50, time: 131.37 s, val_loss: 0.140
Epoch   24/50, time: 113.02 s, training_loss: 0.135
Epoch   24/50, time: 131.46 s, val_loss: 0.137
Epoch   25/50, time: 116.48 s, training_loss: 0.130
Epoch   25/50, time: 134.75 s, val_loss: 0.133
Epoch   26/50, time: 113.05 s, training_loss: 0.126
Epoch   26/50, time: 131.05 s, val_loss: 0.126
Epoch   27/50, time: 114.97 s, training_loss: 0.123
Epoch   27/50, time: 133.09 s, val_loss: 0.125
Epoch   28/50, time: 112.66 s, training_loss: 0.121
Epoch   28/50, time: 130.59 s, val_loss: 0.126
Epoch   29/50, time: 114.85 s, training_loss: 0.119
Epoch   29/50, time: 133.29 s, val_loss: 0.123
Epoch   30/50, time: 112.44 s, training_loss: 0.116
Epoch   30/50, time: 130.78 s, val_loss: 0.121
Epoch   31/50, time: 115.27 s, training_loss: 0.113
Epoch   31/50, time: 133.36 s, val_loss: 0.118
Epoch   32/50, time: 112.97 s, training_loss: 0.110
Epoch   32/50, time: 130.97 s, val_loss: 0.111
Epoch   33/50, time: 114.28 s, training_loss: 0.108
Epoch   33/50, time: 132.63 s, val_loss: 0.112
Epoch   34/50, time: 112.56 s, training_loss: 0.106
Epoch   34/50, time: 130.84 s, val_loss: 0.122
Epoch   35/50, time: 115.68 s, training_loss: 0.112
Epoch   35/50, time: 133.77 s, val_loss: 0.118
Epoch   36/50, time: 112.45 s, training_loss: 0.107
Epoch   36/50, time: 130.61 s, val_loss: 0.111
Epoch   37/50, time: 116.61 s, training_loss: 0.104
Epoch   37/50, time: 134.96 s, val_loss: 0.105
Epoch   38/50, time: 112.53 s, training_loss: 0.101
Epoch   38/50, time: 130.55 s, val_loss: 0.107
Epoch   39/50, time: 117.26 s, training_loss: 0.098
Epoch   39/50, time: 135.50 s, val_loss: 0.104
Epoch   40/50, time: 114.62 s, training_loss: 0.095
Epoch   40/50, time: 133.03 s, val_loss: 0.103
Epoch   41/50, time: 115.55 s, training_loss: 0.092
Epoch   41/50, time: 133.83 s, val_loss: 0.094
Epoch   42/50, time: 113.33 s, training_loss: 0.089
Epoch   42/50, time: 131.97 s, val_loss: 0.101
Epoch   43/50, time: 115.08 s, training_loss: 0.087
Epoch   43/50, time: 133.46 s, val_loss: 0.095
Epoch   44/50, time: 112.32 s, training_loss: 0.084
Epoch   44/50, time: 129.97 s, val_loss: 0.096
Epoch   45/50, time: 115.00 s, training_loss: 0.082
Epoch   45/50, time: 132.97 s, val_loss: 0.097
Epoch   46/50, time: 115.43 s, training_loss: 0.079
Epoch   46/50, time: 134.07 s, val_loss: 0.093
Epoch   47/50, time: 115.87 s, training_loss: 0.077
Epoch   47/50, time: 133.98 s, val_loss: 0.091
Epoch   48/50, time: 116.34 s, training_loss: 0.075
Epoch   48/50, time: 134.48 s, val_loss: 0.088
Epoch   49/50, time: 113.21 s, training_loss: 0.073
Epoch   49/50, time: 131.51 s, val_loss: 0.088
Epoch   50/50, time: 115.85 s, training_loss: 0.071
Epoch   50/50, time: 133.91 s, val_loss: 0.088
Training with paramaeters:  (32, 0.0001, 'dice_loss')
Epoch    1/50, time: 114.47 s, training_loss: 0.843
Epoch    1/50, time: 132.91 s, val_loss: 0.902
Epoch    2/50, time: 112.89 s, training_loss: 0.797
Epoch    2/50, time: 130.87 s, val_loss: 0.887
Epoch    3/50, time: 116.60 s, training_loss: 0.765
Epoch    3/50, time: 134.72 s, val_loss: 0.818
Epoch    4/50, time: 113.96 s, training_loss: 0.743
Epoch    4/50, time: 132.37 s, val_loss: 0.802
Epoch    5/50, time: 114.80 s, training_loss: 0.728
Epoch    5/50, time: 132.95 s, val_loss: 0.764
Epoch    6/50, time: 115.99 s, training_loss: 0.717
Epoch    6/50, time: 134.13 s, val_loss: 0.718
Epoch    7/50, time: 116.80 s, training_loss: 0.706
Epoch    7/50, time: 134.76 s, val_loss: 0.725
Epoch    8/50, time: 116.46 s, training_loss: 0.696
Epoch    8/50, time: 134.93 s, val_loss: 0.710
Epoch    9/50, time: 113.79 s, training_loss: 0.684
Epoch    9/50, time: 131.95 s, val_loss: 0.680
Epoch   10/50, time: 111.41 s, training_loss: 0.673
Epoch   10/50, time: 129.43 s, val_loss: 0.673
Epoch   11/50, time: 115.68 s, training_loss: 0.657
Epoch   11/50, time: 134.00 s, val_loss: 0.662
Epoch   12/50, time: 111.06 s, training_loss: 0.642
Epoch   12/50, time: 129.34 s, val_loss: 0.643
Epoch   13/50, time: 115.77 s, training_loss: 0.621
Epoch   13/50, time: 134.10 s, val_loss: 0.686
Epoch   14/50, time: 113.47 s, training_loss: 0.604
Epoch   14/50, time: 131.81 s, val_loss: 0.610
Epoch   15/50, time: 111.76 s, training_loss: 0.587
Epoch   15/50, time: 130.04 s, val_loss: 0.650
Epoch   16/50, time: 113.08 s, training_loss: 0.568
Epoch   16/50, time: 131.17 s, val_loss: 0.577
Epoch   17/50, time: 113.44 s, training_loss: 0.550
Epoch   17/50, time: 131.56 s, val_loss: 0.603
Epoch   18/50, time: 112.49 s, training_loss: 0.528
Epoch   18/50, time: 130.92 s, val_loss: 0.588
Epoch   19/50, time: 117.02 s, training_loss: 0.512
Epoch   19/50, time: 135.11 s, val_loss: 0.533
Epoch   20/50, time: 114.97 s, training_loss: 0.491
Epoch   20/50, time: 133.09 s, val_loss: 0.567
Epoch   21/50, time: 111.42 s, training_loss: 0.485
Epoch   21/50, time: 129.84 s, val_loss: 0.533
Epoch   22/50, time: 115.97 s, training_loss: 0.485
Epoch   22/50, time: 134.18 s, val_loss: 0.593
Epoch   23/50, time: 114.02 s, training_loss: 0.457
Epoch   23/50, time: 132.09 s, val_loss: 0.538
Epoch   24/50, time: 115.34 s, training_loss: 0.433
Epoch   24/50, time: 133.58 s, val_loss: 0.537
Epoch   25/50, time: 113.41 s, training_loss: 0.418
Epoch   25/50, time: 131.09 s, val_loss: 0.504
Epoch   26/50, time: 116.26 s, training_loss: 0.408
Epoch   26/50, time: 134.56 s, val_loss: 0.493
Epoch   27/50, time: 114.82 s, training_loss: 0.398
Epoch   27/50, time: 132.78 s, val_loss: 0.513
Epoch   28/50, time: 114.07 s, training_loss: 0.382
Epoch   28/50, time: 132.04 s, val_loss: 0.479
Epoch   29/50, time: 111.15 s, training_loss: 0.366
Epoch   29/50, time: 129.89 s, val_loss: 0.449
Epoch   30/50, time: 114.44 s, training_loss: 0.358
Epoch   30/50, time: 132.39 s, val_loss: 0.462
Epoch   31/50, time: 111.62 s, training_loss: 0.345
Epoch   31/50, time: 129.77 s, val_loss: 0.494
Epoch   32/50, time: 112.25 s, training_loss: 0.337
Epoch   32/50, time: 130.66 s, val_loss: 0.462
Epoch   33/50, time: 113.70 s, training_loss: 0.333
Epoch   33/50, time: 132.15 s, val_loss: 0.442
Epoch   34/50, time: 113.42 s, training_loss: 0.331
Epoch   34/50, time: 131.51 s, val_loss: 0.468
Epoch   35/50, time: 115.61 s, training_loss: 0.326
Epoch   35/50, time: 134.03 s, val_loss: 0.477
Epoch   36/50, time: 112.24 s, training_loss: 0.313
Epoch   36/50, time: 130.42 s, val_loss: 0.491
Epoch   37/50, time: 116.76 s, training_loss: 0.305
Epoch   37/50, time: 134.98 s, val_loss: 0.413
Epoch   38/50, time: 111.83 s, training_loss: 0.292
Epoch   38/50, time: 130.25 s, val_loss: 0.398
Epoch   39/50, time: 113.78 s, training_loss: 0.283
Epoch   39/50, time: 132.28 s, val_loss: 0.396
Epoch   40/50, time: 115.82 s, training_loss: 0.273
Epoch   40/50, time: 134.23 s, val_loss: 0.430
Epoch   41/50, time: 114.41 s, training_loss: 0.269
Epoch   41/50, time: 132.70 s, val_loss: 0.390
Epoch   42/50, time: 114.88 s, training_loss: 0.266
Epoch   42/50, time: 133.16 s, val_loss: 0.403
Epoch   43/50, time: 115.58 s, training_loss: 0.261
Epoch   43/50, time: 133.90 s, val_loss: 0.383
Epoch   44/50, time: 113.53 s, training_loss: 0.255
Epoch   44/50, time: 132.00 s, val_loss: 0.415
Epoch   45/50, time: 114.47 s, training_loss: 0.247
Epoch   45/50, time: 132.88 s, val_loss: 0.399
Epoch   46/50, time: 116.16 s, training_loss: 0.239
Epoch   46/50, time: 134.13 s, val_loss: 0.418
Epoch   47/50, time: 112.81 s, training_loss: 0.229
Epoch   47/50, time: 130.91 s, val_loss: 0.377
Epoch   48/50, time: 113.69 s, training_loss: 0.223
Epoch   48/50, time: 132.16 s, val_loss: 0.413
Epoch   49/50, time: 117.06 s, training_loss: 0.216
Epoch   49/50, time: 134.94 s, val_loss: 0.425
Epoch   50/50, time: 112.49 s, training_loss: 0.212
Epoch   50/50, time: 130.63 s, val_loss: 0.369
Training with paramaeters:  (64, 0.0001, 'bce_loss')
Epoch    1/50, time: 126.75 s, training_loss: 0.725
Epoch    1/50, time: 160.76 s, val_loss: 0.735
Epoch    2/50, time: 127.64 s, training_loss: 0.580
Epoch    2/50, time: 160.74 s, val_loss: 0.611
Epoch    3/50, time: 124.52 s, training_loss: 0.509
Epoch    3/50, time: 157.57 s, val_loss: 0.493
Epoch    4/50, time: 125.96 s, training_loss: 0.472
Epoch    4/50, time: 159.57 s, val_loss: 0.451
Epoch    5/50, time: 126.28 s, training_loss: 0.445
Epoch    5/50, time: 159.89 s, val_loss: 0.451
Epoch    6/50, time: 125.91 s, training_loss: 0.430
Epoch    6/50, time: 159.43 s, val_loss: 0.412
Epoch    7/50, time: 128.19 s, training_loss: 0.416
Epoch    7/50, time: 161.76 s, val_loss: 0.412
Epoch    8/50, time: 127.05 s, training_loss: 0.408
Epoch    8/50, time: 160.43 s, val_loss: 0.435
Epoch    9/50, time: 126.02 s, training_loss: 0.406
Epoch    9/50, time: 159.37 s, val_loss: 0.421
Epoch   10/50, time: 125.33 s, training_loss: 0.413
Epoch   10/50, time: 158.74 s, val_loss: 0.396
Epoch   11/50, time: 125.85 s, training_loss: 0.396
Epoch   11/50, time: 159.30 s, val_loss: 0.381
Epoch   12/50, time: 126.90 s, training_loss: 0.383
Epoch   12/50, time: 159.91 s, val_loss: 0.378
Epoch   13/50, time: 126.91 s, training_loss: 0.375
Epoch   13/50, time: 159.54 s, val_loss: 0.385
Epoch   14/50, time: 123.64 s, training_loss: 0.369
Epoch   14/50, time: 157.45 s, val_loss: 0.374
Epoch   15/50, time: 124.14 s, training_loss: 0.362
Epoch   15/50, time: 156.95 s, val_loss: 0.363
Epoch   16/50, time: 123.07 s, training_loss: 0.356
Epoch   16/50, time: 156.44 s, val_loss: 0.364
Epoch   17/50, time: 126.14 s, training_loss: 0.357
Epoch   17/50, time: 159.37 s, val_loss: 0.355
Epoch   18/50, time: 124.34 s, training_loss: 0.348
Epoch   18/50, time: 157.97 s, val_loss: 0.344
Epoch   19/50, time: 127.38 s, training_loss: 0.340
Epoch   19/50, time: 160.83 s, val_loss: 0.348
Epoch   20/50, time: 128.88 s, training_loss: 0.334
Epoch   20/50, time: 162.69 s, val_loss: 0.334
Epoch   21/50, time: 127.21 s, training_loss: 0.327
Epoch   21/50, time: 160.50 s, val_loss: 0.323
Epoch   22/50, time: 125.76 s, training_loss: 0.322
Epoch   22/50, time: 159.60 s, val_loss: 0.324
Epoch   23/50, time: 126.93 s, training_loss: 0.318
Epoch   23/50, time: 159.66 s, val_loss: 0.315
Epoch   24/50, time: 125.93 s, training_loss: 0.313
Epoch   24/50, time: 158.92 s, val_loss: 0.319
Epoch   25/50, time: 127.58 s, training_loss: 0.309
Epoch   25/50, time: 160.98 s, val_loss: 0.303
Epoch   26/50, time: 125.12 s, training_loss: 0.304
Epoch   26/50, time: 158.10 s, val_loss: 0.306
Epoch   27/50, time: 126.12 s, training_loss: 0.300
Epoch   27/50, time: 158.99 s, val_loss: 0.300
Epoch   28/50, time: 125.97 s, training_loss: 0.302
Epoch   28/50, time: 159.77 s, val_loss: 0.324
Epoch   29/50, time: 126.80 s, training_loss: 0.316
Epoch   29/50, time: 159.39 s, val_loss: 0.314
Epoch   30/50, time: 125.74 s, training_loss: 0.302
Epoch   30/50, time: 158.81 s, val_loss: 0.295
Epoch   31/50, time: 125.51 s, training_loss: 0.292
Epoch   31/50, time: 159.24 s, val_loss: 0.286
Epoch   32/50, time: 125.05 s, training_loss: 0.285
Epoch   32/50, time: 158.10 s, val_loss: 0.290
Epoch   33/50, time: 126.39 s, training_loss: 0.279
Epoch   33/50, time: 160.27 s, val_loss: 0.281
Epoch   34/50, time: 127.62 s, training_loss: 0.275
Epoch   34/50, time: 161.22 s, val_loss: 0.283
Epoch   35/50, time: 127.61 s, training_loss: 0.271
Epoch   35/50, time: 160.70 s, val_loss: 0.293
Epoch   36/50, time: 124.53 s, training_loss: 0.268
Epoch   36/50, time: 158.60 s, val_loss: 0.261
Epoch   37/50, time: 127.80 s, training_loss: 0.263
Epoch   37/50, time: 161.63 s, val_loss: 0.267
Epoch   38/50, time: 125.33 s, training_loss: 0.260
Epoch   38/50, time: 158.43 s, val_loss: 0.274
Epoch   39/50, time: 126.43 s, training_loss: 0.262
Epoch   39/50, time: 159.20 s, val_loss: 0.263
Epoch   40/50, time: 127.64 s, training_loss: 0.256
Epoch   40/50, time: 161.26 s, val_loss: 0.265
Epoch   41/50, time: 124.79 s, training_loss: 0.250
Epoch   41/50, time: 159.49 s, val_loss: 0.259
Epoch   42/50, time: 127.61 s, training_loss: 0.246
Epoch   42/50, time: 161.09 s, val_loss: 0.247
Epoch   43/50, time: 127.19 s, training_loss: 0.242
Epoch   43/50, time: 160.67 s, val_loss: 0.241
Epoch   44/50, time: 126.17 s, training_loss: 0.239
Epoch   44/50, time: 159.58 s, val_loss: 0.238
Epoch   45/50, time: 129.16 s, training_loss: 0.236
Epoch   45/50, time: 162.37 s, val_loss: 0.240
Epoch   46/50, time: 125.24 s, training_loss: 0.233
Epoch   46/50, time: 158.38 s, val_loss: 0.240
Epoch   47/50, time: 126.49 s, training_loss: 0.230
Epoch   47/50, time: 160.06 s, val_loss: 0.233
Epoch   48/50, time: 125.81 s, training_loss: 0.226
Epoch   48/50, time: 159.34 s, val_loss: 0.231
Epoch   49/50, time: 127.00 s, training_loss: 0.223
Epoch   49/50, time: 160.07 s, val_loss: 0.230
Epoch   50/50, time: 126.24 s, training_loss: 0.220
Epoch   50/50, time: 159.88 s, val_loss: 0.223
Training with paramaeters:  (64, 0.0001, 'dice_loss')
Epoch    1/50, time: 126.90 s, training_loss: 0.844
Epoch    1/50, time: 159.78 s, val_loss: 0.928
Epoch    2/50, time: 125.02 s, training_loss: 0.799
Epoch    2/50, time: 158.25 s, val_loss: 0.897
Epoch    3/50, time: 124.79 s, training_loss: 0.773
Epoch    3/50, time: 158.15 s, val_loss: 0.807
Epoch    4/50, time: 126.03 s, training_loss: 0.747
Epoch    4/50, time: 159.83 s, val_loss: 0.877
Epoch    5/50, time: 126.44 s, training_loss: 0.728
Epoch    5/50, time: 160.26 s, val_loss: 0.875
Epoch    6/50, time: 126.55 s, training_loss: 0.713
Epoch    6/50, time: 160.35 s, val_loss: 0.816
Epoch    7/50, time: 127.68 s, training_loss: 0.701
Epoch    7/50, time: 161.57 s, val_loss: 0.755
Epoch    8/50, time: 126.96 s, training_loss: 0.694
Epoch    8/50, time: 160.61 s, val_loss: 0.704
Epoch    9/50, time: 124.46 s, training_loss: 0.685
Epoch    9/50, time: 157.27 s, val_loss: 0.710
Epoch   10/50, time: 125.71 s, training_loss: 0.680
Epoch   10/50, time: 159.22 s, val_loss: 0.775
Epoch   11/50, time: 126.86 s, training_loss: 0.673
Epoch   11/50, time: 160.21 s, val_loss: 0.660
Epoch   12/50, time: 126.62 s, training_loss: 0.663
Epoch   12/50, time: 160.19 s, val_loss: 0.659
Epoch   13/50, time: 125.93 s, training_loss: 0.656
Epoch   13/50, time: 159.44 s, val_loss: 0.705
Epoch   14/50, time: 125.86 s, training_loss: 0.650
Epoch   14/50, time: 159.26 s, val_loss: 0.656
Epoch   15/50, time: 126.90 s, training_loss: 0.648
Epoch   15/50, time: 160.18 s, val_loss: 0.642
Epoch   16/50, time: 128.04 s, training_loss: 0.645
Epoch   16/50, time: 162.22 s, val_loss: 0.677
Epoch   17/50, time: 125.53 s, training_loss: 0.634
Epoch   17/50, time: 158.77 s, val_loss: 0.638
Epoch   18/50, time: 126.55 s, training_loss: 0.627
Epoch   18/50, time: 160.77 s, val_loss: 0.654
Epoch   19/50, time: 125.54 s, training_loss: 0.615
Epoch   19/50, time: 159.04 s, val_loss: 0.650
Epoch   20/50, time: 126.60 s, training_loss: 0.605
Epoch   20/50, time: 160.39 s, val_loss: 0.618
Epoch   21/50, time: 128.96 s, training_loss: 0.594
Epoch   21/50, time: 162.34 s, val_loss: 0.634
Epoch   22/50, time: 128.44 s, training_loss: 0.582
Epoch   22/50, time: 161.72 s, val_loss: 0.722
Epoch   23/50, time: 125.08 s, training_loss: 0.568
Epoch   23/50, time: 158.47 s, val_loss: 0.595
Epoch   24/50, time: 126.80 s, training_loss: 0.554
Epoch   24/50, time: 160.59 s, val_loss: 0.651
Epoch   25/50, time: 127.07 s, training_loss: 0.546
Epoch   25/50, time: 160.53 s, val_loss: 0.619
Epoch   26/50, time: 128.96 s, training_loss: 0.535
Epoch   26/50, time: 162.04 s, val_loss: 0.618
Epoch   27/50, time: 125.23 s, training_loss: 0.517
Epoch   27/50, time: 158.53 s, val_loss: 0.605
Epoch   28/50, time: 124.27 s, training_loss: 0.503
Epoch   28/50, time: 157.80 s, val_loss: 0.586
Epoch   29/50, time: 125.31 s, training_loss: 0.491
Epoch   29/50, time: 159.02 s, val_loss: 0.611
Epoch   30/50, time: 124.55 s, training_loss: 0.481
Epoch   30/50, time: 158.06 s, val_loss: 0.553
Epoch   31/50, time: 125.50 s, training_loss: 0.469
Epoch   31/50, time: 158.71 s, val_loss: 0.537
Epoch   32/50, time: 125.35 s, training_loss: 0.455
Epoch   32/50, time: 158.58 s, val_loss: 0.604
Epoch   33/50, time: 126.52 s, training_loss: 0.465
Epoch   33/50, time: 159.91 s, val_loss: 0.558
Epoch   34/50, time: 125.02 s, training_loss: 0.444
Epoch   34/50, time: 158.57 s, val_loss: 0.558
Epoch   35/50, time: 127.09 s, training_loss: 0.430
Epoch   35/50, time: 160.61 s, val_loss: 0.549
Epoch   36/50, time: 128.74 s, training_loss: 0.424
Epoch   36/50, time: 162.08 s, val_loss: 0.582
Epoch   37/50, time: 127.01 s, training_loss: 0.401
Epoch   37/50, time: 160.44 s, val_loss: 0.525
Epoch   38/50, time: 124.57 s, training_loss: 0.389
Epoch   38/50, time: 157.61 s, val_loss: 0.510
Epoch   39/50, time: 124.56 s, training_loss: 0.383
Epoch   39/50, time: 158.17 s, val_loss: 0.603
Epoch   40/50, time: 126.86 s, training_loss: 0.381
Epoch   40/50, time: 160.51 s, val_loss: 0.581
Epoch   41/50, time: 126.81 s, training_loss: 0.368
Epoch   41/50, time: 160.34 s, val_loss: 0.542
Epoch   42/50, time: 127.54 s, training_loss: 0.355
Epoch   42/50, time: 160.73 s, val_loss: 0.475
Epoch   43/50, time: 127.88 s, training_loss: 0.349
Epoch   43/50, time: 162.83 s, val_loss: 0.497
Epoch   44/50, time: 127.59 s, training_loss: 0.361
Epoch   44/50, time: 161.21 s, val_loss: 0.542
Epoch   45/50, time: 126.38 s, training_loss: 0.362
Epoch   45/50, time: 159.72 s, val_loss: 0.540
Epoch   46/50, time: 125.78 s, training_loss: 0.352
Epoch   46/50, time: 160.16 s, val_loss: 0.563
Epoch   47/50, time: 125.50 s, training_loss: 0.340
Epoch   47/50, time: 158.88 s, val_loss: 0.491
Epoch   48/50, time: 126.94 s, training_loss: 0.325
Epoch   48/50, time: 160.33 s, val_loss: 0.566
Epoch   49/50, time: 124.31 s, training_loss: 0.326
Epoch   49/50, time: 157.53 s, val_loss: 0.479
Epoch   50/50, time: 126.98 s, training_loss: 0.323
Epoch   50/50, time: 160.83 s, val_loss: 0.491
Training with paramaeters:  (128, 0.0001, 'bce_loss')
Epoch    1/50, time: 130.43 s, training_loss: 0.660
Epoch    1/50, time: 193.12 s, val_loss: 0.679
Epoch    2/50, time: 131.01 s, training_loss: 0.557
Epoch    2/50, time: 193.98 s, val_loss: 0.641
Epoch    3/50, time: 132.79 s, training_loss: 0.507
Epoch    3/50, time: 196.26 s, val_loss: 0.544
Epoch    4/50, time: 131.25 s, training_loss: 0.466
Epoch    4/50, time: 194.04 s, val_loss: 0.470
Epoch    5/50, time: 130.72 s, training_loss: 0.436
Epoch    5/50, time: 193.21 s, val_loss: 0.430
Epoch    6/50, time: 131.59 s, training_loss: 0.415
Epoch    6/50, time: 193.70 s, val_loss: 0.415
Epoch    7/50, time: 130.28 s, training_loss: 0.396
Epoch    7/50, time: 192.53 s, val_loss: 0.398
Epoch    8/50, time: 131.76 s, training_loss: 0.385
Epoch    8/50, time: 195.14 s, val_loss: 0.371
Epoch    9/50, time: 130.77 s, training_loss: 0.373
Epoch    9/50, time: 194.60 s, val_loss: 0.356
Epoch   10/50, time: 130.95 s, training_loss: 0.363
Epoch   10/50, time: 193.37 s, val_loss: 0.351
Epoch   11/50, time: 133.54 s, training_loss: 0.356
Epoch   11/50, time: 194.27 s, val_loss: 0.349
Epoch   12/50, time: 132.79 s, training_loss: 0.348
Epoch   12/50, time: 197.61 s, val_loss: 0.348
Epoch   13/50, time: 134.07 s, training_loss: 0.344
Epoch   13/50, time: 196.92 s, val_loss: 0.333
Epoch   14/50, time: 130.53 s, training_loss: 0.341
Epoch   14/50, time: 192.62 s, val_loss: 0.334
Epoch   15/50, time: 132.48 s, training_loss: 0.342
Epoch   15/50, time: 195.36 s, val_loss: 0.339
Epoch   16/50, time: 132.56 s, training_loss: 0.335
Epoch   16/50, time: 195.77 s, val_loss: 0.339
Epoch   17/50, time: 133.82 s, training_loss: 0.331
Epoch   17/50, time: 195.27 s, val_loss: 0.351
Epoch   18/50, time: 131.69 s, training_loss: 0.329
Epoch   18/50, time: 194.94 s, val_loss: 0.314
Epoch   19/50, time: 132.29 s, training_loss: 0.325
Epoch   19/50, time: 193.86 s, val_loss: 0.308
Epoch   20/50, time: 134.06 s, training_loss: 0.319
Epoch   20/50, time: 196.17 s, val_loss: 0.307
Epoch   21/50, time: 130.59 s, training_loss: 0.315
Epoch   21/50, time: 192.20 s, val_loss: 0.325
Epoch   22/50, time: 132.06 s, training_loss: 0.309
Epoch   22/50, time: 195.73 s, val_loss: 0.312
Epoch   23/50, time: 129.55 s, training_loss: 0.305
Epoch   23/50, time: 191.36 s, val_loss: 0.303
Epoch   24/50, time: 132.00 s, training_loss: 0.302
Epoch   24/50, time: 193.52 s, val_loss: 0.299
Epoch   25/50, time: 133.50 s, training_loss: 0.299
Epoch   25/50, time: 194.19 s, val_loss: 0.298
Epoch   26/50, time: 129.47 s, training_loss: 0.297
Epoch   26/50, time: 191.03 s, val_loss: 0.298
Epoch   27/50, time: 134.95 s, training_loss: 0.294
Epoch   27/50, time: 196.80 s, val_loss: 0.302
Epoch   28/50, time: 132.05 s, training_loss: 0.293
Epoch   28/50, time: 194.76 s, val_loss: 0.298
Epoch   29/50, time: 133.31 s, training_loss: 0.288
Epoch   29/50, time: 196.14 s, val_loss: 0.284
Epoch   30/50, time: 132.51 s, training_loss: 0.285
Epoch   30/50, time: 195.09 s, val_loss: 0.274
Epoch   31/50, time: 130.65 s, training_loss: 0.282
Epoch   31/50, time: 192.56 s, val_loss: 0.279
Epoch   32/50, time: 132.12 s, training_loss: 0.278
Epoch   32/50, time: 193.63 s, val_loss: 0.274
Epoch   33/50, time: 131.88 s, training_loss: 0.276
Epoch   33/50, time: 194.65 s, val_loss: 0.276
Epoch   34/50, time: 132.68 s, training_loss: 0.275
Epoch   34/50, time: 195.43 s, val_loss: 0.273
Epoch   35/50, time: 132.89 s, training_loss: 0.273
Epoch   35/50, time: 195.10 s, val_loss: 0.267
Epoch   36/50, time: 133.71 s, training_loss: 0.269
Epoch   36/50, time: 195.09 s, val_loss: 0.272
Epoch   37/50, time: 130.57 s, training_loss: 0.266
Epoch   37/50, time: 192.73 s, val_loss: 0.259
Epoch   38/50, time: 130.08 s, training_loss: 0.262
Epoch   38/50, time: 192.06 s, val_loss: 0.273
Epoch   39/50, time: 129.51 s, training_loss: 0.259
Epoch   39/50, time: 192.77 s, val_loss: 0.261
Epoch   40/50, time: 132.84 s, training_loss: 0.256
Epoch   40/50, time: 194.68 s, val_loss: 0.256
Epoch   41/50, time: 132.94 s, training_loss: 0.254
Epoch   41/50, time: 192.78 s, val_loss: 0.252
Epoch   42/50, time: 131.25 s, training_loss: 0.252
Epoch   42/50, time: 191.21 s, val_loss: 0.253
Epoch   43/50, time: 132.31 s, training_loss: 0.249
Epoch   43/50, time: 193.84 s, val_loss: 0.248
Epoch   44/50, time: 132.35 s, training_loss: 0.246
Epoch   44/50, time: 194.01 s, val_loss: 0.241
Epoch   45/50, time: 132.39 s, training_loss: 0.247
Epoch   45/50, time: 194.82 s, val_loss: 0.245
Epoch   46/50, time: 132.60 s, training_loss: 0.247
Epoch   46/50, time: 195.18 s, val_loss: 0.227
Epoch   47/50, time: 132.31 s, training_loss: 0.246
Epoch   47/50, time: 193.24 s, val_loss: 0.247
Epoch   48/50, time: 132.29 s, training_loss: 0.244
Epoch   48/50, time: 193.66 s, val_loss: 0.264
Epoch   49/50, time: 132.42 s, training_loss: 0.239
Epoch   49/50, time: 194.87 s, val_loss: 0.246
Epoch   50/50, time: 139.26 s, training_loss: 0.236
Epoch   50/50, time: 209.74 s, val_loss: 0.244
Training with paramaeters:  (128, 0.0001, 'dice_loss')
Epoch    1/50, time: 135.03 s, training_loss: 0.850
Epoch    1/50, time: 197.13 s, val_loss: 0.942
Epoch    2/50, time: 130.66 s, training_loss: 0.789
Epoch    2/50, time: 193.59 s, val_loss: 0.933
Epoch    3/50, time: 131.91 s, training_loss: 0.763
Epoch    3/50, time: 194.61 s, val_loss: 0.937
Epoch    4/50, time: 133.54 s, training_loss: 0.747
Epoch    4/50, time: 196.43 s, val_loss: 0.868
Epoch    5/50, time: 132.82 s, training_loss: 0.731
Epoch    5/50, time: 194.78 s, val_loss: 0.765
Epoch    6/50, time: 131.34 s, training_loss: 0.715
Epoch    6/50, time: 194.01 s, val_loss: 0.755
Epoch    7/50, time: 133.33 s, training_loss: 0.703
Epoch    7/50, time: 196.05 s, val_loss: 0.711
Epoch    8/50, time: 131.94 s, training_loss: 0.695
Epoch    8/50, time: 194.60 s, val_loss: 0.697
Epoch    9/50, time: 131.59 s, training_loss: 0.687
Epoch    9/50, time: 192.11 s, val_loss: 0.693
Epoch   10/50, time: 131.45 s, training_loss: 0.681
Epoch   10/50, time: 194.36 s, val_loss: 0.675
Epoch   11/50, time: 133.66 s, training_loss: 0.675
Epoch   11/50, time: 196.78 s, val_loss: 0.657
Epoch   12/50, time: 131.99 s, training_loss: 0.671
Epoch   12/50, time: 194.18 s, val_loss: 0.695
Epoch   13/50, time: 131.21 s, training_loss: 0.666
Epoch   13/50, time: 194.84 s, val_loss: 0.675
Epoch   14/50, time: 131.81 s, training_loss: 0.670
Epoch   14/50, time: 194.05 s, val_loss: 0.666
Epoch   15/50, time: 132.29 s, training_loss: 0.655
Epoch   15/50, time: 195.15 s, val_loss: 0.668
Epoch   16/50, time: 131.53 s, training_loss: 0.651
Epoch   16/50, time: 194.12 s, val_loss: 0.654
Epoch   17/50, time: 131.42 s, training_loss: 0.648
Epoch   17/50, time: 193.87 s, val_loss: 0.666
Epoch   18/50, time: 131.89 s, training_loss: 0.645
Epoch   18/50, time: 193.56 s, val_loss: 0.643
Epoch   19/50, time: 133.14 s, training_loss: 0.641
Epoch   19/50, time: 194.62 s, val_loss: 0.648
Epoch   20/50, time: 130.18 s, training_loss: 0.633
Epoch   20/50, time: 193.43 s, val_loss: 0.669
Epoch   21/50, time: 132.15 s, training_loss: 0.638
Epoch   21/50, time: 195.05 s, val_loss: 0.638
Epoch   22/50, time: 130.96 s, training_loss: 0.638
Epoch   22/50, time: 191.58 s, val_loss: 0.648
Epoch   23/50, time: 131.26 s, training_loss: 0.631
Epoch   23/50, time: 192.78 s, val_loss: 0.640
Epoch   24/50, time: 132.27 s, training_loss: 0.623
Epoch   24/50, time: 194.22 s, val_loss: 0.653
Epoch   25/50, time: 134.32 s, training_loss: 0.619
Epoch   25/50, time: 196.31 s, val_loss: 0.633
Epoch   26/50, time: 132.78 s, training_loss: 0.613
Epoch   26/50, time: 194.73 s, val_loss: 0.613
Epoch   27/50, time: 132.92 s, training_loss: 0.609
Epoch   27/50, time: 195.52 s, val_loss: 0.620
Epoch   28/50, time: 133.54 s, training_loss: 0.608
Epoch   28/50, time: 196.75 s, val_loss: 0.624
Epoch   29/50, time: 130.72 s, training_loss: 0.601
Epoch   29/50, time: 192.91 s, val_loss: 0.606
Epoch   30/50, time: 134.96 s, training_loss: 0.595
Epoch   30/50, time: 196.09 s, val_loss: 0.609
Epoch   31/50, time: 131.41 s, training_loss: 0.589
Epoch   31/50, time: 194.84 s, val_loss: 0.596
Epoch   32/50, time: 132.16 s, training_loss: 0.581
Epoch   32/50, time: 194.40 s, val_loss: 0.604
Epoch   33/50, time: 131.98 s, training_loss: 0.577
Epoch   33/50, time: 194.77 s, val_loss: 0.626
Epoch   34/50, time: 135.42 s, training_loss: 0.570
Epoch   34/50, time: 197.29 s, val_loss: 0.640
Epoch   35/50, time: 131.14 s, training_loss: 0.562
Epoch   35/50, time: 192.91 s, val_loss: 0.585
Epoch   36/50, time: 132.40 s, training_loss: 0.557
Epoch   36/50, time: 194.54 s, val_loss: 0.565
Epoch   37/50, time: 132.19 s, training_loss: 0.550
Epoch   37/50, time: 193.68 s, val_loss: 0.589
Epoch   38/50, time: 131.89 s, training_loss: 0.547
Epoch   38/50, time: 194.59 s, val_loss: 0.619
Epoch   39/50, time: 131.47 s, training_loss: 0.539
Epoch   39/50, time: 194.16 s, val_loss: 0.553
Epoch   40/50, time: 132.86 s, training_loss: 0.526
Epoch   40/50, time: 195.89 s, val_loss: 0.578
Epoch   41/50, time: 133.43 s, training_loss: 0.519
Epoch   41/50, time: 195.14 s, val_loss: 0.585
Epoch   42/50, time: 132.44 s, training_loss: 0.520
Epoch   42/50, time: 194.36 s, val_loss: 0.635
Epoch   43/50, time: 132.09 s, training_loss: 0.507
Epoch   43/50, time: 195.11 s, val_loss: 0.612
Epoch   44/50, time: 132.07 s, training_loss: 0.497
Epoch   44/50, time: 194.25 s, val_loss: 0.554
Epoch   45/50, time: 132.41 s, training_loss: 0.501
Epoch   45/50, time: 194.59 s, val_loss: 0.628
Epoch   46/50, time: 133.49 s, training_loss: 0.484
Epoch   46/50, time: 195.35 s, val_loss: 0.540
Epoch   47/50, time: 130.96 s, training_loss: 0.479
Epoch   47/50, time: 193.51 s, val_loss: 0.565
Epoch   48/50, time: 130.60 s, training_loss: 0.470
Epoch   48/50, time: 192.48 s, val_loss: 0.539
Epoch   49/50, time: 131.79 s, training_loss: 0.463
Epoch   49/50, time: 193.71 s, val_loss: 0.552
Epoch   50/50, time: 130.91 s, training_loss: 0.457
Epoch   50/50, time: 191.84 s, val_loss: 0.569

Results sorted by validation loss:
Params: (32, 0.0001, 'bce_loss') | Lowest val Loss: inf at epoch 0
Params: (32, 0.0001, 'dice_loss') | Lowest val Loss: inf at epoch 0
Params: (64, 0.0001, 'bce_loss') | Lowest val Loss: inf at epoch 0
Params: (64, 0.0001, 'dice_loss') | Lowest val Loss: inf at epoch 0
Params: (128, 0.0001, 'bce_loss') | Lowest val Loss: inf at epoch 0
Params: (128, 0.0001, 'dice_loss') | Lowest val Loss: inf at epoch 0
