Using device: cuda
Configuration
data:
  path: /scratch/phys/sin/sethih1/data_files/planar_molecules_256
  split_by_id: 0
log_path: /scratch/phys/sin/sethih1/runs_ters/planar_256/config7/
model:
  att_channels: 32
  filters:
  - 16
  - 32
  - 64
  - 128
  - 256
  - 512
  in_channels: 400
  kernel_size:
  - 3
  - 3
  - 3
  - 3
  - 3
  - 3
  out_channels: 1
  type: AttentionUNet
save_path: /scratch/phys/sin/sethih1/models/planar_256/config7/
training:
  batch_sizes:
  - 32
  - 64
  - 128
  epochs: 50
  learning_rates:
  - 0.0001
  loss_functions:
  - bce_loss
  - dice_loss

Data Loaded
Data loaded
Training with paramaeters:  (32, 0.0001, 'bce_loss')
Epoch    1/50, time: 127.28 s, training_loss: 0.648
Epoch    1/50, time: 147.45 s, val_loss: 0.613
Epoch    2/50, time: 126.70 s, training_loss: 0.503
Epoch    2/50, time: 146.84 s, val_loss: 0.494
Epoch    3/50, time: 127.44 s, training_loss: 0.465
Epoch    3/50, time: 147.68 s, val_loss: 0.440
Epoch    4/50, time: 127.92 s, training_loss: 0.423
Epoch    4/50, time: 148.32 s, val_loss: 0.410
Epoch    5/50, time: 126.40 s, training_loss: 0.403
Epoch    5/50, time: 146.64 s, val_loss: 0.395
Epoch    6/50, time: 125.85 s, training_loss: 0.383
Epoch    6/50, time: 146.20 s, val_loss: 0.374
Epoch    7/50, time: 126.95 s, training_loss: 0.370
Epoch    7/50, time: 146.90 s, val_loss: 0.364
Epoch    8/50, time: 128.36 s, training_loss: 0.353
Epoch    8/50, time: 148.66 s, val_loss: 0.344
Epoch    9/50, time: 127.12 s, training_loss: 0.340
Epoch    9/50, time: 147.38 s, val_loss: 0.343
Epoch   10/50, time: 125.67 s, training_loss: 0.330
Epoch   10/50, time: 145.94 s, val_loss: 0.325
Epoch   11/50, time: 125.79 s, training_loss: 0.318
Epoch   11/50, time: 146.20 s, val_loss: 0.313
Epoch   12/50, time: 126.17 s, training_loss: 0.307
Epoch   12/50, time: 146.59 s, val_loss: 0.304
Epoch   13/50, time: 125.91 s, training_loss: 0.297
Epoch   13/50, time: 145.87 s, val_loss: 0.293
Epoch   14/50, time: 126.20 s, training_loss: 0.287
Epoch   14/50, time: 146.56 s, val_loss: 0.291
Epoch   15/50, time: 125.38 s, training_loss: 0.278
Epoch   15/50, time: 145.39 s, val_loss: 0.272
Epoch   16/50, time: 125.91 s, training_loss: 0.269
Epoch   16/50, time: 146.26 s, val_loss: 0.274
Epoch   17/50, time: 127.26 s, training_loss: 0.261
Epoch   17/50, time: 147.55 s, val_loss: 0.259
Epoch   18/50, time: 128.63 s, training_loss: 0.254
Epoch   18/50, time: 148.99 s, val_loss: 0.251
Epoch   19/50, time: 126.47 s, training_loss: 0.245
Epoch   19/50, time: 146.80 s, val_loss: 0.240
Epoch   20/50, time: 125.31 s, training_loss: 0.239
Epoch   20/50, time: 145.67 s, val_loss: 0.235
Epoch   21/50, time: 127.40 s, training_loss: 0.231
Epoch   21/50, time: 147.77 s, val_loss: 0.229
Epoch   22/50, time: 125.92 s, training_loss: 0.224
Epoch   22/50, time: 146.45 s, val_loss: 0.228
Epoch   23/50, time: 127.29 s, training_loss: 0.218
Epoch   23/50, time: 147.86 s, val_loss: 0.218
Epoch   24/50, time: 127.40 s, training_loss: 0.211
Epoch   24/50, time: 147.89 s, val_loss: 0.211
Epoch   25/50, time: 125.91 s, training_loss: 0.204
Epoch   25/50, time: 146.21 s, val_loss: 0.211
Epoch   26/50, time: 125.38 s, training_loss: 0.200
Epoch   26/50, time: 145.96 s, val_loss: 0.201
Epoch   27/50, time: 127.00 s, training_loss: 0.193
Epoch   27/50, time: 147.49 s, val_loss: 0.195
Epoch   28/50, time: 126.27 s, training_loss: 0.185
Epoch   28/50, time: 146.45 s, val_loss: 0.192
Epoch   29/50, time: 126.49 s, training_loss: 0.179
Epoch   29/50, time: 146.53 s, val_loss: 0.188
Epoch   30/50, time: 126.37 s, training_loss: 0.173
Epoch   30/50, time: 146.62 s, val_loss: 0.176
Epoch   31/50, time: 126.93 s, training_loss: 0.168
Epoch   31/50, time: 147.20 s, val_loss: 0.170
Epoch   32/50, time: 125.14 s, training_loss: 0.162
Epoch   32/50, time: 145.27 s, val_loss: 0.173
Epoch   33/50, time: 127.61 s, training_loss: 0.160
Epoch   33/50, time: 148.14 s, val_loss: 0.167
Epoch   34/50, time: 125.65 s, training_loss: 0.152
Epoch   34/50, time: 145.76 s, val_loss: 0.160
Epoch   35/50, time: 126.10 s, training_loss: 0.146
Epoch   35/50, time: 146.46 s, val_loss: 0.163
Epoch   36/50, time: 127.41 s, training_loss: 0.141
Epoch   36/50, time: 147.75 s, val_loss: 0.152
Epoch   37/50, time: 127.43 s, training_loss: 0.136
Epoch   37/50, time: 147.66 s, val_loss: 0.146
Epoch   38/50, time: 125.48 s, training_loss: 0.133
Epoch   38/50, time: 145.61 s, val_loss: 0.143
Epoch   39/50, time: 124.50 s, training_loss: 0.128
Epoch   39/50, time: 144.69 s, val_loss: 0.139
Epoch   40/50, time: 125.82 s, training_loss: 0.125
Epoch   40/50, time: 145.97 s, val_loss: 0.134
Epoch   41/50, time: 127.78 s, training_loss: 0.119
Epoch   41/50, time: 148.08 s, val_loss: 0.134
Epoch   42/50, time: 125.66 s, training_loss: 0.115
Epoch   42/50, time: 145.77 s, val_loss: 0.133
Epoch   43/50, time: 126.85 s, training_loss: 0.112
Epoch   43/50, time: 147.12 s, val_loss: 0.128
Epoch   44/50, time: 126.17 s, training_loss: 0.108
Epoch   44/50, time: 146.62 s, val_loss: 0.132
Epoch   45/50, time: 126.05 s, training_loss: 0.105
Epoch   45/50, time: 146.51 s, val_loss: 0.121
Epoch   46/50, time: 126.57 s, training_loss: 0.103
Epoch   46/50, time: 146.99 s, val_loss: 0.125
Epoch   47/50, time: 127.02 s, training_loss: 0.098
Epoch   47/50, time: 147.22 s, val_loss: 0.119
Epoch   48/50, time: 127.27 s, training_loss: 0.094
Epoch   48/50, time: 147.42 s, val_loss: 0.122
Epoch   49/50, time: 127.43 s, training_loss: 0.092
Epoch   49/50, time: 147.87 s, val_loss: 0.120
Epoch   50/50, time: 126.32 s, training_loss: 0.090
Epoch   50/50, time: 146.87 s, val_loss: 0.120
Training with paramaeters:  (32, 0.0001, 'dice_loss')
Epoch    1/50, time: 125.80 s, training_loss: 0.847
Epoch    1/50, time: 146.05 s, val_loss: 0.932
Epoch    2/50, time: 126.65 s, training_loss: 0.784
Epoch    2/50, time: 146.78 s, val_loss: 0.809
Epoch    3/50, time: 127.30 s, training_loss: 0.756
Epoch    3/50, time: 147.60 s, val_loss: 0.736
Epoch    4/50, time: 127.66 s, training_loss: 0.743
Epoch    4/50, time: 147.53 s, val_loss: 0.793
Epoch    5/50, time: 127.88 s, training_loss: 0.734
Epoch    5/50, time: 147.99 s, val_loss: 0.745
Epoch    6/50, time: 125.20 s, training_loss: 0.728
Epoch    6/50, time: 145.41 s, val_loss: 0.728
Epoch    7/50, time: 126.14 s, training_loss: 0.718
Epoch    7/50, time: 146.17 s, val_loss: 0.737
Epoch    8/50, time: 127.07 s, training_loss: 0.709
Epoch    8/50, time: 147.21 s, val_loss: 0.854
Epoch    9/50, time: 126.69 s, training_loss: 0.700
Epoch    9/50, time: 146.63 s, val_loss: 0.731
Epoch   10/50, time: 126.08 s, training_loss: 0.690
Epoch   10/50, time: 146.27 s, val_loss: 0.672
Epoch   11/50, time: 126.62 s, training_loss: 0.673
Epoch   11/50, time: 146.98 s, val_loss: 0.723
Epoch   12/50, time: 126.15 s, training_loss: 0.665
Epoch   12/50, time: 146.05 s, val_loss: 0.691
Epoch   13/50, time: 127.25 s, training_loss: 0.652
Epoch   13/50, time: 147.50 s, val_loss: 0.627
Epoch   14/50, time: 126.59 s, training_loss: 0.637
Epoch   14/50, time: 146.48 s, val_loss: 0.677
Epoch   15/50, time: 126.75 s, training_loss: 0.631
Epoch   15/50, time: 146.96 s, val_loss: 0.666
Epoch   16/50, time: 126.41 s, training_loss: 0.619
Epoch   16/50, time: 146.63 s, val_loss: 0.607
Epoch   17/50, time: 125.77 s, training_loss: 0.607
Epoch   17/50, time: 146.18 s, val_loss: 0.637
Epoch   18/50, time: 126.27 s, training_loss: 0.592
Epoch   18/50, time: 146.66 s, val_loss: 0.640
Epoch   19/50, time: 126.18 s, training_loss: 0.576
Epoch   19/50, time: 146.45 s, val_loss: 0.640
Epoch   20/50, time: 127.46 s, training_loss: 0.567
Epoch   20/50, time: 147.67 s, val_loss: 0.601
Epoch   21/50, time: 125.99 s, training_loss: 0.550
Epoch   21/50, time: 146.05 s, val_loss: 0.606
Epoch   22/50, time: 125.80 s, training_loss: 0.535
Epoch   22/50, time: 146.14 s, val_loss: 0.582
Epoch   23/50, time: 125.85 s, training_loss: 0.524
Epoch   23/50, time: 146.30 s, val_loss: 0.585
Epoch   24/50, time: 126.33 s, training_loss: 0.510
Epoch   24/50, time: 146.75 s, val_loss: 0.507
Epoch   25/50, time: 125.67 s, training_loss: 0.503
Epoch   25/50, time: 145.95 s, val_loss: 0.549
Epoch   26/50, time: 127.07 s, training_loss: 0.485
Epoch   26/50, time: 147.25 s, val_loss: 0.559
Epoch   27/50, time: 126.47 s, training_loss: 0.467
Epoch   27/50, time: 146.82 s, val_loss: 0.481
Epoch   28/50, time: 126.62 s, training_loss: 0.457
Epoch   28/50, time: 146.93 s, val_loss: 0.542
Epoch   29/50, time: 127.37 s, training_loss: 0.461
Epoch   29/50, time: 147.55 s, val_loss: 0.538
Epoch   30/50, time: 126.50 s, training_loss: 0.445
Epoch   30/50, time: 146.83 s, val_loss: 0.464
Epoch   31/50, time: 126.08 s, training_loss: 0.424
Epoch   31/50, time: 146.61 s, val_loss: 0.446
Epoch   32/50, time: 126.04 s, training_loss: 0.423
Epoch   32/50, time: 146.17 s, val_loss: 0.454
Epoch   33/50, time: 125.77 s, training_loss: 0.406
Epoch   33/50, time: 145.91 s, val_loss: 0.461
Epoch   34/50, time: 125.82 s, training_loss: 0.391
Epoch   34/50, time: 146.31 s, val_loss: 0.445
Epoch   35/50, time: 124.87 s, training_loss: 0.378
Epoch   35/50, time: 145.36 s, val_loss: 0.458
Epoch   36/50, time: 125.23 s, training_loss: 0.377
Epoch   36/50, time: 145.86 s, val_loss: 0.471
Epoch   37/50, time: 126.83 s, training_loss: 0.361
Epoch   37/50, time: 146.82 s, val_loss: 0.424
Epoch   38/50, time: 126.03 s, training_loss: 0.350
Epoch   38/50, time: 146.49 s, val_loss: 0.428
Epoch   39/50, time: 126.38 s, training_loss: 0.345
Epoch   39/50, time: 146.78 s, val_loss: 0.477
Epoch   40/50, time: 127.94 s, training_loss: 0.351
Epoch   40/50, time: 148.61 s, val_loss: 0.461
Epoch   41/50, time: 127.06 s, training_loss: 0.335
Epoch   41/50, time: 147.26 s, val_loss: 0.415
Epoch   42/50, time: 126.79 s, training_loss: 0.312
Epoch   42/50, time: 146.94 s, val_loss: 0.423
Epoch   43/50, time: 126.08 s, training_loss: 0.305
Epoch   43/50, time: 146.25 s, val_loss: 0.392
Epoch   44/50, time: 126.77 s, training_loss: 0.295
Epoch   44/50, time: 147.20 s, val_loss: 0.405
Epoch   45/50, time: 126.54 s, training_loss: 0.285
Epoch   45/50, time: 146.69 s, val_loss: 0.422
Epoch   46/50, time: 126.23 s, training_loss: 0.287
Epoch   46/50, time: 146.57 s, val_loss: 0.408
Epoch   47/50, time: 125.56 s, training_loss: 0.286
Epoch   47/50, time: 145.73 s, val_loss: 0.385
Epoch   48/50, time: 126.50 s, training_loss: 0.272
Epoch   48/50, time: 146.66 s, val_loss: 0.396
Epoch   49/50, time: 126.20 s, training_loss: 0.280
Epoch   49/50, time: 146.64 s, val_loss: 0.365
Epoch   50/50, time: 126.49 s, training_loss: 0.284
Epoch   50/50, time: 146.50 s, val_loss: 0.434
Training with paramaeters:  (64, 0.0001, 'bce_loss')
Epoch    1/50, time: 138.76 s, training_loss: 0.638
Epoch    1/50, time: 176.08 s, val_loss: 0.629
Epoch    2/50, time: 138.75 s, training_loss: 0.504
Epoch    2/50, time: 175.55 s, val_loss: 0.516
Epoch    3/50, time: 138.49 s, training_loss: 0.448
Epoch    3/50, time: 175.22 s, val_loss: 0.438
Epoch    4/50, time: 138.23 s, training_loss: 0.417
Epoch    4/50, time: 174.94 s, val_loss: 0.414
Epoch    5/50, time: 139.30 s, training_loss: 0.407
Epoch    5/50, time: 176.33 s, val_loss: 0.448
Epoch    6/50, time: 139.74 s, training_loss: 0.416
Epoch    6/50, time: 176.79 s, val_loss: 0.416
Epoch    7/50, time: 138.70 s, training_loss: 0.395
Epoch    7/50, time: 175.25 s, val_loss: 0.391
Epoch    8/50, time: 138.92 s, training_loss: 0.381
Epoch    8/50, time: 175.57 s, val_loss: 0.374
Epoch    9/50, time: 139.32 s, training_loss: 0.373
Epoch    9/50, time: 176.33 s, val_loss: 0.366
Epoch   10/50, time: 141.19 s, training_loss: 0.374
Epoch   10/50, time: 178.08 s, val_loss: 0.373
Epoch   11/50, time: 139.80 s, training_loss: 0.369
Epoch   11/50, time: 176.20 s, val_loss: 0.362
Epoch   12/50, time: 139.73 s, training_loss: 0.358
Epoch   12/50, time: 176.26 s, val_loss: 0.356
Epoch   13/50, time: 139.01 s, training_loss: 0.351
Epoch   13/50, time: 176.04 s, val_loss: 0.339
Epoch   14/50, time: 139.47 s, training_loss: 0.346
Epoch   14/50, time: 176.12 s, val_loss: 0.344
Epoch   15/50, time: 139.30 s, training_loss: 0.340
Epoch   15/50, time: 175.80 s, val_loss: 0.329
Epoch   16/50, time: 139.41 s, training_loss: 0.334
Epoch   16/50, time: 176.14 s, val_loss: 0.328
Epoch   17/50, time: 138.54 s, training_loss: 0.329
Epoch   17/50, time: 175.24 s, val_loss: 0.328
Epoch   18/50, time: 139.00 s, training_loss: 0.327
Epoch   18/50, time: 175.91 s, val_loss: 0.349
Epoch   19/50, time: 139.95 s, training_loss: 0.339
Epoch   19/50, time: 177.16 s, val_loss: 0.336
Epoch   20/50, time: 140.15 s, training_loss: 0.328
Epoch   20/50, time: 178.04 s, val_loss: 0.320
Epoch   21/50, time: 139.24 s, training_loss: 0.321
Epoch   21/50, time: 176.42 s, val_loss: 0.317
Epoch   22/50, time: 137.54 s, training_loss: 0.311
Epoch   22/50, time: 174.28 s, val_loss: 0.304
Epoch   23/50, time: 138.55 s, training_loss: 0.306
Epoch   23/50, time: 175.69 s, val_loss: 0.300
Epoch   24/50, time: 138.86 s, training_loss: 0.300
Epoch   24/50, time: 175.74 s, val_loss: 0.330
Epoch   25/50, time: 137.64 s, training_loss: 0.295
Epoch   25/50, time: 174.24 s, val_loss: 0.294
Epoch   26/50, time: 139.00 s, training_loss: 0.291
Epoch   26/50, time: 175.97 s, val_loss: 0.287
Epoch   27/50, time: 139.20 s, training_loss: 0.290
Epoch   27/50, time: 176.22 s, val_loss: 0.297
Epoch   28/50, time: 138.86 s, training_loss: 0.293
Epoch   28/50, time: 175.92 s, val_loss: 0.305
Epoch   29/50, time: 137.78 s, training_loss: 0.285
Epoch   29/50, time: 174.46 s, val_loss: 0.289
Epoch   30/50, time: 139.14 s, training_loss: 0.279
Epoch   30/50, time: 176.42 s, val_loss: 0.270
Epoch   31/50, time: 138.30 s, training_loss: 0.274
Epoch   31/50, time: 175.35 s, val_loss: 0.265
Epoch   32/50, time: 138.30 s, training_loss: 0.270
Epoch   32/50, time: 174.95 s, val_loss: 0.272
Epoch   33/50, time: 139.22 s, training_loss: 0.266
Epoch   33/50, time: 175.95 s, val_loss: 0.267
Epoch   34/50, time: 139.61 s, training_loss: 0.262
Epoch   34/50, time: 176.03 s, val_loss: 0.260
Epoch   35/50, time: 138.30 s, training_loss: 0.259
Epoch   35/50, time: 175.04 s, val_loss: 0.249
Epoch   36/50, time: 140.08 s, training_loss: 0.255
Epoch   36/50, time: 177.47 s, val_loss: 0.251
Epoch   37/50, time: 139.05 s, training_loss: 0.253
Epoch   37/50, time: 175.89 s, val_loss: 0.251
Epoch   38/50, time: 139.96 s, training_loss: 0.257
Epoch   38/50, time: 176.48 s, val_loss: 0.271
Epoch   39/50, time: 139.80 s, training_loss: 0.250
Epoch   39/50, time: 176.75 s, val_loss: 0.244
Epoch   40/50, time: 139.61 s, training_loss: 0.245
Epoch   40/50, time: 176.98 s, val_loss: 0.238
Epoch   41/50, time: 138.42 s, training_loss: 0.241
Epoch   41/50, time: 175.29 s, val_loss: 0.239
Epoch   42/50, time: 139.45 s, training_loss: 0.237
Epoch   42/50, time: 176.14 s, val_loss: 0.242
Epoch   43/50, time: 139.79 s, training_loss: 0.234
Epoch   43/50, time: 176.00 s, val_loss: 0.231
Epoch   44/50, time: 141.05 s, training_loss: 0.231
Epoch   44/50, time: 177.83 s, val_loss: 0.232
Epoch   45/50, time: 138.60 s, training_loss: 0.228
Epoch   45/50, time: 175.30 s, val_loss: 0.229
Epoch   46/50, time: 139.17 s, training_loss: 0.225
Epoch   46/50, time: 176.26 s, val_loss: 0.224
Epoch   47/50, time: 139.08 s, training_loss: 0.222
Epoch   47/50, time: 176.00 s, val_loss: 0.224
Epoch   48/50, time: 137.68 s, training_loss: 0.219
Epoch   48/50, time: 174.17 s, val_loss: 0.217
Epoch   49/50, time: 138.58 s, training_loss: 0.217
Epoch   49/50, time: 175.76 s, val_loss: 0.217
Epoch   50/50, time: 138.75 s, training_loss: 0.216
Epoch   50/50, time: 175.79 s, val_loss: 0.209
Training with paramaeters:  (64, 0.0001, 'dice_loss')
Epoch    1/50, time: 140.62 s, training_loss: 0.845
Epoch    1/50, time: 177.20 s, val_loss: 0.924
Epoch    2/50, time: 138.58 s, training_loss: 0.776
Epoch    2/50, time: 176.01 s, val_loss: 0.931
Epoch    3/50, time: 139.05 s, training_loss: 0.740
Epoch    3/50, time: 175.31 s, val_loss: 0.817
Epoch    4/50, time: 139.41 s, training_loss: 0.720
Epoch    4/50, time: 175.77 s, val_loss: 0.728
Epoch    5/50, time: 140.21 s, training_loss: 0.711
Epoch    5/50, time: 176.57 s, val_loss: 0.743
Epoch    6/50, time: 137.54 s, training_loss: 0.706
Epoch    6/50, time: 174.86 s, val_loss: 0.678
Epoch    7/50, time: 138.33 s, training_loss: 0.702
Epoch    7/50, time: 175.06 s, val_loss: 0.678
Epoch    8/50, time: 138.11 s, training_loss: 0.693
Epoch    8/50, time: 174.82 s, val_loss: 0.721
Epoch    9/50, time: 139.80 s, training_loss: 0.684
Epoch    9/50, time: 176.89 s, val_loss: 0.762
Epoch   10/50, time: 139.79 s, training_loss: 0.681
Epoch   10/50, time: 176.41 s, val_loss: 0.644
Epoch   11/50, time: 138.81 s, training_loss: 0.675
Epoch   11/50, time: 175.98 s, val_loss: 0.696
Epoch   12/50, time: 138.00 s, training_loss: 0.665
Epoch   12/50, time: 174.97 s, val_loss: 0.709
Epoch   13/50, time: 138.65 s, training_loss: 0.658
Epoch   13/50, time: 175.03 s, val_loss: 0.630
Epoch   14/50, time: 139.00 s, training_loss: 0.660
Epoch   14/50, time: 175.87 s, val_loss: 0.622
Epoch   15/50, time: 139.07 s, training_loss: 0.644
Epoch   15/50, time: 175.92 s, val_loss: 0.584
Epoch   16/50, time: 138.93 s, training_loss: 0.634
Epoch   16/50, time: 175.86 s, val_loss: 0.619
Epoch   17/50, time: 138.54 s, training_loss: 0.627
Epoch   17/50, time: 174.87 s, val_loss: 0.672
Epoch   18/50, time: 139.69 s, training_loss: 0.621
Epoch   18/50, time: 176.52 s, val_loss: 0.592
Epoch   19/50, time: 139.32 s, training_loss: 0.612
Epoch   19/50, time: 176.23 s, val_loss: 0.588
Epoch   20/50, time: 140.46 s, training_loss: 0.602
Epoch   20/50, time: 177.30 s, val_loss: 0.615
Epoch   21/50, time: 138.41 s, training_loss: 0.602
Epoch   21/50, time: 174.90 s, val_loss: 0.601
Epoch   22/50, time: 138.58 s, training_loss: 0.592
Epoch   22/50, time: 175.53 s, val_loss: 0.605
Epoch   23/50, time: 138.08 s, training_loss: 0.585
Epoch   23/50, time: 175.22 s, val_loss: 0.729
Epoch   24/50, time: 139.61 s, training_loss: 0.570
Epoch   24/50, time: 176.42 s, val_loss: 0.599
Epoch   25/50, time: 139.16 s, training_loss: 0.558
Epoch   25/50, time: 175.64 s, val_loss: 0.601
Epoch   26/50, time: 139.42 s, training_loss: 0.549
Epoch   26/50, time: 175.69 s, val_loss: 0.641
Epoch   27/50, time: 139.19 s, training_loss: 0.539
Epoch   27/50, time: 176.18 s, val_loss: 0.549
Epoch   28/50, time: 138.61 s, training_loss: 0.530
Epoch   28/50, time: 176.36 s, val_loss: 0.654
Epoch   29/50, time: 139.09 s, training_loss: 0.523
Epoch   29/50, time: 176.32 s, val_loss: 0.567
Epoch   30/50, time: 139.62 s, training_loss: 0.511
Epoch   30/50, time: 176.17 s, val_loss: 0.597
Epoch   31/50, time: 139.97 s, training_loss: 0.499
Epoch   31/50, time: 177.05 s, val_loss: 0.520
Epoch   32/50, time: 140.19 s, training_loss: 0.483
Epoch   32/50, time: 176.95 s, val_loss: 0.512
Epoch   33/50, time: 138.94 s, training_loss: 0.477
Epoch   33/50, time: 175.55 s, val_loss: 0.518
Epoch   34/50, time: 139.00 s, training_loss: 0.476
Epoch   34/50, time: 176.03 s, val_loss: 0.512
Epoch   35/50, time: 138.75 s, training_loss: 0.469
Epoch   35/50, time: 175.54 s, val_loss: 0.618
Epoch   36/50, time: 139.30 s, training_loss: 0.452
Epoch   36/50, time: 176.04 s, val_loss: 0.669
Epoch   37/50, time: 140.97 s, training_loss: 0.443
Epoch   37/50, time: 177.38 s, val_loss: 0.667
Epoch   38/50, time: 139.23 s, training_loss: 0.458
Epoch   38/50, time: 176.27 s, val_loss: 0.596
Epoch   39/50, time: 139.31 s, training_loss: 0.441
Epoch   39/50, time: 176.82 s, val_loss: 0.511
Epoch   40/50, time: 139.25 s, training_loss: 0.432
Epoch   40/50, time: 175.90 s, val_loss: 0.530
Epoch   41/50, time: 139.35 s, training_loss: 0.423
Epoch   41/50, time: 175.82 s, val_loss: 0.477
Epoch   42/50, time: 137.84 s, training_loss: 0.420
Epoch   42/50, time: 174.48 s, val_loss: 0.492
Epoch   43/50, time: 138.14 s, training_loss: 0.411
Epoch   43/50, time: 174.97 s, val_loss: 0.482
Epoch   44/50, time: 139.12 s, training_loss: 0.398
Epoch   44/50, time: 176.14 s, val_loss: 0.490
Epoch   45/50, time: 138.35 s, training_loss: 0.384
Epoch   45/50, time: 175.63 s, val_loss: 0.419
Epoch   46/50, time: 138.57 s, training_loss: 0.382
Epoch   46/50, time: 175.61 s, val_loss: 0.455
Epoch   47/50, time: 139.87 s, training_loss: 0.380
Epoch   47/50, time: 176.12 s, val_loss: 0.499
Epoch   48/50, time: 138.38 s, training_loss: 0.384
Epoch   48/50, time: 174.98 s, val_loss: 0.464
Epoch   49/50, time: 138.09 s, training_loss: 0.388
Epoch   49/50, time: 175.35 s, val_loss: 0.541
Epoch   50/50, time: 139.71 s, training_loss: 0.363
Epoch   50/50, time: 176.62 s, val_loss: 0.541
Training with paramaeters:  (128, 0.0001, 'bce_loss')
Epoch    1/50, time: 146.74 s, training_loss: 0.529
Epoch    1/50, time: 216.37 s, val_loss: 0.640
Epoch    2/50, time: 146.09 s, training_loss: 0.440
Epoch    2/50, time: 216.92 s, val_loss: 0.550
Epoch    3/50, time: 146.88 s, training_loss: 0.390
Epoch    3/50, time: 216.61 s, val_loss: 0.448
Epoch    4/50, time: 144.43 s, training_loss: 0.375
Epoch    4/50, time: 214.03 s, val_loss: 0.403
Epoch    5/50, time: 146.32 s, training_loss: 0.353
Epoch    5/50, time: 216.73 s, val_loss: 0.375
Epoch    6/50, time: 145.43 s, training_loss: 0.340
Epoch    6/50, time: 216.33 s, val_loss: 0.354
Epoch    7/50, time: 147.51 s, training_loss: 0.326
Epoch    7/50, time: 217.70 s, val_loss: 0.339
Epoch    8/50, time: 147.28 s, training_loss: 0.320
Epoch    8/50, time: 217.84 s, val_loss: 0.316
Epoch    9/50, time: 145.76 s, training_loss: 0.318
Epoch    9/50, time: 216.12 s, val_loss: 0.313
Epoch   10/50, time: 146.42 s, training_loss: 0.309
Epoch   10/50, time: 216.14 s, val_loss: 0.316
Epoch   11/50, time: 146.21 s, training_loss: 0.301
Epoch   11/50, time: 216.42 s, val_loss: 0.305
Epoch   12/50, time: 145.49 s, training_loss: 0.295
Epoch   12/50, time: 215.90 s, val_loss: 0.292
Epoch   13/50, time: 145.97 s, training_loss: 0.290
Epoch   13/50, time: 216.61 s, val_loss: 0.290
Epoch   14/50, time: 147.57 s, training_loss: 0.286
Epoch   14/50, time: 218.32 s, val_loss: 0.287
Epoch   15/50, time: 145.91 s, training_loss: 0.281
Epoch   15/50, time: 215.95 s, val_loss: 0.278
Epoch   16/50, time: 144.88 s, training_loss: 0.283
Epoch   16/50, time: 214.44 s, val_loss: 0.280
Epoch   17/50, time: 145.50 s, training_loss: 0.278
Epoch   17/50, time: 215.79 s, val_loss: 0.272
Epoch   18/50, time: 146.27 s, training_loss: 0.273
Epoch   18/50, time: 216.51 s, val_loss: 0.278
Epoch   19/50, time: 146.57 s, training_loss: 0.271
Epoch   19/50, time: 216.68 s, val_loss: 0.270
Epoch   20/50, time: 144.96 s, training_loss: 0.266
Epoch   20/50, time: 215.25 s, val_loss: 0.264
Epoch   21/50, time: 146.62 s, training_loss: 0.264
Epoch   21/50, time: 216.85 s, val_loss: 0.269
Epoch   22/50, time: 145.97 s, training_loss: 0.261
Epoch   22/50, time: 215.97 s, val_loss: 0.260
Epoch   23/50, time: 146.10 s, training_loss: 0.258
Epoch   23/50, time: 216.30 s, val_loss: 0.255
Epoch   24/50, time: 146.50 s, training_loss: 0.255
Epoch   24/50, time: 216.02 s, val_loss: 0.260
Epoch   25/50, time: 147.11 s, training_loss: 0.253
Epoch   25/50, time: 217.67 s, val_loss: 0.246
Epoch   26/50, time: 146.51 s, training_loss: 0.251
Epoch   26/50, time: 217.22 s, val_loss: 0.257
Epoch   27/50, time: 147.56 s, training_loss: 0.255
Epoch   27/50, time: 217.99 s, val_loss: 0.254
Epoch   28/50, time: 145.78 s, training_loss: 0.252
Epoch   28/50, time: 215.85 s, val_loss: 0.239
Epoch   29/50, time: 145.09 s, training_loss: 0.248
Epoch   29/50, time: 215.98 s, val_loss: 0.254
Epoch   30/50, time: 146.36 s, training_loss: 0.245
Epoch   30/50, time: 216.03 s, val_loss: 0.246
Epoch   31/50, time: 145.81 s, training_loss: 0.242
Epoch   31/50, time: 215.81 s, val_loss: 0.241
Epoch   32/50, time: 145.70 s, training_loss: 0.240
Epoch   32/50, time: 217.40 s, val_loss: 0.249
Epoch   33/50, time: 145.52 s, training_loss: 0.238
Epoch   33/50, time: 215.31 s, val_loss: 0.230
Epoch   34/50, time: 143.52 s, training_loss: 0.236
Epoch   34/50, time: 211.86 s, val_loss: 0.240
Epoch   35/50, time: 143.78 s, training_loss: 0.233
Epoch   35/50, time: 211.93 s, val_loss: 0.235
Epoch   36/50, time: 143.12 s, training_loss: 0.232
Epoch   36/50, time: 212.02 s, val_loss: 0.223
Epoch   37/50, time: 143.52 s, training_loss: 0.230
Epoch   37/50, time: 211.77 s, val_loss: 0.237
Epoch   38/50, time: 146.35 s, training_loss: 0.228
Epoch   38/50, time: 215.04 s, val_loss: 0.230
Epoch   39/50, time: 144.33 s, training_loss: 0.226
Epoch   39/50, time: 212.67 s, val_loss: 0.226
Epoch   40/50, time: 144.46 s, training_loss: 0.224
Epoch   40/50, time: 213.40 s, val_loss: 0.228
Epoch   41/50, time: 145.03 s, training_loss: 0.221
Epoch   41/50, time: 212.67 s, val_loss: 0.229
Epoch   42/50, time: 143.22 s, training_loss: 0.220
Epoch   42/50, time: 210.60 s, val_loss: 0.226
Epoch   43/50, time: 144.92 s, training_loss: 0.219
Epoch   43/50, time: 213.17 s, val_loss: 0.240
Epoch   44/50, time: 144.81 s, training_loss: 0.216
Epoch   44/50, time: 212.97 s, val_loss: 0.218
Epoch   45/50, time: 143.93 s, training_loss: 0.214
Epoch   45/50, time: 212.68 s, val_loss: 0.211
Epoch   46/50, time: 145.32 s, training_loss: 0.212
Epoch   46/50, time: 214.01 s, val_loss: 0.207
Epoch   47/50, time: 144.51 s, training_loss: 0.210
Epoch   47/50, time: 213.04 s, val_loss: 0.213
Epoch   48/50, time: 145.65 s, training_loss: 0.208
Epoch   48/50, time: 213.22 s, val_loss: 0.207
Epoch   49/50, time: 144.29 s, training_loss: 0.206
Epoch   49/50, time: 212.13 s, val_loss: 0.213
Epoch   50/50, time: 145.46 s, training_loss: 0.205
Epoch   50/50, time: 213.40 s, val_loss: 0.217
Training with paramaeters:  (128, 0.0001, 'dice_loss')
Epoch    1/50, time: 144.87 s, training_loss: 0.888
Epoch    1/50, time: 212.87 s, val_loss: 0.931
Epoch    2/50, time: 144.07 s, training_loss: 0.867
Epoch    2/50, time: 211.96 s, val_loss: 0.921
Epoch    3/50, time: 144.90 s, training_loss: 0.852
Epoch    3/50, time: 212.95 s, val_loss: 0.930
Epoch    4/50, time: 143.50 s, training_loss: 0.839
Epoch    4/50, time: 211.86 s, val_loss: 0.945
Epoch    5/50, time: 143.17 s, training_loss: 0.828
Epoch    5/50, time: 211.08 s, val_loss: 0.928
Epoch    6/50, time: 143.43 s, training_loss: 0.817
Epoch    6/50, time: 211.12 s, val_loss: 0.892
Epoch    7/50, time: 145.15 s, training_loss: 0.807
Epoch    7/50, time: 213.27 s, val_loss: 0.828
Epoch    8/50, time: 146.00 s, training_loss: 0.801
Epoch    8/50, time: 214.60 s, val_loss: 0.835
Epoch    9/50, time: 143.33 s, training_loss: 0.796
Epoch    9/50, time: 211.32 s, val_loss: 0.835
Epoch   10/50, time: 146.56 s, training_loss: 0.790
Epoch   10/50, time: 215.18 s, val_loss: 0.737
Epoch   11/50, time: 145.33 s, training_loss: 0.789
Epoch   11/50, time: 213.55 s, val_loss: 0.798
Epoch   12/50, time: 143.53 s, training_loss: 0.786
Epoch   12/50, time: 211.56 s, val_loss: 0.726
Epoch   13/50, time: 143.62 s, training_loss: 0.781
Epoch   13/50, time: 212.84 s, val_loss: 0.788
Epoch   14/50, time: 142.51 s, training_loss: 0.779
Epoch   14/50, time: 210.64 s, val_loss: 0.811
Epoch   15/50, time: 144.42 s, training_loss: 0.778
Epoch   15/50, time: 212.62 s, val_loss: 0.834
Epoch   16/50, time: 143.93 s, training_loss: 0.779
Epoch   16/50, time: 212.04 s, val_loss: 0.855
Epoch   17/50, time: 143.06 s, training_loss: 0.772
Epoch   17/50, time: 211.29 s, val_loss: 0.700
Epoch   18/50, time: 144.43 s, training_loss: 0.769
Epoch   18/50, time: 212.54 s, val_loss: 0.778
Epoch   19/50, time: 144.13 s, training_loss: 0.770
Epoch   19/50, time: 211.83 s, val_loss: 0.730
Epoch   20/50, time: 145.52 s, training_loss: 0.770
Epoch   20/50, time: 213.21 s, val_loss: 0.804
Epoch   21/50, time: 143.86 s, training_loss: 0.769
Epoch   21/50, time: 211.71 s, val_loss: 0.702
Epoch   22/50, time: 144.52 s, training_loss: 0.763
Epoch   22/50, time: 212.25 s, val_loss: 0.760
Epoch   23/50, time: 143.94 s, training_loss: 0.761
Epoch   23/50, time: 211.56 s, val_loss: 0.715
Epoch   24/50, time: 143.72 s, training_loss: 0.757
Epoch   24/50, time: 211.25 s, val_loss: 0.705
Epoch   25/50, time: 143.03 s, training_loss: 0.753
Epoch   25/50, time: 210.68 s, val_loss: 0.697
Epoch   26/50, time: 144.21 s, training_loss: 0.752
Epoch   26/50, time: 211.76 s, val_loss: 0.788
Epoch   27/50, time: 144.41 s, training_loss: 0.750
Epoch   27/50, time: 212.35 s, val_loss: 0.782
Epoch   28/50, time: 143.64 s, training_loss: 0.746
Epoch   28/50, time: 211.29 s, val_loss: 0.700
Epoch   29/50, time: 145.17 s, training_loss: 0.742
Epoch   29/50, time: 212.68 s, val_loss: 0.760
Epoch   30/50, time: 144.26 s, training_loss: 0.738
Epoch   30/50, time: 213.14 s, val_loss: 0.823
Epoch   31/50, time: 144.05 s, training_loss: 0.736
Epoch   31/50, time: 211.80 s, val_loss: 0.756
Epoch   32/50, time: 142.95 s, training_loss: 0.737
Epoch   32/50, time: 211.20 s, val_loss: 0.758
Epoch   33/50, time: 144.47 s, training_loss: 0.730
Epoch   33/50, time: 212.10 s, val_loss: 0.745
Epoch   34/50, time: 143.53 s, training_loss: 0.725
Epoch   34/50, time: 211.95 s, val_loss: 0.672
Epoch   35/50, time: 143.59 s, training_loss: 0.720
Epoch   35/50, time: 211.59 s, val_loss: 0.681
Epoch   36/50, time: 144.67 s, training_loss: 0.719
Epoch   36/50, time: 211.95 s, val_loss: 0.641
Epoch   37/50, time: 143.75 s, training_loss: 0.712
Epoch   37/50, time: 212.78 s, val_loss: 0.773
Epoch   38/50, time: 145.29 s, training_loss: 0.706
Epoch   38/50, time: 213.61 s, val_loss: 0.762
Epoch   39/50, time: 143.02 s, training_loss: 0.704
Epoch   39/50, time: 210.79 s, val_loss: 0.648
Epoch   40/50, time: 145.05 s, training_loss: 0.702
Epoch   40/50, time: 212.78 s, val_loss: 0.721
Epoch   41/50, time: 144.42 s, training_loss: 0.699
Epoch   41/50, time: 212.01 s, val_loss: 0.738
Epoch   42/50, time: 144.03 s, training_loss: 0.694
Epoch   42/50, time: 211.76 s, val_loss: 0.634
Epoch   43/50, time: 144.49 s, training_loss: 0.693
Epoch   43/50, time: 212.23 s, val_loss: 0.733
Epoch   44/50, time: 142.83 s, training_loss: 0.687
Epoch   44/50, time: 210.62 s, val_loss: 0.646
Epoch   45/50, time: 144.46 s, training_loss: 0.689
Epoch   45/50, time: 213.03 s, val_loss: 0.661
Epoch   46/50, time: 143.82 s, training_loss: 0.687
Epoch   46/50, time: 212.26 s, val_loss: 0.788
Epoch   47/50, time: 143.39 s, training_loss: 0.682
Epoch   47/50, time: 211.48 s, val_loss: 0.665
Epoch   48/50, time: 144.98 s, training_loss: 0.680
Epoch   48/50, time: 212.10 s, val_loss: 0.716
Epoch   49/50, time: 143.00 s, training_loss: 0.672
Epoch   49/50, time: 211.72 s, val_loss: 0.711
Epoch   50/50, time: 144.49 s, training_loss: 0.669
Epoch   50/50, time: 212.47 s, val_loss: 0.592

Results sorted by validation loss:
Params: (32, 0.0001, 'bce_loss') | Lowest val Loss: inf at epoch 0
Params: (32, 0.0001, 'dice_loss') | Lowest val Loss: inf at epoch 0
Params: (64, 0.0001, 'bce_loss') | Lowest val Loss: inf at epoch 0
Params: (64, 0.0001, 'dice_loss') | Lowest val Loss: inf at epoch 0
Params: (128, 0.0001, 'bce_loss') | Lowest val Loss: inf at epoch 0
Params: (128, 0.0001, 'dice_loss') | Lowest val Loss: inf at epoch 0
