Using device: cuda
Configuration
data:
  path: /scratch/phys/sin/sethih1/data_files/planar_molecules_256
  split_by_id: 0
log_path: /scratch/phys/sin/sethih1/runs_ters/planar_256/config2/
model:
  att_channels: 32
  filters:
  - 16
  - 32
  - 64
  - 128
  in_channels: 200
  kernel_size:
  - 3
  - 3
  - 3
  - 3
  out_channels: 1
  type: AttentionUNet
save_path: /scratch/phys/sin/sethih1/models/planar_256/config2/
training:
  batch_sizes:
  - 32
  - 64
  - 128
  epochs: 50
  learning_rates:
  - 0.0001
  loss_functions:
  - bce_loss
  - dice_loss

Data Loaded
Data loaded
Training with paramaeters:  (32, 0.0001, 'bce_loss')
Epoch    1/50, time: 57.97 s, training_loss: 0.501
Epoch    1/50, time: 67.66 s, val_loss: 0.468
Epoch    2/50, time: 58.40 s, training_loss: 0.370
Epoch    2/50, time: 67.93 s, val_loss: 0.345
Epoch    3/50, time: 58.07 s, training_loss: 0.305
Epoch    3/50, time: 67.62 s, val_loss: 0.288
Epoch    4/50, time: 57.89 s, training_loss: 0.278
Epoch    4/50, time: 67.33 s, val_loss: 0.273
Epoch    5/50, time: 57.75 s, training_loss: 0.266
Epoch    5/50, time: 67.34 s, val_loss: 0.280
Epoch    6/50, time: 57.48 s, training_loss: 0.268
Epoch    6/50, time: 66.99 s, val_loss: 0.256
Epoch    7/50, time: 58.92 s, training_loss: 0.251
Epoch    7/50, time: 68.53 s, val_loss: 0.247
Epoch    8/50, time: 57.36 s, training_loss: 0.239
Epoch    8/50, time: 66.99 s, val_loss: 0.234
Epoch    9/50, time: 57.64 s, training_loss: 0.231
Epoch    9/50, time: 67.29 s, val_loss: 0.226
Epoch   10/50, time: 57.95 s, training_loss: 0.226
Epoch   10/50, time: 67.57 s, val_loss: 0.228
Epoch   11/50, time: 58.23 s, training_loss: 0.220
Epoch   11/50, time: 67.58 s, val_loss: 0.217
Epoch   12/50, time: 58.44 s, training_loss: 0.213
Epoch   12/50, time: 68.05 s, val_loss: 0.214
Epoch   13/50, time: 57.99 s, training_loss: 0.207
Epoch   13/50, time: 67.60 s, val_loss: 0.203
Epoch   14/50, time: 58.31 s, training_loss: 0.202
Epoch   14/50, time: 68.07 s, val_loss: 0.199
Epoch   15/50, time: 57.47 s, training_loss: 0.196
Epoch   15/50, time: 67.11 s, val_loss: 0.199
Epoch   16/50, time: 58.18 s, training_loss: 0.191
Epoch   16/50, time: 67.86 s, val_loss: 0.188
Epoch   17/50, time: 57.97 s, training_loss: 0.186
Epoch   17/50, time: 67.56 s, val_loss: 0.186
Epoch   18/50, time: 58.16 s, training_loss: 0.182
Epoch   18/50, time: 67.80 s, val_loss: 0.188
Epoch   19/50, time: 58.08 s, training_loss: 0.177
Epoch   19/50, time: 67.93 s, val_loss: 0.180
Epoch   20/50, time: 58.18 s, training_loss: 0.173
Epoch   20/50, time: 67.87 s, val_loss: 0.169
Epoch   21/50, time: 57.70 s, training_loss: 0.169
Epoch   21/50, time: 67.33 s, val_loss: 0.169
Epoch   22/50, time: 58.27 s, training_loss: 0.165
Epoch   22/50, time: 67.76 s, val_loss: 0.166
Epoch   23/50, time: 58.16 s, training_loss: 0.160
Epoch   23/50, time: 67.90 s, val_loss: 0.160
Epoch   24/50, time: 57.55 s, training_loss: 0.157
Epoch   24/50, time: 67.29 s, val_loss: 0.161
Epoch   25/50, time: 58.37 s, training_loss: 0.167
Epoch   25/50, time: 68.02 s, val_loss: 0.167
Epoch   26/50, time: 57.82 s, training_loss: 0.157
Epoch   26/50, time: 67.61 s, val_loss: 0.159
Epoch   27/50, time: 57.74 s, training_loss: 0.151
Epoch   27/50, time: 67.54 s, val_loss: 0.150
Epoch   28/50, time: 58.15 s, training_loss: 0.148
Epoch   28/50, time: 67.68 s, val_loss: 0.153
Epoch   29/50, time: 56.95 s, training_loss: 0.144
Epoch   29/50, time: 66.39 s, val_loss: 0.144
Epoch   30/50, time: 58.45 s, training_loss: 0.140
Epoch   30/50, time: 68.20 s, val_loss: 0.145
Epoch   31/50, time: 57.45 s, training_loss: 0.137
Epoch   31/50, time: 67.04 s, val_loss: 0.137
Epoch   32/50, time: 58.10 s, training_loss: 0.134
Epoch   32/50, time: 67.79 s, val_loss: 0.139
Epoch   33/50, time: 58.08 s, training_loss: 0.132
Epoch   33/50, time: 67.54 s, val_loss: 0.135
Epoch   34/50, time: 57.63 s, training_loss: 0.128
Epoch   34/50, time: 67.32 s, val_loss: 0.136
Epoch   35/50, time: 57.99 s, training_loss: 0.126
Epoch   35/50, time: 67.80 s, val_loss: 0.133
Epoch   36/50, time: 58.47 s, training_loss: 0.123
Epoch   36/50, time: 68.05 s, val_loss: 0.123
Epoch   37/50, time: 57.41 s, training_loss: 0.119
Epoch   37/50, time: 67.00 s, val_loss: 0.124
Epoch   38/50, time: 57.37 s, training_loss: 0.116
Epoch   38/50, time: 66.86 s, val_loss: 0.124
Epoch   39/50, time: 58.18 s, training_loss: 0.114
Epoch   39/50, time: 68.05 s, val_loss: 0.119
Epoch   40/50, time: 58.83 s, training_loss: 0.111
Epoch   40/50, time: 68.57 s, val_loss: 0.115
Epoch   41/50, time: 57.26 s, training_loss: 0.109
Epoch   41/50, time: 66.87 s, val_loss: 0.114
Epoch   42/50, time: 57.47 s, training_loss: 0.106
Epoch   42/50, time: 67.10 s, val_loss: 0.113
Epoch   43/50, time: 58.80 s, training_loss: 0.104
Epoch   43/50, time: 68.54 s, val_loss: 0.116
Epoch   44/50, time: 57.70 s, training_loss: 0.101
Epoch   44/50, time: 67.33 s, val_loss: 0.111
Epoch   45/50, time: 57.01 s, training_loss: 0.099
Epoch   45/50, time: 66.93 s, val_loss: 0.113
Epoch   46/50, time: 58.46 s, training_loss: 0.096
Epoch   46/50, time: 68.25 s, val_loss: 0.109
Epoch   47/50, time: 57.26 s, training_loss: 0.094
Epoch   47/50, time: 66.89 s, val_loss: 0.107
Epoch   48/50, time: 57.86 s, training_loss: 0.092
Epoch   48/50, time: 67.31 s, val_loss: 0.107
Epoch   49/50, time: 57.76 s, training_loss: 0.089
Epoch   49/50, time: 67.23 s, val_loss: 0.104
Epoch   50/50, time: 57.55 s, training_loss: 0.088
Epoch   50/50, time: 67.06 s, val_loss: 0.103
Training with paramaeters:  (32, 0.0001, 'dice_loss')
Epoch    1/50, time: 57.64 s, training_loss: 0.857
Epoch    1/50, time: 67.22 s, val_loss: 0.878
Epoch    2/50, time: 58.58 s, training_loss: 0.813
Epoch    2/50, time: 68.17 s, val_loss: 0.793
Epoch    3/50, time: 57.69 s, training_loss: 0.790
Epoch    3/50, time: 67.57 s, val_loss: 0.768
Epoch    4/50, time: 59.22 s, training_loss: 0.766
Epoch    4/50, time: 68.98 s, val_loss: 0.738
Epoch    5/50, time: 57.20 s, training_loss: 0.746
Epoch    5/50, time: 66.73 s, val_loss: 0.731
Epoch    6/50, time: 56.56 s, training_loss: 0.733
Epoch    6/50, time: 66.33 s, val_loss: 0.712
Epoch    7/50, time: 57.99 s, training_loss: 0.721
Epoch    7/50, time: 67.68 s, val_loss: 0.702
Epoch    8/50, time: 59.33 s, training_loss: 0.710
Epoch    8/50, time: 69.40 s, val_loss: 0.703
Epoch    9/50, time: 57.73 s, training_loss: 0.698
Epoch    9/50, time: 67.43 s, val_loss: 0.689
Epoch   10/50, time: 58.22 s, training_loss: 0.687
Epoch   10/50, time: 67.68 s, val_loss: 0.678
Epoch   11/50, time: 57.74 s, training_loss: 0.678
Epoch   11/50, time: 67.26 s, val_loss: 0.664
Epoch   12/50, time: 57.48 s, training_loss: 0.669
Epoch   12/50, time: 67.09 s, val_loss: 0.659
Epoch   13/50, time: 57.58 s, training_loss: 0.658
Epoch   13/50, time: 67.13 s, val_loss: 0.669
Epoch   14/50, time: 57.75 s, training_loss: 0.647
Epoch   14/50, time: 67.15 s, val_loss: 0.650
Epoch   15/50, time: 58.53 s, training_loss: 0.636
Epoch   15/50, time: 68.30 s, val_loss: 0.634
Epoch   16/50, time: 57.69 s, training_loss: 0.625
Epoch   16/50, time: 67.38 s, val_loss: 0.615
Epoch   17/50, time: 57.86 s, training_loss: 0.616
Epoch   17/50, time: 67.52 s, val_loss: 0.629
Epoch   18/50, time: 57.80 s, training_loss: 0.601
Epoch   18/50, time: 67.31 s, val_loss: 0.609
Epoch   19/50, time: 57.87 s, training_loss: 0.589
Epoch   19/50, time: 67.54 s, val_loss: 0.599
Epoch   20/50, time: 58.46 s, training_loss: 0.577
Epoch   20/50, time: 67.96 s, val_loss: 0.600
Epoch   21/50, time: 57.39 s, training_loss: 0.566
Epoch   21/50, time: 66.98 s, val_loss: 0.578
Epoch   22/50, time: 58.29 s, training_loss: 0.551
Epoch   22/50, time: 67.93 s, val_loss: 0.568
Epoch   23/50, time: 57.37 s, training_loss: 0.539
Epoch   23/50, time: 66.97 s, val_loss: 0.578
Epoch   24/50, time: 57.60 s, training_loss: 0.524
Epoch   24/50, time: 67.32 s, val_loss: 0.562
Epoch   25/50, time: 57.72 s, training_loss: 0.512
Epoch   25/50, time: 67.32 s, val_loss: 0.558
Epoch   26/50, time: 57.68 s, training_loss: 0.499
Epoch   26/50, time: 67.35 s, val_loss: 0.553
Epoch   27/50, time: 57.44 s, training_loss: 0.485
Epoch   27/50, time: 66.98 s, val_loss: 0.542
Epoch   28/50, time: 57.28 s, training_loss: 0.475
Epoch   28/50, time: 66.78 s, val_loss: 0.536
Epoch   29/50, time: 58.44 s, training_loss: 0.465
Epoch   29/50, time: 68.12 s, val_loss: 0.532
Epoch   30/50, time: 57.61 s, training_loss: 0.451
Epoch   30/50, time: 66.94 s, val_loss: 0.529
Epoch   31/50, time: 57.81 s, training_loss: 0.434
Epoch   31/50, time: 67.54 s, val_loss: 0.529
Epoch   32/50, time: 58.17 s, training_loss: 0.416
Epoch   32/50, time: 67.60 s, val_loss: 0.507
Epoch   33/50, time: 58.56 s, training_loss: 0.398
Epoch   33/50, time: 68.23 s, val_loss: 0.503
Epoch   34/50, time: 57.10 s, training_loss: 0.386
Epoch   34/50, time: 66.81 s, val_loss: 0.492
Epoch   35/50, time: 57.38 s, training_loss: 0.371
Epoch   35/50, time: 66.80 s, val_loss: 0.466
Epoch   36/50, time: 57.40 s, training_loss: 0.354
Epoch   36/50, time: 67.24 s, val_loss: 0.468
Epoch   37/50, time: 57.93 s, training_loss: 0.343
Epoch   37/50, time: 67.42 s, val_loss: 0.476
Epoch   38/50, time: 57.76 s, training_loss: 0.329
Epoch   38/50, time: 67.31 s, val_loss: 0.474
Epoch   39/50, time: 58.29 s, training_loss: 0.314
Epoch   39/50, time: 67.61 s, val_loss: 0.460
Epoch   40/50, time: 58.13 s, training_loss: 0.299
Epoch   40/50, time: 67.72 s, val_loss: 0.499
Epoch   41/50, time: 59.04 s, training_loss: 0.284
Epoch   41/50, time: 68.68 s, val_loss: 0.481
Epoch   42/50, time: 57.47 s, training_loss: 0.270
Epoch   42/50, time: 66.96 s, val_loss: 0.461
Epoch   43/50, time: 58.42 s, training_loss: 0.257
Epoch   43/50, time: 68.17 s, val_loss: 0.441
Epoch   44/50, time: 58.40 s, training_loss: 0.250
Epoch   44/50, time: 68.11 s, val_loss: 0.465
Epoch   45/50, time: 57.18 s, training_loss: 0.238
Epoch   45/50, time: 66.87 s, val_loss: 0.495
Epoch   46/50, time: 56.72 s, training_loss: 0.227
Epoch   46/50, time: 66.29 s, val_loss: 0.465
Epoch   47/50, time: 58.24 s, training_loss: 0.222
Epoch   47/50, time: 68.04 s, val_loss: 0.484
Epoch   48/50, time: 58.17 s, training_loss: 0.211
Epoch   48/50, time: 68.02 s, val_loss: 0.452
Epoch   49/50, time: 58.15 s, training_loss: 0.204
Epoch   49/50, time: 67.67 s, val_loss: 0.437
Epoch   50/50, time: 58.44 s, training_loss: 0.197
Epoch   50/50, time: 67.81 s, val_loss: 0.457
Training with paramaeters:  (64, 0.0001, 'bce_loss')
Epoch    1/50, time: 64.43 s, training_loss: 0.576
Epoch    1/50, time: 81.18 s, val_loss: 0.604
Epoch    2/50, time: 64.46 s, training_loss: 0.428
Epoch    2/50, time: 81.43 s, val_loss: 0.436
Epoch    3/50, time: 64.12 s, training_loss: 0.351
Epoch    3/50, time: 80.84 s, val_loss: 0.347
Epoch    4/50, time: 63.21 s, training_loss: 0.311
Epoch    4/50, time: 80.12 s, val_loss: 0.309
Epoch    5/50, time: 63.29 s, training_loss: 0.290
Epoch    5/50, time: 80.15 s, val_loss: 0.273
Epoch    6/50, time: 63.93 s, training_loss: 0.275
Epoch    6/50, time: 80.94 s, val_loss: 0.290
Epoch    7/50, time: 64.49 s, training_loss: 0.269
Epoch    7/50, time: 81.50 s, val_loss: 0.264
Epoch    8/50, time: 63.91 s, training_loss: 0.259
Epoch    8/50, time: 81.04 s, val_loss: 0.255
Epoch    9/50, time: 64.07 s, training_loss: 0.253
Epoch    9/50, time: 81.25 s, val_loss: 0.258
Epoch   10/50, time: 64.48 s, training_loss: 0.252
Epoch   10/50, time: 82.00 s, val_loss: 0.270
Epoch   11/50, time: 64.38 s, training_loss: 0.253
Epoch   11/50, time: 81.44 s, val_loss: 0.255
Epoch   12/50, time: 63.52 s, training_loss: 0.245
Epoch   12/50, time: 80.26 s, val_loss: 0.233
Epoch   13/50, time: 64.14 s, training_loss: 0.238
Epoch   13/50, time: 81.33 s, val_loss: 0.239
Epoch   14/50, time: 64.26 s, training_loss: 0.234
Epoch   14/50, time: 81.37 s, val_loss: 0.234
Epoch   15/50, time: 63.85 s, training_loss: 0.229
Epoch   15/50, time: 80.68 s, val_loss: 0.228
Epoch   16/50, time: 63.71 s, training_loss: 0.225
Epoch   16/50, time: 80.87 s, val_loss: 0.220
Epoch   17/50, time: 63.93 s, training_loss: 0.221
Epoch   17/50, time: 80.93 s, val_loss: 0.218
Epoch   18/50, time: 63.72 s, training_loss: 0.218
Epoch   18/50, time: 80.72 s, val_loss: 0.210
Epoch   19/50, time: 63.73 s, training_loss: 0.216
Epoch   19/50, time: 80.50 s, val_loss: 0.229
Epoch   20/50, time: 64.36 s, training_loss: 0.217
Epoch   20/50, time: 81.51 s, val_loss: 0.211
Epoch   21/50, time: 63.46 s, training_loss: 0.211
Epoch   21/50, time: 80.69 s, val_loss: 0.206
Epoch   22/50, time: 63.33 s, training_loss: 0.207
Epoch   22/50, time: 80.39 s, val_loss: 0.200
Epoch   23/50, time: 64.45 s, training_loss: 0.203
Epoch   23/50, time: 81.50 s, val_loss: 0.197
Epoch   24/50, time: 64.04 s, training_loss: 0.201
Epoch   24/50, time: 81.11 s, val_loss: 0.203
Epoch   25/50, time: 63.28 s, training_loss: 0.198
Epoch   25/50, time: 80.03 s, val_loss: 0.193
Epoch   26/50, time: 64.85 s, training_loss: 0.195
Epoch   26/50, time: 81.75 s, val_loss: 0.198
Epoch   27/50, time: 63.64 s, training_loss: 0.192
Epoch   27/50, time: 80.53 s, val_loss: 0.187
Epoch   28/50, time: 64.70 s, training_loss: 0.192
Epoch   28/50, time: 81.69 s, val_loss: 0.195
Epoch   29/50, time: 64.14 s, training_loss: 0.189
Epoch   29/50, time: 81.09 s, val_loss: 0.191
Epoch   30/50, time: 63.68 s, training_loss: 0.186
Epoch   30/50, time: 80.72 s, val_loss: 0.199
Epoch   31/50, time: 63.52 s, training_loss: 0.183
Epoch   31/50, time: 80.87 s, val_loss: 0.186
Epoch   32/50, time: 64.01 s, training_loss: 0.180
Epoch   32/50, time: 81.10 s, val_loss: 0.189
Epoch   33/50, time: 64.08 s, training_loss: 0.177
Epoch   33/50, time: 80.96 s, val_loss: 0.181
Epoch   34/50, time: 63.36 s, training_loss: 0.175
Epoch   34/50, time: 80.23 s, val_loss: 0.175
Epoch   35/50, time: 64.07 s, training_loss: 0.173
Epoch   35/50, time: 81.39 s, val_loss: 0.173
Epoch   36/50, time: 63.96 s, training_loss: 0.171
Epoch   36/50, time: 80.76 s, val_loss: 0.170
Epoch   37/50, time: 63.13 s, training_loss: 0.169
Epoch   37/50, time: 79.80 s, val_loss: 0.175
Epoch   38/50, time: 63.62 s, training_loss: 0.167
Epoch   38/50, time: 80.44 s, val_loss: 0.173
Epoch   39/50, time: 63.62 s, training_loss: 0.164
Epoch   39/50, time: 80.86 s, val_loss: 0.162
Epoch   40/50, time: 63.69 s, training_loss: 0.162
Epoch   40/50, time: 80.88 s, val_loss: 0.158
Epoch   41/50, time: 63.75 s, training_loss: 0.160
Epoch   41/50, time: 80.85 s, val_loss: 0.168
Epoch   42/50, time: 63.41 s, training_loss: 0.158
Epoch   42/50, time: 80.55 s, val_loss: 0.155
Epoch   43/50, time: 63.62 s, training_loss: 0.156
Epoch   43/50, time: 80.57 s, val_loss: 0.156
Epoch   44/50, time: 63.34 s, training_loss: 0.155
Epoch   44/50, time: 80.28 s, val_loss: 0.147
Epoch   45/50, time: 64.12 s, training_loss: 0.152
Epoch   45/50, time: 81.40 s, val_loss: 0.161
Epoch   46/50, time: 64.19 s, training_loss: 0.150
Epoch   46/50, time: 81.15 s, val_loss: 0.157
Epoch   47/50, time: 63.43 s, training_loss: 0.149
Epoch   47/50, time: 80.21 s, val_loss: 0.158
Epoch   48/50, time: 63.65 s, training_loss: 0.146
Epoch   48/50, time: 80.61 s, val_loss: 0.151
Epoch   49/50, time: 65.69 s, training_loss: 0.144
Epoch   49/50, time: 82.74 s, val_loss: 0.155
Epoch   50/50, time: 64.48 s, training_loss: 0.142
Epoch   50/50, time: 81.50 s, val_loss: 0.149
Training with paramaeters:  (64, 0.0001, 'dice_loss')
Epoch    1/50, time: 64.78 s, training_loss: 0.869
Epoch    1/50, time: 81.83 s, val_loss: 0.926
Epoch    2/50, time: 64.75 s, training_loss: 0.825
Epoch    2/50, time: 81.62 s, val_loss: 0.847
Epoch    3/50, time: 63.37 s, training_loss: 0.803
Epoch    3/50, time: 80.15 s, val_loss: 0.776
Epoch    4/50, time: 64.03 s, training_loss: 0.783
Epoch    4/50, time: 81.51 s, val_loss: 0.762
Epoch    5/50, time: 64.08 s, training_loss: 0.765
Epoch    5/50, time: 81.55 s, val_loss: 0.748
Epoch    6/50, time: 64.42 s, training_loss: 0.751
Epoch    6/50, time: 81.39 s, val_loss: 0.750
Epoch    7/50, time: 63.54 s, training_loss: 0.743
Epoch    7/50, time: 80.59 s, val_loss: 0.731
Epoch    8/50, time: 64.25 s, training_loss: 0.733
Epoch    8/50, time: 81.63 s, val_loss: 0.726
Epoch    9/50, time: 63.94 s, training_loss: 0.725
Epoch    9/50, time: 80.88 s, val_loss: 0.706
Epoch   10/50, time: 63.16 s, training_loss: 0.718
Epoch   10/50, time: 80.19 s, val_loss: 0.704
Epoch   11/50, time: 64.08 s, training_loss: 0.715
Epoch   11/50, time: 80.87 s, val_loss: 0.705
Epoch   12/50, time: 63.76 s, training_loss: 0.707
Epoch   12/50, time: 80.81 s, val_loss: 0.696
Epoch   13/50, time: 63.84 s, training_loss: 0.702
Epoch   13/50, time: 80.74 s, val_loss: 0.692
Epoch   14/50, time: 63.59 s, training_loss: 0.697
Epoch   14/50, time: 80.63 s, val_loss: 0.681
Epoch   15/50, time: 64.30 s, training_loss: 0.693
Epoch   15/50, time: 81.22 s, val_loss: 0.700
Epoch   16/50, time: 64.48 s, training_loss: 0.685
Epoch   16/50, time: 81.61 s, val_loss: 0.680
Epoch   17/50, time: 64.67 s, training_loss: 0.679
Epoch   17/50, time: 81.65 s, val_loss: 0.699
Epoch   18/50, time: 64.30 s, training_loss: 0.676
Epoch   18/50, time: 81.32 s, val_loss: 0.663
Epoch   19/50, time: 63.84 s, training_loss: 0.670
Epoch   19/50, time: 81.19 s, val_loss: 0.671
Epoch   20/50, time: 64.23 s, training_loss: 0.666
Epoch   20/50, time: 81.03 s, val_loss: 0.665
Epoch   21/50, time: 63.58 s, training_loss: 0.660
Epoch   21/50, time: 80.52 s, val_loss: 0.710
Epoch   22/50, time: 63.48 s, training_loss: 0.656
Epoch   22/50, time: 80.54 s, val_loss: 0.654
Epoch   23/50, time: 64.52 s, training_loss: 0.649
Epoch   23/50, time: 81.53 s, val_loss: 0.651
Epoch   24/50, time: 63.55 s, training_loss: 0.642
Epoch   24/50, time: 80.59 s, val_loss: 0.645
Epoch   25/50, time: 64.45 s, training_loss: 0.638
Epoch   25/50, time: 81.49 s, val_loss: 0.643
Epoch   26/50, time: 64.20 s, training_loss: 0.631
Epoch   26/50, time: 81.14 s, val_loss: 0.639
Epoch   27/50, time: 63.25 s, training_loss: 0.624
Epoch   27/50, time: 80.15 s, val_loss: 0.672
Epoch   28/50, time: 63.89 s, training_loss: 0.620
Epoch   28/50, time: 81.20 s, val_loss: 0.627
Epoch   29/50, time: 64.48 s, training_loss: 0.615
Epoch   29/50, time: 81.40 s, val_loss: 0.619
Epoch   30/50, time: 63.61 s, training_loss: 0.608
Epoch   30/50, time: 80.45 s, val_loss: 0.623
Epoch   31/50, time: 63.42 s, training_loss: 0.601
Epoch   31/50, time: 80.64 s, val_loss: 0.601
Epoch   32/50, time: 64.23 s, training_loss: 0.597
Epoch   32/50, time: 81.34 s, val_loss: 0.598
Epoch   33/50, time: 63.98 s, training_loss: 0.586
Epoch   33/50, time: 80.74 s, val_loss: 0.604
Epoch   34/50, time: 63.77 s, training_loss: 0.582
Epoch   34/50, time: 80.73 s, val_loss: 0.622
Epoch   35/50, time: 63.55 s, training_loss: 0.575
Epoch   35/50, time: 80.62 s, val_loss: 0.595
Epoch   36/50, time: 63.33 s, training_loss: 0.564
Epoch   36/50, time: 80.34 s, val_loss: 0.596
Epoch   37/50, time: 64.00 s, training_loss: 0.557
Epoch   37/50, time: 81.03 s, val_loss: 0.590
Epoch   38/50, time: 63.85 s, training_loss: 0.547
Epoch   38/50, time: 80.88 s, val_loss: 0.578
Epoch   39/50, time: 64.15 s, training_loss: 0.541
Epoch   39/50, time: 81.31 s, val_loss: 0.593
Epoch   40/50, time: 63.49 s, training_loss: 0.533
Epoch   40/50, time: 80.90 s, val_loss: 0.579
Epoch   41/50, time: 63.39 s, training_loss: 0.526
Epoch   41/50, time: 80.40 s, val_loss: 0.587
Epoch   42/50, time: 64.16 s, training_loss: 0.517
Epoch   42/50, time: 81.15 s, val_loss: 0.580
Epoch   43/50, time: 63.44 s, training_loss: 0.509
Epoch   43/50, time: 80.53 s, val_loss: 0.565
Epoch   44/50, time: 63.59 s, training_loss: 0.503
Epoch   44/50, time: 80.70 s, val_loss: 0.550
Epoch   45/50, time: 64.52 s, training_loss: 0.495
Epoch   45/50, time: 81.52 s, val_loss: 0.584
Epoch   46/50, time: 63.75 s, training_loss: 0.485
Epoch   46/50, time: 80.61 s, val_loss: 0.603
Epoch   47/50, time: 63.40 s, training_loss: 0.479
Epoch   47/50, time: 80.32 s, val_loss: 0.557
Epoch   48/50, time: 63.29 s, training_loss: 0.471
Epoch   48/50, time: 80.25 s, val_loss: 0.552
Epoch   49/50, time: 66.15 s, training_loss: 0.464
Epoch   49/50, time: 83.52 s, val_loss: 0.525
Epoch   50/50, time: 64.32 s, training_loss: 0.451
Epoch   50/50, time: 81.71 s, val_loss: 0.551
Training with paramaeters:  (128, 0.0001, 'bce_loss')
Epoch    1/50, time: 68.08 s, training_loss: 0.695
Epoch    1/50, time: 99.23 s, val_loss: 0.767
Epoch    2/50, time: 67.38 s, training_loss: 0.603
Epoch    2/50, time: 98.72 s, val_loss: 0.692
Epoch    3/50, time: 67.62 s, training_loss: 0.539
Epoch    3/50, time: 99.35 s, val_loss: 0.593
Epoch    4/50, time: 67.68 s, training_loss: 0.486
Epoch    4/50, time: 98.97 s, val_loss: 0.528
Epoch    5/50, time: 67.01 s, training_loss: 0.446
Epoch    5/50, time: 97.74 s, val_loss: 0.472
Epoch    6/50, time: 67.11 s, training_loss: 0.412
Epoch    6/50, time: 98.13 s, val_loss: 0.434
Epoch    7/50, time: 67.98 s, training_loss: 0.391
Epoch    7/50, time: 99.23 s, val_loss: 0.408
Epoch    8/50, time: 67.73 s, training_loss: 0.373
Epoch    8/50, time: 98.82 s, val_loss: 0.367
Epoch    9/50, time: 67.43 s, training_loss: 0.360
Epoch    9/50, time: 98.21 s, val_loss: 0.358
Epoch   10/50, time: 67.48 s, training_loss: 0.355
Epoch   10/50, time: 98.79 s, val_loss: 0.354
Epoch   11/50, time: 66.49 s, training_loss: 0.344
Epoch   11/50, time: 97.57 s, val_loss: 0.360
Epoch   12/50, time: 68.68 s, training_loss: 0.338
Epoch   12/50, time: 99.58 s, val_loss: 0.328
Epoch   13/50, time: 67.37 s, training_loss: 0.333
Epoch   13/50, time: 98.47 s, val_loss: 0.328
Epoch   14/50, time: 67.93 s, training_loss: 0.324
Epoch   14/50, time: 99.37 s, val_loss: 0.325
Epoch   15/50, time: 67.55 s, training_loss: 0.319
Epoch   15/50, time: 98.78 s, val_loss: 0.323
Epoch   16/50, time: 67.42 s, training_loss: 0.315
Epoch   16/50, time: 98.52 s, val_loss: 0.311
Epoch   17/50, time: 67.18 s, training_loss: 0.310
Epoch   17/50, time: 98.07 s, val_loss: 0.305
Epoch   18/50, time: 67.27 s, training_loss: 0.307
Epoch   18/50, time: 98.65 s, val_loss: 0.310
Epoch   19/50, time: 67.87 s, training_loss: 0.306
Epoch   19/50, time: 99.30 s, val_loss: 0.308
Epoch   20/50, time: 67.23 s, training_loss: 0.302
Epoch   20/50, time: 98.18 s, val_loss: 0.304
Epoch   21/50, time: 66.37 s, training_loss: 0.297
Epoch   21/50, time: 97.50 s, val_loss: 0.299
Epoch   22/50, time: 67.26 s, training_loss: 0.295
Epoch   22/50, time: 98.10 s, val_loss: 0.303
Epoch   23/50, time: 67.80 s, training_loss: 0.293
Epoch   23/50, time: 98.51 s, val_loss: 0.296
Epoch   24/50, time: 67.12 s, training_loss: 0.290
Epoch   24/50, time: 98.53 s, val_loss: 0.281
Epoch   25/50, time: 66.99 s, training_loss: 0.287
Epoch   25/50, time: 97.88 s, val_loss: 0.280
Epoch   26/50, time: 66.04 s, training_loss: 0.283
Epoch   26/50, time: 96.76 s, val_loss: 0.278
Epoch   27/50, time: 67.40 s, training_loss: 0.280
Epoch   27/50, time: 98.47 s, val_loss: 0.279
Epoch   28/50, time: 68.06 s, training_loss: 0.278
Epoch   28/50, time: 99.39 s, val_loss: 0.261
Epoch   29/50, time: 67.57 s, training_loss: 0.275
Epoch   29/50, time: 98.67 s, val_loss: 0.274
Epoch   30/50, time: 67.19 s, training_loss: 0.273
Epoch   30/50, time: 98.33 s, val_loss: 0.266
Epoch   31/50, time: 68.03 s, training_loss: 0.271
Epoch   31/50, time: 99.27 s, val_loss: 0.268
Epoch   32/50, time: 67.23 s, training_loss: 0.269
Epoch   32/50, time: 98.10 s, val_loss: 0.260
Epoch   33/50, time: 67.46 s, training_loss: 0.266
Epoch   33/50, time: 98.65 s, val_loss: 0.266
Epoch   34/50, time: 67.30 s, training_loss: 0.264
Epoch   34/50, time: 98.56 s, val_loss: 0.259
Epoch   35/50, time: 68.31 s, training_loss: 0.261
Epoch   35/50, time: 99.38 s, val_loss: 0.257
Epoch   36/50, time: 67.71 s, training_loss: 0.259
Epoch   36/50, time: 98.69 s, val_loss: 0.258
Epoch   37/50, time: 67.90 s, training_loss: 0.255
Epoch   37/50, time: 99.12 s, val_loss: 0.246
Epoch   38/50, time: 66.53 s, training_loss: 0.253
Epoch   38/50, time: 97.40 s, val_loss: 0.256
Epoch   39/50, time: 67.35 s, training_loss: 0.251
Epoch   39/50, time: 98.74 s, val_loss: 0.257
Epoch   40/50, time: 68.85 s, training_loss: 0.248
Epoch   40/50, time: 101.56 s, val_loss: 0.238
Epoch   41/50, time: 67.89 s, training_loss: 0.246
Epoch   41/50, time: 99.19 s, val_loss: 0.246
Epoch   42/50, time: 67.12 s, training_loss: 0.245
Epoch   42/50, time: 97.98 s, val_loss: 0.250
Epoch   43/50, time: 68.92 s, training_loss: 0.243
Epoch   43/50, time: 99.98 s, val_loss: 0.252
Epoch   44/50, time: 67.86 s, training_loss: 0.241
Epoch   44/50, time: 98.65 s, val_loss: 0.246
Epoch   45/50, time: 67.79 s, training_loss: 0.238
Epoch   45/50, time: 99.06 s, val_loss: 0.245
Epoch   46/50, time: 67.16 s, training_loss: 0.236
Epoch   46/50, time: 98.38 s, val_loss: 0.238
Epoch   47/50, time: 67.07 s, training_loss: 0.234
Epoch   47/50, time: 97.86 s, val_loss: 0.234
Epoch   48/50, time: 67.19 s, training_loss: 0.232
Epoch   48/50, time: 98.37 s, val_loss: 0.220
Epoch   49/50, time: 67.29 s, training_loss: 0.231
Epoch   49/50, time: 98.43 s, val_loss: 0.235
Epoch   50/50, time: 68.19 s, training_loss: 0.228
Epoch   50/50, time: 99.05 s, val_loss: 0.228
Training with paramaeters:  (128, 0.0001, 'dice_loss')
Epoch    1/50, time: 67.68 s, training_loss: 0.879
Epoch    1/50, time: 98.73 s, val_loss: 0.930
Epoch    2/50, time: 67.63 s, training_loss: 0.816
Epoch    2/50, time: 98.63 s, val_loss: 0.917
Epoch    3/50, time: 68.55 s, training_loss: 0.797
Epoch    3/50, time: 99.36 s, val_loss: 0.896
Epoch    4/50, time: 67.48 s, training_loss: 0.783
Epoch    4/50, time: 98.36 s, val_loss: 0.815
Epoch    5/50, time: 67.84 s, training_loss: 0.773
Epoch    5/50, time: 99.09 s, val_loss: 0.784
Epoch    6/50, time: 67.08 s, training_loss: 0.758
Epoch    6/50, time: 98.47 s, val_loss: 0.752
Epoch    7/50, time: 67.69 s, training_loss: 0.752
Epoch    7/50, time: 98.56 s, val_loss: 0.749
Epoch    8/50, time: 67.81 s, training_loss: 0.747
Epoch    8/50, time: 98.46 s, val_loss: 0.743
Epoch    9/50, time: 67.36 s, training_loss: 0.734
Epoch    9/50, time: 98.68 s, val_loss: 0.727
Epoch   10/50, time: 67.67 s, training_loss: 0.729
Epoch   10/50, time: 98.53 s, val_loss: 0.742
Epoch   11/50, time: 67.95 s, training_loss: 0.721
Epoch   11/50, time: 99.32 s, val_loss: 0.743
Epoch   12/50, time: 67.76 s, training_loss: 0.715
Epoch   12/50, time: 99.06 s, val_loss: 0.704
Epoch   13/50, time: 68.03 s, training_loss: 0.709
Epoch   13/50, time: 98.94 s, val_loss: 0.691
Epoch   14/50, time: 66.82 s, training_loss: 0.704
Epoch   14/50, time: 97.83 s, val_loss: 0.685
Epoch   15/50, time: 67.22 s, training_loss: 0.700
Epoch   15/50, time: 98.27 s, val_loss: 0.702
Epoch   16/50, time: 67.70 s, training_loss: 0.694
Epoch   16/50, time: 98.79 s, val_loss: 0.707
Epoch   17/50, time: 67.34 s, training_loss: 0.696
Epoch   17/50, time: 98.19 s, val_loss: 0.707
Epoch   18/50, time: 67.12 s, training_loss: 0.690
Epoch   18/50, time: 98.34 s, val_loss: 0.723
Epoch   19/50, time: 67.37 s, training_loss: 0.686
Epoch   19/50, time: 98.44 s, val_loss: 0.684
Epoch   20/50, time: 68.73 s, training_loss: 0.683
Epoch   20/50, time: 100.23 s, val_loss: 0.706
Epoch   21/50, time: 67.10 s, training_loss: 0.678
Epoch   21/50, time: 98.47 s, val_loss: 0.668
Epoch   22/50, time: 67.96 s, training_loss: 0.672
Epoch   22/50, time: 99.31 s, val_loss: 0.659
Epoch   23/50, time: 67.49 s, training_loss: 0.672
Epoch   23/50, time: 98.32 s, val_loss: 0.666
Epoch   24/50, time: 67.60 s, training_loss: 0.668
Epoch   24/50, time: 99.68 s, val_loss: 0.725
Epoch   25/50, time: 69.53 s, training_loss: 0.665
Epoch   25/50, time: 101.30 s, val_loss: 0.663
Epoch   26/50, time: 68.20 s, training_loss: 0.665
Epoch   26/50, time: 99.48 s, val_loss: 0.657
Epoch   27/50, time: 68.40 s, training_loss: 0.664
Epoch   27/50, time: 99.47 s, val_loss: 0.655
Epoch   28/50, time: 68.14 s, training_loss: 0.655
Epoch   28/50, time: 99.11 s, val_loss: 0.657
Epoch   29/50, time: 69.14 s, training_loss: 0.651
Epoch   29/50, time: 100.24 s, val_loss: 0.639
Epoch   30/50, time: 67.71 s, training_loss: 0.648
Epoch   30/50, time: 99.03 s, val_loss: 0.662
Epoch   31/50, time: 67.41 s, training_loss: 0.646
Epoch   31/50, time: 98.21 s, val_loss: 0.658
Epoch   32/50, time: 68.23 s, training_loss: 0.641
Epoch   32/50, time: 100.13 s, val_loss: 0.674
Epoch   33/50, time: 68.31 s, training_loss: 0.634
Epoch   33/50, time: 99.44 s, val_loss: 0.636
Epoch   34/50, time: 68.02 s, training_loss: 0.632
Epoch   34/50, time: 99.14 s, val_loss: 0.662
Epoch   35/50, time: 67.54 s, training_loss: 0.630
Epoch   35/50, time: 98.53 s, val_loss: 0.647
Epoch   36/50, time: 67.71 s, training_loss: 0.627
Epoch   36/50, time: 98.96 s, val_loss: 0.669
Epoch   37/50, time: 67.35 s, training_loss: 0.622
Epoch   37/50, time: 98.33 s, val_loss: 0.649
Epoch   38/50, time: 67.84 s, training_loss: 0.617
Epoch   38/50, time: 98.86 s, val_loss: 0.631
Epoch   39/50, time: 68.11 s, training_loss: 0.611
Epoch   39/50, time: 99.32 s, val_loss: 0.647
Epoch   40/50, time: 68.67 s, training_loss: 0.609
Epoch   40/50, time: 100.45 s, val_loss: 0.626
Epoch   41/50, time: 68.16 s, training_loss: 0.606
Epoch   41/50, time: 98.89 s, val_loss: 0.607
Epoch   42/50, time: 66.87 s, training_loss: 0.605
Epoch   42/50, time: 98.09 s, val_loss: 0.606
Epoch   43/50, time: 67.04 s, training_loss: 0.599
Epoch   43/50, time: 98.05 s, val_loss: 0.635
Epoch   44/50, time: 68.48 s, training_loss: 0.590
Epoch   44/50, time: 99.32 s, val_loss: 0.629
Epoch   45/50, time: 67.23 s, training_loss: 0.588
Epoch   45/50, time: 98.27 s, val_loss: 0.600
Epoch   46/50, time: 67.71 s, training_loss: 0.584
Epoch   46/50, time: 99.09 s, val_loss: 0.607
Epoch   47/50, time: 66.82 s, training_loss: 0.579
Epoch   47/50, time: 97.92 s, val_loss: 0.592
Epoch   48/50, time: 67.28 s, training_loss: 0.575
Epoch   48/50, time: 98.29 s, val_loss: 0.637
Epoch   49/50, time: 68.53 s, training_loss: 0.575
Epoch   49/50, time: 99.40 s, val_loss: 0.596
Epoch   50/50, time: 67.55 s, training_loss: 0.567
Epoch   50/50, time: 98.47 s, val_loss: 0.618

Results sorted by validation loss:
Params: (32, 0.0001, 'bce_loss') | Lowest val Loss: inf at epoch 0
Params: (32, 0.0001, 'dice_loss') | Lowest val Loss: inf at epoch 0
Params: (64, 0.0001, 'bce_loss') | Lowest val Loss: inf at epoch 0
Params: (64, 0.0001, 'dice_loss') | Lowest val Loss: inf at epoch 0
Params: (128, 0.0001, 'bce_loss') | Lowest val Loss: inf at epoch 0
Params: (128, 0.0001, 'dice_loss') | Lowest val Loss: inf at epoch 0
