Epoch    5/50, time: 66.71 s, training_loss: 0.842
Epoch    5/50, time: 16.56 s, val_loss: 0.905
Epoch    1/50, time: 58.82 s, training_loss: 0.954
Epoch    3/50, time: 135.80 s, training_loss: 0.805
Epoch    1/50, time: 12.54 s, val_loss: 0.961
Epoch    6/50, time: 54.04 s, training_loss: 0.833
Epoch    6/50, time: 12.19 s, val_loss: 0.912
Epoch    3/50, time: 31.87 s, val_loss: 0.784
Epoch   18/50, time: 179.65 s, training_loss: 0.842
Epoch   18/50, time: 36.70 s, val_loss: 0.783
Epoch    7/50, time: 56.38 s, training_loss: 0.831
Training Metrics:
Accuracy: 0.9798
Precision: 0.1408
Recall: 0.0060
F1 Score: 0.0115
IoU: 0.0058
Dice Coefficient: 0.0115
Validation Metrics:
Accuracy: 0.9799
Precision: 0.1429
Recall: 0.0116
F1 Score: 0.0215
IoU: 0.0109
Dice Coefficient: 0.0215
Epoch    7/50, time: 14.12 s, val_loss: 0.906
Epoch    2/50, time: 62.10 s, training_loss: 0.916
Epoch    8/50, time: 63.16 s, training_loss: 0.824
Epoch    2/50, time: 12.47 s, val_loss: 0.941
Epoch    4/50, time: 141.35 s, training_loss: 0.792
Epoch    8/50, time: 12.55 s, val_loss: 0.915
Epoch    4/50, time: 35.70 s, val_loss: 0.743
Epoch    3/50, time: 57.01 s, training_loss: 0.901
Epoch    9/50, time: 60.21 s, training_loss: 0.822
Epoch    3/50, time: 12.06 s, val_loss: 0.905
Epoch    9/50, time: 13.07 s, val_loss: 0.848
Epoch   19/50, time: 183.78 s, training_loss: 0.838
Epoch   19/50, time: 37.29 s, val_loss: 0.782
Epoch    4/50, time: 61.10 s, training_loss: 0.889
Epoch   10/50, time: 63.51 s, training_loss: 0.817
Epoch    4/50, time: 12.90 s, val_loss: 0.896
Epoch   10/50, time: 14.91 s, val_loss: 0.860
Epoch    5/50, time: 145.12 s, training_loss: 0.777
Epoch    5/50, time: 62.24 s, training_loss: 0.882
Epoch    5/50, time: 32.65 s, val_loss: 0.823
Epoch   11/50, time: 58.63 s, training_loss: 0.812
Epoch    5/50, time: 11.79 s, val_loss: 0.892
Epoch   11/50, time: 14.88 s, val_loss: 0.869
Epoch    6/50, time: 59.48 s, training_loss: 0.875
Epoch    6/50, time: 11.93 s, val_loss: 0.887
Epoch   20/50, time: 180.78 s, training_loss: 0.836
Training Metrics:
Accuracy: 0.7328
Precision: 0.0674
Recall: 0.9817
F1 Score: 0.1261
IoU: 0.0673
Dice Coefficient: 0.1261
Validation Metrics:
Accuracy: 0.6440
Precision: 0.0503
Recall: 0.9941
F1 Score: 0.0958
IoU: 0.0503
Dice Coefficient: 0.0958
Epoch   20/50, time: 34.42 s, val_loss: 0.775
Epoch    7/50, time: 53.39 s, training_loss: 0.868
Epoch    6/50, time: 133.65 s, training_loss: 0.764
Epoch    7/50, time: 13.42 s, val_loss: 0.882
Epoch   12/50, time: 58.07 s, training_loss: 0.811
Epoch    6/50, time: 35.47 s, val_loss: 0.758
Epoch   12/50, time: 15.48 s, val_loss: 0.858
Epoch    8/50, time: 61.99 s, training_loss: 0.866
Epoch    8/50, time: 14.42 s, val_loss: 0.878
Epoch   13/50, time: 62.83 s, training_loss: 0.807
Epoch   13/50, time: 12.43 s, val_loss: 0.818
Epoch    9/50, time: 61.44 s, training_loss: 0.863
Epoch    9/50, time: 11.83 s, val_loss: 0.872
Epoch    7/50, time: 132.22 s, training_loss: 0.750
Epoch   21/50, time: 182.30 s, training_loss: 0.834
Epoch   14/50, time: 55.92 s, training_loss: 0.804
Epoch   14/50, time: 13.10 s, val_loss: 0.845
Epoch    7/50, time: 33.73 s, val_loss: 0.766
Epoch   21/50, time: 34.75 s, val_loss: 0.791
Epoch   10/50, time: 56.59 s, training_loss: 0.861
Epoch   10/50, time: 15.24 s, val_loss: 0.869
Epoch   15/50, time: 63.62 s, training_loss: 0.801
Epoch   15/50, time: 15.67 s, val_loss: 0.827
Epoch   11/50, time: 64.63 s, training_loss: 0.856
Epoch   11/50, time: 15.06 s, val_loss: 0.865
Epoch   16/50, time: 61.03 s, training_loss: 0.800
Epoch    8/50, time: 135.14 s, training_loss: 0.739
Epoch   16/50, time: 13.16 s, val_loss: 0.823
Epoch    8/50, time: 33.69 s, val_loss: 0.734
Training Metrics:
Accuracy: 0.8585
Precision: 0.1133
Recall: 0.9100
F1 Score: 0.2015
IoU: 0.1121
Dice Coefficient: 0.2015
Validation Metrics:
Accuracy: 0.8483
Precision: 0.1066
Recall: 0.9486
F1 Score: 0.1917
IoU: 0.1060
Dice Coefficient: 0.1917
Epoch   17/50, time: 53.87 s, training_loss: 0.801
Epoch   17/50, time: 14.69 s, val_loss: 0.825
Epoch   12/50, time: 61.78 s, training_loss: 0.853
Training Metrics:
Accuracy: 0.6580
Precision: 0.0509
Recall: 0.9310
F1 Score: 0.0966
IoU: 0.0507
Dice Coefficient: 0.0966
Validation Metrics:
Accuracy: 0.9072
Precision: 0.1561
Recall: 0.8829
F1 Score: 0.2653
IoU: 0.1529
Dice Coefficient: 0.2653
Epoch   12/50, time: 12.99 s, val_loss: 0.857
Epoch   18/50, time: 60.83 s, training_loss: 0.793
Epoch   18/50, time: 15.29 s, val_loss: 0.831
Epoch    9/50, time: 133.82 s, training_loss: 0.730
Epoch   13/50, time: 61.15 s, training_loss: 0.848
Epoch    9/50, time: 34.26 s, val_loss: 0.861
Epoch   13/50, time: 13.32 s, val_loss: 0.857
Epoch   19/50, time: 58.70 s, training_loss: 0.791
Epoch   19/50, time: 15.37 s, val_loss: 0.818
Epoch   14/50, time: 61.27 s, training_loss: 0.847
Epoch   14/50, time: 12.47 s, val_loss: 0.846
Epoch   20/50, time: 60.41 s, training_loss: 0.788
Epoch   20/50, time: 13.54 s, val_loss: 0.821
Epoch   22/50, time: 184.66 s, training_loss: 0.833
Epoch   10/50, time: 133.54 s, training_loss: 0.721
Epoch   15/50, time: 57.97 s, training_loss: 0.847
Epoch   22/50, time: 33.21 s, val_loss: 0.779
Epoch   15/50, time: 13.29 s, val_loss: 0.848
Epoch   21/50, time: 58.30 s, training_loss: 0.784
Epoch   10/50, time: 33.35 s, val_loss: 0.740
Epoch   21/50, time: 16.99 s, val_loss: 0.814
Epoch   16/50, time: 65.82 s, training_loss: 0.842
Epoch   16/50, time: 16.45 s, val_loss: 0.841
Training Metrics:
Accuracy: 0.7912
Precision: 0.0780
Recall: 0.8910
F1 Score: 0.1435
IoU: 0.0773
Dice Coefficient: 0.1435
Validation Metrics:
Accuracy: 0.7182
Precision: 0.0561
Recall: 0.8748
F1 Score: 0.1054
IoU: 0.0556
Dice Coefficient: 0.1054
Epoch   17/50, time: 59.58 s, training_loss: 0.840
Epoch   11/50, time: 133.50 s, training_loss: 0.712
Epoch   17/50, time: 12.67 s, val_loss: 0.840
Epoch   23/50, time: 182.14 s, training_loss: 0.827
Epoch   22/50, time: 56.13 s, training_loss: 0.781
Epoch   11/50, time: 33.17 s, val_loss: 0.714
Epoch   22/50, time: 14.27 s, val_loss: 0.822
Epoch   23/50, time: 35.80 s, val_loss: 0.775
Epoch   18/50, time: 55.29 s, training_loss: 0.837
Epoch   18/50, time: 15.42 s, val_loss: 0.835
Epoch   23/50, time: 64.73 s, training_loss: 0.776
Epoch   23/50, time: 15.11 s, val_loss: 0.798
Epoch   19/50, time: 66.30 s, training_loss: 0.835
Epoch   19/50, time: 13.63 s, val_loss: 0.833
Epoch   24/50, time: 59.65 s, training_loss: 0.776
Epoch   24/50, time: 12.04 s, val_loss: 0.796
Epoch   20/50, time: 55.14 s, training_loss: 0.832
Epoch   20/50, time: 11.62 s, val_loss: 0.829
Training Metrics:
Accuracy: 0.9366
Precision: 0.1899
Recall: 0.6838
F1 Score: 0.2973
IoU: 0.1746
Dice Coefficient: 0.2973
Validation Metrics:
Accuracy: 0.9385
Precision: 0.1909
Recall: 0.6930
F1 Score: 0.2994
IoU: 0.1760
Dice Coefficient: 0.2994
Epoch   24/50, time: 183.66 s, training_loss: 0.823
Epoch   25/50, time: 54.64 s, training_loss: 0.768
Epoch   25/50, time: 14.17 s, val_loss: 0.780
Epoch   24/50, time: 36.62 s, val_loss: 0.773
Epoch   21/50, time: 60.10 s, training_loss: 0.831
Epoch   21/50, time: 15.71 s, val_loss: 0.828
Epoch   26/50, time: 62.16 s, training_loss: 0.771
Epoch   26/50, time: 15.50 s, val_loss: 0.798
Epoch   12/50, time: 137.60 s, training_loss: 0.709
Training Metrics:
Accuracy: 0.8936
Precision: 0.1416
Recall: 0.8733
F1 Score: 0.2437
IoU: 0.1387
Dice Coefficient: 0.2437
Validation Metrics:
Accuracy: 0.8979
Precision: 0.1427
Recall: 0.8749
F1 Score: 0.2453
IoU: 0.1398
Dice Coefficient: 0.2453
Epoch   27/50, time: 54.52 s, training_loss: 0.765
Epoch   12/50, time: 35.70 s, val_loss: 0.988
Epoch   27/50, time: 12.79 s, val_loss: 0.813
Epoch   22/50, time: 56.57 s, training_loss: 0.828
Epoch   25/50, time: 184.74 s, training_loss: 0.819
Epoch   22/50, time: 14.65 s, val_loss: 0.823
Epoch   28/50, time: 57.14 s, training_loss: 0.760
Epoch   28/50, time: 15.92 s, val_loss: 0.823
Epoch   25/50, time: 39.94 s, val_loss: 0.772
Epoch   23/50, time: 60.87 s, training_loss: 0.831
Epoch   23/50, time: 12.49 s, val_loss: 0.822
Epoch   13/50, time: 131.10 s, training_loss: 0.704
Epoch   29/50, time: 57.65 s, training_loss: 0.757
Epoch   29/50, time: 15.88 s, val_loss: 0.801
Epoch   13/50, time: 39.73 s, val_loss: 0.754
Epoch   24/50, time: 62.44 s, training_loss: 0.823
Epoch   30/50, time: 60.07 s, training_loss: 0.755
Epoch   24/50, time: 14.88 s, val_loss: 0.821
Epoch   30/50, time: 14.49 s, val_loss: 0.805
Epoch   25/50, time: 60.18 s, training_loss: 0.822
Epoch   26/50, time: 181.48 s, training_loss: 0.820
Epoch   31/50, time: 58.52 s, training_loss: 0.756
Epoch   25/50, time: 12.11 s, val_loss: 0.819
Epoch   31/50, time: 13.94 s, val_loss: 0.823
Epoch   14/50, time: 127.24 s, training_loss: 0.692
Epoch   26/50, time: 37.46 s, val_loss: 0.768
Epoch   14/50, time: 34.95 s, val_loss: 0.679
Epoch   26/50, time: 58.59 s, training_loss: 0.819
Epoch   26/50, time: 13.90 s, val_loss: 0.813
Training Metrics:
Accuracy: 0.7527
Precision: 0.0683
Recall: 0.9183
F1 Score: 0.1272
IoU: 0.0679
Dice Coefficient: 0.1272
Validation Metrics:
Accuracy: 0.6026
Precision: 0.0438
Recall: 0.9589
F1 Score: 0.0839
IoU: 0.0438
Dice Coefficient: 0.0839
Epoch   27/50, time: 64.76 s, training_loss: 0.822
Epoch   27/50, time: 15.83 s, val_loss: 0.816
Epoch   32/50, time: 58.09 s, training_loss: 0.747
Epoch   32/50, time: 12.19 s, val_loss: 0.758
Epoch   15/50, time: 131.59 s, training_loss: 0.675
Epoch   28/50, time: 54.54 s, training_loss: 0.817
Epoch   27/50, time: 173.75 s, training_loss: 0.825
Epoch   15/50, time: 32.04 s, val_loss: 0.721
Epoch   28/50, time: 12.35 s, val_loss: 0.814
Epoch   33/50, time: 58.45 s, training_loss: 0.738
Epoch   27/50, time: 37.34 s, val_loss: 0.769
Epoch   33/50, time: 15.74 s, val_loss: 0.763
Epoch   29/50, time: 64.01 s, training_loss: 0.816
Epoch   29/50, time: 14.61 s, val_loss: 0.819
Epoch   34/50, time: 66.79 s, training_loss: 0.721
Epoch   34/50, time: 13.89 s, val_loss: 0.733
Epoch   16/50, time: 137.11 s, training_loss: 0.655
Epoch   30/50, time: 60.17 s, training_loss: 0.813
Epoch   30/50, time: 12.35 s, val_loss: 0.808
Epoch   16/50, time: 32.19 s, val_loss: 0.722
Epoch   35/50, time: 55.73 s, training_loss: 0.716
Epoch   35/50, time: 13.16 s, val_loss: 0.759
Epoch   28/50, time: 177.34 s, training_loss: 0.819
Epoch   31/50, time: 56.28 s, training_loss: 0.809
Epoch   31/50, time: 16.71 s, val_loss: 0.811
Epoch   28/50, time: 38.06 s, val_loss: 0.767
Epoch   36/50, time: 58.67 s, training_loss: 0.715
Epoch   36/50, time: 15.86 s, val_loss: 0.807
Epoch   17/50, time: 135.15 s, training_loss: 0.631
Training Metrics:
Accuracy: 0.8908
Precision: 0.1454
Recall: 0.9360
F1 Score: 0.2517
IoU: 0.1440
Dice Coefficient: 0.2517
Validation Metrics:
Accuracy: 0.8940
Precision: 0.1454
Recall: 0.9409
F1 Score: 0.2520
IoU: 0.1441
Dice Coefficient: 0.2520
Epoch   37/50, time: 56.80 s, training_loss: 0.711
Epoch   37/50, time: 14.50 s, val_loss: 0.751
Epoch   17/50, time: 34.27 s, val_loss: 0.666
Epoch   32/50, time: 60.70 s, training_loss: 0.807
Epoch   32/50, time: 13.56 s, val_loss: 0.805
Epoch   38/50, time: 59.80 s, training_loss: 0.702
Epoch   38/50, time: 14.43 s, val_loss: 0.706
Epoch   29/50, time: 181.50 s, training_loss: 0.815
Epoch   33/50, time: 58.36 s, training_loss: 0.805
Epoch   29/50, time: 35.05 s, val_loss: 0.778
Epoch   33/50, time: 11.62 s, val_loss: 0.803
Epoch   39/50, time: 56.26 s, training_loss: 0.690
Epoch   18/50, time: 132.37 s, training_loss: 0.607
Epoch   39/50, time: 15.15 s, val_loss: 0.711
Epoch   18/50, time: 38.31 s, val_loss: 0.603
Epoch   34/50, time: 63.04 s, training_loss: 0.801
Epoch   34/50, time: 13.67 s, val_loss: 0.799
Epoch   40/50, time: 64.04 s, training_loss: 0.686
Epoch   40/50, time: 15.35 s, val_loss: 0.707
Epoch   35/50, time: 61.25 s, training_loss: 0.800
Epoch   35/50, time: 11.35 s, val_loss: 0.802
Epoch   41/50, time: 62.66 s, training_loss: 0.673
Epoch   41/50, time: 12.41 s, val_loss: 0.665
Epoch   19/50, time: 131.10 s, training_loss: 0.588
Epoch   30/50, time: 189.75 s, training_loss: 0.811
Epoch   36/50, time: 56.19 s, training_loss: 0.803
Epoch   19/50, time: 33.47 s, val_loss: 0.599
Epoch   36/50, time: 13.45 s, val_loss: 0.798
Epoch   30/50, time: 33.75 s, val_loss: 0.761
Training Metrics:
Accuracy: 0.8052
Precision: 0.0719
Recall: 0.7495
F1 Score: 0.1312
IoU: 0.0702
Dice Coefficient: 0.1312
Validation Metrics:
Accuracy: 0.7989
Precision: 0.0677
Recall: 0.7518
F1 Score: 0.1242
IoU: 0.0662
Dice Coefficient: 0.1242
Epoch   37/50, time: 64.77 s, training_loss: 0.795
Epoch   37/50, time: 15.70 s, val_loss: 0.796
Epoch   42/50, time: 64.55 s, training_loss: 0.665
Epoch   42/50, time: 12.26 s, val_loss: 0.689
Epoch   20/50, time: 135.05 s, training_loss: 0.566
Epoch   38/50, time: 56.89 s, training_loss: 0.796
Epoch   38/50, time: 13.10 s, val_loss: 0.795
Epoch   20/50, time: 32.84 s, val_loss: 0.561
Epoch   43/50, time: 57.32 s, training_loss: 0.659
Epoch   31/50, time: 179.45 s, training_loss: 0.804
Epoch   43/50, time: 14.02 s, val_loss: 0.673
Epoch   39/50, time: 56.81 s, training_loss: 0.792
Epoch   31/50, time: 37.88 s, val_loss: 0.754
Epoch   39/50, time: 15.71 s, val_loss: 0.789
Epoch   44/50, time: 63.78 s, training_loss: 0.665
Epoch   44/50, time: 13.37 s, val_loss: 0.747
Epoch   40/50, time: 61.00 s, training_loss: 0.791
Epoch   21/50, time: 133.65 s, training_loss: 0.549
Epoch   40/50, time: 14.88 s, val_loss: 0.787
Epoch   21/50, time: 34.31 s, val_loss: 0.555
Epoch   45/50, time: 60.70 s, training_loss: 0.651
Epoch   45/50, time: 13.38 s, val_loss: 0.727
Epoch   41/50, time: 57.47 s, training_loss: 0.789
Epoch   41/50, time: 14.05 s, val_loss: 0.790
Epoch   46/50, time: 61.04 s, training_loss: 0.640
Epoch   46/50, time: 14.61 s, val_loss: 0.653
Training Metrics:
Accuracy: 0.9078
Precision: 0.1641
Recall: 0.9041
F1 Score: 0.2778
IoU: 0.1613
Dice Coefficient: 0.2778
Validation Metrics:
Accuracy: 0.9109
Precision: 0.1635
Recall: 0.8984
F1 Score: 0.2767
IoU: 0.1606
Dice Coefficient: 0.2767
Training Metrics:
Accuracy: 0.7074
Precision: 0.0571
Recall: 0.8962
F1 Score: 0.1073
IoU: 0.0567
Dice Coefficient: 0.1073
Validation Metrics:
Accuracy: 0.9218
Precision: 0.1773
Recall: 0.8583
F1 Score: 0.2939
IoU: 0.1723
Dice Coefficient: 0.2939
Epoch   47/50, time: 56.59 s, training_loss: 0.623
Epoch   47/50, time: 15.12 s, val_loss: 0.652
Epoch   42/50, time: 58.90 s, training_loss: 0.788
Training Metrics:
Accuracy: 0.9666
Precision: 0.3327
Recall: 0.6981
F1 Score: 0.4507
IoU: 0.2909
Dice Coefficient: 0.4507
Validation Metrics:
Accuracy: 0.9677
Precision: 0.3340
Recall: 0.7070
F1 Score: 0.4537
IoU: 0.2934
Dice Coefficient: 0.4537
Epoch   42/50, time: 13.69 s, val_loss: 0.784
Epoch   48/50, time: 63.06 s, training_loss: 0.631
Epoch   48/50, time: 16.44 s, val_loss: 0.664
Epoch   43/50, time: 58.54 s, training_loss: 0.785
Epoch   43/50, time: 13.84 s, val_loss: 0.784
Epoch   49/50, time: 59.54 s, training_loss: 0.627
Epoch   49/50, time: 12.31 s, val_loss: 0.686
Epoch   32/50, time: 181.43 s, training_loss: 0.800
Epoch   44/50, time: 54.14 s, training_loss: 0.786
Epoch   22/50, time: 131.96 s, training_loss: 0.531
Epoch   44/50, time: 14.65 s, val_loss: 0.782
Epoch   32/50, time: 35.59 s, val_loss: 0.755
Epoch   22/50, time: 35.80 s, val_loss: 0.574
Epoch   50/50, time: 60.29 s, training_loss: 0.620
Epoch   50/50, time: 14.70 s, val_loss: 0.670
Epoch   45/50, time: 59.58 s, training_loss: 0.783
Epoch   45/50, time: 16.54 s, val_loss: 0.781
Epoch   46/50, time: 60.22 s, training_loss: 0.781
Training Metrics:
Accuracy: 0.8031
Precision: 0.0758
Recall: 0.8067
F1 Score: 0.1385
IoU: 0.0744
Dice Coefficient: 0.1385
Validation Metrics:
Accuracy: 0.7017
Precision: 0.0492
Recall: 0.8040
F1 Score: 0.0928
IoU: 0.0486
Dice Coefficient: 0.0928
Epoch   46/50, time: 11.87 s, val_loss: 0.779
Epoch   23/50, time: 134.26 s, training_loss: 0.525
Test Metrics:
Accuracy: 0.7017
Precision: 0.0492
Recall: 0.8040
F1 Score: 0.0928
IoU: 0.0486
Dice Coefficient: 0.0928
[I 2025-08-22 17:06:50,881] Trial 5 finished with value: 0.09275926347941088 and parameters: {'batch_size': 128, 'lr': 9.930169946916987e-05, 'loss_fn': 'dice_loss', 'augmentation': True, 'filters_idx': 3, 'in_channels': 100, 'att_channels': 16}. Best is trial 3 with value: 0.6408396720015458.
wandb: Finishing previous runs because reinit is set to True.
