Epoch   31/50, time: 41.56 s, training_loss: 0.411
Epoch   38/50, time: 39.07 s, val_loss: 0.280
Epoch   31/50, time: 17.76 s, val_loss: 0.353
Epoch    1/50, time: 46.84 s, training_loss: 0.894
Epoch    1/50, time: 18.37 s, val_loss: 0.923
Training Metrics:
Accuracy: 0.9082
Precision: 0.1536
Recall: 0.8148
F1 Score: 0.2584
IoU: 0.1484
Dice Coefficient: 0.2584
Validation Metrics:
Accuracy: 0.9863
Precision: 0.6081
Recall: 0.7753
F1 Score: 0.6816
IoU: 0.5170
Dice Coefficient: 0.6816
Training Metrics:
Accuracy: 0.7634
Precision: 0.0761
Recall: 0.9930
F1 Score: 0.1415
IoU: 0.0761
Dice Coefficient: 0.1415
Validation Metrics:
Accuracy: 0.7206
Precision: 0.0635
Recall: 0.9996
F1 Score: 0.1195
IoU: 0.0635
Dice Coefficient: 0.1195
Epoch   39/50, time: 134.90 s, training_loss: 0.249
Epoch   32/50, time: 41.08 s, training_loss: 0.414
Epoch   32/50, time: 15.18 s, val_loss: 0.348
Training Metrics:
Accuracy: 0.9907
Precision: 0.7339
Recall: 0.8253
F1 Score: 0.7769
IoU: 0.6352
Dice Coefficient: 0.7769
Validation Metrics:
Accuracy: 0.9890
Precision: 0.6892
Recall: 0.7641
F1 Score: 0.7247
IoU: 0.5683
Dice Coefficient: 0.7247
Epoch   39/50, time: 36.63 s, val_loss: 0.292
Epoch    2/50, time: 40.42 s, training_loss: 0.858
Epoch    2/50, time: 17.36 s, val_loss: 0.885
Epoch   33/50, time: 47.91 s, training_loss: 0.389
Epoch   33/50, time: 18.53 s, val_loss: 0.335
Epoch    3/50, time: 48.27 s, training_loss: 0.841
Epoch    3/50, time: 17.82 s, val_loss: 0.849
Epoch   34/50, time: 49.66 s, training_loss: 0.389
Epoch   34/50, time: 17.64 s, val_loss: 0.331
Epoch    4/50, time: 48.06 s, training_loss: 0.826
Epoch   42/50, time: 139.23 s, training_loss: 0.247
Epoch   40/50, time: 137.41 s, training_loss: 0.246
Epoch    4/50, time: 15.15 s, val_loss: 0.855
Epoch   35/50, time: 41.65 s, training_loss: 0.371
Epoch   42/50, time: 37.02 s, val_loss: 0.302
Epoch   40/50, time: 37.38 s, val_loss: 0.299
Epoch   35/50, time: 15.71 s, val_loss: 0.328
Epoch    5/50, time: 42.63 s, training_loss: 0.811
Epoch    5/50, time: 17.25 s, val_loss: 0.808
Epoch   36/50, time: 50.27 s, training_loss: 0.388
Epoch   36/50, time: 18.52 s, val_loss: 0.320
Epoch    6/50, time: 48.44 s, training_loss: 0.798
Epoch    6/50, time: 17.82 s, val_loss: 0.792
Epoch   37/50, time: 49.33 s, training_loss: 0.376
Epoch   43/50, time: 140.41 s, training_loss: 0.241
Epoch   37/50, time: 15.02 s, val_loss: 0.327
Epoch   41/50, time: 140.60 s, training_loss: 0.247
Epoch    7/50, time: 45.37 s, training_loss: 0.783
Epoch    7/50, time: 15.12 s, val_loss: 0.776
Epoch   43/50, time: 37.49 s, val_loss: 0.275
Epoch   41/50, time: 37.73 s, val_loss: 0.286
Epoch   38/50, time: 41.02 s, training_loss: 0.361
Epoch   38/50, time: 17.54 s, val_loss: 0.331
Epoch    8/50, time: 45.20 s, training_loss: 0.764
Epoch    8/50, time: 18.68 s, val_loss: 0.775
Epoch   39/50, time: 49.42 s, training_loss: 0.360
Epoch   39/50, time: 18.48 s, val_loss: 0.301
Epoch    9/50, time: 49.55 s, training_loss: 0.748
Epoch    9/50, time: 18.49 s, val_loss: 0.746
Epoch   40/50, time: 45.95 s, training_loss: 0.350
Epoch   44/50, time: 141.59 s, training_loss: 0.239
Epoch   40/50, time: 14.19 s, val_loss: 0.301
Epoch   10/50, time: 40.74 s, training_loss: 0.721
Epoch   10/50, time: 14.52 s, val_loss: 0.690
Epoch   44/50, time: 36.02 s, val_loss: 0.281
Epoch   41/50, time: 42.02 s, training_loss: 0.344
Epoch   41/50, time: 16.25 s, val_loss: 0.323
Training Metrics:
Accuracy: 0.9908
Precision: 0.7528
Recall: 0.7895
F1 Score: 0.7707
IoU: 0.6270
Dice Coefficient: 0.7707
Validation Metrics:
Accuracy: 0.9891
Precision: 0.7030
Recall: 0.7350
F1 Score: 0.7186
IoU: 0.5609
Dice Coefficient: 0.7186
Epoch   11/50, time: 45.16 s, training_loss: 0.700
Epoch   11/50, time: 17.43 s, val_loss: 0.686
Training Metrics:
Accuracy: 0.9616
Precision: 0.3046
Recall: 0.7451
F1 Score: 0.4324
IoU: 0.2759
Dice Coefficient: 0.4324
Validation Metrics:
Accuracy: 0.9878
Precision: 0.6669
Recall: 0.7174
F1 Score: 0.6912
IoU: 0.5282
Dice Coefficient: 0.6912
Epoch   45/50, time: 133.27 s, training_loss: 0.232
Training Metrics:
Accuracy: 0.8707
Precision: 0.1076
Recall: 0.7656
F1 Score: 0.1886
IoU: 0.1041
Dice Coefficient: 0.1886
Validation Metrics:
Accuracy: 0.8446
Precision: 0.0898
Recall: 0.7874
F1 Score: 0.1613
IoU: 0.0877
Dice Coefficient: 0.1613
Epoch   42/50, time: 129.32 s, training_loss: 0.232
Epoch   42/50, time: 44.38 s, training_loss: 0.338
Epoch   45/50, time: 38.87 s, val_loss: 0.276
Epoch   42/50, time: 15.59 s, val_loss: 0.300
Epoch   12/50, time: 41.39 s, training_loss: 0.675
Epoch   12/50, time: 15.29 s, val_loss: 0.653
Epoch   42/50, time: 38.29 s, val_loss: 0.294
Epoch   43/50, time: 46.45 s, training_loss: 0.335
Epoch   43/50, time: 17.97 s, val_loss: 0.283
Epoch   13/50, time: 51.60 s, training_loss: 0.646
Epoch   13/50, time: 18.00 s, val_loss: 0.636
Epoch   44/50, time: 49.88 s, training_loss: 0.331
Epoch   44/50, time: 16.38 s, val_loss: 0.290
Epoch   46/50, time: 138.29 s, training_loss: 0.231
Epoch   14/50, time: 46.19 s, training_loss: 0.632
Epoch   14/50, time: 15.55 s, val_loss: 0.612
Epoch   43/50, time: 140.64 s, training_loss: 0.231
Epoch   46/50, time: 37.52 s, val_loss: 0.270
Epoch   45/50, time: 42.57 s, training_loss: 0.331
Epoch   45/50, time: 16.48 s, val_loss: 0.503
Epoch   15/50, time: 42.79 s, training_loss: 0.600
Epoch   43/50, time: 39.22 s, val_loss: 0.273
Epoch   15/50, time: 17.13 s, val_loss: 0.586
Epoch   46/50, time: 47.13 s, training_loss: 0.348
Epoch   46/50, time: 17.70 s, val_loss: 0.293
Epoch   16/50, time: 51.54 s, training_loss: 0.576
Epoch   16/50, time: 18.05 s, val_loss: 0.601
Epoch   47/50, time: 49.04 s, training_loss: 0.321
Epoch   47/50, time: 134.87 s, training_loss: 0.230
Epoch   47/50, time: 16.28 s, val_loss: 0.301
Epoch   17/50, time: 46.43 s, training_loss: 0.555
Epoch   44/50, time: 139.24 s, training_loss: 0.236
Epoch   47/50, time: 38.22 s, val_loss: 0.278
Epoch   17/50, time: 13.81 s, val_loss: 0.575
Epoch   48/50, time: 43.90 s, training_loss: 0.319
Epoch   48/50, time: 15.69 s, val_loss: 0.283
Epoch   44/50, time: 40.38 s, val_loss: 0.283
Epoch   18/50, time: 44.57 s, training_loss: 0.528
Epoch   18/50, time: 17.50 s, val_loss: 0.492
Epoch   49/50, time: 50.59 s, training_loss: 0.344
Epoch   49/50, time: 17.78 s, val_loss: 0.336
Epoch   19/50, time: 48.69 s, training_loss: 0.508
Epoch   19/50, time: 16.77 s, val_loss: 0.479
Epoch   48/50, time: 132.23 s, training_loss: 0.227
Epoch   50/50, time: 47.76 s, training_loss: 0.302
Epoch   50/50, time: 15.43 s, val_loss: 0.313
Epoch   48/50, time: 39.03 s, val_loss: 0.266
Epoch   20/50, time: 46.17 s, training_loss: 0.481
Epoch   45/50, time: 139.24 s, training_loss: 0.233
Epoch   20/50, time: 15.82 s, val_loss: 0.481
Epoch   45/50, time: 41.51 s, val_loss: 0.281
Epoch   21/50, time: 44.86 s, training_loss: 0.482
Epoch   21/50, time: 15.70 s, val_loss: 0.455
Training Metrics:
Accuracy: 0.9890
Precision: 0.6965
Recall: 0.7752
F1 Score: 0.7337
IoU: 0.5794
Dice Coefficient: 0.7337
Validation Metrics:
Accuracy: 0.9886
Precision: 0.6852
Recall: 0.7401
F1 Score: 0.7116
IoU: 0.5523
Dice Coefficient: 0.7116
Test Metrics:
Accuracy: 0.9886
Precision: 0.6852
Recall: 0.7401
F1 Score: 0.7116
IoU: 0.5523
Dice Coefficient: 0.7116
[I 2025-08-06 01:51:16,266] Trial 32 finished with value: 0.7115631740024265 and parameters: {'batch_size': 16, 'lr': 9.006108814484521e-05, 'loss_fn': 'dice_loss', 'augmentation': True, 'filters_idx': 2, 'in_channels': 100, 'att_channels': 16}. Best is trial 29 with value: 0.7690253049135821.
wandb: Finishing previous runs because reinit is set to True.
