Epoch   10/50, time: 46.24 s, training_loss: 0.866
Epoch   37/50, time: 47.96 s, training_loss: 0.771
Epoch   10/50, time: 15.63 s, val_loss: 0.861
Epoch   37/50, time: 14.98 s, val_loss: 0.768
Epoch   17/50, time: 46.93 s, training_loss: 0.844
Epoch   17/50, time: 17.30 s, val_loss: 0.795
Epoch    1/50, time: 45.85 s, training_loss: 0.839
Epoch    1/50, time: 18.15 s, val_loss: 0.806
Epoch   11/50, time: 48.97 s, training_loss: 0.863
Epoch   38/50, time: 49.85 s, training_loss: 0.767
Epoch   11/50, time: 15.72 s, val_loss: 0.854
Epoch   38/50, time: 15.37 s, val_loss: 0.767
Epoch   18/50, time: 48.08 s, training_loss: 0.840
Epoch   18/50, time: 18.03 s, val_loss: 0.794
Epoch   39/50, time: 48.60 s, training_loss: 0.764
Training Metrics:
Accuracy: 0.9080
Precision: 0.1593
Recall: 0.8624
F1 Score: 0.2690
IoU: 0.1554
Dice Coefficient: 0.2690
Validation Metrics:
Accuracy: 0.9095
Precision: 0.1586
Recall: 0.8754
F1 Score: 0.2685
IoU: 0.1551
Dice Coefficient: 0.2685
Epoch   39/50, time: 12.78 s, val_loss: 0.760
Epoch   19/50, time: 43.51 s, training_loss: 0.837
Epoch   19/50, time: 14.93 s, val_loss: 0.799
Training Metrics:
Accuracy: 0.8583
Precision: 0.1174
Recall: 0.9540
F1 Score: 0.2091
IoU: 0.1167
Dice Coefficient: 0.2091
Validation Metrics:
Accuracy: 0.8735
Precision: 0.1257
Recall: 0.9515
F1 Score: 0.2221
IoU: 0.1249
Dice Coefficient: 0.2221
Epoch    2/50, time: 47.56 s, training_loss: 0.782
Epoch   40/50, time: 51.18 s, training_loss: 0.762
Epoch    2/50, time: 15.69 s, val_loss: 0.777
Epoch   20/50, time: 48.21 s, training_loss: 0.834
Epoch   40/50, time: 14.40 s, val_loss: 0.758
Epoch   12/50, time: 49.67 s, training_loss: 0.860
Epoch   20/50, time: 15.39 s, val_loss: 0.791
Epoch   12/50, time: 15.67 s, val_loss: 0.850
Epoch    3/50, time: 47.44 s, training_loss: 0.761
Epoch   41/50, time: 50.87 s, training_loss: 0.759
Epoch    3/50, time: 15.88 s, val_loss: 0.754
Epoch   41/50, time: 14.27 s, val_loss: 0.757
Epoch   21/50, time: 51.18 s, training_loss: 0.833
Epoch   13/50, time: 48.91 s, training_loss: 0.856
Epoch   21/50, time: 15.72 s, val_loss: 0.789
Epoch   13/50, time: 15.43 s, val_loss: 0.846
Epoch    4/50, time: 46.98 s, training_loss: 0.745
Epoch    4/50, time: 15.36 s, val_loss: 0.729
Epoch   14/50, time: 49.67 s, training_loss: 0.854
Epoch   14/50, time: 13.47 s, val_loss: 0.842
Training Metrics:
Accuracy: 0.9176
Precision: 0.1808
Recall: 0.9060
F1 Score: 0.3014
IoU: 0.1775
Dice Coefficient: 0.3014
Validation Metrics:
Accuracy: 0.9214
Precision: 0.1820
Recall: 0.8996
F1 Score: 0.3028
IoU: 0.1784
Dice Coefficient: 0.3028
Epoch    5/50, time: 38.49 s, training_loss: 0.725
Training Metrics:
Accuracy: 0.7578
Precision: 0.0689
Recall: 0.9070
F1 Score: 0.1281
IoU: 0.0685
Dice Coefficient: 0.1281
Validation Metrics:
Accuracy: 0.9162
Precision: 0.1684
Recall: 0.8680
F1 Score: 0.2821
IoU: 0.1642
Dice Coefficient: 0.2821
Epoch    5/50, time: 16.22 s, val_loss: 0.717
Epoch   15/50, time: 50.81 s, training_loss: 0.851
Epoch   42/50, time: 51.22 s, training_loss: 0.757
Epoch   15/50, time: 14.87 s, val_loss: 0.838
Epoch   22/50, time: 49.31 s, training_loss: 0.831
Epoch   42/50, time: 13.92 s, val_loss: 0.754
Epoch    6/50, time: 44.96 s, training_loss: 0.702
Epoch   22/50, time: 16.01 s, val_loss: 0.779
Epoch    6/50, time: 16.29 s, val_loss: 0.687
Epoch   16/50, time: 51.15 s, training_loss: 0.848
Epoch   43/50, time: 48.32 s, training_loss: 0.754
Epoch   16/50, time: 15.32 s, val_loss: 0.834
Epoch   43/50, time: 14.81 s, val_loss: 0.751
Epoch   23/50, time: 50.30 s, training_loss: 0.828
Epoch    7/50, time: 45.85 s, training_loss: 0.678
Epoch   23/50, time: 15.84 s, val_loss: 0.781
Epoch    7/50, time: 16.21 s, val_loss: 0.636
Epoch   44/50, time: 48.10 s, training_loss: 0.752
Epoch   17/50, time: 50.89 s, training_loss: 0.846
Epoch   44/50, time: 15.28 s, val_loss: 0.752
Epoch   17/50, time: 15.60 s, val_loss: 0.831
Epoch    8/50, time: 46.78 s, training_loss: 0.637
Epoch   24/50, time: 51.91 s, training_loss: 0.826
Epoch    8/50, time: 15.92 s, val_loss: 0.651
Epoch   24/50, time: 15.55 s, val_loss: 0.779
Epoch   18/50, time: 50.16 s, training_loss: 0.843
Epoch   45/50, time: 52.03 s, training_loss: 0.751
Epoch    9/50, time: 46.99 s, training_loss: 0.607
Epoch   18/50, time: 14.99 s, val_loss: 0.828
Epoch   45/50, time: 14.97 s, val_loss: 0.744
Epoch   25/50, time: 48.63 s, training_loss: 0.823
Epoch    9/50, time: 15.19 s, val_loss: 0.604
Epoch   25/50, time: 15.70 s, val_loss: 0.778
Epoch   19/50, time: 50.82 s, training_loss: 0.840
Epoch   46/50, time: 52.07 s, training_loss: 0.748
Epoch   10/50, time: 48.36 s, training_loss: 0.564
Epoch   19/50, time: 14.14 s, val_loss: 0.823
Epoch   46/50, time: 14.21 s, val_loss: 0.743
Epoch   26/50, time: 51.01 s, training_loss: 0.821
Epoch   10/50, time: 14.46 s, val_loss: 0.554
Epoch   26/50, time: 16.73 s, val_loss: 0.766
Epoch   20/50, time: 51.08 s, training_loss: 0.837
Epoch   47/50, time: 51.06 s, training_loss: 0.746
Epoch   11/50, time: 47.34 s, training_loss: 0.527
Epoch   20/50, time: 15.11 s, val_loss: 0.818
Epoch   47/50, time: 14.36 s, val_loss: 0.740
Epoch   27/50, time: 50.00 s, training_loss: 0.818
Epoch   11/50, time: 14.28 s, val_loss: 0.503
Epoch   27/50, time: 17.05 s, val_loss: 0.782
Epoch   48/50, time: 50.76 s, training_loss: 0.743
Epoch   21/50, time: 54.01 s, training_loss: 0.834
Epoch   48/50, time: 13.42 s, val_loss: 0.738
Epoch   21/50, time: 13.28 s, val_loss: 0.822
Epoch   28/50, time: 47.26 s, training_loss: 0.816
Epoch   28/50, time: 16.09 s, val_loss: 0.768
Training Metrics:
Accuracy: 0.9742
Precision: 0.4079
Recall: 0.6940
F1 Score: 0.5138
IoU: 0.3457
Dice Coefficient: 0.5138
Validation Metrics:
Accuracy: 0.9765
Precision: 0.4257
Recall: 0.6790
F1 Score: 0.5233
IoU: 0.3544
Dice Coefficient: 0.5233
Epoch   49/50, time: 49.27 s, training_loss: 0.740
Epoch   49/50, time: 14.55 s, val_loss: 0.735
Epoch   29/50, time: 47.32 s, training_loss: 0.814
Epoch   12/50, time: 44.22 s, training_loss: 0.502
Epoch   29/50, time: 14.28 s, val_loss: 0.769
Training Metrics:
Accuracy: 0.8908
Precision: 0.1441
Recall: 0.9240
F1 Score: 0.2493
IoU: 0.1424
Dice Coefficient: 0.2493
Validation Metrics:
Accuracy: 0.9055
Precision: 0.1556
Recall: 0.8994
F1 Score: 0.2653
IoU: 0.1529
Dice Coefficient: 0.2653
Epoch   12/50, time: 14.48 s, val_loss: 0.471
Epoch   50/50, time: 48.43 s, training_loss: 0.738
Epoch   50/50, time: 17.54 s, val_loss: 0.734
Epoch   30/50, time: 49.62 s, training_loss: 0.812
Epoch   13/50, time: 47.52 s, training_loss: 0.467
Epoch   22/50, time: 52.66 s, training_loss: 0.831
Epoch   30/50, time: 14.13 s, val_loss: 0.768
Epoch   13/50, time: 15.07 s, val_loss: 0.439
Epoch   22/50, time: 14.74 s, val_loss: 0.823
Epoch   31/50, time: 50.14 s, training_loss: 0.810
Epoch   14/50, time: 48.35 s, training_loss: 0.433
Epoch   23/50, time: 49.36 s, training_loss: 0.829
Epoch   31/50, time: 12.62 s, val_loss: 0.759
Epoch   14/50, time: 13.26 s, val_loss: 0.405
Training Metrics:
Accuracy: 0.9244
Precision: 0.1910
Recall: 0.8818
F1 Score: 0.3141
IoU: 0.1863
Dice Coefficient: 0.3141
Validation Metrics:
Accuracy: 0.9317
Precision: 0.1989
Recall: 0.8588
F1 Score: 0.3230
IoU: 0.1926
Dice Coefficient: 0.3230
Epoch   23/50, time: 13.09 s, val_loss: 0.817
Test Metrics:
Accuracy: 0.9317
Precision: 0.1989
Recall: 0.8588
F1 Score: 0.3230
IoU: 0.1926
Dice Coefficient: 0.3230
[I 2025-08-06 04:31:07,346] Trial 41 finished with value: 0.32301181451313155 and parameters: {'batch_size': 32, 'lr': 3.670802941553898e-05, 'loss_fn': 'dice_loss', 'augmentation': True, 'filters_idx': 0, 'in_channels': 100, 'att_channels': 16}. Best is trial 29 with value: 0.7690253049135821.
wandb: Finishing previous runs because reinit is set to True.
