Epoch   14/50, time: 45.83 s, training_loss: 0.832
Epoch   22/50, time: 14.18 s, val_loss: 0.922
Epoch   14/50, time: 16.30 s, val_loss: 0.770
Epoch   31/50, time: 45.88 s, training_loss: 0.633
Epoch   31/50, time: 17.00 s, val_loss: 0.612
Epoch    1/50, time: 49.59 s, training_loss: 0.931
Epoch   23/50, time: 47.22 s, training_loss: 0.792
Epoch    1/50, time: 15.51 s, val_loss: 0.918
Epoch   23/50, time: 14.61 s, val_loss: 0.865
Epoch   15/50, time: 50.78 s, training_loss: 0.830
Epoch   15/50, time: 18.00 s, val_loss: 0.773
Epoch   24/50, time: 46.57 s, training_loss: 0.788
Training Metrics:
Accuracy: 0.9599
Precision: 0.3007
Recall: 0.7878
F1 Score: 0.4353
IoU: 0.2782
Dice Coefficient: 0.4353
Validation Metrics:
Accuracy: 0.9632
Precision: 0.3094
Recall: 0.7616
F1 Score: 0.4400
IoU: 0.2821
Dice Coefficient: 0.4400
Epoch   24/50, time: 13.29 s, val_loss: 0.861
Epoch   16/50, time: 43.38 s, training_loss: 0.827
Epoch   16/50, time: 15.14 s, val_loss: 0.754
Training Metrics:
Accuracy: 0.8457
Precision: 0.0969
Recall: 0.8249
F1 Score: 0.1734
IoU: 0.0949
Dice Coefficient: 0.1734
Validation Metrics:
Accuracy: 0.8143
Precision: 0.0879
Recall: 0.9368
F1 Score: 0.1606
IoU: 0.0873
Dice Coefficient: 0.1606
Epoch   25/50, time: 47.81 s, training_loss: 0.784
Epoch   32/50, time: 48.04 s, training_loss: 0.623
Epoch   25/50, time: 15.30 s, val_loss: 0.861
Epoch   32/50, time: 15.73 s, val_loss: 0.619
Epoch   17/50, time: 50.00 s, training_loss: 0.824
Epoch    2/50, time: 49.18 s, training_loss: 0.905
Epoch   17/50, time: 15.91 s, val_loss: 0.761
Epoch    2/50, time: 15.71 s, val_loss: 0.902
Epoch   33/50, time: 46.57 s, training_loss: 0.613
Epoch   26/50, time: 47.62 s, training_loss: 0.777
Epoch   33/50, time: 15.77 s, val_loss: 0.610
Epoch   26/50, time: 16.24 s, val_loss: 0.851
Epoch   18/50, time: 50.78 s, training_loss: 0.822
Epoch    3/50, time: 49.16 s, training_loss: 0.892
Epoch   18/50, time: 15.64 s, val_loss: 0.767
Epoch    3/50, time: 15.89 s, val_loss: 0.890
Epoch   27/50, time: 46.45 s, training_loss: 0.769
Epoch   34/50, time: 47.57 s, training_loss: 0.605
Epoch   27/50, time: 15.88 s, val_loss: 0.869
Epoch   34/50, time: 15.85 s, val_loss: 0.602
Epoch   19/50, time: 50.73 s, training_loss: 0.818
Epoch    4/50, time: 50.82 s, training_loss: 0.883
Epoch   19/50, time: 15.78 s, val_loss: 0.751
Epoch    4/50, time: 16.20 s, val_loss: 0.881
Epoch   28/50, time: 44.69 s, training_loss: 0.763
Epoch   35/50, time: 46.08 s, training_loss: 0.595
Epoch   28/50, time: 15.54 s, val_loss: 0.812
Epoch   35/50, time: 16.23 s, val_loss: 0.592
Epoch   20/50, time: 51.97 s, training_loss: 0.815
Epoch    5/50, time: 51.66 s, training_loss: 0.876
Epoch   20/50, time: 15.69 s, val_loss: 0.758
Epoch    5/50, time: 15.87 s, val_loss: 0.877
Epoch   29/50, time: 45.93 s, training_loss: 0.755
Epoch   36/50, time: 45.04 s, training_loss: 0.588
Epoch   29/50, time: 16.09 s, val_loss: 0.822
Epoch   36/50, time: 15.70 s, val_loss: 0.586
Epoch   21/50, time: 49.04 s, training_loss: 0.812
Epoch    6/50, time: 52.65 s, training_loss: 0.871
Epoch   21/50, time: 15.58 s, val_loss: 0.751
Epoch    6/50, time: 15.67 s, val_loss: 0.871
Epoch   30/50, time: 45.81 s, training_loss: 0.752
Epoch   37/50, time: 45.04 s, training_loss: 0.575
Epoch   30/50, time: 15.89 s, val_loss: 0.834
Epoch   37/50, time: 15.93 s, val_loss: 0.569
Epoch    7/50, time: 51.29 s, training_loss: 0.866
Epoch   38/50, time: 44.83 s, training_loss: 0.569
Epoch    7/50, time: 14.19 s, val_loss: 0.867
Epoch   31/50, time: 46.29 s, training_loss: 0.745
Training Metrics:
Accuracy: 0.7011
Precision: 0.0575
Recall: 0.9252
F1 Score: 0.1084
IoU: 0.0573
Dice Coefficient: 0.1084
Validation Metrics:
Accuracy: 0.9238
Precision: 0.1870
Recall: 0.9005
F1 Score: 0.3096
IoU: 0.1832
Dice Coefficient: 0.3096
Epoch   38/50, time: 13.58 s, val_loss: 0.567
Epoch   31/50, time: 13.76 s, val_loss: 0.827
Epoch    8/50, time: 51.88 s, training_loss: 0.862
Epoch   39/50, time: 49.75 s, training_loss: 0.556
Epoch   22/50, time: 52.05 s, training_loss: 0.812
Epoch    8/50, time: 14.36 s, val_loss: 0.861
Epoch   39/50, time: 13.14 s, val_loss: 0.554
Epoch   22/50, time: 13.27 s, val_loss: 0.729
Training Metrics:
Accuracy: 0.8274
Precision: 0.0852
Recall: 0.8009
F1 Score: 0.1540
IoU: 0.0834
Dice Coefficient: 0.1540
Validation Metrics:
Accuracy: 0.6835
Precision: 0.0498
Recall: 0.8680
F1 Score: 0.0942
IoU: 0.0495
Dice Coefficient: 0.0942
Epoch    9/50, time: 47.22 s, training_loss: 0.858
Epoch   40/50, time: 46.00 s, training_loss: 0.550
Epoch    9/50, time: 14.79 s, val_loss: 0.859
Epoch   23/50, time: 51.67 s, training_loss: 0.808
Epoch   40/50, time: 14.31 s, val_loss: 0.546
Epoch   23/50, time: 15.65 s, val_loss: 0.736
Epoch   32/50, time: 44.50 s, training_loss: 0.736
Epoch   32/50, time: 17.35 s, val_loss: 0.835
Epoch   10/50, time: 49.33 s, training_loss: 0.854
Epoch   41/50, time: 49.34 s, training_loss: 0.543
Epoch   10/50, time: 14.81 s, val_loss: 0.852
Epoch   24/50, time: 49.74 s, training_loss: 0.805
Epoch   41/50, time: 14.42 s, val_loss: 0.532
Epoch   24/50, time: 15.81 s, val_loss: 0.737
Epoch   33/50, time: 46.18 s, training_loss: 0.729
Epoch   33/50, time: 17.80 s, val_loss: 0.820
Epoch   11/50, time: 50.44 s, training_loss: 0.851
Epoch   11/50, time: 14.35 s, val_loss: 0.848
Epoch   25/50, time: 51.46 s, training_loss: 0.800
Epoch   34/50, time: 43.88 s, training_loss: 0.726
Epoch   25/50, time: 14.83 s, val_loss: 0.728
Training Metrics:
Accuracy: 0.9723
Precision: 0.3908
Recall: 0.7357
F1 Score: 0.5104
IoU: 0.3427
Dice Coefficient: 0.5104
Validation Metrics:
Accuracy: 0.9732
Precision: 0.3891
Recall: 0.7212
F1 Score: 0.5055
IoU: 0.3382
Dice Coefficient: 0.5055
Epoch   34/50, time: 14.54 s, val_loss: 0.821
Epoch   26/50, time: 48.21 s, training_loss: 0.798
Epoch   42/50, time: 45.53 s, training_loss: 0.534
Epoch   35/50, time: 46.72 s, training_loss: 0.718
Epoch   26/50, time: 12.83 s, val_loss: 0.737
Epoch   42/50, time: 12.66 s, val_loss: 0.527
Training Metrics:
Accuracy: 0.8742
Precision: 0.1275
Recall: 0.9255
F1 Score: 0.2241
IoU: 0.1262
Dice Coefficient: 0.2241
Validation Metrics:
Accuracy: 0.8824
Precision: 0.1316
Recall: 0.9289
F1 Score: 0.2306
IoU: 0.1303
Dice Coefficient: 0.2306
Epoch   35/50, time: 13.42 s, val_loss: 0.823
Epoch   27/50, time: 52.32 s, training_loss: 0.793
Epoch   43/50, time: 50.81 s, training_loss: 0.524
Epoch   12/50, time: 52.00 s, training_loss: 0.847
Epoch   36/50, time: 49.82 s, training_loss: 0.712
Epoch   27/50, time: 13.17 s, val_loss: 0.721
Epoch   43/50, time: 13.46 s, val_loss: 0.527
Epoch   12/50, time: 13.15 s, val_loss: 0.843
Epoch   36/50, time: 13.40 s, val_loss: 0.815
Epoch   44/50, time: 48.93 s, training_loss: 0.512
Epoch   28/50, time: 54.27 s, training_loss: 0.791
Epoch   13/50, time: 52.98 s, training_loss: 0.844
Epoch   37/50, time: 50.75 s, training_loss: 0.704
Epoch   44/50, time: 13.31 s, val_loss: 0.513
Epoch   28/50, time: 13.38 s, val_loss: 0.722
Epoch   13/50, time: 13.31 s, val_loss: 0.843
Epoch   37/50, time: 14.02 s, val_loss: 0.793
Epoch   45/50, time: 51.69 s, training_loss: 0.507
Epoch   29/50, time: 53.07 s, training_loss: 0.787
Epoch   38/50, time: 50.59 s, training_loss: 0.700
Epoch   14/50, time: 54.33 s, training_loss: 0.840
Epoch   45/50, time: 12.74 s, val_loss: 0.511
Epoch   29/50, time: 13.39 s, val_loss: 0.709
Epoch   38/50, time: 13.39 s, val_loss: 0.765
Epoch   14/50, time: 13.91 s, val_loss: 0.839
Epoch   46/50, time: 50.43 s, training_loss: 0.502
Epoch   39/50, time: 50.39 s, training_loss: 0.691
Epoch   30/50, time: 53.36 s, training_loss: 0.784
Epoch   15/50, time: 52.93 s, training_loss: 0.837
Epoch   46/50, time: 13.35 s, val_loss: 0.514
Epoch   39/50, time: 13.19 s, val_loss: 0.733
Epoch   30/50, time: 13.61 s, val_loss: 0.720
Epoch   15/50, time: 14.54 s, val_loss: 0.835
Epoch   47/50, time: 48.72 s, training_loss: 0.491
Epoch   40/50, time: 50.86 s, training_loss: 0.684
Epoch   31/50, time: 53.82 s, training_loss: 0.780
Epoch   47/50, time: 14.53 s, val_loss: 0.491
Epoch   16/50, time: 51.23 s, training_loss: 0.833
Epoch   40/50, time: 13.03 s, val_loss: 0.760
Epoch   31/50, time: 14.48 s, val_loss: 0.708
Epoch   16/50, time: 14.61 s, val_loss: 0.831
Epoch   48/50, time: 49.52 s, training_loss: 0.490
Epoch   41/50, time: 50.10 s, training_loss: 0.681
Epoch   48/50, time: 15.25 s, val_loss: 0.496
Epoch   17/50, time: 51.35 s, training_loss: 0.830
Epoch   41/50, time: 12.70 s, val_loss: 0.746
Epoch   17/50, time: 14.42 s, val_loss: 0.831
Epoch   49/50, time: 41.25 s, training_loss: 0.478
Training Metrics:
Accuracy: 0.7301
Precision: 0.0567
Recall: 0.8159
F1 Score: 0.1061
IoU: 0.0560
Dice Coefficient: 0.1061
Validation Metrics:
Accuracy: 0.9497
Precision: 0.2332
Recall: 0.7207
F1 Score: 0.3524
IoU: 0.2139
Dice Coefficient: 0.3524
Epoch   49/50, time: 15.08 s, val_loss: 0.472
Epoch   18/50, time: 46.92 s, training_loss: 0.827
Epoch   18/50, time: 16.44 s, val_loss: 0.829
Training Metrics:
Accuracy: 0.8764
Precision: 0.1160
Recall: 0.8001
F1 Score: 0.2026
IoU: 0.1127
Dice Coefficient: 0.2026
Validation Metrics:
Accuracy: 0.7547
Precision: 0.0620
Recall: 0.8443
F1 Score: 0.1155
IoU: 0.0613
Dice Coefficient: 0.1155
Epoch   32/50, time: 46.39 s, training_loss: 0.776
Epoch   50/50, time: 42.69 s, training_loss: 0.474
Epoch   32/50, time: 16.36 s, val_loss: 0.689
Epoch   50/50, time: 15.91 s, val_loss: 0.479
Epoch   19/50, time: 48.55 s, training_loss: 0.824
Epoch   42/50, time: 47.53 s, training_loss: 0.673
Epoch   19/50, time: 16.28 s, val_loss: 0.826
Epoch   42/50, time: 16.35 s, val_loss: 0.748
Epoch   33/50, time: 48.77 s, training_loss: 0.775
Epoch   33/50, time: 15.23 s, val_loss: 0.692
Epoch   20/50, time: 48.89 s, training_loss: 0.821
Epoch   43/50, time: 44.44 s, training_loss: 0.666
Training Metrics:
Accuracy: 0.9782
Precision: 0.4622
Recall: 0.6905
F1 Score: 0.5537
IoU: 0.3829
Dice Coefficient: 0.5537
Validation Metrics:
Accuracy: 0.9786
Precision: 0.4565
Recall: 0.6778
F1 Score: 0.5456
IoU: 0.3751
Dice Coefficient: 0.5456
Epoch   20/50, time: 14.23 s, val_loss: 0.824
Epoch   43/50, time: 14.69 s, val_loss: 0.739
Epoch   34/50, time: 43.02 s, training_loss: 0.772
Test Metrics:
Accuracy: 0.9786
Precision: 0.4565
Recall: 0.6778
F1 Score: 0.5456
IoU: 0.3751
Dice Coefficient: 0.5456
[I 2025-08-06 03:52:43,441] Trial 38 finished with value: 0.5455724748370961 and parameters: {'batch_size': 16, 'lr': 5.59792147033393e-05, 'loss_fn': 'dice_loss', 'augmentation': True, 'filters_idx': 1, 'in_channels': 100, 'att_channels': 16}. Best is trial 29 with value: 0.7690253049135821.
wandb: Finishing previous runs because reinit is set to True.
