Epoch    7/50, time: 39.38 s, training_loss: 0.661
Epoch   18/50, time: 13.52 s, val_loss: 0.342
Epoch    7/50, time: 13.72 s, val_loss: 0.618
Epoch   33/50, time: 41.68 s, training_loss: 0.255
Epoch    1/50, time: 42.07 s, training_loss: 0.859
Epoch   33/50, time: 13.42 s, val_loss: 0.268
Epoch   19/50, time: 40.26 s, training_loss: 0.354
Epoch    1/50, time: 14.61 s, val_loss: 0.880
Epoch    8/50, time: 38.24 s, training_loss: 0.618
Epoch   19/50, time: 13.37 s, val_loss: 0.362
Epoch    8/50, time: 16.52 s, val_loss: 0.601
Epoch   34/50, time: 44.40 s, training_loss: 0.253
Epoch   34/50, time: 12.54 s, val_loss: 0.282
Epoch   20/50, time: 43.46 s, training_loss: 0.333
Epoch    9/50, time: 37.30 s, training_loss: 0.575
Epoch   20/50, time: 13.19 s, val_loss: 0.394
Epoch    9/50, time: 12.48 s, val_loss: 0.555
Training Metrics:
Accuracy: 0.7204
Precision: 0.0610
Recall: 0.9199
F1 Score: 0.1144
IoU: 0.0607
Dice Coefficient: 0.1144
Validation Metrics:
Accuracy: 0.7424
Precision: 0.0619
Recall: 0.8892
F1 Score: 0.1158
IoU: 0.0614
Dice Coefficient: 0.1158
Epoch   35/50, time: 37.72 s, training_loss: 0.246
Epoch   35/50, time: 13.57 s, val_loss: 0.277
Epoch   21/50, time: 38.53 s, training_loss: 0.322
Epoch   10/50, time: 39.51 s, training_loss: 0.554
Epoch    2/50, time: 41.58 s, training_loss: 0.810
Epoch   21/50, time: 13.33 s, val_loss: 0.305
Epoch   10/50, time: 13.75 s, val_loss: 0.524
Epoch    2/50, time: 14.69 s, val_loss: 0.835
Epoch   36/50, time: 42.10 s, training_loss: 0.246
Epoch   36/50, time: 15.18 s, val_loss: 0.267
Epoch   11/50, time: 39.67 s, training_loss: 0.510
Epoch   11/50, time: 13.60 s, val_loss: 0.481
Epoch    3/50, time: 43.55 s, training_loss: 0.782
Epoch    3/50, time: 13.35 s, val_loss: 0.771
Training Metrics:
Accuracy: 0.9875
Precision: 0.6538
Recall: 0.7754
F1 Score: 0.7095
IoU: 0.5497
Dice Coefficient: 0.7095
Validation Metrics:
Accuracy: 0.9876
Precision: 0.6490
Recall: 0.7501
F1 Score: 0.6959
IoU: 0.5336
Dice Coefficient: 0.6959
Epoch   37/50, time: 38.19 s, training_loss: 0.244
Epoch   37/50, time: 16.10 s, val_loss: 0.323
Epoch    4/50, time: 41.51 s, training_loss: 0.764
Epoch   22/50, time: 42.80 s, training_loss: 0.318
Epoch    4/50, time: 14.43 s, val_loss: 0.747
Epoch   22/50, time: 13.99 s, val_loss: 0.320
Training Metrics:
Accuracy: 0.9719
Precision: 0.3894
Recall: 0.7640
F1 Score: 0.5159
IoU: 0.3476
Dice Coefficient: 0.5159
Validation Metrics:
Accuracy: 0.9743
Precision: 0.4056
Recall: 0.7664
F1 Score: 0.5305
IoU: 0.3610
Dice Coefficient: 0.5305
Epoch   38/50, time: 43.92 s, training_loss: 0.240
Epoch   38/50, time: 14.16 s, val_loss: 0.258
Epoch    5/50, time: 40.27 s, training_loss: 0.739
Epoch   12/50, time: 38.92 s, training_loss: 0.483
Epoch   23/50, time: 43.31 s, training_loss: 0.314
Epoch    5/50, time: 15.51 s, val_loss: 0.737
Epoch   12/50, time: 14.17 s, val_loss: 0.457
Epoch   23/50, time: 15.16 s, val_loss: 0.310
Epoch   39/50, time: 42.53 s, training_loss: 0.242
Epoch   39/50, time: 19.41 s, val_loss: 0.289
Epoch    6/50, time: 46.17 s, training_loss: 0.722
Epoch   13/50, time: 44.75 s, training_loss: 0.464
Epoch   24/50, time: 44.73 s, training_loss: 0.305
Epoch    6/50, time: 14.36 s, val_loss: 0.709
Epoch   13/50, time: 14.49 s, val_loss: 0.529
Epoch   24/50, time: 14.38 s, val_loss: 0.313
Epoch   40/50, time: 46.70 s, training_loss: 0.239
Epoch   40/50, time: 21.06 s, val_loss: 0.257
Epoch    7/50, time: 54.03 s, training_loss: 0.699
Epoch   14/50, time: 57.37 s, training_loss: 0.423
Epoch   25/50, time: 56.26 s, training_loss: 0.284
Epoch    7/50, time: 13.58 s, val_loss: 0.676
Epoch   14/50, time: 15.98 s, val_loss: 0.417
Epoch   25/50, time: 14.95 s, val_loss: 0.292
Epoch   41/50, time: 48.54 s, training_loss: 0.232
Epoch   41/50, time: 15.83 s, val_loss: 0.262
Epoch    8/50, time: 52.28 s, training_loss: 0.676
Epoch   26/50, time: 49.22 s, training_loss: 0.288
Epoch   15/50, time: 51.91 s, training_loss: 0.401
Epoch    8/50, time: 13.81 s, val_loss: 0.680
Epoch   26/50, time: 13.59 s, val_loss: 0.309
Epoch   15/50, time: 13.79 s, val_loss: 0.410
Epoch    9/50, time: 38.95 s, training_loss: 0.638
Training Metrics:
Accuracy: 0.9904
Precision: 0.7145
Recall: 0.8491
F1 Score: 0.7760
IoU: 0.6340
Dice Coefficient: 0.7760
Validation Metrics:
Accuracy: 0.9894
Precision: 0.6903
Recall: 0.8026
F1 Score: 0.7422
IoU: 0.5901
Dice Coefficient: 0.7422
Epoch   27/50, time: 39.92 s, training_loss: 0.279
Epoch   16/50, time: 41.09 s, training_loss: 0.383
Epoch    9/50, time: 13.49 s, val_loss: 0.612
Epoch   27/50, time: 13.55 s, val_loss: 0.293
Epoch   16/50, time: 14.23 s, val_loss: 0.380
Epoch   42/50, time: 44.31 s, training_loss: 0.230
Epoch   10/50, time: 46.52 s, training_loss: 0.602
Epoch   28/50, time: 42.48 s, training_loss: 0.269
Epoch   42/50, time: 17.46 s, val_loss: 0.253
Epoch   17/50, time: 45.97 s, training_loss: 0.361
Epoch   10/50, time: 14.21 s, val_loss: 0.560
Epoch   28/50, time: 14.83 s, val_loss: 0.281
Epoch   17/50, time: 14.57 s, val_loss: 0.376
Epoch   43/50, time: 45.31 s, training_loss: 0.226
Epoch   11/50, time: 44.38 s, training_loss: 0.570
Epoch   29/50, time: 47.25 s, training_loss: 0.267
Epoch   43/50, time: 16.00 s, val_loss: 0.263
Epoch   18/50, time: 44.66 s, training_loss: 0.350
Epoch   11/50, time: 14.80 s, val_loss: 0.531
Epoch   29/50, time: 12.94 s, val_loss: 0.320
Epoch   18/50, time: 14.10 s, val_loss: 0.364
Epoch   44/50, time: 43.25 s, training_loss: 0.227
Epoch   30/50, time: 47.41 s, training_loss: 0.265
Epoch   44/50, time: 15.57 s, val_loss: 0.242
Epoch   19/50, time: 44.03 s, training_loss: 0.338
Epoch   30/50, time: 14.44 s, val_loss: 0.270
Epoch   19/50, time: 15.58 s, val_loss: 0.361
Training Metrics:
Accuracy: 0.9720
Precision: 0.3799
Recall: 0.6717
F1 Score: 0.4853
IoU: 0.3204
Dice Coefficient: 0.4853
Validation Metrics:
Accuracy: 0.9741
Precision: 0.3926
Recall: 0.6665
F1 Score: 0.4941
IoU: 0.3281
Dice Coefficient: 0.4941
Epoch   45/50, time: 51.03 s, training_loss: 0.224
Epoch   31/50, time: 52.91 s, training_loss: 0.271
Epoch   45/50, time: 17.41 s, val_loss: 0.259
Epoch   20/50, time: 52.83 s, training_loss: 0.328
Epoch   12/50, time: 49.70 s, training_loss: 0.542
Epoch   31/50, time: 15.15 s, val_loss: 0.313
Epoch   20/50, time: 15.61 s, val_loss: 0.384
Epoch   12/50, time: 17.04 s, val_loss: 0.495
Epoch   46/50, time: 46.51 s, training_loss: 0.217
Epoch   21/50, time: 45.20 s, training_loss: 0.324
Epoch   46/50, time: 17.88 s, val_loss: 0.253
Epoch   13/50, time: 45.14 s, training_loss: 0.511
Epoch   21/50, time: 14.52 s, val_loss: 0.310
Epoch   13/50, time: 17.00 s, val_loss: 0.532
Training Metrics:
Accuracy: 0.9890
Precision: 0.7042
Recall: 0.7560
F1 Score: 0.7292
IoU: 0.5738
Dice Coefficient: 0.7292
Validation Metrics:
Accuracy: 0.9884
Precision: 0.6826
Recall: 0.7284
F1 Score: 0.7048
IoU: 0.5441
Dice Coefficient: 0.7048
Epoch   47/50, time: 43.14 s, training_loss: 0.218
Epoch   47/50, time: 18.27 s, val_loss: 0.255
Epoch   14/50, time: 51.97 s, training_loss: 0.482
Epoch   32/50, time: 46.83 s, training_loss: 0.262
Epoch   14/50, time: 16.00 s, val_loss: 0.502
Training Metrics:
Accuracy: 0.9873
Precision: 0.6462
Recall: 0.7826
F1 Score: 0.7079
IoU: 0.5479
Dice Coefficient: 0.7079
Validation Metrics:
Accuracy: 0.9872
Precision: 0.6369
Recall: 0.7581
F1 Score: 0.6923
IoU: 0.5294
Dice Coefficient: 0.6923
Epoch   32/50, time: 16.42 s, val_loss: 0.270
Epoch   48/50, time: 47.44 s, training_loss: 0.217
Epoch   48/50, time: 23.42 s, val_loss: 0.245
Epoch   15/50, time: 50.51 s, training_loss: 0.458
Epoch   22/50, time: 50.98 s, training_loss: 0.316
Epoch   33/50, time: 50.23 s, training_loss: 0.252
Epoch   15/50, time: 17.38 s, val_loss: 0.458
Epoch   22/50, time: 15.25 s, val_loss: 0.309
Epoch   33/50, time: 15.55 s, val_loss: 0.266
Epoch   49/50, time: 48.38 s, training_loss: 0.218
Epoch   49/50, time: 17.77 s, val_loss: 0.257
Epoch   16/50, time: 45.74 s, training_loss: 0.440
Epoch   23/50, time: 44.56 s, training_loss: 0.303
Epoch   34/50, time: 44.60 s, training_loss: 0.257
Epoch   16/50, time: 14.50 s, val_loss: 0.468
Epoch   23/50, time: 14.35 s, val_loss: 0.321
Epoch   34/50, time: 13.34 s, val_loss: 0.266
Epoch   50/50, time: 43.46 s, training_loss: 0.218
Epoch   50/50, time: 17.20 s, val_loss: 0.266
Epoch   17/50, time: 45.11 s, training_loss: 0.409
Epoch   24/50, time: 45.01 s, training_loss: 0.306
Epoch   35/50, time: 44.79 s, training_loss: 0.251
Epoch   17/50, time: 14.39 s, val_loss: 0.402
Epoch   24/50, time: 16.49 s, val_loss: 0.315
Epoch   35/50, time: 15.05 s, val_loss: 0.284
Epoch   18/50, time: 42.96 s, training_loss: 0.393
Epoch   25/50, time: 41.65 s, training_loss: 0.288
Epoch   36/50, time: 40.93 s, training_loss: 0.243
Epoch   18/50, time: 12.72 s, val_loss: 0.399
Training Metrics:
Accuracy: 0.9915
Precision: 0.7754
Recall: 0.8004
F1 Score: 0.7877
IoU: 0.6498
Dice Coefficient: 0.7877
Validation Metrics:
Accuracy: 0.9901
Precision: 0.7380
Recall: 0.7445
F1 Score: 0.7413
IoU: 0.5889
Dice Coefficient: 0.7413
Epoch   25/50, time: 12.92 s, val_loss: 0.289
Epoch   36/50, time: 13.78 s, val_loss: 0.272
Test Metrics:
Accuracy: 0.9901
Precision: 0.7380
Recall: 0.7445
F1 Score: 0.7413
IoU: 0.5889
Dice Coefficient: 0.7413
[I 2025-08-26 04:30:01,215] Trial 32 finished with value: 0.7412597036040091 and parameters: {'batch_size': 16, 'lr': 0.00016594828544397146, 'loss_fn': 'dice_loss', 'augmentation': True, 'filters_idx': 3, 'in_channels': 100, 'att_channels': 16}. Best is trial 30 with value: 0.7679260845489291.
wandb: Finishing previous runs because reinit is set to True.
