Epoch   43/50, time: 146.95 s, training_loss: 0.739
Epoch    1/50, time: 62.91 s, training_loss: 0.913
Epoch    1/50, time: 21.44 s, val_loss: 0.933
Epoch   43/50, time: 51.99 s, val_loss: 0.671
Epoch   31/50, time: 161.00 s, training_loss: 0.663
Training Metrics:
Accuracy: 0.8651
Precision: 0.1084
Recall: 0.8126
F1 Score: 0.1912
IoU: 0.1057
Dice Coefficient: 0.1912
Validation Metrics:
Accuracy: 0.8959
Precision: 0.1364
Recall: 0.8418
F1 Score: 0.2347
IoU: 0.1330
Dice Coefficient: 0.2347
Training Metrics:
Accuracy: 0.9437
Precision: 0.1376
Recall: 0.3544
F1 Score: 0.1982
IoU: 0.1100
Dice Coefficient: 0.1982
Validation Metrics:
Accuracy: 0.9093
Precision: 0.1411
Recall: 0.7434
F1 Score: 0.2372
IoU: 0.1346
Dice Coefficient: 0.2372
Epoch   31/50, time: 37.81 s, val_loss: 0.654
Epoch    2/50, time: 51.82 s, training_loss: 0.880
Epoch   44/50, time: 143.28 s, training_loss: 0.734
Epoch    2/50, time: 15.07 s, val_loss: 0.862
Epoch   44/50, time: 41.02 s, val_loss: 0.668
Epoch    3/50, time: 54.36 s, training_loss: 0.860
Epoch    3/50, time: 14.13 s, val_loss: 0.803
Epoch    2/50, time: 149.74 s, training_loss: 0.884
Epoch    2/50, time: 37.34 s, val_loss: 0.834
Epoch    4/50, time: 47.33 s, training_loss: 0.841
Epoch    4/50, time: 15.23 s, val_loss: 0.792
Training Metrics:
Accuracy: 0.9529
Precision: 0.2682
Recall: 0.8109
F1 Score: 0.4031
IoU: 0.2524
Dice Coefficient: 0.4031
Validation Metrics:
Accuracy: 0.9592
Precision: 0.2853
Recall: 0.7659
F1 Score: 0.4158
IoU: 0.2624
Dice Coefficient: 0.4158
Epoch   45/50, time: 143.18 s, training_loss: 0.730
Epoch    5/50, time: 48.21 s, training_loss: 0.831
Epoch    5/50, time: 15.91 s, val_loss: 0.798
Epoch   45/50, time: 38.44 s, val_loss: 0.669
Epoch    6/50, time: 52.99 s, training_loss: 0.823
Epoch    3/50, time: 147.82 s, training_loss: 0.866
Epoch    6/50, time: 14.79 s, val_loss: 0.776
Epoch    3/50, time: 39.59 s, val_loss: 0.809
Epoch   32/50, time: 146.73 s, training_loss: 0.649
Epoch    7/50, time: 50.16 s, training_loss: 0.815
Epoch    7/50, time: 14.32 s, val_loss: 0.778
Epoch   32/50, time: 38.20 s, val_loss: 0.638
Epoch   46/50, time: 141.62 s, training_loss: 0.728
Epoch    8/50, time: 51.63 s, training_loss: 0.813
Epoch    8/50, time: 14.71 s, val_loss: 0.781
Epoch   46/50, time: 38.81 s, val_loss: 0.661
Epoch    4/50, time: 148.05 s, training_loss: 0.853
Epoch    9/50, time: 52.75 s, training_loss: 0.807
Epoch    9/50, time: 16.34 s, val_loss: 0.768
Epoch    4/50, time: 39.81 s, val_loss: 0.799
Epoch   33/50, time: 145.54 s, training_loss: 0.646
Epoch   10/50, time: 48.18 s, training_loss: 0.803
Epoch   10/50, time: 13.18 s, val_loss: 0.760
Epoch   33/50, time: 37.00 s, val_loss: 0.636
Epoch   47/50, time: 142.81 s, training_loss: 0.726
Epoch   11/50, time: 51.93 s, training_loss: 0.800
Epoch   47/50, time: 38.96 s, val_loss: 0.659
Epoch   11/50, time: 16.89 s, val_loss: 0.752
Epoch    5/50, time: 153.90 s, training_loss: 0.842
Epoch    5/50, time: 35.75 s, val_loss: 0.765
Training Metrics:
Accuracy: 0.7401
Precision: 0.0648
Recall: 0.9119
F1 Score: 0.1211
IoU: 0.0644
Dice Coefficient: 0.1211
Validation Metrics:
Accuracy: 0.9186
Precision: 0.1756
Recall: 0.8908
F1 Score: 0.2934
IoU: 0.1719
Dice Coefficient: 0.2934
Epoch   34/50, time: 146.91 s, training_loss: 0.629
Epoch   34/50, time: 38.37 s, val_loss: 0.606
Epoch   12/50, time: 47.67 s, training_loss: 0.795
Epoch   48/50, time: 145.30 s, training_loss: 0.718
Epoch   12/50, time: 16.65 s, val_loss: 0.752
Epoch   48/50, time: 42.61 s, val_loss: 0.660
Epoch   13/50, time: 53.25 s, training_loss: 0.794
Epoch   13/50, time: 14.53 s, val_loss: 0.760
Epoch    6/50, time: 150.67 s, training_loss: 0.832
Epoch   14/50, time: 51.27 s, training_loss: 0.789
Epoch    6/50, time: 36.62 s, val_loss: 0.757
Epoch   35/50, time: 147.71 s, training_loss: 0.616
Epoch   14/50, time: 14.48 s, val_loss: 0.751
Epoch   35/50, time: 37.81 s, val_loss: 0.632
Epoch   49/50, time: 150.57 s, training_loss: 0.718
Epoch   15/50, time: 48.91 s, training_loss: 0.786
Epoch   15/50, time: 15.40 s, val_loss: 0.753
Epoch   49/50, time: 38.74 s, val_loss: 0.649
Epoch   16/50, time: 52.69 s, training_loss: 0.782
Epoch   16/50, time: 14.19 s, val_loss: 0.726
Epoch    7/50, time: 146.43 s, training_loss: 0.818
Epoch    7/50, time: 36.96 s, val_loss: 0.756
Epoch   36/50, time: 149.25 s, training_loss: 0.609
Epoch   17/50, time: 51.57 s, training_loss: 0.777
Epoch   17/50, time: 14.29 s, val_loss: 0.729
Epoch   36/50, time: 36.91 s, val_loss: 0.571
Epoch   50/50, time: 144.45 s, training_loss: 0.711
Epoch   18/50, time: 50.88 s, training_loss: 0.769
Epoch   18/50, time: 13.87 s, val_loss: 0.708
Epoch   50/50, time: 38.41 s, val_loss: 0.646
Epoch   19/50, time: 53.34 s, training_loss: 0.763
Epoch    8/50, time: 146.92 s, training_loss: 0.810
Epoch   19/50, time: 15.53 s, val_loss: 0.710
Epoch    8/50, time: 39.59 s, val_loss: 0.763
Epoch   37/50, time: 155.92 s, training_loss: 0.597
Epoch   20/50, time: 48.62 s, training_loss: 0.756
Epoch   20/50, time: 14.35 s, val_loss: 0.697
Epoch   37/50, time: 37.93 s, val_loss: 0.605
Epoch   21/50, time: 49.97 s, training_loss: 0.758
Epoch   21/50, time: 15.22 s, val_loss: 0.686
Training Metrics:
Accuracy: 0.8049
Precision: 0.0712
Recall: 0.7420
F1 Score: 0.1299
IoU: 0.0695
Dice Coefficient: 0.1299
Validation Metrics:
Accuracy: 0.9661
Precision: 0.3124
Recall: 0.6559
F1 Score: 0.4232
IoU: 0.2684
Dice Coefficient: 0.4232
Epoch    9/50, time: 139.32 s, training_loss: 0.801
Test Metrics:
Accuracy: 0.9661
Precision: 0.3124
Recall: 0.6559
F1 Score: 0.4232
IoU: 0.2684
Dice Coefficient: 0.4232
[I 2025-08-05 15:24:10,705] Trial 10 finished with value: 0.42321286666434776 and parameters: {'batch_size': 64, 'lr': 5.1954050641345695e-05, 'loss_fn': 'dice_loss', 'augmentation': True, 'filters_idx': 1, 'in_channels': 400, 'att_channels': 64}. Best is trial 8 with value: 0.7411194148943364.
wandb: Finishing previous runs because reinit is set to True.
