Epoch   36/50, time: 15.15 s, val_loss: 0.340
Epoch    8/50, time: 15.31 s, val_loss: 0.781
Epoch   15/50, time: 44.48 s, training_loss: 0.578
Epoch   15/50, time: 17.87 s, val_loss: 0.562
Epoch    1/50, time: 46.84 s, training_loss: 0.905
Epoch   37/50, time: 48.27 s, training_loss: 0.293
Epoch    9/50, time: 47.24 s, training_loss: 0.780
Epoch    1/50, time: 15.52 s, val_loss: 0.850
Epoch   37/50, time: 14.92 s, val_loss: 0.293
Epoch    9/50, time: 16.09 s, val_loss: 0.810
Epoch   16/50, time: 47.34 s, training_loss: 0.551
Epoch   16/50, time: 18.75 s, val_loss: 0.566
Epoch   38/50, time: 48.63 s, training_loss: 0.306
Epoch   10/50, time: 46.92 s, training_loss: 0.767
Epoch   38/50, time: 14.26 s, val_loss: 0.298
Epoch   10/50, time: 14.98 s, val_loss: 0.764
Epoch   17/50, time: 41.47 s, training_loss: 0.525
Training Metrics:
Accuracy: 0.7252
Precision: 0.0613
Recall: 0.9079
F1 Score: 0.1148
IoU: 0.0609
Dice Coefficient: 0.1148
Validation Metrics:
Accuracy: 0.8975
Precision: 0.1405
Recall: 0.8609
F1 Score: 0.2416
IoU: 0.1374
Dice Coefficient: 0.2416
Epoch   17/50, time: 16.49 s, val_loss: 0.543
Epoch   39/50, time: 45.67 s, training_loss: 0.288
Epoch   11/50, time: 49.66 s, training_loss: 0.757
Epoch   39/50, time: 16.59 s, val_loss: 0.297
Epoch    2/50, time: 50.31 s, training_loss: 0.870
Epoch   11/50, time: 15.19 s, val_loss: 0.770
Epoch   18/50, time: 47.64 s, training_loss: 0.505
Epoch    2/50, time: 15.15 s, val_loss: 0.810
Epoch   18/50, time: 16.60 s, val_loss: 0.474
Epoch   40/50, time: 46.68 s, training_loss: 0.283
Epoch   40/50, time: 16.91 s, val_loss: 0.293
Epoch    3/50, time: 48.57 s, training_loss: 0.854
Epoch   19/50, time: 46.46 s, training_loss: 0.472
Epoch    3/50, time: 14.53 s, val_loss: 0.792
Epoch   19/50, time: 15.47 s, val_loss: 0.491
Training Metrics:
Accuracy: 0.8462
Precision: 0.0979
Recall: 0.8317
F1 Score: 0.1751
IoU: 0.0960
Dice Coefficient: 0.1751
Validation Metrics:
Accuracy: 0.8180
Precision: 0.0809
Recall: 0.8298
F1 Score: 0.1475
IoU: 0.0796
Dice Coefficient: 0.1475
Epoch   41/50, time: 42.12 s, training_loss: 0.281
Epoch   41/50, time: 17.78 s, val_loss: 0.279
Epoch    4/50, time: 45.55 s, training_loss: 0.844
Epoch   20/50, time: 48.16 s, training_loss: 0.450
Epoch    4/50, time: 16.15 s, val_loss: 0.777
Epoch   12/50, time: 47.03 s, training_loss: 0.741
Epoch   20/50, time: 15.78 s, val_loss: 0.506
Epoch   12/50, time: 16.58 s, val_loss: 0.735
Epoch    5/50, time: 44.91 s, training_loss: 0.834
Epoch   21/50, time: 45.37 s, training_loss: 0.431
Epoch    5/50, time: 14.91 s, val_loss: 0.776
Training Metrics:
Accuracy: 0.9895
Precision: 0.7031
Recall: 0.8018
F1 Score: 0.7493
IoU: 0.5990
Dice Coefficient: 0.7493
Validation Metrics:
Accuracy: 0.9889
Precision: 0.6824
Recall: 0.7728
F1 Score: 0.7248
IoU: 0.5684
Dice Coefficient: 0.7248
Epoch   13/50, time: 45.36 s, training_loss: 0.728
Epoch   21/50, time: 14.38 s, val_loss: 0.474
Epoch   13/50, time: 16.24 s, val_loss: 0.727
Epoch    6/50, time: 49.06 s, training_loss: 0.825
Epoch   42/50, time: 49.74 s, training_loss: 0.270
Epoch    6/50, time: 15.03 s, val_loss: 0.771
Epoch   42/50, time: 14.42 s, val_loss: 0.283
Epoch   14/50, time: 48.23 s, training_loss: 0.708
Epoch   14/50, time: 15.80 s, val_loss: 0.691
Training Metrics:
Accuracy: 0.9788
Precision: 0.4752
Recall: 0.7815
F1 Score: 0.5910
IoU: 0.4195
Dice Coefficient: 0.5910
Validation Metrics:
Accuracy: 0.9801
Precision: 0.4835
Recall: 0.7302
F1 Score: 0.5818
IoU: 0.4102
Dice Coefficient: 0.5818
Epoch    7/50, time: 45.53 s, training_loss: 0.815
Epoch   43/50, time: 44.95 s, training_loss: 0.272
Epoch    7/50, time: 16.17 s, val_loss: 0.748
Epoch   43/50, time: 16.19 s, val_loss: 0.282
Epoch   15/50, time: 47.05 s, training_loss: 0.691
Epoch   22/50, time: 46.06 s, training_loss: 0.411
Epoch   15/50, time: 17.00 s, val_loss: 0.688
Epoch   22/50, time: 17.73 s, val_loss: 0.391
Epoch    8/50, time: 48.10 s, training_loss: 0.806
Epoch   44/50, time: 47.71 s, training_loss: 0.274
Epoch    8/50, time: 16.25 s, val_loss: 0.740
Epoch   44/50, time: 16.19 s, val_loss: 0.325
Epoch   16/50, time: 44.86 s, training_loss: 0.674
Epoch   16/50, time: 17.26 s, val_loss: 0.642
Epoch   23/50, time: 46.92 s, training_loss: 0.398
Epoch   23/50, time: 17.88 s, val_loss: 0.374
Epoch   45/50, time: 45.63 s, training_loss: 0.268
Epoch    9/50, time: 48.52 s, training_loss: 0.793
Epoch   45/50, time: 16.32 s, val_loss: 0.277
Epoch    9/50, time: 16.17 s, val_loss: 0.717
Epoch   17/50, time: 46.49 s, training_loss: 0.655
Epoch   17/50, time: 17.12 s, val_loss: 0.655
Epoch   24/50, time: 45.69 s, training_loss: 0.385
Epoch   24/50, time: 17.92 s, val_loss: 0.379
Epoch   46/50, time: 47.95 s, training_loss: 0.271
Epoch   10/50, time: 47.69 s, training_loss: 0.785
Epoch   46/50, time: 16.04 s, val_loss: 0.297
Epoch   10/50, time: 16.10 s, val_loss: 0.709
Epoch   18/50, time: 47.23 s, training_loss: 0.643
Epoch   18/50, time: 16.94 s, val_loss: 0.631
Epoch   25/50, time: 46.36 s, training_loss: 0.363
Epoch   25/50, time: 17.82 s, val_loss: 0.359
Epoch   47/50, time: 48.39 s, training_loss: 0.260
Epoch   11/50, time: 48.40 s, training_loss: 0.769
Epoch   47/50, time: 15.98 s, val_loss: 0.286
Epoch   11/50, time: 15.88 s, val_loss: 0.654
Epoch   19/50, time: 46.72 s, training_loss: 0.623
Epoch   19/50, time: 17.03 s, val_loss: 0.607
Epoch   26/50, time: 45.97 s, training_loss: 0.353
Epoch   26/50, time: 18.00 s, val_loss: 0.359
Epoch   48/50, time: 47.80 s, training_loss: 0.258
Epoch   48/50, time: 15.19 s, val_loss: 0.325
Epoch   20/50, time: 45.51 s, training_loss: 0.603
Epoch   27/50, time: 42.12 s, training_loss: 0.346
Epoch   20/50, time: 15.88 s, val_loss: 0.576
Training Metrics:
Accuracy: 0.7193
Precision: 0.0556
Recall: 0.8316
F1 Score: 0.1042
IoU: 0.0549
Dice Coefficient: 0.1042
Validation Metrics:
Accuracy: 0.9565
Precision: 0.2709
Recall: 0.7635
F1 Score: 0.3999
IoU: 0.2499
Dice Coefficient: 0.3999
Epoch   27/50, time: 16.08 s, val_loss: 0.345
Epoch   49/50, time: 45.27 s, training_loss: 0.259
Epoch   49/50, time: 17.74 s, val_loss: 0.280
Epoch   21/50, time: 47.59 s, training_loss: 0.579
Epoch   12/50, time: 49.08 s, training_loss: 0.751
Epoch   28/50, time: 47.34 s, training_loss: 0.342
Epoch   21/50, time: 15.29 s, val_loss: 0.539
Epoch   12/50, time: 15.08 s, val_loss: 0.631
Epoch   28/50, time: 16.81 s, val_loss: 0.359
Epoch   50/50, time: 46.35 s, training_loss: 0.251
Epoch   50/50, time: 17.81 s, val_loss: 0.293
Epoch   13/50, time: 48.61 s, training_loss: 0.737
Epoch   29/50, time: 45.50 s, training_loss: 0.326
Epoch   13/50, time: 14.14 s, val_loss: 0.630
Epoch   29/50, time: 15.18 s, val_loss: 0.331
Training Metrics:
Accuracy: 0.8903
Precision: 0.1162
Recall: 0.6947
F1 Score: 0.1991
IoU: 0.1105
Dice Coefficient: 0.1991
Validation Metrics:
Accuracy: 0.8811
Precision: 0.1040
Recall: 0.6919
F1 Score: 0.1808
IoU: 0.0994
Dice Coefficient: 0.1808
Epoch   14/50, time: 44.96 s, training_loss: 0.720
Epoch   30/50, time: 44.08 s, training_loss: 0.315
Training Metrics:
Accuracy: 0.9898
Precision: 0.7343
Recall: 0.7498
F1 Score: 0.7419
IoU: 0.5898
Dice Coefficient: 0.7419
Validation Metrics:
Accuracy: 0.9892
Precision: 0.7139
Recall: 0.7202
F1 Score: 0.7170
IoU: 0.5589
Dice Coefficient: 0.7170
Epoch   14/50, time: 13.96 s, val_loss: 0.622
Epoch   22/50, time: 44.56 s, training_loss: 0.563
Epoch   30/50, time: 13.33 s, val_loss: 0.315
Epoch   22/50, time: 14.89 s, val_loss: 0.528
Test Metrics:
Accuracy: 0.9892
Precision: 0.7139
Recall: 0.7202
F1 Score: 0.7170
IoU: 0.5589
Dice Coefficient: 0.7170
[I 2025-08-06 02:26:54,775] Trial 33 finished with value: 0.7170397607720688 and parameters: {'batch_size': 16, 'lr': 0.00010103961142635546, 'loss_fn': 'dice_loss', 'augmentation': True, 'filters_idx': 2, 'in_channels': 100, 'att_channels': 16}. Best is trial 29 with value: 0.7690253049135821.
wandb: Finishing previous runs because reinit is set to True.
