wandb: creating run
wandb: creating run
wandb: creating run
wandb: Tracking run with wandb version 0.20.1
wandb: Run data is saved locally in /home/sethih1/masque_new/ters_gen/wandb/run-20250822_145047-qf1eps7z
wandb: Run `wandb offline` to turn off syncing.
wandb: Syncing run trial_1_bs64_lr9e-04_dice_loss
wandb: ⭐️ View project at https://wandb.ai/sethih10-epfl/Posnet_50epochs_just_aug
wandb: 🚀 View run at https://wandb.ai/sethih10-epfl/Posnet_50epochs_just_aug/runs/qf1eps7z
wandb: Tracking run with wandb version 0.20.1
wandb: 500 encountered ({"errors":[{"message":"An internal error occurred. Please contact support.","path":["upsertBucket"]}],"data":{"upsertBucket":null}}), retrying request
wandb: Run data is saved locally in /home/sethih1/masque_new/ters_gen/wandb/run-20250822_145047-yct6mgj6
wandb: Run `wandb offline` to turn off syncing.
wandb: Syncing run trial_2_bs128_lr2e-04_dice_loss
wandb: ⭐️ View project at https://wandb.ai/sethih10-epfl/Posnet_50epochs_just_aug
wandb: 🚀 View run at https://wandb.ai/sethih10-epfl/Posnet_50epochs_just_aug/runs/yct6mgj6
wandb: Tracking run with wandb version 0.20.1
wandb: Run data is saved locally in /home/sethih1/masque_new/ters_gen/wandb/run-20250822_145047-ez07h6mp
wandb: Run `wandb offline` to turn off syncing.
wandb: Syncing run trial_0_bs128_lr2e-05_dice_loss
wandb: ⭐️ View project at https://wandb.ai/sethih10-epfl/Posnet_50epochs_just_aug
wandb: 🚀 View run at https://wandb.ai/sethih10-epfl/Posnet_50epochs_just_aug/runs/ez07h6mp
wandb: 500 encountered ({"errors":[{"message":"An internal error occurred. Please contact support.","path":["upsertBucket"]}],"data":{"upsertBucket":null}}), retrying request
wandb: 500 encountered ({"errors":[{"message":"An internal error occurred. Please contact support.","path":["upsertBucket"]}],"data":{"upsertBucket":null}}), retrying request
Epoch    1/50, time: 75.76 s, training_loss: 0.909
Epoch    1/50, time: 76.27 s, training_loss: 0.914
Epoch    1/50, time: 76.28 s, training_loss: 0.954
Epoch    1/50, time: 20.16 s, val_loss: 0.964
Epoch    1/50, time: 20.83 s, val_loss: 0.904
Epoch    1/50, time: 20.68 s, val_loss: 0.907
Training Metrics:
Accuracy: 0.8655
Precision: 0.1183
Recall: 0.9064
F1 Score: 0.2092
IoU: 0.1168
Dice Coefficient: 0.2092
Validation Metrics:
Accuracy: 0.8745
Precision: 0.1202
Recall: 0.8885
F1 Score: 0.2118
IoU: 0.1184
Dice Coefficient: 0.2118
Training Metrics:
Accuracy: 0.8591
Precision: 0.1126
Recall: 0.8982
F1 Score: 0.2002
IoU: 0.1112
Dice Coefficient: 0.2002
Validation Metrics:
Accuracy: 0.8541
Precision: 0.1099
Recall: 0.9431
F1 Score: 0.1969
IoU: 0.1092
Dice Coefficient: 0.1969
Epoch    1/50, time: 184.25 s, training_loss: 0.934
/scratch/phys/sin/sethih1/venv/masque_env/lib/python3.11/site-packages/sklearn/metrics/_classification.py:1565: UndefinedMetricWarning: Precision is ill-defined and being set to 0.0 due to no predicted samples. Use `zero_division` parameter to control this behavior.
  _warn_prf(average, modifier, f"{metric.capitalize()} is", len(result))
Training Metrics:
Accuracy: 0.9804
Precision: 0.0000
Recall: 0.0000
F1 Score: 0.0000
IoU: 0.0000
Dice Coefficient: 0.0000
Validation Metrics:
Accuracy: 0.9810
Precision: 0.0000
Recall: 0.0000
F1 Score: 0.0000
IoU: 0.0000
Dice Coefficient: 0.0000
Epoch    2/50, time: 45.41 s, training_loss: 0.887
Epoch    2/50, time: 49.69 s, training_loss: 0.879
Epoch    1/50, time: 39.71 s, val_loss: 0.960
Epoch    2/50, time: 12.21 s, val_loss: 0.833
Epoch    2/50, time: 13.51 s, val_loss: 0.808
Epoch    2/50, time: 62.57 s, training_loss: 0.944
Epoch    2/50, time: 16.53 s, val_loss: 0.958
Epoch    3/50, time: 46.02 s, training_loss: 0.869
Epoch    3/50, time: 14.40 s, val_loss: 0.813
Epoch    3/50, time: 51.45 s, training_loss: 0.848
Epoch    3/50, time: 16.31 s, val_loss: 0.779
Epoch    4/50, time: 45.85 s, training_loss: 0.858
Epoch    3/50, time: 64.62 s, training_loss: 0.941
Epoch    4/50, time: 13.65 s, val_loss: 0.804
Epoch    3/50, time: 14.56 s, val_loss: 0.944
Epoch    4/50, time: 45.33 s, training_loss: 0.824
Epoch    4/50, time: 15.38 s, val_loss: 0.768
Epoch    5/50, time: 44.53 s, training_loss: 0.848
Epoch    5/50, time: 11.86 s, val_loss: 0.814
Epoch    5/50, time: 44.45 s, training_loss: 0.808
Epoch    4/50, time: 62.17 s, training_loss: 0.936
Epoch    5/50, time: 13.07 s, val_loss: 0.772
Epoch    4/50, time: 14.39 s, val_loss: 0.935
Epoch    6/50, time: 43.49 s, training_loss: 0.842
Epoch    6/50, time: 14.27 s, val_loss: 0.789
Epoch    6/50, time: 47.78 s, training_loss: 0.802
Training Metrics:
Accuracy: 0.9799
Precision: 0.1234
Recall: 0.0041
F1 Score: 0.0080
IoU: 0.0040
Dice Coefficient: 0.0080
Validation Metrics:
Accuracy: 0.9803
Precision: 0.1428
Recall: 0.0080
F1 Score: 0.0152
IoU: 0.0076
Dice Coefficient: 0.0152
Epoch    6/50, time: 13.32 s, val_loss: 0.752
Epoch    5/50, time: 62.22 s, training_loss: 0.932
Epoch    5/50, time: 15.30 s, val_loss: 0.931
Epoch    7/50, time: 42.47 s, training_loss: 0.836
Epoch    7/50, time: 16.45 s, val_loss: 0.780
Epoch    7/50, time: 52.50 s, training_loss: 0.781
Epoch    7/50, time: 14.91 s, val_loss: 0.766
Epoch    8/50, time: 47.35 s, training_loss: 0.830
Epoch    6/50, time: 66.31 s, training_loss: 0.929
Epoch    8/50, time: 14.72 s, val_loss: 0.786
Epoch    6/50, time: 14.84 s, val_loss: 0.929
Epoch    8/50, time: 49.19 s, training_loss: 0.774
Epoch    8/50, time: 14.40 s, val_loss: 0.756
Epoch    9/50, time: 43.52 s, training_loss: 0.830
Epoch    9/50, time: 12.39 s, val_loss: 0.764
Epoch    7/50, time: 59.20 s, training_loss: 0.926
Epoch    9/50, time: 41.54 s, training_loss: 0.753
Epoch    7/50, time: 12.67 s, val_loss: 0.927
Epoch    2/50, time: 186.19 s, training_loss: 0.915
Epoch    9/50, time: 14.16 s, val_loss: 0.768
Epoch   10/50, time: 43.77 s, training_loss: 0.823
Epoch   10/50, time: 13.93 s, val_loss: 0.766
Epoch    2/50, time: 37.33 s, val_loss: 0.934
Epoch   10/50, time: 46.44 s, training_loss: 0.734
Epoch    8/50, time: 63.35 s, training_loss: 0.923
Epoch   10/50, time: 15.44 s, val_loss: 0.725
Epoch    8/50, time: 14.49 s, val_loss: 0.926
Epoch   11/50, time: 44.39 s, training_loss: 0.818
Epoch   11/50, time: 16.84 s, val_loss: 0.759
Epoch   11/50, time: 51.98 s, training_loss: 0.719
Epoch   11/50, time: 13.72 s, val_loss: 0.746
Epoch    9/50, time: 65.51 s, training_loss: 0.921
Epoch    9/50, time: 14.34 s, val_loss: 0.925
Training Metrics:
Accuracy: 0.6944
Precision: 0.0551
Recall: 0.9014
F1 Score: 0.1038
IoU: 0.0547
Dice Coefficient: 0.1038
Validation Metrics:
Accuracy: 0.9252
Precision: 0.1844
Recall: 0.8590
F1 Score: 0.3036
IoU: 0.1789
Dice Coefficient: 0.3036
Epoch   10/50, time: 55.17 s, training_loss: 0.919
Training Metrics:
Accuracy: 0.9580
Precision: 0.2063
Recall: 0.3999
F1 Score: 0.2721
IoU: 0.1575
Dice Coefficient: 0.2721
Validation Metrics:
Accuracy: 0.9607
Precision: 0.2112
Recall: 0.3929
F1 Score: 0.2747
IoU: 0.1592
Dice Coefficient: 0.2747
Epoch   12/50, time: 38.39 s, training_loss: 0.814
Epoch    3/50, time: 177.88 s, training_loss: 0.906
Epoch   10/50, time: 12.63 s, val_loss: 0.924
Epoch   12/50, time: 13.74 s, val_loss: 0.745
Epoch    3/50, time: 40.90 s, val_loss: 0.911
Epoch   12/50, time: 50.26 s, training_loss: 0.707
Epoch   13/50, time: 46.10 s, training_loss: 0.809
Epoch   12/50, time: 12.13 s, val_loss: 0.729
Epoch   11/50, time: 62.39 s, training_loss: 0.917
Epoch   13/50, time: 14.44 s, val_loss: 0.741
Epoch   11/50, time: 15.96 s, val_loss: 0.923
Epoch   13/50, time: 52.13 s, training_loss: 0.691
Epoch   14/50, time: 49.50 s, training_loss: 0.804
Epoch   13/50, time: 13.70 s, val_loss: 0.684
Epoch   14/50, time: 14.00 s, val_loss: 0.750
Epoch   14/50, time: 44.81 s, training_loss: 0.666
Epoch   15/50, time: 40.46 s, training_loss: 0.799
Training Metrics:
Accuracy: 0.7638
Precision: 0.0755
Recall: 0.9808
F1 Score: 0.1401
IoU: 0.0753
Dice Coefficient: 0.1401
Validation Metrics:
Accuracy: 0.7468
Precision: 0.0693
Recall: 0.9938
F1 Score: 0.1296
IoU: 0.0693
Dice Coefficient: 0.1296
Epoch   14/50, time: 11.50 s, val_loss: 0.651
Epoch   15/50, time: 12.83 s, val_loss: 0.715
Epoch   15/50, time: 46.14 s, training_loss: 0.646
Epoch    4/50, time: 186.87 s, training_loss: 0.897
Epoch   16/50, time: 42.91 s, training_loss: 0.795
Epoch   15/50, time: 12.66 s, val_loss: 0.627
Epoch   12/50, time: 60.63 s, training_loss: 0.916
Epoch   16/50, time: 12.42 s, val_loss: 0.721
Epoch   12/50, time: 14.91 s, val_loss: 0.921
Epoch    4/50, time: 38.70 s, val_loss: 0.893
Epoch   16/50, time: 49.60 s, training_loss: 0.626
Epoch   17/50, time: 47.09 s, training_loss: 0.786
Epoch   16/50, time: 13.39 s, val_loss: 0.612
Epoch   17/50, time: 13.72 s, val_loss: 0.702
Epoch   13/50, time: 65.04 s, training_loss: 0.914
Epoch   13/50, time: 17.30 s, val_loss: 0.920
Epoch   18/50, time: 48.01 s, training_loss: 0.784
Epoch   17/50, time: 51.02 s, training_loss: 0.615
Epoch   18/50, time: 14.45 s, val_loss: 0.699
Epoch   17/50, time: 14.23 s, val_loss: 0.610
Epoch   14/50, time: 62.25 s, training_loss: 0.913
Epoch   19/50, time: 44.21 s, training_loss: 0.776
Epoch   14/50, time: 12.00 s, val_loss: 0.920
Epoch   18/50, time: 48.18 s, training_loss: 0.605
Epoch   19/50, time: 12.56 s, val_loss: 0.677
Epoch   18/50, time: 13.04 s, val_loss: 0.592
Epoch    5/50, time: 189.21 s, training_loss: 0.892
Epoch   20/50, time: 42.40 s, training_loss: 0.763
Epoch   15/50, time: 58.46 s, training_loss: 0.912
Epoch   19/50, time: 45.15 s, training_loss: 0.593
Epoch   20/50, time: 12.63 s, val_loss: 0.666
Epoch   15/50, time: 13.01 s, val_loss: 0.919
Epoch   19/50, time: 12.94 s, val_loss: 0.613
Epoch    5/50, time: 35.90 s, val_loss: 0.869
Epoch   21/50, time: 48.82 s, training_loss: 0.758
Epoch   20/50, time: 51.53 s, training_loss: 0.586
Epoch   21/50, time: 12.68 s, val_loss: 0.656
Epoch   16/50, time: 66.74 s, training_loss: 0.912
Epoch   20/50, time: 14.42 s, val_loss: 0.575
Epoch   16/50, time: 16.26 s, val_loss: 0.918
Epoch   21/50, time: 49.77 s, training_loss: 0.575
Epoch   21/50, time: 11.68 s, val_loss: 0.575
Training Metrics:
Accuracy: 0.7058
Precision: 0.0526
Recall: 0.8226
F1 Score: 0.0989
IoU: 0.0520
Dice Coefficient: 0.0989
Validation Metrics:
Accuracy: 0.9609
Precision: 0.2931
Recall: 0.7511
F1 Score: 0.4217
IoU: 0.2672
Dice Coefficient: 0.4217
Epoch   17/50, time: 59.25 s, training_loss: 0.911
Epoch   17/50, time: 14.56 s, val_loss: 0.918
Epoch   22/50, time: 44.05 s, training_loss: 0.748
Epoch   22/50, time: 11.06 s, val_loss: 0.622
Epoch    6/50, time: 189.59 s, training_loss: 0.884
Training Metrics:
Accuracy: 0.9661
Precision: 0.3214
Recall: 0.6546
F1 Score: 0.4311
IoU: 0.2748
Dice Coefficient: 0.4311
Validation Metrics:
Accuracy: 0.9669
Precision: 0.3217
Recall: 0.6745
F1 Score: 0.4357
IoU: 0.2785
Dice Coefficient: 0.4357
Epoch   18/50, time: 55.17 s, training_loss: 0.909
Epoch   18/50, time: 15.15 s, val_loss: 0.917
Epoch   23/50, time: 43.16 s, training_loss: 0.746
Epoch    6/50, time: 38.35 s, val_loss: 0.851
Epoch   23/50, time: 15.08 s, val_loss: 0.624
Epoch   22/50, time: 49.51 s, training_loss: 0.564
Epoch   22/50, time: 14.75 s, val_loss: 0.543
Epoch   19/50, time: 64.85 s, training_loss: 0.908
Epoch   24/50, time: 47.00 s, training_loss: 0.736
Epoch   19/50, time: 14.49 s, val_loss: 0.916
Epoch   24/50, time: 14.60 s, val_loss: 0.617
Epoch   23/50, time: 50.10 s, training_loss: 0.558
Epoch   23/50, time: 15.95 s, val_loss: 0.570
Epoch   25/50, time: 46.22 s, training_loss: 0.728
Epoch   20/50, time: 61.16 s, training_loss: 0.908
Epoch   25/50, time: 12.17 s, val_loss: 0.632
Epoch   20/50, time: 12.52 s, val_loss: 0.916
Epoch   24/50, time: 47.98 s, training_loss: 0.551
Epoch   24/50, time: 14.55 s, val_loss: 0.556
Epoch   26/50, time: 41.99 s, training_loss: 0.719
Epoch    7/50, time: 184.92 s, training_loss: 0.879
Epoch   26/50, time: 13.86 s, val_loss: 0.623
Epoch   21/50, time: 57.83 s, training_loss: 0.907
Epoch   25/50, time: 44.16 s, training_loss: 0.543
Epoch   21/50, time: 13.76 s, val_loss: 0.915
Epoch   25/50, time: 13.66 s, val_loss: 0.559
Epoch    7/50, time: 37.37 s, val_loss: 0.835
Epoch   27/50, time: 44.32 s, training_loss: 0.714
Epoch   27/50, time: 16.22 s, val_loss: 0.570
Epoch   26/50, time: 50.88 s, training_loss: 0.534
Epoch   26/50, time: 14.31 s, val_loss: 0.533
Epoch   28/50, time: 42.32 s, training_loss: 0.710
Epoch   28/50, time: 15.23 s, val_loss: 0.596
Training Metrics:
Accuracy: 0.7950
Precision: 0.0853
Recall: 0.9715
F1 Score: 0.1569
IoU: 0.0851
Dice Coefficient: 0.1569
Validation Metrics:
Accuracy: 0.7756
Precision: 0.0774
Recall: 0.9914
F1 Score: 0.1436
IoU: 0.0773
Dice Coefficient: 0.1436
Epoch   27/50, time: 48.17 s, training_loss: 0.519
Epoch   27/50, time: 14.89 s, val_loss: 0.529
Epoch   29/50, time: 46.31 s, training_loss: 0.700
Epoch   29/50, time: 12.29 s, val_loss: 0.593
Epoch   22/50, time: 59.16 s, training_loss: 0.906
Epoch   22/50, time: 13.79 s, val_loss: 0.915
Epoch   28/50, time: 42.96 s, training_loss: 0.519
Epoch   28/50, time: 13.64 s, val_loss: 0.529
Epoch    8/50, time: 182.94 s, training_loss: 0.876
Epoch   30/50, time: 43.03 s, training_loss: 0.690
Epoch   30/50, time: 14.55 s, val_loss: 0.603
Epoch    8/50, time: 37.03 s, val_loss: 0.829
Epoch   23/50, time: 61.66 s, training_loss: 0.906
Epoch   29/50, time: 45.70 s, training_loss: 0.511
Epoch   23/50, time: 14.96 s, val_loss: 0.914
Epoch   29/50, time: 14.46 s, val_loss: 0.499
Epoch   31/50, time: 42.32 s, training_loss: 0.684
Epoch   31/50, time: 16.63 s, val_loss: 0.577
Epoch   30/50, time: 52.72 s, training_loss: 0.494
Epoch   24/50, time: 67.25 s, training_loss: 0.904
Epoch   30/50, time: 12.91 s, val_loss: 0.490
Epoch   24/50, time: 12.75 s, val_loss: 0.913
Training Metrics:
Accuracy: 0.7722
Precision: 0.0665
Recall: 0.8129
F1 Score: 0.1229
IoU: 0.0655
Dice Coefficient: 0.1229
Validation Metrics:
Accuracy: 0.9736
Precision: 0.3946
Recall: 0.7283
F1 Score: 0.5118
IoU: 0.3439
Dice Coefficient: 0.5118
Epoch   31/50, time: 45.53 s, training_loss: 0.491
Epoch   31/50, time: 12.71 s, val_loss: 0.534
Epoch   25/50, time: 61.36 s, training_loss: 0.904
Epoch   32/50, time: 40.59 s, training_loss: 0.667
Epoch   25/50, time: 13.39 s, val_loss: 0.913
Epoch   32/50, time: 13.87 s, val_loss: 0.560
Epoch    9/50, time: 186.16 s, training_loss: 0.872
Epoch   33/50, time: 41.69 s, training_loss: 0.660
Epoch    9/50, time: 34.54 s, val_loss: 0.821
Training Metrics:
Accuracy: 0.9782
Precision: 0.4493
Recall: 0.4940
F1 Score: 0.4706
IoU: 0.3077
Dice Coefficient: 0.4706
Validation Metrics:
Accuracy: 0.9789
Precision: 0.4496
Recall: 0.5003
F1 Score: 0.4736
IoU: 0.3103
Dice Coefficient: 0.4736
Epoch   33/50, time: 13.11 s, val_loss: 0.536
Epoch   26/50, time: 59.48 s, training_loss: 0.903
Epoch   26/50, time: 16.79 s, val_loss: 0.912
Epoch   32/50, time: 52.17 s, training_loss: 0.486
Epoch   34/50, time: 51.26 s, training_loss: 0.657
Epoch   32/50, time: 14.10 s, val_loss: 0.485
Epoch   34/50, time: 13.59 s, val_loss: 0.541
Epoch   27/50, time: 65.57 s, training_loss: 0.904
Epoch   27/50, time: 17.01 s, val_loss: 0.912
Epoch   35/50, time: 42.48 s, training_loss: 0.642
Epoch   33/50, time: 47.99 s, training_loss: 0.474
Epoch   35/50, time: 13.39 s, val_loss: 0.538
Epoch   33/50, time: 13.31 s, val_loss: 0.552
Epoch   28/50, time: 58.79 s, training_loss: 0.902
Epoch   36/50, time: 41.54 s, training_loss: 0.632
Epoch   34/50, time: 44.02 s, training_loss: 0.467
Epoch   28/50, time: 11.52 s, val_loss: 0.912
Epoch   36/50, time: 11.96 s, val_loss: 0.510
Epoch   10/50, time: 184.93 s, training_loss: 0.869
Epoch   34/50, time: 13.05 s, val_loss: 0.460
Epoch   10/50, time: 41.93 s, val_loss: 0.814
Epoch   37/50, time: 47.59 s, training_loss: 0.624
Epoch   35/50, time: 49.67 s, training_loss: 0.456
Epoch   37/50, time: 12.70 s, val_loss: 0.500
Epoch   29/50, time: 62.63 s, training_loss: 0.903
Epoch   35/50, time: 13.59 s, val_loss: 0.461
Epoch   29/50, time: 15.28 s, val_loss: 0.911
Epoch   38/50, time: 50.72 s, training_loss: 0.615
Epoch   36/50, time: 52.99 s, training_loss: 0.447
Epoch   38/50, time: 13.56 s, val_loss: 0.518
Epoch   36/50, time: 12.82 s, val_loss: 0.443
Epoch   30/50, time: 64.69 s, training_loss: 0.902
Epoch   30/50, time: 15.90 s, val_loss: 0.911
Epoch   39/50, time: 45.69 s, training_loss: 0.615
Epoch   37/50, time: 48.56 s, training_loss: 0.438
Epoch   39/50, time: 12.71 s, val_loss: 0.494
Epoch   37/50, time: 12.66 s, val_loss: 0.454
Epoch   31/50, time: 57.48 s, training_loss: 0.902
Epoch   40/50, time: 41.36 s, training_loss: 0.603
Epoch   31/50, time: 11.98 s, val_loss: 0.911
Epoch   11/50, time: 189.49 s, training_loss: 0.865
Epoch   38/50, time: 42.26 s, training_loss: 0.426
Epoch   40/50, time: 13.50 s, val_loss: 0.433
Epoch   38/50, time: 15.61 s, val_loss: 0.451
Epoch   11/50, time: 39.62 s, val_loss: 0.798
Epoch   41/50, time: 46.54 s, training_loss: 0.592
Epoch   41/50, time: 13.18 s, val_loss: 0.463
Epoch   39/50, time: 46.14 s, training_loss: 0.429
Epoch   39/50, time: 14.60 s, val_loss: 0.439
Training Metrics:
Accuracy: 0.8123
Precision: 0.0921
Recall: 0.9662
F1 Score: 0.1681
IoU: 0.0918
Dice Coefficient: 0.1681
Validation Metrics:
Accuracy: 0.7948
Precision: 0.0839
Recall: 0.9896
F1 Score: 0.1547
IoU: 0.0838
Dice Coefficient: 0.1547
Epoch   40/50, time: 49.19 s, training_loss: 0.424
Epoch   40/50, time: 12.85 s, val_loss: 0.456
Training Metrics:
Accuracy: 0.7852
Precision: 0.0736
Recall: 0.8580
F1 Score: 0.1356
IoU: 0.0727
Dice Coefficient: 0.1356
Validation Metrics:
Accuracy: 0.9795
Precision: 0.4760
Recall: 0.7983
F1 Score: 0.5964
IoU: 0.4249
Dice Coefficient: 0.5964
Epoch   32/50, time: 60.40 s, training_loss: 0.901
Epoch   32/50, time: 16.91 s, val_loss: 0.910
Epoch   42/50, time: 41.89 s, training_loss: 0.587
Epoch   41/50, time: 49.96 s, training_loss: 0.416
Epoch   42/50, time: 13.05 s, val_loss: 0.509
Epoch   41/50, time: 12.79 s, val_loss: 0.417
Epoch   33/50, time: 57.75 s, training_loss: 0.899
Epoch   43/50, time: 40.19 s, training_loss: 0.572
Epoch   33/50, time: 13.12 s, val_loss: 0.910
Epoch   43/50, time: 13.37 s, val_loss: 0.461
Training Metrics:
Accuracy: 0.9823
Precision: 0.5406
Recall: 0.6586
F1 Score: 0.5938
IoU: 0.4223
Dice Coefficient: 0.5938
Validation Metrics:
Accuracy: 0.9828
Precision: 0.5389
Recall: 0.6528
F1 Score: 0.5904
IoU: 0.4188
Dice Coefficient: 0.5904
Training Metrics:
Accuracy: 0.6555
Precision: 0.0468
Recall: 0.8556
F1 Score: 0.0888
IoU: 0.0465
Dice Coefficient: 0.0888
Validation Metrics:
Accuracy: 0.9132
Precision: 0.1521
Recall: 0.7819
F1 Score: 0.2547
IoU: 0.1459
Dice Coefficient: 0.2547
Epoch   44/50, time: 39.10 s, training_loss: 0.566
Epoch   34/50, time: 57.97 s, training_loss: 0.900
Epoch   44/50, time: 14.63 s, val_loss: 0.464
Epoch   34/50, time: 15.85 s, val_loss: 0.910
Epoch   42/50, time: 50.74 s, training_loss: 0.408
Epoch   42/50, time: 16.04 s, val_loss: 0.430
Epoch   45/50, time: 49.29 s, training_loss: 0.568
Epoch   45/50, time: 14.20 s, val_loss: 0.511
Epoch   35/50, time: 69.46 s, training_loss: 0.899
Epoch   43/50, time: 46.48 s, training_loss: 0.406
Epoch   35/50, time: 15.10 s, val_loss: 0.908
Epoch   46/50, time: 41.77 s, training_loss: 0.557
Epoch   43/50, time: 14.06 s, val_loss: 0.448
Epoch   46/50, time: 14.50 s, val_loss: 0.456
Epoch   44/50, time: 44.16 s, training_loss: 0.407
Epoch   36/50, time: 58.31 s, training_loss: 0.898
Epoch   47/50, time: 40.07 s, training_loss: 0.547
Epoch   44/50, time: 11.99 s, val_loss: 0.457
Epoch   36/50, time: 11.39 s, val_loss: 0.908
Epoch   12/50, time: 187.72 s, training_loss: 0.862
Epoch   47/50, time: 14.04 s, val_loss: 0.460
Epoch   12/50, time: 41.01 s, val_loss: 0.801
Epoch   45/50, time: 49.86 s, training_loss: 0.401
Epoch   48/50, time: 44.46 s, training_loss: 0.540
Epoch   45/50, time: 12.57 s, val_loss: 0.411
Epoch   37/50, time: 61.81 s, training_loss: 0.897
Epoch   48/50, time: 13.86 s, val_loss: 0.471
Epoch   37/50, time: 15.70 s, val_loss: 0.907
Epoch   46/50, time: 53.17 s, training_loss: 0.382
Epoch   49/50, time: 49.96 s, training_loss: 0.537
Epoch   46/50, time: 13.28 s, val_loss: 0.397
Epoch   49/50, time: 13.09 s, val_loss: 0.420
Epoch   38/50, time: 66.42 s, training_loss: 0.896
Epoch   38/50, time: 15.94 s, val_loss: 0.907
Epoch   47/50, time: 46.33 s, training_loss: 0.394
Epoch   50/50, time: 44.51 s, training_loss: 0.526
Epoch   47/50, time: 13.04 s, val_loss: 0.393
Epoch   50/50, time: 12.85 s, val_loss: 0.409
Epoch   39/50, time: 55.69 s, training_loss: 0.896
Epoch   13/50, time: 184.81 s, training_loss: 0.858
Epoch   39/50, time: 13.13 s, val_loss: 0.907
Epoch   48/50, time: 43.23 s, training_loss: 0.380
Epoch   48/50, time: 18.46 s, val_loss: 0.439
Training Metrics:
Accuracy: 0.7721
Precision: 0.0650
Recall: 0.7935
F1 Score: 0.1202
IoU: 0.0640
Dice Coefficient: 0.1202
Validation Metrics:
Accuracy: 0.9851
Precision: 0.5899
Recall: 0.7014
F1 Score: 0.6408
IoU: 0.4715
Dice Coefficient: 0.6408
Epoch   13/50, time: 36.41 s, val_loss: 0.808
Test Metrics:
Accuracy: 0.9851
Precision: 0.5899
Recall: 0.7014
F1 Score: 0.6408
IoU: 0.4715
Dice Coefficient: 0.6408
