Epoch   15/50, time: 130.74 s, training_loss: 0.545
Epoch    9/50, time: 39.12 s, val_loss: 0.624
Epoch   15/50, time: 43.95 s, val_loss: 0.513
Epoch    1/50, time: 133.42 s, training_loss: 0.867
Training Metrics:
Accuracy: 0.9646
Precision: 0.3255
Recall: 0.7475
F1 Score: 0.4535
IoU: 0.2933
Dice Coefficient: 0.4535
Validation Metrics:
Accuracy: 0.9659
Precision: 0.3268
Recall: 0.7530
F1 Score: 0.4558
IoU: 0.2952
Dice Coefficient: 0.4558
Epoch   10/50, time: 138.30 s, training_loss: 0.610
Epoch    1/50, time: 36.34 s, val_loss: 0.777
Epoch   16/50, time: 133.28 s, training_loss: 0.516
Epoch   10/50, time: 40.81 s, val_loss: 0.580
Epoch   16/50, time: 43.49 s, val_loss: 0.510
Epoch   12/50, time: 139.34 s, training_loss: 0.543
Epoch   12/50, time: 39.00 s, val_loss: 0.558
Epoch   11/50, time: 136.02 s, training_loss: 0.586
Training Metrics:
Accuracy: 0.6976
Precision: 0.0512
Recall: 0.8227
F1 Score: 0.0965
IoU: 0.0507
Dice Coefficient: 0.0965
Validation Metrics:
Accuracy: 0.9224
Precision: 0.1600
Recall: 0.7269
F1 Score: 0.2623
IoU: 0.1509
Dice Coefficient: 0.2623
Epoch   11/50, time: 36.53 s, val_loss: 0.542
Epoch   17/50, time: 145.96 s, training_loss: 0.507
Epoch   17/50, time: 44.22 s, val_loss: 0.507
Epoch   13/50, time: 134.43 s, training_loss: 0.525
Epoch    2/50, time: 136.03 s, training_loss: 0.824
Epoch   13/50, time: 41.93 s, val_loss: 0.502
Epoch    2/50, time: 38.09 s, val_loss: 0.758
Epoch   18/50, time: 139.83 s, training_loss: 0.490
Training Metrics:
Accuracy: 0.9722
Precision: 0.3700
Recall: 0.5961
F1 Score: 0.4566
IoU: 0.2959
Dice Coefficient: 0.4566
Validation Metrics:
Accuracy: 0.9737
Precision: 0.3781
Recall: 0.6029
F1 Score: 0.4647
IoU: 0.3027
Dice Coefficient: 0.4647
Epoch   18/50, time: 41.59 s, val_loss: 0.497
Epoch   14/50, time: 136.04 s, training_loss: 0.496
Epoch    3/50, time: 136.46 s, training_loss: 0.807
Epoch   14/50, time: 40.61 s, val_loss: 0.492
Epoch   12/50, time: 134.12 s, training_loss: 0.556
Epoch    3/50, time: 39.80 s, val_loss: 0.735
Epoch   12/50, time: 39.86 s, val_loss: 0.539
Epoch   19/50, time: 145.06 s, training_loss: 0.463
Epoch   19/50, time: 43.24 s, val_loss: 0.495
Epoch   15/50, time: 133.43 s, training_loss: 0.475
Epoch    4/50, time: 133.78 s, training_loss: 0.794
Epoch   15/50, time: 41.33 s, val_loss: 0.480
Epoch   13/50, time: 134.76 s, training_loss: 0.525
Epoch    4/50, time: 39.59 s, val_loss: 0.747
Epoch   13/50, time: 41.94 s, val_loss: 0.509
Epoch   20/50, time: 140.21 s, training_loss: 0.443
Epoch   20/50, time: 43.58 s, val_loss: 0.500
Epoch   16/50, time: 136.20 s, training_loss: 0.441
Epoch    5/50, time: 141.33 s, training_loss: 0.781
Epoch   16/50, time: 39.73 s, val_loss: 0.426
Epoch   14/50, time: 131.49 s, training_loss: 0.492
Epoch    5/50, time: 39.48 s, val_loss: 0.730
Epoch   14/50, time: 41.23 s, val_loss: 0.484
Epoch   21/50, time: 134.23 s, training_loss: 0.424
Epoch   21/50, time: 41.73 s, val_loss: 0.450
Epoch   17/50, time: 136.50 s, training_loss: 0.418
Epoch   17/50, time: 41.65 s, val_loss: 0.421
Epoch    6/50, time: 139.72 s, training_loss: 0.772
Epoch   15/50, time: 137.98 s, training_loss: 0.491
Epoch    6/50, time: 39.38 s, val_loss: 0.709
Epoch   15/50, time: 41.80 s, val_loss: 0.480
Epoch   18/50, time: 137.19 s, training_loss: 0.393
Training Metrics:
Accuracy: 0.9808
Precision: 0.5099
Recall: 0.6240
F1 Score: 0.5612
IoU: 0.3900
Dice Coefficient: 0.5612
Validation Metrics:
Accuracy: 0.9814
Precision: 0.5071
Recall: 0.6188
F1 Score: 0.5574
IoU: 0.3864
Dice Coefficient: 0.5574
Epoch    7/50, time: 127.89 s, training_loss: 0.753
Epoch   18/50, time: 36.59 s, val_loss: 0.424
Epoch   16/50, time: 132.46 s, training_loss: 0.438
Epoch    7/50, time: 39.60 s, val_loss: 0.708
Epoch   16/50, time: 44.41 s, val_loss: 0.504
Epoch   22/50, time: 140.62 s, training_loss: 0.412
Epoch   19/50, time: 135.12 s, training_loss: 0.392
Epoch   22/50, time: 37.45 s, val_loss: 0.480
Epoch   19/50, time: 36.39 s, val_loss: 0.370
Epoch    8/50, time: 141.13 s, training_loss: 0.739
Epoch   17/50, time: 134.82 s, training_loss: 0.429
Epoch    8/50, time: 39.98 s, val_loss: 0.719
Epoch   17/50, time: 41.44 s, val_loss: 0.445
Epoch   20/50, time: 136.17 s, training_loss: 0.367
Epoch   23/50, time: 146.53 s, training_loss: 0.397
Epoch   20/50, time: 40.14 s, val_loss: 0.369
Epoch   23/50, time: 37.95 s, val_loss: 0.421
Epoch    9/50, time: 143.24 s, training_loss: 0.710
Epoch   18/50, time: 135.97 s, training_loss: 0.412
Epoch    9/50, time: 39.70 s, val_loss: 0.687
Epoch   18/50, time: 39.96 s, val_loss: 0.408
Epoch   21/50, time: 138.95 s, training_loss: 0.358
Epoch   24/50, time: 145.71 s, training_loss: 0.407
Epoch   21/50, time: 39.10 s, val_loss: 0.341
Epoch   10/50, time: 136.56 s, training_loss: 0.685
Epoch   24/50, time: 38.29 s, val_loss: 0.420
Epoch   19/50, time: 137.12 s, training_loss: 0.394
Epoch   10/50, time: 39.71 s, val_loss: 0.667
Epoch   19/50, time: 41.36 s, val_loss: 0.469
Epoch   25/50, time: 150.12 s, training_loss: 0.396
Epoch   11/50, time: 135.41 s, training_loss: 0.658
Epoch   25/50, time: 38.09 s, val_loss: 0.460
Training Metrics:
Accuracy: 0.9864
Precision: 0.6384
Recall: 0.7138
F1 Score: 0.6740
IoU: 0.5083
Dice Coefficient: 0.6740
Validation Metrics:
Accuracy: 0.9863
Precision: 0.6257
Recall: 0.6976
F1 Score: 0.6597
IoU: 0.4922
Dice Coefficient: 0.6597
Epoch   20/50, time: 134.06 s, training_loss: 0.376
Epoch   11/50, time: 35.67 s, val_loss: 0.666
Epoch   20/50, time: 40.59 s, val_loss: 0.385
Epoch   26/50, time: 150.15 s, training_loss: 0.379
Epoch   22/50, time: 145.43 s, training_loss: 0.348
Epoch   26/50, time: 35.20 s, val_loss: 0.352
Epoch   22/50, time: 34.91 s, val_loss: 0.352
Epoch   21/50, time: 139.04 s, training_loss: 0.364
Training Metrics:
Accuracy: 0.9404
Precision: 0.2263
Recall: 0.8431
F1 Score: 0.3569
IoU: 0.2172
Dice Coefficient: 0.3569
Validation Metrics:
Accuracy: 0.9460
Precision: 0.2342
Recall: 0.8144
F1 Score: 0.3638
IoU: 0.2224
Dice Coefficient: 0.3638
Epoch   21/50, time: 38.30 s, val_loss: 0.376
Epoch   23/50, time: 139.28 s, training_loss: 0.341
Epoch   27/50, time: 148.66 s, training_loss: 0.363
Epoch   23/50, time: 37.86 s, val_loss: 0.380
Epoch   12/50, time: 143.01 s, training_loss: 0.635
Epoch   27/50, time: 36.76 s, val_loss: 0.397
Epoch   12/50, time: 37.82 s, val_loss: 0.629
Training Metrics:
Accuracy: 0.9855
Precision: 0.6096
Recall: 0.7205
F1 Score: 0.6604
IoU: 0.4930
Dice Coefficient: 0.6604
Validation Metrics:
Accuracy: 0.9849
Precision: 0.5878
Recall: 0.6823
F1 Score: 0.6316
IoU: 0.4615
Dice Coefficient: 0.6316
Epoch   24/50, time: 138.59 s, training_loss: 0.324
Epoch   28/50, time: 151.71 s, training_loss: 0.350
Epoch   13/50, time: 130.97 s, training_loss: 0.601
Epoch   24/50, time: 37.74 s, val_loss: 0.344
Epoch   28/50, time: 37.36 s, val_loss: 0.391
Epoch   22/50, time: 133.58 s, training_loss: 0.353
Epoch   13/50, time: 37.49 s, val_loss: 0.557
Epoch   22/50, time: 42.30 s, val_loss: 0.408
Epoch   25/50, time: 144.16 s, training_loss: 0.319
Epoch   29/50, time: 147.24 s, training_loss: 0.333
Epoch   14/50, time: 136.61 s, training_loss: 0.573
Epoch   25/50, time: 38.21 s, val_loss: 0.336
Epoch   29/50, time: 35.88 s, val_loss: 0.345
Epoch   14/50, time: 36.63 s, val_loss: 0.561
Epoch   23/50, time: 132.40 s, training_loss: 0.343
Epoch   23/50, time: 43.06 s, val_loss: 0.362
Epoch   26/50, time: 136.07 s, training_loss: 0.303
Epoch   15/50, time: 143.53 s, training_loss: 0.551
Epoch   30/50, time: 150.39 s, training_loss: 0.325
Epoch   26/50, time: 36.12 s, val_loss: 0.317
Epoch   15/50, time: 38.00 s, val_loss: 0.589
Epoch   30/50, time: 36.85 s, val_loss: 0.429
Epoch   24/50, time: 145.90 s, training_loss: 0.333
Epoch   24/50, time: 43.18 s, val_loss: 0.340
Epoch   27/50, time: 138.68 s, training_loss: 0.298
Epoch   16/50, time: 136.59 s, training_loss: 0.524
Epoch   27/50, time: 39.75 s, val_loss: 0.324
Epoch   31/50, time: 148.06 s, training_loss: 0.349
Epoch   16/50, time: 37.50 s, val_loss: 0.514
Epoch   31/50, time: 38.25 s, val_loss: 0.380
Epoch   25/50, time: 138.34 s, training_loss: 0.318
Epoch   25/50, time: 43.48 s, val_loss: 0.345
Epoch   28/50, time: 136.59 s, training_loss: 0.300
Epoch   17/50, time: 136.98 s, training_loss: 0.508
Epoch   28/50, time: 41.10 s, val_loss: 0.322
Epoch   17/50, time: 38.22 s, val_loss: 0.531
Epoch   26/50, time: 133.05 s, training_loss: 0.322
Training Metrics:
Accuracy: 0.9848
Precision: 0.5924
Recall: 0.7277
F1 Score: 0.6531
IoU: 0.4849
Dice Coefficient: 0.6531
Validation Metrics:
Accuracy: 0.9844
Precision: 0.5722
Recall: 0.6949
F1 Score: 0.6276
IoU: 0.4573
Dice Coefficient: 0.6276
Epoch   26/50, time: 37.99 s, val_loss: 0.330
Epoch   29/50, time: 133.31 s, training_loss: 0.291
Epoch   18/50, time: 140.35 s, training_loss: 0.487
Epoch   29/50, time: 40.11 s, val_loss: 0.309
Epoch   18/50, time: 41.01 s, val_loss: 0.462
Epoch   27/50, time: 135.36 s, training_loss: 0.305
Epoch   32/50, time: 146.38 s, training_loss: 0.332
Epoch   27/50, time: 39.03 s, val_loss: 0.324
Epoch   32/50, time: 39.47 s, val_loss: 0.334
Epoch   30/50, time: 132.70 s, training_loss: 0.287
Epoch   19/50, time: 129.69 s, training_loss: 0.456
Epoch   30/50, time: 41.72 s, val_loss: 0.320
Epoch   19/50, time: 41.71 s, val_loss: 0.459
Epoch   28/50, time: 140.87 s, training_loss: 0.303
Epoch   33/50, time: 151.33 s, training_loss: 0.319
Epoch   28/50, time: 39.10 s, val_loss: 0.301
Epoch   33/50, time: 40.81 s, val_loss: 0.432
Epoch   31/50, time: 129.25 s, training_loss: 0.280
Epoch   20/50, time: 126.51 s, training_loss: 0.431
Epoch   31/50, time: 41.88 s, val_loss: 0.337
Epoch   20/50, time: 41.38 s, val_loss: 0.416
Epoch   29/50, time: 138.69 s, training_loss: 0.289
Epoch   34/50, time: 145.20 s, training_loss: 0.311
Epoch   29/50, time: 40.07 s, val_loss: 0.306
Epoch   34/50, time: 41.24 s, val_loss: 0.336
Epoch   21/50, time: 134.05 s, training_loss: 0.410
Epoch   21/50, time: 37.67 s, val_loss: 0.384
Training Metrics:
Accuracy: 0.9872
Precision: 0.6511
Recall: 0.7543
F1 Score: 0.6989
IoU: 0.5371
Dice Coefficient: 0.6989
Validation Metrics:
Accuracy: 0.9865
Precision: 0.6277
Recall: 0.7103
F1 Score: 0.6664
IoU: 0.4997
Dice Coefficient: 0.6664
Epoch   30/50, time: 135.00 s, training_loss: 0.287
Epoch   35/50, time: 139.69 s, training_loss: 0.293
Epoch   30/50, time: 39.41 s, val_loss: 0.315
Epoch   35/50, time: 44.68 s, val_loss: 0.309
Epoch   32/50, time: 135.94 s, training_loss: 0.277
Epoch   32/50, time: 39.15 s, val_loss: 0.304
Training Metrics:
Accuracy: 0.9825
Precision: 0.5381
Recall: 0.7561
F1 Score: 0.6288
IoU: 0.4586
Dice Coefficient: 0.6288
Validation Metrics:
Accuracy: 0.9829
Precision: 0.5364
Recall: 0.7371
F1 Score: 0.6210
IoU: 0.4503
Dice Coefficient: 0.6210
Epoch   31/50, time: 135.90 s, training_loss: 0.279
Epoch   31/50, time: 38.45 s, val_loss: 0.297
Epoch   36/50, time: 144.01 s, training_loss: 0.297
Epoch   36/50, time: 42.79 s, val_loss: 0.352
Epoch   33/50, time: 132.81 s, training_loss: 0.269
Epoch   22/50, time: 131.57 s, training_loss: 0.381
Epoch   33/50, time: 41.50 s, val_loss: 0.295
Epoch   22/50, time: 41.59 s, val_loss: 0.379
Epoch   37/50, time: 131.42 s, training_loss: 0.301
Training Metrics:
Accuracy: 0.9880
Precision: 0.6600
Recall: 0.8001
F1 Score: 0.7233
IoU: 0.5666
Dice Coefficient: 0.7233
Validation Metrics:
Accuracy: 0.9875
Precision: 0.6448
Recall: 0.7643
F1 Score: 0.6995
IoU: 0.5378
Dice Coefficient: 0.6995
Epoch   37/50, time: 37.78 s, val_loss: 0.344
Epoch   34/50, time: 131.96 s, training_loss: 0.262
Epoch   23/50, time: 136.48 s, training_loss: 0.376
Epoch   34/50, time: 40.36 s, val_loss: 0.304
Epoch   23/50, time: 42.42 s, val_loss: 0.378
Epoch   32/50, time: 135.85 s, training_loss: 0.277
Epoch   38/50, time: 145.77 s, training_loss: 0.287
Epoch   32/50, time: 39.38 s, val_loss: 0.305
Epoch   38/50, time: 40.13 s, val_loss: 0.309
Epoch   35/50, time: 133.82 s, training_loss: 0.260
Epoch   24/50, time: 130.58 s, training_loss: 0.363
Epoch   35/50, time: 41.03 s, val_loss: 0.301
Epoch   24/50, time: 40.29 s, val_loss: 0.343
Epoch   33/50, time: 139.62 s, training_loss: 0.273
Epoch   39/50, time: 142.91 s, training_loss: 0.292
Epoch   33/50, time: 38.70 s, val_loss: 0.310
Epoch   39/50, time: 39.07 s, val_loss: 0.356
Epoch   36/50, time: 134.67 s, training_loss: 0.259
Epoch   25/50, time: 132.95 s, training_loss: 0.342
Epoch   36/50, time: 39.80 s, val_loss: 0.301
Epoch   25/50, time: 41.49 s, val_loss: 0.343
Epoch   34/50, time: 137.86 s, training_loss: 0.271
Epoch   40/50, time: 146.14 s, training_loss: 0.288
Epoch   34/50, time: 38.92 s, val_loss: 0.315
Epoch   37/50, time: 130.97 s, training_loss: 0.251
Epoch   40/50, time: 40.34 s, val_loss: 0.306
Epoch   26/50, time: 135.43 s, training_loss: 0.335
Epoch   37/50, time: 36.25 s, val_loss: 0.286
Epoch   26/50, time: 42.67 s, val_loss: 0.392
Epoch   35/50, time: 136.15 s, training_loss: 0.265
Epoch   41/50, time: 141.11 s, training_loss: 0.278
Epoch   35/50, time: 40.56 s, val_loss: 0.303
Epoch   38/50, time: 138.86 s, training_loss: 0.248
Epoch   41/50, time: 38.62 s, val_loss: 0.330
Epoch   27/50, time: 128.78 s, training_loss: 0.321
Epoch   38/50, time: 38.79 s, val_loss: 0.285
Epoch   27/50, time: 41.74 s, val_loss: 0.317
Epoch   36/50, time: 130.15 s, training_loss: 0.261
Epoch   36/50, time: 43.17 s, val_loss: 0.297
Epoch   39/50, time: 138.65 s, training_loss: 0.243
Epoch   28/50, time: 140.68 s, training_loss: 0.315
Epoch   39/50, time: 36.17 s, val_loss: 0.281
Training Metrics:
Accuracy: 0.9880
Precision: 0.6723
Recall: 0.7588
F1 Score: 0.7129
IoU: 0.5539
Dice Coefficient: 0.7129
Validation Metrics:
Accuracy: 0.9867
Precision: 0.6338
Recall: 0.7105
F1 Score: 0.6700
IoU: 0.5038
Dice Coefficient: 0.6700
Epoch   28/50, time: 38.02 s, val_loss: 0.336
Epoch   37/50, time: 130.13 s, training_loss: 0.257
Epoch   37/50, time: 44.05 s, val_loss: 0.293
Epoch   40/50, time: 132.74 s, training_loss: 0.246
Epoch   29/50, time: 134.71 s, training_loss: 0.312
Epoch   40/50, time: 39.24 s, val_loss: 0.275
Epoch   42/50, time: 154.60 s, training_loss: 0.276
Epoch   29/50, time: 41.44 s, val_loss: 0.319
Epoch   42/50, time: 38.79 s, val_loss: 0.315
Epoch   38/50, time: 130.61 s, training_loss: 0.255
Epoch   38/50, time: 44.08 s, val_loss: 0.298
Epoch   41/50, time: 139.02 s, training_loss: 0.238
Epoch   30/50, time: 131.83 s, training_loss: 0.310
Epoch   41/50, time: 39.44 s, val_loss: 0.275
Epoch   43/50, time: 142.70 s, training_loss: 0.272
Epoch   30/50, time: 40.00 s, val_loss: 0.337
Epoch   43/50, time: 39.56 s, val_loss: 0.363
Epoch   39/50, time: 137.26 s, training_loss: 0.246
Epoch   39/50, time: 44.28 s, val_loss: 0.280
Epoch   31/50, time: 137.45 s, training_loss: 0.305
Epoch   44/50, time: 144.45 s, training_loss: 0.275
Training Metrics:
Accuracy: 0.9912
Precision: 0.7538
Recall: 0.8185
F1 Score: 0.7848
IoU: 0.6458
Dice Coefficient: 0.7848
Validation Metrics:
Accuracy: 0.9892
Precision: 0.7015
Recall: 0.7502
F1 Score: 0.7251
IoU: 0.5687
Dice Coefficient: 0.7251
Epoch   31/50, time: 35.74 s, val_loss: 0.307
Epoch   44/50, time: 39.88 s, val_loss: 0.302
Epoch   40/50, time: 132.76 s, training_loss: 0.249
Epoch   40/50, time: 46.55 s, val_loss: 0.312
Epoch   42/50, time: 137.30 s, training_loss: 0.236
Epoch   42/50, time: 35.76 s, val_loss: 0.276
Epoch   45/50, time: 149.98 s, training_loss: 0.255
Training Metrics:
Accuracy: 0.9880
Precision: 0.6741
Recall: 0.7491
F1 Score: 0.7096
IoU: 0.5499
Dice Coefficient: 0.7096
Validation Metrics:
Accuracy: 0.9879
Precision: 0.6661
Recall: 0.7303
F1 Score: 0.6967
IoU: 0.5346
Dice Coefficient: 0.6967
Epoch   45/50, time: 37.07 s, val_loss: 0.305
Epoch   41/50, time: 130.95 s, training_loss: 0.239
Epoch   41/50, time: 42.93 s, val_loss: 0.292
Epoch   43/50, time: 138.15 s, training_loss: 0.237
Epoch   32/50, time: 138.48 s, training_loss: 0.291
Epoch   43/50, time: 39.70 s, val_loss: 0.278
Epoch   46/50, time: 145.87 s, training_loss: 0.252
Epoch   32/50, time: 40.67 s, val_loss: 0.326
Epoch   46/50, time: 39.96 s, val_loss: 0.303
Training Metrics:
Accuracy: 0.9897
Precision: 0.7168
Recall: 0.7815
F1 Score: 0.7477
IoU: 0.5971
Dice Coefficient: 0.7477
Validation Metrics:
Accuracy: 0.9886
Precision: 0.6867
Recall: 0.7320
F1 Score: 0.7086
IoU: 0.5487
Dice Coefficient: 0.7086
Epoch   44/50, time: 133.70 s, training_loss: 0.227
Epoch   33/50, time: 133.20 s, training_loss: 0.282
Epoch   44/50, time: 37.83 s, val_loss: 0.275
Epoch   47/50, time: 147.79 s, training_loss: 0.243
Epoch   33/50, time: 37.60 s, val_loss: 0.304
Epoch   47/50, time: 41.72 s, val_loss: 0.287
Epoch   42/50, time: 132.95 s, training_loss: 0.247
Epoch   42/50, time: 42.58 s, val_loss: 0.308
Epoch   45/50, time: 136.94 s, training_loss: 0.227
Epoch   34/50, time: 135.02 s, training_loss: 0.279
Epoch   45/50, time: 42.26 s, val_loss: 0.266
Epoch   34/50, time: 37.70 s, val_loss: 0.326
Epoch   48/50, time: 144.78 s, training_loss: 0.260
Epoch   48/50, time: 42.91 s, val_loss: 0.317
Epoch   43/50, time: 137.90 s, training_loss: 0.245
Epoch   46/50, time: 129.84 s, training_loss: 0.220
Epoch   43/50, time: 41.11 s, val_loss: 0.292
Epoch   35/50, time: 134.77 s, training_loss: 0.273
Epoch   46/50, time: 39.95 s, val_loss: 0.268
Epoch   35/50, time: 41.71 s, val_loss: 0.317
Epoch   49/50, time: 136.65 s, training_loss: 0.251
Epoch   49/50, time: 43.99 s, val_loss: 0.284
Epoch   44/50, time: 135.90 s, training_loss: 0.230
Epoch   44/50, time: 41.61 s, val_loss: 0.278
Epoch   47/50, time: 142.39 s, training_loss: 0.227
Epoch   36/50, time: 133.00 s, training_loss: 0.278
Epoch   47/50, time: 39.18 s, val_loss: 0.284
Epoch   36/50, time: 49.69 s, val_loss: 0.302
Epoch   50/50, time: 150.26 s, training_loss: 0.249
Epoch   50/50, time: 42.59 s, val_loss: 0.305
Epoch   45/50, time: 144.14 s, training_loss: 0.231
Epoch   48/50, time: 136.97 s, training_loss: 0.218
Epoch   45/50, time: 39.33 s, val_loss: 0.273
Epoch   37/50, time: 137.49 s, training_loss: 0.273
Epoch   48/50, time: 40.13 s, val_loss: 0.290
Epoch   37/50, time: 43.52 s, val_loss: 0.303
Epoch   46/50, time: 131.31 s, training_loss: 0.229
Epoch   49/50, time: 128.55 s, training_loss: 0.226
Epoch   46/50, time: 37.15 s, val_loss: 0.270
Training Metrics:
Accuracy: 0.9898
Precision: 0.7279
Recall: 0.7664
F1 Score: 0.7467
IoU: 0.5957
Dice Coefficient: 0.7467
Validation Metrics:
Accuracy: 0.9882
Precision: 0.6827
Recall: 0.7103
F1 Score: 0.6962
IoU: 0.5340
Dice Coefficient: 0.6962
Epoch   38/50, time: 127.10 s, training_loss: 0.259
Epoch   49/50, time: 37.88 s, val_loss: 0.269
Test Metrics:
Accuracy: 0.9882
Precision: 0.6827
Recall: 0.7103
F1 Score: 0.6962
IoU: 0.5340
Dice Coefficient: 0.6962
[I 2025-08-05 20:18:27,156] Trial 19 finished with value: 0.6962419420832577 and parameters: {'batch_size': 32, 'lr': 0.00037710803833322865, 'loss_fn': 'dice_loss', 'augmentation': True, 'filters_idx': 3, 'in_channels': 400, 'att_channels': 16}. Best is trial 8 with value: 0.7411194148943364.
wandb: Finishing previous runs because reinit is set to True.
