Epoch   17/50, time: 14.05 s, val_loss: 0.484
Epoch   32/50, time: 38.55 s, training_loss: 0.297
Epoch    6/50, time: 37.87 s, training_loss: 0.693
Epoch   32/50, time: 13.06 s, val_loss: 0.297
Epoch    6/50, time: 12.93 s, val_loss: 0.672
Epoch    1/50, time: 41.96 s, training_loss: 0.860
Epoch   18/50, time: 38.04 s, training_loss: 0.432
Epoch    1/50, time: 14.53 s, val_loss: 0.843
Epoch   18/50, time: 16.03 s, val_loss: 0.384
Epoch   33/50, time: 41.44 s, training_loss: 0.291
Epoch    7/50, time: 40.11 s, training_loss: 0.667
Epoch   33/50, time: 13.74 s, val_loss: 0.289
Epoch    7/50, time: 15.71 s, val_loss: 0.640
Epoch   19/50, time: 39.88 s, training_loss: 0.407
Epoch   19/50, time: 13.65 s, val_loss: 0.377
Epoch   34/50, time: 39.36 s, training_loss: 0.291
Training Metrics:
Accuracy: 0.7960
Precision: 0.0785
Recall: 0.8751
F1 Score: 0.1441
IoU: 0.0777
Dice Coefficient: 0.1441
Validation Metrics:
Accuracy: 0.8131
Precision: 0.0825
Recall: 0.8744
F1 Score: 0.1507
IoU: 0.0815
Dice Coefficient: 0.1507
Epoch    8/50, time: 38.96 s, training_loss: 0.633
Epoch   34/50, time: 13.72 s, val_loss: 0.283
Epoch    8/50, time: 14.10 s, val_loss: 0.600
Epoch   20/50, time: 41.65 s, training_loss: 0.401
Epoch   20/50, time: 13.99 s, val_loss: 0.394
Epoch    2/50, time: 37.62 s, training_loss: 0.807
Epoch   35/50, time: 38.09 s, training_loss: 0.279
Epoch    9/50, time: 38.43 s, training_loss: 0.594
Epoch    2/50, time: 16.11 s, val_loss: 0.788
Epoch   35/50, time: 12.91 s, val_loss: 0.282
Epoch    9/50, time: 13.29 s, val_loss: 0.585
Epoch   21/50, time: 40.22 s, training_loss: 0.375
Epoch   21/50, time: 14.77 s, val_loss: 0.353
Epoch    3/50, time: 42.42 s, training_loss: 0.780
Epoch   36/50, time: 38.81 s, training_loss: 0.276
Epoch   10/50, time: 35.79 s, training_loss: 0.561
Epoch    3/50, time: 13.64 s, val_loss: 0.773
Epoch   36/50, time: 13.20 s, val_loss: 0.278
Epoch   10/50, time: 13.45 s, val_loss: 0.571
Epoch    4/50, time: 42.74 s, training_loss: 0.754
Epoch   11/50, time: 38.12 s, training_loss: 0.528
Epoch   37/50, time: 40.84 s, training_loss: 0.271
Training Metrics:
Accuracy: 0.9841
Precision: 0.5712
Recall: 0.7612
F1 Score: 0.6527
IoU: 0.4844
Dice Coefficient: 0.6527
Validation Metrics:
Accuracy: 0.9848
Precision: 0.5760
Recall: 0.7498
F1 Score: 0.6515
IoU: 0.4831
Dice Coefficient: 0.6515
Epoch    4/50, time: 12.84 s, val_loss: 0.731
Epoch   11/50, time: 13.27 s, val_loss: 0.509
Epoch   37/50, time: 13.87 s, val_loss: 0.309
Epoch   22/50, time: 50.37 s, training_loss: 0.366
Epoch    5/50, time: 51.28 s, training_loss: 0.735
Epoch   38/50, time: 52.38 s, training_loss: 0.275
Epoch   22/50, time: 12.94 s, val_loss: 0.373
Epoch    5/50, time: 12.63 s, val_loss: 0.738
Epoch   38/50, time: 13.15 s, val_loss: 0.302
Training Metrics:
Accuracy: 0.9760
Precision: 0.4241
Recall: 0.6246
F1 Score: 0.5052
IoU: 0.3380
Dice Coefficient: 0.5052
Validation Metrics:
Accuracy: 0.9780
Precision: 0.4425
Recall: 0.6061
F1 Score: 0.5116
IoU: 0.3437
Dice Coefficient: 0.5116
Epoch   23/50, time: 50.82 s, training_loss: 0.353
Epoch    6/50, time: 52.51 s, training_loss: 0.711
Epoch   39/50, time: 50.79 s, training_loss: 0.277
Epoch   23/50, time: 15.83 s, val_loss: 0.366
Epoch    6/50, time: 14.70 s, val_loss: 0.691
Epoch   39/50, time: 14.39 s, val_loss: 0.292
Epoch   12/50, time: 45.33 s, training_loss: 0.499
Epoch   12/50, time: 21.01 s, val_loss: 0.451
Epoch   24/50, time: 47.51 s, training_loss: 0.340
Epoch   40/50, time: 43.73 s, training_loss: 0.270
Epoch    7/50, time: 49.83 s, training_loss: 0.683
Epoch   24/50, time: 14.23 s, val_loss: 0.321
Epoch   40/50, time: 14.73 s, val_loss: 0.293
Epoch    7/50, time: 15.90 s, val_loss: 0.660
Epoch   13/50, time: 42.27 s, training_loss: 0.479
Epoch   13/50, time: 18.59 s, val_loss: 0.519
Epoch   25/50, time: 42.53 s, training_loss: 0.324
Epoch   41/50, time: 46.45 s, training_loss: 0.263
Epoch    8/50, time: 44.68 s, training_loss: 0.657
Epoch   25/50, time: 15.50 s, val_loss: 0.326
Epoch   41/50, time: 14.25 s, val_loss: 0.290
Epoch    8/50, time: 14.23 s, val_loss: 0.648
Epoch   14/50, time: 41.02 s, training_loss: 0.446
Epoch   14/50, time: 14.64 s, val_loss: 0.442
Epoch   26/50, time: 39.66 s, training_loss: 0.323
Epoch    9/50, time: 39.37 s, training_loss: 0.614
Epoch   26/50, time: 13.05 s, val_loss: 0.350
Epoch    9/50, time: 13.06 s, val_loss: 0.614
Epoch   15/50, time: 38.73 s, training_loss: 0.424
Training Metrics:
Accuracy: 0.9896
Precision: 0.7207
Recall: 0.7713
F1 Score: 0.7451
IoU: 0.5938
Dice Coefficient: 0.7451
Validation Metrics:
Accuracy: 0.9892
Precision: 0.7046
Recall: 0.7388
F1 Score: 0.7213
IoU: 0.5641
Dice Coefficient: 0.7213
Epoch   15/50, time: 12.75 s, val_loss: 0.416
Epoch   27/50, time: 39.95 s, training_loss: 0.323
Epoch   10/50, time: 38.22 s, training_loss: 0.578
Epoch   27/50, time: 14.32 s, val_loss: 0.295
Epoch   10/50, time: 14.27 s, val_loss: 0.569
Epoch   42/50, time: 40.49 s, training_loss: 0.261
Epoch   16/50, time: 38.31 s, training_loss: 0.409
Epoch   42/50, time: 12.52 s, val_loss: 0.265
Epoch   16/50, time: 12.65 s, val_loss: 0.370
Epoch   28/50, time: 38.05 s, training_loss: 0.304
Epoch   11/50, time: 38.42 s, training_loss: 0.543
Epoch   28/50, time: 13.32 s, val_loss: 0.293
Epoch   11/50, time: 12.96 s, val_loss: 0.527
Epoch   17/50, time: 35.39 s, training_loss: 0.368
Epoch   43/50, time: 38.53 s, training_loss: 0.255
Epoch   17/50, time: 13.29 s, val_loss: 0.424
Epoch   43/50, time: 13.77 s, val_loss: 0.325
Epoch   29/50, time: 41.30 s, training_loss: 0.308
Epoch   29/50, time: 15.32 s, val_loss: 0.293
Epoch   18/50, time: 36.58 s, training_loss: 0.365
Epoch   44/50, time: 37.56 s, training_loss: 0.260
Epoch   18/50, time: 11.96 s, val_loss: 0.393
Epoch   44/50, time: 12.02 s, val_loss: 0.307
Training Metrics:
Accuracy: 0.9733
Precision: 0.3928
Recall: 0.6578
F1 Score: 0.4919
IoU: 0.3262
Dice Coefficient: 0.4919
Validation Metrics:
Accuracy: 0.9733
Precision: 0.3858
Recall: 0.6848
F1 Score: 0.4935
IoU: 0.3276
Dice Coefficient: 0.4935
Epoch   30/50, time: 38.00 s, training_loss: 0.299
Epoch   30/50, time: 12.51 s, val_loss: 0.342
Epoch   19/50, time: 42.09 s, training_loss: 0.350
Epoch   45/50, time: 42.35 s, training_loss: 0.248
Epoch   12/50, time: 41.35 s, training_loss: 0.509
Epoch   19/50, time: 13.06 s, val_loss: 0.347
Epoch   45/50, time: 12.24 s, val_loss: 0.261
Epoch   12/50, time: 13.28 s, val_loss: 0.484
Epoch   31/50, time: 35.86 s, training_loss: 0.294
Epoch   31/50, time: 14.69 s, val_loss: 0.292
Epoch   20/50, time: 38.08 s, training_loss: 0.330
Epoch   46/50, time: 39.58 s, training_loss: 0.243
Epoch   13/50, time: 42.95 s, training_loss: 0.481
Epoch   20/50, time: 12.30 s, val_loss: 0.334
Epoch   46/50, time: 12.31 s, val_loss: 0.271
Epoch   13/50, time: 14.72 s, val_loss: 0.465
Epoch   21/50, time: 39.00 s, training_loss: 0.323
Epoch   47/50, time: 40.14 s, training_loss: 0.248
Training Metrics:
Accuracy: 0.9882
Precision: 0.6728
Recall: 0.7766
F1 Score: 0.7210
IoU: 0.5638
Dice Coefficient: 0.7210
Validation Metrics:
Accuracy: 0.9882
Precision: 0.6668
Recall: 0.7518
F1 Score: 0.7068
IoU: 0.5465
Dice Coefficient: 0.7068
Epoch   21/50, time: 12.25 s, val_loss: 0.341
Epoch   14/50, time: 40.85 s, training_loss: 0.450
Epoch   47/50, time: 13.00 s, val_loss: 0.262
Epoch   14/50, time: 13.75 s, val_loss: 0.445
Epoch   32/50, time: 36.91 s, training_loss: 0.284
Epoch   48/50, time: 38.44 s, training_loss: 0.246
Epoch   32/50, time: 13.22 s, val_loss: 0.267
Epoch   15/50, time: 38.51 s, training_loss: 0.437
Epoch   48/50, time: 12.42 s, val_loss: 0.278
Epoch   15/50, time: 12.86 s, val_loss: 0.379
Training Metrics:
Accuracy: 0.9864
Precision: 0.6298
Recall: 0.7485
F1 Score: 0.6840
IoU: 0.5198
Dice Coefficient: 0.6840
Validation Metrics:
Accuracy: 0.9864
Precision: 0.6214
Recall: 0.7191
F1 Score: 0.6667
IoU: 0.5000
Dice Coefficient: 0.6667
Epoch   33/50, time: 39.23 s, training_loss: 0.280
Epoch   49/50, time: 36.07 s, training_loss: 0.254
Epoch   33/50, time: 13.40 s, val_loss: 0.282
Epoch   49/50, time: 12.25 s, val_loss: 0.273
Epoch   16/50, time: 40.18 s, training_loss: 0.390
Epoch   22/50, time: 37.71 s, training_loss: 0.316
Epoch   22/50, time: 12.95 s, val_loss: 0.355
Epoch   16/50, time: 13.78 s, val_loss: 0.389
Epoch   34/50, time: 37.20 s, training_loss: 0.279
Epoch   50/50, time: 40.00 s, training_loss: 0.237
Epoch   34/50, time: 12.30 s, val_loss: 0.298
Epoch   50/50, time: 13.61 s, val_loss: 0.262
Epoch   23/50, time: 41.15 s, training_loss: 0.307
Epoch   17/50, time: 41.33 s, training_loss: 0.387
Epoch   23/50, time: 12.81 s, val_loss: 0.308
Epoch   17/50, time: 13.97 s, val_loss: 0.413
Epoch   35/50, time: 36.94 s, training_loss: 0.273
Epoch   35/50, time: 13.49 s, val_loss: 0.277
Epoch   24/50, time: 36.08 s, training_loss: 0.289
Epoch   18/50, time: 41.37 s, training_loss: 0.375
Epoch   24/50, time: 12.85 s, val_loss: 0.323
Training Metrics:
Accuracy: 0.9909
Precision: 0.7466
Recall: 0.8110
F1 Score: 0.7775
IoU: 0.6360
Dice Coefficient: 0.7775
Validation Metrics:
Accuracy: 0.9901
Precision: 0.7228
Recall: 0.7746
F1 Score: 0.7478
IoU: 0.5972
Dice Coefficient: 0.7478
Epoch   18/50, time: 12.81 s, val_loss: 0.364
Epoch   36/50, time: 36.70 s, training_loss: 0.272
Test Metrics:
Accuracy: 0.9901
Precision: 0.7228
Recall: 0.7746
F1 Score: 0.7478
IoU: 0.5972
Dice Coefficient: 0.7478
[I 2025-08-26 03:32:38,715] Trial 28 finished with value: 0.7478028562201922 and parameters: {'batch_size': 16, 'lr': 0.000505747015388981, 'loss_fn': 'dice_loss', 'augmentation': True, 'filters_idx': 3, 'in_channels': 100, 'att_channels': 64}. Best is trial 25 with value: 0.7481235355280396.
wandb: Finishing previous runs because reinit is set to True.
