Epoch   14/50, time: 57.31 s, training_loss: 0.815
Epoch   32/50, time: 57.82 s, training_loss: 0.559
Epoch   24/50, time: 54.82 s, training_loss: 0.728
Epoch   14/50, time: 12.83 s, val_loss: 0.776
Epoch   32/50, time: 12.98 s, val_loss: 0.639
Epoch   24/50, time: 12.31 s, val_loss: 0.717
Epoch    1/50, time: 55.95 s, training_loss: 0.902
Epoch   33/50, time: 50.56 s, training_loss: 0.565
Epoch    1/50, time: 12.90 s, val_loss: 0.959
Epoch   25/50, time: 57.29 s, training_loss: 0.718
Epoch   15/50, time: 65.40 s, training_loss: 0.813
Epoch   33/50, time: 12.66 s, val_loss: 0.577
Epoch   25/50, time: 12.67 s, val_loss: 0.735
Epoch   15/50, time: 13.51 s, val_loss: 0.775
Epoch   34/50, time: 55.79 s, training_loss: 0.563
Epoch   26/50, time: 52.21 s, training_loss: 0.709
Epoch   16/50, time: 52.49 s, training_loss: 0.804
Epoch   34/50, time: 12.40 s, val_loss: 0.603
Epoch   26/50, time: 12.25 s, val_loss: 0.705
Training Metrics:
Accuracy: 0.9804
Precision: 0.1394
Recall: 0.0001
F1 Score: 0.0002
IoU: 0.0001
Dice Coefficient: 0.0002
Validation Metrics:
Accuracy: 0.9810
Precision: 0.0000
Recall: 0.0000
F1 Score: 0.0000
IoU: 0.0000
Dice Coefficient: 0.0000
Epoch   16/50, time: 15.74 s, val_loss: 0.778
Epoch   35/50, time: 64.22 s, training_loss: 0.535
Epoch   27/50, time: 62.79 s, training_loss: 0.697
Epoch    2/50, time: 65.58 s, training_loss: 0.865
Epoch   17/50, time: 59.69 s, training_loss: 0.802
Epoch   35/50, time: 12.78 s, val_loss: 0.534
Epoch   27/50, time: 13.94 s, val_loss: 0.696
Epoch    2/50, time: 13.69 s, val_loss: 0.910
Epoch   17/50, time: 15.19 s, val_loss: 0.756
Epoch   36/50, time: 67.03 s, training_loss: 0.517
Epoch   28/50, time: 64.74 s, training_loss: 0.688
Epoch   18/50, time: 61.97 s, training_loss: 0.799
Epoch    3/50, time: 67.70 s, training_loss: 0.846
Epoch   36/50, time: 12.01 s, val_loss: 0.579
Epoch   28/50, time: 13.30 s, val_loss: 0.664
Epoch   18/50, time: 12.49 s, val_loss: 0.754
Epoch    3/50, time: 13.46 s, val_loss: 0.863
Epoch   37/50, time: 55.87 s, training_loss: 0.511
Epoch   29/50, time: 59.82 s, training_loss: 0.674
Epoch   37/50, time: 12.02 s, val_loss: 0.543
Epoch   19/50, time: 63.29 s, training_loss: 0.796
Epoch    4/50, time: 61.65 s, training_loss: 0.832
Epoch   29/50, time: 13.39 s, val_loss: 0.663
Epoch   19/50, time: 14.11 s, val_loss: 0.751
Epoch    4/50, time: 16.66 s, val_loss: 0.826
Epoch   38/50, time: 61.21 s, training_loss: 0.487
Epoch    5/50, time: 49.99 s, training_loss: 0.820
Epoch   30/50, time: 62.52 s, training_loss: 0.665
Epoch   20/50, time: 55.82 s, training_loss: 0.792
Epoch   38/50, time: 13.03 s, val_loss: 0.486
Epoch    5/50, time: 12.81 s, val_loss: 0.799
Epoch   30/50, time: 13.36 s, val_loss: 0.655
Epoch   20/50, time: 13.38 s, val_loss: 0.743
Epoch    6/50, time: 52.98 s, training_loss: 0.809
Epoch   39/50, time: 62.14 s, training_loss: 0.470
Epoch   21/50, time: 52.03 s, training_loss: 0.785
Epoch   31/50, time: 53.54 s, training_loss: 0.656
Epoch    6/50, time: 12.68 s, val_loss: 0.789
Epoch   39/50, time: 12.95 s, val_loss: 0.509
Epoch   21/50, time: 13.44 s, val_loss: 0.728
Epoch   31/50, time: 14.03 s, val_loss: 0.643
Epoch   40/50, time: 54.09 s, training_loss: 0.446
Epoch    7/50, time: 55.65 s, training_loss: 0.805
Epoch   40/50, time: 11.68 s, val_loss: 0.523
Epoch    7/50, time: 12.81 s, val_loss: 0.772
Training Metrics:
Accuracy: 0.9479
Precision: 0.2440
Recall: 0.7878
F1 Score: 0.3725
IoU: 0.2289
Dice Coefficient: 0.3725
Validation Metrics:
Accuracy: 0.9505
Precision: 0.2500
Recall: 0.8046
F1 Score: 0.3814
IoU: 0.2357
Dice Coefficient: 0.3814
Training Metrics:
Accuracy: 0.7692
Precision: 0.0717
Recall: 0.9000
F1 Score: 0.1328
IoU: 0.0711
Dice Coefficient: 0.1328
Validation Metrics:
Accuracy: 0.9273
Precision: 0.1921
Recall: 0.8841
F1 Score: 0.3156
IoU: 0.1874
Dice Coefficient: 0.3156
Epoch    8/50, time: 60.17 s, training_loss: 0.795
Epoch   41/50, time: 62.31 s, training_loss: 0.461
Epoch    8/50, time: 12.43 s, val_loss: 0.767
Epoch   41/50, time: 12.64 s, val_loss: 0.439
Epoch   32/50, time: 54.67 s, training_loss: 0.649
Epoch   22/50, time: 57.55 s, training_loss: 0.780
Epoch   32/50, time: 15.64 s, val_loss: 0.682
Epoch   22/50, time: 16.11 s, val_loss: 0.736
Epoch    9/50, time: 59.03 s, training_loss: 0.790
Epoch    9/50, time: 12.33 s, val_loss: 0.765
Epoch   33/50, time: 50.34 s, training_loss: 0.658
Epoch   33/50, time: 14.53 s, val_loss: 0.666
Epoch   23/50, time: 59.43 s, training_loss: 0.773
Training Metrics:
Accuracy: 0.9797
Precision: 0.4887
Recall: 0.6907
F1 Score: 0.5724
IoU: 0.4010
Dice Coefficient: 0.5724
Validation Metrics:
Accuracy: 0.9816
Precision: 0.5119
Recall: 0.6744
F1 Score: 0.5820
IoU: 0.4105
Dice Coefficient: 0.5820
Epoch   23/50, time: 16.46 s, val_loss: 0.721
Epoch   10/50, time: 61.62 s, training_loss: 0.785
Epoch   10/50, time: 11.65 s, val_loss: 0.754
Epoch   34/50, time: 55.69 s, training_loss: 0.639
Epoch   42/50, time: 58.38 s, training_loss: 0.438
Epoch   34/50, time: 14.37 s, val_loss: 0.667
Epoch   24/50, time: 52.81 s, training_loss: 0.770
Epoch   42/50, time: 13.28 s, val_loss: 0.482
Epoch   24/50, time: 12.86 s, val_loss: 0.722
Epoch   11/50, time: 56.21 s, training_loss: 0.783
Epoch   35/50, time: 49.93 s, training_loss: 0.616
Epoch   11/50, time: 12.49 s, val_loss: 0.770
Epoch   43/50, time: 57.70 s, training_loss: 0.430
Epoch   35/50, time: 13.63 s, val_loss: 0.657
Epoch   25/50, time: 59.04 s, training_loss: 0.764
Epoch   43/50, time: 16.34 s, val_loss: 0.433
Epoch   25/50, time: 17.21 s, val_loss: 0.701
Epoch   36/50, time: 59.49 s, training_loss: 0.618
Epoch   36/50, time: 12.48 s, val_loss: 0.628
Epoch   44/50, time: 59.17 s, training_loss: 0.405
Training Metrics:
Accuracy: 0.8007
Precision: 0.0851
Recall: 0.9383
F1 Score: 0.1560
IoU: 0.0846
Dice Coefficient: 0.1560
Validation Metrics:
Accuracy: 0.8996
Precision: 0.1533
Recall: 0.9495
F1 Score: 0.2640
IoU: 0.1521
Dice Coefficient: 0.2640
Epoch   26/50, time: 60.58 s, training_loss: 0.753
Epoch   44/50, time: 13.32 s, val_loss: 0.424
Epoch   26/50, time: 18.36 s, val_loss: 0.687
Epoch   37/50, time: 68.39 s, training_loss: 0.591
Epoch   12/50, time: 63.83 s, training_loss: 0.780
Epoch   45/50, time: 61.81 s, training_loss: 0.422
Epoch   37/50, time: 12.46 s, val_loss: 0.608
Epoch   12/50, time: 12.89 s, val_loss: 0.753
Epoch   45/50, time: 14.48 s, val_loss: 0.414
Epoch   27/50, time: 59.88 s, training_loss: 0.751
Epoch   27/50, time: 21.73 s, val_loss: 0.697
Epoch   38/50, time: 63.21 s, training_loss: 0.574
Epoch   13/50, time: 67.81 s, training_loss: 0.779
Epoch   38/50, time: 12.89 s, val_loss: 0.577
Epoch   46/50, time: 65.35 s, training_loss: 0.408
Epoch   13/50, time: 14.03 s, val_loss: 0.746
Epoch   28/50, time: 55.81 s, training_loss: 0.744
Epoch   46/50, time: 15.05 s, val_loss: 0.492
Epoch   28/50, time: 14.02 s, val_loss: 0.681
Epoch   39/50, time: 56.72 s, training_loss: 0.549
Epoch   47/50, time: 53.13 s, training_loss: 0.411
Epoch   39/50, time: 12.65 s, val_loss: 0.544
Epoch   14/50, time: 57.02 s, training_loss: 0.775
Epoch   47/50, time: 13.02 s, val_loss: 0.480
Epoch   29/50, time: 54.37 s, training_loss: 0.738
Epoch   14/50, time: 13.59 s, val_loss: 0.754
Epoch   29/50, time: 13.68 s, val_loss: 0.693
Epoch   40/50, time: 55.54 s, training_loss: 0.536
Epoch   15/50, time: 52.98 s, training_loss: 0.776
Epoch   40/50, time: 12.37 s, val_loss: 0.545
Epoch   48/50, time: 55.80 s, training_loss: 0.389
Epoch   30/50, time: 54.23 s, training_loss: 0.729
Epoch   48/50, time: 13.75 s, val_loss: 0.452
Epoch   15/50, time: 15.05 s, val_loss: 0.744
Epoch   30/50, time: 16.96 s, val_loss: 0.670
Epoch   41/50, time: 65.94 s, training_loss: 0.547
Epoch   41/50, time: 11.95 s, val_loss: 0.573
Epoch   49/50, time: 65.75 s, training_loss: 0.382
Epoch   16/50, time: 67.32 s, training_loss: 0.772
Epoch   31/50, time: 59.22 s, training_loss: 0.726
Epoch   49/50, time: 14.10 s, val_loss: 0.363
Epoch   16/50, time: 14.64 s, val_loss: 0.743
Epoch   31/50, time: 13.79 s, val_loss: 0.678
Epoch   50/50, time: 63.19 s, training_loss: 0.354
Epoch   17/50, time: 63.59 s, training_loss: 0.768
Training Metrics:
Accuracy: 0.9644
Precision: 0.3218
Recall: 0.7343
F1 Score: 0.4475
IoU: 0.2882
Dice Coefficient: 0.4475
Validation Metrics:
Accuracy: 0.9678
Precision: 0.3338
Recall: 0.7010
F1 Score: 0.4522
IoU: 0.2922
Dice Coefficient: 0.4522
Epoch   50/50, time: 12.99 s, val_loss: 0.416
Epoch   17/50, time: 13.87 s, val_loss: 0.757
Training Metrics:
Accuracy: 0.7412
Precision: 0.0608
Recall: 0.8436
F1 Score: 0.1134
IoU: 0.0601
Dice Coefficient: 0.1134
Validation Metrics:
Accuracy: 0.9513
Precision: 0.2520
Recall: 0.7958
F1 Score: 0.3828
IoU: 0.2367
Dice Coefficient: 0.3828
Epoch   42/50, time: 65.63 s, training_loss: 0.545
Epoch   18/50, time: 60.91 s, training_loss: 0.765
Epoch   42/50, time: 12.89 s, val_loss: 0.534
Epoch   18/50, time: 12.46 s, val_loss: 0.742
Epoch   32/50, time: 56.88 s, training_loss: 0.717
Training Metrics:
Accuracy: 0.9827
Precision: 0.5497
Recall: 0.6517
F1 Score: 0.5964
IoU: 0.4249
Dice Coefficient: 0.5964
Validation Metrics:
Accuracy: 0.9835
Precision: 0.5571
Recall: 0.6346
F1 Score: 0.5933
IoU: 0.4218
Dice Coefficient: 0.5933
Epoch   32/50, time: 16.03 s, val_loss: 0.648
Test Metrics:
Accuracy: 0.9835
Precision: 0.5571
Recall: 0.6346
F1 Score: 0.5933
IoU: 0.4218
Dice Coefficient: 0.5933
[I 2025-08-26 06:56:58,893] Trial 41 finished with value: 0.5933250543710724 and parameters: {'batch_size': 128, 'lr': 0.00023696865339510422, 'loss_fn': 'dice_loss', 'augmentation': True, 'filters_idx': 3, 'in_channels': 100, 'att_channels': 16}. Best is trial 30 with value: 0.7679260845489291.
wandb: Finishing previous runs because reinit is set to True.
