Epoch   22/50, time: 43.22 s, training_loss: 0.673
Epoch   22/50, time: 14.41 s, val_loss: 0.545
Epoch   12/50, time: 37.82 s, training_loss: 0.564
Epoch    1/50, time: 38.75 s, training_loss: 0.899
Epoch   12/50, time: 12.58 s, val_loss: 0.528
Epoch    1/50, time: 12.52 s, val_loss: 0.877
Epoch   23/50, time: 44.91 s, training_loss: 0.654
Epoch   23/50, time: 13.53 s, val_loss: 0.547
Epoch   13/50, time: 41.18 s, training_loss: 0.534
Epoch   13/50, time: 11.86 s, val_loss: 0.508
Training Metrics:
Accuracy: 0.6648
Precision: 0.0527
Recall: 0.9478
F1 Score: 0.0999
IoU: 0.0526
Dice Coefficient: 0.0999
Validation Metrics:
Accuracy: 0.7657
Precision: 0.0702
Recall: 0.9274
F1 Score: 0.1306
IoU: 0.0698
Dice Coefficient: 0.1306
Epoch   24/50, time: 41.34 s, training_loss: 0.650
Epoch   14/50, time: 37.83 s, training_loss: 0.522
Epoch   24/50, time: 13.31 s, val_loss: 0.572
Epoch   14/50, time: 13.39 s, val_loss: 0.519
Epoch    2/50, time: 37.42 s, training_loss: 0.866
Epoch    2/50, time: 13.70 s, val_loss: 0.807
Epoch   25/50, time: 45.45 s, training_loss: 0.647
Epoch   15/50, time: 39.22 s, training_loss: 0.492
Epoch   25/50, time: 12.98 s, val_loss: 0.483
Epoch   15/50, time: 12.60 s, val_loss: 0.486
Epoch    3/50, time: 37.81 s, training_loss: 0.848
Epoch    3/50, time: 13.59 s, val_loss: 0.777
Epoch   16/50, time: 41.84 s, training_loss: 0.458
Epoch   26/50, time: 46.29 s, training_loss: 0.633
Epoch   16/50, time: 12.68 s, val_loss: 0.485
Epoch   26/50, time: 12.92 s, val_loss: 0.556
Epoch    4/50, time: 37.38 s, training_loss: 0.834
Epoch    4/50, time: 13.76 s, val_loss: 0.780
Epoch   17/50, time: 40.78 s, training_loss: 0.437
Epoch   27/50, time: 45.58 s, training_loss: 0.621
Epoch   17/50, time: 12.43 s, val_loss: 0.420
Epoch    5/50, time: 38.09 s, training_loss: 0.817
Epoch   27/50, time: 12.54 s, val_loss: 0.464
Epoch    5/50, time: 13.47 s, val_loss: 0.754
Epoch   18/50, time: 38.56 s, training_loss: 0.415
Epoch   18/50, time: 13.30 s, val_loss: 0.430
Epoch   28/50, time: 47.01 s, training_loss: 0.593
Epoch    6/50, time: 41.12 s, training_loss: 0.806
Epoch   28/50, time: 12.83 s, val_loss: 0.514
Epoch    6/50, time: 12.60 s, val_loss: 0.745
Epoch   19/50, time: 39.59 s, training_loss: 0.395
Epoch   19/50, time: 13.47 s, val_loss: 0.414
Epoch    7/50, time: 39.46 s, training_loss: 0.790
Epoch   29/50, time: 44.90 s, training_loss: 0.569
Epoch    7/50, time: 12.87 s, val_loss: 0.733
Epoch   29/50, time: 13.16 s, val_loss: 0.447
Epoch   20/50, time: 37.82 s, training_loss: 0.387
Epoch   20/50, time: 14.04 s, val_loss: 0.374
Epoch    8/50, time: 39.79 s, training_loss: 0.774
Epoch   30/50, time: 45.96 s, training_loss: 0.571
Epoch    8/50, time: 12.21 s, val_loss: 0.731
Epoch   30/50, time: 13.26 s, val_loss: 0.457
Epoch   21/50, time: 37.56 s, training_loss: 0.364
Epoch   21/50, time: 14.07 s, val_loss: 0.397
Epoch    9/50, time: 39.39 s, training_loss: 0.753
Epoch    9/50, time: 13.07 s, val_loss: 0.658
Epoch   31/50, time: 44.53 s, training_loss: 0.549
Epoch   31/50, time: 14.23 s, val_loss: 0.412
Epoch   10/50, time: 38.20 s, training_loss: 0.729
Training Metrics:
Accuracy: 0.9832
Precision: 0.5579
Recall: 0.6879
F1 Score: 0.6161
IoU: 0.4452
Dice Coefficient: 0.6161
Validation Metrics:
Accuracy: 0.9837
Precision: 0.5565
Recall: 0.6872
F1 Score: 0.6150
IoU: 0.4440
Dice Coefficient: 0.6150
Epoch   10/50, time: 11.91 s, val_loss: 0.668
Epoch   22/50, time: 38.24 s, training_loss: 0.348
Epoch   11/50, time: 37.06 s, training_loss: 0.702
Training Metrics:
Accuracy: 0.7488
Precision: 0.0582
Recall: 0.7771
F1 Score: 0.1083
IoU: 0.0572
Dice Coefficient: 0.1083
Validation Metrics:
Accuracy: 0.9847
Precision: 0.5828
Recall: 0.6724
F1 Score: 0.6244
IoU: 0.4539
Dice Coefficient: 0.6244
Epoch   22/50, time: 12.47 s, val_loss: 0.339
Epoch   11/50, time: 12.52 s, val_loss: 0.614
Epoch   32/50, time: 46.06 s, training_loss: 0.532
Epoch   23/50, time: 40.03 s, training_loss: 0.347
Epoch   32/50, time: 11.97 s, val_loss: 0.391
Epoch   23/50, time: 11.16 s, val_loss: 0.342
Training Metrics:
Accuracy: 0.8200
Precision: 0.0742
Recall: 0.7116
F1 Score: 0.1343
IoU: 0.0720
Dice Coefficient: 0.1343
Validation Metrics:
Accuracy: 0.9647
Precision: 0.3115
Recall: 0.7099
F1 Score: 0.4330
IoU: 0.2763
Dice Coefficient: 0.4330
Epoch   24/50, time: 38.92 s, training_loss: 0.335
Epoch   33/50, time: 43.85 s, training_loss: 0.514
Epoch   24/50, time: 13.02 s, val_loss: 0.333
Epoch   33/50, time: 13.22 s, val_loss: 0.446
Epoch   12/50, time: 38.41 s, training_loss: 0.682
Epoch   12/50, time: 13.99 s, val_loss: 0.600
Epoch   25/50, time: 40.21 s, training_loss: 0.332
Epoch   34/50, time: 46.03 s, training_loss: 0.535
Epoch   25/50, time: 12.64 s, val_loss: 0.328
Epoch   34/50, time: 12.92 s, val_loss: 0.411
Epoch   13/50, time: 39.18 s, training_loss: 0.641
Epoch   13/50, time: 13.76 s, val_loss: 0.551
Epoch   26/50, time: 39.31 s, training_loss: 0.322
Epoch   26/50, time: 12.79 s, val_loss: 0.346
Epoch   35/50, time: 45.16 s, training_loss: 0.535
Epoch   14/50, time: 39.82 s, training_loss: 0.622
Epoch   35/50, time: 13.13 s, val_loss: 0.449
Epoch   14/50, time: 13.23 s, val_loss: 0.531
Epoch   27/50, time: 38.23 s, training_loss: 0.312
Epoch   27/50, time: 13.46 s, val_loss: 0.315
Epoch   36/50, time: 46.52 s, training_loss: 0.506
Epoch   15/50, time: 38.77 s, training_loss: 0.595
Epoch   36/50, time: 13.22 s, val_loss: 0.367
Epoch   15/50, time: 13.03 s, val_loss: 0.512
Epoch   28/50, time: 39.83 s, training_loss: 0.308
Epoch   28/50, time: 13.94 s, val_loss: 0.310
Epoch   16/50, time: 39.06 s, training_loss: 0.567
Epoch   37/50, time: 45.90 s, training_loss: 0.482
Epoch   16/50, time: 12.61 s, val_loss: 0.500
Epoch   37/50, time: 13.29 s, val_loss: 0.435
Epoch   29/50, time: 38.78 s, training_loss: 0.301
Epoch   29/50, time: 14.03 s, val_loss: 0.319
Epoch   17/50, time: 40.28 s, training_loss: 0.541
Epoch   38/50, time: 45.55 s, training_loss: 0.495
Epoch   17/50, time: 12.68 s, val_loss: 0.442
Epoch   38/50, time: 14.08 s, val_loss: 0.410
Epoch   30/50, time: 35.99 s, training_loss: 0.293
Epoch   30/50, time: 14.09 s, val_loss: 0.284
Epoch   18/50, time: 39.11 s, training_loss: 0.516
Epoch   18/50, time: 12.95 s, val_loss: 0.480
Epoch   39/50, time: 45.15 s, training_loss: 0.475
Epoch   31/50, time: 38.33 s, training_loss: 0.300
Epoch   39/50, time: 13.30 s, val_loss: 0.367
Epoch   31/50, time: 13.27 s, val_loss: 0.313
Epoch   19/50, time: 39.81 s, training_loss: 0.503
Epoch   19/50, time: 13.97 s, val_loss: 0.506
Epoch   40/50, time: 44.68 s, training_loss: 0.485
Epoch   40/50, time: 12.32 s, val_loss: 0.381
Epoch   20/50, time: 37.35 s, training_loss: 0.478
Training Metrics:
Accuracy: 0.9884
Precision: 0.6960
Recall: 0.7298
F1 Score: 0.7125
IoU: 0.5534
Dice Coefficient: 0.7125
Validation Metrics:
Accuracy: 0.9882
Precision: 0.6833
Recall: 0.7056
F1 Score: 0.6943
IoU: 0.5317
Dice Coefficient: 0.6943
Epoch   20/50, time: 13.31 s, val_loss: 0.428
Epoch   41/50, time: 44.65 s, training_loss: 0.462
Epoch   41/50, time: 14.04 s, val_loss: 0.393
Epoch   32/50, time: 38.52 s, training_loss: 0.292
Epoch   21/50, time: 39.23 s, training_loss: 0.463
Epoch   32/50, time: 12.86 s, val_loss: 0.294
Epoch   21/50, time: 13.16 s, val_loss: 0.378
Epoch   33/50, time: 40.46 s, training_loss: 0.279
Epoch   33/50, time: 11.41 s, val_loss: 0.298
Training Metrics:
Accuracy: 0.8841
Precision: 0.1257
Recall: 0.8233
F1 Score: 0.2181
IoU: 0.1224
Dice Coefficient: 0.2181
Validation Metrics:
Accuracy: 0.9838
Precision: 0.5500
Recall: 0.7882
F1 Score: 0.6479
IoU: 0.4792
Dice Coefficient: 0.6479
Training Metrics:
Accuracy: 0.9398
Precision: 0.2061
Recall: 0.7248
F1 Score: 0.3209
IoU: 0.1911
Dice Coefficient: 0.3209
Validation Metrics:
Accuracy: 0.9847
Precision: 0.5812
Recall: 0.6938
F1 Score: 0.6325
IoU: 0.4625
Dice Coefficient: 0.6325
Epoch   34/50, time: 39.51 s, training_loss: 0.289
Epoch   34/50, time: 13.12 s, val_loss: 0.283
Epoch   42/50, time: 45.06 s, training_loss: 0.458
Epoch   22/50, time: 38.55 s, training_loss: 0.440
Epoch   42/50, time: 13.13 s, val_loss: 0.396
Epoch   22/50, time: 13.14 s, val_loss: 0.374
Epoch   35/50, time: 38.87 s, training_loss: 0.280
Epoch   35/50, time: 13.56 s, val_loss: 0.306
Epoch   43/50, time: 44.99 s, training_loss: 0.444
Epoch   23/50, time: 39.76 s, training_loss: 0.429
Epoch   43/50, time: 13.20 s, val_loss: 0.367
Epoch   23/50, time: 12.89 s, val_loss: 0.449
Epoch   36/50, time: 38.09 s, training_loss: 0.276
Epoch   36/50, time: 14.09 s, val_loss: 0.293
Epoch   24/50, time: 39.05 s, training_loss: 0.415
Epoch   44/50, time: 46.00 s, training_loss: 0.426
Epoch   24/50, time: 12.79 s, val_loss: 0.350
Epoch   44/50, time: 13.07 s, val_loss: 0.363
Epoch   37/50, time: 37.17 s, training_loss: 0.262
Epoch   37/50, time: 14.02 s, val_loss: 0.262
Epoch   25/50, time: 40.38 s, training_loss: 0.401
Epoch   45/50, time: 46.36 s, training_loss: 0.420
Epoch   25/50, time: 12.58 s, val_loss: 0.364
Epoch   45/50, time: 13.67 s, val_loss: 0.390
Epoch   38/50, time: 36.48 s, training_loss: 0.266
Epoch   38/50, time: 13.82 s, val_loss: 0.261
Epoch   26/50, time: 39.78 s, training_loss: 0.406
Epoch   26/50, time: 12.86 s, val_loss: 0.367
Epoch   46/50, time: 46.98 s, training_loss: 0.432
Epoch   39/50, time: 38.80 s, training_loss: 0.261
Epoch   46/50, time: 12.89 s, val_loss: 0.443
Epoch   39/50, time: 12.93 s, val_loss: 0.286
Epoch   27/50, time: 38.53 s, training_loss: 0.394
Epoch   27/50, time: 13.49 s, val_loss: 0.397
Epoch   40/50, time: 39.16 s, training_loss: 0.262
Epoch   47/50, time: 45.42 s, training_loss: 0.417
Epoch   40/50, time: 12.69 s, val_loss: 0.284
Epoch   47/50, time: 13.11 s, val_loss: 0.337
Epoch   28/50, time: 38.16 s, training_loss: 0.390
Epoch   28/50, time: 13.75 s, val_loss: 0.327
Epoch   41/50, time: 39.93 s, training_loss: 0.258
Epoch   48/50, time: 46.41 s, training_loss: 0.400
Epoch   41/50, time: 12.40 s, val_loss: 0.287
Epoch   48/50, time: 13.07 s, val_loss: 0.328
Epoch   29/50, time: 37.89 s, training_loss: 0.370
Epoch   29/50, time: 13.89 s, val_loss: 0.326
Epoch   49/50, time: 46.17 s, training_loss: 0.381
Epoch   30/50, time: 36.39 s, training_loss: 0.365
Epoch   49/50, time: 12.21 s, val_loss: 0.311
Training Metrics:
Accuracy: 0.9893
Precision: 0.7172
Recall: 0.7509
F1 Score: 0.7337
IoU: 0.5794
Dice Coefficient: 0.7337
Validation Metrics:
Accuracy: 0.9891
Precision: 0.7023
Recall: 0.7378
F1 Score: 0.7196
IoU: 0.5621
Dice Coefficient: 0.7196
Epoch   30/50, time: 12.38 s, val_loss: 0.335
Epoch   42/50, time: 38.69 s, training_loss: 0.255
Epoch   50/50, time: 47.99 s, training_loss: 0.375
Epoch   31/50, time: 40.58 s, training_loss: 0.363
Epoch   42/50, time: 11.78 s, val_loss: 0.264
Epoch   50/50, time: 12.12 s, val_loss: 0.338
Epoch   31/50, time: 12.13 s, val_loss: 0.349
Epoch   43/50, time: 40.92 s, training_loss: 0.264
Epoch   43/50, time: 12.45 s, val_loss: 0.299
Training Metrics:
Accuracy: 0.9366
Precision: 0.1983
Recall: 0.7334
F1 Score: 0.3122
IoU: 0.1850
Dice Coefficient: 0.3122
Validation Metrics:
Accuracy: 0.9743
Precision: 0.4007
Recall: 0.7163
F1 Score: 0.5139
IoU: 0.3458
Dice Coefficient: 0.5139
Training Metrics:
Accuracy: 0.9068
Precision: 0.1505
Recall: 0.8075
F1 Score: 0.2538
IoU: 0.1453
Dice Coefficient: 0.2538
Validation Metrics:
Accuracy: 0.9876
Precision: 0.6455
Recall: 0.7672
F1 Score: 0.7011
IoU: 0.5398
Dice Coefficient: 0.7011
Epoch   44/50, time: 33.72 s, training_loss: 0.255
Epoch   44/50, time: 12.68 s, val_loss: 0.265
Test Metrics:
Accuracy: 0.9876
Precision: 0.6455
Recall: 0.7672
F1 Score: 0.7011
IoU: 0.5398
Dice Coefficient: 0.7011
[I 2025-08-23 00:44:54,552] Trial 23 finished with value: 0.7011350803752107 and parameters: {'batch_size': 64, 'lr': 0.00012244579296414302, 'loss_fn': 'dice_loss', 'augmentation': True, 'filters_idx': 3, 'in_channels': 100, 'att_channels': 64}. Best is trial 15 with value: 0.7636784016171164.
wandb: Finishing previous runs because reinit is set to True.
