Epoch   20/50, time: 36.74 s, val_loss: 0.800
Epoch   21/50, time: 116.79 s, training_loss: 0.341
Epoch    1/50, time: 43.86 s, training_loss: 0.903
Epoch    1/50, time: 12.40 s, val_loss: 0.854
Epoch   21/50, time: 34.26 s, val_loss: 0.346
Epoch   19/50, time: 134.80 s, training_loss: 0.621
Epoch   21/50, time: 113.68 s, training_loss: 0.803
Training Metrics:
Accuracy: 0.7624
Precision: 0.0712
Recall: 0.9214
F1 Score: 0.1321
IoU: 0.0707
Dice Coefficient: 0.1321
Validation Metrics:
Accuracy: 0.8908
Precision: 0.1319
Recall: 0.8515
F1 Score: 0.2283
IoU: 0.1289
Dice Coefficient: 0.2283
Epoch   19/50, time: 35.28 s, val_loss: 0.675
Epoch   21/50, time: 35.48 s, val_loss: 0.801
Epoch    2/50, time: 41.96 s, training_loss: 0.866
Epoch    2/50, time: 14.89 s, val_loss: 0.805
Epoch    3/50, time: 46.51 s, training_loss: 0.849
Epoch    3/50, time: 14.09 s, val_loss: 0.805
Training Metrics:
Accuracy: 0.9872
Precision: 0.6643
Recall: 0.7001
F1 Score: 0.6817
IoU: 0.5171
Dice Coefficient: 0.6817
Validation Metrics:
Accuracy: 0.9867
Precision: 0.6408
Recall: 0.6765
F1 Score: 0.6581
IoU: 0.4904
Dice Coefficient: 0.6581
Epoch   20/50, time: 143.96 s, training_loss: 0.607
Epoch    4/50, time: 42.21 s, training_loss: 0.840
Epoch    4/50, time: 12.56 s, val_loss: 0.777
Epoch   20/50, time: 36.07 s, val_loss: 0.647
Training Metrics:
Accuracy: 0.9029
Precision: 0.1555
Recall: 0.8910
F1 Score: 0.2648
IoU: 0.1526
Dice Coefficient: 0.2648
Validation Metrics:
Accuracy: 0.9079
Precision: 0.1571
Recall: 0.8824
F1 Score: 0.2667
IoU: 0.1539
Dice Coefficient: 0.2667
Epoch    5/50, time: 36.15 s, training_loss: 0.829
Epoch    5/50, time: 12.65 s, val_loss: 0.774
Epoch   22/50, time: 123.58 s, training_loss: 0.323
Epoch    6/50, time: 46.29 s, training_loss: 0.823
Epoch    6/50, time: 12.34 s, val_loss: 0.758
Epoch   22/50, time: 38.86 s, val_loss: 0.390
Epoch    7/50, time: 39.41 s, training_loss: 0.815
Epoch   21/50, time: 140.45 s, training_loss: 0.586
Epoch   22/50, time: 120.31 s, training_loss: 0.800
Epoch    7/50, time: 14.17 s, val_loss: 0.772
Epoch   21/50, time: 36.46 s, val_loss: 0.643
Epoch   22/50, time: 38.20 s, val_loss: 0.799
Epoch    8/50, time: 42.92 s, training_loss: 0.809
Epoch    8/50, time: 15.22 s, val_loss: 0.732
Epoch   23/50, time: 117.85 s, training_loss: 0.323
Epoch    9/50, time: 41.11 s, training_loss: 0.801
Epoch   23/50, time: 38.46 s, val_loss: 0.361
Epoch    9/50, time: 13.95 s, val_loss: 0.743
Epoch   10/50, time: 40.36 s, training_loss: 0.792
Epoch   23/50, time: 123.54 s, training_loss: 0.797
Epoch   10/50, time: 13.36 s, val_loss: 0.711
Epoch   23/50, time: 34.40 s, val_loss: 0.802
Epoch   11/50, time: 38.59 s, training_loss: 0.784
Training Metrics:
Accuracy: 0.9712
Precision: 0.3364
Recall: 0.4814
F1 Score: 0.3961
IoU: 0.2469
Dice Coefficient: 0.3961
Validation Metrics:
Accuracy: 0.9732
Precision: 0.3520
Recall: 0.4929
F1 Score: 0.4107
IoU: 0.2584
Dice Coefficient: 0.4107
Epoch   11/50, time: 12.95 s, val_loss: 0.710
Epoch   24/50, time: 113.18 s, training_loss: 0.316
Epoch   24/50, time: 41.76 s, val_loss: 0.336
Training Metrics:
Accuracy: 0.7376
Precision: 0.0604
Recall: 0.8501
F1 Score: 0.1128
IoU: 0.0598
Dice Coefficient: 0.1128
Validation Metrics:
Accuracy: 0.9451
Precision: 0.2253
Recall: 0.7773
F1 Score: 0.3494
IoU: 0.2117
Dice Coefficient: 0.3494
Epoch   24/50, time: 109.56 s, training_loss: 0.794
Epoch   24/50, time: 30.31 s, val_loss: 0.790
Epoch   12/50, time: 39.66 s, training_loss: 0.774
Epoch   12/50, time: 12.50 s, val_loss: 0.720
Epoch   22/50, time: 141.07 s, training_loss: 0.564
Epoch   25/50, time: 115.66 s, training_loss: 0.297
Epoch   13/50, time: 37.07 s, training_loss: 0.763
Epoch   22/50, time: 35.38 s, val_loss: 0.532
Epoch   13/50, time: 13.97 s, val_loss: 0.678
Epoch   25/50, time: 34.69 s, val_loss: 0.311
Epoch   14/50, time: 37.32 s, training_loss: 0.753
Epoch   14/50, time: 13.57 s, val_loss: 0.655
Epoch   25/50, time: 120.09 s, training_loss: 0.792
Epoch   25/50, time: 32.36 s, val_loss: 0.788
Epoch   15/50, time: 35.71 s, training_loss: 0.739
Epoch   15/50, time: 12.58 s, val_loss: 0.633
Epoch   23/50, time: 123.60 s, training_loss: 0.531
Epoch   26/50, time: 113.24 s, training_loss: 0.293
Epoch   16/50, time: 41.42 s, training_loss: 0.731
Epoch   23/50, time: 34.29 s, val_loss: 0.591
Epoch   16/50, time: 13.09 s, val_loss: 0.632
Epoch   26/50, time: 32.16 s, val_loss: 0.324
Epoch   17/50, time: 45.67 s, training_loss: 0.715
Epoch   26/50, time: 127.47 s, training_loss: 0.789
Epoch   17/50, time: 13.40 s, val_loss: 0.626
Epoch   26/50, time: 41.30 s, val_loss: 0.790
Epoch   18/50, time: 46.83 s, training_loss: 0.703
Epoch   18/50, time: 13.05 s, val_loss: 0.626
Epoch   24/50, time: 122.60 s, training_loss: 0.514
Epoch   27/50, time: 114.02 s, training_loss: 0.291
Epoch   24/50, time: 36.63 s, val_loss: 0.507
Epoch   27/50, time: 39.10 s, val_loss: 0.341
Epoch   19/50, time: 44.39 s, training_loss: 0.690
Epoch   19/50, time: 15.00 s, val_loss: 0.606
Epoch   20/50, time: 44.55 s, training_loss: 0.684
Epoch   27/50, time: 126.37 s, training_loss: 0.786
Epoch   20/50, time: 13.98 s, val_loss: 0.553
Epoch   27/50, time: 34.92 s, val_loss: 0.786
Epoch   28/50, time: 112.41 s, training_loss: 0.280
Epoch   21/50, time: 38.52 s, training_loss: 0.669
Epoch   25/50, time: 122.79 s, training_loss: 0.485
Epoch   21/50, time: 12.24 s, val_loss: 0.567
Epoch   28/50, time: 34.66 s, val_loss: 0.308
Epoch   25/50, time: 37.46 s, val_loss: 0.471
Training Metrics:
Accuracy: 0.8098
Precision: 0.0779
Recall: 0.8025
F1 Score: 0.1421
IoU: 0.0765
Dice Coefficient: 0.1421
Validation Metrics:
Accuracy: 0.9713
Precision: 0.3707
Recall: 0.7386
F1 Score: 0.4936
IoU: 0.3277
Dice Coefficient: 0.4936
Epoch   28/50, time: 121.27 s, training_loss: 0.784
Epoch   22/50, time: 41.80 s, training_loss: 0.657
Epoch   22/50, time: 12.47 s, val_loss: 0.568
Epoch   28/50, time: 36.17 s, val_loss: 0.784
Epoch   29/50, time: 114.73 s, training_loss: 0.277
Epoch   23/50, time: 35.10 s, training_loss: 0.642
Epoch   29/50, time: 30.59 s, val_loss: 0.294
Epoch   26/50, time: 139.09 s, training_loss: 0.464
Epoch   23/50, time: 13.01 s, val_loss: 0.536
Epoch   26/50, time: 39.04 s, val_loss: 0.527
Epoch   24/50, time: 44.77 s, training_loss: 0.636
Epoch   24/50, time: 13.97 s, val_loss: 0.518
Epoch   29/50, time: 110.28 s, training_loss: 0.781
Epoch   25/50, time: 37.27 s, training_loss: 0.626
Epoch   29/50, time: 37.10 s, val_loss: 0.779
Epoch   30/50, time: 121.52 s, training_loss: 0.268
Epoch   25/50, time: 14.61 s, val_loss: 0.547
Epoch   30/50, time: 35.39 s, val_loss: 0.287
Epoch   26/50, time: 45.44 s, training_loss: 0.611
Epoch   26/50, time: 12.76 s, val_loss: 0.496
Epoch   27/50, time: 142.51 s, training_loss: 0.461
Epoch   27/50, time: 37.77 s, training_loss: 0.594
Epoch   27/50, time: 37.59 s, val_loss: 0.484
Epoch   27/50, time: 13.74 s, val_loss: 0.471
Epoch   30/50, time: 122.43 s, training_loss: 0.779
Epoch   31/50, time: 115.20 s, training_loss: 0.271
Epoch   30/50, time: 42.07 s, val_loss: 0.776
Epoch   28/50, time: 46.99 s, training_loss: 0.581
Epoch   28/50, time: 15.05 s, val_loss: 0.459
Epoch   31/50, time: 33.70 s, val_loss: 0.299
Epoch   29/50, time: 39.67 s, training_loss: 0.567
Epoch   29/50, time: 13.41 s, val_loss: 0.485
Epoch   28/50, time: 136.08 s, training_loss: 0.432
Epoch   30/50, time: 39.39 s, training_loss: 0.556
Epoch   28/50, time: 34.58 s, val_loss: 0.439
Epoch   31/50, time: 118.01 s, training_loss: 0.777
Epoch   30/50, time: 13.86 s, val_loss: 0.443
Epoch   31/50, time: 39.83 s, val_loss: 0.772
Epoch   31/50, time: 41.46 s, training_loss: 0.549
Epoch   31/50, time: 16.10 s, val_loss: 0.461
Training Metrics:
Accuracy: 0.9890
Precision: 0.6987
Recall: 0.7757
F1 Score: 0.7352
IoU: 0.5812
Dice Coefficient: 0.7352
Validation Metrics:
Accuracy: 0.9883
Precision: 0.6741
Recall: 0.7372
F1 Score: 0.7043
IoU: 0.5435
Dice Coefficient: 0.7043
Training Metrics:
Accuracy: 0.8744
Precision: 0.1089
Recall: 0.7516
F1 Score: 0.1902
IoU: 0.1051
Dice Coefficient: 0.1902
Validation Metrics:
Accuracy: 0.9814
Precision: 0.5071
Recall: 0.7050
F1 Score: 0.5899
IoU: 0.4183
Dice Coefficient: 0.5899
Epoch   29/50, time: 141.31 s, training_loss: 0.415
Epoch   29/50, time: 34.30 s, val_loss: 0.503
Epoch   32/50, time: 38.94 s, training_loss: 0.533
Epoch   32/50, time: 14.12 s, val_loss: 0.413
Training Metrics:
Accuracy: 0.9133
Precision: 0.1702
Recall: 0.8825
F1 Score: 0.2854
IoU: 0.1665
Dice Coefficient: 0.2854
Validation Metrics:
Accuracy: 0.9183
Precision: 0.1718
Recall: 0.8658
F1 Score: 0.2868
IoU: 0.1674
Dice Coefficient: 0.2868
Epoch   32/50, time: 113.26 s, training_loss: 0.266
Epoch   33/50, time: 40.69 s, training_loss: 0.525
Epoch   33/50, time: 12.89 s, val_loss: 0.428
Epoch   32/50, time: 35.80 s, val_loss: 0.326
Epoch   34/50, time: 41.37 s, training_loss: 0.506
Epoch   34/50, time: 13.67 s, val_loss: 0.450
Epoch   30/50, time: 134.35 s, training_loss: 0.399
Epoch   32/50, time: 119.05 s, training_loss: 0.774
Epoch   35/50, time: 39.27 s, training_loss: 0.503
Epoch   30/50, time: 37.00 s, val_loss: 0.459
Epoch   35/50, time: 13.20 s, val_loss: 0.386
Epoch   33/50, time: 109.50 s, training_loss: 0.263
Epoch   32/50, time: 30.83 s, val_loss: 0.776
Epoch   36/50, time: 36.46 s, training_loss: 0.496
Epoch   33/50, time: 36.96 s, val_loss: 0.287
Epoch   36/50, time: 15.12 s, val_loss: 0.389
Epoch   37/50, time: 43.40 s, training_loss: 0.486
Epoch   37/50, time: 17.26 s, val_loss: 0.409
Epoch   33/50, time: 114.21 s, training_loss: 0.773
Epoch   31/50, time: 139.12 s, training_loss: 0.389
Epoch   38/50, time: 37.14 s, training_loss: 0.471
Epoch   33/50, time: 33.84 s, val_loss: 0.770
Epoch   34/50, time: 114.26 s, training_loss: 0.249
Epoch   38/50, time: 12.52 s, val_loss: 0.358
Epoch   31/50, time: 36.41 s, val_loss: 0.488
Epoch   34/50, time: 33.68 s, val_loss: 0.279
Epoch   39/50, time: 39.96 s, training_loss: 0.459
Epoch   39/50, time: 15.27 s, val_loss: 0.376
Epoch   40/50, time: 47.83 s, training_loss: 0.451
Epoch   34/50, time: 119.02 s, training_loss: 0.769
Epoch   40/50, time: 13.76 s, val_loss: 0.384
Epoch   34/50, time: 34.98 s, val_loss: 0.768
Epoch   35/50, time: 122.15 s, training_loss: 0.248
Epoch   41/50, time: 40.04 s, training_loss: 0.445
Epoch   41/50, time: 13.14 s, val_loss: 0.387
Epoch   35/50, time: 33.95 s, val_loss: 0.282
Training Metrics:
Accuracy: 0.9777
Precision: 0.4517
Recall: 0.6375
F1 Score: 0.5288
IoU: 0.3594
Dice Coefficient: 0.5288
Validation Metrics:
Accuracy: 0.9788
Precision: 0.4570
Recall: 0.6232
F1 Score: 0.5273
IoU: 0.3581
Dice Coefficient: 0.5273
Training Metrics:
Accuracy: 0.8532
Precision: 0.0964
Recall: 0.7736
F1 Score: 0.1714
IoU: 0.0937
Dice Coefficient: 0.1714
Validation Metrics:
Accuracy: 0.9865
Precision: 0.6246
Recall: 0.7179
F1 Score: 0.6680
IoU: 0.5015
Dice Coefficient: 0.6680
Epoch   35/50, time: 120.01 s, training_loss: 0.766
Epoch   42/50, time: 42.94 s, training_loss: 0.428
Epoch   36/50, time: 110.77 s, training_loss: 0.250
Epoch   42/50, time: 12.62 s, val_loss: 0.402
Epoch   35/50, time: 40.19 s, val_loss: 0.764
Epoch   36/50, time: 32.79 s, val_loss: 0.279
Epoch   43/50, time: 37.66 s, training_loss: 0.430
Epoch   43/50, time: 12.43 s, val_loss: 0.370
Epoch   32/50, time: 133.21 s, training_loss: 0.387
Epoch   44/50, time: 45.30 s, training_loss: 0.423
Epoch   32/50, time: 39.28 s, val_loss: 0.397
Epoch   44/50, time: 14.21 s, val_loss: 0.360
Epoch   36/50, time: 121.17 s, training_loss: 0.764
Epoch   45/50, time: 36.98 s, training_loss: 0.413
Epoch   37/50, time: 120.49 s, training_loss: 0.247
Epoch   45/50, time: 12.47 s, val_loss: 0.415
Epoch   36/50, time: 32.70 s, val_loss: 0.762
Epoch   37/50, time: 32.78 s, val_loss: 0.305
Epoch   46/50, time: 39.38 s, training_loss: 0.400
Epoch   46/50, time: 14.19 s, val_loss: 0.399
Epoch   33/50, time: 128.59 s, training_loss: 0.372
Epoch   47/50, time: 38.57 s, training_loss: 0.398
Epoch   33/50, time: 34.06 s, val_loss: 0.373
Epoch   47/50, time: 14.10 s, val_loss: 0.349
Epoch   37/50, time: 120.50 s, training_loss: 0.761
Epoch   38/50, time: 120.29 s, training_loss: 0.240
Epoch   48/50, time: 40.31 s, training_loss: 0.404
Epoch   37/50, time: 32.93 s, val_loss: 0.757
Epoch   48/50, time: 14.73 s, val_loss: 0.370
Epoch   38/50, time: 39.15 s, val_loss: 0.282
Epoch   49/50, time: 45.42 s, training_loss: 0.398
Epoch   49/50, time: 15.55 s, val_loss: 0.365
Epoch   34/50, time: 140.05 s, training_loss: 0.342
Epoch   50/50, time: 38.40 s, training_loss: 0.385
Epoch   50/50, time: 11.64 s, val_loss: 0.359
Epoch   38/50, time: 119.88 s, training_loss: 0.760
Epoch   34/50, time: 35.12 s, val_loss: 0.366
Epoch   39/50, time: 117.35 s, training_loss: 0.235
Epoch   38/50, time: 33.24 s, val_loss: 0.754
Epoch   39/50, time: 34.14 s, val_loss: 0.273
Training Metrics:
Accuracy: 0.9362
Precision: 0.2073
Recall: 0.7976
F1 Score: 0.3291
IoU: 0.1969
Dice Coefficient: 0.3291
Validation Metrics:
Accuracy: 0.9858
Precision: 0.6018
Recall: 0.7415
F1 Score: 0.6644
IoU: 0.4974
Dice Coefficient: 0.6644
Test Metrics:
Accuracy: 0.9858
Precision: 0.6018
Recall: 0.7415
F1 Score: 0.6644
IoU: 0.4974
Dice Coefficient: 0.6644
