Epoch   43/50, time: 39.79 s, val_loss: 0.298
Epoch    3/50, time: 129.50 s, training_loss: 0.820
Epoch    1/50, time: 128.12 s, training_loss: 0.858
Epoch    1/50, time: 47.75 s, training_loss: 0.852
Epoch    1/50, time: 15.38 s, val_loss: 0.830
Epoch    3/50, time: 37.81 s, val_loss: 0.766
Epoch    1/50, time: 39.36 s, val_loss: 0.796
Epoch   44/50, time: 132.70 s, training_loss: 0.227
Training Metrics:
Accuracy: 0.7870
Precision: 0.0823
Recall: 0.9704
F1 Score: 0.1517
IoU: 0.0821
Dice Coefficient: 0.1517
Validation Metrics:
Accuracy: 0.8472
Precision: 0.1078
Recall: 0.9697
F1 Score: 0.1940
IoU: 0.1074
Dice Coefficient: 0.1940
Epoch   44/50, time: 43.80 s, val_loss: 0.273
Epoch    2/50, time: 49.09 s, training_loss: 0.802
Epoch    2/50, time: 16.10 s, val_loss: 0.796
Epoch    4/50, time: 136.57 s, training_loss: 0.807
Epoch    4/50, time: 39.02 s, val_loss: 0.735
Epoch    3/50, time: 44.29 s, training_loss: 0.781
Epoch    3/50, time: 15.61 s, val_loss: 0.768
Training Metrics:
Accuracy: 0.7534
Precision: 0.0656
Recall: 0.8728
F1 Score: 0.1220
IoU: 0.0649
Dice Coefficient: 0.1220
Validation Metrics:
Accuracy: 0.9121
Precision: 0.1558
Recall: 0.8225
F1 Score: 0.2619
IoU: 0.1507
Dice Coefficient: 0.2619
Epoch    4/50, time: 48.55 s, training_loss: 0.764
Epoch   45/50, time: 133.93 s, training_loss: 0.229
Epoch    4/50, time: 16.39 s, val_loss: 0.768
Epoch   45/50, time: 42.43 s, val_loss: 0.294
Epoch    5/50, time: 47.15 s, training_loss: 0.745
Epoch    5/50, time: 134.67 s, training_loss: 0.791
Epoch    5/50, time: 16.32 s, val_loss: 0.748
Epoch    2/50, time: 131.93 s, training_loss: 0.811
Epoch    5/50, time: 38.42 s, val_loss: 0.737
Epoch    6/50, time: 45.83 s, training_loss: 0.722
Epoch    6/50, time: 15.12 s, val_loss: 0.708
Epoch    2/50, time: 43.23 s, val_loss: 0.778
Epoch   46/50, time: 135.89 s, training_loss: 0.228
Epoch    7/50, time: 53.57 s, training_loss: 0.704
Epoch    7/50, time: 16.61 s, val_loss: 0.681
Epoch   46/50, time: 39.25 s, val_loss: 0.289
Epoch    6/50, time: 131.88 s, training_loss: 0.780
Epoch    8/50, time: 48.77 s, training_loss: 0.685
Epoch    8/50, time: 14.70 s, val_loss: 0.679
Epoch    3/50, time: 133.70 s, training_loss: 0.796
Epoch    6/50, time: 40.92 s, val_loss: 0.706
Epoch    3/50, time: 43.09 s, val_loss: 0.754
Epoch    9/50, time: 47.73 s, training_loss: 0.658
Epoch    9/50, time: 17.20 s, val_loss: 0.636
Epoch   47/50, time: 134.74 s, training_loss: 0.221
Epoch   10/50, time: 48.49 s, training_loss: 0.622
Epoch   47/50, time: 41.61 s, val_loss: 0.271
Epoch   10/50, time: 16.03 s, val_loss: 0.597
Epoch    7/50, time: 137.75 s, training_loss: 0.766
Epoch   11/50, time: 44.98 s, training_loss: 0.592
Epoch    7/50, time: 38.88 s, val_loss: 0.701
Epoch    4/50, time: 139.72 s, training_loss: 0.776
Epoch   11/50, time: 15.53 s, val_loss: 0.572
Epoch    4/50, time: 42.33 s, val_loss: 0.759
Epoch   48/50, time: 128.31 s, training_loss: 0.226
Training Metrics:
Accuracy: 0.9631
Precision: 0.3188
Recall: 0.7759
F1 Score: 0.4520
IoU: 0.2920
Dice Coefficient: 0.4520
Validation Metrics:
Accuracy: 0.9653
Precision: 0.3265
Recall: 0.7815
F1 Score: 0.4606
IoU: 0.2992
Dice Coefficient: 0.4606
Epoch   48/50, time: 40.67 s, val_loss: 0.269
Epoch    8/50, time: 135.99 s, training_loss: 0.751
Epoch   12/50, time: 47.40 s, training_loss: 0.560
Epoch   12/50, time: 16.62 s, val_loss: 0.541
Epoch    8/50, time: 38.94 s, val_loss: 0.675
Epoch    5/50, time: 131.43 s, training_loss: 0.765
Epoch   13/50, time: 45.77 s, training_loss: 0.534
Epoch    5/50, time: 42.32 s, val_loss: 0.727
Epoch   13/50, time: 15.58 s, val_loss: 0.534
Epoch   49/50, time: 129.69 s, training_loss: 0.217
Epoch   14/50, time: 48.92 s, training_loss: 0.500
Epoch   49/50, time: 41.83 s, val_loss: 0.265
Epoch   14/50, time: 15.82 s, val_loss: 0.459
Epoch    9/50, time: 138.69 s, training_loss: 0.726
Epoch   15/50, time: 46.86 s, training_loss: 0.476
Epoch   15/50, time: 14.79 s, val_loss: 0.453
Epoch    9/50, time: 38.74 s, val_loss: 0.652
Epoch    6/50, time: 138.00 s, training_loss: 0.747
Epoch   16/50, time: 48.25 s, training_loss: 0.432
Epoch    6/50, time: 42.03 s, val_loss: 0.733
Epoch   16/50, time: 16.58 s, val_loss: 0.451
Epoch   50/50, time: 130.48 s, training_loss: 0.211
Epoch   50/50, time: 42.78 s, val_loss: 0.267
Epoch   17/50, time: 47.71 s, training_loss: 0.416
Epoch   17/50, time: 17.95 s, val_loss: 0.435
Epoch   10/50, time: 138.92 s, training_loss: 0.703
Epoch   18/50, time: 47.81 s, training_loss: 0.405
Epoch    7/50, time: 131.16 s, training_loss: 0.724
Epoch   10/50, time: 41.90 s, val_loss: 0.631
Epoch   18/50, time: 15.96 s, val_loss: 0.377
Epoch    7/50, time: 42.12 s, val_loss: 0.719
Epoch   19/50, time: 47.33 s, training_loss: 0.366
Epoch   19/50, time: 15.55 s, val_loss: 0.386
Epoch   20/50, time: 46.90 s, training_loss: 0.362
Training Metrics:
Accuracy: 0.9916
Precision: 0.7638
Recall: 0.8245
F1 Score: 0.7930
IoU: 0.6570
Dice Coefficient: 0.7930
Validation Metrics:
Accuracy: 0.9897
Precision: 0.7168
Recall: 0.7554
F1 Score: 0.7356
IoU: 0.5818
Dice Coefficient: 0.7356
Epoch   11/50, time: 129.72 s, training_loss: 0.672
Epoch   20/50, time: 14.39 s, val_loss: 0.410
Epoch   11/50, time: 37.41 s, val_loss: 0.587
Epoch    8/50, time: 132.74 s, training_loss: 0.702
Epoch   21/50, time: 40.62 s, training_loss: 0.356
Test Metrics:
Accuracy: 0.9897
Precision: 0.7168
Recall: 0.7554
F1 Score: 0.7356
IoU: 0.5818
Dice Coefficient: 0.7356
[I 2025-08-05 23:47:19,762] Trial 26 finished with value: 0.7355997265038252 and parameters: {'batch_size': 16, 'lr': 0.00015060126318411425, 'loss_fn': 'dice_loss', 'augmentation': True, 'filters_idx': 3, 'in_channels': 400, 'att_channels': 16}. Best is trial 8 with value: 0.7411194148943364.
wandb: Finishing previous runs because reinit is set to True.
