Epoch    9/50, time: 34.55 s, val_loss: 0.765
Epoch   46/50, time: 125.69 s, training_loss: 0.298
Epoch   46/50, time: 41.98 s, val_loss: 0.371
Training Metrics:
Accuracy: 0.9180
Precision: 0.1826
Recall: 0.9145
F1 Score: 0.3044
IoU: 0.1795
Dice Coefficient: 0.3044
Validation Metrics:
Accuracy: 0.9249
Precision: 0.1885
Recall: 0.8952
F1 Score: 0.3114
IoU: 0.1844
Dice Coefficient: 0.3114
Epoch    1/50, time: 159.03 s, training_loss: 0.941
Epoch   10/50, time: 156.24 s, training_loss: 0.808
Test Metrics:
Accuracy: 0.9249
Precision: 0.1885
Recall: 0.8952
F1 Score: 0.3114
IoU: 0.1844
Dice Coefficient: 0.3114
wandb: uploading output.log
wandb:
wandb: 🚀 View run trial_2_bs32_lr3e-05_dice_loss at: https://wandb.ai/sethih10-epfl/Posnet_50epochs_just_aug/runs/dll73uf1
wandb: ⭐️ View project at: https://wandb.ai/sethih10-epfl/Posnet_50epochs_just_aug
wandb: Synced 5 W&B file(s), 0 media file(s), 0 artifact file(s) and 0 other file(s)
wandb: Find logs at: ./wandb/run-20250825_112332-dll73uf1/logs
[I 2025-08-25 13:54:20,578] Trial 2 finished with value: 0.31143263107027197 and parameters: {'batch_size': 32, 'lr': 3.440163234896975e-05, 'loss_fn': 'dice_loss', 'augmentation': True, 'filters_idx': 0, 'in_channels': 400, 'att_channels': 16}. Best is trial 0 with value: 0.7461933759581068.
wandb: Finishing previous runs because reinit is set to True.
