Epoch   13/50, time: 35.25 s, val_loss: 0.745
Epoch    4/50, time: 160.89 s, training_loss: 0.880
Epoch    1/50, time: 127.57 s, training_loss: 0.921
Epoch    4/50, time: 31.82 s, val_loss: 0.948
Epoch    5/50, time: 155.80 s, training_loss: 0.894
Epoch    1/50, time: 29.86 s, val_loss: 0.958
Epoch   14/50, time: 163.08 s, training_loss: 0.799
Epoch    5/50, time: 34.92 s, val_loss: 0.851
Epoch   14/50, time: 35.29 s, val_loss: 0.743
Epoch    5/50, time: 153.18 s, training_loss: 0.873
Epoch    5/50, time: 29.85 s, val_loss: 0.937
Training Metrics:
Accuracy: 0.9763
Precision: 0.1508
Recall: 0.0443
F1 Score: 0.0684
IoU: 0.0354
Dice Coefficient: 0.0684
Validation Metrics:
Accuracy: 0.9740
Precision: 0.1522
Recall: 0.0813
F1 Score: 0.1060
IoU: 0.0560
Dice Coefficient: 0.1060
Epoch    6/50, time: 154.85 s, training_loss: 0.887
Epoch   15/50, time: 156.77 s, training_loss: 0.795
Epoch    6/50, time: 34.61 s, val_loss: 0.828
Epoch   15/50, time: 44.78 s, val_loss: 0.748
Epoch    2/50, time: 134.15 s, training_loss: 0.893
Epoch    2/50, time: 31.82 s, val_loss: 0.932
Epoch    6/50, time: 176.81 s, training_loss: 0.869
Epoch    6/50, time: 32.55 s, val_loss: 0.939
Epoch    7/50, time: 167.41 s, training_loss: 0.879
Epoch    7/50, time: 43.13 s, val_loss: 0.811
Epoch   16/50, time: 177.86 s, training_loss: 0.793
Epoch   16/50, time: 34.47 s, val_loss: 0.734
Epoch    3/50, time: 136.96 s, training_loss: 0.876
Epoch    3/50, time: 30.59 s, val_loss: 0.940
Epoch    7/50, time: 162.68 s, training_loss: 0.862
Epoch    7/50, time: 34.73 s, val_loss: 0.934
Epoch    8/50, time: 165.23 s, training_loss: 0.873
Epoch   17/50, time: 157.47 s, training_loss: 0.789
Epoch    8/50, time: 33.28 s, val_loss: 0.804
Epoch    4/50, time: 125.34 s, training_loss: 0.866
Epoch   17/50, time: 34.16 s, val_loss: 0.736
Epoch    4/50, time: 34.14 s, val_loss: 0.950
Epoch    8/50, time: 150.65 s, training_loss: 0.858
Epoch    8/50, time: 34.35 s, val_loss: 0.905
Epoch    9/50, time: 160.03 s, training_loss: 0.870
Epoch    5/50, time: 126.92 s, training_loss: 0.857
Epoch   18/50, time: 155.47 s, training_loss: 0.787
Epoch    9/50, time: 31.29 s, val_loss: 0.807
Epoch    5/50, time: 37.25 s, val_loss: 0.952
Epoch   18/50, time: 43.18 s, val_loss: 0.736
Epoch    9/50, time: 188.35 s, training_loss: 0.852
Epoch   10/50, time: 164.39 s, training_loss: 0.865
Epoch    9/50, time: 31.62 s, val_loss: 0.916
Epoch    6/50, time: 144.88 s, training_loss: 0.852
Epoch   19/50, time: 157.51 s, training_loss: 0.781
Epoch   10/50, time: 38.41 s, val_loss: 0.794
Epoch    6/50, time: 36.82 s, val_loss: 0.943
Epoch   19/50, time: 39.20 s, val_loss: 0.738
Epoch   10/50, time: 173.91 s, training_loss: 0.848
Epoch    7/50, time: 144.66 s, training_loss: 0.851
Epoch   10/50, time: 33.36 s, val_loss: 0.886
Epoch    7/50, time: 30.77 s, val_loss: 0.927
Epoch   11/50, time: 185.77 s, training_loss: 0.861
Epoch   20/50, time: 168.79 s, training_loss: 0.778
Epoch   11/50, time: 42.23 s, val_loss: 0.787
Epoch   20/50, time: 32.19 s, val_loss: 0.716
Epoch    8/50, time: 130.57 s, training_loss: 0.844
Epoch   11/50, time: 165.38 s, training_loss: 0.846
Epoch    8/50, time: 34.88 s, val_loss: 0.923
Epoch   11/50, time: 32.57 s, val_loss: 0.932
Epoch   21/50, time: 153.29 s, training_loss: 0.773
Epoch   21/50, time: 36.01 s, val_loss: 0.718
Training Metrics:
Accuracy: 0.5712
Precision: 0.0403
Recall: 0.9125
F1 Score: 0.0771
IoU: 0.0401
Dice Coefficient: 0.0771
Validation Metrics:
Accuracy: 0.9134
Precision: 0.1619
Recall: 0.8529
F1 Score: 0.2721
IoU: 0.1575
Dice Coefficient: 0.2721
Epoch    9/50, time: 125.97 s, training_loss: 0.838
