Epoch   22/50, time: 12.59 s, val_loss: 0.523
Epoch    1/50, time: 41.76 s, training_loss: 0.876
Epoch   19/50, time: 44.78 s, training_loss: 0.445
Epoch   23/50, time: 46.83 s, training_loss: 0.598
Epoch    1/50, time: 11.30 s, val_loss: 0.907
Epoch   19/50, time: 11.98 s, val_loss: 0.438
Epoch   23/50, time: 12.33 s, val_loss: 0.514
Epoch   20/50, time: 44.72 s, training_loss: 0.426
Epoch   24/50, time: 45.90 s, training_loss: 0.569
Epoch   20/50, time: 11.97 s, val_loss: 0.419
Epoch   24/50, time: 11.84 s, val_loss: 0.502
Training Metrics:
Accuracy: 0.5861
Precision: 0.0433
Recall: 0.9532
F1 Score: 0.0829
IoU: 0.0432
Dice Coefficient: 0.0829
Validation Metrics:
Accuracy: 0.5974
Precision: 0.0424
Recall: 0.9373
F1 Score: 0.0812
IoU: 0.0423
Dice Coefficient: 0.0812
Epoch   21/50, time: 42.52 s, training_loss: 0.400
Epoch    2/50, time: 40.79 s, training_loss: 0.824
Epoch   25/50, time: 46.50 s, training_loss: 0.552
Epoch   21/50, time: 12.04 s, val_loss: 0.407
Epoch    2/50, time: 12.35 s, val_loss: 0.837
Epoch   25/50, time: 13.06 s, val_loss: 0.469
Epoch    3/50, time: 40.59 s, training_loss: 0.793
Epoch   26/50, time: 44.86 s, training_loss: 0.544
Epoch    3/50, time: 11.50 s, val_loss: 0.776
Epoch   26/50, time: 12.43 s, val_loss: 0.517
Training Metrics:
Accuracy: 0.9833
Precision: 0.5632
Recall: 0.6704
F1 Score: 0.6121
IoU: 0.4411
Dice Coefficient: 0.6121
Validation Metrics:
Accuracy: 0.9842
Precision: 0.5717
Recall: 0.6677
F1 Score: 0.6160
IoU: 0.4450
Dice Coefficient: 0.6160
Epoch    4/50, time: 39.13 s, training_loss: 0.761
Epoch    4/50, time: 12.75 s, val_loss: 0.745
Epoch   27/50, time: 45.51 s, training_loss: 0.533
Epoch   22/50, time: 42.87 s, training_loss: 0.392
Epoch   27/50, time: 12.91 s, val_loss: 0.456
Epoch   22/50, time: 12.92 s, val_loss: 0.388
Epoch    5/50, time: 40.28 s, training_loss: 0.729
Epoch    5/50, time: 13.05 s, val_loss: 0.710
Epoch   28/50, time: 45.31 s, training_loss: 0.504
Epoch   23/50, time: 44.01 s, training_loss: 0.368
Epoch   28/50, time: 12.87 s, val_loss: 0.465
Epoch   23/50, time: 12.83 s, val_loss: 0.385
Epoch    6/50, time: 37.15 s, training_loss: 0.696
Epoch    6/50, time: 13.83 s, val_loss: 0.688
Epoch   24/50, time: 42.20 s, training_loss: 0.369
Epoch   29/50, time: 45.33 s, training_loss: 0.491
Epoch   24/50, time: 13.12 s, val_loss: 0.359
Epoch   29/50, time: 12.84 s, val_loss: 0.397
Epoch    7/50, time: 39.74 s, training_loss: 0.650
Epoch    7/50, time: 13.93 s, val_loss: 0.639
Epoch   25/50, time: 42.38 s, training_loss: 0.343
Epoch   30/50, time: 45.03 s, training_loss: 0.483
Epoch   25/50, time: 12.69 s, val_loss: 0.373
Epoch   30/50, time: 12.76 s, val_loss: 0.449
Epoch    8/50, time: 37.27 s, training_loss: 0.611
Epoch    8/50, time: 13.80 s, val_loss: 0.567
Epoch   26/50, time: 43.57 s, training_loss: 0.339
Epoch   31/50, time: 45.78 s, training_loss: 0.475
Epoch   26/50, time: 12.40 s, val_loss: 0.336
Epoch    9/50, time: 36.53 s, training_loss: 0.566
Epoch   31/50, time: 12.68 s, val_loss: 0.417
Epoch    9/50, time: 13.50 s, val_loss: 0.552
Epoch   27/50, time: 42.82 s, training_loss: 0.328
Epoch   27/50, time: 12.53 s, val_loss: 0.336
Epoch   10/50, time: 38.16 s, training_loss: 0.526
Epoch   10/50, time: 12.06 s, val_loss: 0.503
Training Metrics:
Accuracy: 0.8450
Precision: 0.0909
Recall: 0.7660
F1 Score: 0.1625
IoU: 0.0884
Dice Coefficient: 0.1625
Validation Metrics:
Accuracy: 0.9840
Precision: 0.5620
Recall: 0.7024
F1 Score: 0.6244
IoU: 0.4539
Dice Coefficient: 0.6244
Epoch   28/50, time: 39.16 s, training_loss: 0.326
Epoch   11/50, time: 37.78 s, training_loss: 0.498
Epoch   28/50, time: 14.08 s, val_loss: 0.364
Epoch   11/50, time: 12.99 s, val_loss: 0.505
Epoch   32/50, time: 45.15 s, training_loss: 0.471
Epoch   32/50, time: 14.34 s, val_loss: 0.428
Epoch   29/50, time: 41.40 s, training_loss: 0.316
Epoch   29/50, time: 13.25 s, val_loss: 0.408
Epoch   33/50, time: 42.18 s, training_loss: 0.460
Training Metrics:
Accuracy: 0.9771
Precision: 0.4346
Recall: 0.5500
F1 Score: 0.4856
IoU: 0.3206
Dice Coefficient: 0.4856
Validation Metrics:
Accuracy: 0.9786
Precision: 0.4498
Recall: 0.5706
F1 Score: 0.5031
IoU: 0.3361
Dice Coefficient: 0.5031
Epoch   33/50, time: 13.08 s, val_loss: 0.403
Epoch   30/50, time: 36.56 s, training_loss: 0.311
Epoch   30/50, time: 14.27 s, val_loss: 0.335
Epoch   12/50, time: 39.30 s, training_loss: 0.468
Epoch   12/50, time: 12.95 s, val_loss: 0.429
Epoch   34/50, time: 45.08 s, training_loss: 0.462
Epoch   31/50, time: 41.28 s, training_loss: 0.300
Epoch   34/50, time: 12.78 s, val_loss: 0.365
Epoch   31/50, time: 13.87 s, val_loss: 0.341
Epoch   13/50, time: 39.53 s, training_loss: 0.441
Epoch   13/50, time: 13.22 s, val_loss: 0.533
Epoch   35/50, time: 44.37 s, training_loss: 0.436
Epoch   35/50, time: 12.82 s, val_loss: 0.381
Epoch   14/50, time: 37.89 s, training_loss: 0.419
Training Metrics:
Accuracy: 0.9863
Precision: 0.6289
Recall: 0.7419
F1 Score: 0.6808
IoU: 0.5160
Dice Coefficient: 0.6808
Validation Metrics:
Accuracy: 0.9866
Precision: 0.6277
Recall: 0.7278
F1 Score: 0.6740
IoU: 0.5083
Dice Coefficient: 0.6740
Epoch   14/50, time: 12.10 s, val_loss: 0.484
Epoch   36/50, time: 42.28 s, training_loss: 0.430
Epoch   36/50, time: 14.06 s, val_loss: 0.388
Epoch   15/50, time: 39.67 s, training_loss: 0.397
Epoch   32/50, time: 43.43 s, training_loss: 0.299
Epoch   15/50, time: 12.89 s, val_loss: 0.421
Epoch   32/50, time: 13.16 s, val_loss: 0.341
Epoch   37/50, time: 42.25 s, training_loss: 0.416
Epoch   37/50, time: 14.34 s, val_loss: 0.351
Epoch   16/50, time: 39.82 s, training_loss: 0.384
Epoch   33/50, time: 43.09 s, training_loss: 0.309
Epoch   16/50, time: 12.64 s, val_loss: 0.356
Epoch   33/50, time: 13.04 s, val_loss: 0.305
Epoch   38/50, time: 43.44 s, training_loss: 0.396
Epoch   38/50, time: 14.29 s, val_loss: 0.350
Epoch   17/50, time: 39.72 s, training_loss: 0.362
Epoch   34/50, time: 43.42 s, training_loss: 0.296
Epoch   17/50, time: 12.18 s, val_loss: 0.353
Epoch   34/50, time: 13.80 s, val_loss: 0.302
Epoch   39/50, time: 45.84 s, training_loss: 0.394
Epoch   18/50, time: 38.10 s, training_loss: 0.355
Epoch   39/50, time: 13.38 s, val_loss: 0.350
Epoch   18/50, time: 12.38 s, val_loss: 0.362
Epoch   35/50, time: 41.62 s, training_loss: 0.279
Epoch   35/50, time: 14.41 s, val_loss: 0.295
Epoch   40/50, time: 46.68 s, training_loss: 0.384
Epoch   19/50, time: 38.46 s, training_loss: 0.343
Epoch   40/50, time: 13.10 s, val_loss: 0.412
Epoch   19/50, time: 12.90 s, val_loss: 0.342
Epoch   36/50, time: 40.83 s, training_loss: 0.278
Epoch   36/50, time: 14.28 s, val_loss: 0.290
Epoch   20/50, time: 38.95 s, training_loss: 0.344
Epoch   41/50, time: 45.31 s, training_loss: 0.387
Epoch   20/50, time: 12.68 s, val_loss: 0.333
Epoch   41/50, time: 12.64 s, val_loss: 0.362
Epoch   37/50, time: 39.77 s, training_loss: 0.272
Epoch   37/50, time: 14.11 s, val_loss: 0.272
Epoch   21/50, time: 39.01 s, training_loss: 0.333
Epoch   21/50, time: 13.21 s, val_loss: 0.318
Epoch   38/50, time: 41.20 s, training_loss: 0.265
Epoch   38/50, time: 13.28 s, val_loss: 0.353
Training Metrics:
Accuracy: 0.9600
Precision: 0.2918
Recall: 0.7259
F1 Score: 0.4162
IoU: 0.2628
Dice Coefficient: 0.4162
Validation Metrics:
Accuracy: 0.9866
Precision: 0.6339
Recall: 0.6976
F1 Score: 0.6642
IoU: 0.4973
Dice Coefficient: 0.6642
Epoch   39/50, time: 40.55 s, training_loss: 0.271
Training Metrics:
Accuracy: 0.9870
Precision: 0.6437
Recall: 0.7557
F1 Score: 0.6952
IoU: 0.5328
Dice Coefficient: 0.6952
Validation Metrics:
Accuracy: 0.9872
Precision: 0.6391
Recall: 0.7422
F1 Score: 0.6868
IoU: 0.5230
Dice Coefficient: 0.6868
Epoch   42/50, time: 42.38 s, training_loss: 0.383
Epoch   39/50, time: 12.53 s, val_loss: 0.310
Epoch   42/50, time: 13.61 s, val_loss: 0.403
Epoch   22/50, time: 40.12 s, training_loss: 0.323
Epoch   40/50, time: 41.87 s, training_loss: 0.267
Epoch   22/50, time: 13.22 s, val_loss: 0.351
Epoch   40/50, time: 12.79 s, val_loss: 0.336
Epoch   43/50, time: 45.53 s, training_loss: 0.398
Epoch   43/50, time: 14.15 s, val_loss: 0.337
Epoch   23/50, time: 37.27 s, training_loss: 0.315
Epoch   23/50, time: 13.60 s, val_loss: 0.325
Epoch   41/50, time: 42.17 s, training_loss: 0.259
Epoch   41/50, time: 13.10 s, val_loss: 0.301
Epoch   44/50, time: 44.15 s, training_loss: 0.387
Epoch   44/50, time: 14.27 s, val_loss: 0.322
Epoch   24/50, time: 38.36 s, training_loss: 0.305
Epoch   24/50, time: 14.11 s, val_loss: 0.302
Epoch   45/50, time: 42.68 s, training_loss: 0.355
Epoch   25/50, time: 35.88 s, training_loss: 0.298
Epoch   45/50, time: 12.23 s, val_loss: 0.339
Training Metrics:
Accuracy: 0.9884
Precision: 0.6789
Recall: 0.7743
F1 Score: 0.7234
IoU: 0.5667
Dice Coefficient: 0.7234
Validation Metrics:
Accuracy: 0.9882
Precision: 0.6692
Recall: 0.7497
F1 Score: 0.7072
IoU: 0.5470
Dice Coefficient: 0.7072
Epoch   25/50, time: 12.99 s, val_loss: 0.299
Epoch   42/50, time: 42.83 s, training_loss: 0.257
Epoch   46/50, time: 46.18 s, training_loss: 0.344
Epoch   26/50, time: 38.68 s, training_loss: 0.295
Epoch   42/50, time: 12.30 s, val_loss: 0.296
Epoch   46/50, time: 12.20 s, val_loss: 0.353
Epoch   26/50, time: 12.02 s, val_loss: 0.301
Epoch   43/50, time: 42.95 s, training_loss: 0.250
Epoch   27/50, time: 39.79 s, training_loss: 0.282
Epoch   47/50, time: 45.80 s, training_loss: 0.355
Epoch   43/50, time: 12.13 s, val_loss: 0.269
Epoch   27/50, time: 11.76 s, val_loss: 0.314
Epoch   47/50, time: 12.03 s, val_loss: 0.300
Epoch   28/50, time: 40.89 s, training_loss: 0.286
Epoch   44/50, time: 44.18 s, training_loss: 0.256
Epoch   48/50, time: 46.59 s, training_loss: 0.328
Epoch   28/50, time: 11.83 s, val_loss: 0.290
Epoch   44/50, time: 11.93 s, val_loss: 0.282
Epoch   48/50, time: 12.62 s, val_loss: 0.357
Epoch   29/50, time: 40.47 s, training_loss: 0.276
Epoch   45/50, time: 43.99 s, training_loss: 0.245
Epoch   29/50, time: 12.12 s, val_loss: 0.315
Epoch   49/50, time: 44.87 s, training_loss: 0.327
Epoch   45/50, time: 12.02 s, val_loss: 0.289
Epoch   49/50, time: 13.32 s, val_loss: 0.313
Epoch   30/50, time: 41.23 s, training_loss: 0.273
Epoch   46/50, time: 43.94 s, training_loss: 0.245
Epoch   30/50, time: 12.02 s, val_loss: 0.280
Epoch   50/50, time: 44.28 s, training_loss: 0.324
Epoch   46/50, time: 12.28 s, val_loss: 0.254
Epoch   50/50, time: 14.00 s, val_loss: 0.393
Epoch   31/50, time: 39.54 s, training_loss: 0.283
Epoch   47/50, time: 41.90 s, training_loss: 0.240
Epoch   31/50, time: 13.06 s, val_loss: 0.299
Epoch   47/50, time: 13.03 s, val_loss: 0.262
Training Metrics:
Accuracy: 0.9371
Precision: 0.1972
Recall: 0.7174
F1 Score: 0.3094
IoU: 0.1830
Dice Coefficient: 0.3094
Validation Metrics:
Accuracy: 0.9831
Precision: 0.5455
Recall: 0.6690
F1 Score: 0.6010
IoU: 0.4296
Dice Coefficient: 0.6010
Epoch   48/50, time: 38.82 s, training_loss: 0.237
Epoch   48/50, time: 11.89 s, val_loss: 0.257
Test Metrics:
Accuracy: 0.9831
Precision: 0.5455
Recall: 0.6690
F1 Score: 0.6010
IoU: 0.4296
Dice Coefficient: 0.6010
[I 2025-08-23 04:56:56,550] Trial 32 finished with value: 0.6009888426170805 and parameters: {'batch_size': 64, 'lr': 0.0001558605895053276, 'loss_fn': 'dice_loss', 'augmentation': True, 'filters_idx': 3, 'in_channels': 100, 'att_channels': 16}. Best is trial 27 with value: 0.7710798005055088.
wandb: Finishing previous runs because reinit is set to True.
