Epoch   34/50, time: 18.45 s, val_loss: 0.370
Epoch   19/50, time: 65.80 s, training_loss: 0.714
Epoch   19/50, time: 12.85 s, val_loss: 0.749
Epoch   11/50, time: 62.37 s, training_loss: 0.789
Epoch    1/50, time: 60.06 s, training_loss: 0.920
Epoch   35/50, time: 47.55 s, training_loss: 0.374
Epoch   11/50, time: 15.40 s, val_loss: 0.782
Epoch    1/50, time: 17.23 s, val_loss: 0.950
Epoch   35/50, time: 17.04 s, val_loss: 0.409
Epoch   20/50, time: 59.16 s, training_loss: 0.703
Epoch   20/50, time: 15.15 s, val_loss: 0.699
Epoch   36/50, time: 49.81 s, training_loss: 0.363
Epoch   36/50, time: 13.56 s, val_loss: 0.421
Training Metrics:
Accuracy: 0.9695
Precision: 0.1616
Recall: 0.1318
F1 Score: 0.1452
IoU: 0.0783
Dice Coefficient: 0.1452
Validation Metrics:
Accuracy: 0.9603
Precision: 0.1618
Recall: 0.2620
F1 Score: 0.2000
IoU: 0.1111
Dice Coefficient: 0.2000
Training Metrics:
Accuracy: 0.7495
Precision: 0.0703
Recall: 0.9615
F1 Score: 0.1309
IoU: 0.0701
Dice Coefficient: 0.1309
Validation Metrics:
Accuracy: 0.8877
Precision: 0.1422
Recall: 0.9777
F1 Score: 0.2482
IoU: 0.1417
Dice Coefficient: 0.2482
Epoch   21/50, time: 55.82 s, training_loss: 0.695
Epoch   37/50, time: 43.41 s, training_loss: 0.333
Epoch   21/50, time: 14.29 s, val_loss: 0.673
Epoch   37/50, time: 15.13 s, val_loss: 0.499
Epoch    2/50, time: 54.90 s, training_loss: 0.890
Epoch   12/50, time: 60.11 s, training_loss: 0.783
Epoch    2/50, time: 13.29 s, val_loss: 0.914
Epoch   12/50, time: 13.50 s, val_loss: 0.741
Epoch   38/50, time: 48.97 s, training_loss: 0.347
Epoch   38/50, time: 17.72 s, val_loss: 0.358
Training Metrics:
Accuracy: 0.9355
Precision: 0.2137
Recall: 0.8536
F1 Score: 0.3418
IoU: 0.2061
Dice Coefficient: 0.3418
Validation Metrics:
Accuracy: 0.9439
Precision: 0.2273
Recall: 0.8158
F1 Score: 0.3555
IoU: 0.2162
Dice Coefficient: 0.3555
Epoch    3/50, time: 56.48 s, training_loss: 0.878
Epoch   13/50, time: 53.22 s, training_loss: 0.776
Epoch    3/50, time: 16.69 s, val_loss: 0.887
Epoch   39/50, time: 43.40 s, training_loss: 0.313
Epoch   13/50, time: 13.92 s, val_loss: 0.780
Epoch   39/50, time: 12.89 s, val_loss: 0.384
Epoch   22/50, time: 61.55 s, training_loss: 0.687
Epoch   22/50, time: 12.61 s, val_loss: 0.697
Epoch   14/50, time: 55.44 s, training_loss: 0.785
Epoch    4/50, time: 60.11 s, training_loss: 0.866
Epoch   40/50, time: 46.81 s, training_loss: 0.323
Epoch   14/50, time: 13.73 s, val_loss: 0.731
Epoch    4/50, time: 13.35 s, val_loss: 0.851
Epoch   40/50, time: 14.23 s, val_loss: 0.367
Epoch   23/50, time: 58.52 s, training_loss: 0.679
Epoch   23/50, time: 12.02 s, val_loss: 0.639
Epoch   41/50, time: 48.51 s, training_loss: 0.310
Epoch   15/50, time: 55.87 s, training_loss: 0.780
Epoch    5/50, time: 56.77 s, training_loss: 0.859
Epoch   41/50, time: 12.38 s, val_loss: 0.316
Epoch   15/50, time: 13.79 s, val_loss: 0.744
Epoch    5/50, time: 14.68 s, val_loss: 0.821
Epoch   24/50, time: 59.03 s, training_loss: 0.663
Epoch   24/50, time: 11.84 s, val_loss: 0.655
Epoch    6/50, time: 51.75 s, training_loss: 0.851
Epoch   16/50, time: 56.47 s, training_loss: 0.775
Epoch    6/50, time: 13.24 s, val_loss: 0.826
Epoch   16/50, time: 13.18 s, val_loss: 0.726
Training Metrics:
Accuracy: 0.9868
Precision: 0.6311
Recall: 0.7944
F1 Score: 0.7034
IoU: 0.5425
Dice Coefficient: 0.7034
Validation Metrics:
Accuracy: 0.9869
Precision: 0.6276
Recall: 0.7617
F1 Score: 0.6882
IoU: 0.5246
Dice Coefficient: 0.6882
Epoch   25/50, time: 59.75 s, training_loss: 0.653
Epoch   42/50, time: 47.22 s, training_loss: 0.298
Epoch   25/50, time: 11.84 s, val_loss: 0.628
Epoch    7/50, time: 60.00 s, training_loss: 0.849
Epoch   17/50, time: 59.59 s, training_loss: 0.770
Epoch   42/50, time: 12.20 s, val_loss: 0.376
Epoch    7/50, time: 19.86 s, val_loss: 0.799
Epoch   17/50, time: 20.11 s, val_loss: 0.732
Epoch   43/50, time: 48.22 s, training_loss: 0.297
Epoch   26/50, time: 64.90 s, training_loss: 0.644
Epoch   43/50, time: 12.07 s, val_loss: 0.361
Epoch    8/50, time: 51.77 s, training_loss: 0.840
Epoch   18/50, time: 52.25 s, training_loss: 0.757
Epoch   26/50, time: 12.62 s, val_loss: 0.609
Epoch    8/50, time: 13.53 s, val_loss: 0.798
Epoch   18/50, time: 15.28 s, val_loss: 0.720
Epoch   44/50, time: 44.47 s, training_loss: 0.309
Epoch   44/50, time: 12.54 s, val_loss: 0.313
Epoch   27/50, time: 54.87 s, training_loss: 0.633
Epoch    9/50, time: 52.39 s, training_loss: 0.837
Epoch   27/50, time: 13.07 s, val_loss: 0.644
Epoch   19/50, time: 54.90 s, training_loss: 0.760
Epoch    9/50, time: 14.29 s, val_loss: 0.792
Epoch   19/50, time: 13.73 s, val_loss: 0.731
Epoch   45/50, time: 46.57 s, training_loss: 0.298
Epoch   45/50, time: 15.00 s, val_loss: 0.343
Epoch   28/50, time: 57.31 s, training_loss: 0.616
Epoch   10/50, time: 53.52 s, training_loss: 0.831
Epoch   20/50, time: 52.27 s, training_loss: 0.753
Epoch   28/50, time: 12.94 s, val_loss: 0.617
Epoch   10/50, time: 13.13 s, val_loss: 0.795
Epoch   20/50, time: 14.17 s, val_loss: 0.735
Epoch   46/50, time: 44.20 s, training_loss: 0.283
Epoch   46/50, time: 22.29 s, val_loss: 0.344
Epoch   29/50, time: 60.37 s, training_loss: 0.600
Epoch   11/50, time: 59.77 s, training_loss: 0.825
Epoch   21/50, time: 58.32 s, training_loss: 0.745
Epoch   29/50, time: 13.20 s, val_loss: 0.656
Epoch   47/50, time: 42.39 s, training_loss: 0.287
Epoch   11/50, time: 12.41 s, val_loss: 0.776
Epoch   21/50, time: 13.76 s, val_loss: 0.704
Epoch   47/50, time: 18.05 s, val_loss: 0.307
Epoch   30/50, time: 59.30 s, training_loss: 0.597
Epoch   48/50, time: 43.77 s, training_loss: 0.307
Epoch   30/50, time: 12.51 s, val_loss: 0.569
Epoch   48/50, time: 12.98 s, val_loss: 0.294
Training Metrics:
Accuracy: 0.7616
Precision: 0.0696
Recall: 0.9016
F1 Score: 0.1292
IoU: 0.0691
Dice Coefficient: 0.1292
Validation Metrics:
Accuracy: 0.9185
Precision: 0.1726
Recall: 0.8694
F1 Score: 0.2880
IoU: 0.1682
Dice Coefficient: 0.2880
Training Metrics:
Accuracy: 0.8782
Precision: 0.1039
Recall: 0.6831
F1 Score: 0.1804
IoU: 0.0992
Dice Coefficient: 0.1804
Validation Metrics:
Accuracy: 0.9436
Precision: 0.2063
Recall: 0.6935
F1 Score: 0.3180
IoU: 0.1891
Dice Coefficient: 0.3180
Epoch   49/50, time: 48.85 s, training_loss: 0.275
Epoch   31/50, time: 60.19 s, training_loss: 0.572
Epoch   49/50, time: 13.02 s, val_loss: 0.330
Epoch   31/50, time: 13.29 s, val_loss: 0.586
Epoch   12/50, time: 59.28 s, training_loss: 0.825
Epoch   22/50, time: 61.64 s, training_loss: 0.735
Epoch   12/50, time: 17.90 s, val_loss: 0.808
Epoch   22/50, time: 13.58 s, val_loss: 0.714
Epoch   50/50, time: 43.53 s, training_loss: 0.271
Epoch   50/50, time: 19.45 s, val_loss: 0.283
Epoch   13/50, time: 60.87 s, training_loss: 0.823
Epoch   23/50, time: 61.18 s, training_loss: 0.727
Epoch   13/50, time: 12.35 s, val_loss: 0.768
Training Metrics:
Accuracy: 0.9691
Precision: 0.3377
Recall: 0.5980
F1 Score: 0.4316
IoU: 0.2752
Dice Coefficient: 0.4316
Validation Metrics:
Accuracy: 0.9720
Precision: 0.3566
Recall: 0.5919
F1 Score: 0.4451
IoU: 0.2862
Dice Coefficient: 0.4451
Epoch   23/50, time: 12.87 s, val_loss: 0.715
Training Metrics:
Accuracy: 0.9895
Precision: 0.7179
Recall: 0.7674
F1 Score: 0.7418
IoU: 0.5896
Dice Coefficient: 0.7418
Validation Metrics:
Accuracy: 0.9891
Precision: 0.7010
Recall: 0.7446
F1 Score: 0.7222
IoU: 0.5651
Dice Coefficient: 0.7222
Test Metrics:
Accuracy: 0.9891
Precision: 0.7010
Recall: 0.7446
F1 Score: 0.7222
IoU: 0.5651
Dice Coefficient: 0.7222
[I 2025-08-26 06:31:18,818] Trial 40 finished with value: 0.7221502061061027 and parameters: {'batch_size': 64, 'lr': 0.00025947200722181636, 'loss_fn': 'dice_loss', 'augmentation': True, 'filters_idx': 3, 'in_channels': 100, 'att_channels': 16}. Best is trial 30 with value: 0.7679260845489291.
wandb: Finishing previous runs because reinit is set to True.
