Epoch   26/50, time: 42.67 s, training_loss: 0.290
Epoch   44/50, time: 17.01 s, val_loss: 0.250
Epoch   26/50, time: 16.69 s, val_loss: 0.298
Epoch    1/50, time: 38.77 s, training_loss: 0.851
Epoch   45/50, time: 38.51 s, training_loss: 0.222
Epoch    1/50, time: 14.01 s, val_loss: 0.838
Epoch   45/50, time: 15.07 s, val_loss: 0.242
Epoch   27/50, time: 40.16 s, training_loss: 0.281
Training Metrics:
Accuracy: 0.9730
Precision: 0.3939
Recall: 0.6950
F1 Score: 0.5028
IoU: 0.3359
Dice Coefficient: 0.5028
Validation Metrics:
Accuracy: 0.9752
Precision: 0.4079
Recall: 0.6804
F1 Score: 0.5101
IoU: 0.3423
Dice Coefficient: 0.5101
Epoch   27/50, time: 19.87 s, val_loss: 0.279
Epoch   46/50, time: 50.44 s, training_loss: 0.218
Epoch   12/50, time: 47.31 s, training_loss: 0.514
Epoch   28/50, time: 40.11 s, training_loss: 0.280
Epoch   46/50, time: 13.64 s, val_loss: 0.259
Epoch   12/50, time: 13.93 s, val_loss: 0.497
Training Metrics:
Accuracy: 0.8845
Precision: 0.1394
Recall: 0.9439
F1 Score: 0.2429
IoU: 0.1383
Dice Coefficient: 0.2429
Validation Metrics:
Accuracy: 0.8805
Precision: 0.1335
Recall: 0.9652
F1 Score: 0.2345
IoU: 0.1328
Dice Coefficient: 0.2345
Epoch   28/50, time: 13.41 s, val_loss: 0.303
Epoch   13/50, time: 38.49 s, training_loss: 0.476
Epoch   47/50, time: 44.89 s, training_loss: 0.218
Epoch    2/50, time: 44.17 s, training_loss: 0.794
Epoch   13/50, time: 17.52 s, val_loss: 0.458
Epoch   29/50, time: 46.81 s, training_loss: 0.271
Epoch   47/50, time: 15.77 s, val_loss: 0.282
Epoch    2/50, time: 16.64 s, val_loss: 0.775
Epoch   29/50, time: 17.87 s, val_loss: 0.286
Epoch   48/50, time: 51.20 s, training_loss: 0.215
Epoch   14/50, time: 55.65 s, training_loss: 0.449
Epoch    3/50, time: 57.68 s, training_loss: 0.768
Epoch   30/50, time: 52.91 s, training_loss: 0.274
Epoch   14/50, time: 16.54 s, val_loss: 0.404
Epoch   48/50, time: 18.39 s, val_loss: 0.254
Epoch    3/50, time: 13.40 s, val_loss: 0.742
Epoch   30/50, time: 13.71 s, val_loss: 0.279
Epoch   15/50, time: 48.12 s, training_loss: 0.421
Epoch   49/50, time: 48.25 s, training_loss: 0.221
Epoch    4/50, time: 43.32 s, training_loss: 0.743
Epoch   31/50, time: 47.18 s, training_loss: 0.269
Epoch   15/50, time: 13.14 s, val_loss: 0.383
Epoch   49/50, time: 14.76 s, val_loss: 0.244
Epoch    4/50, time: 13.20 s, val_loss: 0.730
Epoch   31/50, time: 16.89 s, val_loss: 0.279
Epoch   50/50, time: 47.90 s, training_loss: 0.214
Epoch   16/50, time: 51.91 s, training_loss: 0.386
Epoch    5/50, time: 51.13 s, training_loss: 0.719
Epoch   50/50, time: 13.48 s, val_loss: 0.248
Epoch   16/50, time: 13.37 s, val_loss: 0.360
Epoch    5/50, time: 13.72 s, val_loss: 0.697
Training Metrics:
Accuracy: 0.9898
Precision: 0.7146
Recall: 0.7971
F1 Score: 0.7536
IoU: 0.6046
Dice Coefficient: 0.7536
Validation Metrics:
Accuracy: 0.9890
Precision: 0.6910
Recall: 0.7582
F1 Score: 0.7230
IoU: 0.5662
Dice Coefficient: 0.7230
Epoch   17/50, time: 49.84 s, training_loss: 0.378
Epoch    6/50, time: 50.52 s, training_loss: 0.692
Epoch   17/50, time: 13.92 s, val_loss: 0.373
Epoch    6/50, time: 13.33 s, val_loss: 0.656
Training Metrics:
Accuracy: 0.9913
Precision: 0.7501
Recall: 0.8369
F1 Score: 0.7911
IoU: 0.6544
Dice Coefficient: 0.7911
Validation Metrics:
Accuracy: 0.9902
Precision: 0.7169
Recall: 0.7965
F1 Score: 0.7546
IoU: 0.6060
Dice Coefficient: 0.7546
Epoch   32/50, time: 39.96 s, training_loss: 0.260
Epoch   32/50, time: 13.98 s, val_loss: 0.267
Epoch   18/50, time: 37.30 s, training_loss: 0.364
Test Metrics:
Accuracy: 0.9902
Precision: 0.7169
Recall: 0.7965
F1 Score: 0.7546
IoU: 0.6060
Dice Coefficient: 0.7546
[I 2025-08-26 04:08:53,018] Trial 31 finished with value: 0.75464177261436 and parameters: {'batch_size': 16, 'lr': 0.0001611960150977192, 'loss_fn': 'dice_loss', 'augmentation': True, 'filters_idx': 3, 'in_channels': 100, 'att_channels': 16}. Best is trial 30 with value: 0.7679260845489291.
wandb: Finishing previous runs because reinit is set to True.
