Epoch   40/50, time: 36.26 s, training_loss: 0.242
Epoch   40/50, time: 12.70 s, val_loss: 0.253
Epoch   20/50, time: 33.18 s, val_loss: 0.542
Epoch    1/50, time: 36.16 s, training_loss: 0.892
Epoch    1/50, time: 14.04 s, val_loss: 0.866
Epoch   41/50, time: 38.52 s, training_loss: 0.242
Epoch   41/50, time: 13.82 s, val_loss: 0.244
Training Metrics:
Accuracy: 0.9183
Precision: 0.1499
Recall: 0.6770
F1 Score: 0.2454
IoU: 0.1399
Dice Coefficient: 0.2454
Validation Metrics:
Accuracy: 0.9347
Precision: 0.1611
Recall: 0.5810
F1 Score: 0.2522
IoU: 0.1443
Dice Coefficient: 0.2522
Training Metrics:
Accuracy: 0.9911
Precision: 0.7563
Recall: 0.8082
F1 Score: 0.7814
IoU: 0.6412
Dice Coefficient: 0.7814
Validation Metrics:
Accuracy: 0.9907
Precision: 0.7418
Recall: 0.7833
F1 Score: 0.7620
IoU: 0.6155
Dice Coefficient: 0.7620
Epoch   21/50, time: 120.05 s, training_loss: 0.494
Epoch    2/50, time: 37.99 s, training_loss: 0.842
Epoch    2/50, time: 12.28 s, val_loss: 0.778
Epoch   42/50, time: 37.64 s, training_loss: 0.232
Epoch   21/50, time: 32.17 s, val_loss: 0.492
Epoch   42/50, time: 12.97 s, val_loss: 0.254
Epoch    3/50, time: 41.98 s, training_loss: 0.818
Epoch    3/50, time: 14.08 s, val_loss: 0.779
Epoch   43/50, time: 41.59 s, training_loss: 0.233
Epoch   43/50, time: 13.93 s, val_loss: 0.245
Epoch    4/50, time: 39.98 s, training_loss: 0.802
Epoch    4/50, time: 14.04 s, val_loss: 0.746
Epoch   44/50, time: 42.01 s, training_loss: 0.231
Epoch   44/50, time: 13.19 s, val_loss: 0.240
Epoch    5/50, time: 36.74 s, training_loss: 0.786
Epoch    5/50, time: 12.81 s, val_loss: 0.741
Epoch   45/50, time: 36.88 s, training_loss: 0.230
Epoch   45/50, time: 12.16 s, val_loss: 0.254
Training Metrics:
Accuracy: 0.9775
Precision: 0.4474
Recall: 0.6310
F1 Score: 0.5236
IoU: 0.3546
Dice Coefficient: 0.5236
Validation Metrics:
Accuracy: 0.9780
Precision: 0.4419
Recall: 0.6082
F1 Score: 0.5119
IoU: 0.3440
Dice Coefficient: 0.5119
Epoch    6/50, time: 36.88 s, training_loss: 0.765
Epoch    6/50, time: 13.51 s, val_loss: 0.746
Epoch   46/50, time: 38.93 s, training_loss: 0.240
Epoch   46/50, time: 13.70 s, val_loss: 0.238
Epoch    7/50, time: 39.78 s, training_loss: 0.739
Epoch    7/50, time: 13.94 s, val_loss: 0.725
Epoch   47/50, time: 40.31 s, training_loss: 0.232
Epoch   47/50, time: 13.80 s, val_loss: 0.251
Epoch    8/50, time: 39.35 s, training_loss: 0.721
Epoch   22/50, time: 125.44 s, training_loss: 0.480
Epoch    8/50, time: 12.69 s, val_loss: 0.705
Epoch   48/50, time: 37.71 s, training_loss: 0.225
Epoch   48/50, time: 12.96 s, val_loss: 0.265
Epoch   22/50, time: 33.39 s, val_loss: 0.492
Epoch    9/50, time: 37.88 s, training_loss: 0.704
Epoch    9/50, time: 13.60 s, val_loss: 0.681
Epoch   49/50, time: 38.39 s, training_loss: 0.224
Epoch   49/50, time: 13.44 s, val_loss: 0.235
Epoch   10/50, time: 41.09 s, training_loss: 0.684
Epoch   10/50, time: 13.86 s, val_loss: 0.670
Epoch   50/50, time: 40.44 s, training_loss: 0.224
Epoch   50/50, time: 13.70 s, val_loss: 0.242
Epoch   11/50, time: 40.89 s, training_loss: 0.657
Epoch   23/50, time: 121.04 s, training_loss: 0.470
Epoch   11/50, time: 12.56 s, val_loss: 0.635
Epoch   23/50, time: 32.31 s, val_loss: 0.476
Training Metrics:
Accuracy: 0.9912
Precision: 0.7574
Recall: 0.8114
F1 Score: 0.7834
IoU: 0.6440
Dice Coefficient: 0.7834
Validation Metrics:
Accuracy: 0.9908
Precision: 0.7441
Recall: 0.7843
F1 Score: 0.7637
IoU: 0.6177
Dice Coefficient: 0.7637
Test Metrics:
Accuracy: 0.9908
Precision: 0.7441
Recall: 0.7843
F1 Score: 0.7637
IoU: 0.6177
Dice Coefficient: 0.7637
[I 2025-08-22 21:39:21,212] Trial 15 finished with value: 0.7636784016171164 and parameters: {'batch_size': 16, 'lr': 0.00020292628046798385, 'loss_fn': 'dice_loss', 'augmentation': True, 'filters_idx': 2, 'in_channels': 100, 'att_channels': 64}. Best is trial 15 with value: 0.7636784016171164.
wandb: Finishing previous runs because reinit is set to True.
