Epoch   48/50, time: 52.96 s, training_loss: 0.418
Epoch   48/50, time: 13.56 s, val_loss: 0.506
Epoch   49/50, time: 60.24 s, training_loss: 0.422
Epoch   49/50, time: 13.71 s, val_loss: 0.534
Epoch   46/50, time: 120.23 s, training_loss: 0.696
Epoch    1/50, time: 118.44 s, training_loss: 0.878
Epoch   46/50, time: 31.31 s, val_loss: 0.586
Epoch   50/50, time: 50.87 s, training_loss: 0.431
Epoch    1/50, time: 29.42 s, val_loss: 0.788
Epoch   50/50, time: 13.29 s, val_loss: 0.448
Training Metrics:
Accuracy: 0.9809
Precision: 0.5116
Recall: 0.5779
F1 Score: 0.5428
IoU: 0.3725
Dice Coefficient: 0.5428
Validation Metrics:
Accuracy: 0.9821
Precision: 0.5245
Recall: 0.5803
F1 Score: 0.5510
IoU: 0.3803
Dice Coefficient: 0.5510
Epoch   47/50, time: 118.96 s, training_loss: 0.695
Test Metrics:
Accuracy: 0.9821
Precision: 0.5245
Recall: 0.5803
F1 Score: 0.5510
IoU: 0.3803
Dice Coefficient: 0.5510
[I 2025-08-22 20:36:05,095] Trial 12 finished with value: 0.5509912671893579 and parameters: {'batch_size': 128, 'lr': 0.0007935311531519239, 'loss_fn': 'dice_loss', 'augmentation': True, 'filters_idx': 2, 'in_channels': 100, 'att_channels': 32}. Best is trial 7 with value: 0.740635854717373.
wandb: Finishing previous runs because reinit is set to True.
